<?xml version="1.0" encoding="UTF-8"?>
<testsuite name="org.apache.pdfbox.rendering.TestRendering" time="5.806" tests="9" errors="3" skipped="0" failures="0">
  <properties>
    <property name="java.runtime.name" value="OpenJDK Runtime Environment"/>
    <property name="sun.boot.library.path" value="/usr/lib/jvm/java-8-openjdk-amd64/jre/lib/amd64"/>
    <property name="java.vm.version" value="25.292-b10"/>
    <property name="java.vm.vendor" value="Private Build"/>
    <property name="maven.multiModuleProjectDirectory" value="/home/suvarna/Vinay/Sept-2021/pdfbox-0c45b8bc5076762bf9d143cbffe967e96a4e13c4"/>
    <property name="java.vendor.url" value="http://java.oracle.com/"/>
    <property name="path.separator" value=":"/>
    <property name="guice.disable.misplaced.annotation.check" value="true"/>
    <property name="java.vm.name" value="OpenJDK 64-Bit Server VM"/>
    <property name="file.encoding.pkg" value="sun.io"/>
    <property name="user.country" value="IN"/>
    <property name="sun.java.launcher" value="SUN_STANDARD"/>
    <property name="sun.os.patch.level" value="unknown"/>
    <property name="java.vm.specification.name" value="Java Virtual Machine Specification"/>
    <property name="user.dir" value="/home/suvarna/Vinay/Sept-2021/pdfbox-0c45b8bc5076762bf9d143cbffe967e96a4e13c4"/>
    <property name="java.runtime.version" value="1.8.0_292-8u292-b10-0ubuntu1~16.04.1-b10"/>
    <property name="java.awt.graphicsenv" value="sun.awt.X11GraphicsEnvironment"/>
    <property name="java.endorsed.dirs" value="/usr/lib/jvm/java-8-openjdk-amd64/jre/lib/endorsed"/>
    <property name="os.arch" value="amd64"/>
    <property name="java.io.tmpdir" value="/tmp"/>
    <property name="line.separator" value="&#10;"/>
    <property name="java.vm.specification.vendor" value="Oracle Corporation"/>
    <property name="os.name" value="Linux"/>
    <property name="classworlds.conf" value="/home/suvarna/maven/apache-maven-3.6.3/bin/m2.conf"/>
    <property name="sun.jnu.encoding" value="UTF-8"/>
    <property name="java.library.path" value="/usr/java/packages/lib/amd64:/usr/lib/x86_64-linux-gnu/jni:/lib/x86_64-linux-gnu:/usr/lib/x86_64-linux-gnu:/usr/lib/jni:/lib:/usr/lib"/>
    <property name="maven.conf" value="/home/suvarna/maven/apache-maven-3.6.3/conf"/>
    <property name="java.specification.name" value="Java Platform API Specification"/>
    <property name="java.class.version" value="52.0"/>
    <property name="sun.management.compiler" value="HotSpot 64-Bit Tiered Compilers"/>
    <property name="os.version" value="4.15.0-142-generic"/>
    <property name="library.jansi.path" value="/home/suvarna/maven/apache-maven-3.6.3/lib/jansi-native"/>
    <property name="user.home" value="/home/suvarna"/>
    <property name="user.timezone" value="Asia/Kolkata"/>
    <property name="java.awt.printerjob" value="sun.print.PSPrinterJob"/>
    <property name="java.specification.version" value="1.8"/>
    <property name="file.encoding" value="UTF-8"/>
    <property name="user.name" value="suvarna"/>
    <property name="java.class.path" value="/home/suvarna/maven/apache-maven-3.6.3/boot/plexus-classworlds-2.6.0.jar"/>
    <property name="java.vm.specification.version" value="1.8"/>
    <property name="sun.arch.data.model" value="64"/>
    <property name="java.home" value="/usr/lib/jvm/java-8-openjdk-amd64/jre"/>
    <property name="sun.java.command" value="org.codehaus.plexus.classworlds.launcher.Launcher test"/>
    <property name="java.specification.vendor" value="Oracle Corporation"/>
    <property name="user.language" value="en"/>
    <property name="awt.toolkit" value="sun.awt.X11.XToolkit"/>
    <property name="java.vm.info" value="mixed mode"/>
    <property name="java.version" value="1.8.0_292"/>
    <property name="java.ext.dirs" value="/usr/lib/jvm/java-8-openjdk-amd64/jre/lib/ext:/usr/java/packages/lib/ext"/>
    <property name="securerandom.source" value="file:/dev/./urandom"/>
    <property name="sun.boot.class.path" value="/usr/lib/jvm/java-8-openjdk-amd64/jre/lib/resources.jar:/usr/lib/jvm/java-8-openjdk-amd64/jre/lib/rt.jar:/usr/lib/jvm/java-8-openjdk-amd64/jre/lib/sunrsasign.jar:/usr/lib/jvm/java-8-openjdk-amd64/jre/lib/jsse.jar:/usr/lib/jvm/java-8-openjdk-amd64/jre/lib/jce.jar:/usr/lib/jvm/java-8-openjdk-amd64/jre/lib/charsets.jar:/usr/lib/jvm/java-8-openjdk-amd64/jre/lib/jfr.jar:/usr/lib/jvm/java-8-openjdk-amd64/jre/classes"/>
    <property name="java.vendor" value="Private Build"/>
    <property name="maven.home" value="/home/suvarna/maven/apache-maven-3.6.3"/>
    <property name="file.separator" value="/"/>
    <property name="java.vendor.url.bug" value="http://bugreport.sun.com/bugreport/"/>
    <property name="sun.cpu.endian" value="little"/>
    <property name="sun.io.unicode.encoding" value="UnicodeLittle"/>
    <property name="sun.desktop" value="gnome"/>
    <property name="sun.cpu.isalist" value=""/>
  </properties>
  <testcase name="render[26101_Colors.ai]" classname="org.apache.pdfbox.rendering.TestRendering" time="0.158"/>
  <testcase name="render[4PP-Highlighting.pdf]" classname="org.apache.pdfbox.rendering.TestRendering" time="0.039"/>
  <testcase name="render[test-landscape2.pdf]" classname="org.apache.pdfbox.rendering.TestRendering" time="0.002"/>
  <testcase name="render[tiger-as-form-xobject.pdf]" classname="org.apache.pdfbox.rendering.TestRendering" time="0.947"/>
  <testcase name="render[survey.pdf]" classname="org.apache.pdfbox.rendering.TestRendering" time="0.31">
    <error type="java.lang.NullPointerException:"><![CDATA[java.lang.NullPointerException: null
	at org.apache.pdfbox.pdmodel.graphics.image.SampledImageReader.getStencilImage(SampledImageReader.java:99)
	at org.apache.pdfbox.pdmodel.graphics.image.PDInlineImage.getStencilImage(PDInlineImage.java:350)
	at org.apache.pdfbox.rendering.PageDrawer.drawImage(PageDrawer.java:979)
	at org.apache.pdfbox.contentstream.operator.graphics.BeginInlineImage.process(BeginInlineImage.java:44)
	at org.apache.pdfbox.contentstream.PDFStreamEngine.processOperator(PDFStreamEngine.java:838)
	at org.apache.pdfbox.contentstream.PDFStreamEngine.processStreamOperators(PDFStreamEngine.java:495)
	at org.apache.pdfbox.contentstream.PDFStreamEngine.processTilingPattern(PDFStreamEngine.java:394)
	at org.apache.pdfbox.rendering.PageDrawer.drawTilingPattern(PageDrawer.java:244)
	at org.apache.pdfbox.rendering.TilingPaint.getImage(TilingPaint.java:187)
	at org.apache.pdfbox.rendering.TilingPaint.<init>(TilingPaint.java:107)
	at org.apache.pdfbox.rendering.TilingPaintFactory.create(TilingPaintFactory.java:53)
	at org.apache.pdfbox.rendering.PageDrawer.getPaint(PageDrawer.java:283)
	at org.apache.pdfbox.rendering.PageDrawer.getNonStrokingPaint(PageDrawer.java:630)
	at org.apache.pdfbox.rendering.PageDrawer.fillPath(PageDrawer.java:701)
	at org.apache.pdfbox.contentstream.operator.graphics.FillEvenOddRule.process(FillEvenOddRule.java:36)
	at org.apache.pdfbox.contentstream.PDFStreamEngine.processOperator(PDFStreamEngine.java:838)
	at org.apache.pdfbox.contentstream.PDFStreamEngine.processStreamOperators(PDFStreamEngine.java:495)
	at org.apache.pdfbox.contentstream.PDFStreamEngine.processStream(PDFStreamEngine.java:469)
	at org.apache.pdfbox.contentstream.PDFStreamEngine.processPage(PDFStreamEngine.java:150)
	at org.apache.pdfbox.rendering.PageDrawer.drawPage(PageDrawer.java:206)
	at org.apache.pdfbox.rendering.PDFRenderer.renderImage(PDFRenderer.java:145)
	at org.apache.pdfbox.rendering.PDFRenderer.renderImage(PDFRenderer.java:68)
	at org.apache.pdfbox.rendering.PDFRenderer.renderImage(PDFRenderer.java:55)
	at org.apache.pdfbox.rendering.TestRendering.render(TestRendering.java:79)
]]></error>
  </testcase>
  <testcase name="render[source.pdf]" classname="org.apache.pdfbox.rendering.TestRendering" time="0.381"/>
  <testcase name="render[FANTASTICCMYK.ai]" classname="org.apache.pdfbox.rendering.TestRendering" time="0.459"/>
  <testcase name="render[HOTRODCMYK.ai]" classname="org.apache.pdfbox.rendering.TestRendering" time="1.32">
    <error type="java.lang.NullPointerException:">java.lang.NullPointerException: null
	at org.apache.pdfbox.pdmodel.graphics.image.SampledImageReader.getStencilImage(SampledImageReader.java:99)
	at org.apache.pdfbox.pdmodel.graphics.image.PDImageXObject.getStencilImage(PDImageXObject.java:436)
	at org.apache.pdfbox.rendering.PageDrawer.drawImage(PageDrawer.java:979)
	at org.apache.pdfbox.contentstream.operator.graphics.DrawObject.process(DrawObject.java:62)
	at org.apache.pdfbox.contentstream.PDFStreamEngine.processOperator(PDFStreamEngine.java:838)
	at org.apache.pdfbox.contentstream.PDFStreamEngine.processStreamOperators(PDFStreamEngine.java:495)
	at org.apache.pdfbox.contentstream.PDFStreamEngine.processStream(PDFStreamEngine.java:469)
	at org.apache.pdfbox.contentstream.PDFStreamEngine.processPage(PDFStreamEngine.java:150)
	at org.apache.pdfbox.rendering.PageDrawer.drawPage(PageDrawer.java:206)
	at org.apache.pdfbox.rendering.PDFRenderer.renderImage(PDFRenderer.java:145)
	at org.apache.pdfbox.rendering.PDFRenderer.renderImage(PDFRenderer.java:68)
	at org.apache.pdfbox.rendering.PDFRenderer.renderImage(PDFRenderer.java:55)
	at org.apache.pdfbox.rendering.TestRendering.render(TestRendering.java:79)
</error>
  </testcase>
  <testcase name="render[ARCHIVERGB.ai]" classname="org.apache.pdfbox.rendering.TestRendering" time="2.19">
    <error type="java.lang.NullPointerException:">java.lang.NullPointerException: null
	at org.apache.pdfbox.pdmodel.graphics.image.SampledImageReader.getStencilImage(SampledImageReader.java:99)
	at org.apache.pdfbox.pdmodel.graphics.image.PDImageXObject.getStencilImage(PDImageXObject.java:436)
	at org.apache.pdfbox.rendering.PageDrawer.drawImage(PageDrawer.java:979)
	at org.apache.pdfbox.contentstream.operator.graphics.DrawObject.process(DrawObject.java:62)
	at org.apache.pdfbox.contentstream.PDFStreamEngine.processOperator(PDFStreamEngine.java:838)
	at org.apache.pdfbox.contentstream.PDFStreamEngine.processStreamOperators(PDFStreamEngine.java:495)
	at org.apache.pdfbox.contentstream.PDFStreamEngine.processStream(PDFStreamEngine.java:469)
	at org.apache.pdfbox.contentstream.PDFStreamEngine.processPage(PDFStreamEngine.java:150)
	at org.apache.pdfbox.rendering.PageDrawer.drawPage(PageDrawer.java:206)
	at org.apache.pdfbox.rendering.PDFRenderer.renderImage(PDFRenderer.java:145)
	at org.apache.pdfbox.rendering.PDFRenderer.renderImage(PDFRenderer.java:68)
	at org.apache.pdfbox.rendering.PDFRenderer.renderImage(PDFRenderer.java:55)
	at org.apache.pdfbox.rendering.TestRendering.render(TestRendering.java:79)
</error>
  </testcase>
</testsuite>