<?xml version="1.0" encoding="UTF-8"?>
<testsuite name="org.semanticweb.owlapitools.builders.test.BuildersTestCase" time="0.007" tests="91" errors="0" skipped="0" failures="0">
  <properties>
    <property name="java.runtime.name" value="OpenJDK Runtime Environment"/>
    <property name="sun.boot.library.path" value="/usr/lib/jvm/java-8-openjdk-amd64/jre/lib/amd64"/>
    <property name="java.vm.version" value="25.292-b10"/>
    <property name="java.vm.vendor" value="Private Build"/>
    <property name="maven.multiModuleProjectDirectory" value="/home/suvarna/Vinay/Sept-2021/owlapi-a77ee9c4fded63ebc7af16e357b8cb32b638f8cd"/>
    <property name="java.vendor.url" value="http://java.oracle.com/"/>
    <property name="path.separator" value=":"/>
    <property name="guice.disable.misplaced.annotation.check" value="true"/>
    <property name="java.vm.name" value="OpenJDK 64-Bit Server VM"/>
    <property name="file.encoding.pkg" value="sun.io"/>
    <property name="user.country" value="IN"/>
    <property name="sun.java.launcher" value="SUN_STANDARD"/>
    <property name="sun.os.patch.level" value="unknown"/>
    <property name="java.vm.specification.name" value="Java Virtual Machine Specification"/>
    <property name="user.dir" value="/home/suvarna/Vinay/Sept-2021/owlapi-a77ee9c4fded63ebc7af16e357b8cb32b638f8cd"/>
    <property name="java.runtime.version" value="1.8.0_292-8u292-b10-0ubuntu1~16.04.1-b10"/>
    <property name="java.awt.graphicsenv" value="sun.awt.X11GraphicsEnvironment"/>
    <property name="java.endorsed.dirs" value="/usr/lib/jvm/java-8-openjdk-amd64/jre/lib/endorsed"/>
    <property name="os.arch" value="amd64"/>
    <property name="java.io.tmpdir" value="/tmp"/>
    <property name="line.separator" value="&#10;"/>
    <property name="java.vm.specification.vendor" value="Oracle Corporation"/>
    <property name="os.name" value="Linux"/>
    <property name="classworlds.conf" value="/home/suvarna/maven/apache-maven-3.6.3/bin/m2.conf"/>
    <property name="sun.jnu.encoding" value="UTF-8"/>
    <property name="java.library.path" value="/usr/java/packages/lib/amd64:/usr/lib/x86_64-linux-gnu/jni:/lib/x86_64-linux-gnu:/usr/lib/x86_64-linux-gnu:/usr/lib/jni:/lib:/usr/lib"/>
    <property name="maven.conf" value="/home/suvarna/maven/apache-maven-3.6.3/conf"/>
    <property name="java.specification.name" value="Java Platform API Specification"/>
    <property name="java.class.version" value="52.0"/>
    <property name="sun.management.compiler" value="HotSpot 64-Bit Tiered Compilers"/>
    <property name="os.version" value="4.15.0-142-generic"/>
    <property name="library.jansi.path" value="/home/suvarna/maven/apache-maven-3.6.3/lib/jansi-native"/>
    <property name="user.home" value="/home/suvarna"/>
    <property name="user.timezone" value="Asia/Kolkata"/>
    <property name="java.awt.printerjob" value="sun.print.PSPrinterJob"/>
    <property name="java.specification.version" value="1.8"/>
    <property name="file.encoding" value="UTF-8"/>
    <property name="user.name" value="suvarna"/>
    <property name="java.class.path" value="/home/suvarna/maven/apache-maven-3.6.3/boot/plexus-classworlds-2.6.0.jar"/>
    <property name="java.vm.specification.version" value="1.8"/>
    <property name="sun.arch.data.model" value="64"/>
    <property name="java.home" value="/usr/lib/jvm/java-8-openjdk-amd64/jre"/>
    <property name="sun.java.command" value="org.codehaus.plexus.classworlds.launcher.Launcher test"/>
    <property name="java.specification.vendor" value="Oracle Corporation"/>
    <property name="user.language" value="en"/>
    <property name="awt.toolkit" value="sun.awt.X11.XToolkit"/>
    <property name="java.vm.info" value="mixed mode"/>
    <property name="java.version" value="1.8.0_292"/>
    <property name="java.ext.dirs" value="/usr/lib/jvm/java-8-openjdk-amd64/jre/lib/ext:/usr/java/packages/lib/ext"/>
    <property name="securerandom.source" value="file:/dev/./urandom"/>
    <property name="sun.boot.class.path" value="/usr/lib/jvm/java-8-openjdk-amd64/jre/lib/resources.jar:/usr/lib/jvm/java-8-openjdk-amd64/jre/lib/rt.jar:/usr/lib/jvm/java-8-openjdk-amd64/jre/lib/sunrsasign.jar:/usr/lib/jvm/java-8-openjdk-amd64/jre/lib/jsse.jar:/usr/lib/jvm/java-8-openjdk-amd64/jre/lib/jce.jar:/usr/lib/jvm/java-8-openjdk-amd64/jre/lib/charsets.jar:/usr/lib/jvm/java-8-openjdk-amd64/jre/lib/jfr.jar:/usr/lib/jvm/java-8-openjdk-amd64/jre/classes"/>
    <property name="java.vendor" value="Private Build"/>
    <property name="maven.home" value="/home/suvarna/maven/apache-maven-3.6.3"/>
    <property name="file.separator" value="/"/>
    <property name="java.vendor.url.bug" value="http://bugreport.sun.com/bugreport/"/>
    <property name="sun.cpu.endian" value="little"/>
    <property name="sun.io.unicode.encoding" value="UnicodeLittle"/>
    <property name="sun.desktop" value="gnome"/>
    <property name="sun.cpu.isalist" value=""/>
  </properties>
  <testcase name="shouldTest[0]" classname="org.semanticweb.owlapitools.builders.test.BuildersTestCase" time="0"/>
  <testcase name="shouldTest[1]" classname="org.semanticweb.owlapitools.builders.test.BuildersTestCase" time="0"/>
  <testcase name="shouldTest[2]" classname="org.semanticweb.owlapitools.builders.test.BuildersTestCase" time="0.001"/>
  <testcase name="shouldTest[3]" classname="org.semanticweb.owlapitools.builders.test.BuildersTestCase" time="0"/>
  <testcase name="shouldTest[4]" classname="org.semanticweb.owlapitools.builders.test.BuildersTestCase" time="0"/>
  <testcase name="shouldTest[5]" classname="org.semanticweb.owlapitools.builders.test.BuildersTestCase" time="0"/>
  <testcase name="shouldTest[6]" classname="org.semanticweb.owlapitools.builders.test.BuildersTestCase" time="0"/>
  <testcase name="shouldTest[7]" classname="org.semanticweb.owlapitools.builders.test.BuildersTestCase" time="0"/>
  <testcase name="shouldTest[8]" classname="org.semanticweb.owlapitools.builders.test.BuildersTestCase" time="0"/>
  <testcase name="shouldTest[9]" classname="org.semanticweb.owlapitools.builders.test.BuildersTestCase" time="0"/>
  <testcase name="shouldTest[10]" classname="org.semanticweb.owlapitools.builders.test.BuildersTestCase" time="0"/>
  <testcase name="shouldTest[11]" classname="org.semanticweb.owlapitools.builders.test.BuildersTestCase" time="0"/>
  <testcase name="shouldTest[12]" classname="org.semanticweb.owlapitools.builders.test.BuildersTestCase" time="0"/>
  <testcase name="shouldTest[13]" classname="org.semanticweb.owlapitools.builders.test.BuildersTestCase" time="0"/>
  <testcase name="shouldTest[14]" classname="org.semanticweb.owlapitools.builders.test.BuildersTestCase" time="0"/>
  <testcase name="shouldTest[15]" classname="org.semanticweb.owlapitools.builders.test.BuildersTestCase" time="0"/>
  <testcase name="shouldTest[16]" classname="org.semanticweb.owlapitools.builders.test.BuildersTestCase" time="0.001"/>
  <testcase name="shouldTest[17]" classname="org.semanticweb.owlapitools.builders.test.BuildersTestCase" time="0"/>
  <testcase name="shouldTest[18]" classname="org.semanticweb.owlapitools.builders.test.BuildersTestCase" time="0"/>
  <testcase name="shouldTest[19]" classname="org.semanticweb.owlapitools.builders.test.BuildersTestCase" time="0"/>
  <testcase name="shouldTest[20]" classname="org.semanticweb.owlapitools.builders.test.BuildersTestCase" time="0"/>
  <testcase name="shouldTest[21]" classname="org.semanticweb.owlapitools.builders.test.BuildersTestCase" time="0"/>
  <testcase name="shouldTest[22]" classname="org.semanticweb.owlapitools.builders.test.BuildersTestCase" time="0"/>
  <testcase name="shouldTest[23]" classname="org.semanticweb.owlapitools.builders.test.BuildersTestCase" time="0"/>
  <testcase name="shouldTest[24]" classname="org.semanticweb.owlapitools.builders.test.BuildersTestCase" time="0"/>
  <testcase name="shouldTest[25]" classname="org.semanticweb.owlapitools.builders.test.BuildersTestCase" time="0.001"/>
  <testcase name="shouldTest[26]" classname="org.semanticweb.owlapitools.builders.test.BuildersTestCase" time="0"/>
  <testcase name="shouldTest[27]" classname="org.semanticweb.owlapitools.builders.test.BuildersTestCase" time="0"/>
  <testcase name="shouldTest[28]" classname="org.semanticweb.owlapitools.builders.test.BuildersTestCase" time="0"/>
  <testcase name="shouldTest[29]" classname="org.semanticweb.owlapitools.builders.test.BuildersTestCase" time="0"/>
  <testcase name="shouldTest[30]" classname="org.semanticweb.owlapitools.builders.test.BuildersTestCase" time="0"/>
  <testcase name="shouldTest[31]" classname="org.semanticweb.owlapitools.builders.test.BuildersTestCase" time="0"/>
  <testcase name="shouldTest[32]" classname="org.semanticweb.owlapitools.builders.test.BuildersTestCase" time="0"/>
  <testcase name="shouldTest[33]" classname="org.semanticweb.owlapitools.builders.test.BuildersTestCase" time="0"/>
  <testcase name="shouldTest[34]" classname="org.semanticweb.owlapitools.builders.test.BuildersTestCase" time="0"/>
  <testcase name="shouldTest[35]" classname="org.semanticweb.owlapitools.builders.test.BuildersTestCase" time="0"/>
  <testcase name="shouldTest[36]" classname="org.semanticweb.owlapitools.builders.test.BuildersTestCase" time="0"/>
  <testcase name="shouldTest[37]" classname="org.semanticweb.owlapitools.builders.test.BuildersTestCase" time="0"/>
  <testcase name="shouldTest[38]" classname="org.semanticweb.owlapitools.builders.test.BuildersTestCase" time="0"/>
  <testcase name="shouldTest[39]" classname="org.semanticweb.owlapitools.builders.test.BuildersTestCase" time="0"/>
  <testcase name="shouldTest[40]" classname="org.semanticweb.owlapitools.builders.test.BuildersTestCase" time="0"/>
  <testcase name="shouldTest[41]" classname="org.semanticweb.owlapitools.builders.test.BuildersTestCase" time="0"/>
  <testcase name="shouldTest[42]" classname="org.semanticweb.owlapitools.builders.test.BuildersTestCase" time="0"/>
  <testcase name="shouldTest[43]" classname="org.semanticweb.owlapitools.builders.test.BuildersTestCase" time="0"/>
  <testcase name="shouldTest[44]" classname="org.semanticweb.owlapitools.builders.test.BuildersTestCase" time="0"/>
  <testcase name="shouldTest[45]" classname="org.semanticweb.owlapitools.builders.test.BuildersTestCase" time="0"/>
  <testcase name="shouldTest[46]" classname="org.semanticweb.owlapitools.builders.test.BuildersTestCase" time="0.001"/>
  <testcase name="shouldTest[47]" classname="org.semanticweb.owlapitools.builders.test.BuildersTestCase" time="0"/>
  <testcase name="shouldTest[48]" classname="org.semanticweb.owlapitools.builders.test.BuildersTestCase" time="0"/>
  <testcase name="shouldTest[49]" classname="org.semanticweb.owlapitools.builders.test.BuildersTestCase" time="0"/>
  <testcase name="shouldTest[50]" classname="org.semanticweb.owlapitools.builders.test.BuildersTestCase" time="0"/>
  <testcase name="shouldTest[51]" classname="org.semanticweb.owlapitools.builders.test.BuildersTestCase" time="0"/>
  <testcase name="shouldTest[52]" classname="org.semanticweb.owlapitools.builders.test.BuildersTestCase" time="0"/>
  <testcase name="shouldTest[53]" classname="org.semanticweb.owlapitools.builders.test.BuildersTestCase" time="0"/>
  <testcase name="shouldTest[54]" classname="org.semanticweb.owlapitools.builders.test.BuildersTestCase" time="0.001"/>
  <testcase name="shouldTest[55]" classname="org.semanticweb.owlapitools.builders.test.BuildersTestCase" time="0"/>
  <testcase name="shouldTest[56]" classname="org.semanticweb.owlapitools.builders.test.BuildersTestCase" time="0"/>
  <testcase name="shouldTest[57]" classname="org.semanticweb.owlapitools.builders.test.BuildersTestCase" time="0"/>
  <testcase name="shouldTest[58]" classname="org.semanticweb.owlapitools.builders.test.BuildersTestCase" time="0"/>
  <testcase name="shouldTest[59]" classname="org.semanticweb.owlapitools.builders.test.BuildersTestCase" time="0"/>
  <testcase name="shouldTest[60]" classname="org.semanticweb.owlapitools.builders.test.BuildersTestCase" time="0"/>
  <testcase name="shouldTest[61]" classname="org.semanticweb.owlapitools.builders.test.BuildersTestCase" time="0"/>
  <testcase name="shouldTest[62]" classname="org.semanticweb.owlapitools.builders.test.BuildersTestCase" time="0"/>
  <testcase name="shouldTest[63]" classname="org.semanticweb.owlapitools.builders.test.BuildersTestCase" time="0"/>
  <testcase name="shouldTest[64]" classname="org.semanticweb.owlapitools.builders.test.BuildersTestCase" time="0"/>
  <testcase name="shouldTest[65]" classname="org.semanticweb.owlapitools.builders.test.BuildersTestCase" time="0"/>
  <testcase name="shouldTest[66]" classname="org.semanticweb.owlapitools.builders.test.BuildersTestCase" time="0"/>
  <testcase name="shouldTest[67]" classname="org.semanticweb.owlapitools.builders.test.BuildersTestCase" time="0"/>
  <testcase name="shouldTest[68]" classname="org.semanticweb.owlapitools.builders.test.BuildersTestCase" time="0"/>
  <testcase name="shouldTest[69]" classname="org.semanticweb.owlapitools.builders.test.BuildersTestCase" time="0"/>
  <testcase name="shouldTest[70]" classname="org.semanticweb.owlapitools.builders.test.BuildersTestCase" time="0"/>
  <testcase name="shouldTest[71]" classname="org.semanticweb.owlapitools.builders.test.BuildersTestCase" time="0"/>
  <testcase name="shouldTest[72]" classname="org.semanticweb.owlapitools.builders.test.BuildersTestCase" time="0"/>
  <testcase name="shouldTest[73]" classname="org.semanticweb.owlapitools.builders.test.BuildersTestCase" time="0"/>
  <testcase name="shouldTest[74]" classname="org.semanticweb.owlapitools.builders.test.BuildersTestCase" time="0"/>
  <testcase name="shouldTest[75]" classname="org.semanticweb.owlapitools.builders.test.BuildersTestCase" time="0"/>
  <testcase name="shouldTest[76]" classname="org.semanticweb.owlapitools.builders.test.BuildersTestCase" time="0"/>
  <testcase name="shouldTest[77]" classname="org.semanticweb.owlapitools.builders.test.BuildersTestCase" time="0"/>
  <testcase name="shouldTest[78]" classname="org.semanticweb.owlapitools.builders.test.BuildersTestCase" time="0"/>
  <testcase name="shouldTest[79]" classname="org.semanticweb.owlapitools.builders.test.BuildersTestCase" time="0"/>
  <testcase name="shouldTest[80]" classname="org.semanticweb.owlapitools.builders.test.BuildersTestCase" time="0"/>
  <testcase name="shouldTest[81]" classname="org.semanticweb.owlapitools.builders.test.BuildersTestCase" time="0"/>
  <testcase name="shouldTest[82]" classname="org.semanticweb.owlapitools.builders.test.BuildersTestCase" time="0.001"/>
  <testcase name="shouldTest[83]" classname="org.semanticweb.owlapitools.builders.test.BuildersTestCase" time="0"/>
  <testcase name="shouldTest[84]" classname="org.semanticweb.owlapitools.builders.test.BuildersTestCase" time="0"/>
  <testcase name="shouldTest[85]" classname="org.semanticweb.owlapitools.builders.test.BuildersTestCase" time="0"/>
  <testcase name="shouldTest[86]" classname="org.semanticweb.owlapitools.builders.test.BuildersTestCase" time="0.001"/>
  <testcase name="shouldTest[87]" classname="org.semanticweb.owlapitools.builders.test.BuildersTestCase" time="0"/>
  <testcase name="shouldTest[88]" classname="org.semanticweb.owlapitools.builders.test.BuildersTestCase" time="0"/>
  <testcase name="shouldTest[89]" classname="org.semanticweb.owlapitools.builders.test.BuildersTestCase" time="0"/>
  <testcase name="shouldTest[90]" classname="org.semanticweb.owlapitools.builders.test.BuildersTestCase" time="0"/>
</testsuite>