<?xml version="1.0" encoding="UTF-8"?>
<testsuite name="org.semanticweb.owlapitools.builders.test.BuildersTestCase" time="0.013" tests="84" errors="0" skipped="0" failures="0">
  <properties>
    <property name="java.runtime.name" value="OpenJDK Runtime Environment"/>
    <property name="sun.boot.library.path" value="/usr/lib/jvm/java-8-openjdk-amd64/jre/lib/amd64"/>
    <property name="java.vm.version" value="25.292-b10"/>
    <property name="java.vm.vendor" value="Private Build"/>
    <property name="maven.multiModuleProjectDirectory" value="/home/suvarna/Vinay/Sept-2021/owlapi-5dc890c9eab61e810f04484fbedd91231ae6fbd2"/>
    <property name="java.vendor.url" value="http://java.oracle.com/"/>
    <property name="path.separator" value=":"/>
    <property name="guice.disable.misplaced.annotation.check" value="true"/>
    <property name="java.vm.name" value="OpenJDK 64-Bit Server VM"/>
    <property name="file.encoding.pkg" value="sun.io"/>
    <property name="user.country" value="IN"/>
    <property name="sun.java.launcher" value="SUN_STANDARD"/>
    <property name="sun.os.patch.level" value="unknown"/>
    <property name="java.vm.specification.name" value="Java Virtual Machine Specification"/>
    <property name="user.dir" value="/home/suvarna/Vinay/Sept-2021/owlapi-5dc890c9eab61e810f04484fbedd91231ae6fbd2"/>
    <property name="java.runtime.version" value="1.8.0_292-8u292-b10-0ubuntu1~16.04.1-b10"/>
    <property name="java.awt.graphicsenv" value="sun.awt.X11GraphicsEnvironment"/>
    <property name="java.endorsed.dirs" value="/usr/lib/jvm/java-8-openjdk-amd64/jre/lib/endorsed"/>
    <property name="os.arch" value="amd64"/>
    <property name="java.io.tmpdir" value="/tmp"/>
    <property name="line.separator" value="&#10;"/>
    <property name="java.vm.specification.vendor" value="Oracle Corporation"/>
    <property name="os.name" value="Linux"/>
    <property name="classworlds.conf" value="/home/suvarna/maven/apache-maven-3.6.3/bin/m2.conf"/>
    <property name="sun.jnu.encoding" value="UTF-8"/>
    <property name="java.library.path" value="/usr/java/packages/lib/amd64:/usr/lib/x86_64-linux-gnu/jni:/lib/x86_64-linux-gnu:/usr/lib/x86_64-linux-gnu:/usr/lib/jni:/lib:/usr/lib"/>
    <property name="maven.conf" value="/home/suvarna/maven/apache-maven-3.6.3/conf"/>
    <property name="java.specification.name" value="Java Platform API Specification"/>
    <property name="java.class.version" value="52.0"/>
    <property name="sun.management.compiler" value="HotSpot 64-Bit Tiered Compilers"/>
    <property name="os.version" value="4.15.0-142-generic"/>
    <property name="library.jansi.path" value="/home/suvarna/maven/apache-maven-3.6.3/lib/jansi-native"/>
    <property name="user.home" value="/home/suvarna"/>
    <property name="user.timezone" value="Asia/Kolkata"/>
    <property name="java.awt.printerjob" value="sun.print.PSPrinterJob"/>
    <property name="java.specification.version" value="1.8"/>
    <property name="file.encoding" value="UTF-8"/>
    <property name="user.name" value="suvarna"/>
    <property name="java.class.path" value="/home/suvarna/maven/apache-maven-3.6.3/boot/plexus-classworlds-2.6.0.jar"/>
    <property name="java.vm.specification.version" value="1.8"/>
    <property name="sun.arch.data.model" value="64"/>
    <property name="java.home" value="/usr/lib/jvm/java-8-openjdk-amd64/jre"/>
    <property name="sun.java.command" value="org.codehaus.plexus.classworlds.launcher.Launcher test"/>
    <property name="java.specification.vendor" value="Oracle Corporation"/>
    <property name="user.language" value="en"/>
    <property name="awt.toolkit" value="sun.awt.X11.XToolkit"/>
    <property name="java.vm.info" value="mixed mode"/>
    <property name="java.version" value="1.8.0_292"/>
    <property name="java.ext.dirs" value="/usr/lib/jvm/java-8-openjdk-amd64/jre/lib/ext:/usr/java/packages/lib/ext"/>
    <property name="securerandom.source" value="file:/dev/./urandom"/>
    <property name="sun.boot.class.path" value="/usr/lib/jvm/java-8-openjdk-amd64/jre/lib/resources.jar:/usr/lib/jvm/java-8-openjdk-amd64/jre/lib/rt.jar:/usr/lib/jvm/java-8-openjdk-amd64/jre/lib/sunrsasign.jar:/usr/lib/jvm/java-8-openjdk-amd64/jre/lib/jsse.jar:/usr/lib/jvm/java-8-openjdk-amd64/jre/lib/jce.jar:/usr/lib/jvm/java-8-openjdk-amd64/jre/lib/charsets.jar:/usr/lib/jvm/java-8-openjdk-amd64/jre/lib/jfr.jar:/usr/lib/jvm/java-8-openjdk-amd64/jre/classes"/>
    <property name="java.vendor" value="Private Build"/>
    <property name="maven.home" value="/home/suvarna/maven/apache-maven-3.6.3"/>
    <property name="file.separator" value="/"/>
    <property name="java.vendor.url.bug" value="http://bugreport.sun.com/bugreport/"/>
    <property name="sun.cpu.endian" value="little"/>
    <property name="sun.io.unicode.encoding" value="UnicodeLittle"/>
    <property name="sun.desktop" value="gnome"/>
    <property name="sun.cpu.isalist" value=""/>
  </properties>
  <testcase name="shouldBuildObjectPropertyDomain" classname="org.semanticweb.owlapitools.builders.test.BuildersTestCase" time="0.001"/>
  <testcase name="shouldBuildEntity" classname="org.semanticweb.owlapitools.builders.test.BuildersTestCase" time="0.001"/>
  <testcase name="shouldBuildHasKey" classname="org.semanticweb.owlapitools.builders.test.BuildersTestCase" time="0"/>
  <testcase name="shouldBuildClass" classname="org.semanticweb.owlapitools.builders.test.BuildersTestCase" time="0"/>
  <testcase name="shouldBuildOneOf" classname="org.semanticweb.owlapitools.builders.test.BuildersTestCase" time="0"/>
  <testcase name="shouldBuildDatatypeDefinition" classname="org.semanticweb.owlapitools.builders.test.BuildersTestCase" time="0.001"/>
  <testcase name="shouldBuildSWRLBuiltInAtom" classname="org.semanticweb.owlapitools.builders.test.BuildersTestCase" time="0"/>
  <testcase name="shouldBuildReflexiveObjectProperty" classname="org.semanticweb.owlapitools.builders.test.BuildersTestCase" time="0.001"/>
  <testcase name="shouldBuildSWRLSameIndividualAtom" classname="org.semanticweb.owlapitools.builders.test.BuildersTestCase" time="0"/>
  <testcase name="shouldBuildObjectExactCardinality" classname="org.semanticweb.owlapitools.builders.test.BuildersTestCase" time="0"/>
  <testcase name="shouldBuildPropertyChain" classname="org.semanticweb.owlapitools.builders.test.BuildersTestCase" time="0"/>
  <testcase name="shouldBuildSubDataProperty" classname="org.semanticweb.owlapitools.builders.test.BuildersTestCase" time="0"/>
  <testcase name="shouldBuildAnnotation" classname="org.semanticweb.owlapitools.builders.test.BuildersTestCase" time="0"/>
  <testcase name="shouldBuildDisjointUnion" classname="org.semanticweb.owlapitools.builders.test.BuildersTestCase" time="0"/>
  <testcase name="shouldBuildSWRLObjectPropertyAtom" classname="org.semanticweb.owlapitools.builders.test.BuildersTestCase" time="0"/>
  <testcase name="shouldBuildDataMaxCardinality" classname="org.semanticweb.owlapitools.builders.test.BuildersTestCase" time="0"/>
  <testcase name="shouldBuildDisjointObjectProperties" classname="org.semanticweb.owlapitools.builders.test.BuildersTestCase" time="0.001"/>
  <testcase name="shouldBuildSWRLRule" classname="org.semanticweb.owlapitools.builders.test.BuildersTestCase" time="0"/>
  <testcase name="shouldBuildDataAllValuesFrom" classname="org.semanticweb.owlapitools.builders.test.BuildersTestCase" time="0"/>
  <testcase name="shouldBuildObjectAllValuesFrom" classname="org.semanticweb.owlapitools.builders.test.BuildersTestCase" time="0"/>
  <testcase name="shouldBuildSWRLLiteralArgument" classname="org.semanticweb.owlapitools.builders.test.BuildersTestCase" time="0"/>
  <testcase name="shouldBuildNegativeDataPropertyAssertion" classname="org.semanticweb.owlapitools.builders.test.BuildersTestCase" time="0"/>
  <testcase name="shouldBuildDataSomeValuesFrom" classname="org.semanticweb.owlapitools.builders.test.BuildersTestCase" time="0"/>
  <testcase name="shouldBuildObjectMaxCardinality" classname="org.semanticweb.owlapitools.builders.test.BuildersTestCase" time="0"/>
  <testcase name="shouldBuildObjectProperty" classname="org.semanticweb.owlapitools.builders.test.BuildersTestCase" time="0.001"/>
  <testcase name="shouldBuildDataExactCardinality" classname="org.semanticweb.owlapitools.builders.test.BuildersTestCase" time="0"/>
  <testcase name="shouldBuildDataMinCardinality" classname="org.semanticweb.owlapitools.builders.test.BuildersTestCase" time="0"/>
  <testcase name="shouldBuildDeclaration" classname="org.semanticweb.owlapitools.builders.test.BuildersTestCase" time="0"/>
  <testcase name="shouldBuildDisjointClasses" classname="org.semanticweb.owlapitools.builders.test.BuildersTestCase" time="0.001"/>
  <testcase name="shouldBuildSubAnnotationPropertyOf" classname="org.semanticweb.owlapitools.builders.test.BuildersTestCase" time="0"/>
  <testcase name="shouldBuildDataUnionOf" classname="org.semanticweb.owlapitools.builders.test.BuildersTestCase" time="0.001"/>
  <testcase name="shouldBuildObjectSomeValuesFrom" classname="org.semanticweb.owlapitools.builders.test.BuildersTestCase" time="0"/>
  <testcase name="shouldBuildImportsDeclarationProperty" classname="org.semanticweb.owlapitools.builders.test.BuildersTestCase" time="0"/>
  <testcase name="shouldBuildDataIntersectionOf" classname="org.semanticweb.owlapitools.builders.test.BuildersTestCase" time="0"/>
  <testcase name="shouldBuildEquivalentObjectProperties" classname="org.semanticweb.owlapitools.builders.test.BuildersTestCase" time="0"/>
  <testcase name="shouldBuildObjectMinCardinality" classname="org.semanticweb.owlapitools.builders.test.BuildersTestCase" time="0"/>
  <testcase name="shouldBuildDatatype" classname="org.semanticweb.owlapitools.builders.test.BuildersTestCase" time="0"/>
  <testcase name="shouldBuildAnnotationAssertion" classname="org.semanticweb.owlapitools.builders.test.BuildersTestCase" time="0"/>
  <testcase name="shouldBuildComplementOf" classname="org.semanticweb.owlapitools.builders.test.BuildersTestCase" time="0.001"/>
  <testcase name="shouldBuildDataOneOf" classname="org.semanticweb.owlapitools.builders.test.BuildersTestCase" time="0"/>
  <testcase name="shouldBuildDatatypeRestriction" classname="org.semanticweb.owlapitools.builders.test.BuildersTestCase" time="0.001"/>
  <testcase name="shouldBuildSubObjectProperty" classname="org.semanticweb.owlapitools.builders.test.BuildersTestCase" time="0"/>
  <testcase name="shouldBuildFunctionalObjectProperty" classname="org.semanticweb.owlapitools.builders.test.BuildersTestCase" time="0"/>
  <testcase name="shouldBuildNegativeObjectPropertyAssertion" classname="org.semanticweb.owlapitools.builders.test.BuildersTestCase" time="0.001"/>
  <testcase name="shouldBuildObjectIntersectionOf" classname="org.semanticweb.owlapitools.builders.test.BuildersTestCase" time="0"/>
  <testcase name="shouldBuildNamedIndividual" classname="org.semanticweb.owlapitools.builders.test.BuildersTestCase" time="0"/>
  <testcase name="shouldBuildSubClass" classname="org.semanticweb.owlapitools.builders.test.BuildersTestCase" time="0"/>
  <testcase name="shouldBuildTransitiveObjectProperty" classname="org.semanticweb.owlapitools.builders.test.BuildersTestCase" time="0"/>
  <testcase name="shouldBuildInverseObjectProperties" classname="org.semanticweb.owlapitools.builders.test.BuildersTestCase" time="0"/>
  <testcase name="shouldBuildAnnotationPropertyRange" classname="org.semanticweb.owlapitools.builders.test.BuildersTestCase" time="0"/>
  <testcase name="shouldBuildObjectHasValue" classname="org.semanticweb.owlapitools.builders.test.BuildersTestCase" time="0"/>
  <testcase name="shouldBuildUnionOf" classname="org.semanticweb.owlapitools.builders.test.BuildersTestCase" time="0"/>
  <testcase name="shouldBuildDataPropertyRange" classname="org.semanticweb.owlapitools.builders.test.BuildersTestCase" time="0.001"/>
  <testcase name="shouldBuildObjectPropertyRange" classname="org.semanticweb.owlapitools.builders.test.BuildersTestCase" time="0"/>
  <testcase name="shouldBuildObjectInverseOf" classname="org.semanticweb.owlapitools.builders.test.BuildersTestCase" time="0"/>
  <testcase name="shouldBuildObjectPropertyAssertion" classname="org.semanticweb.owlapitools.builders.test.BuildersTestCase" time="0"/>
  <testcase name="shouldBuildSWRLVariable" classname="org.semanticweb.owlapitools.builders.test.BuildersTestCase" time="0.001"/>
  <testcase name="shouldBuildDataProperty" classname="org.semanticweb.owlapitools.builders.test.BuildersTestCase" time="0"/>
  <testcase name="shouldBuildLiteral" classname="org.semanticweb.owlapitools.builders.test.BuildersTestCase" time="0"/>
  <testcase name="shouldBuildSWRLDataRangeAtom" classname="org.semanticweb.owlapitools.builders.test.BuildersTestCase" time="0"/>
  <testcase name="shouldBuildSWRLDifferentIndividualsAtom" classname="org.semanticweb.owlapitools.builders.test.BuildersTestCase" time="0"/>
  <testcase name="shouldBuildAsymmetricObjectProperty" classname="org.semanticweb.owlapitools.builders.test.BuildersTestCase" time="0"/>
  <testcase name="shouldBuildObjectHasSelf" classname="org.semanticweb.owlapitools.builders.test.BuildersTestCase" time="0"/>
  <testcase name="shouldBuildSymmetricObjectProperty" classname="org.semanticweb.owlapitools.builders.test.BuildersTestCase" time="0"/>
  <testcase name="shouldBuildAnnotationProperty" classname="org.semanticweb.owlapitools.builders.test.BuildersTestCase" time="0"/>
  <testcase name="shouldBuildIrreflexiveObjectProperty" classname="org.semanticweb.owlapitools.builders.test.BuildersTestCase" time="0"/>
  <testcase name="shouldBuildSWRLClassAtom" classname="org.semanticweb.owlapitools.builders.test.BuildersTestCase" time="0"/>
  <testcase name="shouldBuildDataComplementOf" classname="org.semanticweb.owlapitools.builders.test.BuildersTestCase" time="0"/>
  <testcase name="shouldBuildSWRLDataPropertyAtom" classname="org.semanticweb.owlapitools.builders.test.BuildersTestCase" time="0"/>
  <testcase name="shouldBuildFunctionalDataProperty" classname="org.semanticweb.owlapitools.builders.test.BuildersTestCase" time="0"/>
  <testcase name="shouldBuildAnnotationPropertyDomain" classname="org.semanticweb.owlapitools.builders.test.BuildersTestCase" time="0"/>
  <testcase name="shouldBuildDataPropertyAssertion" classname="org.semanticweb.owlapitools.builders.test.BuildersTestCase" time="0"/>
  <testcase name="shouldBuildDifferentIndividuals" classname="org.semanticweb.owlapitools.builders.test.BuildersTestCase" time="0"/>
  <testcase name="shouldBuildDataPropertyDomain" classname="org.semanticweb.owlapitools.builders.test.BuildersTestCase" time="0"/>
  <testcase name="shouldBuildEquivalentClasses" classname="org.semanticweb.owlapitools.builders.test.BuildersTestCase" time="0"/>
  <testcase name="shouldBuildInverseFunctionalObjectProperty" classname="org.semanticweb.owlapitools.builders.test.BuildersTestCase" time="0"/>
  <testcase name="shouldBuildFacetRestriction" classname="org.semanticweb.owlapitools.builders.test.BuildersTestCase" time="0"/>
  <testcase name="shouldBuildDataHasValue" classname="org.semanticweb.owlapitools.builders.test.BuildersTestCase" time="0"/>
  <testcase name="shouldBuildSWRLIndividualArgument" classname="org.semanticweb.owlapitools.builders.test.BuildersTestCase" time="0"/>
  <testcase name="shouldBuildDisjointDataProperties" classname="org.semanticweb.owlapitools.builders.test.BuildersTestCase" time="0"/>
  <testcase name="shouldBuildAnonymousIndividual" classname="org.semanticweb.owlapitools.builders.test.BuildersTestCase" time="0"/>
  <testcase name="shouldBuildClassAssertion" classname="org.semanticweb.owlapitools.builders.test.BuildersTestCase" time="0"/>
  <testcase name="shouldBuildSameIndividual" classname="org.semanticweb.owlapitools.builders.test.BuildersTestCase" time="0"/>
  <testcase name="shouldBuildEquivalentDataProperties" classname="org.semanticweb.owlapitools.builders.test.BuildersTestCase" time="0"/>
</testsuite>