<?xml version="1.0" encoding="UTF-8" ?>
<testsuite tests="105" failures="0" name="retrofit.RequestBuilderTest" time="0.191" errors="0" skipped="0">
  <properties>
    <property name="java.runtime.name" value="OpenJDK Runtime Environment"/>
    <property name="sun.boot.library.path" value="/usr/lib/jvm/java-8-openjdk-amd64/jre/lib/amd64"/>
    <property name="java.vm.version" value="25.292-b10"/>
    <property name="java.vm.vendor" value="Private Build"/>
    <property name="maven.multiModuleProjectDirectory" value="/home/suvarna/Vinay/Sept-2021/retrofit-fe1d01684c96d55224c67e67c31c3fd8faa05c24"/>
    <property name="java.vendor.url" value="http://java.oracle.com/"/>
    <property name="path.separator" value=":"/>
    <property name="guice.disable.misplaced.annotation.check" value="true"/>
    <property name="java.vm.name" value="OpenJDK 64-Bit Server VM"/>
    <property name="file.encoding.pkg" value="sun.io"/>
    <property name="user.country" value="IN"/>
    <property name="sun.java.launcher" value="SUN_STANDARD"/>
    <property name="sun.os.patch.level" value="unknown"/>
    <property name="java.vm.specification.name" value="Java Virtual Machine Specification"/>
    <property name="user.dir" value="/home/suvarna/Vinay/Sept-2021/retrofit-fe1d01684c96d55224c67e67c31c3fd8faa05c24"/>
    <property name="java.runtime.version" value="1.8.0_292-8u292-b10-0ubuntu1~16.04.1-b10"/>
    <property name="java.awt.graphicsenv" value="sun.awt.X11GraphicsEnvironment"/>
    <property name="java.endorsed.dirs" value="/usr/lib/jvm/java-8-openjdk-amd64/jre/lib/endorsed"/>
    <property name="os.arch" value="amd64"/>
    <property name="java.io.tmpdir" value="/tmp"/>
    <property name="line.separator" value="
"/>
    <property name="java.vm.specification.vendor" value="Oracle Corporation"/>
    <property name="os.name" value="Linux"/>
    <property name="classworlds.conf" value="/home/suvarna/maven/apache-maven-3.6.3/bin/m2.conf"/>
    <property name="sun.jnu.encoding" value="UTF-8"/>
    <property name="java.library.path" value="/usr/java/packages/lib/amd64:/usr/lib/x86_64-linux-gnu/jni:/lib/x86_64-linux-gnu:/usr/lib/x86_64-linux-gnu:/usr/lib/jni:/lib:/usr/lib"/>
    <property name="maven.conf" value="/home/suvarna/maven/apache-maven-3.6.3/conf"/>
    <property name="java.specification.name" value="Java Platform API Specification"/>
    <property name="java.class.version" value="52.0"/>
    <property name="sun.management.compiler" value="HotSpot 64-Bit Tiered Compilers"/>
    <property name="os.version" value="4.15.0-142-generic"/>
    <property name="library.jansi.path" value="/home/suvarna/maven/apache-maven-3.6.3/lib/jansi-native"/>
    <property name="user.home" value="/home/suvarna"/>
    <property name="user.timezone" value="Asia/Kolkata"/>
    <property name="java.awt.printerjob" value="sun.print.PSPrinterJob"/>
    <property name="java.specification.version" value="1.8"/>
    <property name="file.encoding" value="UTF-8"/>
    <property name="user.name" value="suvarna"/>
    <property name="java.class.path" value="/home/suvarna/maven/apache-maven-3.6.3/boot/plexus-classworlds-2.6.0.jar"/>
    <property name="java.vm.specification.version" value="1.8"/>
    <property name="sun.arch.data.model" value="64"/>
    <property name="java.home" value="/usr/lib/jvm/java-8-openjdk-amd64/jre"/>
    <property name="sun.java.command" value="org.codehaus.plexus.classworlds.launcher.Launcher test"/>
    <property name="java.specification.vendor" value="Oracle Corporation"/>
    <property name="user.language" value="en"/>
    <property name="awt.toolkit" value="sun.awt.X11.XToolkit"/>
    <property name="java.vm.info" value="mixed mode"/>
    <property name="java.version" value="1.8.0_292"/>
    <property name="java.ext.dirs" value="/usr/lib/jvm/java-8-openjdk-amd64/jre/lib/ext:/usr/java/packages/lib/ext"/>
    <property name="securerandom.source" value="file:/dev/./urandom"/>
    <property name="sun.boot.class.path" value="/usr/lib/jvm/java-8-openjdk-amd64/jre/lib/resources.jar:/usr/lib/jvm/java-8-openjdk-amd64/jre/lib/rt.jar:/usr/lib/jvm/java-8-openjdk-amd64/jre/lib/sunrsasign.jar:/usr/lib/jvm/java-8-openjdk-amd64/jre/lib/jsse.jar:/usr/lib/jvm/java-8-openjdk-amd64/jre/lib/jce.jar:/usr/lib/jvm/java-8-openjdk-amd64/jre/lib/charsets.jar:/usr/lib/jvm/java-8-openjdk-amd64/jre/lib/jfr.jar:/usr/lib/jvm/java-8-openjdk-amd64/jre/classes"/>
    <property name="java.vendor" value="Private Build"/>
    <property name="maven.home" value="/home/suvarna/maven/apache-maven-3.6.3"/>
    <property name="file.separator" value="/"/>
    <property name="java.vendor.url.bug" value="http://bugreport.sun.com/bugreport/"/>
    <property name="sun.cpu.endian" value="little"/>
    <property name="sun.io.unicode.encoding" value="UnicodeLittle"/>
    <property name="sun.desktop" value="gnome"/>
    <property name="sun.cpu.isalist" value=""/>
  </properties>
  <testcase classname="retrofit.RequestBuilderTest" name="getWithQueryUrlAndParam" time="0.065"/>
  <testcase classname="retrofit.RequestBuilderTest" name="custom1Method" time="0.001"/>
  <testcase classname="retrofit.RequestBuilderTest" name="headersFailWhenEmptyOnMethod" time="0.003"/>
  <testcase classname="retrofit.RequestBuilderTest" name="formEncodedFieldOptional" time="0.008"/>
  <testcase classname="retrofit.RequestBuilderTest" name="queryMapMustBeAMap" time="0.004"/>
  <testcase classname="retrofit.RequestBuilderTest" name="getWithPathAndQueryParam" time="0.002"/>
  <testcase classname="retrofit.RequestBuilderTest" name="multipartWithEncoding" time="0.023"/>
  <testcase classname="retrofit.RequestBuilderTest" name="contentTypeInterceptorHeaderAddsHeaderWithNoBody" time="0.002"/>
  <testcase classname="retrofit.RequestBuilderTest" name="pathParamRequired" time="0.001"/>
  <testcase classname="retrofit.RequestBuilderTest" name="contentTypeParameterHeaderOverrides" time="0.003"/>
  <testcase classname="retrofit.RequestBuilderTest" name="multipartPartMap" time="0.002"/>
  <testcase classname="retrofit.RequestBuilderTest" name="multipartPartMapWithEncoding" time="0.001"/>
  <testcase classname="retrofit.RequestBuilderTest" name="formEncodedWithEncodedNameFieldParam" time="0.001"/>
  <testcase classname="retrofit.RequestBuilderTest" name="multipartPartMapRejectsNullKeys" time="0"/>
  <testcase classname="retrofit.RequestBuilderTest" name="fieldMapMustBeAMap" time="0.002"/>
  <testcase classname="retrofit.RequestBuilderTest" name="getWithEncodeNameEncodedValueQueryParam" time="0.001"/>
  <testcase classname="retrofit.RequestBuilderTest" name="simpleHeaders" time="0.004"/>
  <testcase classname="retrofit.RequestBuilderTest" name="delete" time="0"/>
  <testcase classname="retrofit.RequestBuilderTest" name="getWithQueryParamMap" time="0.001"/>
  <testcase classname="retrofit.RequestBuilderTest" name="custom2Method" time="0.002"/>
  <testcase classname="retrofit.RequestBuilderTest" name="streamingResponseNotAllowed" time="0.002"/>
  <testcase classname="retrofit.RequestBuilderTest" name="invalidPathParam" time="0.001"/>
  <testcase classname="retrofit.RequestBuilderTest" name="twoMethodsFail" time="0.006"/>
  <testcase classname="retrofit.RequestBuilderTest" name="implicitMultipartWithPartMapForbidden" time="0"/>
  <testcase classname="retrofit.RequestBuilderTest" name="multipartFailsWithNoParts" time="0"/>
  <testcase classname="retrofit.RequestBuilderTest" name="headerParamArray" time="0"/>
  <testcase classname="retrofit.RequestBuilderTest" name="getWithInterceptorEncodedPathParam" time="0"/>
  <testcase classname="retrofit.RequestBuilderTest" name="allThreeHeaderTypes" time="0"/>
  <testcase classname="retrofit.RequestBuilderTest" name="getWithEncodeNameEncodedValueQueryParamMap" time="0"/>
  <testcase classname="retrofit.RequestBuilderTest" name="getWithEncodeNameQueryParam" time="0"/>
  <testcase classname="retrofit.RequestBuilderTest" name="queryParamOptional" time="0.002"/>
  <testcase classname="retrofit.RequestBuilderTest" name="implicitFormEncodingByFieldMapForbidden" time="0.001"/>
  <testcase classname="retrofit.RequestBuilderTest" name="getWithPathParam" time="0"/>
  <testcase classname="retrofit.RequestBuilderTest" name="headerParamToString" time="0.002"/>
  <testcase classname="retrofit.RequestBuilderTest" name="getWithPathAndQueryQuestionMarkParam" time="0.001"/>
  <testcase classname="retrofit.RequestBuilderTest" name="contentTypeAnnotationHeaderOverrides" time="0"/>
  <testcase classname="retrofit.RequestBuilderTest" name="twoBodies" time="0.001"/>
  <testcase classname="retrofit.RequestBuilderTest" name="getWithQueryParamArray" time="0.001"/>
  <testcase classname="retrofit.RequestBuilderTest" name="streamingResponseWithCallbackNotAllowed" time="0.001"/>
  <testcase classname="retrofit.RequestBuilderTest" name="observableWithCallback" time="0"/>
  <testcase classname="retrofit.RequestBuilderTest" name="pathParamNonPathParamAndTypedBytes" time="0.001"/>
  <testcase classname="retrofit.RequestBuilderTest" name="getWithQueryParamPrimitiveArray" time="0.001"/>
  <testcase classname="retrofit.RequestBuilderTest" name="headersAndInterceptorHeaders" time="0"/>
  <testcase classname="retrofit.RequestBuilderTest" name="onlyOneEncodingIsAllowedFormEncodingFirst" time="0.001"/>
  <testcase classname="retrofit.RequestBuilderTest" name="formEncodingFailsOnNonBodyMethod" time="0"/>
  <testcase classname="retrofit.RequestBuilderTest" name="bodyRequired" time="0.001"/>
  <testcase classname="retrofit.RequestBuilderTest" name="getWithPathAndQueryHashParam" time="0.001"/>
  <testcase classname="retrofit.RequestBuilderTest" name="formEncodedWithEncodedValueFieldParam" time="0.001"/>
  <testcase classname="retrofit.RequestBuilderTest" name="get" time="0.001"/>
  <testcase classname="retrofit.RequestBuilderTest" name="put" time="0"/>
  <testcase classname="retrofit.RequestBuilderTest" name="head" time="0.002"/>
  <testcase classname="retrofit.RequestBuilderTest" name="post" time="0"/>
  <testcase classname="retrofit.RequestBuilderTest" name="bodyWithPathParams" time="0.008"/>
  <testcase classname="retrofit.RequestBuilderTest" name="getWithInterceptorPathParam" time="0.001"/>
  <testcase classname="retrofit.RequestBuilderTest" name="parameterWithoutAnnotation" time="0.001"/>
  <testcase classname="retrofit.RequestBuilderTest" name="patch" time="0.001"/>
  <testcase classname="retrofit.RequestBuilderTest" name="formEncodedFieldArray" time="0"/>
  <testcase classname="retrofit.RequestBuilderTest" name="missingCallbackTypes" time="0.001"/>
  <testcase classname="retrofit.RequestBuilderTest" name="multipartNullRemovesPart" time="0"/>
  <testcase classname="retrofit.RequestBuilderTest" name="queryMapRejectsNullKeys" time="0.001"/>
  <testcase classname="retrofit.RequestBuilderTest" name="getWithEncodedQueryParam" time="0"/>
  <testcase classname="retrofit.RequestBuilderTest" name="formEncodedFieldPrimitiveArray" time="0.001"/>
  <testcase classname="retrofit.RequestBuilderTest" name="getWithInterceptorPathParamAndInterceptorQueryParam" time="0.001"/>
  <testcase classname="retrofit.RequestBuilderTest" name="onlyOneEncodingIsAllowedMultipartFirst" time="0"/>
  <testcase classname="retrofit.RequestBuilderTest" name="getWithQueryParam" time="0"/>
  <testcase classname="retrofit.RequestBuilderTest" name="pathParamNotAllowedInQuery" time="0"/>
  <testcase classname="retrofit.RequestBuilderTest" name="synchronousWithAsyncCallback" time="0"/>
  <testcase classname="retrofit.RequestBuilderTest" name="getWithPathParamAndInterceptorPathParam" time="0"/>
  <testcase classname="retrofit.RequestBuilderTest" name="formEncodedWithEncodedNameFieldParamMap" time="0.001"/>
  <testcase classname="retrofit.RequestBuilderTest" name="bodyInNonBodyRequest" time="0.001"/>
  <testcase classname="retrofit.RequestBuilderTest" name="getWithQuery" time="0"/>
  <testcase classname="retrofit.RequestBuilderTest" name="nonBodyHttpMethodWithSingleEntity" time="0"/>
  <testcase classname="retrofit.RequestBuilderTest" name="getWithPathParamAndInterceptorPathParamAndInterceptorQueryParam" time="0.001"/>
  <testcase classname="retrofit.RequestBuilderTest" name="formEncodedFieldMap" time="0.001"/>
  <testcase classname="retrofit.RequestBuilderTest" name="multipartFailsOnNonBodyMethod" time="0.001"/>
  <testcase classname="retrofit.RequestBuilderTest" name="contentTypeAnnotationHeaderAddsHeaderWithNoBody" time="0"/>
  <testcase classname="retrofit.RequestBuilderTest" name="getWithEncodedPathParam" time="0.001"/>
  <testcase classname="retrofit.RequestBuilderTest" name="headerParam" time="0.001"/>
  <testcase classname="retrofit.RequestBuilderTest" name="fieldMapRejectsNullKeys" time="0"/>
  <testcase classname="retrofit.RequestBuilderTest" name="getWithPathAndQueryAmpersandParam" time="0"/>
  <testcase classname="retrofit.RequestBuilderTest" name="getWithEncodedQueryParamMap" time="0"/>
  <testcase classname="retrofit.RequestBuilderTest" name="simpleMultipart" time="0.001"/>
  <testcase classname="retrofit.RequestBuilderTest" name="multipleParameterAnnotationsNotAllowed" time="0.001"/>
  <testcase classname="retrofit.RequestBuilderTest" name="normalPostWithPathParam" time="0.001"/>
  <testcase classname="retrofit.RequestBuilderTest" name="getWithInterceptorQueryParam" time="0.001"/>
  <testcase classname="retrofit.RequestBuilderTest" name="multipartPartOptional" time="0"/>
  <testcase classname="retrofit.RequestBuilderTest" name="queryParamOptionalOmitsQuery" time="0.001"/>
  <testcase classname="retrofit.RequestBuilderTest" name="headersFailWhenMalformed" time="0"/>
  <testcase classname="retrofit.RequestBuilderTest" name="customWithoutRestMethod" time="0.001"/>
  <testcase classname="retrofit.RequestBuilderTest" name="simpleFormEncoded" time="0.001"/>
  <testcase classname="retrofit.RequestBuilderTest" name="bodyGson" time="0.001"/>
  <testcase classname="retrofit.RequestBuilderTest" name="implicitFormEncodingByFieldForbidden" time="0"/>
  <testcase classname="retrofit.RequestBuilderTest" name="pathMustBePrefixedWithSlash" time="0.001"/>
  <testcase classname="retrofit.RequestBuilderTest" name="getWithPathParamAndInterceptorQueryParam" time="0.001"/>
  <testcase classname="retrofit.RequestBuilderTest" name="implicitMultipartForbidden" time="0.001"/>
  <testcase classname="retrofit.RequestBuilderTest" name="headerParamList" time="0"/>
  <testcase classname="retrofit.RequestBuilderTest" name="formEncodedWithEncodedValueFieldParamMap" time="0.001"/>
  <testcase classname="retrofit.RequestBuilderTest" name="getWithQueryParamList" time="0"/>
  <testcase classname="retrofit.RequestBuilderTest" name="formEncodedFieldList" time="0"/>
  <testcase classname="retrofit.RequestBuilderTest" name="formEncodingFailsWithNoParts" time="0.001"/>
  <testcase classname="retrofit.RequestBuilderTest" name="nonParameterizedCallbackFails" time="0.001"/>
  <testcase classname="retrofit.RequestBuilderTest" name="simpleInterceptorHeaders" time="0.001"/>
  <testcase classname="retrofit.RequestBuilderTest" name="lackingMethod" time="0"/>
  <testcase classname="retrofit.RequestBuilderTest" name="getWithEncodeNameQueryParamMap" time="0.001"/>
  <testcase classname="retrofit.RequestBuilderTest" name="bodyTypedInput" time="0"/>
</testsuite>