<?xml version="1.0" encoding="UTF-8"?>
<testsuite xmlns:xsi="http://www.w3.org/2001/XMLSchema-instance" xsi:schemaLocation="https://maven.apache.org/surefire/maven-surefire-plugin/xsd/surefire-test-report.xsd" name="org.apache.commons.lang3.builder.ToStringBuilderTest" time="0.02" tests="74" errors="0" skipped="0" failures="1">
  <properties>
    <property name="java.runtime.name" value="OpenJDK Runtime Environment"/>
    <property name="sun.boot.library.path" value="/usr/lib/jvm/java-8-openjdk-amd64/jre/lib/amd64"/>
    <property name="java.vm.version" value="25.292-b10"/>
    <property name="java.vm.vendor" value="Private Build"/>
    <property name="maven.multiModuleProjectDirectory" value="/home/suvarna/Vinay/Sept-2021/bach_repo/commons-lang"/>
    <property name="java.vendor.url" value="http://java.oracle.com/"/>
    <property name="path.separator" value=":"/>
    <property name="guice.disable.misplaced.annotation.check" value="true"/>
    <property name="java.vm.name" value="OpenJDK 64-Bit Server VM"/>
    <property name="file.encoding.pkg" value="sun.io"/>
    <property name="user.country" value="IN"/>
    <property name="sun.java.launcher" value="SUN_STANDARD"/>
    <property name="sun.os.patch.level" value="unknown"/>
    <property name="java.vm.specification.name" value="Java Virtual Machine Specification"/>
    <property name="user.dir" value="/home/suvarna/Vinay/Sept-2021/bach_repo/commons-lang"/>
    <property name="java.runtime.version" value="1.8.0_292-8u292-b10-0ubuntu1~16.04.1-b10"/>
    <property name="java.awt.graphicsenv" value="sun.awt.X11GraphicsEnvironment"/>
    <property name="java.endorsed.dirs" value="/usr/lib/jvm/java-8-openjdk-amd64/jre/lib/endorsed"/>
    <property name="os.arch" value="amd64"/>
    <property name="java.io.tmpdir" value="/tmp"/>
    <property name="line.separator" value="&#10;"/>
    <property name="java.vm.specification.vendor" value="Oracle Corporation"/>
    <property name="os.name" value="Linux"/>
    <property name="classworlds.conf" value="/home/suvarna/maven/apache-maven-3.6.3/bin/m2.conf"/>
    <property name="sun.jnu.encoding" value="UTF-8"/>
    <property name="java.library.path" value="/usr/java/packages/lib/amd64:/usr/lib/x86_64-linux-gnu/jni:/lib/x86_64-linux-gnu:/usr/lib/x86_64-linux-gnu:/usr/lib/jni:/lib:/usr/lib"/>
    <property name="maven.conf" value="/home/suvarna/maven/apache-maven-3.6.3/conf"/>
    <property name="java.specification.name" value="Java Platform API Specification"/>
    <property name="java.class.version" value="52.0"/>
    <property name="sun.management.compiler" value="HotSpot 64-Bit Tiered Compilers"/>
    <property name="os.version" value="4.15.0-142-generic"/>
    <property name="library.jansi.path" value="/home/suvarna/maven/apache-maven-3.6.3/lib/jansi-native"/>
    <property name="user.home" value="/home/suvarna"/>
    <property name="user.timezone" value="Asia/Kolkata"/>
    <property name="java.awt.printerjob" value="sun.print.PSPrinterJob"/>
    <property name="java.specification.version" value="1.8"/>
    <property name="file.encoding" value="UTF-8"/>
    <property name="user.name" value="suvarna"/>
    <property name="java.class.path" value="/home/suvarna/maven/apache-maven-3.6.3/boot/plexus-classworlds-2.6.0.jar"/>
    <property name="java.vm.specification.version" value="1.8"/>
    <property name="sun.arch.data.model" value="64"/>
    <property name="java.home" value="/usr/lib/jvm/java-8-openjdk-amd64/jre"/>
    <property name="sun.java.command" value="org.codehaus.plexus.classworlds.launcher.Launcher test"/>
    <property name="java.specification.vendor" value="Oracle Corporation"/>
    <property name="user.language" value="en"/>
    <property name="awt.toolkit" value="sun.awt.X11.XToolkit"/>
    <property name="java.vm.info" value="mixed mode"/>
    <property name="java.version" value="1.8.0_292"/>
    <property name="java.ext.dirs" value="/usr/lib/jvm/java-8-openjdk-amd64/jre/lib/ext:/usr/java/packages/lib/ext"/>
    <property name="securerandom.source" value="file:/dev/./urandom"/>
    <property name="sun.boot.class.path" value="/usr/lib/jvm/java-8-openjdk-amd64/jre/lib/resources.jar:/usr/lib/jvm/java-8-openjdk-amd64/jre/lib/rt.jar:/usr/lib/jvm/java-8-openjdk-amd64/jre/lib/sunrsasign.jar:/usr/lib/jvm/java-8-openjdk-amd64/jre/lib/jsse.jar:/usr/lib/jvm/java-8-openjdk-amd64/jre/lib/jce.jar:/usr/lib/jvm/java-8-openjdk-amd64/jre/lib/charsets.jar:/usr/lib/jvm/java-8-openjdk-amd64/jre/lib/jfr.jar:/usr/lib/jvm/java-8-openjdk-amd64/jre/classes"/>
    <property name="java.vendor" value="Private Build"/>
    <property name="maven.home" value="/home/suvarna/maven/apache-maven-3.6.3"/>
    <property name="file.separator" value="/"/>
    <property name="java.vendor.url.bug" value="http://bugreport.sun.com/bugreport/"/>
    <property name="sun.cpu.endian" value="little"/>
    <property name="sun.io.unicode.encoding" value="UnicodeLittle"/>
    <property name="sun.desktop" value="gnome"/>
    <property name="sun.cpu.isalist" value=""/>
  </properties>
  <testcase name="test_setUpToClass_valid" classname="org.apache.commons.lang3.builder.ToStringBuilderTest" time="0.001"/>
  <testcase name="testCharArray" classname="org.apache.commons.lang3.builder.ToStringBuilderTest" time="0"/>
  <testcase name="testReflectionHierarchyArrayList" classname="org.apache.commons.lang3.builder.ToStringBuilderTest" time="0.006">
    <failure message="expected:&lt;...e50ce6[elementData={[&lt;null&gt;,&lt;null&gt;,&lt;null&gt;,&lt;null&gt;,&lt;null&gt;,&lt;null&gt;,&lt;null&gt;,&lt;null&gt;,&lt;null&gt;,&lt;null&gt;]},size=0,modCount=0]&gt; but was:&lt;...e50ce6[elementData={[]},size=0,modCount=0]&gt;" type="org.junit.ComparisonFailure"><![CDATA[org.junit.ComparisonFailure: expected:<...e50ce6[elementData={[<null>,<null>,<null>,<null>,<null>,<null>,<null>,<null>,<null>,<null>]},size=0,modCount=0]> but was:<...e50ce6[elementData={[]},size=0,modCount=0]>
	at org.apache.commons.lang3.builder.ToStringBuilderTest.testReflectionHierarchyArrayList(ToStringBuilderTest.java:323)
]]></failure>
  </testcase>
  <testcase name="testReflectionNull" classname="org.apache.commons.lang3.builder.ToStringBuilderTest" time="0"/>
  <testcase name="testDoubleArrayArray" classname="org.apache.commons.lang3.builder.ToStringBuilderTest" time="0"/>
  <testcase name="testReflectionBoolean" classname="org.apache.commons.lang3.builder.ToStringBuilderTest" time="0"/>
  <testcase name="testObjectArray" classname="org.apache.commons.lang3.builder.ToStringBuilderTest" time="0"/>
  <testcase name="testObjectBuild" classname="org.apache.commons.lang3.builder.ToStringBuilderTest" time="0"/>
  <testcase name="testObjectCycle" classname="org.apache.commons.lang3.builder.ToStringBuilderTest" time="0"/>
  <testcase name="testReflectionHierarchy" classname="org.apache.commons.lang3.builder.ToStringBuilderTest" time="0.001"/>
  <testcase name="testSelfInstanceTwoVarsReflectionObjectCycle" classname="org.apache.commons.lang3.builder.ToStringBuilderTest" time="0"/>
  <testcase name="testAppendToStringUsingMultiLineStyle" classname="org.apache.commons.lang3.builder.ToStringBuilderTest" time="0.001"/>
  <testcase name="testShortArrayArray" classname="org.apache.commons.lang3.builder.ToStringBuilderTest" time="0"/>
  <testcase name="testBooleanArrayArray" classname="org.apache.commons.lang3.builder.ToStringBuilderTest" time="0"/>
  <testcase name="testFloatArray" classname="org.apache.commons.lang3.builder.ToStringBuilderTest" time="0"/>
  <testcase name="testInt" classname="org.apache.commons.lang3.builder.ToStringBuilderTest" time="0"/>
  <testcase name="testByteArray" classname="org.apache.commons.lang3.builder.ToStringBuilderTest" time="0"/>
  <testcase name="testReflectionArrayCycle" classname="org.apache.commons.lang3.builder.ToStringBuilderTest" time="0"/>
  <testcase name="testReflectionLongArrayArray" classname="org.apache.commons.lang3.builder.ToStringBuilderTest" time="0"/>
  <testcase name="testBlank" classname="org.apache.commons.lang3.builder.ToStringBuilderTest" time="0"/>
  <testcase name="testFloat" classname="org.apache.commons.lang3.builder.ToStringBuilderTest" time="0.001"/>
  <testcase name="testShort" classname="org.apache.commons.lang3.builder.ToStringBuilderTest" time="0"/>
  <testcase name="testReflectionArrayArrayCycle" classname="org.apache.commons.lang3.builder.ToStringBuilderTest" time="0"/>
  <testcase name="testByte" classname="org.apache.commons.lang3.builder.ToStringBuilderTest" time="0"/>
  <testcase name="testChar" classname="org.apache.commons.lang3.builder.ToStringBuilderTest" time="0"/>
  <testcase name="testLong" classname="org.apache.commons.lang3.builder.ToStringBuilderTest" time="0"/>
  <testcase name="testReflectionFloatArray" classname="org.apache.commons.lang3.builder.ToStringBuilderTest" time="0"/>
  <testcase name="testLongArrayArray" classname="org.apache.commons.lang3.builder.ToStringBuilderTest" time="0"/>
  <testcase name="test_setUpToClass_invalid" classname="org.apache.commons.lang3.builder.ToStringBuilderTest" time="0"/>
  <testcase name="testBoolean" classname="org.apache.commons.lang3.builder.ToStringBuilderTest" time="0"/>
  <testcase name="testReflectionDoubleArrayArray" classname="org.apache.commons.lang3.builder.ToStringBuilderTest" time="0"/>
  <testcase name="testReflectionBooleanArray" classname="org.apache.commons.lang3.builder.ToStringBuilderTest" time="0"/>
  <testcase name="testReflectionInteger" classname="org.apache.commons.lang3.builder.ToStringBuilderTest" time="0"/>
  <testcase name="testBooleanArray" classname="org.apache.commons.lang3.builder.ToStringBuilderTest" time="0.001"/>
  <testcase name="testFloatArrayArray" classname="org.apache.commons.lang3.builder.ToStringBuilderTest" time="0"/>
  <testcase name="testReflectionyteArray" classname="org.apache.commons.lang3.builder.ToStringBuilderTest" time="0"/>
  <testcase name="testReflectionDoubleArray" classname="org.apache.commons.lang3.builder.ToStringBuilderTest" time="0"/>
  <testcase name="testReflectionIntArrayArray" classname="org.apache.commons.lang3.builder.ToStringBuilderTest" time="0"/>
  <testcase name="testSimpleReflectionStatics" classname="org.apache.commons.lang3.builder.ToStringBuilderTest" time="0.002"/>
  <testcase name="testReflectionStatics" classname="org.apache.commons.lang3.builder.ToStringBuilderTest" time="0.001"/>
  <testcase name="testReflectionLongArray" classname="org.apache.commons.lang3.builder.ToStringBuilderTest" time="0"/>
  <testcase name="testReflectionhortArrayArray" classname="org.apache.commons.lang3.builder.ToStringBuilderTest" time="0"/>
  <testcase name="testConstructorEx1" classname="org.apache.commons.lang3.builder.ToStringBuilderTest" time="0"/>
  <testcase name="testConstructorEx2" classname="org.apache.commons.lang3.builder.ToStringBuilderTest" time="0"/>
  <testcase name="testConstructorEx3" classname="org.apache.commons.lang3.builder.ToStringBuilderTest" time="0"/>
  <testcase name="testReflectionObjectArray" classname="org.apache.commons.lang3.builder.ToStringBuilderTest" time="0"/>
  <testcase name="testReflectionObjectCycle" classname="org.apache.commons.lang3.builder.ToStringBuilderTest" time="0.002"/>
  <testcase name="testReflectionBooleanArrayArray" classname="org.apache.commons.lang3.builder.ToStringBuilderTest" time="0"/>
  <testcase name="testLongArray" classname="org.apache.commons.lang3.builder.ToStringBuilderTest" time="0"/>
  <testcase name="testSimpleReflectionObjectCycle" classname="org.apache.commons.lang3.builder.ToStringBuilderTest" time="0.001"/>
  <testcase name="testShortArray" classname="org.apache.commons.lang3.builder.ToStringBuilderTest" time="0"/>
  <testcase name="testIntArrayArray" classname="org.apache.commons.lang3.builder.ToStringBuilderTest" time="0"/>
  <testcase name="testInheritedReflectionStatics" classname="org.apache.commons.lang3.builder.ToStringBuilderTest" time="0"/>
  <testcase name="testReflectionByteArrayArray" classname="org.apache.commons.lang3.builder.ToStringBuilderTest" time="0"/>
  <testcase name="testReflectionArrayCycleLevel2" classname="org.apache.commons.lang3.builder.ToStringBuilderTest" time="0"/>
  <testcase name="testAppendToString" classname="org.apache.commons.lang3.builder.ToStringBuilderTest" time="0"/>
  <testcase name="testReflectionArrayAndObjectCycle" classname="org.apache.commons.lang3.builder.ToStringBuilderTest" time="0"/>
  <testcase name="testSetDefaultEx" classname="org.apache.commons.lang3.builder.ToStringBuilderTest" time="0"/>
  <testcase name="testReflectionCharArrayArray" classname="org.apache.commons.lang3.builder.ToStringBuilderTest" time="0"/>
  <testcase name="testIntArray" classname="org.apache.commons.lang3.builder.ToStringBuilderTest" time="0"/>
  <testcase name="testDouble" classname="org.apache.commons.lang3.builder.ToStringBuilderTest" time="0"/>
  <testcase name="testByteArrayArray" classname="org.apache.commons.lang3.builder.ToStringBuilderTest" time="0"/>
  <testcase name="testReflectionShortArray" classname="org.apache.commons.lang3.builder.ToStringBuilderTest" time="0"/>
  <testcase name="testCharArrayArray" classname="org.apache.commons.lang3.builder.ToStringBuilderTest" time="0"/>
  <testcase name="testSelfInstanceVarReflectionObjectCycle" classname="org.apache.commons.lang3.builder.ToStringBuilderTest" time="0"/>
  <testcase name="testObject" classname="org.apache.commons.lang3.builder.ToStringBuilderTest" time="0.002"/>
  <testcase name="testAppendSuper" classname="org.apache.commons.lang3.builder.ToStringBuilderTest" time="0"/>
  <testcase name="testReflectionIntArray" classname="org.apache.commons.lang3.builder.ToStringBuilderTest" time="0"/>
  <testcase name="testReflectionCharArray" classname="org.apache.commons.lang3.builder.ToStringBuilderTest" time="0"/>
  <testcase name="testGetSetDefault" classname="org.apache.commons.lang3.builder.ToStringBuilderTest" time="0"/>
  <testcase name="testInnerClassReflection" classname="org.apache.commons.lang3.builder.ToStringBuilderTest" time="0"/>
  <testcase name="testReflectionCharacter" classname="org.apache.commons.lang3.builder.ToStringBuilderTest" time="0"/>
  <testcase name="testDoubleArray" classname="org.apache.commons.lang3.builder.ToStringBuilderTest" time="0"/>
  <testcase name="testReflectionFloatArrayArray" classname="org.apache.commons.lang3.builder.ToStringBuilderTest" time="0"/>
</testsuite>