<?xml version="1.0" encoding="UTF-8" ?>
<testsuite tests="136" failures="0" name="org.springframework.data.jpa.repository.OpenJpaNamespaceUserRepositoryTests" time="4.555" errors="0" skipped="3">
  <properties>
    <property name="java.runtime.name" value="OpenJDK Runtime Environment"/>
    <property name="sun.boot.library.path" value="/usr/lib/jvm/java-8-openjdk-amd64/jre/lib/amd64"/>
    <property name="java.vm.version" value="25.292-b10"/>
    <property name="java.vm.vendor" value="Private Build"/>
    <property name="maven.multiModuleProjectDirectory" value="/home/suvarna/Vinay/Sept-2021/spring-data-jpa-36f04fadb77de097583a827abd68bfa95d7ef234"/>
    <property name="java.vendor.url" value="http://java.oracle.com/"/>
    <property name="path.separator" value=":"/>
    <property name="guice.disable.misplaced.annotation.check" value="true"/>
    <property name="java.vm.name" value="OpenJDK 64-Bit Server VM"/>
    <property name="file.encoding.pkg" value="sun.io"/>
    <property name="user.country" value="IN"/>
    <property name="sun.java.launcher" value="SUN_STANDARD"/>
    <property name="sun.os.patch.level" value="unknown"/>
    <property name="java.vm.specification.name" value="Java Virtual Machine Specification"/>
    <property name="user.dir" value="/home/suvarna/Vinay/Sept-2021/spring-data-jpa-36f04fadb77de097583a827abd68bfa95d7ef234"/>
    <property name="java.runtime.version" value="1.8.0_292-8u292-b10-0ubuntu1~16.04.1-b10"/>
    <property name="java.awt.graphicsenv" value="sun.awt.X11GraphicsEnvironment"/>
    <property name="java.endorsed.dirs" value="/usr/lib/jvm/java-8-openjdk-amd64/jre/lib/endorsed"/>
    <property name="os.arch" value="amd64"/>
    <property name="java.io.tmpdir" value="/tmp"/>
    <property name="line.separator" value="
"/>
    <property name="java.vm.specification.vendor" value="Oracle Corporation"/>
    <property name="os.name" value="Linux"/>
    <property name="classworlds.conf" value="/home/suvarna/maven/apache-maven-3.6.3/bin/m2.conf"/>
    <property name="sun.jnu.encoding" value="UTF-8"/>
    <property name="java.library.path" value="/usr/java/packages/lib/amd64:/usr/lib/x86_64-linux-gnu/jni:/lib/x86_64-linux-gnu:/usr/lib/x86_64-linux-gnu:/usr/lib/jni:/lib:/usr/lib"/>
    <property name="maven.conf" value="/home/suvarna/maven/apache-maven-3.6.3/conf"/>
    <property name="java.specification.name" value="Java Platform API Specification"/>
    <property name="java.class.version" value="52.0"/>
    <property name="sun.management.compiler" value="HotSpot 64-Bit Tiered Compilers"/>
    <property name="os.version" value="4.15.0-142-generic"/>
    <property name="library.jansi.path" value="/home/suvarna/maven/apache-maven-3.6.3/lib/jansi-native"/>
    <property name="user.home" value="/home/suvarna"/>
    <property name="user.timezone" value="Asia/Kolkata"/>
    <property name="java.awt.printerjob" value="sun.print.PSPrinterJob"/>
    <property name="java.specification.version" value="1.8"/>
    <property name="file.encoding" value="UTF-8"/>
    <property name="user.name" value="suvarna"/>
    <property name="java.class.path" value="/home/suvarna/maven/apache-maven-3.6.3/boot/plexus-classworlds-2.6.0.jar"/>
    <property name="java.vm.specification.version" value="1.8"/>
    <property name="sun.arch.data.model" value="64"/>
    <property name="java.home" value="/usr/lib/jvm/java-8-openjdk-amd64/jre"/>
    <property name="sun.java.command" value="org.codehaus.plexus.classworlds.launcher.Launcher test"/>
    <property name="java.specification.vendor" value="Oracle Corporation"/>
    <property name="user.language" value="en"/>
    <property name="awt.toolkit" value="sun.awt.X11.XToolkit"/>
    <property name="java.vm.info" value="mixed mode"/>
    <property name="java.version" value="1.8.0_292"/>
    <property name="java.ext.dirs" value="/usr/lib/jvm/java-8-openjdk-amd64/jre/lib/ext:/usr/java/packages/lib/ext"/>
    <property name="securerandom.source" value="file:/dev/./urandom"/>
    <property name="sun.boot.class.path" value="/usr/lib/jvm/java-8-openjdk-amd64/jre/lib/resources.jar:/usr/lib/jvm/java-8-openjdk-amd64/jre/lib/rt.jar:/usr/lib/jvm/java-8-openjdk-amd64/jre/lib/sunrsasign.jar:/usr/lib/jvm/java-8-openjdk-amd64/jre/lib/jsse.jar:/usr/lib/jvm/java-8-openjdk-amd64/jre/lib/jce.jar:/usr/lib/jvm/java-8-openjdk-amd64/jre/lib/charsets.jar:/usr/lib/jvm/java-8-openjdk-amd64/jre/lib/jfr.jar:/usr/lib/jvm/java-8-openjdk-amd64/jre/classes"/>
    <property name="java.vendor" value="Private Build"/>
    <property name="maven.home" value="/home/suvarna/maven/apache-maven-3.6.3"/>
    <property name="file.separator" value="/"/>
    <property name="java.vendor.url.bug" value="http://bugreport.sun.com/bugreport/"/>
    <property name="sun.cpu.endian" value="little"/>
    <property name="sun.io.unicode.encoding" value="UnicodeLittle"/>
    <property name="sun.desktop" value="gnome"/>
    <property name="sun.cpu.isalist" value=""/>
  </properties>
  <testcase classname="org.springframework.data.jpa.repository.OpenJpaNamespaceUserRepositoryTests" name="checkQueryValidationWithOpenJpa" time="0.032"/>
  <testcase classname="org.springframework.data.jpa.repository.OpenJpaNamespaceUserRepositoryTests" name="queryUsingIn" time="0.032">
    <skipped/>
  </testcase>
  <testcase classname="org.springframework.data.jpa.repository.OpenJpaNamespaceUserRepositoryTests" name="registersPostProcessors" time="0.019"/>
  <testcase classname="org.springframework.data.jpa.repository.OpenJpaNamespaceUserRepositoryTests" name="executesCombinedSpecificationsCorrectly" time="0.05"/>
  <testcase classname="org.springframework.data.jpa.repository.OpenJpaNamespaceUserRepositoryTests" name="bindsSortingToOuterJoinCorrectly" time="0.073"/>
  <testcase classname="org.springframework.data.jpa.repository.OpenJpaNamespaceUserRepositoryTests" name="testCascadesPersisting" time="0.053"/>
  <testcase classname="org.springframework.data.jpa.repository.OpenJpaNamespaceUserRepositoryTests" name="deletesAUserById" time="0.069"/>
  <testcase classname="org.springframework.data.jpa.repository.OpenJpaNamespaceUserRepositoryTests" name="deleteByShouldReturnListOfDeletedElementsWhenRetunTypeIsCollectionLike" time="0.066"/>
  <testcase classname="org.springframework.data.jpa.repository.OpenJpaNamespaceUserRepositoryTests" name="find3YoungestUsersPageableWithPageSize2" time="0.075"/>
  <testcase classname="org.springframework.data.jpa.repository.OpenJpaNamespaceUserRepositoryTests" name="findByEmptyArrayOfIntegers" time="0.077"/>
  <testcase classname="org.springframework.data.jpa.repository.OpenJpaNamespaceUserRepositoryTests" name="executesFinderWithAfterKeywordCorrectly" time="0.062"/>
  <testcase classname="org.springframework.data.jpa.repository.OpenJpaNamespaceUserRepositoryTests" name="sortByAssociationPropertyInPageableShouldUseLeftOuterJoin" time="0.039"/>
  <testcase classname="org.springframework.data.jpa.repository.OpenJpaNamespaceUserRepositoryTests" name="find3YoungestUsersPageableWithPageSize2Sliced" time="0.056"/>
  <testcase classname="org.springframework.data.jpa.repository.OpenJpaNamespaceUserRepositoryTests" name="shouldFindUsersInNativeQueryWithPagination" time="0.013"/>
  <testcase classname="org.springframework.data.jpa.repository.OpenJpaNamespaceUserRepositoryTests" name="executesPagedSpecificationsWithSortCorrectly" time="0.066"/>
  <testcase classname="org.springframework.data.jpa.repository.OpenJpaNamespaceUserRepositoryTests" name="shouldfindUsersByFirstnameForSpELExpressionWithParameterNameVariableReference" time="0.07"/>
  <testcase classname="org.springframework.data.jpa.repository.OpenJpaNamespaceUserRepositoryTests" name="throwsExceptionForUnderSpecifiedSingleEntitySpecification" time="0.064"/>
  <testcase classname="org.springframework.data.jpa.repository.OpenJpaNamespaceUserRepositoryTests" name="findBinaryDataByIdJpaQl" time="0.065">
    <skipped/>
  </testcase>
  <testcase classname="org.springframework.data.jpa.repository.OpenJpaNamespaceUserRepositoryTests" name="invokesQueryWithVarargsParametersCorrectly" time="0.061"/>
  <testcase classname="org.springframework.data.jpa.repository.OpenJpaNamespaceUserRepositoryTests" name="deleteByShouldReturnZeroInCaseNoEntityHasBeenRemovedAndReturnTypeIsNumber" time="0.032"/>
  <testcase classname="org.springframework.data.jpa.repository.OpenJpaNamespaceUserRepositoryTests" name="findByAgeWithEmptyArrayOfIntegersOrFirstName" time="0.042"/>
  <testcase classname="org.springframework.data.jpa.repository.OpenJpaNamespaceUserRepositoryTests" name="sortByAssociationPropertyShouldUseLeftOuterJoin" time="0.062"/>
  <testcase classname="org.springframework.data.jpa.repository.OpenJpaNamespaceUserRepositoryTests" name="testCreation" time="0.039"/>
  <testcase classname="org.springframework.data.jpa.repository.OpenJpaNamespaceUserRepositoryTests" name="executesPagedSpecificationsCorrectly" time="0.026"/>
  <testcase classname="org.springframework.data.jpa.repository.OpenJpaNamespaceUserRepositoryTests" name="shouldFindCurrentUserWithCustomQueryDependingOnSecurityContext" time="0.043"/>
  <testcase classname="org.springframework.data.jpa.repository.OpenJpaNamespaceUserRepositoryTests" name="existReturnsWhetherAnEntityCanBeLoaded" time="0.02"/>
  <testcase classname="org.springframework.data.jpa.repository.OpenJpaNamespaceUserRepositoryTests" name="readsPageWithGroupByClauseCorrectly" time="0.025"/>
  <testcase classname="org.springframework.data.jpa.repository.OpenJpaNamespaceUserRepositoryTests" name="doesNotDropNullValuesOnPagedSpecificationExecution" time="0.034"/>
  <testcase classname="org.springframework.data.jpa.repository.OpenJpaNamespaceUserRepositoryTests" name="shouldGenerateLeftOuterJoinInfindAllWithPaginationAndSortOnNestedPropertyPath" time="0.041"/>
  <testcase classname="org.springframework.data.jpa.repository.OpenJpaNamespaceUserRepositoryTests" name="testReadByIdReturnsNullForNotFoundEntities" time="0.035"/>
  <testcase classname="org.springframework.data.jpa.repository.OpenJpaNamespaceUserRepositoryTests" name="executesAnnotatedCollectionMethodCorrectly" time="0.036">
    <skipped/>
  </testcase>
  <testcase classname="org.springframework.data.jpa.repository.OpenJpaNamespaceUserRepositoryTests" name="sortByNestedAssociationPropertyWithSortOrderIgnoreCaseInPageable" time="0.067"/>
  <testcase classname="org.springframework.data.jpa.repository.OpenJpaNamespaceUserRepositoryTests" name="deleteColletionOfEntities" time="0.053"/>
  <testcase classname="org.springframework.data.jpa.repository.OpenJpaNamespaceUserRepositoryTests" name="executesDerivedCountQueryToInt" time="0.049"/>
  <testcase classname="org.springframework.data.jpa.repository.OpenJpaNamespaceUserRepositoryTests" name="testUsesQueryAnnotation" time="0.016"/>
  <testcase classname="org.springframework.data.jpa.repository.OpenJpaNamespaceUserRepositoryTests" name="deleteByShouldRemoveElementsMatchingDerivedQuery" time="0.025"/>
  <testcase classname="org.springframework.data.jpa.repository.OpenJpaNamespaceUserRepositoryTests" name="executesFinderWithTrueKeywordCorrectly" time="0.039"/>
  <testcase classname="org.springframework.data.jpa.repository.OpenJpaNamespaceUserRepositoryTests" name="testFindByLastname" time="0.026"/>
  <testcase classname="org.springframework.data.jpa.repository.OpenJpaNamespaceUserRepositoryTests" name="testRead" time="0.023"/>
  <testcase classname="org.springframework.data.jpa.repository.OpenJpaNamespaceUserRepositoryTests" name="testOverwritingFinder" time="0.017"/>
  <testcase classname="org.springframework.data.jpa.repository.OpenJpaNamespaceUserRepositoryTests" name="executesLessThatOrEqualQueriesCorrectly" time="0.026"/>
  <testcase classname="org.springframework.data.jpa.repository.OpenJpaNamespaceUserRepositoryTests" name="findBinaryDataByIdNative" time="0.04"/>
  <testcase classname="org.springframework.data.jpa.repository.OpenJpaNamespaceUserRepositoryTests" name="executesFinderWithEndingWithCorrectly" time="0.026"/>
  <testcase classname="org.springframework.data.jpa.repository.OpenJpaNamespaceUserRepositoryTests" name="executesManualQueryWithNamedLikeExpressionCorrectly" time="0.027"/>
  <testcase classname="org.springframework.data.jpa.repository.OpenJpaNamespaceUserRepositoryTests" name="testExecutionOfProjectingMethod" time="0.023"/>
  <testcase classname="org.springframework.data.jpa.repository.OpenJpaNamespaceUserRepositoryTests" name="shouldFindUsersByAgeForSpELExpression" time="0.045"/>
  <testcase classname="org.springframework.data.jpa.repository.OpenJpaNamespaceUserRepositoryTests" name="testFindByEmailAddress" time="0.027"/>
  <testcase classname="org.springframework.data.jpa.repository.OpenJpaNamespaceUserRepositoryTests" name="executesNotLikeCorrectly" time="0.044"/>
  <testcase classname="org.springframework.data.jpa.repository.OpenJpaNamespaceUserRepositoryTests" name="executesSingleEntitySpecificationCorrectly" time="0.04"/>
  <testcase classname="org.springframework.data.jpa.repository.OpenJpaNamespaceUserRepositoryTests" name="executesNativeQueryCorrectly" time="0.033"/>
  <testcase classname="org.springframework.data.jpa.repository.OpenJpaNamespaceUserRepositoryTests" name="executesFinderWithBeforeKeywordCorrectly" time="0.042"/>
  <testcase classname="org.springframework.data.jpa.repository.OpenJpaNamespaceUserRepositoryTests" name="executesManuallyDefinedQueryWithFieldProjection" time="0.037"/>
  <testcase classname="org.springframework.data.jpa.repository.OpenJpaNamespaceUserRepositoryTests" name="executesFinderWithOrderClauseOnly" time="0.032"/>
  <testcase classname="org.springframework.data.jpa.repository.OpenJpaNamespaceUserRepositoryTests" name="executesLikeAndOrderByCorrectly" time="0.031"/>
  <testcase classname="org.springframework.data.jpa.repository.OpenJpaNamespaceUserRepositoryTests" name="invokesQueryWithWrapperType" time="0.035"/>
  <testcase classname="org.springframework.data.jpa.repository.OpenJpaNamespaceUserRepositoryTests" name="customFindByQueryWithPositionalVarargsParameters" time="0.034"/>
  <testcase classname="org.springframework.data.jpa.repository.OpenJpaNamespaceUserRepositoryTests" name="shouldFindUserByLastnameWithSpelExpressionInStringBasedQuery" time="0.043"/>
  <testcase classname="org.springframework.data.jpa.repository.OpenJpaNamespaceUserRepositoryTests" name="executesPagedSpecificationWithSortCorrectly2" time="0.048"/>
  <testcase classname="org.springframework.data.jpa.repository.OpenJpaNamespaceUserRepositoryTests" name="executesMethodWithAnnotatedNamedParametersCorrectly" time="0.02"/>
  <testcase classname="org.springframework.data.jpa.repository.OpenJpaNamespaceUserRepositoryTests" name="findsAllByGivenIds" time="0.042"/>
  <testcase classname="org.springframework.data.jpa.repository.OpenJpaNamespaceUserRepositoryTests" name="executesCombinedSpecificationsWithPageableCorrectly" time="0.05"/>
  <testcase classname="org.springframework.data.jpa.repository.OpenJpaNamespaceUserRepositoryTests" name="shouldSupportModifyingQueryWithVarArgs" time="0.064"/>
  <testcase classname="org.springframework.data.jpa.repository.OpenJpaNamespaceUserRepositoryTests" name="sortByEmbeddedProperty" time="0.031"/>
  <testcase classname="org.springframework.data.jpa.repository.OpenJpaNamespaceUserRepositoryTests" name="executesSpecificationCorrectly" time="0.027"/>
  <testcase classname="org.springframework.data.jpa.repository.OpenJpaNamespaceUserRepositoryTests" name="deleteAll" time="0.042"/>
  <testcase classname="org.springframework.data.jpa.repository.OpenJpaNamespaceUserRepositoryTests" name="find2OldestUsers" time="0.019"/>
  <testcase classname="org.springframework.data.jpa.repository.OpenJpaNamespaceUserRepositoryTests" name="allowsExecutingPageableMethodWithNullPageable" time="0.051"/>
  <testcase classname="org.springframework.data.jpa.repository.OpenJpaNamespaceUserRepositoryTests" name="handlesIterableOfIdsCorrectly" time="0.031"/>
  <testcase classname="org.springframework.data.jpa.repository.OpenJpaNamespaceUserRepositoryTests" name="testMergingCascadesCollegueas" time="0.039"/>
  <testcase classname="org.springframework.data.jpa.repository.OpenJpaNamespaceUserRepositoryTests" name="executesFindByColleaguesLastnameCorrectly" time="0.042"/>
  <testcase classname="org.springframework.data.jpa.repository.OpenJpaNamespaceUserRepositoryTests" name="executesFinderWithContainingCorrectly" time="0.038"/>
  <testcase classname="org.springframework.data.jpa.repository.OpenJpaNamespaceUserRepositoryTests" name="executesMethodWithNamedParametersCorrectlyOnMethodsWithQueryCreation" time="0.019"/>
  <testcase classname="org.springframework.data.jpa.repository.OpenJpaNamespaceUserRepositoryTests" name="executesDerivedCountQueryToLong" time="0.034"/>
  <testcase classname="org.springframework.data.jpa.repository.OpenJpaNamespaceUserRepositoryTests" name="shouldfindUsersBySpELExpressionParametersWithSpelTemplateExpression" time="0.022"/>
  <testcase classname="org.springframework.data.jpa.repository.OpenJpaNamespaceUserRepositoryTests" name="findByEmptyCollectionOfIntegers" time="0.038"/>
  <testcase classname="org.springframework.data.jpa.repository.OpenJpaNamespaceUserRepositoryTests" name="shouldSupportJava8StreamsForRepositoryFinderMethods" time="0.063"/>
  <testcase classname="org.springframework.data.jpa.repository.OpenJpaNamespaceUserRepositoryTests" name="returnsSamePageIfNoSpecGiven" time="0.033"/>
  <testcase classname="org.springframework.data.jpa.repository.OpenJpaNamespaceUserRepositoryTests" name="findYoungestUser" time="0.033"/>
  <testcase classname="org.springframework.data.jpa.repository.OpenJpaNamespaceUserRepositoryTests" name="find2YoungestUsers" time="0.033"/>
  <testcase classname="org.springframework.data.jpa.repository.OpenJpaNamespaceUserRepositoryTests" name="findsUserByBinaryDataReference" time="0.023"/>
  <testcase classname="org.springframework.data.jpa.repository.OpenJpaNamespaceUserRepositoryTests" name="shouldFindByFirstnameAndCurrentUserWithCustomQuery" time="0.032"/>
  <testcase classname="org.springframework.data.jpa.repository.OpenJpaNamespaceUserRepositoryTests" name="executesManualQueryWithPositionLikeExpressionCorrectly" time="0.034"/>
  <testcase classname="org.springframework.data.jpa.repository.OpenJpaNamespaceUserRepositoryTests" name="executesNativeQueryForNonEntitiesCorrectly" time="0.026"/>
  <testcase classname="org.springframework.data.jpa.repository.OpenJpaNamespaceUserRepositoryTests" name="testInvocationOfCustomImplementation" time="0.013"/>
  <testcase classname="org.springframework.data.jpa.repository.OpenJpaNamespaceUserRepositoryTests" name="saveAndFlushShouldSupportReturningSubTypesOfRepositoryEntity" time="0.019"/>
  <testcase classname="org.springframework.data.jpa.repository.OpenJpaNamespaceUserRepositoryTests" name="looksUpEntityReference" time="0.033"/>
  <testcase classname="org.springframework.data.jpa.repository.OpenJpaNamespaceUserRepositoryTests" name="executesFindByNotNullLastnameCorrectly" time="0.036"/>
  <testcase classname="org.springframework.data.jpa.repository.OpenJpaNamespaceUserRepositoryTests" name="findPaginatedExplicitQueryWithCountQueryProjection" time="0.017"/>
  <testcase classname="org.springframework.data.jpa.repository.OpenJpaNamespaceUserRepositoryTests" name="findsUsersBySpringDataNamedQuery" time="0.02"/>
  <testcase classname="org.springframework.data.jpa.repository.OpenJpaNamespaceUserRepositoryTests" name="findsSortedByLastname" time="0.022"/>
  <testcase classname="org.springframework.data.jpa.repository.OpenJpaNamespaceUserRepositoryTests" name="executesSimpleNotCorrectly" time="0.03"/>
  <testcase classname="org.springframework.data.jpa.repository.OpenJpaNamespaceUserRepositoryTests" name="batchDeleteColletionOfEntities" time="0.031"/>
  <testcase classname="org.springframework.data.jpa.repository.OpenJpaNamespaceUserRepositoryTests" name="find2YoungestUsersPageableWithPageSize3" time="0.034"/>
  <testcase classname="org.springframework.data.jpa.repository.OpenJpaNamespaceUserRepositoryTests" name="executesFinderWithStartingWithCorrectly" time="0.024"/>
  <testcase classname="org.springframework.data.jpa.repository.OpenJpaNamespaceUserRepositoryTests" name="shouldFindBySpELExpressionWithoutArgumentsWithColon" time="0.032"/>
  <testcase classname="org.springframework.data.jpa.repository.OpenJpaNamespaceUserRepositoryTests" name="returnsAllSortedCorrectly" time="0.026"/>
  <testcase classname="org.springframework.data.jpa.repository.OpenJpaNamespaceUserRepositoryTests" name="executesFindByNullLastnameCorrectly" time="0.022"/>
  <testcase classname="org.springframework.data.jpa.repository.OpenJpaNamespaceUserRepositoryTests" name="testReadAll" time="0.026"/>
  <testcase classname="org.springframework.data.jpa.repository.OpenJpaNamespaceUserRepositoryTests" name="returnsAllAsPageIfNoPageableIsGiven" time="0.025"/>
  <testcase classname="org.springframework.data.jpa.repository.OpenJpaNamespaceUserRepositoryTests" name="deleteByShouldReturnEmptyListInCaseNoEntityHasBeenRemovedAndReturnTypeIsCollectionLike" time="0.032"/>
  <testcase classname="org.springframework.data.jpa.repository.OpenJpaNamespaceUserRepositoryTests" name="executesQueryMethodWithDeepTraversalCorrectly" time="0.019"/>
  <testcase classname="org.springframework.data.jpa.repository.OpenJpaNamespaceUserRepositoryTests" name="findAllReturnsEmptyIterableIfNoIdsGiven" time="0.012"/>
  <testcase classname="org.springframework.data.jpa.repository.OpenJpaNamespaceUserRepositoryTests" name="customFindByQueryWithNamedVarargsParameters" time="0.021"/>
  <testcase classname="org.springframework.data.jpa.repository.OpenJpaNamespaceUserRepositoryTests" name="executesManipulatingQuery" time="0.033"/>
  <testcase classname="org.springframework.data.jpa.repository.OpenJpaNamespaceUserRepositoryTests" name="shouldSupportJava8StreamsForRepositoryDerivedFinderMethods" time="0.018"/>
  <testcase classname="org.springframework.data.jpa.repository.OpenJpaNamespaceUserRepositoryTests" name="find2YoungestUsersPageableWithPageSize3Sliced" time="0.035"/>
  <testcase classname="org.springframework.data.jpa.repository.OpenJpaNamespaceUserRepositoryTests" name="ordersByReferencedEntityCorrectly" time="0.032"/>
  <testcase classname="org.springframework.data.jpa.repository.OpenJpaNamespaceUserRepositoryTests" name="returnsSameListIfNoSpecGiven" time="0.03"/>
  <testcase classname="org.springframework.data.jpa.repository.OpenJpaNamespaceUserRepositoryTests" name="savingNullCollectionIsNoOp" time="0.017"/>
  <testcase classname="org.springframework.data.jpa.repository.OpenJpaNamespaceUserRepositoryTests" name="returnsNullIfNoEntityFoundForSingleEntitySpecification" time="0.018"/>
  <testcase classname="org.springframework.data.jpa.repository.OpenJpaNamespaceUserRepositoryTests" name="executesNegatingSpecificationCorrectly" time="0.019"/>
  <testcase classname="org.springframework.data.jpa.repository.OpenJpaNamespaceUserRepositoryTests" name="executesGreaterThatOrEqualQueriesCorrectly" time="0.017"/>
  <testcase classname="org.springframework.data.jpa.repository.OpenJpaNamespaceUserRepositoryTests" name="savingEmptyCollectionIsNoOp" time="0.017"/>
  <testcase classname="org.springframework.data.jpa.repository.OpenJpaNamespaceUserRepositoryTests" name="deleteByShouldReturnNumberOfEntitiesRemovedIfReturnTypeIsLong" time="0.023"/>
  <testcase classname="org.springframework.data.jpa.repository.OpenJpaNamespaceUserRepositoryTests" name="removeDetachedObject" time="0.027"/>
  <testcase classname="org.springframework.data.jpa.repository.OpenJpaNamespaceUserRepositoryTests" name="testDelete" time="0.021"/>
  <testcase classname="org.springframework.data.jpa.repository.OpenJpaNamespaceUserRepositoryTests" name="shouldFindBySpELExpressionWithoutArgumentsWithQuestionmark" time="0.019"/>
  <testcase classname="org.springframework.data.jpa.repository.OpenJpaNamespaceUserRepositoryTests" name="savesCollectionCorrectly" time="0.013"/>
  <testcase classname="org.springframework.data.jpa.repository.OpenJpaNamespaceUserRepositoryTests" name="sortByNestedAssociationPropertyWithSortInPageable" time="0.025"/>
  <testcase classname="org.springframework.data.jpa.repository.OpenJpaNamespaceUserRepositoryTests" name="testCountsCorrectly" time="0.018"/>
  <testcase classname="org.springframework.data.jpa.repository.OpenJpaNamespaceUserRepositoryTests" name="shouldFindUserByFirstnameAndLastnameWithSpelExpressionInStringBasedQuery" time="0.023"/>
  <testcase classname="org.springframework.data.jpa.repository.OpenJpaNamespaceUserRepositoryTests" name="returnsAllIgnoreCaseSortedCorrectly" time="0.029"/>
  <testcase classname="org.springframework.data.jpa.repository.OpenJpaNamespaceUserRepositoryTests" name="shouldfindUsersByFirstnameForSpELExpressionOnlyWithParameterIndexReference" time="0.024"/>
  <testcase classname="org.springframework.data.jpa.repository.OpenJpaNamespaceUserRepositoryTests" name="testUpdate" time="0.015"/>
  <testcase classname="org.springframework.data.jpa.repository.OpenJpaNamespaceUserRepositoryTests" name="deleteAllInBatch" time="0.02"/>
  <testcase classname="org.springframework.data.jpa.repository.OpenJpaNamespaceUserRepositoryTests" name="shouldfindUsersByFirstnameForSpELExpressionOnlyWithParameterNameVariableReference" time="0.021"/>
  <testcase classname="org.springframework.data.jpa.repository.OpenJpaNamespaceUserRepositoryTests" name="deleteEmptyCollectionDoesNotDeleteAnything" time="0.019"/>
  <testcase classname="org.springframework.data.jpa.repository.OpenJpaNamespaceUserRepositoryTests" name="returnsSameListIfNoSortIsGiven" time="0.023"/>
  <testcase classname="org.springframework.data.jpa.repository.OpenJpaNamespaceUserRepositoryTests" name="findByElementCollectionAttribute" time="0.04"/>
  <testcase classname="org.springframework.data.jpa.repository.OpenJpaNamespaceUserRepositoryTests" name="testPreventsCascadingRolePersisting" time="0.017"/>
  <testcase classname="org.springframework.data.jpa.repository.OpenJpaNamespaceUserRepositoryTests" name="testFinderInvocationWithNullParameter" time="0.036"/>
  <testcase classname="org.springframework.data.jpa.repository.OpenJpaNamespaceUserRepositoryTests" name="findOldestUser" time="0.037"/>
  <testcase classname="org.springframework.data.jpa.repository.OpenJpaNamespaceUserRepositoryTests" name="findPaginatedNamedQueryWithCountQueryProjection" time="0.015"/>
  <testcase classname="org.springframework.data.jpa.repository.OpenJpaNamespaceUserRepositoryTests" name="executesFinderWithFalseKeywordCorrectly" time="0.015"/>
  <testcase classname="org.springframework.data.jpa.repository.OpenJpaNamespaceUserRepositoryTests" name="findByEmptyCollectionOfStrings" time="0.015"/>
  <testcase classname="org.springframework.data.jpa.repository.OpenJpaNamespaceUserRepositoryTests" name="supportsJava8StreamForPageableMethod" time="0.019"/>
</testsuite>