<?xml version="1.0" encoding="UTF-8"?>
<testsuite name="org.nutz.castor.CastorTest" time="0" tests="52" errors="0" skipped="0" failures="0">
  <properties>
    <property name="java.runtime.name" value="OpenJDK Runtime Environment"/>
    <property name="sun.boot.library.path" value="/usr/lib/jvm/java-8-openjdk-amd64/jre/lib/amd64"/>
    <property name="java.vm.version" value="25.292-b10"/>
    <property name="java.vm.vendor" value="Private Build"/>
    <property name="maven.multiModuleProjectDirectory" value="/home/suvarna/Vinay/Sept-2021/nutz-e06580a6dcfb9c30cd832ae9875aa9384060d8da"/>
    <property name="java.vendor.url" value="http://java.oracle.com/"/>
    <property name="path.separator" value=":"/>
    <property name="guice.disable.misplaced.annotation.check" value="true"/>
    <property name="java.vm.name" value="OpenJDK 64-Bit Server VM"/>
    <property name="file.encoding.pkg" value="sun.io"/>
    <property name="user.country" value="IN"/>
    <property name="sun.java.launcher" value="SUN_STANDARD"/>
    <property name="sun.os.patch.level" value="unknown"/>
    <property name="java.vm.specification.name" value="Java Virtual Machine Specification"/>
    <property name="user.dir" value="/home/suvarna/Vinay/Sept-2021/nutz-e06580a6dcfb9c30cd832ae9875aa9384060d8da"/>
    <property name="java.runtime.version" value="1.8.0_292-8u292-b10-0ubuntu1~16.04.1-b10"/>
    <property name="java.awt.graphicsenv" value="sun.awt.X11GraphicsEnvironment"/>
    <property name="java.endorsed.dirs" value="/usr/lib/jvm/java-8-openjdk-amd64/jre/lib/endorsed"/>
    <property name="os.arch" value="amd64"/>
    <property name="java.io.tmpdir" value="/tmp"/>
    <property name="line.separator" value="&#10;"/>
    <property name="java.vm.specification.vendor" value="Oracle Corporation"/>
    <property name="os.name" value="Linux"/>
    <property name="classworlds.conf" value="/home/suvarna/maven/apache-maven-3.6.3/bin/m2.conf"/>
    <property name="sun.jnu.encoding" value="UTF-8"/>
    <property name="java.library.path" value="/usr/java/packages/lib/amd64:/usr/lib/x86_64-linux-gnu/jni:/lib/x86_64-linux-gnu:/usr/lib/x86_64-linux-gnu:/usr/lib/jni:/lib:/usr/lib"/>
    <property name="maven.conf" value="/home/suvarna/maven/apache-maven-3.6.3/conf"/>
    <property name="java.specification.name" value="Java Platform API Specification"/>
    <property name="java.class.version" value="52.0"/>
    <property name="sun.management.compiler" value="HotSpot 64-Bit Tiered Compilers"/>
    <property name="os.version" value="4.15.0-142-generic"/>
    <property name="library.jansi.path" value="/home/suvarna/maven/apache-maven-3.6.3/lib/jansi-native"/>
    <property name="user.home" value="/home/suvarna"/>
    <property name="user.timezone" value="Asia/Kolkata"/>
    <property name="java.awt.printerjob" value="sun.print.PSPrinterJob"/>
    <property name="java.specification.version" value="1.8"/>
    <property name="file.encoding" value="UTF-8"/>
    <property name="user.name" value="suvarna"/>
    <property name="java.class.path" value="/home/suvarna/maven/apache-maven-3.6.3/boot/plexus-classworlds-2.6.0.jar"/>
    <property name="java.vm.specification.version" value="1.8"/>
    <property name="sun.arch.data.model" value="64"/>
    <property name="java.home" value="/usr/lib/jvm/java-8-openjdk-amd64/jre"/>
    <property name="sun.java.command" value="org.codehaus.plexus.classworlds.launcher.Launcher test"/>
    <property name="java.specification.vendor" value="Oracle Corporation"/>
    <property name="user.language" value="en"/>
    <property name="awt.toolkit" value="sun.awt.X11.XToolkit"/>
    <property name="java.vm.info" value="mixed mode"/>
    <property name="java.version" value="1.8.0_292"/>
    <property name="java.ext.dirs" value="/usr/lib/jvm/java-8-openjdk-amd64/jre/lib/ext:/usr/java/packages/lib/ext"/>
    <property name="securerandom.source" value="file:/dev/./urandom"/>
    <property name="sun.boot.class.path" value="/usr/lib/jvm/java-8-openjdk-amd64/jre/lib/resources.jar:/usr/lib/jvm/java-8-openjdk-amd64/jre/lib/rt.jar:/usr/lib/jvm/java-8-openjdk-amd64/jre/lib/sunrsasign.jar:/usr/lib/jvm/java-8-openjdk-amd64/jre/lib/jsse.jar:/usr/lib/jvm/java-8-openjdk-amd64/jre/lib/jce.jar:/usr/lib/jvm/java-8-openjdk-amd64/jre/lib/charsets.jar:/usr/lib/jvm/java-8-openjdk-amd64/jre/lib/jfr.jar:/usr/lib/jvm/java-8-openjdk-amd64/jre/classes"/>
    <property name="java.vendor" value="Private Build"/>
    <property name="maven.home" value="/home/suvarna/maven/apache-maven-3.6.3"/>
    <property name="file.separator" value="/"/>
    <property name="java.vendor.url.bug" value="http://bugreport.sun.com/bugreport/"/>
    <property name="sun.cpu.endian" value="little"/>
    <property name="sun.io.unicode.encoding" value="UnicodeLittle"/>
    <property name="sun.desktop" value="gnome"/>
    <property name="sun.cpu.isalist" value=""/>
  </properties>
  <testcase name="test_cast_to_boolean" classname="org.nutz.castor.CastorTest" time="0"/>
  <testcase name="test_string_2_nutmap" classname="org.nutz.castor.CastorTest" time="0"/>
  <testcase name="test_str_2_number_zero" classname="org.nutz.castor.CastorTest" time="0"/>
  <testcase name="Object2Array" classname="org.nutz.castor.CastorTest" time="0"/>
  <testcase name="test_Double_to_int" classname="org.nutz.castor.CastorTest" time="0"/>
  <testcase name="test_yyMMdd_to_Timestamp" classname="org.nutz.castor.CastorTest" time="0"/>
  <testcase name="test_null_to_byte_and_short" classname="org.nutz.castor.CastorTest" time="0"/>
  <testcase name="test_cast_blank_to_Integer" classname="org.nutz.castor.CastorTest" time="0"/>
  <testcase name="testCalendar" classname="org.nutz.castor.CastorTest" time="0"/>
  <testcase name="testCalendarParse" classname="org.nutz.castor.CastorTest" time="0"/>
  <testcase name="testInteger2int" classname="org.nutz.castor.CastorTest" time="0"/>
  <testcase name="testInt2Boolean" classname="org.nutz.castor.CastorTest" time="0"/>
  <testcase name="testFloat2Boolean" classname="org.nutz.castor.CastorTest" time="0"/>
  <testcase name="testLong2int" classname="org.nutz.castor.CastorTest" time="0"/>
  <testcase name="testLong2Float" classname="org.nutz.castor.CastorTest" time="0"/>
  <testcase name="testBoolean2Int" classname="org.nutz.castor.CastorTest" time="0"/>
  <testcase name="testString2Long" classname="org.nutz.castor.CastorTest" time="0"/>
  <testcase name="testLong2String" classname="org.nutz.castor.CastorTest" time="0"/>
  <testcase name="testString2bool" classname="org.nutz.castor.CastorTest" time="0"/>
  <testcase name="testString2int" classname="org.nutz.castor.CastorTest" time="0"/>
  <testcase name="testString2Email" classname="org.nutz.castor.CastorTest" time="0"/>
  <testcase name="testString2Float" classname="org.nutz.castor.CastorTest" time="0"/>
  <testcase name="testFloat2String" classname="org.nutz.castor.CastorTest" time="0"/>
  <testcase name="testString2JavaDate" classname="org.nutz.castor.CastorTest" time="0"/>
  <testcase name="testString2Date" classname="org.nutz.castor.CastorTest" time="0"/>
  <testcase name="testString2Time" classname="org.nutz.castor.CastorTest" time="0"/>
  <testcase name="testStringArray2List" classname="org.nutz.castor.CastorTest" time="0"/>
  <testcase name="testIntArray2List" classname="org.nutz.castor.CastorTest" time="0"/>
  <testcase name="testStringList2Arry" classname="org.nutz.castor.CastorTest" time="0"/>
  <testcase name="testIntList2Array" classname="org.nutz.castor.CastorTest" time="0"/>
  <testcase name="testArray2String" classname="org.nutz.castor.CastorTest" time="0"/>
  <testcase name="testString2Array" classname="org.nutz.castor.CastorTest" time="0"/>
  <testcase name="testArray2Array" classname="org.nutz.castor.CastorTest" time="0"/>
  <testcase name="testEnum" classname="org.nutz.castor.CastorTest" time="0"/>
  <testcase name="testCollection2Object" classname="org.nutz.castor.CastorTest" time="0"/>
  <testcase name="testString2Char" classname="org.nutz.castor.CastorTest" time="0"/>
  <testcase name="testCharacter2char" classname="org.nutz.castor.CastorTest" time="0"/>
  <testcase name="testString2File" classname="org.nutz.castor.CastorTest" time="0"/>
  <testcase name="testFile2String" classname="org.nutz.castor.CastorTest" time="0"/>
  <testcase name="testTimestamp2sqlDate" classname="org.nutz.castor.CastorTest" time="0"/>
  <testcase name="testSqlDate2Timestamp" classname="org.nutz.castor.CastorTest" time="0"/>
  <testcase name="testTimestamp2sqlTime" classname="org.nutz.castor.CastorTest" time="0"/>
  <testcase name="testSqlTime2Timestamp" classname="org.nutz.castor.CastorTest" time="0"/>
  <testcase name="testDatetime2sqlDate" classname="org.nutz.castor.CastorTest" time="0"/>
  <testcase name="testSqlDate2Datetime" classname="org.nutz.castor.CastorTest" time="0"/>
  <testcase name="testDatetime2sqlTime" classname="org.nutz.castor.CastorTest" time="0"/>
  <testcase name="testSqlTime2Datetime" classname="org.nutz.castor.CastorTest" time="0"/>
  <testcase name="test_string_to_primitive" classname="org.nutz.castor.CastorTest" time="0"/>
  <testcase name="testDatetime2String" classname="org.nutz.castor.CastorTest" time="0"/>
  <testcase name="testSetSetting" classname="org.nutz.castor.CastorTest" time="0"/>
  <testcase name="testAddCastor" classname="org.nutz.castor.CastorTest" time="0"/>
  <testcase name="testString2Enum" classname="org.nutz.castor.CastorTest" time="0"/>
</testsuite>