<?xml version="1.0" encoding="UTF-8"?>
<testsuite name="org.nutz.dao.test.normal.QueryTest" time="0.005" tests="22" errors="22" skipped="0" failures="0">
  <properties>
    <property name="java.runtime.name" value="OpenJDK Runtime Environment"/>
    <property name="sun.boot.library.path" value="/usr/lib/jvm/java-8-openjdk-amd64/jre/lib/amd64"/>
    <property name="java.vm.version" value="25.292-b10"/>
    <property name="java.vm.vendor" value="Private Build"/>
    <property name="maven.multiModuleProjectDirectory" value="/home/suvarna/Vinay/Sept-2021/nutz-d8c20cde351510b69629b7642ae2bf07db95f73f"/>
    <property name="java.vendor.url" value="http://java.oracle.com/"/>
    <property name="path.separator" value=":"/>
    <property name="guice.disable.misplaced.annotation.check" value="true"/>
    <property name="java.vm.name" value="OpenJDK 64-Bit Server VM"/>
    <property name="file.encoding.pkg" value="sun.io"/>
    <property name="user.country" value="IN"/>
    <property name="sun.java.launcher" value="SUN_STANDARD"/>
    <property name="sun.os.patch.level" value="unknown"/>
    <property name="java.vm.specification.name" value="Java Virtual Machine Specification"/>
    <property name="user.dir" value="/home/suvarna/Vinay/Sept-2021/nutz-d8c20cde351510b69629b7642ae2bf07db95f73f"/>
    <property name="java.runtime.version" value="1.8.0_292-8u292-b10-0ubuntu1~16.04.1-b10"/>
    <property name="java.awt.graphicsenv" value="sun.awt.X11GraphicsEnvironment"/>
    <property name="java.endorsed.dirs" value="/usr/lib/jvm/java-8-openjdk-amd64/jre/lib/endorsed"/>
    <property name="os.arch" value="amd64"/>
    <property name="java.io.tmpdir" value="/tmp"/>
    <property name="line.separator" value="&#10;"/>
    <property name="java.vm.specification.vendor" value="Oracle Corporation"/>
    <property name="os.name" value="Linux"/>
    <property name="classworlds.conf" value="/home/suvarna/maven/apache-maven-3.6.3/bin/m2.conf"/>
    <property name="sun.jnu.encoding" value="UTF-8"/>
    <property name="java.library.path" value="/usr/java/packages/lib/amd64:/usr/lib/x86_64-linux-gnu/jni:/lib/x86_64-linux-gnu:/usr/lib/x86_64-linux-gnu:/usr/lib/jni:/lib:/usr/lib"/>
    <property name="maven.conf" value="/home/suvarna/maven/apache-maven-3.6.3/conf"/>
    <property name="java.specification.name" value="Java Platform API Specification"/>
    <property name="java.class.version" value="52.0"/>
    <property name="sun.management.compiler" value="HotSpot 64-Bit Tiered Compilers"/>
    <property name="os.version" value="4.15.0-142-generic"/>
    <property name="library.jansi.path" value="/home/suvarna/maven/apache-maven-3.6.3/lib/jansi-native"/>
    <property name="user.home" value="/home/suvarna"/>
    <property name="user.timezone" value="Asia/Kolkata"/>
    <property name="java.awt.printerjob" value="sun.print.PSPrinterJob"/>
    <property name="java.specification.version" value="1.8"/>
    <property name="file.encoding" value="UTF-8"/>
    <property name="user.name" value="suvarna"/>
    <property name="java.class.path" value="/home/suvarna/maven/apache-maven-3.6.3/boot/plexus-classworlds-2.6.0.jar"/>
    <property name="java.vm.specification.version" value="1.8"/>
    <property name="sun.arch.data.model" value="64"/>
    <property name="java.home" value="/usr/lib/jvm/java-8-openjdk-amd64/jre"/>
    <property name="sun.java.command" value="org.codehaus.plexus.classworlds.launcher.Launcher test"/>
    <property name="java.specification.vendor" value="Oracle Corporation"/>
    <property name="user.language" value="en"/>
    <property name="awt.toolkit" value="sun.awt.X11.XToolkit"/>
    <property name="java.vm.info" value="mixed mode"/>
    <property name="java.version" value="1.8.0_292"/>
    <property name="java.ext.dirs" value="/usr/lib/jvm/java-8-openjdk-amd64/jre/lib/ext:/usr/java/packages/lib/ext"/>
    <property name="securerandom.source" value="file:/dev/./urandom"/>
    <property name="sun.boot.class.path" value="/usr/lib/jvm/java-8-openjdk-amd64/jre/lib/resources.jar:/usr/lib/jvm/java-8-openjdk-amd64/jre/lib/rt.jar:/usr/lib/jvm/java-8-openjdk-amd64/jre/lib/sunrsasign.jar:/usr/lib/jvm/java-8-openjdk-amd64/jre/lib/jsse.jar:/usr/lib/jvm/java-8-openjdk-amd64/jre/lib/jce.jar:/usr/lib/jvm/java-8-openjdk-amd64/jre/lib/charsets.jar:/usr/lib/jvm/java-8-openjdk-amd64/jre/lib/jfr.jar:/usr/lib/jvm/java-8-openjdk-amd64/jre/classes"/>
    <property name="java.vendor" value="Private Build"/>
    <property name="maven.home" value="/home/suvarna/maven/apache-maven-3.6.3"/>
    <property name="file.separator" value="/"/>
    <property name="java.vendor.url.bug" value="http://bugreport.sun.com/bugreport/"/>
    <property name="sun.cpu.endian" value="little"/>
    <property name="sun.io.unicode.encoding" value="UnicodeLittle"/>
    <property name="sun.desktop" value="gnome"/>
    <property name="sun.cpu.isalist" value=""/>
  </properties>
  <testcase name="test_query_by_fieldfilter" classname="org.nutz.dao.test.normal.QueryTest" time="0">
    <error message="IocBean[dao -&gt; dataSource] throw Exception when creating" type="org.nutz.ioc.IocException">org.nutz.ioc.IocException: IocBean[dao -> dataSource] throw Exception when creating
	at org.nutz.ioc.impl.ObjectMakerImpl.make(ObjectMakerImpl.java:150)
	at org.nutz.ioc.impl.NutIoc.get(NutIoc.java:210)
	at org.nutz.ioc.val.ReferValue.get(ReferValue.java:24)
	at org.nutz.ioc.impl.ObjectMakerImpl.make(ObjectMakerImpl.java:62)
	at org.nutz.ioc.impl.NutIoc.get(NutIoc.java:210)
	at org.nutz.ioc.impl.NutIoc.get(NutIoc.java:239)
	at org.nutz.dao.test.DaoCase.setUp(DaoCase.java:22)
	at sun.reflect.GeneratedMethodAccessor23.invoke(Unknown Source)
	at sun.reflect.DelegatingMethodAccessorImpl.invoke(DelegatingMethodAccessorImpl.java:43)
	at java.lang.reflect.Method.invoke(Method.java:498)
	at org.junit.runners.model.FrameworkMethod$1.runReflectiveCall(FrameworkMethod.java:44)
	at org.junit.internal.runners.model.ReflectiveCallable.run(ReflectiveCallable.java:15)
	at org.junit.runners.model.FrameworkMethod.invokeExplosively(FrameworkMethod.java:41)
	at org.junit.internal.runners.statements.RunBefores.evaluate(RunBefores.java:27)
	at org.junit.internal.runners.statements.RunAfters.evaluate(RunAfters.java:31)
	at org.junit.runners.BlockJUnit4ClassRunner.runNotIgnored(BlockJUnit4ClassRunner.java:79)
	at org.junit.runners.BlockJUnit4ClassRunner.runChild(BlockJUnit4ClassRunner.java:71)
	at org.junit.runners.BlockJUnit4ClassRunner.runChild(BlockJUnit4ClassRunner.java:49)
	at org.junit.runners.ParentRunner$3.run(ParentRunner.java:193)
	at org.junit.runners.ParentRunner$1.schedule(ParentRunner.java:52)
	at org.junit.runners.ParentRunner.runChildren(ParentRunner.java:191)
	at org.junit.runners.ParentRunner.access$000(ParentRunner.java:42)
	at org.junit.runners.ParentRunner$2.evaluate(ParentRunner.java:184)
	at org.junit.runners.ParentRunner.run(ParentRunner.java:236)
	at org.apache.maven.surefire.junit4.JUnit4Provider.execute(JUnit4Provider.java:283)
	at org.apache.maven.surefire.junit4.JUnit4Provider.executeWithRerun(JUnit4Provider.java:173)
	at org.apache.maven.surefire.junit4.JUnit4Provider.executeTestSet(JUnit4Provider.java:153)
	at org.apache.maven.surefire.junit4.JUnit4Provider.invoke(JUnit4Provider.java:128)
	at org.apache.maven.surefire.booter.ForkedBooter.invokeProviderInSameClassLoader(ForkedBooter.java:203)
	at org.apache.maven.surefire.booter.ForkedBooter.runSuitesInProcess(ForkedBooter.java:155)
	at org.apache.maven.surefire.booter.ForkedBooter.main(ForkedBooter.java:103)
Caused by: java.lang.RuntimeException: IocBean[dataSource] fail at field=[driverClassName]
	at org.nutz.ioc.weaver.FieldInjector.inject(FieldInjector.java:40)
	at org.nutz.ioc.weaver.DefaultWeaver.fill(DefaultWeaver.java:56)
	at org.nutz.ioc.impl.ObjectMakerImpl.make(ObjectMakerImpl.java:136)
	at org.nutz.ioc.impl.NutIoc.get(NutIoc.java:210)
	at org.nutz.ioc.val.ReferValue.get(ReferValue.java:24)
	at org.nutz.ioc.impl.ObjectMakerImpl.make(ObjectMakerImpl.java:62)
	at org.nutz.ioc.impl.NutIoc.get(NutIoc.java:210)
	at org.nutz.ioc.impl.NutIoc.get(NutIoc.java:239)
	at org.nutz.dao.test.DaoCase.setUp(DaoCase.java:22)
	at sun.reflect.GeneratedMethodAccessor23.invoke(Unknown Source)
	at sun.reflect.DelegatingMethodAccessorImpl.invoke(DelegatingMethodAccessorImpl.java:43)
	at java.lang.reflect.Method.invoke(Method.java:498)
	at org.junit.runners.model.FrameworkMethod$1.runReflectiveCall(FrameworkMethod.java:44)
	at org.junit.internal.runners.model.ReflectiveCallable.run(ReflectiveCallable.java:15)
	at org.junit.runners.model.FrameworkMethod.invokeExplosively(FrameworkMethod.java:41)
	at org.junit.internal.runners.statements.RunBefores.evaluate(RunBefores.java:27)
	at org.junit.internal.runners.statements.RunAfters.evaluate(RunAfters.java:31)
	at org.junit.runners.BlockJUnit4ClassRunner.runNotIgnored(BlockJUnit4ClassRunner.java:79)
	at org.junit.runners.BlockJUnit4ClassRunner.runChild(BlockJUnit4ClassRunner.java:71)
	at org.junit.runners.BlockJUnit4ClassRunner.runChild(BlockJUnit4ClassRunner.java:49)
	at org.junit.runners.ParentRunner$3.run(ParentRunner.java:193)
	at org.junit.runners.ParentRunner$1.schedule(ParentRunner.java:52)
	at org.junit.runners.ParentRunner.runChildren(ParentRunner.java:191)
	at org.junit.runners.ParentRunner.access$000(ParentRunner.java:42)
	at org.junit.runners.ParentRunner$2.evaluate(ParentRunner.java:184)
	at org.junit.runners.ParentRunner.run(ParentRunner.java:236)
	at org.apache.maven.surefire.junit4.JUnit4Provider.execute(JUnit4Provider.java:283)
	at org.apache.maven.surefire.junit4.JUnit4Provider.executeWithRerun(JUnit4Provider.java:173)
	at org.apache.maven.surefire.junit4.JUnit4Provider.executeTestSet(JUnit4Provider.java:153)
	at org.apache.maven.surefire.junit4.JUnit4Provider.invoke(JUnit4Provider.java:128)
	at org.apache.maven.surefire.booter.ForkedBooter.invokeProviderInSameClassLoader(ForkedBooter.java:203)
	at org.apache.maven.surefire.booter.ForkedBooter.runSuitesInProcess(ForkedBooter.java:155)
	at org.apache.maven.surefire.booter.ForkedBooter.main(ForkedBooter.java:103)
Caused by: org.nutz.ioc.IocException: IocBean[config] throw Exception when creating
	at org.nutz.ioc.impl.ObjectMakerImpl.make(ObjectMakerImpl.java:150)
	at org.nutz.ioc.impl.NutIoc.get(NutIoc.java:210)
	at org.nutz.ioc.impl.NutIoc.get(NutIoc.java:239)
	at org.nutz.ioc.java.IocObjectNode.getValue(IocObjectNode.java:19)
	at org.nutz.ioc.java.ChainNode.eval(ChainNode.java:24)
	at org.nutz.ioc.java.ChainNode.eval(ChainNode.java:19)
	at org.nutz.ioc.val.JavaValue.get(JavaValue.java:69)
	at org.nutz.ioc.weaver.FieldInjector.inject(FieldInjector.java:32)
	at org.nutz.ioc.weaver.DefaultWeaver.fill(DefaultWeaver.java:56)
	at org.nutz.ioc.impl.ObjectMakerImpl.make(ObjectMakerImpl.java:136)
	at org.nutz.ioc.impl.NutIoc.get(NutIoc.java:210)
	at org.nutz.ioc.val.ReferValue.get(ReferValue.java:24)
	at org.nutz.ioc.impl.ObjectMakerImpl.make(ObjectMakerImpl.java:62)
	at org.nutz.ioc.impl.NutIoc.get(NutIoc.java:210)
	at org.nutz.ioc.impl.NutIoc.get(NutIoc.java:239)
	at org.nutz.dao.test.DaoCase.setUp(DaoCase.java:22)
	at sun.reflect.GeneratedMethodAccessor23.invoke(Unknown Source)
	at sun.reflect.DelegatingMethodAccessorImpl.invoke(DelegatingMethodAccessorImpl.java:43)
	at java.lang.reflect.Method.invoke(Method.java:498)
	at org.junit.runners.model.FrameworkMethod$1.runReflectiveCall(FrameworkMethod.java:44)
	at org.junit.internal.runners.model.ReflectiveCallable.run(ReflectiveCallable.java:15)
	at org.junit.runners.model.FrameworkMethod.invokeExplosively(FrameworkMethod.java:41)
	at org.junit.internal.runners.statements.RunBefores.evaluate(RunBefores.java:27)
	at org.junit.internal.runners.statements.RunAfters.evaluate(RunAfters.java:31)
	at org.junit.runners.BlockJUnit4ClassRunner.runNotIgnored(BlockJUnit4ClassRunner.java:79)
	at org.junit.runners.BlockJUnit4ClassRunner.runChild(BlockJUnit4ClassRunner.java:71)
	at org.junit.runners.BlockJUnit4ClassRunner.runChild(BlockJUnit4ClassRunner.java:49)
	at org.junit.runners.ParentRunner$3.run(ParentRunner.java:193)
	at org.junit.runners.ParentRunner$1.schedule(ParentRunner.java:52)
	at org.junit.runners.ParentRunner.runChildren(ParentRunner.java:191)
	at org.junit.runners.ParentRunner.access$000(ParentRunner.java:42)
	at org.junit.runners.ParentRunner$2.evaluate(ParentRunner.java:184)
	at org.junit.runners.ParentRunner.run(ParentRunner.java:236)
	at org.apache.maven.surefire.junit4.JUnit4Provider.execute(JUnit4Provider.java:283)
	at org.apache.maven.surefire.junit4.JUnit4Provider.executeWithRerun(JUnit4Provider.java:173)
	at org.apache.maven.surefire.junit4.JUnit4Provider.executeTestSet(JUnit4Provider.java:153)
	at org.apache.maven.surefire.junit4.JUnit4Provider.invoke(JUnit4Provider.java:128)
	at org.apache.maven.surefire.booter.ForkedBooter.invokeProviderInSameClassLoader(ForkedBooter.java:203)
	at org.apache.maven.surefire.booter.ForkedBooter.runSuitesInProcess(ForkedBooter.java:155)
	at org.apache.maven.surefire.booter.ForkedBooter.main(ForkedBooter.java:103)
Caused by: java.lang.RuntimeException: IocBean[config] fail at field=[paths]
	at org.nutz.ioc.weaver.FieldInjector.inject(FieldInjector.java:40)
	at org.nutz.ioc.weaver.DefaultWeaver.fill(DefaultWeaver.java:56)
	at org.nutz.ioc.impl.ObjectMakerImpl.make(ObjectMakerImpl.java:136)
	at org.nutz.ioc.impl.NutIoc.get(NutIoc.java:210)
	at org.nutz.ioc.impl.NutIoc.get(NutIoc.java:239)
	at org.nutz.ioc.java.IocObjectNode.getValue(IocObjectNode.java:19)
	at org.nutz.ioc.java.ChainNode.eval(ChainNode.java:24)
	at org.nutz.ioc.java.ChainNode.eval(ChainNode.java:19)
	at org.nutz.ioc.val.JavaValue.get(JavaValue.java:69)
	at org.nutz.ioc.weaver.FieldInjector.inject(FieldInjector.java:32)
	at org.nutz.ioc.weaver.DefaultWeaver.fill(DefaultWeaver.java:56)
	at org.nutz.ioc.impl.ObjectMakerImpl.make(ObjectMakerImpl.java:136)
	at org.nutz.ioc.impl.NutIoc.get(NutIoc.java:210)
	at org.nutz.ioc.val.ReferValue.get(ReferValue.java:24)
	at org.nutz.ioc.impl.ObjectMakerImpl.make(ObjectMakerImpl.java:62)
	at org.nutz.ioc.impl.NutIoc.get(NutIoc.java:210)
	at org.nutz.ioc.impl.NutIoc.get(NutIoc.java:239)
	at org.nutz.dao.test.DaoCase.setUp(DaoCase.java:22)
	at sun.reflect.GeneratedMethodAccessor23.invoke(Unknown Source)
	at sun.reflect.DelegatingMethodAccessorImpl.invoke(DelegatingMethodAccessorImpl.java:43)
	at java.lang.reflect.Method.invoke(Method.java:498)
	at org.junit.runners.model.FrameworkMethod$1.runReflectiveCall(FrameworkMethod.java:44)
	at org.junit.internal.runners.model.ReflectiveCallable.run(ReflectiveCallable.java:15)
	at org.junit.runners.model.FrameworkMethod.invokeExplosively(FrameworkMethod.java:41)
	at org.junit.internal.runners.statements.RunBefores.evaluate(RunBefores.java:27)
	at org.junit.internal.runners.statements.RunAfters.evaluate(RunAfters.java:31)
	at org.junit.runners.BlockJUnit4ClassRunner.runNotIgnored(BlockJUnit4ClassRunner.java:79)
	at org.junit.runners.BlockJUnit4ClassRunner.runChild(BlockJUnit4ClassRunner.java:71)
	at org.junit.runners.BlockJUnit4ClassRunner.runChild(BlockJUnit4ClassRunner.java:49)
	at org.junit.runners.ParentRunner$3.run(ParentRunner.java:193)
	at org.junit.runners.ParentRunner$1.schedule(ParentRunner.java:52)
	at org.junit.runners.ParentRunner.runChildren(ParentRunner.java:191)
	at org.junit.runners.ParentRunner.access$000(ParentRunner.java:42)
	at org.junit.runners.ParentRunner$2.evaluate(ParentRunner.java:184)
	at org.junit.runners.ParentRunner.run(ParentRunner.java:236)
	at org.apache.maven.surefire.junit4.JUnit4Provider.execute(JUnit4Provider.java:283)
	at org.apache.maven.surefire.junit4.JUnit4Provider.executeWithRerun(JUnit4Provider.java:173)
	at org.apache.maven.surefire.junit4.JUnit4Provider.executeTestSet(JUnit4Provider.java:153)
	at org.apache.maven.surefire.junit4.JUnit4Provider.invoke(JUnit4Provider.java:128)
	at org.apache.maven.surefire.booter.ForkedBooter.invokeProviderInSameClassLoader(ForkedBooter.java:203)
	at org.apache.maven.surefire.booter.ForkedBooter.runSuitesInProcess(ForkedBooter.java:155)
	at org.apache.maven.surefire.booter.ForkedBooter.main(ForkedBooter.java:103)
Caused by: java.lang.RuntimeException: Fail to set '[nutz-test.properties]'[ [Ljava.lang.String;@11381415 ] by setter org.nutz.ioc.impl.PropertiesProxy.'setPaths()' because [java.lang.RuntimeException: folder or file like '^.+[.]properties$' no found in nutz-test.properties]: folder or file like '^.+[.]properties$' no found in nutz-test.properties
	at org.nutz.lang.Lang.wrapThrow(Lang.java:167)
	at org.nutz.lang.inject.InjectBySetter.inject(InjectBySetter.java:62)
	at org.nutz.ioc.weaver.FieldInjector.inject(FieldInjector.java:33)
	at org.nutz.ioc.weaver.DefaultWeaver.fill(DefaultWeaver.java:56)
	at org.nutz.ioc.impl.ObjectMakerImpl.make(ObjectMakerImpl.java:136)
	at org.nutz.ioc.impl.NutIoc.get(NutIoc.java:210)
	at org.nutz.ioc.impl.NutIoc.get(NutIoc.java:239)
	at org.nutz.ioc.java.IocObjectNode.getValue(IocObjectNode.java:19)
	at org.nutz.ioc.java.ChainNode.eval(ChainNode.java:24)
	at org.nutz.ioc.java.ChainNode.eval(ChainNode.java:19)
	at org.nutz.ioc.val.JavaValue.get(JavaValue.java:69)
	at org.nutz.ioc.weaver.FieldInjector.inject(FieldInjector.java:32)
	at org.nutz.ioc.weaver.DefaultWeaver.fill(DefaultWeaver.java:56)
	at org.nutz.ioc.impl.ObjectMakerImpl.make(ObjectMakerImpl.java:136)
	at org.nutz.ioc.impl.NutIoc.get(NutIoc.java:210)
	at org.nutz.ioc.val.ReferValue.get(ReferValue.java:24)
	at org.nutz.ioc.impl.ObjectMakerImpl.make(ObjectMakerImpl.java:62)
	at org.nutz.ioc.impl.NutIoc.get(NutIoc.java:210)
	at org.nutz.ioc.impl.NutIoc.get(NutIoc.java:239)
	at org.nutz.dao.test.DaoCase.setUp(DaoCase.java:22)
	at sun.reflect.GeneratedMethodAccessor23.invoke(Unknown Source)
	at sun.reflect.DelegatingMethodAccessorImpl.invoke(DelegatingMethodAccessorImpl.java:43)
	at java.lang.reflect.Method.invoke(Method.java:498)
	at org.junit.runners.model.FrameworkMethod$1.runReflectiveCall(FrameworkMethod.java:44)
	at org.junit.internal.runners.model.ReflectiveCallable.run(ReflectiveCallable.java:15)
	at org.junit.runners.model.FrameworkMethod.invokeExplosively(FrameworkMethod.java:41)
	at org.junit.internal.runners.statements.RunBefores.evaluate(RunBefores.java:27)
	at org.junit.internal.runners.statements.RunAfters.evaluate(RunAfters.java:31)
	at org.junit.runners.BlockJUnit4ClassRunner.runNotIgnored(BlockJUnit4ClassRunner.java:79)
	at org.junit.runners.BlockJUnit4ClassRunner.runChild(BlockJUnit4ClassRunner.java:71)
	at org.junit.runners.BlockJUnit4ClassRunner.runChild(BlockJUnit4ClassRunner.java:49)
	at org.junit.runners.ParentRunner$3.run(ParentRunner.java:193)
	at org.junit.runners.ParentRunner$1.schedule(ParentRunner.java:52)
	at org.junit.runners.ParentRunner.runChildren(ParentRunner.java:191)
	at org.junit.runners.ParentRunner.access$000(ParentRunner.java:42)
	at org.junit.runners.ParentRunner$2.evaluate(ParentRunner.java:184)
	at org.junit.runners.ParentRunner.run(ParentRunner.java:236)
	at org.apache.maven.surefire.junit4.JUnit4Provider.execute(JUnit4Provider.java:283)
	at org.apache.maven.surefire.junit4.JUnit4Provider.executeWithRerun(JUnit4Provider.java:173)
	at org.apache.maven.surefire.junit4.JUnit4Provider.executeTestSet(JUnit4Provider.java:153)
	at org.apache.maven.surefire.junit4.JUnit4Provider.invoke(JUnit4Provider.java:128)
	at org.apache.maven.surefire.booter.ForkedBooter.invokeProviderInSameClassLoader(ForkedBooter.java:203)
	at org.apache.maven.surefire.booter.ForkedBooter.runSuitesInProcess(ForkedBooter.java:155)
	at org.apache.maven.surefire.booter.ForkedBooter.main(ForkedBooter.java:103)
Caused by: java.lang.RuntimeException: folder or file like '^.+[.]properties$' no found in nutz-test.properties
	at org.nutz.lang.Lang.makeThrow(Lang.java:151)
	at org.nutz.resource.Scans.loadResource(Scans.java:112)
	at org.nutz.ioc.impl.PropertiesProxy.getResources(PropertiesProxy.java:153)
	at org.nutz.ioc.impl.PropertiesProxy.setPaths(PropertiesProxy.java:109)
	at org.nutz.ioc.impl.PropertiesProxy$FM$setPaths$d0275b2b871e237a38f11859247d1599.invoke(PropertiesProxy.java)
	at org.nutz.lang.inject.InjectBySetter.inject(InjectBySetter.java:51)
	at org.nutz.ioc.weaver.FieldInjector.inject(FieldInjector.java:33)
	at org.nutz.ioc.weaver.DefaultWeaver.fill(DefaultWeaver.java:56)
	at org.nutz.ioc.impl.ObjectMakerImpl.make(ObjectMakerImpl.java:136)
	at org.nutz.ioc.impl.NutIoc.get(NutIoc.java:210)
	at org.nutz.ioc.impl.NutIoc.get(NutIoc.java:239)
	at org.nutz.ioc.java.IocObjectNode.getValue(IocObjectNode.java:19)
	at org.nutz.ioc.java.ChainNode.eval(ChainNode.java:24)
	at org.nutz.ioc.java.ChainNode.eval(ChainNode.java:19)
	at org.nutz.ioc.val.JavaValue.get(JavaValue.java:69)
	at org.nutz.ioc.weaver.FieldInjector.inject(FieldInjector.java:32)
	at org.nutz.ioc.weaver.DefaultWeaver.fill(DefaultWeaver.java:56)
	at org.nutz.ioc.impl.ObjectMakerImpl.make(ObjectMakerImpl.java:136)
	at org.nutz.ioc.impl.NutIoc.get(NutIoc.java:210)
	at org.nutz.ioc.val.ReferValue.get(ReferValue.java:24)
	at org.nutz.ioc.impl.ObjectMakerImpl.make(ObjectMakerImpl.java:62)
	at org.nutz.ioc.impl.NutIoc.get(NutIoc.java:210)
	at org.nutz.ioc.impl.NutIoc.get(NutIoc.java:239)
	at org.nutz.dao.test.DaoCase.setUp(DaoCase.java:22)
	at sun.reflect.GeneratedMethodAccessor23.invoke(Unknown Source)
	at sun.reflect.DelegatingMethodAccessorImpl.invoke(DelegatingMethodAccessorImpl.java:43)
	at java.lang.reflect.Method.invoke(Method.java:498)
	at org.junit.runners.model.FrameworkMethod$1.runReflectiveCall(FrameworkMethod.java:44)
	at org.junit.internal.runners.model.ReflectiveCallable.run(ReflectiveCallable.java:15)
	at org.junit.runners.model.FrameworkMethod.invokeExplosively(FrameworkMethod.java:41)
	at org.junit.internal.runners.statements.RunBefores.evaluate(RunBefores.java:27)
	at org.junit.internal.runners.statements.RunAfters.evaluate(RunAfters.java:31)
	at org.junit.runners.BlockJUnit4ClassRunner.runNotIgnored(BlockJUnit4ClassRunner.java:79)
	at org.junit.runners.BlockJUnit4ClassRunner.runChild(BlockJUnit4ClassRunner.java:71)
	at org.junit.runners.BlockJUnit4ClassRunner.runChild(BlockJUnit4ClassRunner.java:49)
	at org.junit.runners.ParentRunner$3.run(ParentRunner.java:193)
	at org.junit.runners.ParentRunner$1.schedule(ParentRunner.java:52)
	at org.junit.runners.ParentRunner.runChildren(ParentRunner.java:191)
	at org.junit.runners.ParentRunner.access$000(ParentRunner.java:42)
	at org.junit.runners.ParentRunner$2.evaluate(ParentRunner.java:184)
	at org.junit.runners.ParentRunner.run(ParentRunner.java:236)
	at org.apache.maven.surefire.junit4.JUnit4Provider.execute(JUnit4Provider.java:283)
	at org.apache.maven.surefire.junit4.JUnit4Provider.executeWithRerun(JUnit4Provider.java:173)
	at org.apache.maven.surefire.junit4.JUnit4Provider.executeTestSet(JUnit4Provider.java:153)
	at org.apache.maven.surefire.junit4.JUnit4Provider.invoke(JUnit4Provider.java:128)
	at org.apache.maven.surefire.booter.ForkedBooter.invokeProviderInSameClassLoader(ForkedBooter.java:203)
	at org.apache.maven.surefire.booter.ForkedBooter.runSuitesInProcess(ForkedBooter.java:155)
	at org.apache.maven.surefire.booter.ForkedBooter.main(ForkedBooter.java:103)
</error>
  </testcase>
  <testcase name="test_fetcy_by_fieldfilter" classname="org.nutz.dao.test.normal.QueryTest" time="0">
    <error message="IocBean[dao -&gt; dataSource] throw Exception when creating" type="org.nutz.ioc.IocException">org.nutz.ioc.IocException: IocBean[dao -> dataSource] throw Exception when creating
	at org.nutz.ioc.impl.ObjectMakerImpl.make(ObjectMakerImpl.java:150)
	at org.nutz.ioc.impl.NutIoc.get(NutIoc.java:210)
	at org.nutz.ioc.val.ReferValue.get(ReferValue.java:24)
	at org.nutz.ioc.impl.ObjectMakerImpl.make(ObjectMakerImpl.java:62)
	at org.nutz.ioc.impl.NutIoc.get(NutIoc.java:210)
	at org.nutz.ioc.impl.NutIoc.get(NutIoc.java:239)
	at org.nutz.dao.test.DaoCase.setUp(DaoCase.java:22)
	at sun.reflect.GeneratedMethodAccessor23.invoke(Unknown Source)
	at sun.reflect.DelegatingMethodAccessorImpl.invoke(DelegatingMethodAccessorImpl.java:43)
	at java.lang.reflect.Method.invoke(Method.java:498)
	at org.junit.runners.model.FrameworkMethod$1.runReflectiveCall(FrameworkMethod.java:44)
	at org.junit.internal.runners.model.ReflectiveCallable.run(ReflectiveCallable.java:15)
	at org.junit.runners.model.FrameworkMethod.invokeExplosively(FrameworkMethod.java:41)
	at org.junit.internal.runners.statements.RunBefores.evaluate(RunBefores.java:27)
	at org.junit.internal.runners.statements.RunAfters.evaluate(RunAfters.java:31)
	at org.junit.runners.BlockJUnit4ClassRunner.runNotIgnored(BlockJUnit4ClassRunner.java:79)
	at org.junit.runners.BlockJUnit4ClassRunner.runChild(BlockJUnit4ClassRunner.java:71)
	at org.junit.runners.BlockJUnit4ClassRunner.runChild(BlockJUnit4ClassRunner.java:49)
	at org.junit.runners.ParentRunner$3.run(ParentRunner.java:193)
	at org.junit.runners.ParentRunner$1.schedule(ParentRunner.java:52)
	at org.junit.runners.ParentRunner.runChildren(ParentRunner.java:191)
	at org.junit.runners.ParentRunner.access$000(ParentRunner.java:42)
	at org.junit.runners.ParentRunner$2.evaluate(ParentRunner.java:184)
	at org.junit.runners.ParentRunner.run(ParentRunner.java:236)
	at org.apache.maven.surefire.junit4.JUnit4Provider.execute(JUnit4Provider.java:283)
	at org.apache.maven.surefire.junit4.JUnit4Provider.executeWithRerun(JUnit4Provider.java:173)
	at org.apache.maven.surefire.junit4.JUnit4Provider.executeTestSet(JUnit4Provider.java:153)
	at org.apache.maven.surefire.junit4.JUnit4Provider.invoke(JUnit4Provider.java:128)
	at org.apache.maven.surefire.booter.ForkedBooter.invokeProviderInSameClassLoader(ForkedBooter.java:203)
	at org.apache.maven.surefire.booter.ForkedBooter.runSuitesInProcess(ForkedBooter.java:155)
	at org.apache.maven.surefire.booter.ForkedBooter.main(ForkedBooter.java:103)
Caused by: java.lang.RuntimeException: IocBean[dataSource] fail at field=[driverClassName]
	at org.nutz.ioc.weaver.FieldInjector.inject(FieldInjector.java:40)
	at org.nutz.ioc.weaver.DefaultWeaver.fill(DefaultWeaver.java:56)
	at org.nutz.ioc.impl.ObjectMakerImpl.make(ObjectMakerImpl.java:136)
	at org.nutz.ioc.impl.NutIoc.get(NutIoc.java:210)
	at org.nutz.ioc.val.ReferValue.get(ReferValue.java:24)
	at org.nutz.ioc.impl.ObjectMakerImpl.make(ObjectMakerImpl.java:62)
	at org.nutz.ioc.impl.NutIoc.get(NutIoc.java:210)
	at org.nutz.ioc.impl.NutIoc.get(NutIoc.java:239)
	at org.nutz.dao.test.DaoCase.setUp(DaoCase.java:22)
	at sun.reflect.GeneratedMethodAccessor23.invoke(Unknown Source)
	at sun.reflect.DelegatingMethodAccessorImpl.invoke(DelegatingMethodAccessorImpl.java:43)
	at java.lang.reflect.Method.invoke(Method.java:498)
	at org.junit.runners.model.FrameworkMethod$1.runReflectiveCall(FrameworkMethod.java:44)
	at org.junit.internal.runners.model.ReflectiveCallable.run(ReflectiveCallable.java:15)
	at org.junit.runners.model.FrameworkMethod.invokeExplosively(FrameworkMethod.java:41)
	at org.junit.internal.runners.statements.RunBefores.evaluate(RunBefores.java:27)
	at org.junit.internal.runners.statements.RunAfters.evaluate(RunAfters.java:31)
	at org.junit.runners.BlockJUnit4ClassRunner.runNotIgnored(BlockJUnit4ClassRunner.java:79)
	at org.junit.runners.BlockJUnit4ClassRunner.runChild(BlockJUnit4ClassRunner.java:71)
	at org.junit.runners.BlockJUnit4ClassRunner.runChild(BlockJUnit4ClassRunner.java:49)
	at org.junit.runners.ParentRunner$3.run(ParentRunner.java:193)
	at org.junit.runners.ParentRunner$1.schedule(ParentRunner.java:52)
	at org.junit.runners.ParentRunner.runChildren(ParentRunner.java:191)
	at org.junit.runners.ParentRunner.access$000(ParentRunner.java:42)
	at org.junit.runners.ParentRunner$2.evaluate(ParentRunner.java:184)
	at org.junit.runners.ParentRunner.run(ParentRunner.java:236)
	at org.apache.maven.surefire.junit4.JUnit4Provider.execute(JUnit4Provider.java:283)
	at org.apache.maven.surefire.junit4.JUnit4Provider.executeWithRerun(JUnit4Provider.java:173)
	at org.apache.maven.surefire.junit4.JUnit4Provider.executeTestSet(JUnit4Provider.java:153)
	at org.apache.maven.surefire.junit4.JUnit4Provider.invoke(JUnit4Provider.java:128)
	at org.apache.maven.surefire.booter.ForkedBooter.invokeProviderInSameClassLoader(ForkedBooter.java:203)
	at org.apache.maven.surefire.booter.ForkedBooter.runSuitesInProcess(ForkedBooter.java:155)
	at org.apache.maven.surefire.booter.ForkedBooter.main(ForkedBooter.java:103)
Caused by: org.nutz.ioc.IocException: IocBean[config] throw Exception when creating
	at org.nutz.ioc.impl.ObjectMakerImpl.make(ObjectMakerImpl.java:150)
	at org.nutz.ioc.impl.NutIoc.get(NutIoc.java:210)
	at org.nutz.ioc.impl.NutIoc.get(NutIoc.java:239)
	at org.nutz.ioc.java.IocObjectNode.getValue(IocObjectNode.java:19)
	at org.nutz.ioc.java.ChainNode.eval(ChainNode.java:24)
	at org.nutz.ioc.java.ChainNode.eval(ChainNode.java:19)
	at org.nutz.ioc.val.JavaValue.get(JavaValue.java:69)
	at org.nutz.ioc.weaver.FieldInjector.inject(FieldInjector.java:32)
	at org.nutz.ioc.weaver.DefaultWeaver.fill(DefaultWeaver.java:56)
	at org.nutz.ioc.impl.ObjectMakerImpl.make(ObjectMakerImpl.java:136)
	at org.nutz.ioc.impl.NutIoc.get(NutIoc.java:210)
	at org.nutz.ioc.val.ReferValue.get(ReferValue.java:24)
	at org.nutz.ioc.impl.ObjectMakerImpl.make(ObjectMakerImpl.java:62)
	at org.nutz.ioc.impl.NutIoc.get(NutIoc.java:210)
	at org.nutz.ioc.impl.NutIoc.get(NutIoc.java:239)
	at org.nutz.dao.test.DaoCase.setUp(DaoCase.java:22)
	at sun.reflect.GeneratedMethodAccessor23.invoke(Unknown Source)
	at sun.reflect.DelegatingMethodAccessorImpl.invoke(DelegatingMethodAccessorImpl.java:43)
	at java.lang.reflect.Method.invoke(Method.java:498)
	at org.junit.runners.model.FrameworkMethod$1.runReflectiveCall(FrameworkMethod.java:44)
	at org.junit.internal.runners.model.ReflectiveCallable.run(ReflectiveCallable.java:15)
	at org.junit.runners.model.FrameworkMethod.invokeExplosively(FrameworkMethod.java:41)
	at org.junit.internal.runners.statements.RunBefores.evaluate(RunBefores.java:27)
	at org.junit.internal.runners.statements.RunAfters.evaluate(RunAfters.java:31)
	at org.junit.runners.BlockJUnit4ClassRunner.runNotIgnored(BlockJUnit4ClassRunner.java:79)
	at org.junit.runners.BlockJUnit4ClassRunner.runChild(BlockJUnit4ClassRunner.java:71)
	at org.junit.runners.BlockJUnit4ClassRunner.runChild(BlockJUnit4ClassRunner.java:49)
	at org.junit.runners.ParentRunner$3.run(ParentRunner.java:193)
	at org.junit.runners.ParentRunner$1.schedule(ParentRunner.java:52)
	at org.junit.runners.ParentRunner.runChildren(ParentRunner.java:191)
	at org.junit.runners.ParentRunner.access$000(ParentRunner.java:42)
	at org.junit.runners.ParentRunner$2.evaluate(ParentRunner.java:184)
	at org.junit.runners.ParentRunner.run(ParentRunner.java:236)
	at org.apache.maven.surefire.junit4.JUnit4Provider.execute(JUnit4Provider.java:283)
	at org.apache.maven.surefire.junit4.JUnit4Provider.executeWithRerun(JUnit4Provider.java:173)
	at org.apache.maven.surefire.junit4.JUnit4Provider.executeTestSet(JUnit4Provider.java:153)
	at org.apache.maven.surefire.junit4.JUnit4Provider.invoke(JUnit4Provider.java:128)
	at org.apache.maven.surefire.booter.ForkedBooter.invokeProviderInSameClassLoader(ForkedBooter.java:203)
	at org.apache.maven.surefire.booter.ForkedBooter.runSuitesInProcess(ForkedBooter.java:155)
	at org.apache.maven.surefire.booter.ForkedBooter.main(ForkedBooter.java:103)
Caused by: java.lang.RuntimeException: IocBean[config] fail at field=[paths]
	at org.nutz.ioc.weaver.FieldInjector.inject(FieldInjector.java:40)
	at org.nutz.ioc.weaver.DefaultWeaver.fill(DefaultWeaver.java:56)
	at org.nutz.ioc.impl.ObjectMakerImpl.make(ObjectMakerImpl.java:136)
	at org.nutz.ioc.impl.NutIoc.get(NutIoc.java:210)
	at org.nutz.ioc.impl.NutIoc.get(NutIoc.java:239)
	at org.nutz.ioc.java.IocObjectNode.getValue(IocObjectNode.java:19)
	at org.nutz.ioc.java.ChainNode.eval(ChainNode.java:24)
	at org.nutz.ioc.java.ChainNode.eval(ChainNode.java:19)
	at org.nutz.ioc.val.JavaValue.get(JavaValue.java:69)
	at org.nutz.ioc.weaver.FieldInjector.inject(FieldInjector.java:32)
	at org.nutz.ioc.weaver.DefaultWeaver.fill(DefaultWeaver.java:56)
	at org.nutz.ioc.impl.ObjectMakerImpl.make(ObjectMakerImpl.java:136)
	at org.nutz.ioc.impl.NutIoc.get(NutIoc.java:210)
	at org.nutz.ioc.val.ReferValue.get(ReferValue.java:24)
	at org.nutz.ioc.impl.ObjectMakerImpl.make(ObjectMakerImpl.java:62)
	at org.nutz.ioc.impl.NutIoc.get(NutIoc.java:210)
	at org.nutz.ioc.impl.NutIoc.get(NutIoc.java:239)
	at org.nutz.dao.test.DaoCase.setUp(DaoCase.java:22)
	at sun.reflect.GeneratedMethodAccessor23.invoke(Unknown Source)
	at sun.reflect.DelegatingMethodAccessorImpl.invoke(DelegatingMethodAccessorImpl.java:43)
	at java.lang.reflect.Method.invoke(Method.java:498)
	at org.junit.runners.model.FrameworkMethod$1.runReflectiveCall(FrameworkMethod.java:44)
	at org.junit.internal.runners.model.ReflectiveCallable.run(ReflectiveCallable.java:15)
	at org.junit.runners.model.FrameworkMethod.invokeExplosively(FrameworkMethod.java:41)
	at org.junit.internal.runners.statements.RunBefores.evaluate(RunBefores.java:27)
	at org.junit.internal.runners.statements.RunAfters.evaluate(RunAfters.java:31)
	at org.junit.runners.BlockJUnit4ClassRunner.runNotIgnored(BlockJUnit4ClassRunner.java:79)
	at org.junit.runners.BlockJUnit4ClassRunner.runChild(BlockJUnit4ClassRunner.java:71)
	at org.junit.runners.BlockJUnit4ClassRunner.runChild(BlockJUnit4ClassRunner.java:49)
	at org.junit.runners.ParentRunner$3.run(ParentRunner.java:193)
	at org.junit.runners.ParentRunner$1.schedule(ParentRunner.java:52)
	at org.junit.runners.ParentRunner.runChildren(ParentRunner.java:191)
	at org.junit.runners.ParentRunner.access$000(ParentRunner.java:42)
	at org.junit.runners.ParentRunner$2.evaluate(ParentRunner.java:184)
	at org.junit.runners.ParentRunner.run(ParentRunner.java:236)
	at org.apache.maven.surefire.junit4.JUnit4Provider.execute(JUnit4Provider.java:283)
	at org.apache.maven.surefire.junit4.JUnit4Provider.executeWithRerun(JUnit4Provider.java:173)
	at org.apache.maven.surefire.junit4.JUnit4Provider.executeTestSet(JUnit4Provider.java:153)
	at org.apache.maven.surefire.junit4.JUnit4Provider.invoke(JUnit4Provider.java:128)
	at org.apache.maven.surefire.booter.ForkedBooter.invokeProviderInSameClassLoader(ForkedBooter.java:203)
	at org.apache.maven.surefire.booter.ForkedBooter.runSuitesInProcess(ForkedBooter.java:155)
	at org.apache.maven.surefire.booter.ForkedBooter.main(ForkedBooter.java:103)
Caused by: java.lang.RuntimeException: Fail to set '[nutz-test.properties]'[ [Ljava.lang.String;@5ad6cc21 ] by setter org.nutz.ioc.impl.PropertiesProxy.'setPaths()' because [java.lang.RuntimeException: folder or file like '^.+[.]properties$' no found in nutz-test.properties]: folder or file like '^.+[.]properties$' no found in nutz-test.properties
	at org.nutz.lang.Lang.wrapThrow(Lang.java:167)
	at org.nutz.lang.inject.InjectBySetter.inject(InjectBySetter.java:62)
	at org.nutz.ioc.weaver.FieldInjector.inject(FieldInjector.java:33)
	at org.nutz.ioc.weaver.DefaultWeaver.fill(DefaultWeaver.java:56)
	at org.nutz.ioc.impl.ObjectMakerImpl.make(ObjectMakerImpl.java:136)
	at org.nutz.ioc.impl.NutIoc.get(NutIoc.java:210)
	at org.nutz.ioc.impl.NutIoc.get(NutIoc.java:239)
	at org.nutz.ioc.java.IocObjectNode.getValue(IocObjectNode.java:19)
	at org.nutz.ioc.java.ChainNode.eval(ChainNode.java:24)
	at org.nutz.ioc.java.ChainNode.eval(ChainNode.java:19)
	at org.nutz.ioc.val.JavaValue.get(JavaValue.java:69)
	at org.nutz.ioc.weaver.FieldInjector.inject(FieldInjector.java:32)
	at org.nutz.ioc.weaver.DefaultWeaver.fill(DefaultWeaver.java:56)
	at org.nutz.ioc.impl.ObjectMakerImpl.make(ObjectMakerImpl.java:136)
	at org.nutz.ioc.impl.NutIoc.get(NutIoc.java:210)
	at org.nutz.ioc.val.ReferValue.get(ReferValue.java:24)
	at org.nutz.ioc.impl.ObjectMakerImpl.make(ObjectMakerImpl.java:62)
	at org.nutz.ioc.impl.NutIoc.get(NutIoc.java:210)
	at org.nutz.ioc.impl.NutIoc.get(NutIoc.java:239)
	at org.nutz.dao.test.DaoCase.setUp(DaoCase.java:22)
	at sun.reflect.GeneratedMethodAccessor23.invoke(Unknown Source)
	at sun.reflect.DelegatingMethodAccessorImpl.invoke(DelegatingMethodAccessorImpl.java:43)
	at java.lang.reflect.Method.invoke(Method.java:498)
	at org.junit.runners.model.FrameworkMethod$1.runReflectiveCall(FrameworkMethod.java:44)
	at org.junit.internal.runners.model.ReflectiveCallable.run(ReflectiveCallable.java:15)
	at org.junit.runners.model.FrameworkMethod.invokeExplosively(FrameworkMethod.java:41)
	at org.junit.internal.runners.statements.RunBefores.evaluate(RunBefores.java:27)
	at org.junit.internal.runners.statements.RunAfters.evaluate(RunAfters.java:31)
	at org.junit.runners.BlockJUnit4ClassRunner.runNotIgnored(BlockJUnit4ClassRunner.java:79)
	at org.junit.runners.BlockJUnit4ClassRunner.runChild(BlockJUnit4ClassRunner.java:71)
	at org.junit.runners.BlockJUnit4ClassRunner.runChild(BlockJUnit4ClassRunner.java:49)
	at org.junit.runners.ParentRunner$3.run(ParentRunner.java:193)
	at org.junit.runners.ParentRunner$1.schedule(ParentRunner.java:52)
	at org.junit.runners.ParentRunner.runChildren(ParentRunner.java:191)
	at org.junit.runners.ParentRunner.access$000(ParentRunner.java:42)
	at org.junit.runners.ParentRunner$2.evaluate(ParentRunner.java:184)
	at org.junit.runners.ParentRunner.run(ParentRunner.java:236)
	at org.apache.maven.surefire.junit4.JUnit4Provider.execute(JUnit4Provider.java:283)
	at org.apache.maven.surefire.junit4.JUnit4Provider.executeWithRerun(JUnit4Provider.java:173)
	at org.apache.maven.surefire.junit4.JUnit4Provider.executeTestSet(JUnit4Provider.java:153)
	at org.apache.maven.surefire.junit4.JUnit4Provider.invoke(JUnit4Provider.java:128)
	at org.apache.maven.surefire.booter.ForkedBooter.invokeProviderInSameClassLoader(ForkedBooter.java:203)
	at org.apache.maven.surefire.booter.ForkedBooter.runSuitesInProcess(ForkedBooter.java:155)
	at org.apache.maven.surefire.booter.ForkedBooter.main(ForkedBooter.java:103)
Caused by: java.lang.RuntimeException: folder or file like '^.+[.]properties$' no found in nutz-test.properties
	at org.nutz.lang.Lang.makeThrow(Lang.java:151)
	at org.nutz.resource.Scans.loadResource(Scans.java:112)
	at org.nutz.ioc.impl.PropertiesProxy.getResources(PropertiesProxy.java:153)
	at org.nutz.ioc.impl.PropertiesProxy.setPaths(PropertiesProxy.java:109)
	at org.nutz.ioc.impl.PropertiesProxy$FM$setPaths$d0275b2b871e237a38f11859247d1599.invoke(PropertiesProxy.java)
	at org.nutz.lang.inject.InjectBySetter.inject(InjectBySetter.java:51)
	at org.nutz.ioc.weaver.FieldInjector.inject(FieldInjector.java:33)
	at org.nutz.ioc.weaver.DefaultWeaver.fill(DefaultWeaver.java:56)
	at org.nutz.ioc.impl.ObjectMakerImpl.make(ObjectMakerImpl.java:136)
	at org.nutz.ioc.impl.NutIoc.get(NutIoc.java:210)
	at org.nutz.ioc.impl.NutIoc.get(NutIoc.java:239)
	at org.nutz.ioc.java.IocObjectNode.getValue(IocObjectNode.java:19)
	at org.nutz.ioc.java.ChainNode.eval(ChainNode.java:24)
	at org.nutz.ioc.java.ChainNode.eval(ChainNode.java:19)
	at org.nutz.ioc.val.JavaValue.get(JavaValue.java:69)
	at org.nutz.ioc.weaver.FieldInjector.inject(FieldInjector.java:32)
	at org.nutz.ioc.weaver.DefaultWeaver.fill(DefaultWeaver.java:56)
	at org.nutz.ioc.impl.ObjectMakerImpl.make(ObjectMakerImpl.java:136)
	at org.nutz.ioc.impl.NutIoc.get(NutIoc.java:210)
	at org.nutz.ioc.val.ReferValue.get(ReferValue.java:24)
	at org.nutz.ioc.impl.ObjectMakerImpl.make(ObjectMakerImpl.java:62)
	at org.nutz.ioc.impl.NutIoc.get(NutIoc.java:210)
	at org.nutz.ioc.impl.NutIoc.get(NutIoc.java:239)
	at org.nutz.dao.test.DaoCase.setUp(DaoCase.java:22)
	at sun.reflect.GeneratedMethodAccessor23.invoke(Unknown Source)
	at sun.reflect.DelegatingMethodAccessorImpl.invoke(DelegatingMethodAccessorImpl.java:43)
	at java.lang.reflect.Method.invoke(Method.java:498)
	at org.junit.runners.model.FrameworkMethod$1.runReflectiveCall(FrameworkMethod.java:44)
	at org.junit.internal.runners.model.ReflectiveCallable.run(ReflectiveCallable.java:15)
	at org.junit.runners.model.FrameworkMethod.invokeExplosively(FrameworkMethod.java:41)
	at org.junit.internal.runners.statements.RunBefores.evaluate(RunBefores.java:27)
	at org.junit.internal.runners.statements.RunAfters.evaluate(RunAfters.java:31)
	at org.junit.runners.BlockJUnit4ClassRunner.runNotIgnored(BlockJUnit4ClassRunner.java:79)
	at org.junit.runners.BlockJUnit4ClassRunner.runChild(BlockJUnit4ClassRunner.java:71)
	at org.junit.runners.BlockJUnit4ClassRunner.runChild(BlockJUnit4ClassRunner.java:49)
	at org.junit.runners.ParentRunner$3.run(ParentRunner.java:193)
	at org.junit.runners.ParentRunner$1.schedule(ParentRunner.java:52)
	at org.junit.runners.ParentRunner.runChildren(ParentRunner.java:191)
	at org.junit.runners.ParentRunner.access$000(ParentRunner.java:42)
	at org.junit.runners.ParentRunner$2.evaluate(ParentRunner.java:184)
	at org.junit.runners.ParentRunner.run(ParentRunner.java:236)
	at org.apache.maven.surefire.junit4.JUnit4Provider.execute(JUnit4Provider.java:283)
	at org.apache.maven.surefire.junit4.JUnit4Provider.executeWithRerun(JUnit4Provider.java:173)
	at org.apache.maven.surefire.junit4.JUnit4Provider.executeTestSet(JUnit4Provider.java:153)
	at org.apache.maven.surefire.junit4.JUnit4Provider.invoke(JUnit4Provider.java:128)
	at org.apache.maven.surefire.booter.ForkedBooter.invokeProviderInSameClassLoader(ForkedBooter.java:203)
	at org.apache.maven.surefire.booter.ForkedBooter.runSuitesInProcess(ForkedBooter.java:155)
	at org.apache.maven.surefire.booter.ForkedBooter.main(ForkedBooter.java:103)
</error>
  </testcase>
  <testcase name="test_record_to_entity" classname="org.nutz.dao.test.normal.QueryTest" time="0">
    <error message="IocBean[dao -&gt; dataSource] throw Exception when creating" type="org.nutz.ioc.IocException">org.nutz.ioc.IocException: IocBean[dao -> dataSource] throw Exception when creating
	at org.nutz.ioc.impl.ObjectMakerImpl.make(ObjectMakerImpl.java:150)
	at org.nutz.ioc.impl.NutIoc.get(NutIoc.java:210)
	at org.nutz.ioc.val.ReferValue.get(ReferValue.java:24)
	at org.nutz.ioc.impl.ObjectMakerImpl.make(ObjectMakerImpl.java:62)
	at org.nutz.ioc.impl.NutIoc.get(NutIoc.java:210)
	at org.nutz.ioc.impl.NutIoc.get(NutIoc.java:239)
	at org.nutz.dao.test.DaoCase.setUp(DaoCase.java:22)
	at sun.reflect.GeneratedMethodAccessor23.invoke(Unknown Source)
	at sun.reflect.DelegatingMethodAccessorImpl.invoke(DelegatingMethodAccessorImpl.java:43)
	at java.lang.reflect.Method.invoke(Method.java:498)
	at org.junit.runners.model.FrameworkMethod$1.runReflectiveCall(FrameworkMethod.java:44)
	at org.junit.internal.runners.model.ReflectiveCallable.run(ReflectiveCallable.java:15)
	at org.junit.runners.model.FrameworkMethod.invokeExplosively(FrameworkMethod.java:41)
	at org.junit.internal.runners.statements.RunBefores.evaluate(RunBefores.java:27)
	at org.junit.internal.runners.statements.RunAfters.evaluate(RunAfters.java:31)
	at org.junit.runners.BlockJUnit4ClassRunner.runNotIgnored(BlockJUnit4ClassRunner.java:79)
	at org.junit.runners.BlockJUnit4ClassRunner.runChild(BlockJUnit4ClassRunner.java:71)
	at org.junit.runners.BlockJUnit4ClassRunner.runChild(BlockJUnit4ClassRunner.java:49)
	at org.junit.runners.ParentRunner$3.run(ParentRunner.java:193)
	at org.junit.runners.ParentRunner$1.schedule(ParentRunner.java:52)
	at org.junit.runners.ParentRunner.runChildren(ParentRunner.java:191)
	at org.junit.runners.ParentRunner.access$000(ParentRunner.java:42)
	at org.junit.runners.ParentRunner$2.evaluate(ParentRunner.java:184)
	at org.junit.runners.ParentRunner.run(ParentRunner.java:236)
	at org.apache.maven.surefire.junit4.JUnit4Provider.execute(JUnit4Provider.java:283)
	at org.apache.maven.surefire.junit4.JUnit4Provider.executeWithRerun(JUnit4Provider.java:173)
	at org.apache.maven.surefire.junit4.JUnit4Provider.executeTestSet(JUnit4Provider.java:153)
	at org.apache.maven.surefire.junit4.JUnit4Provider.invoke(JUnit4Provider.java:128)
	at org.apache.maven.surefire.booter.ForkedBooter.invokeProviderInSameClassLoader(ForkedBooter.java:203)
	at org.apache.maven.surefire.booter.ForkedBooter.runSuitesInProcess(ForkedBooter.java:155)
	at org.apache.maven.surefire.booter.ForkedBooter.main(ForkedBooter.java:103)
Caused by: java.lang.RuntimeException: IocBean[dataSource] fail at field=[driverClassName]
	at org.nutz.ioc.weaver.FieldInjector.inject(FieldInjector.java:40)
	at org.nutz.ioc.weaver.DefaultWeaver.fill(DefaultWeaver.java:56)
	at org.nutz.ioc.impl.ObjectMakerImpl.make(ObjectMakerImpl.java:136)
	at org.nutz.ioc.impl.NutIoc.get(NutIoc.java:210)
	at org.nutz.ioc.val.ReferValue.get(ReferValue.java:24)
	at org.nutz.ioc.impl.ObjectMakerImpl.make(ObjectMakerImpl.java:62)
	at org.nutz.ioc.impl.NutIoc.get(NutIoc.java:210)
	at org.nutz.ioc.impl.NutIoc.get(NutIoc.java:239)
	at org.nutz.dao.test.DaoCase.setUp(DaoCase.java:22)
	at sun.reflect.GeneratedMethodAccessor23.invoke(Unknown Source)
	at sun.reflect.DelegatingMethodAccessorImpl.invoke(DelegatingMethodAccessorImpl.java:43)
	at java.lang.reflect.Method.invoke(Method.java:498)
	at org.junit.runners.model.FrameworkMethod$1.runReflectiveCall(FrameworkMethod.java:44)
	at org.junit.internal.runners.model.ReflectiveCallable.run(ReflectiveCallable.java:15)
	at org.junit.runners.model.FrameworkMethod.invokeExplosively(FrameworkMethod.java:41)
	at org.junit.internal.runners.statements.RunBefores.evaluate(RunBefores.java:27)
	at org.junit.internal.runners.statements.RunAfters.evaluate(RunAfters.java:31)
	at org.junit.runners.BlockJUnit4ClassRunner.runNotIgnored(BlockJUnit4ClassRunner.java:79)
	at org.junit.runners.BlockJUnit4ClassRunner.runChild(BlockJUnit4ClassRunner.java:71)
	at org.junit.runners.BlockJUnit4ClassRunner.runChild(BlockJUnit4ClassRunner.java:49)
	at org.junit.runners.ParentRunner$3.run(ParentRunner.java:193)
	at org.junit.runners.ParentRunner$1.schedule(ParentRunner.java:52)
	at org.junit.runners.ParentRunner.runChildren(ParentRunner.java:191)
	at org.junit.runners.ParentRunner.access$000(ParentRunner.java:42)
	at org.junit.runners.ParentRunner$2.evaluate(ParentRunner.java:184)
	at org.junit.runners.ParentRunner.run(ParentRunner.java:236)
	at org.apache.maven.surefire.junit4.JUnit4Provider.execute(JUnit4Provider.java:283)
	at org.apache.maven.surefire.junit4.JUnit4Provider.executeWithRerun(JUnit4Provider.java:173)
	at org.apache.maven.surefire.junit4.JUnit4Provider.executeTestSet(JUnit4Provider.java:153)
	at org.apache.maven.surefire.junit4.JUnit4Provider.invoke(JUnit4Provider.java:128)
	at org.apache.maven.surefire.booter.ForkedBooter.invokeProviderInSameClassLoader(ForkedBooter.java:203)
	at org.apache.maven.surefire.booter.ForkedBooter.runSuitesInProcess(ForkedBooter.java:155)
	at org.apache.maven.surefire.booter.ForkedBooter.main(ForkedBooter.java:103)
Caused by: org.nutz.ioc.IocException: IocBean[config] throw Exception when creating
	at org.nutz.ioc.impl.ObjectMakerImpl.make(ObjectMakerImpl.java:150)
	at org.nutz.ioc.impl.NutIoc.get(NutIoc.java:210)
	at org.nutz.ioc.impl.NutIoc.get(NutIoc.java:239)
	at org.nutz.ioc.java.IocObjectNode.getValue(IocObjectNode.java:19)
	at org.nutz.ioc.java.ChainNode.eval(ChainNode.java:24)
	at org.nutz.ioc.java.ChainNode.eval(ChainNode.java:19)
	at org.nutz.ioc.val.JavaValue.get(JavaValue.java:69)
	at org.nutz.ioc.weaver.FieldInjector.inject(FieldInjector.java:32)
	at org.nutz.ioc.weaver.DefaultWeaver.fill(DefaultWeaver.java:56)
	at org.nutz.ioc.impl.ObjectMakerImpl.make(ObjectMakerImpl.java:136)
	at org.nutz.ioc.impl.NutIoc.get(NutIoc.java:210)
	at org.nutz.ioc.val.ReferValue.get(ReferValue.java:24)
	at org.nutz.ioc.impl.ObjectMakerImpl.make(ObjectMakerImpl.java:62)
	at org.nutz.ioc.impl.NutIoc.get(NutIoc.java:210)
	at org.nutz.ioc.impl.NutIoc.get(NutIoc.java:239)
	at org.nutz.dao.test.DaoCase.setUp(DaoCase.java:22)
	at sun.reflect.GeneratedMethodAccessor23.invoke(Unknown Source)
	at sun.reflect.DelegatingMethodAccessorImpl.invoke(DelegatingMethodAccessorImpl.java:43)
	at java.lang.reflect.Method.invoke(Method.java:498)
	at org.junit.runners.model.FrameworkMethod$1.runReflectiveCall(FrameworkMethod.java:44)
	at org.junit.internal.runners.model.ReflectiveCallable.run(ReflectiveCallable.java:15)
	at org.junit.runners.model.FrameworkMethod.invokeExplosively(FrameworkMethod.java:41)
	at org.junit.internal.runners.statements.RunBefores.evaluate(RunBefores.java:27)
	at org.junit.internal.runners.statements.RunAfters.evaluate(RunAfters.java:31)
	at org.junit.runners.BlockJUnit4ClassRunner.runNotIgnored(BlockJUnit4ClassRunner.java:79)
	at org.junit.runners.BlockJUnit4ClassRunner.runChild(BlockJUnit4ClassRunner.java:71)
	at org.junit.runners.BlockJUnit4ClassRunner.runChild(BlockJUnit4ClassRunner.java:49)
	at org.junit.runners.ParentRunner$3.run(ParentRunner.java:193)
	at org.junit.runners.ParentRunner$1.schedule(ParentRunner.java:52)
	at org.junit.runners.ParentRunner.runChildren(ParentRunner.java:191)
	at org.junit.runners.ParentRunner.access$000(ParentRunner.java:42)
	at org.junit.runners.ParentRunner$2.evaluate(ParentRunner.java:184)
	at org.junit.runners.ParentRunner.run(ParentRunner.java:236)
	at org.apache.maven.surefire.junit4.JUnit4Provider.execute(JUnit4Provider.java:283)
	at org.apache.maven.surefire.junit4.JUnit4Provider.executeWithRerun(JUnit4Provider.java:173)
	at org.apache.maven.surefire.junit4.JUnit4Provider.executeTestSet(JUnit4Provider.java:153)
	at org.apache.maven.surefire.junit4.JUnit4Provider.invoke(JUnit4Provider.java:128)
	at org.apache.maven.surefire.booter.ForkedBooter.invokeProviderInSameClassLoader(ForkedBooter.java:203)
	at org.apache.maven.surefire.booter.ForkedBooter.runSuitesInProcess(ForkedBooter.java:155)
	at org.apache.maven.surefire.booter.ForkedBooter.main(ForkedBooter.java:103)
Caused by: java.lang.RuntimeException: IocBean[config] fail at field=[paths]
	at org.nutz.ioc.weaver.FieldInjector.inject(FieldInjector.java:40)
	at org.nutz.ioc.weaver.DefaultWeaver.fill(DefaultWeaver.java:56)
	at org.nutz.ioc.impl.ObjectMakerImpl.make(ObjectMakerImpl.java:136)
	at org.nutz.ioc.impl.NutIoc.get(NutIoc.java:210)
	at org.nutz.ioc.impl.NutIoc.get(NutIoc.java:239)
	at org.nutz.ioc.java.IocObjectNode.getValue(IocObjectNode.java:19)
	at org.nutz.ioc.java.ChainNode.eval(ChainNode.java:24)
	at org.nutz.ioc.java.ChainNode.eval(ChainNode.java:19)
	at org.nutz.ioc.val.JavaValue.get(JavaValue.java:69)
	at org.nutz.ioc.weaver.FieldInjector.inject(FieldInjector.java:32)
	at org.nutz.ioc.weaver.DefaultWeaver.fill(DefaultWeaver.java:56)
	at org.nutz.ioc.impl.ObjectMakerImpl.make(ObjectMakerImpl.java:136)
	at org.nutz.ioc.impl.NutIoc.get(NutIoc.java:210)
	at org.nutz.ioc.val.ReferValue.get(ReferValue.java:24)
	at org.nutz.ioc.impl.ObjectMakerImpl.make(ObjectMakerImpl.java:62)
	at org.nutz.ioc.impl.NutIoc.get(NutIoc.java:210)
	at org.nutz.ioc.impl.NutIoc.get(NutIoc.java:239)
	at org.nutz.dao.test.DaoCase.setUp(DaoCase.java:22)
	at sun.reflect.GeneratedMethodAccessor23.invoke(Unknown Source)
	at sun.reflect.DelegatingMethodAccessorImpl.invoke(DelegatingMethodAccessorImpl.java:43)
	at java.lang.reflect.Method.invoke(Method.java:498)
	at org.junit.runners.model.FrameworkMethod$1.runReflectiveCall(FrameworkMethod.java:44)
	at org.junit.internal.runners.model.ReflectiveCallable.run(ReflectiveCallable.java:15)
	at org.junit.runners.model.FrameworkMethod.invokeExplosively(FrameworkMethod.java:41)
	at org.junit.internal.runners.statements.RunBefores.evaluate(RunBefores.java:27)
	at org.junit.internal.runners.statements.RunAfters.evaluate(RunAfters.java:31)
	at org.junit.runners.BlockJUnit4ClassRunner.runNotIgnored(BlockJUnit4ClassRunner.java:79)
	at org.junit.runners.BlockJUnit4ClassRunner.runChild(BlockJUnit4ClassRunner.java:71)
	at org.junit.runners.BlockJUnit4ClassRunner.runChild(BlockJUnit4ClassRunner.java:49)
	at org.junit.runners.ParentRunner$3.run(ParentRunner.java:193)
	at org.junit.runners.ParentRunner$1.schedule(ParentRunner.java:52)
	at org.junit.runners.ParentRunner.runChildren(ParentRunner.java:191)
	at org.junit.runners.ParentRunner.access$000(ParentRunner.java:42)
	at org.junit.runners.ParentRunner$2.evaluate(ParentRunner.java:184)
	at org.junit.runners.ParentRunner.run(ParentRunner.java:236)
	at org.apache.maven.surefire.junit4.JUnit4Provider.execute(JUnit4Provider.java:283)
	at org.apache.maven.surefire.junit4.JUnit4Provider.executeWithRerun(JUnit4Provider.java:173)
	at org.apache.maven.surefire.junit4.JUnit4Provider.executeTestSet(JUnit4Provider.java:153)
	at org.apache.maven.surefire.junit4.JUnit4Provider.invoke(JUnit4Provider.java:128)
	at org.apache.maven.surefire.booter.ForkedBooter.invokeProviderInSameClassLoader(ForkedBooter.java:203)
	at org.apache.maven.surefire.booter.ForkedBooter.runSuitesInProcess(ForkedBooter.java:155)
	at org.apache.maven.surefire.booter.ForkedBooter.main(ForkedBooter.java:103)
Caused by: java.lang.RuntimeException: Fail to set '[nutz-test.properties]'[ [Ljava.lang.String;@800d065 ] by setter org.nutz.ioc.impl.PropertiesProxy.'setPaths()' because [java.lang.RuntimeException: folder or file like '^.+[.]properties$' no found in nutz-test.properties]: folder or file like '^.+[.]properties$' no found in nutz-test.properties
	at org.nutz.lang.Lang.wrapThrow(Lang.java:167)
	at org.nutz.lang.inject.InjectBySetter.inject(InjectBySetter.java:62)
	at org.nutz.ioc.weaver.FieldInjector.inject(FieldInjector.java:33)
	at org.nutz.ioc.weaver.DefaultWeaver.fill(DefaultWeaver.java:56)
	at org.nutz.ioc.impl.ObjectMakerImpl.make(ObjectMakerImpl.java:136)
	at org.nutz.ioc.impl.NutIoc.get(NutIoc.java:210)
	at org.nutz.ioc.impl.NutIoc.get(NutIoc.java:239)
	at org.nutz.ioc.java.IocObjectNode.getValue(IocObjectNode.java:19)
	at org.nutz.ioc.java.ChainNode.eval(ChainNode.java:24)
	at org.nutz.ioc.java.ChainNode.eval(ChainNode.java:19)
	at org.nutz.ioc.val.JavaValue.get(JavaValue.java:69)
	at org.nutz.ioc.weaver.FieldInjector.inject(FieldInjector.java:32)
	at org.nutz.ioc.weaver.DefaultWeaver.fill(DefaultWeaver.java:56)
	at org.nutz.ioc.impl.ObjectMakerImpl.make(ObjectMakerImpl.java:136)
	at org.nutz.ioc.impl.NutIoc.get(NutIoc.java:210)
	at org.nutz.ioc.val.ReferValue.get(ReferValue.java:24)
	at org.nutz.ioc.impl.ObjectMakerImpl.make(ObjectMakerImpl.java:62)
	at org.nutz.ioc.impl.NutIoc.get(NutIoc.java:210)
	at org.nutz.ioc.impl.NutIoc.get(NutIoc.java:239)
	at org.nutz.dao.test.DaoCase.setUp(DaoCase.java:22)
	at sun.reflect.GeneratedMethodAccessor23.invoke(Unknown Source)
	at sun.reflect.DelegatingMethodAccessorImpl.invoke(DelegatingMethodAccessorImpl.java:43)
	at java.lang.reflect.Method.invoke(Method.java:498)
	at org.junit.runners.model.FrameworkMethod$1.runReflectiveCall(FrameworkMethod.java:44)
	at org.junit.internal.runners.model.ReflectiveCallable.run(ReflectiveCallable.java:15)
	at org.junit.runners.model.FrameworkMethod.invokeExplosively(FrameworkMethod.java:41)
	at org.junit.internal.runners.statements.RunBefores.evaluate(RunBefores.java:27)
	at org.junit.internal.runners.statements.RunAfters.evaluate(RunAfters.java:31)
	at org.junit.runners.BlockJUnit4ClassRunner.runNotIgnored(BlockJUnit4ClassRunner.java:79)
	at org.junit.runners.BlockJUnit4ClassRunner.runChild(BlockJUnit4ClassRunner.java:71)
	at org.junit.runners.BlockJUnit4ClassRunner.runChild(BlockJUnit4ClassRunner.java:49)
	at org.junit.runners.ParentRunner$3.run(ParentRunner.java:193)
	at org.junit.runners.ParentRunner$1.schedule(ParentRunner.java:52)
	at org.junit.runners.ParentRunner.runChildren(ParentRunner.java:191)
	at org.junit.runners.ParentRunner.access$000(ParentRunner.java:42)
	at org.junit.runners.ParentRunner$2.evaluate(ParentRunner.java:184)
	at org.junit.runners.ParentRunner.run(ParentRunner.java:236)
	at org.apache.maven.surefire.junit4.JUnit4Provider.execute(JUnit4Provider.java:283)
	at org.apache.maven.surefire.junit4.JUnit4Provider.executeWithRerun(JUnit4Provider.java:173)
	at org.apache.maven.surefire.junit4.JUnit4Provider.executeTestSet(JUnit4Provider.java:153)
	at org.apache.maven.surefire.junit4.JUnit4Provider.invoke(JUnit4Provider.java:128)
	at org.apache.maven.surefire.booter.ForkedBooter.invokeProviderInSameClassLoader(ForkedBooter.java:203)
	at org.apache.maven.surefire.booter.ForkedBooter.runSuitesInProcess(ForkedBooter.java:155)
	at org.apache.maven.surefire.booter.ForkedBooter.main(ForkedBooter.java:103)
Caused by: java.lang.RuntimeException: folder or file like '^.+[.]properties$' no found in nutz-test.properties
	at org.nutz.lang.Lang.makeThrow(Lang.java:151)
	at org.nutz.resource.Scans.loadResource(Scans.java:112)
	at org.nutz.ioc.impl.PropertiesProxy.getResources(PropertiesProxy.java:153)
	at org.nutz.ioc.impl.PropertiesProxy.setPaths(PropertiesProxy.java:109)
	at org.nutz.ioc.impl.PropertiesProxy$FM$setPaths$d0275b2b871e237a38f11859247d1599.invoke(PropertiesProxy.java)
	at org.nutz.lang.inject.InjectBySetter.inject(InjectBySetter.java:51)
	at org.nutz.ioc.weaver.FieldInjector.inject(FieldInjector.java:33)
	at org.nutz.ioc.weaver.DefaultWeaver.fill(DefaultWeaver.java:56)
	at org.nutz.ioc.impl.ObjectMakerImpl.make(ObjectMakerImpl.java:136)
	at org.nutz.ioc.impl.NutIoc.get(NutIoc.java:210)
	at org.nutz.ioc.impl.NutIoc.get(NutIoc.java:239)
	at org.nutz.ioc.java.IocObjectNode.getValue(IocObjectNode.java:19)
	at org.nutz.ioc.java.ChainNode.eval(ChainNode.java:24)
	at org.nutz.ioc.java.ChainNode.eval(ChainNode.java:19)
	at org.nutz.ioc.val.JavaValue.get(JavaValue.java:69)
	at org.nutz.ioc.weaver.FieldInjector.inject(FieldInjector.java:32)
	at org.nutz.ioc.weaver.DefaultWeaver.fill(DefaultWeaver.java:56)
	at org.nutz.ioc.impl.ObjectMakerImpl.make(ObjectMakerImpl.java:136)
	at org.nutz.ioc.impl.NutIoc.get(NutIoc.java:210)
	at org.nutz.ioc.val.ReferValue.get(ReferValue.java:24)
	at org.nutz.ioc.impl.ObjectMakerImpl.make(ObjectMakerImpl.java:62)
	at org.nutz.ioc.impl.NutIoc.get(NutIoc.java:210)
	at org.nutz.ioc.impl.NutIoc.get(NutIoc.java:239)
	at org.nutz.dao.test.DaoCase.setUp(DaoCase.java:22)
	at sun.reflect.GeneratedMethodAccessor23.invoke(Unknown Source)
	at sun.reflect.DelegatingMethodAccessorImpl.invoke(DelegatingMethodAccessorImpl.java:43)
	at java.lang.reflect.Method.invoke(Method.java:498)
	at org.junit.runners.model.FrameworkMethod$1.runReflectiveCall(FrameworkMethod.java:44)
	at org.junit.internal.runners.model.ReflectiveCallable.run(ReflectiveCallable.java:15)
	at org.junit.runners.model.FrameworkMethod.invokeExplosively(FrameworkMethod.java:41)
	at org.junit.internal.runners.statements.RunBefores.evaluate(RunBefores.java:27)
	at org.junit.internal.runners.statements.RunAfters.evaluate(RunAfters.java:31)
	at org.junit.runners.BlockJUnit4ClassRunner.runNotIgnored(BlockJUnit4ClassRunner.java:79)
	at org.junit.runners.BlockJUnit4ClassRunner.runChild(BlockJUnit4ClassRunner.java:71)
	at org.junit.runners.BlockJUnit4ClassRunner.runChild(BlockJUnit4ClassRunner.java:49)
	at org.junit.runners.ParentRunner$3.run(ParentRunner.java:193)
	at org.junit.runners.ParentRunner$1.schedule(ParentRunner.java:52)
	at org.junit.runners.ParentRunner.runChildren(ParentRunner.java:191)
	at org.junit.runners.ParentRunner.access$000(ParentRunner.java:42)
	at org.junit.runners.ParentRunner$2.evaluate(ParentRunner.java:184)
	at org.junit.runners.ParentRunner.run(ParentRunner.java:236)
	at org.apache.maven.surefire.junit4.JUnit4Provider.execute(JUnit4Provider.java:283)
	at org.apache.maven.surefire.junit4.JUnit4Provider.executeWithRerun(JUnit4Provider.java:173)
	at org.apache.maven.surefire.junit4.JUnit4Provider.executeTestSet(JUnit4Provider.java:153)
	at org.apache.maven.surefire.junit4.JUnit4Provider.invoke(JUnit4Provider.java:128)
	at org.apache.maven.surefire.booter.ForkedBooter.invokeProviderInSameClassLoader(ForkedBooter.java:203)
	at org.apache.maven.surefire.booter.ForkedBooter.runSuitesInProcess(ForkedBooter.java:155)
	at org.apache.maven.surefire.booter.ForkedBooter.main(ForkedBooter.java:103)
</error>
  </testcase>
  <testcase name="query_by_cri_equals_null" classname="org.nutz.dao.test.normal.QueryTest" time="0">
    <error message="IocBean[dao -&gt; dataSource] throw Exception when creating" type="org.nutz.ioc.IocException">org.nutz.ioc.IocException: IocBean[dao -> dataSource] throw Exception when creating
	at org.nutz.ioc.impl.ObjectMakerImpl.make(ObjectMakerImpl.java:150)
	at org.nutz.ioc.impl.NutIoc.get(NutIoc.java:210)
	at org.nutz.ioc.val.ReferValue.get(ReferValue.java:24)
	at org.nutz.ioc.impl.ObjectMakerImpl.make(ObjectMakerImpl.java:62)
	at org.nutz.ioc.impl.NutIoc.get(NutIoc.java:210)
	at org.nutz.ioc.impl.NutIoc.get(NutIoc.java:239)
	at org.nutz.dao.test.DaoCase.setUp(DaoCase.java:22)
	at sun.reflect.GeneratedMethodAccessor23.invoke(Unknown Source)
	at sun.reflect.DelegatingMethodAccessorImpl.invoke(DelegatingMethodAccessorImpl.java:43)
	at java.lang.reflect.Method.invoke(Method.java:498)
	at org.junit.runners.model.FrameworkMethod$1.runReflectiveCall(FrameworkMethod.java:44)
	at org.junit.internal.runners.model.ReflectiveCallable.run(ReflectiveCallable.java:15)
	at org.junit.runners.model.FrameworkMethod.invokeExplosively(FrameworkMethod.java:41)
	at org.junit.internal.runners.statements.RunBefores.evaluate(RunBefores.java:27)
	at org.junit.internal.runners.statements.RunAfters.evaluate(RunAfters.java:31)
	at org.junit.runners.BlockJUnit4ClassRunner.runNotIgnored(BlockJUnit4ClassRunner.java:79)
	at org.junit.runners.BlockJUnit4ClassRunner.runChild(BlockJUnit4ClassRunner.java:71)
	at org.junit.runners.BlockJUnit4ClassRunner.runChild(BlockJUnit4ClassRunner.java:49)
	at org.junit.runners.ParentRunner$3.run(ParentRunner.java:193)
	at org.junit.runners.ParentRunner$1.schedule(ParentRunner.java:52)
	at org.junit.runners.ParentRunner.runChildren(ParentRunner.java:191)
	at org.junit.runners.ParentRunner.access$000(ParentRunner.java:42)
	at org.junit.runners.ParentRunner$2.evaluate(ParentRunner.java:184)
	at org.junit.runners.ParentRunner.run(ParentRunner.java:236)
	at org.apache.maven.surefire.junit4.JUnit4Provider.execute(JUnit4Provider.java:283)
	at org.apache.maven.surefire.junit4.JUnit4Provider.executeWithRerun(JUnit4Provider.java:173)
	at org.apache.maven.surefire.junit4.JUnit4Provider.executeTestSet(JUnit4Provider.java:153)
	at org.apache.maven.surefire.junit4.JUnit4Provider.invoke(JUnit4Provider.java:128)
	at org.apache.maven.surefire.booter.ForkedBooter.invokeProviderInSameClassLoader(ForkedBooter.java:203)
	at org.apache.maven.surefire.booter.ForkedBooter.runSuitesInProcess(ForkedBooter.java:155)
	at org.apache.maven.surefire.booter.ForkedBooter.main(ForkedBooter.java:103)
Caused by: java.lang.RuntimeException: IocBean[dataSource] fail at field=[driverClassName]
	at org.nutz.ioc.weaver.FieldInjector.inject(FieldInjector.java:40)
	at org.nutz.ioc.weaver.DefaultWeaver.fill(DefaultWeaver.java:56)
	at org.nutz.ioc.impl.ObjectMakerImpl.make(ObjectMakerImpl.java:136)
	at org.nutz.ioc.impl.NutIoc.get(NutIoc.java:210)
	at org.nutz.ioc.val.ReferValue.get(ReferValue.java:24)
	at org.nutz.ioc.impl.ObjectMakerImpl.make(ObjectMakerImpl.java:62)
	at org.nutz.ioc.impl.NutIoc.get(NutIoc.java:210)
	at org.nutz.ioc.impl.NutIoc.get(NutIoc.java:239)
	at org.nutz.dao.test.DaoCase.setUp(DaoCase.java:22)
	at sun.reflect.GeneratedMethodAccessor23.invoke(Unknown Source)
	at sun.reflect.DelegatingMethodAccessorImpl.invoke(DelegatingMethodAccessorImpl.java:43)
	at java.lang.reflect.Method.invoke(Method.java:498)
	at org.junit.runners.model.FrameworkMethod$1.runReflectiveCall(FrameworkMethod.java:44)
	at org.junit.internal.runners.model.ReflectiveCallable.run(ReflectiveCallable.java:15)
	at org.junit.runners.model.FrameworkMethod.invokeExplosively(FrameworkMethod.java:41)
	at org.junit.internal.runners.statements.RunBefores.evaluate(RunBefores.java:27)
	at org.junit.internal.runners.statements.RunAfters.evaluate(RunAfters.java:31)
	at org.junit.runners.BlockJUnit4ClassRunner.runNotIgnored(BlockJUnit4ClassRunner.java:79)
	at org.junit.runners.BlockJUnit4ClassRunner.runChild(BlockJUnit4ClassRunner.java:71)
	at org.junit.runners.BlockJUnit4ClassRunner.runChild(BlockJUnit4ClassRunner.java:49)
	at org.junit.runners.ParentRunner$3.run(ParentRunner.java:193)
	at org.junit.runners.ParentRunner$1.schedule(ParentRunner.java:52)
	at org.junit.runners.ParentRunner.runChildren(ParentRunner.java:191)
	at org.junit.runners.ParentRunner.access$000(ParentRunner.java:42)
	at org.junit.runners.ParentRunner$2.evaluate(ParentRunner.java:184)
	at org.junit.runners.ParentRunner.run(ParentRunner.java:236)
	at org.apache.maven.surefire.junit4.JUnit4Provider.execute(JUnit4Provider.java:283)
	at org.apache.maven.surefire.junit4.JUnit4Provider.executeWithRerun(JUnit4Provider.java:173)
	at org.apache.maven.surefire.junit4.JUnit4Provider.executeTestSet(JUnit4Provider.java:153)
	at org.apache.maven.surefire.junit4.JUnit4Provider.invoke(JUnit4Provider.java:128)
	at org.apache.maven.surefire.booter.ForkedBooter.invokeProviderInSameClassLoader(ForkedBooter.java:203)
	at org.apache.maven.surefire.booter.ForkedBooter.runSuitesInProcess(ForkedBooter.java:155)
	at org.apache.maven.surefire.booter.ForkedBooter.main(ForkedBooter.java:103)
Caused by: org.nutz.ioc.IocException: IocBean[config] throw Exception when creating
	at org.nutz.ioc.impl.ObjectMakerImpl.make(ObjectMakerImpl.java:150)
	at org.nutz.ioc.impl.NutIoc.get(NutIoc.java:210)
	at org.nutz.ioc.impl.NutIoc.get(NutIoc.java:239)
	at org.nutz.ioc.java.IocObjectNode.getValue(IocObjectNode.java:19)
	at org.nutz.ioc.java.ChainNode.eval(ChainNode.java:24)
	at org.nutz.ioc.java.ChainNode.eval(ChainNode.java:19)
	at org.nutz.ioc.val.JavaValue.get(JavaValue.java:69)
	at org.nutz.ioc.weaver.FieldInjector.inject(FieldInjector.java:32)
	at org.nutz.ioc.weaver.DefaultWeaver.fill(DefaultWeaver.java:56)
	at org.nutz.ioc.impl.ObjectMakerImpl.make(ObjectMakerImpl.java:136)
	at org.nutz.ioc.impl.NutIoc.get(NutIoc.java:210)
	at org.nutz.ioc.val.ReferValue.get(ReferValue.java:24)
	at org.nutz.ioc.impl.ObjectMakerImpl.make(ObjectMakerImpl.java:62)
	at org.nutz.ioc.impl.NutIoc.get(NutIoc.java:210)
	at org.nutz.ioc.impl.NutIoc.get(NutIoc.java:239)
	at org.nutz.dao.test.DaoCase.setUp(DaoCase.java:22)
	at sun.reflect.GeneratedMethodAccessor23.invoke(Unknown Source)
	at sun.reflect.DelegatingMethodAccessorImpl.invoke(DelegatingMethodAccessorImpl.java:43)
	at java.lang.reflect.Method.invoke(Method.java:498)
	at org.junit.runners.model.FrameworkMethod$1.runReflectiveCall(FrameworkMethod.java:44)
	at org.junit.internal.runners.model.ReflectiveCallable.run(ReflectiveCallable.java:15)
	at org.junit.runners.model.FrameworkMethod.invokeExplosively(FrameworkMethod.java:41)
	at org.junit.internal.runners.statements.RunBefores.evaluate(RunBefores.java:27)
	at org.junit.internal.runners.statements.RunAfters.evaluate(RunAfters.java:31)
	at org.junit.runners.BlockJUnit4ClassRunner.runNotIgnored(BlockJUnit4ClassRunner.java:79)
	at org.junit.runners.BlockJUnit4ClassRunner.runChild(BlockJUnit4ClassRunner.java:71)
	at org.junit.runners.BlockJUnit4ClassRunner.runChild(BlockJUnit4ClassRunner.java:49)
	at org.junit.runners.ParentRunner$3.run(ParentRunner.java:193)
	at org.junit.runners.ParentRunner$1.schedule(ParentRunner.java:52)
	at org.junit.runners.ParentRunner.runChildren(ParentRunner.java:191)
	at org.junit.runners.ParentRunner.access$000(ParentRunner.java:42)
	at org.junit.runners.ParentRunner$2.evaluate(ParentRunner.java:184)
	at org.junit.runners.ParentRunner.run(ParentRunner.java:236)
	at org.apache.maven.surefire.junit4.JUnit4Provider.execute(JUnit4Provider.java:283)
	at org.apache.maven.surefire.junit4.JUnit4Provider.executeWithRerun(JUnit4Provider.java:173)
	at org.apache.maven.surefire.junit4.JUnit4Provider.executeTestSet(JUnit4Provider.java:153)
	at org.apache.maven.surefire.junit4.JUnit4Provider.invoke(JUnit4Provider.java:128)
	at org.apache.maven.surefire.booter.ForkedBooter.invokeProviderInSameClassLoader(ForkedBooter.java:203)
	at org.apache.maven.surefire.booter.ForkedBooter.runSuitesInProcess(ForkedBooter.java:155)
	at org.apache.maven.surefire.booter.ForkedBooter.main(ForkedBooter.java:103)
Caused by: java.lang.RuntimeException: IocBean[config] fail at field=[paths]
	at org.nutz.ioc.weaver.FieldInjector.inject(FieldInjector.java:40)
	at org.nutz.ioc.weaver.DefaultWeaver.fill(DefaultWeaver.java:56)
	at org.nutz.ioc.impl.ObjectMakerImpl.make(ObjectMakerImpl.java:136)
	at org.nutz.ioc.impl.NutIoc.get(NutIoc.java:210)
	at org.nutz.ioc.impl.NutIoc.get(NutIoc.java:239)
	at org.nutz.ioc.java.IocObjectNode.getValue(IocObjectNode.java:19)
	at org.nutz.ioc.java.ChainNode.eval(ChainNode.java:24)
	at org.nutz.ioc.java.ChainNode.eval(ChainNode.java:19)
	at org.nutz.ioc.val.JavaValue.get(JavaValue.java:69)
	at org.nutz.ioc.weaver.FieldInjector.inject(FieldInjector.java:32)
	at org.nutz.ioc.weaver.DefaultWeaver.fill(DefaultWeaver.java:56)
	at org.nutz.ioc.impl.ObjectMakerImpl.make(ObjectMakerImpl.java:136)
	at org.nutz.ioc.impl.NutIoc.get(NutIoc.java:210)
	at org.nutz.ioc.val.ReferValue.get(ReferValue.java:24)
	at org.nutz.ioc.impl.ObjectMakerImpl.make(ObjectMakerImpl.java:62)
	at org.nutz.ioc.impl.NutIoc.get(NutIoc.java:210)
	at org.nutz.ioc.impl.NutIoc.get(NutIoc.java:239)
	at org.nutz.dao.test.DaoCase.setUp(DaoCase.java:22)
	at sun.reflect.GeneratedMethodAccessor23.invoke(Unknown Source)
	at sun.reflect.DelegatingMethodAccessorImpl.invoke(DelegatingMethodAccessorImpl.java:43)
	at java.lang.reflect.Method.invoke(Method.java:498)
	at org.junit.runners.model.FrameworkMethod$1.runReflectiveCall(FrameworkMethod.java:44)
	at org.junit.internal.runners.model.ReflectiveCallable.run(ReflectiveCallable.java:15)
	at org.junit.runners.model.FrameworkMethod.invokeExplosively(FrameworkMethod.java:41)
	at org.junit.internal.runners.statements.RunBefores.evaluate(RunBefores.java:27)
	at org.junit.internal.runners.statements.RunAfters.evaluate(RunAfters.java:31)
	at org.junit.runners.BlockJUnit4ClassRunner.runNotIgnored(BlockJUnit4ClassRunner.java:79)
	at org.junit.runners.BlockJUnit4ClassRunner.runChild(BlockJUnit4ClassRunner.java:71)
	at org.junit.runners.BlockJUnit4ClassRunner.runChild(BlockJUnit4ClassRunner.java:49)
	at org.junit.runners.ParentRunner$3.run(ParentRunner.java:193)
	at org.junit.runners.ParentRunner$1.schedule(ParentRunner.java:52)
	at org.junit.runners.ParentRunner.runChildren(ParentRunner.java:191)
	at org.junit.runners.ParentRunner.access$000(ParentRunner.java:42)
	at org.junit.runners.ParentRunner$2.evaluate(ParentRunner.java:184)
	at org.junit.runners.ParentRunner.run(ParentRunner.java:236)
	at org.apache.maven.surefire.junit4.JUnit4Provider.execute(JUnit4Provider.java:283)
	at org.apache.maven.surefire.junit4.JUnit4Provider.executeWithRerun(JUnit4Provider.java:173)
	at org.apache.maven.surefire.junit4.JUnit4Provider.executeTestSet(JUnit4Provider.java:153)
	at org.apache.maven.surefire.junit4.JUnit4Provider.invoke(JUnit4Provider.java:128)
	at org.apache.maven.surefire.booter.ForkedBooter.invokeProviderInSameClassLoader(ForkedBooter.java:203)
	at org.apache.maven.surefire.booter.ForkedBooter.runSuitesInProcess(ForkedBooter.java:155)
	at org.apache.maven.surefire.booter.ForkedBooter.main(ForkedBooter.java:103)
Caused by: java.lang.RuntimeException: Fail to set '[nutz-test.properties]'[ [Ljava.lang.String;@691124ee ] by setter org.nutz.ioc.impl.PropertiesProxy.'setPaths()' because [java.lang.RuntimeException: folder or file like '^.+[.]properties$' no found in nutz-test.properties]: folder or file like '^.+[.]properties$' no found in nutz-test.properties
	at org.nutz.lang.Lang.wrapThrow(Lang.java:167)
	at org.nutz.lang.inject.InjectBySetter.inject(InjectBySetter.java:62)
	at org.nutz.ioc.weaver.FieldInjector.inject(FieldInjector.java:33)
	at org.nutz.ioc.weaver.DefaultWeaver.fill(DefaultWeaver.java:56)
	at org.nutz.ioc.impl.ObjectMakerImpl.make(ObjectMakerImpl.java:136)
	at org.nutz.ioc.impl.NutIoc.get(NutIoc.java:210)
	at org.nutz.ioc.impl.NutIoc.get(NutIoc.java:239)
	at org.nutz.ioc.java.IocObjectNode.getValue(IocObjectNode.java:19)
	at org.nutz.ioc.java.ChainNode.eval(ChainNode.java:24)
	at org.nutz.ioc.java.ChainNode.eval(ChainNode.java:19)
	at org.nutz.ioc.val.JavaValue.get(JavaValue.java:69)
	at org.nutz.ioc.weaver.FieldInjector.inject(FieldInjector.java:32)
	at org.nutz.ioc.weaver.DefaultWeaver.fill(DefaultWeaver.java:56)
	at org.nutz.ioc.impl.ObjectMakerImpl.make(ObjectMakerImpl.java:136)
	at org.nutz.ioc.impl.NutIoc.get(NutIoc.java:210)
	at org.nutz.ioc.val.ReferValue.get(ReferValue.java:24)
	at org.nutz.ioc.impl.ObjectMakerImpl.make(ObjectMakerImpl.java:62)
	at org.nutz.ioc.impl.NutIoc.get(NutIoc.java:210)
	at org.nutz.ioc.impl.NutIoc.get(NutIoc.java:239)
	at org.nutz.dao.test.DaoCase.setUp(DaoCase.java:22)
	at sun.reflect.GeneratedMethodAccessor23.invoke(Unknown Source)
	at sun.reflect.DelegatingMethodAccessorImpl.invoke(DelegatingMethodAccessorImpl.java:43)
	at java.lang.reflect.Method.invoke(Method.java:498)
	at org.junit.runners.model.FrameworkMethod$1.runReflectiveCall(FrameworkMethod.java:44)
	at org.junit.internal.runners.model.ReflectiveCallable.run(ReflectiveCallable.java:15)
	at org.junit.runners.model.FrameworkMethod.invokeExplosively(FrameworkMethod.java:41)
	at org.junit.internal.runners.statements.RunBefores.evaluate(RunBefores.java:27)
	at org.junit.internal.runners.statements.RunAfters.evaluate(RunAfters.java:31)
	at org.junit.runners.BlockJUnit4ClassRunner.runNotIgnored(BlockJUnit4ClassRunner.java:79)
	at org.junit.runners.BlockJUnit4ClassRunner.runChild(BlockJUnit4ClassRunner.java:71)
	at org.junit.runners.BlockJUnit4ClassRunner.runChild(BlockJUnit4ClassRunner.java:49)
	at org.junit.runners.ParentRunner$3.run(ParentRunner.java:193)
	at org.junit.runners.ParentRunner$1.schedule(ParentRunner.java:52)
	at org.junit.runners.ParentRunner.runChildren(ParentRunner.java:191)
	at org.junit.runners.ParentRunner.access$000(ParentRunner.java:42)
	at org.junit.runners.ParentRunner$2.evaluate(ParentRunner.java:184)
	at org.junit.runners.ParentRunner.run(ParentRunner.java:236)
	at org.apache.maven.surefire.junit4.JUnit4Provider.execute(JUnit4Provider.java:283)
	at org.apache.maven.surefire.junit4.JUnit4Provider.executeWithRerun(JUnit4Provider.java:173)
	at org.apache.maven.surefire.junit4.JUnit4Provider.executeTestSet(JUnit4Provider.java:153)
	at org.apache.maven.surefire.junit4.JUnit4Provider.invoke(JUnit4Provider.java:128)
	at org.apache.maven.surefire.booter.ForkedBooter.invokeProviderInSameClassLoader(ForkedBooter.java:203)
	at org.apache.maven.surefire.booter.ForkedBooter.runSuitesInProcess(ForkedBooter.java:155)
	at org.apache.maven.surefire.booter.ForkedBooter.main(ForkedBooter.java:103)
Caused by: java.lang.RuntimeException: folder or file like '^.+[.]properties$' no found in nutz-test.properties
	at org.nutz.lang.Lang.makeThrow(Lang.java:151)
	at org.nutz.resource.Scans.loadResource(Scans.java:112)
	at org.nutz.ioc.impl.PropertiesProxy.getResources(PropertiesProxy.java:153)
	at org.nutz.ioc.impl.PropertiesProxy.setPaths(PropertiesProxy.java:109)
	at org.nutz.ioc.impl.PropertiesProxy$FM$setPaths$d0275b2b871e237a38f11859247d1599.invoke(PropertiesProxy.java)
	at org.nutz.lang.inject.InjectBySetter.inject(InjectBySetter.java:51)
	at org.nutz.ioc.weaver.FieldInjector.inject(FieldInjector.java:33)
	at org.nutz.ioc.weaver.DefaultWeaver.fill(DefaultWeaver.java:56)
	at org.nutz.ioc.impl.ObjectMakerImpl.make(ObjectMakerImpl.java:136)
	at org.nutz.ioc.impl.NutIoc.get(NutIoc.java:210)
	at org.nutz.ioc.impl.NutIoc.get(NutIoc.java:239)
	at org.nutz.ioc.java.IocObjectNode.getValue(IocObjectNode.java:19)
	at org.nutz.ioc.java.ChainNode.eval(ChainNode.java:24)
	at org.nutz.ioc.java.ChainNode.eval(ChainNode.java:19)
	at org.nutz.ioc.val.JavaValue.get(JavaValue.java:69)
	at org.nutz.ioc.weaver.FieldInjector.inject(FieldInjector.java:32)
	at org.nutz.ioc.weaver.DefaultWeaver.fill(DefaultWeaver.java:56)
	at org.nutz.ioc.impl.ObjectMakerImpl.make(ObjectMakerImpl.java:136)
	at org.nutz.ioc.impl.NutIoc.get(NutIoc.java:210)
	at org.nutz.ioc.val.ReferValue.get(ReferValue.java:24)
	at org.nutz.ioc.impl.ObjectMakerImpl.make(ObjectMakerImpl.java:62)
	at org.nutz.ioc.impl.NutIoc.get(NutIoc.java:210)
	at org.nutz.ioc.impl.NutIoc.get(NutIoc.java:239)
	at org.nutz.dao.test.DaoCase.setUp(DaoCase.java:22)
	at sun.reflect.GeneratedMethodAccessor23.invoke(Unknown Source)
	at sun.reflect.DelegatingMethodAccessorImpl.invoke(DelegatingMethodAccessorImpl.java:43)
	at java.lang.reflect.Method.invoke(Method.java:498)
	at org.junit.runners.model.FrameworkMethod$1.runReflectiveCall(FrameworkMethod.java:44)
	at org.junit.internal.runners.model.ReflectiveCallable.run(ReflectiveCallable.java:15)
	at org.junit.runners.model.FrameworkMethod.invokeExplosively(FrameworkMethod.java:41)
	at org.junit.internal.runners.statements.RunBefores.evaluate(RunBefores.java:27)
	at org.junit.internal.runners.statements.RunAfters.evaluate(RunAfters.java:31)
	at org.junit.runners.BlockJUnit4ClassRunner.runNotIgnored(BlockJUnit4ClassRunner.java:79)
	at org.junit.runners.BlockJUnit4ClassRunner.runChild(BlockJUnit4ClassRunner.java:71)
	at org.junit.runners.BlockJUnit4ClassRunner.runChild(BlockJUnit4ClassRunner.java:49)
	at org.junit.runners.ParentRunner$3.run(ParentRunner.java:193)
	at org.junit.runners.ParentRunner$1.schedule(ParentRunner.java:52)
	at org.junit.runners.ParentRunner.runChildren(ParentRunner.java:191)
	at org.junit.runners.ParentRunner.access$000(ParentRunner.java:42)
	at org.junit.runners.ParentRunner$2.evaluate(ParentRunner.java:184)
	at org.junit.runners.ParentRunner.run(ParentRunner.java:236)
	at org.apache.maven.surefire.junit4.JUnit4Provider.execute(JUnit4Provider.java:283)
	at org.apache.maven.surefire.junit4.JUnit4Provider.executeWithRerun(JUnit4Provider.java:173)
	at org.apache.maven.surefire.junit4.JUnit4Provider.executeTestSet(JUnit4Provider.java:153)
	at org.apache.maven.surefire.junit4.JUnit4Provider.invoke(JUnit4Provider.java:128)
	at org.apache.maven.surefire.booter.ForkedBooter.invokeProviderInSameClassLoader(ForkedBooter.java:203)
	at org.apache.maven.surefire.booter.ForkedBooter.runSuitesInProcess(ForkedBooter.java:155)
	at org.apache.maven.surefire.booter.ForkedBooter.main(ForkedBooter.java:103)
</error>
  </testcase>
  <testcase name="query_by_wrap_null" classname="org.nutz.dao.test.normal.QueryTest" time="0.001">
    <error message="IocBean[dao -&gt; dataSource] throw Exception when creating" type="org.nutz.ioc.IocException">org.nutz.ioc.IocException: IocBean[dao -> dataSource] throw Exception when creating
	at org.nutz.ioc.impl.ObjectMakerImpl.make(ObjectMakerImpl.java:150)
	at org.nutz.ioc.impl.NutIoc.get(NutIoc.java:210)
	at org.nutz.ioc.val.ReferValue.get(ReferValue.java:24)
	at org.nutz.ioc.impl.ObjectMakerImpl.make(ObjectMakerImpl.java:62)
	at org.nutz.ioc.impl.NutIoc.get(NutIoc.java:210)
	at org.nutz.ioc.impl.NutIoc.get(NutIoc.java:239)
	at org.nutz.dao.test.DaoCase.setUp(DaoCase.java:22)
	at sun.reflect.GeneratedMethodAccessor23.invoke(Unknown Source)
	at sun.reflect.DelegatingMethodAccessorImpl.invoke(DelegatingMethodAccessorImpl.java:43)
	at java.lang.reflect.Method.invoke(Method.java:498)
	at org.junit.runners.model.FrameworkMethod$1.runReflectiveCall(FrameworkMethod.java:44)
	at org.junit.internal.runners.model.ReflectiveCallable.run(ReflectiveCallable.java:15)
	at org.junit.runners.model.FrameworkMethod.invokeExplosively(FrameworkMethod.java:41)
	at org.junit.internal.runners.statements.RunBefores.evaluate(RunBefores.java:27)
	at org.junit.internal.runners.statements.RunAfters.evaluate(RunAfters.java:31)
	at org.junit.runners.BlockJUnit4ClassRunner.runNotIgnored(BlockJUnit4ClassRunner.java:79)
	at org.junit.runners.BlockJUnit4ClassRunner.runChild(BlockJUnit4ClassRunner.java:71)
	at org.junit.runners.BlockJUnit4ClassRunner.runChild(BlockJUnit4ClassRunner.java:49)
	at org.junit.runners.ParentRunner$3.run(ParentRunner.java:193)
	at org.junit.runners.ParentRunner$1.schedule(ParentRunner.java:52)
	at org.junit.runners.ParentRunner.runChildren(ParentRunner.java:191)
	at org.junit.runners.ParentRunner.access$000(ParentRunner.java:42)
	at org.junit.runners.ParentRunner$2.evaluate(ParentRunner.java:184)
	at org.junit.runners.ParentRunner.run(ParentRunner.java:236)
	at org.apache.maven.surefire.junit4.JUnit4Provider.execute(JUnit4Provider.java:283)
	at org.apache.maven.surefire.junit4.JUnit4Provider.executeWithRerun(JUnit4Provider.java:173)
	at org.apache.maven.surefire.junit4.JUnit4Provider.executeTestSet(JUnit4Provider.java:153)
	at org.apache.maven.surefire.junit4.JUnit4Provider.invoke(JUnit4Provider.java:128)
	at org.apache.maven.surefire.booter.ForkedBooter.invokeProviderInSameClassLoader(ForkedBooter.java:203)
	at org.apache.maven.surefire.booter.ForkedBooter.runSuitesInProcess(ForkedBooter.java:155)
	at org.apache.maven.surefire.booter.ForkedBooter.main(ForkedBooter.java:103)
Caused by: java.lang.RuntimeException: IocBean[dataSource] fail at field=[driverClassName]
	at org.nutz.ioc.weaver.FieldInjector.inject(FieldInjector.java:40)
	at org.nutz.ioc.weaver.DefaultWeaver.fill(DefaultWeaver.java:56)
	at org.nutz.ioc.impl.ObjectMakerImpl.make(ObjectMakerImpl.java:136)
	at org.nutz.ioc.impl.NutIoc.get(NutIoc.java:210)
	at org.nutz.ioc.val.ReferValue.get(ReferValue.java:24)
	at org.nutz.ioc.impl.ObjectMakerImpl.make(ObjectMakerImpl.java:62)
	at org.nutz.ioc.impl.NutIoc.get(NutIoc.java:210)
	at org.nutz.ioc.impl.NutIoc.get(NutIoc.java:239)
	at org.nutz.dao.test.DaoCase.setUp(DaoCase.java:22)
	at sun.reflect.GeneratedMethodAccessor23.invoke(Unknown Source)
	at sun.reflect.DelegatingMethodAccessorImpl.invoke(DelegatingMethodAccessorImpl.java:43)
	at java.lang.reflect.Method.invoke(Method.java:498)
	at org.junit.runners.model.FrameworkMethod$1.runReflectiveCall(FrameworkMethod.java:44)
	at org.junit.internal.runners.model.ReflectiveCallable.run(ReflectiveCallable.java:15)
	at org.junit.runners.model.FrameworkMethod.invokeExplosively(FrameworkMethod.java:41)
	at org.junit.internal.runners.statements.RunBefores.evaluate(RunBefores.java:27)
	at org.junit.internal.runners.statements.RunAfters.evaluate(RunAfters.java:31)
	at org.junit.runners.BlockJUnit4ClassRunner.runNotIgnored(BlockJUnit4ClassRunner.java:79)
	at org.junit.runners.BlockJUnit4ClassRunner.runChild(BlockJUnit4ClassRunner.java:71)
	at org.junit.runners.BlockJUnit4ClassRunner.runChild(BlockJUnit4ClassRunner.java:49)
	at org.junit.runners.ParentRunner$3.run(ParentRunner.java:193)
	at org.junit.runners.ParentRunner$1.schedule(ParentRunner.java:52)
	at org.junit.runners.ParentRunner.runChildren(ParentRunner.java:191)
	at org.junit.runners.ParentRunner.access$000(ParentRunner.java:42)
	at org.junit.runners.ParentRunner$2.evaluate(ParentRunner.java:184)
	at org.junit.runners.ParentRunner.run(ParentRunner.java:236)
	at org.apache.maven.surefire.junit4.JUnit4Provider.execute(JUnit4Provider.java:283)
	at org.apache.maven.surefire.junit4.JUnit4Provider.executeWithRerun(JUnit4Provider.java:173)
	at org.apache.maven.surefire.junit4.JUnit4Provider.executeTestSet(JUnit4Provider.java:153)
	at org.apache.maven.surefire.junit4.JUnit4Provider.invoke(JUnit4Provider.java:128)
	at org.apache.maven.surefire.booter.ForkedBooter.invokeProviderInSameClassLoader(ForkedBooter.java:203)
	at org.apache.maven.surefire.booter.ForkedBooter.runSuitesInProcess(ForkedBooter.java:155)
	at org.apache.maven.surefire.booter.ForkedBooter.main(ForkedBooter.java:103)
Caused by: org.nutz.ioc.IocException: IocBean[config] throw Exception when creating
	at org.nutz.ioc.impl.ObjectMakerImpl.make(ObjectMakerImpl.java:150)
	at org.nutz.ioc.impl.NutIoc.get(NutIoc.java:210)
	at org.nutz.ioc.impl.NutIoc.get(NutIoc.java:239)
	at org.nutz.ioc.java.IocObjectNode.getValue(IocObjectNode.java:19)
	at org.nutz.ioc.java.ChainNode.eval(ChainNode.java:24)
	at org.nutz.ioc.java.ChainNode.eval(ChainNode.java:19)
	at org.nutz.ioc.val.JavaValue.get(JavaValue.java:69)
	at org.nutz.ioc.weaver.FieldInjector.inject(FieldInjector.java:32)
	at org.nutz.ioc.weaver.DefaultWeaver.fill(DefaultWeaver.java:56)
	at org.nutz.ioc.impl.ObjectMakerImpl.make(ObjectMakerImpl.java:136)
	at org.nutz.ioc.impl.NutIoc.get(NutIoc.java:210)
	at org.nutz.ioc.val.ReferValue.get(ReferValue.java:24)
	at org.nutz.ioc.impl.ObjectMakerImpl.make(ObjectMakerImpl.java:62)
	at org.nutz.ioc.impl.NutIoc.get(NutIoc.java:210)
	at org.nutz.ioc.impl.NutIoc.get(NutIoc.java:239)
	at org.nutz.dao.test.DaoCase.setUp(DaoCase.java:22)
	at sun.reflect.GeneratedMethodAccessor23.invoke(Unknown Source)
	at sun.reflect.DelegatingMethodAccessorImpl.invoke(DelegatingMethodAccessorImpl.java:43)
	at java.lang.reflect.Method.invoke(Method.java:498)
	at org.junit.runners.model.FrameworkMethod$1.runReflectiveCall(FrameworkMethod.java:44)
	at org.junit.internal.runners.model.ReflectiveCallable.run(ReflectiveCallable.java:15)
	at org.junit.runners.model.FrameworkMethod.invokeExplosively(FrameworkMethod.java:41)
	at org.junit.internal.runners.statements.RunBefores.evaluate(RunBefores.java:27)
	at org.junit.internal.runners.statements.RunAfters.evaluate(RunAfters.java:31)
	at org.junit.runners.BlockJUnit4ClassRunner.runNotIgnored(BlockJUnit4ClassRunner.java:79)
	at org.junit.runners.BlockJUnit4ClassRunner.runChild(BlockJUnit4ClassRunner.java:71)
	at org.junit.runners.BlockJUnit4ClassRunner.runChild(BlockJUnit4ClassRunner.java:49)
	at org.junit.runners.ParentRunner$3.run(ParentRunner.java:193)
	at org.junit.runners.ParentRunner$1.schedule(ParentRunner.java:52)
	at org.junit.runners.ParentRunner.runChildren(ParentRunner.java:191)
	at org.junit.runners.ParentRunner.access$000(ParentRunner.java:42)
	at org.junit.runners.ParentRunner$2.evaluate(ParentRunner.java:184)
	at org.junit.runners.ParentRunner.run(ParentRunner.java:236)
	at org.apache.maven.surefire.junit4.JUnit4Provider.execute(JUnit4Provider.java:283)
	at org.apache.maven.surefire.junit4.JUnit4Provider.executeWithRerun(JUnit4Provider.java:173)
	at org.apache.maven.surefire.junit4.JUnit4Provider.executeTestSet(JUnit4Provider.java:153)
	at org.apache.maven.surefire.junit4.JUnit4Provider.invoke(JUnit4Provider.java:128)
	at org.apache.maven.surefire.booter.ForkedBooter.invokeProviderInSameClassLoader(ForkedBooter.java:203)
	at org.apache.maven.surefire.booter.ForkedBooter.runSuitesInProcess(ForkedBooter.java:155)
	at org.apache.maven.surefire.booter.ForkedBooter.main(ForkedBooter.java:103)
Caused by: java.lang.RuntimeException: IocBean[config] fail at field=[paths]
	at org.nutz.ioc.weaver.FieldInjector.inject(FieldInjector.java:40)
	at org.nutz.ioc.weaver.DefaultWeaver.fill(DefaultWeaver.java:56)
	at org.nutz.ioc.impl.ObjectMakerImpl.make(ObjectMakerImpl.java:136)
	at org.nutz.ioc.impl.NutIoc.get(NutIoc.java:210)
	at org.nutz.ioc.impl.NutIoc.get(NutIoc.java:239)
	at org.nutz.ioc.java.IocObjectNode.getValue(IocObjectNode.java:19)
	at org.nutz.ioc.java.ChainNode.eval(ChainNode.java:24)
	at org.nutz.ioc.java.ChainNode.eval(ChainNode.java:19)
	at org.nutz.ioc.val.JavaValue.get(JavaValue.java:69)
	at org.nutz.ioc.weaver.FieldInjector.inject(FieldInjector.java:32)
	at org.nutz.ioc.weaver.DefaultWeaver.fill(DefaultWeaver.java:56)
	at org.nutz.ioc.impl.ObjectMakerImpl.make(ObjectMakerImpl.java:136)
	at org.nutz.ioc.impl.NutIoc.get(NutIoc.java:210)
	at org.nutz.ioc.val.ReferValue.get(ReferValue.java:24)
	at org.nutz.ioc.impl.ObjectMakerImpl.make(ObjectMakerImpl.java:62)
	at org.nutz.ioc.impl.NutIoc.get(NutIoc.java:210)
	at org.nutz.ioc.impl.NutIoc.get(NutIoc.java:239)
	at org.nutz.dao.test.DaoCase.setUp(DaoCase.java:22)
	at sun.reflect.GeneratedMethodAccessor23.invoke(Unknown Source)
	at sun.reflect.DelegatingMethodAccessorImpl.invoke(DelegatingMethodAccessorImpl.java:43)
	at java.lang.reflect.Method.invoke(Method.java:498)
	at org.junit.runners.model.FrameworkMethod$1.runReflectiveCall(FrameworkMethod.java:44)
	at org.junit.internal.runners.model.ReflectiveCallable.run(ReflectiveCallable.java:15)
	at org.junit.runners.model.FrameworkMethod.invokeExplosively(FrameworkMethod.java:41)
	at org.junit.internal.runners.statements.RunBefores.evaluate(RunBefores.java:27)
	at org.junit.internal.runners.statements.RunAfters.evaluate(RunAfters.java:31)
	at org.junit.runners.BlockJUnit4ClassRunner.runNotIgnored(BlockJUnit4ClassRunner.java:79)
	at org.junit.runners.BlockJUnit4ClassRunner.runChild(BlockJUnit4ClassRunner.java:71)
	at org.junit.runners.BlockJUnit4ClassRunner.runChild(BlockJUnit4ClassRunner.java:49)
	at org.junit.runners.ParentRunner$3.run(ParentRunner.java:193)
	at org.junit.runners.ParentRunner$1.schedule(ParentRunner.java:52)
	at org.junit.runners.ParentRunner.runChildren(ParentRunner.java:191)
	at org.junit.runners.ParentRunner.access$000(ParentRunner.java:42)
	at org.junit.runners.ParentRunner$2.evaluate(ParentRunner.java:184)
	at org.junit.runners.ParentRunner.run(ParentRunner.java:236)
	at org.apache.maven.surefire.junit4.JUnit4Provider.execute(JUnit4Provider.java:283)
	at org.apache.maven.surefire.junit4.JUnit4Provider.executeWithRerun(JUnit4Provider.java:173)
	at org.apache.maven.surefire.junit4.JUnit4Provider.executeTestSet(JUnit4Provider.java:153)
	at org.apache.maven.surefire.junit4.JUnit4Provider.invoke(JUnit4Provider.java:128)
	at org.apache.maven.surefire.booter.ForkedBooter.invokeProviderInSameClassLoader(ForkedBooter.java:203)
	at org.apache.maven.surefire.booter.ForkedBooter.runSuitesInProcess(ForkedBooter.java:155)
	at org.apache.maven.surefire.booter.ForkedBooter.main(ForkedBooter.java:103)
Caused by: java.lang.RuntimeException: Fail to set '[nutz-test.properties]'[ [Ljava.lang.String;@38d80d65 ] by setter org.nutz.ioc.impl.PropertiesProxy.'setPaths()' because [java.lang.RuntimeException: folder or file like '^.+[.]properties$' no found in nutz-test.properties]: folder or file like '^.+[.]properties$' no found in nutz-test.properties
	at org.nutz.lang.Lang.wrapThrow(Lang.java:167)
	at org.nutz.lang.inject.InjectBySetter.inject(InjectBySetter.java:62)
	at org.nutz.ioc.weaver.FieldInjector.inject(FieldInjector.java:33)
	at org.nutz.ioc.weaver.DefaultWeaver.fill(DefaultWeaver.java:56)
	at org.nutz.ioc.impl.ObjectMakerImpl.make(ObjectMakerImpl.java:136)
	at org.nutz.ioc.impl.NutIoc.get(NutIoc.java:210)
	at org.nutz.ioc.impl.NutIoc.get(NutIoc.java:239)
	at org.nutz.ioc.java.IocObjectNode.getValue(IocObjectNode.java:19)
	at org.nutz.ioc.java.ChainNode.eval(ChainNode.java:24)
	at org.nutz.ioc.java.ChainNode.eval(ChainNode.java:19)
	at org.nutz.ioc.val.JavaValue.get(JavaValue.java:69)
	at org.nutz.ioc.weaver.FieldInjector.inject(FieldInjector.java:32)
	at org.nutz.ioc.weaver.DefaultWeaver.fill(DefaultWeaver.java:56)
	at org.nutz.ioc.impl.ObjectMakerImpl.make(ObjectMakerImpl.java:136)
	at org.nutz.ioc.impl.NutIoc.get(NutIoc.java:210)
	at org.nutz.ioc.val.ReferValue.get(ReferValue.java:24)
	at org.nutz.ioc.impl.ObjectMakerImpl.make(ObjectMakerImpl.java:62)
	at org.nutz.ioc.impl.NutIoc.get(NutIoc.java:210)
	at org.nutz.ioc.impl.NutIoc.get(NutIoc.java:239)
	at org.nutz.dao.test.DaoCase.setUp(DaoCase.java:22)
	at sun.reflect.GeneratedMethodAccessor23.invoke(Unknown Source)
	at sun.reflect.DelegatingMethodAccessorImpl.invoke(DelegatingMethodAccessorImpl.java:43)
	at java.lang.reflect.Method.invoke(Method.java:498)
	at org.junit.runners.model.FrameworkMethod$1.runReflectiveCall(FrameworkMethod.java:44)
	at org.junit.internal.runners.model.ReflectiveCallable.run(ReflectiveCallable.java:15)
	at org.junit.runners.model.FrameworkMethod.invokeExplosively(FrameworkMethod.java:41)
	at org.junit.internal.runners.statements.RunBefores.evaluate(RunBefores.java:27)
	at org.junit.internal.runners.statements.RunAfters.evaluate(RunAfters.java:31)
	at org.junit.runners.BlockJUnit4ClassRunner.runNotIgnored(BlockJUnit4ClassRunner.java:79)
	at org.junit.runners.BlockJUnit4ClassRunner.runChild(BlockJUnit4ClassRunner.java:71)
	at org.junit.runners.BlockJUnit4ClassRunner.runChild(BlockJUnit4ClassRunner.java:49)
	at org.junit.runners.ParentRunner$3.run(ParentRunner.java:193)
	at org.junit.runners.ParentRunner$1.schedule(ParentRunner.java:52)
	at org.junit.runners.ParentRunner.runChildren(ParentRunner.java:191)
	at org.junit.runners.ParentRunner.access$000(ParentRunner.java:42)
	at org.junit.runners.ParentRunner$2.evaluate(ParentRunner.java:184)
	at org.junit.runners.ParentRunner.run(ParentRunner.java:236)
	at org.apache.maven.surefire.junit4.JUnit4Provider.execute(JUnit4Provider.java:283)
	at org.apache.maven.surefire.junit4.JUnit4Provider.executeWithRerun(JUnit4Provider.java:173)
	at org.apache.maven.surefire.junit4.JUnit4Provider.executeTestSet(JUnit4Provider.java:153)
	at org.apache.maven.surefire.junit4.JUnit4Provider.invoke(JUnit4Provider.java:128)
	at org.apache.maven.surefire.booter.ForkedBooter.invokeProviderInSameClassLoader(ForkedBooter.java:203)
	at org.apache.maven.surefire.booter.ForkedBooter.runSuitesInProcess(ForkedBooter.java:155)
	at org.apache.maven.surefire.booter.ForkedBooter.main(ForkedBooter.java:103)
Caused by: java.lang.RuntimeException: folder or file like '^.+[.]properties$' no found in nutz-test.properties
	at org.nutz.lang.Lang.makeThrow(Lang.java:151)
	at org.nutz.resource.Scans.loadResource(Scans.java:112)
	at org.nutz.ioc.impl.PropertiesProxy.getResources(PropertiesProxy.java:153)
	at org.nutz.ioc.impl.PropertiesProxy.setPaths(PropertiesProxy.java:109)
	at org.nutz.ioc.impl.PropertiesProxy$FM$setPaths$d0275b2b871e237a38f11859247d1599.invoke(PropertiesProxy.java)
	at org.nutz.lang.inject.InjectBySetter.inject(InjectBySetter.java:51)
	at org.nutz.ioc.weaver.FieldInjector.inject(FieldInjector.java:33)
	at org.nutz.ioc.weaver.DefaultWeaver.fill(DefaultWeaver.java:56)
	at org.nutz.ioc.impl.ObjectMakerImpl.make(ObjectMakerImpl.java:136)
	at org.nutz.ioc.impl.NutIoc.get(NutIoc.java:210)
	at org.nutz.ioc.impl.NutIoc.get(NutIoc.java:239)
	at org.nutz.ioc.java.IocObjectNode.getValue(IocObjectNode.java:19)
	at org.nutz.ioc.java.ChainNode.eval(ChainNode.java:24)
	at org.nutz.ioc.java.ChainNode.eval(ChainNode.java:19)
	at org.nutz.ioc.val.JavaValue.get(JavaValue.java:69)
	at org.nutz.ioc.weaver.FieldInjector.inject(FieldInjector.java:32)
	at org.nutz.ioc.weaver.DefaultWeaver.fill(DefaultWeaver.java:56)
	at org.nutz.ioc.impl.ObjectMakerImpl.make(ObjectMakerImpl.java:136)
	at org.nutz.ioc.impl.NutIoc.get(NutIoc.java:210)
	at org.nutz.ioc.val.ReferValue.get(ReferValue.java:24)
	at org.nutz.ioc.impl.ObjectMakerImpl.make(ObjectMakerImpl.java:62)
	at org.nutz.ioc.impl.NutIoc.get(NutIoc.java:210)
	at org.nutz.ioc.impl.NutIoc.get(NutIoc.java:239)
	at org.nutz.dao.test.DaoCase.setUp(DaoCase.java:22)
	at sun.reflect.GeneratedMethodAccessor23.invoke(Unknown Source)
	at sun.reflect.DelegatingMethodAccessorImpl.invoke(DelegatingMethodAccessorImpl.java:43)
	at java.lang.reflect.Method.invoke(Method.java:498)
	at org.junit.runners.model.FrameworkMethod$1.runReflectiveCall(FrameworkMethod.java:44)
	at org.junit.internal.runners.model.ReflectiveCallable.run(ReflectiveCallable.java:15)
	at org.junit.runners.model.FrameworkMethod.invokeExplosively(FrameworkMethod.java:41)
	at org.junit.internal.runners.statements.RunBefores.evaluate(RunBefores.java:27)
	at org.junit.internal.runners.statements.RunAfters.evaluate(RunAfters.java:31)
	at org.junit.runners.BlockJUnit4ClassRunner.runNotIgnored(BlockJUnit4ClassRunner.java:79)
	at org.junit.runners.BlockJUnit4ClassRunner.runChild(BlockJUnit4ClassRunner.java:71)
	at org.junit.runners.BlockJUnit4ClassRunner.runChild(BlockJUnit4ClassRunner.java:49)
	at org.junit.runners.ParentRunner$3.run(ParentRunner.java:193)
	at org.junit.runners.ParentRunner$1.schedule(ParentRunner.java:52)
	at org.junit.runners.ParentRunner.runChildren(ParentRunner.java:191)
	at org.junit.runners.ParentRunner.access$000(ParentRunner.java:42)
	at org.junit.runners.ParentRunner$2.evaluate(ParentRunner.java:184)
	at org.junit.runners.ParentRunner.run(ParentRunner.java:236)
	at org.apache.maven.surefire.junit4.JUnit4Provider.execute(JUnit4Provider.java:283)
	at org.apache.maven.surefire.junit4.JUnit4Provider.executeWithRerun(JUnit4Provider.java:173)
	at org.apache.maven.surefire.junit4.JUnit4Provider.executeTestSet(JUnit4Provider.java:153)
	at org.apache.maven.surefire.junit4.JUnit4Provider.invoke(JUnit4Provider.java:128)
	at org.apache.maven.surefire.booter.ForkedBooter.invokeProviderInSameClassLoader(ForkedBooter.java:203)
	at org.apache.maven.surefire.booter.ForkedBooter.runSuitesInProcess(ForkedBooter.java:155)
	at org.apache.maven.surefire.booter.ForkedBooter.main(ForkedBooter.java:103)
</error>
  </testcase>
  <testcase name="query_by_orderbyset" classname="org.nutz.dao.test.normal.QueryTest" time="0">
    <error message="IocBean[dao -&gt; dataSource] throw Exception when creating" type="org.nutz.ioc.IocException">org.nutz.ioc.IocException: IocBean[dao -> dataSource] throw Exception when creating
	at org.nutz.ioc.impl.ObjectMakerImpl.make(ObjectMakerImpl.java:150)
	at org.nutz.ioc.impl.NutIoc.get(NutIoc.java:210)
	at org.nutz.ioc.val.ReferValue.get(ReferValue.java:24)
	at org.nutz.ioc.impl.ObjectMakerImpl.make(ObjectMakerImpl.java:62)
	at org.nutz.ioc.impl.NutIoc.get(NutIoc.java:210)
	at org.nutz.ioc.impl.NutIoc.get(NutIoc.java:239)
	at org.nutz.dao.test.DaoCase.setUp(DaoCase.java:22)
	at sun.reflect.GeneratedMethodAccessor23.invoke(Unknown Source)
	at sun.reflect.DelegatingMethodAccessorImpl.invoke(DelegatingMethodAccessorImpl.java:43)
	at java.lang.reflect.Method.invoke(Method.java:498)
	at org.junit.runners.model.FrameworkMethod$1.runReflectiveCall(FrameworkMethod.java:44)
	at org.junit.internal.runners.model.ReflectiveCallable.run(ReflectiveCallable.java:15)
	at org.junit.runners.model.FrameworkMethod.invokeExplosively(FrameworkMethod.java:41)
	at org.junit.internal.runners.statements.RunBefores.evaluate(RunBefores.java:27)
	at org.junit.internal.runners.statements.RunAfters.evaluate(RunAfters.java:31)
	at org.junit.runners.BlockJUnit4ClassRunner.runNotIgnored(BlockJUnit4ClassRunner.java:79)
	at org.junit.runners.BlockJUnit4ClassRunner.runChild(BlockJUnit4ClassRunner.java:71)
	at org.junit.runners.BlockJUnit4ClassRunner.runChild(BlockJUnit4ClassRunner.java:49)
	at org.junit.runners.ParentRunner$3.run(ParentRunner.java:193)
	at org.junit.runners.ParentRunner$1.schedule(ParentRunner.java:52)
	at org.junit.runners.ParentRunner.runChildren(ParentRunner.java:191)
	at org.junit.runners.ParentRunner.access$000(ParentRunner.java:42)
	at org.junit.runners.ParentRunner$2.evaluate(ParentRunner.java:184)
	at org.junit.runners.ParentRunner.run(ParentRunner.java:236)
	at org.apache.maven.surefire.junit4.JUnit4Provider.execute(JUnit4Provider.java:283)
	at org.apache.maven.surefire.junit4.JUnit4Provider.executeWithRerun(JUnit4Provider.java:173)
	at org.apache.maven.surefire.junit4.JUnit4Provider.executeTestSet(JUnit4Provider.java:153)
	at org.apache.maven.surefire.junit4.JUnit4Provider.invoke(JUnit4Provider.java:128)
	at org.apache.maven.surefire.booter.ForkedBooter.invokeProviderInSameClassLoader(ForkedBooter.java:203)
	at org.apache.maven.surefire.booter.ForkedBooter.runSuitesInProcess(ForkedBooter.java:155)
	at org.apache.maven.surefire.booter.ForkedBooter.main(ForkedBooter.java:103)
Caused by: java.lang.RuntimeException: IocBean[dataSource] fail at field=[driverClassName]
	at org.nutz.ioc.weaver.FieldInjector.inject(FieldInjector.java:40)
	at org.nutz.ioc.weaver.DefaultWeaver.fill(DefaultWeaver.java:56)
	at org.nutz.ioc.impl.ObjectMakerImpl.make(ObjectMakerImpl.java:136)
	at org.nutz.ioc.impl.NutIoc.get(NutIoc.java:210)
	at org.nutz.ioc.val.ReferValue.get(ReferValue.java:24)
	at org.nutz.ioc.impl.ObjectMakerImpl.make(ObjectMakerImpl.java:62)
	at org.nutz.ioc.impl.NutIoc.get(NutIoc.java:210)
	at org.nutz.ioc.impl.NutIoc.get(NutIoc.java:239)
	at org.nutz.dao.test.DaoCase.setUp(DaoCase.java:22)
	at sun.reflect.GeneratedMethodAccessor23.invoke(Unknown Source)
	at sun.reflect.DelegatingMethodAccessorImpl.invoke(DelegatingMethodAccessorImpl.java:43)
	at java.lang.reflect.Method.invoke(Method.java:498)
	at org.junit.runners.model.FrameworkMethod$1.runReflectiveCall(FrameworkMethod.java:44)
	at org.junit.internal.runners.model.ReflectiveCallable.run(ReflectiveCallable.java:15)
	at org.junit.runners.model.FrameworkMethod.invokeExplosively(FrameworkMethod.java:41)
	at org.junit.internal.runners.statements.RunBefores.evaluate(RunBefores.java:27)
	at org.junit.internal.runners.statements.RunAfters.evaluate(RunAfters.java:31)
	at org.junit.runners.BlockJUnit4ClassRunner.runNotIgnored(BlockJUnit4ClassRunner.java:79)
	at org.junit.runners.BlockJUnit4ClassRunner.runChild(BlockJUnit4ClassRunner.java:71)
	at org.junit.runners.BlockJUnit4ClassRunner.runChild(BlockJUnit4ClassRunner.java:49)
	at org.junit.runners.ParentRunner$3.run(ParentRunner.java:193)
	at org.junit.runners.ParentRunner$1.schedule(ParentRunner.java:52)
	at org.junit.runners.ParentRunner.runChildren(ParentRunner.java:191)
	at org.junit.runners.ParentRunner.access$000(ParentRunner.java:42)
	at org.junit.runners.ParentRunner$2.evaluate(ParentRunner.java:184)
	at org.junit.runners.ParentRunner.run(ParentRunner.java:236)
	at org.apache.maven.surefire.junit4.JUnit4Provider.execute(JUnit4Provider.java:283)
	at org.apache.maven.surefire.junit4.JUnit4Provider.executeWithRerun(JUnit4Provider.java:173)
	at org.apache.maven.surefire.junit4.JUnit4Provider.executeTestSet(JUnit4Provider.java:153)
	at org.apache.maven.surefire.junit4.JUnit4Provider.invoke(JUnit4Provider.java:128)
	at org.apache.maven.surefire.booter.ForkedBooter.invokeProviderInSameClassLoader(ForkedBooter.java:203)
	at org.apache.maven.surefire.booter.ForkedBooter.runSuitesInProcess(ForkedBooter.java:155)
	at org.apache.maven.surefire.booter.ForkedBooter.main(ForkedBooter.java:103)
Caused by: org.nutz.ioc.IocException: IocBean[config] throw Exception when creating
	at org.nutz.ioc.impl.ObjectMakerImpl.make(ObjectMakerImpl.java:150)
	at org.nutz.ioc.impl.NutIoc.get(NutIoc.java:210)
	at org.nutz.ioc.impl.NutIoc.get(NutIoc.java:239)
	at org.nutz.ioc.java.IocObjectNode.getValue(IocObjectNode.java:19)
	at org.nutz.ioc.java.ChainNode.eval(ChainNode.java:24)
	at org.nutz.ioc.java.ChainNode.eval(ChainNode.java:19)
	at org.nutz.ioc.val.JavaValue.get(JavaValue.java:69)
	at org.nutz.ioc.weaver.FieldInjector.inject(FieldInjector.java:32)
	at org.nutz.ioc.weaver.DefaultWeaver.fill(DefaultWeaver.java:56)
	at org.nutz.ioc.impl.ObjectMakerImpl.make(ObjectMakerImpl.java:136)
	at org.nutz.ioc.impl.NutIoc.get(NutIoc.java:210)
	at org.nutz.ioc.val.ReferValue.get(ReferValue.java:24)
	at org.nutz.ioc.impl.ObjectMakerImpl.make(ObjectMakerImpl.java:62)
	at org.nutz.ioc.impl.NutIoc.get(NutIoc.java:210)
	at org.nutz.ioc.impl.NutIoc.get(NutIoc.java:239)
	at org.nutz.dao.test.DaoCase.setUp(DaoCase.java:22)
	at sun.reflect.GeneratedMethodAccessor23.invoke(Unknown Source)
	at sun.reflect.DelegatingMethodAccessorImpl.invoke(DelegatingMethodAccessorImpl.java:43)
	at java.lang.reflect.Method.invoke(Method.java:498)
	at org.junit.runners.model.FrameworkMethod$1.runReflectiveCall(FrameworkMethod.java:44)
	at org.junit.internal.runners.model.ReflectiveCallable.run(ReflectiveCallable.java:15)
	at org.junit.runners.model.FrameworkMethod.invokeExplosively(FrameworkMethod.java:41)
	at org.junit.internal.runners.statements.RunBefores.evaluate(RunBefores.java:27)
	at org.junit.internal.runners.statements.RunAfters.evaluate(RunAfters.java:31)
	at org.junit.runners.BlockJUnit4ClassRunner.runNotIgnored(BlockJUnit4ClassRunner.java:79)
	at org.junit.runners.BlockJUnit4ClassRunner.runChild(BlockJUnit4ClassRunner.java:71)
	at org.junit.runners.BlockJUnit4ClassRunner.runChild(BlockJUnit4ClassRunner.java:49)
	at org.junit.runners.ParentRunner$3.run(ParentRunner.java:193)
	at org.junit.runners.ParentRunner$1.schedule(ParentRunner.java:52)
	at org.junit.runners.ParentRunner.runChildren(ParentRunner.java:191)
	at org.junit.runners.ParentRunner.access$000(ParentRunner.java:42)
	at org.junit.runners.ParentRunner$2.evaluate(ParentRunner.java:184)
	at org.junit.runners.ParentRunner.run(ParentRunner.java:236)
	at org.apache.maven.surefire.junit4.JUnit4Provider.execute(JUnit4Provider.java:283)
	at org.apache.maven.surefire.junit4.JUnit4Provider.executeWithRerun(JUnit4Provider.java:173)
	at org.apache.maven.surefire.junit4.JUnit4Provider.executeTestSet(JUnit4Provider.java:153)
	at org.apache.maven.surefire.junit4.JUnit4Provider.invoke(JUnit4Provider.java:128)
	at org.apache.maven.surefire.booter.ForkedBooter.invokeProviderInSameClassLoader(ForkedBooter.java:203)
	at org.apache.maven.surefire.booter.ForkedBooter.runSuitesInProcess(ForkedBooter.java:155)
	at org.apache.maven.surefire.booter.ForkedBooter.main(ForkedBooter.java:103)
Caused by: java.lang.RuntimeException: IocBean[config] fail at field=[paths]
	at org.nutz.ioc.weaver.FieldInjector.inject(FieldInjector.java:40)
	at org.nutz.ioc.weaver.DefaultWeaver.fill(DefaultWeaver.java:56)
	at org.nutz.ioc.impl.ObjectMakerImpl.make(ObjectMakerImpl.java:136)
	at org.nutz.ioc.impl.NutIoc.get(NutIoc.java:210)
	at org.nutz.ioc.impl.NutIoc.get(NutIoc.java:239)
	at org.nutz.ioc.java.IocObjectNode.getValue(IocObjectNode.java:19)
	at org.nutz.ioc.java.ChainNode.eval(ChainNode.java:24)
	at org.nutz.ioc.java.ChainNode.eval(ChainNode.java:19)
	at org.nutz.ioc.val.JavaValue.get(JavaValue.java:69)
	at org.nutz.ioc.weaver.FieldInjector.inject(FieldInjector.java:32)
	at org.nutz.ioc.weaver.DefaultWeaver.fill(DefaultWeaver.java:56)
	at org.nutz.ioc.impl.ObjectMakerImpl.make(ObjectMakerImpl.java:136)
	at org.nutz.ioc.impl.NutIoc.get(NutIoc.java:210)
	at org.nutz.ioc.val.ReferValue.get(ReferValue.java:24)
	at org.nutz.ioc.impl.ObjectMakerImpl.make(ObjectMakerImpl.java:62)
	at org.nutz.ioc.impl.NutIoc.get(NutIoc.java:210)
	at org.nutz.ioc.impl.NutIoc.get(NutIoc.java:239)
	at org.nutz.dao.test.DaoCase.setUp(DaoCase.java:22)
	at sun.reflect.GeneratedMethodAccessor23.invoke(Unknown Source)
	at sun.reflect.DelegatingMethodAccessorImpl.invoke(DelegatingMethodAccessorImpl.java:43)
	at java.lang.reflect.Method.invoke(Method.java:498)
	at org.junit.runners.model.FrameworkMethod$1.runReflectiveCall(FrameworkMethod.java:44)
	at org.junit.internal.runners.model.ReflectiveCallable.run(ReflectiveCallable.java:15)
	at org.junit.runners.model.FrameworkMethod.invokeExplosively(FrameworkMethod.java:41)
	at org.junit.internal.runners.statements.RunBefores.evaluate(RunBefores.java:27)
	at org.junit.internal.runners.statements.RunAfters.evaluate(RunAfters.java:31)
	at org.junit.runners.BlockJUnit4ClassRunner.runNotIgnored(BlockJUnit4ClassRunner.java:79)
	at org.junit.runners.BlockJUnit4ClassRunner.runChild(BlockJUnit4ClassRunner.java:71)
	at org.junit.runners.BlockJUnit4ClassRunner.runChild(BlockJUnit4ClassRunner.java:49)
	at org.junit.runners.ParentRunner$3.run(ParentRunner.java:193)
	at org.junit.runners.ParentRunner$1.schedule(ParentRunner.java:52)
	at org.junit.runners.ParentRunner.runChildren(ParentRunner.java:191)
	at org.junit.runners.ParentRunner.access$000(ParentRunner.java:42)
	at org.junit.runners.ParentRunner$2.evaluate(ParentRunner.java:184)
	at org.junit.runners.ParentRunner.run(ParentRunner.java:236)
	at org.apache.maven.surefire.junit4.JUnit4Provider.execute(JUnit4Provider.java:283)
	at org.apache.maven.surefire.junit4.JUnit4Provider.executeWithRerun(JUnit4Provider.java:173)
	at org.apache.maven.surefire.junit4.JUnit4Provider.executeTestSet(JUnit4Provider.java:153)
	at org.apache.maven.surefire.junit4.JUnit4Provider.invoke(JUnit4Provider.java:128)
	at org.apache.maven.surefire.booter.ForkedBooter.invokeProviderInSameClassLoader(ForkedBooter.java:203)
	at org.apache.maven.surefire.booter.ForkedBooter.runSuitesInProcess(ForkedBooter.java:155)
	at org.apache.maven.surefire.booter.ForkedBooter.main(ForkedBooter.java:103)
Caused by: java.lang.RuntimeException: Fail to set '[nutz-test.properties]'[ [Ljava.lang.String;@5403799b ] by setter org.nutz.ioc.impl.PropertiesProxy.'setPaths()' because [java.lang.RuntimeException: folder or file like '^.+[.]properties$' no found in nutz-test.properties]: folder or file like '^.+[.]properties$' no found in nutz-test.properties
	at org.nutz.lang.Lang.wrapThrow(Lang.java:167)
	at org.nutz.lang.inject.InjectBySetter.inject(InjectBySetter.java:62)
	at org.nutz.ioc.weaver.FieldInjector.inject(FieldInjector.java:33)
	at org.nutz.ioc.weaver.DefaultWeaver.fill(DefaultWeaver.java:56)
	at org.nutz.ioc.impl.ObjectMakerImpl.make(ObjectMakerImpl.java:136)
	at org.nutz.ioc.impl.NutIoc.get(NutIoc.java:210)
	at org.nutz.ioc.impl.NutIoc.get(NutIoc.java:239)
	at org.nutz.ioc.java.IocObjectNode.getValue(IocObjectNode.java:19)
	at org.nutz.ioc.java.ChainNode.eval(ChainNode.java:24)
	at org.nutz.ioc.java.ChainNode.eval(ChainNode.java:19)
	at org.nutz.ioc.val.JavaValue.get(JavaValue.java:69)
	at org.nutz.ioc.weaver.FieldInjector.inject(FieldInjector.java:32)
	at org.nutz.ioc.weaver.DefaultWeaver.fill(DefaultWeaver.java:56)
	at org.nutz.ioc.impl.ObjectMakerImpl.make(ObjectMakerImpl.java:136)
	at org.nutz.ioc.impl.NutIoc.get(NutIoc.java:210)
	at org.nutz.ioc.val.ReferValue.get(ReferValue.java:24)
	at org.nutz.ioc.impl.ObjectMakerImpl.make(ObjectMakerImpl.java:62)
	at org.nutz.ioc.impl.NutIoc.get(NutIoc.java:210)
	at org.nutz.ioc.impl.NutIoc.get(NutIoc.java:239)
	at org.nutz.dao.test.DaoCase.setUp(DaoCase.java:22)
	at sun.reflect.GeneratedMethodAccessor23.invoke(Unknown Source)
	at sun.reflect.DelegatingMethodAccessorImpl.invoke(DelegatingMethodAccessorImpl.java:43)
	at java.lang.reflect.Method.invoke(Method.java:498)
	at org.junit.runners.model.FrameworkMethod$1.runReflectiveCall(FrameworkMethod.java:44)
	at org.junit.internal.runners.model.ReflectiveCallable.run(ReflectiveCallable.java:15)
	at org.junit.runners.model.FrameworkMethod.invokeExplosively(FrameworkMethod.java:41)
	at org.junit.internal.runners.statements.RunBefores.evaluate(RunBefores.java:27)
	at org.junit.internal.runners.statements.RunAfters.evaluate(RunAfters.java:31)
	at org.junit.runners.BlockJUnit4ClassRunner.runNotIgnored(BlockJUnit4ClassRunner.java:79)
	at org.junit.runners.BlockJUnit4ClassRunner.runChild(BlockJUnit4ClassRunner.java:71)
	at org.junit.runners.BlockJUnit4ClassRunner.runChild(BlockJUnit4ClassRunner.java:49)
	at org.junit.runners.ParentRunner$3.run(ParentRunner.java:193)
	at org.junit.runners.ParentRunner$1.schedule(ParentRunner.java:52)
	at org.junit.runners.ParentRunner.runChildren(ParentRunner.java:191)
	at org.junit.runners.ParentRunner.access$000(ParentRunner.java:42)
	at org.junit.runners.ParentRunner$2.evaluate(ParentRunner.java:184)
	at org.junit.runners.ParentRunner.run(ParentRunner.java:236)
	at org.apache.maven.surefire.junit4.JUnit4Provider.execute(JUnit4Provider.java:283)
	at org.apache.maven.surefire.junit4.JUnit4Provider.executeWithRerun(JUnit4Provider.java:173)
	at org.apache.maven.surefire.junit4.JUnit4Provider.executeTestSet(JUnit4Provider.java:153)
	at org.apache.maven.surefire.junit4.JUnit4Provider.invoke(JUnit4Provider.java:128)
	at org.apache.maven.surefire.booter.ForkedBooter.invokeProviderInSameClassLoader(ForkedBooter.java:203)
	at org.apache.maven.surefire.booter.ForkedBooter.runSuitesInProcess(ForkedBooter.java:155)
	at org.apache.maven.surefire.booter.ForkedBooter.main(ForkedBooter.java:103)
Caused by: java.lang.RuntimeException: folder or file like '^.+[.]properties$' no found in nutz-test.properties
	at org.nutz.lang.Lang.makeThrow(Lang.java:151)
	at org.nutz.resource.Scans.loadResource(Scans.java:112)
	at org.nutz.ioc.impl.PropertiesProxy.getResources(PropertiesProxy.java:153)
	at org.nutz.ioc.impl.PropertiesProxy.setPaths(PropertiesProxy.java:109)
	at org.nutz.ioc.impl.PropertiesProxy$FM$setPaths$d0275b2b871e237a38f11859247d1599.invoke(PropertiesProxy.java)
	at org.nutz.lang.inject.InjectBySetter.inject(InjectBySetter.java:51)
	at org.nutz.ioc.weaver.FieldInjector.inject(FieldInjector.java:33)
	at org.nutz.ioc.weaver.DefaultWeaver.fill(DefaultWeaver.java:56)
	at org.nutz.ioc.impl.ObjectMakerImpl.make(ObjectMakerImpl.java:136)
	at org.nutz.ioc.impl.NutIoc.get(NutIoc.java:210)
	at org.nutz.ioc.impl.NutIoc.get(NutIoc.java:239)
	at org.nutz.ioc.java.IocObjectNode.getValue(IocObjectNode.java:19)
	at org.nutz.ioc.java.ChainNode.eval(ChainNode.java:24)
	at org.nutz.ioc.java.ChainNode.eval(ChainNode.java:19)
	at org.nutz.ioc.val.JavaValue.get(JavaValue.java:69)
	at org.nutz.ioc.weaver.FieldInjector.inject(FieldInjector.java:32)
	at org.nutz.ioc.weaver.DefaultWeaver.fill(DefaultWeaver.java:56)
	at org.nutz.ioc.impl.ObjectMakerImpl.make(ObjectMakerImpl.java:136)
	at org.nutz.ioc.impl.NutIoc.get(NutIoc.java:210)
	at org.nutz.ioc.val.ReferValue.get(ReferValue.java:24)
	at org.nutz.ioc.impl.ObjectMakerImpl.make(ObjectMakerImpl.java:62)
	at org.nutz.ioc.impl.NutIoc.get(NutIoc.java:210)
	at org.nutz.ioc.impl.NutIoc.get(NutIoc.java:239)
	at org.nutz.dao.test.DaoCase.setUp(DaoCase.java:22)
	at sun.reflect.GeneratedMethodAccessor23.invoke(Unknown Source)
	at sun.reflect.DelegatingMethodAccessorImpl.invoke(DelegatingMethodAccessorImpl.java:43)
	at java.lang.reflect.Method.invoke(Method.java:498)
	at org.junit.runners.model.FrameworkMethod$1.runReflectiveCall(FrameworkMethod.java:44)
	at org.junit.internal.runners.model.ReflectiveCallable.run(ReflectiveCallable.java:15)
	at org.junit.runners.model.FrameworkMethod.invokeExplosively(FrameworkMethod.java:41)
	at org.junit.internal.runners.statements.RunBefores.evaluate(RunBefores.java:27)
	at org.junit.internal.runners.statements.RunAfters.evaluate(RunAfters.java:31)
	at org.junit.runners.BlockJUnit4ClassRunner.runNotIgnored(BlockJUnit4ClassRunner.java:79)
	at org.junit.runners.BlockJUnit4ClassRunner.runChild(BlockJUnit4ClassRunner.java:71)
	at org.junit.runners.BlockJUnit4ClassRunner.runChild(BlockJUnit4ClassRunner.java:49)
	at org.junit.runners.ParentRunner$3.run(ParentRunner.java:193)
	at org.junit.runners.ParentRunner$1.schedule(ParentRunner.java:52)
	at org.junit.runners.ParentRunner.runChildren(ParentRunner.java:191)
	at org.junit.runners.ParentRunner.access$000(ParentRunner.java:42)
	at org.junit.runners.ParentRunner$2.evaluate(ParentRunner.java:184)
	at org.junit.runners.ParentRunner.run(ParentRunner.java:236)
	at org.apache.maven.surefire.junit4.JUnit4Provider.execute(JUnit4Provider.java:283)
	at org.apache.maven.surefire.junit4.JUnit4Provider.executeWithRerun(JUnit4Provider.java:173)
	at org.apache.maven.surefire.junit4.JUnit4Provider.executeTestSet(JUnit4Provider.java:153)
	at org.apache.maven.surefire.junit4.JUnit4Provider.invoke(JUnit4Provider.java:128)
	at org.apache.maven.surefire.booter.ForkedBooter.invokeProviderInSameClassLoader(ForkedBooter.java:203)
	at org.apache.maven.surefire.booter.ForkedBooter.runSuitesInProcess(ForkedBooter.java:155)
	at org.apache.maven.surefire.booter.ForkedBooter.main(ForkedBooter.java:103)
</error>
  </testcase>
  <testcase name="query_by_map_idkeyset" classname="org.nutz.dao.test.normal.QueryTest" time="0">
    <error message="IocBean[dao -&gt; dataSource] throw Exception when creating" type="org.nutz.ioc.IocException">org.nutz.ioc.IocException: IocBean[dao -> dataSource] throw Exception when creating
	at org.nutz.ioc.impl.ObjectMakerImpl.make(ObjectMakerImpl.java:150)
	at org.nutz.ioc.impl.NutIoc.get(NutIoc.java:210)
	at org.nutz.ioc.val.ReferValue.get(ReferValue.java:24)
	at org.nutz.ioc.impl.ObjectMakerImpl.make(ObjectMakerImpl.java:62)
	at org.nutz.ioc.impl.NutIoc.get(NutIoc.java:210)
	at org.nutz.ioc.impl.NutIoc.get(NutIoc.java:239)
	at org.nutz.dao.test.DaoCase.setUp(DaoCase.java:22)
	at sun.reflect.GeneratedMethodAccessor23.invoke(Unknown Source)
	at sun.reflect.DelegatingMethodAccessorImpl.invoke(DelegatingMethodAccessorImpl.java:43)
	at java.lang.reflect.Method.invoke(Method.java:498)
	at org.junit.runners.model.FrameworkMethod$1.runReflectiveCall(FrameworkMethod.java:44)
	at org.junit.internal.runners.model.ReflectiveCallable.run(ReflectiveCallable.java:15)
	at org.junit.runners.model.FrameworkMethod.invokeExplosively(FrameworkMethod.java:41)
	at org.junit.internal.runners.statements.RunBefores.evaluate(RunBefores.java:27)
	at org.junit.internal.runners.statements.RunAfters.evaluate(RunAfters.java:31)
	at org.junit.runners.BlockJUnit4ClassRunner.runNotIgnored(BlockJUnit4ClassRunner.java:79)
	at org.junit.runners.BlockJUnit4ClassRunner.runChild(BlockJUnit4ClassRunner.java:71)
	at org.junit.runners.BlockJUnit4ClassRunner.runChild(BlockJUnit4ClassRunner.java:49)
	at org.junit.runners.ParentRunner$3.run(ParentRunner.java:193)
	at org.junit.runners.ParentRunner$1.schedule(ParentRunner.java:52)
	at org.junit.runners.ParentRunner.runChildren(ParentRunner.java:191)
	at org.junit.runners.ParentRunner.access$000(ParentRunner.java:42)
	at org.junit.runners.ParentRunner$2.evaluate(ParentRunner.java:184)
	at org.junit.runners.ParentRunner.run(ParentRunner.java:236)
	at org.apache.maven.surefire.junit4.JUnit4Provider.execute(JUnit4Provider.java:283)
	at org.apache.maven.surefire.junit4.JUnit4Provider.executeWithRerun(JUnit4Provider.java:173)
	at org.apache.maven.surefire.junit4.JUnit4Provider.executeTestSet(JUnit4Provider.java:153)
	at org.apache.maven.surefire.junit4.JUnit4Provider.invoke(JUnit4Provider.java:128)
	at org.apache.maven.surefire.booter.ForkedBooter.invokeProviderInSameClassLoader(ForkedBooter.java:203)
	at org.apache.maven.surefire.booter.ForkedBooter.runSuitesInProcess(ForkedBooter.java:155)
	at org.apache.maven.surefire.booter.ForkedBooter.main(ForkedBooter.java:103)
Caused by: java.lang.RuntimeException: IocBean[dataSource] fail at field=[driverClassName]
	at org.nutz.ioc.weaver.FieldInjector.inject(FieldInjector.java:40)
	at org.nutz.ioc.weaver.DefaultWeaver.fill(DefaultWeaver.java:56)
	at org.nutz.ioc.impl.ObjectMakerImpl.make(ObjectMakerImpl.java:136)
	at org.nutz.ioc.impl.NutIoc.get(NutIoc.java:210)
	at org.nutz.ioc.val.ReferValue.get(ReferValue.java:24)
	at org.nutz.ioc.impl.ObjectMakerImpl.make(ObjectMakerImpl.java:62)
	at org.nutz.ioc.impl.NutIoc.get(NutIoc.java:210)
	at org.nutz.ioc.impl.NutIoc.get(NutIoc.java:239)
	at org.nutz.dao.test.DaoCase.setUp(DaoCase.java:22)
	at sun.reflect.GeneratedMethodAccessor23.invoke(Unknown Source)
	at sun.reflect.DelegatingMethodAccessorImpl.invoke(DelegatingMethodAccessorImpl.java:43)
	at java.lang.reflect.Method.invoke(Method.java:498)
	at org.junit.runners.model.FrameworkMethod$1.runReflectiveCall(FrameworkMethod.java:44)
	at org.junit.internal.runners.model.ReflectiveCallable.run(ReflectiveCallable.java:15)
	at org.junit.runners.model.FrameworkMethod.invokeExplosively(FrameworkMethod.java:41)
	at org.junit.internal.runners.statements.RunBefores.evaluate(RunBefores.java:27)
	at org.junit.internal.runners.statements.RunAfters.evaluate(RunAfters.java:31)
	at org.junit.runners.BlockJUnit4ClassRunner.runNotIgnored(BlockJUnit4ClassRunner.java:79)
	at org.junit.runners.BlockJUnit4ClassRunner.runChild(BlockJUnit4ClassRunner.java:71)
	at org.junit.runners.BlockJUnit4ClassRunner.runChild(BlockJUnit4ClassRunner.java:49)
	at org.junit.runners.ParentRunner$3.run(ParentRunner.java:193)
	at org.junit.runners.ParentRunner$1.schedule(ParentRunner.java:52)
	at org.junit.runners.ParentRunner.runChildren(ParentRunner.java:191)
	at org.junit.runners.ParentRunner.access$000(ParentRunner.java:42)
	at org.junit.runners.ParentRunner$2.evaluate(ParentRunner.java:184)
	at org.junit.runners.ParentRunner.run(ParentRunner.java:236)
	at org.apache.maven.surefire.junit4.JUnit4Provider.execute(JUnit4Provider.java:283)
	at org.apache.maven.surefire.junit4.JUnit4Provider.executeWithRerun(JUnit4Provider.java:173)
	at org.apache.maven.surefire.junit4.JUnit4Provider.executeTestSet(JUnit4Provider.java:153)
	at org.apache.maven.surefire.junit4.JUnit4Provider.invoke(JUnit4Provider.java:128)
	at org.apache.maven.surefire.booter.ForkedBooter.invokeProviderInSameClassLoader(ForkedBooter.java:203)
	at org.apache.maven.surefire.booter.ForkedBooter.runSuitesInProcess(ForkedBooter.java:155)
	at org.apache.maven.surefire.booter.ForkedBooter.main(ForkedBooter.java:103)
Caused by: org.nutz.ioc.IocException: IocBean[config] throw Exception when creating
	at org.nutz.ioc.impl.ObjectMakerImpl.make(ObjectMakerImpl.java:150)
	at org.nutz.ioc.impl.NutIoc.get(NutIoc.java:210)
	at org.nutz.ioc.impl.NutIoc.get(NutIoc.java:239)
	at org.nutz.ioc.java.IocObjectNode.getValue(IocObjectNode.java:19)
	at org.nutz.ioc.java.ChainNode.eval(ChainNode.java:24)
	at org.nutz.ioc.java.ChainNode.eval(ChainNode.java:19)
	at org.nutz.ioc.val.JavaValue.get(JavaValue.java:69)
	at org.nutz.ioc.weaver.FieldInjector.inject(FieldInjector.java:32)
	at org.nutz.ioc.weaver.DefaultWeaver.fill(DefaultWeaver.java:56)
	at org.nutz.ioc.impl.ObjectMakerImpl.make(ObjectMakerImpl.java:136)
	at org.nutz.ioc.impl.NutIoc.get(NutIoc.java:210)
	at org.nutz.ioc.val.ReferValue.get(ReferValue.java:24)
	at org.nutz.ioc.impl.ObjectMakerImpl.make(ObjectMakerImpl.java:62)
	at org.nutz.ioc.impl.NutIoc.get(NutIoc.java:210)
	at org.nutz.ioc.impl.NutIoc.get(NutIoc.java:239)
	at org.nutz.dao.test.DaoCase.setUp(DaoCase.java:22)
	at sun.reflect.GeneratedMethodAccessor23.invoke(Unknown Source)
	at sun.reflect.DelegatingMethodAccessorImpl.invoke(DelegatingMethodAccessorImpl.java:43)
	at java.lang.reflect.Method.invoke(Method.java:498)
	at org.junit.runners.model.FrameworkMethod$1.runReflectiveCall(FrameworkMethod.java:44)
	at org.junit.internal.runners.model.ReflectiveCallable.run(ReflectiveCallable.java:15)
	at org.junit.runners.model.FrameworkMethod.invokeExplosively(FrameworkMethod.java:41)
	at org.junit.internal.runners.statements.RunBefores.evaluate(RunBefores.java:27)
	at org.junit.internal.runners.statements.RunAfters.evaluate(RunAfters.java:31)
	at org.junit.runners.BlockJUnit4ClassRunner.runNotIgnored(BlockJUnit4ClassRunner.java:79)
	at org.junit.runners.BlockJUnit4ClassRunner.runChild(BlockJUnit4ClassRunner.java:71)
	at org.junit.runners.BlockJUnit4ClassRunner.runChild(BlockJUnit4ClassRunner.java:49)
	at org.junit.runners.ParentRunner$3.run(ParentRunner.java:193)
	at org.junit.runners.ParentRunner$1.schedule(ParentRunner.java:52)
	at org.junit.runners.ParentRunner.runChildren(ParentRunner.java:191)
	at org.junit.runners.ParentRunner.access$000(ParentRunner.java:42)
	at org.junit.runners.ParentRunner$2.evaluate(ParentRunner.java:184)
	at org.junit.runners.ParentRunner.run(ParentRunner.java:236)
	at org.apache.maven.surefire.junit4.JUnit4Provider.execute(JUnit4Provider.java:283)
	at org.apache.maven.surefire.junit4.JUnit4Provider.executeWithRerun(JUnit4Provider.java:173)
	at org.apache.maven.surefire.junit4.JUnit4Provider.executeTestSet(JUnit4Provider.java:153)
	at org.apache.maven.surefire.junit4.JUnit4Provider.invoke(JUnit4Provider.java:128)
	at org.apache.maven.surefire.booter.ForkedBooter.invokeProviderInSameClassLoader(ForkedBooter.java:203)
	at org.apache.maven.surefire.booter.ForkedBooter.runSuitesInProcess(ForkedBooter.java:155)
	at org.apache.maven.surefire.booter.ForkedBooter.main(ForkedBooter.java:103)
Caused by: java.lang.RuntimeException: IocBean[config] fail at field=[paths]
	at org.nutz.ioc.weaver.FieldInjector.inject(FieldInjector.java:40)
	at org.nutz.ioc.weaver.DefaultWeaver.fill(DefaultWeaver.java:56)
	at org.nutz.ioc.impl.ObjectMakerImpl.make(ObjectMakerImpl.java:136)
	at org.nutz.ioc.impl.NutIoc.get(NutIoc.java:210)
	at org.nutz.ioc.impl.NutIoc.get(NutIoc.java:239)
	at org.nutz.ioc.java.IocObjectNode.getValue(IocObjectNode.java:19)
	at org.nutz.ioc.java.ChainNode.eval(ChainNode.java:24)
	at org.nutz.ioc.java.ChainNode.eval(ChainNode.java:19)
	at org.nutz.ioc.val.JavaValue.get(JavaValue.java:69)
	at org.nutz.ioc.weaver.FieldInjector.inject(FieldInjector.java:32)
	at org.nutz.ioc.weaver.DefaultWeaver.fill(DefaultWeaver.java:56)
	at org.nutz.ioc.impl.ObjectMakerImpl.make(ObjectMakerImpl.java:136)
	at org.nutz.ioc.impl.NutIoc.get(NutIoc.java:210)
	at org.nutz.ioc.val.ReferValue.get(ReferValue.java:24)
	at org.nutz.ioc.impl.ObjectMakerImpl.make(ObjectMakerImpl.java:62)
	at org.nutz.ioc.impl.NutIoc.get(NutIoc.java:210)
	at org.nutz.ioc.impl.NutIoc.get(NutIoc.java:239)
	at org.nutz.dao.test.DaoCase.setUp(DaoCase.java:22)
	at sun.reflect.GeneratedMethodAccessor23.invoke(Unknown Source)
	at sun.reflect.DelegatingMethodAccessorImpl.invoke(DelegatingMethodAccessorImpl.java:43)
	at java.lang.reflect.Method.invoke(Method.java:498)
	at org.junit.runners.model.FrameworkMethod$1.runReflectiveCall(FrameworkMethod.java:44)
	at org.junit.internal.runners.model.ReflectiveCallable.run(ReflectiveCallable.java:15)
	at org.junit.runners.model.FrameworkMethod.invokeExplosively(FrameworkMethod.java:41)
	at org.junit.internal.runners.statements.RunBefores.evaluate(RunBefores.java:27)
	at org.junit.internal.runners.statements.RunAfters.evaluate(RunAfters.java:31)
	at org.junit.runners.BlockJUnit4ClassRunner.runNotIgnored(BlockJUnit4ClassRunner.java:79)
	at org.junit.runners.BlockJUnit4ClassRunner.runChild(BlockJUnit4ClassRunner.java:71)
	at org.junit.runners.BlockJUnit4ClassRunner.runChild(BlockJUnit4ClassRunner.java:49)
	at org.junit.runners.ParentRunner$3.run(ParentRunner.java:193)
	at org.junit.runners.ParentRunner$1.schedule(ParentRunner.java:52)
	at org.junit.runners.ParentRunner.runChildren(ParentRunner.java:191)
	at org.junit.runners.ParentRunner.access$000(ParentRunner.java:42)
	at org.junit.runners.ParentRunner$2.evaluate(ParentRunner.java:184)
	at org.junit.runners.ParentRunner.run(ParentRunner.java:236)
	at org.apache.maven.surefire.junit4.JUnit4Provider.execute(JUnit4Provider.java:283)
	at org.apache.maven.surefire.junit4.JUnit4Provider.executeWithRerun(JUnit4Provider.java:173)
	at org.apache.maven.surefire.junit4.JUnit4Provider.executeTestSet(JUnit4Provider.java:153)
	at org.apache.maven.surefire.junit4.JUnit4Provider.invoke(JUnit4Provider.java:128)
	at org.apache.maven.surefire.booter.ForkedBooter.invokeProviderInSameClassLoader(ForkedBooter.java:203)
	at org.apache.maven.surefire.booter.ForkedBooter.runSuitesInProcess(ForkedBooter.java:155)
	at org.apache.maven.surefire.booter.ForkedBooter.main(ForkedBooter.java:103)
Caused by: java.lang.RuntimeException: Fail to set '[nutz-test.properties]'[ [Ljava.lang.String;@5a0e0886 ] by setter org.nutz.ioc.impl.PropertiesProxy.'setPaths()' because [java.lang.RuntimeException: folder or file like '^.+[.]properties$' no found in nutz-test.properties]: folder or file like '^.+[.]properties$' no found in nutz-test.properties
	at org.nutz.lang.Lang.wrapThrow(Lang.java:167)
	at org.nutz.lang.inject.InjectBySetter.inject(InjectBySetter.java:62)
	at org.nutz.ioc.weaver.FieldInjector.inject(FieldInjector.java:33)
	at org.nutz.ioc.weaver.DefaultWeaver.fill(DefaultWeaver.java:56)
	at org.nutz.ioc.impl.ObjectMakerImpl.make(ObjectMakerImpl.java:136)
	at org.nutz.ioc.impl.NutIoc.get(NutIoc.java:210)
	at org.nutz.ioc.impl.NutIoc.get(NutIoc.java:239)
	at org.nutz.ioc.java.IocObjectNode.getValue(IocObjectNode.java:19)
	at org.nutz.ioc.java.ChainNode.eval(ChainNode.java:24)
	at org.nutz.ioc.java.ChainNode.eval(ChainNode.java:19)
	at org.nutz.ioc.val.JavaValue.get(JavaValue.java:69)
	at org.nutz.ioc.weaver.FieldInjector.inject(FieldInjector.java:32)
	at org.nutz.ioc.weaver.DefaultWeaver.fill(DefaultWeaver.java:56)
	at org.nutz.ioc.impl.ObjectMakerImpl.make(ObjectMakerImpl.java:136)
	at org.nutz.ioc.impl.NutIoc.get(NutIoc.java:210)
	at org.nutz.ioc.val.ReferValue.get(ReferValue.java:24)
	at org.nutz.ioc.impl.ObjectMakerImpl.make(ObjectMakerImpl.java:62)
	at org.nutz.ioc.impl.NutIoc.get(NutIoc.java:210)
	at org.nutz.ioc.impl.NutIoc.get(NutIoc.java:239)
	at org.nutz.dao.test.DaoCase.setUp(DaoCase.java:22)
	at sun.reflect.GeneratedMethodAccessor23.invoke(Unknown Source)
	at sun.reflect.DelegatingMethodAccessorImpl.invoke(DelegatingMethodAccessorImpl.java:43)
	at java.lang.reflect.Method.invoke(Method.java:498)
	at org.junit.runners.model.FrameworkMethod$1.runReflectiveCall(FrameworkMethod.java:44)
	at org.junit.internal.runners.model.ReflectiveCallable.run(ReflectiveCallable.java:15)
	at org.junit.runners.model.FrameworkMethod.invokeExplosively(FrameworkMethod.java:41)
	at org.junit.internal.runners.statements.RunBefores.evaluate(RunBefores.java:27)
	at org.junit.internal.runners.statements.RunAfters.evaluate(RunAfters.java:31)
	at org.junit.runners.BlockJUnit4ClassRunner.runNotIgnored(BlockJUnit4ClassRunner.java:79)
	at org.junit.runners.BlockJUnit4ClassRunner.runChild(BlockJUnit4ClassRunner.java:71)
	at org.junit.runners.BlockJUnit4ClassRunner.runChild(BlockJUnit4ClassRunner.java:49)
	at org.junit.runners.ParentRunner$3.run(ParentRunner.java:193)
	at org.junit.runners.ParentRunner$1.schedule(ParentRunner.java:52)
	at org.junit.runners.ParentRunner.runChildren(ParentRunner.java:191)
	at org.junit.runners.ParentRunner.access$000(ParentRunner.java:42)
	at org.junit.runners.ParentRunner$2.evaluate(ParentRunner.java:184)
	at org.junit.runners.ParentRunner.run(ParentRunner.java:236)
	at org.apache.maven.surefire.junit4.JUnit4Provider.execute(JUnit4Provider.java:283)
	at org.apache.maven.surefire.junit4.JUnit4Provider.executeWithRerun(JUnit4Provider.java:173)
	at org.apache.maven.surefire.junit4.JUnit4Provider.executeTestSet(JUnit4Provider.java:153)
	at org.apache.maven.surefire.junit4.JUnit4Provider.invoke(JUnit4Provider.java:128)
	at org.apache.maven.surefire.booter.ForkedBooter.invokeProviderInSameClassLoader(ForkedBooter.java:203)
	at org.apache.maven.surefire.booter.ForkedBooter.runSuitesInProcess(ForkedBooter.java:155)
	at org.apache.maven.surefire.booter.ForkedBooter.main(ForkedBooter.java:103)
Caused by: java.lang.RuntimeException: folder or file like '^.+[.]properties$' no found in nutz-test.properties
	at org.nutz.lang.Lang.makeThrow(Lang.java:151)
	at org.nutz.resource.Scans.loadResource(Scans.java:112)
	at org.nutz.ioc.impl.PropertiesProxy.getResources(PropertiesProxy.java:153)
	at org.nutz.ioc.impl.PropertiesProxy.setPaths(PropertiesProxy.java:109)
	at org.nutz.ioc.impl.PropertiesProxy$FM$setPaths$d0275b2b871e237a38f11859247d1599.invoke(PropertiesProxy.java)
	at org.nutz.lang.inject.InjectBySetter.inject(InjectBySetter.java:51)
	at org.nutz.ioc.weaver.FieldInjector.inject(FieldInjector.java:33)
	at org.nutz.ioc.weaver.DefaultWeaver.fill(DefaultWeaver.java:56)
	at org.nutz.ioc.impl.ObjectMakerImpl.make(ObjectMakerImpl.java:136)
	at org.nutz.ioc.impl.NutIoc.get(NutIoc.java:210)
	at org.nutz.ioc.impl.NutIoc.get(NutIoc.java:239)
	at org.nutz.ioc.java.IocObjectNode.getValue(IocObjectNode.java:19)
	at org.nutz.ioc.java.ChainNode.eval(ChainNode.java:24)
	at org.nutz.ioc.java.ChainNode.eval(ChainNode.java:19)
	at org.nutz.ioc.val.JavaValue.get(JavaValue.java:69)
	at org.nutz.ioc.weaver.FieldInjector.inject(FieldInjector.java:32)
	at org.nutz.ioc.weaver.DefaultWeaver.fill(DefaultWeaver.java:56)
	at org.nutz.ioc.impl.ObjectMakerImpl.make(ObjectMakerImpl.java:136)
	at org.nutz.ioc.impl.NutIoc.get(NutIoc.java:210)
	at org.nutz.ioc.val.ReferValue.get(ReferValue.java:24)
	at org.nutz.ioc.impl.ObjectMakerImpl.make(ObjectMakerImpl.java:62)
	at org.nutz.ioc.impl.NutIoc.get(NutIoc.java:210)
	at org.nutz.ioc.impl.NutIoc.get(NutIoc.java:239)
	at org.nutz.dao.test.DaoCase.setUp(DaoCase.java:22)
	at sun.reflect.GeneratedMethodAccessor23.invoke(Unknown Source)
	at sun.reflect.DelegatingMethodAccessorImpl.invoke(DelegatingMethodAccessorImpl.java:43)
	at java.lang.reflect.Method.invoke(Method.java:498)
	at org.junit.runners.model.FrameworkMethod$1.runReflectiveCall(FrameworkMethod.java:44)
	at org.junit.internal.runners.model.ReflectiveCallable.run(ReflectiveCallable.java:15)
	at org.junit.runners.model.FrameworkMethod.invokeExplosively(FrameworkMethod.java:41)
	at org.junit.internal.runners.statements.RunBefores.evaluate(RunBefores.java:27)
	at org.junit.internal.runners.statements.RunAfters.evaluate(RunAfters.java:31)
	at org.junit.runners.BlockJUnit4ClassRunner.runNotIgnored(BlockJUnit4ClassRunner.java:79)
	at org.junit.runners.BlockJUnit4ClassRunner.runChild(BlockJUnit4ClassRunner.java:71)
	at org.junit.runners.BlockJUnit4ClassRunner.runChild(BlockJUnit4ClassRunner.java:49)
	at org.junit.runners.ParentRunner$3.run(ParentRunner.java:193)
	at org.junit.runners.ParentRunner$1.schedule(ParentRunner.java:52)
	at org.junit.runners.ParentRunner.runChildren(ParentRunner.java:191)
	at org.junit.runners.ParentRunner.access$000(ParentRunner.java:42)
	at org.junit.runners.ParentRunner$2.evaluate(ParentRunner.java:184)
	at org.junit.runners.ParentRunner.run(ParentRunner.java:236)
	at org.apache.maven.surefire.junit4.JUnit4Provider.execute(JUnit4Provider.java:283)
	at org.apache.maven.surefire.junit4.JUnit4Provider.executeWithRerun(JUnit4Provider.java:173)
	at org.apache.maven.surefire.junit4.JUnit4Provider.executeTestSet(JUnit4Provider.java:153)
	at org.apache.maven.surefire.junit4.JUnit4Provider.invoke(JUnit4Provider.java:128)
	at org.apache.maven.surefire.booter.ForkedBooter.invokeProviderInSameClassLoader(ForkedBooter.java:203)
	at org.apache.maven.surefire.booter.ForkedBooter.runSuitesInProcess(ForkedBooter.java:155)
	at org.apache.maven.surefire.booter.ForkedBooter.main(ForkedBooter.java:103)
</error>
  </testcase>
  <testcase name="query_by_map_namekeyset" classname="org.nutz.dao.test.normal.QueryTest" time="0">
    <error message="IocBean[dao -&gt; dataSource] throw Exception when creating" type="org.nutz.ioc.IocException">org.nutz.ioc.IocException: IocBean[dao -> dataSource] throw Exception when creating
	at org.nutz.ioc.impl.ObjectMakerImpl.make(ObjectMakerImpl.java:150)
	at org.nutz.ioc.impl.NutIoc.get(NutIoc.java:210)
	at org.nutz.ioc.val.ReferValue.get(ReferValue.java:24)
	at org.nutz.ioc.impl.ObjectMakerImpl.make(ObjectMakerImpl.java:62)
	at org.nutz.ioc.impl.NutIoc.get(NutIoc.java:210)
	at org.nutz.ioc.impl.NutIoc.get(NutIoc.java:239)
	at org.nutz.dao.test.DaoCase.setUp(DaoCase.java:22)
	at sun.reflect.GeneratedMethodAccessor23.invoke(Unknown Source)
	at sun.reflect.DelegatingMethodAccessorImpl.invoke(DelegatingMethodAccessorImpl.java:43)
	at java.lang.reflect.Method.invoke(Method.java:498)
	at org.junit.runners.model.FrameworkMethod$1.runReflectiveCall(FrameworkMethod.java:44)
	at org.junit.internal.runners.model.ReflectiveCallable.run(ReflectiveCallable.java:15)
	at org.junit.runners.model.FrameworkMethod.invokeExplosively(FrameworkMethod.java:41)
	at org.junit.internal.runners.statements.RunBefores.evaluate(RunBefores.java:27)
	at org.junit.internal.runners.statements.RunAfters.evaluate(RunAfters.java:31)
	at org.junit.runners.BlockJUnit4ClassRunner.runNotIgnored(BlockJUnit4ClassRunner.java:79)
	at org.junit.runners.BlockJUnit4ClassRunner.runChild(BlockJUnit4ClassRunner.java:71)
	at org.junit.runners.BlockJUnit4ClassRunner.runChild(BlockJUnit4ClassRunner.java:49)
	at org.junit.runners.ParentRunner$3.run(ParentRunner.java:193)
	at org.junit.runners.ParentRunner$1.schedule(ParentRunner.java:52)
	at org.junit.runners.ParentRunner.runChildren(ParentRunner.java:191)
	at org.junit.runners.ParentRunner.access$000(ParentRunner.java:42)
	at org.junit.runners.ParentRunner$2.evaluate(ParentRunner.java:184)
	at org.junit.runners.ParentRunner.run(ParentRunner.java:236)
	at org.apache.maven.surefire.junit4.JUnit4Provider.execute(JUnit4Provider.java:283)
	at org.apache.maven.surefire.junit4.JUnit4Provider.executeWithRerun(JUnit4Provider.java:173)
	at org.apache.maven.surefire.junit4.JUnit4Provider.executeTestSet(JUnit4Provider.java:153)
	at org.apache.maven.surefire.junit4.JUnit4Provider.invoke(JUnit4Provider.java:128)
	at org.apache.maven.surefire.booter.ForkedBooter.invokeProviderInSameClassLoader(ForkedBooter.java:203)
	at org.apache.maven.surefire.booter.ForkedBooter.runSuitesInProcess(ForkedBooter.java:155)
	at org.apache.maven.surefire.booter.ForkedBooter.main(ForkedBooter.java:103)
Caused by: java.lang.RuntimeException: IocBean[dataSource] fail at field=[driverClassName]
	at org.nutz.ioc.weaver.FieldInjector.inject(FieldInjector.java:40)
	at org.nutz.ioc.weaver.DefaultWeaver.fill(DefaultWeaver.java:56)
	at org.nutz.ioc.impl.ObjectMakerImpl.make(ObjectMakerImpl.java:136)
	at org.nutz.ioc.impl.NutIoc.get(NutIoc.java:210)
	at org.nutz.ioc.val.ReferValue.get(ReferValue.java:24)
	at org.nutz.ioc.impl.ObjectMakerImpl.make(ObjectMakerImpl.java:62)
	at org.nutz.ioc.impl.NutIoc.get(NutIoc.java:210)
	at org.nutz.ioc.impl.NutIoc.get(NutIoc.java:239)
	at org.nutz.dao.test.DaoCase.setUp(DaoCase.java:22)
	at sun.reflect.GeneratedMethodAccessor23.invoke(Unknown Source)
	at sun.reflect.DelegatingMethodAccessorImpl.invoke(DelegatingMethodAccessorImpl.java:43)
	at java.lang.reflect.Method.invoke(Method.java:498)
	at org.junit.runners.model.FrameworkMethod$1.runReflectiveCall(FrameworkMethod.java:44)
	at org.junit.internal.runners.model.ReflectiveCallable.run(ReflectiveCallable.java:15)
	at org.junit.runners.model.FrameworkMethod.invokeExplosively(FrameworkMethod.java:41)
	at org.junit.internal.runners.statements.RunBefores.evaluate(RunBefores.java:27)
	at org.junit.internal.runners.statements.RunAfters.evaluate(RunAfters.java:31)
	at org.junit.runners.BlockJUnit4ClassRunner.runNotIgnored(BlockJUnit4ClassRunner.java:79)
	at org.junit.runners.BlockJUnit4ClassRunner.runChild(BlockJUnit4ClassRunner.java:71)
	at org.junit.runners.BlockJUnit4ClassRunner.runChild(BlockJUnit4ClassRunner.java:49)
	at org.junit.runners.ParentRunner$3.run(ParentRunner.java:193)
	at org.junit.runners.ParentRunner$1.schedule(ParentRunner.java:52)
	at org.junit.runners.ParentRunner.runChildren(ParentRunner.java:191)
	at org.junit.runners.ParentRunner.access$000(ParentRunner.java:42)
	at org.junit.runners.ParentRunner$2.evaluate(ParentRunner.java:184)
	at org.junit.runners.ParentRunner.run(ParentRunner.java:236)
	at org.apache.maven.surefire.junit4.JUnit4Provider.execute(JUnit4Provider.java:283)
	at org.apache.maven.surefire.junit4.JUnit4Provider.executeWithRerun(JUnit4Provider.java:173)
	at org.apache.maven.surefire.junit4.JUnit4Provider.executeTestSet(JUnit4Provider.java:153)
	at org.apache.maven.surefire.junit4.JUnit4Provider.invoke(JUnit4Provider.java:128)
	at org.apache.maven.surefire.booter.ForkedBooter.invokeProviderInSameClassLoader(ForkedBooter.java:203)
	at org.apache.maven.surefire.booter.ForkedBooter.runSuitesInProcess(ForkedBooter.java:155)
	at org.apache.maven.surefire.booter.ForkedBooter.main(ForkedBooter.java:103)
Caused by: org.nutz.ioc.IocException: IocBean[config] throw Exception when creating
	at org.nutz.ioc.impl.ObjectMakerImpl.make(ObjectMakerImpl.java:150)
	at org.nutz.ioc.impl.NutIoc.get(NutIoc.java:210)
	at org.nutz.ioc.impl.NutIoc.get(NutIoc.java:239)
	at org.nutz.ioc.java.IocObjectNode.getValue(IocObjectNode.java:19)
	at org.nutz.ioc.java.ChainNode.eval(ChainNode.java:24)
	at org.nutz.ioc.java.ChainNode.eval(ChainNode.java:19)
	at org.nutz.ioc.val.JavaValue.get(JavaValue.java:69)
	at org.nutz.ioc.weaver.FieldInjector.inject(FieldInjector.java:32)
	at org.nutz.ioc.weaver.DefaultWeaver.fill(DefaultWeaver.java:56)
	at org.nutz.ioc.impl.ObjectMakerImpl.make(ObjectMakerImpl.java:136)
	at org.nutz.ioc.impl.NutIoc.get(NutIoc.java:210)
	at org.nutz.ioc.val.ReferValue.get(ReferValue.java:24)
	at org.nutz.ioc.impl.ObjectMakerImpl.make(ObjectMakerImpl.java:62)
	at org.nutz.ioc.impl.NutIoc.get(NutIoc.java:210)
	at org.nutz.ioc.impl.NutIoc.get(NutIoc.java:239)
	at org.nutz.dao.test.DaoCase.setUp(DaoCase.java:22)
	at sun.reflect.GeneratedMethodAccessor23.invoke(Unknown Source)
	at sun.reflect.DelegatingMethodAccessorImpl.invoke(DelegatingMethodAccessorImpl.java:43)
	at java.lang.reflect.Method.invoke(Method.java:498)
	at org.junit.runners.model.FrameworkMethod$1.runReflectiveCall(FrameworkMethod.java:44)
	at org.junit.internal.runners.model.ReflectiveCallable.run(ReflectiveCallable.java:15)
	at org.junit.runners.model.FrameworkMethod.invokeExplosively(FrameworkMethod.java:41)
	at org.junit.internal.runners.statements.RunBefores.evaluate(RunBefores.java:27)
	at org.junit.internal.runners.statements.RunAfters.evaluate(RunAfters.java:31)
	at org.junit.runners.BlockJUnit4ClassRunner.runNotIgnored(BlockJUnit4ClassRunner.java:79)
	at org.junit.runners.BlockJUnit4ClassRunner.runChild(BlockJUnit4ClassRunner.java:71)
	at org.junit.runners.BlockJUnit4ClassRunner.runChild(BlockJUnit4ClassRunner.java:49)
	at org.junit.runners.ParentRunner$3.run(ParentRunner.java:193)
	at org.junit.runners.ParentRunner$1.schedule(ParentRunner.java:52)
	at org.junit.runners.ParentRunner.runChildren(ParentRunner.java:191)
	at org.junit.runners.ParentRunner.access$000(ParentRunner.java:42)
	at org.junit.runners.ParentRunner$2.evaluate(ParentRunner.java:184)
	at org.junit.runners.ParentRunner.run(ParentRunner.java:236)
	at org.apache.maven.surefire.junit4.JUnit4Provider.execute(JUnit4Provider.java:283)
	at org.apache.maven.surefire.junit4.JUnit4Provider.executeWithRerun(JUnit4Provider.java:173)
	at org.apache.maven.surefire.junit4.JUnit4Provider.executeTestSet(JUnit4Provider.java:153)
	at org.apache.maven.surefire.junit4.JUnit4Provider.invoke(JUnit4Provider.java:128)
	at org.apache.maven.surefire.booter.ForkedBooter.invokeProviderInSameClassLoader(ForkedBooter.java:203)
	at org.apache.maven.surefire.booter.ForkedBooter.runSuitesInProcess(ForkedBooter.java:155)
	at org.apache.maven.surefire.booter.ForkedBooter.main(ForkedBooter.java:103)
Caused by: java.lang.RuntimeException: IocBean[config] fail at field=[paths]
	at org.nutz.ioc.weaver.FieldInjector.inject(FieldInjector.java:40)
	at org.nutz.ioc.weaver.DefaultWeaver.fill(DefaultWeaver.java:56)
	at org.nutz.ioc.impl.ObjectMakerImpl.make(ObjectMakerImpl.java:136)
	at org.nutz.ioc.impl.NutIoc.get(NutIoc.java:210)
	at org.nutz.ioc.impl.NutIoc.get(NutIoc.java:239)
	at org.nutz.ioc.java.IocObjectNode.getValue(IocObjectNode.java:19)
	at org.nutz.ioc.java.ChainNode.eval(ChainNode.java:24)
	at org.nutz.ioc.java.ChainNode.eval(ChainNode.java:19)
	at org.nutz.ioc.val.JavaValue.get(JavaValue.java:69)
	at org.nutz.ioc.weaver.FieldInjector.inject(FieldInjector.java:32)
	at org.nutz.ioc.weaver.DefaultWeaver.fill(DefaultWeaver.java:56)
	at org.nutz.ioc.impl.ObjectMakerImpl.make(ObjectMakerImpl.java:136)
	at org.nutz.ioc.impl.NutIoc.get(NutIoc.java:210)
	at org.nutz.ioc.val.ReferValue.get(ReferValue.java:24)
	at org.nutz.ioc.impl.ObjectMakerImpl.make(ObjectMakerImpl.java:62)
	at org.nutz.ioc.impl.NutIoc.get(NutIoc.java:210)
	at org.nutz.ioc.impl.NutIoc.get(NutIoc.java:239)
	at org.nutz.dao.test.DaoCase.setUp(DaoCase.java:22)
	at sun.reflect.GeneratedMethodAccessor23.invoke(Unknown Source)
	at sun.reflect.DelegatingMethodAccessorImpl.invoke(DelegatingMethodAccessorImpl.java:43)
	at java.lang.reflect.Method.invoke(Method.java:498)
	at org.junit.runners.model.FrameworkMethod$1.runReflectiveCall(FrameworkMethod.java:44)
	at org.junit.internal.runners.model.ReflectiveCallable.run(ReflectiveCallable.java:15)
	at org.junit.runners.model.FrameworkMethod.invokeExplosively(FrameworkMethod.java:41)
	at org.junit.internal.runners.statements.RunBefores.evaluate(RunBefores.java:27)
	at org.junit.internal.runners.statements.RunAfters.evaluate(RunAfters.java:31)
	at org.junit.runners.BlockJUnit4ClassRunner.runNotIgnored(BlockJUnit4ClassRunner.java:79)
	at org.junit.runners.BlockJUnit4ClassRunner.runChild(BlockJUnit4ClassRunner.java:71)
	at org.junit.runners.BlockJUnit4ClassRunner.runChild(BlockJUnit4ClassRunner.java:49)
	at org.junit.runners.ParentRunner$3.run(ParentRunner.java:193)
	at org.junit.runners.ParentRunner$1.schedule(ParentRunner.java:52)
	at org.junit.runners.ParentRunner.runChildren(ParentRunner.java:191)
	at org.junit.runners.ParentRunner.access$000(ParentRunner.java:42)
	at org.junit.runners.ParentRunner$2.evaluate(ParentRunner.java:184)
	at org.junit.runners.ParentRunner.run(ParentRunner.java:236)
	at org.apache.maven.surefire.junit4.JUnit4Provider.execute(JUnit4Provider.java:283)
	at org.apache.maven.surefire.junit4.JUnit4Provider.executeWithRerun(JUnit4Provider.java:173)
	at org.apache.maven.surefire.junit4.JUnit4Provider.executeTestSet(JUnit4Provider.java:153)
	at org.apache.maven.surefire.junit4.JUnit4Provider.invoke(JUnit4Provider.java:128)
	at org.apache.maven.surefire.booter.ForkedBooter.invokeProviderInSameClassLoader(ForkedBooter.java:203)
	at org.apache.maven.surefire.booter.ForkedBooter.runSuitesInProcess(ForkedBooter.java:155)
	at org.apache.maven.surefire.booter.ForkedBooter.main(ForkedBooter.java:103)
Caused by: java.lang.RuntimeException: Fail to set '[nutz-test.properties]'[ [Ljava.lang.String;@3ad8717d ] by setter org.nutz.ioc.impl.PropertiesProxy.'setPaths()' because [java.lang.RuntimeException: folder or file like '^.+[.]properties$' no found in nutz-test.properties]: folder or file like '^.+[.]properties$' no found in nutz-test.properties
	at org.nutz.lang.Lang.wrapThrow(Lang.java:167)
	at org.nutz.lang.inject.InjectBySetter.inject(InjectBySetter.java:62)
	at org.nutz.ioc.weaver.FieldInjector.inject(FieldInjector.java:33)
	at org.nutz.ioc.weaver.DefaultWeaver.fill(DefaultWeaver.java:56)
	at org.nutz.ioc.impl.ObjectMakerImpl.make(ObjectMakerImpl.java:136)
	at org.nutz.ioc.impl.NutIoc.get(NutIoc.java:210)
	at org.nutz.ioc.impl.NutIoc.get(NutIoc.java:239)
	at org.nutz.ioc.java.IocObjectNode.getValue(IocObjectNode.java:19)
	at org.nutz.ioc.java.ChainNode.eval(ChainNode.java:24)
	at org.nutz.ioc.java.ChainNode.eval(ChainNode.java:19)
	at org.nutz.ioc.val.JavaValue.get(JavaValue.java:69)
	at org.nutz.ioc.weaver.FieldInjector.inject(FieldInjector.java:32)
	at org.nutz.ioc.weaver.DefaultWeaver.fill(DefaultWeaver.java:56)
	at org.nutz.ioc.impl.ObjectMakerImpl.make(ObjectMakerImpl.java:136)
	at org.nutz.ioc.impl.NutIoc.get(NutIoc.java:210)
	at org.nutz.ioc.val.ReferValue.get(ReferValue.java:24)
	at org.nutz.ioc.impl.ObjectMakerImpl.make(ObjectMakerImpl.java:62)
	at org.nutz.ioc.impl.NutIoc.get(NutIoc.java:210)
	at org.nutz.ioc.impl.NutIoc.get(NutIoc.java:239)
	at org.nutz.dao.test.DaoCase.setUp(DaoCase.java:22)
	at sun.reflect.GeneratedMethodAccessor23.invoke(Unknown Source)
	at sun.reflect.DelegatingMethodAccessorImpl.invoke(DelegatingMethodAccessorImpl.java:43)
	at java.lang.reflect.Method.invoke(Method.java:498)
	at org.junit.runners.model.FrameworkMethod$1.runReflectiveCall(FrameworkMethod.java:44)
	at org.junit.internal.runners.model.ReflectiveCallable.run(ReflectiveCallable.java:15)
	at org.junit.runners.model.FrameworkMethod.invokeExplosively(FrameworkMethod.java:41)
	at org.junit.internal.runners.statements.RunBefores.evaluate(RunBefores.java:27)
	at org.junit.internal.runners.statements.RunAfters.evaluate(RunAfters.java:31)
	at org.junit.runners.BlockJUnit4ClassRunner.runNotIgnored(BlockJUnit4ClassRunner.java:79)
	at org.junit.runners.BlockJUnit4ClassRunner.runChild(BlockJUnit4ClassRunner.java:71)
	at org.junit.runners.BlockJUnit4ClassRunner.runChild(BlockJUnit4ClassRunner.java:49)
	at org.junit.runners.ParentRunner$3.run(ParentRunner.java:193)
	at org.junit.runners.ParentRunner$1.schedule(ParentRunner.java:52)
	at org.junit.runners.ParentRunner.runChildren(ParentRunner.java:191)
	at org.junit.runners.ParentRunner.access$000(ParentRunner.java:42)
	at org.junit.runners.ParentRunner$2.evaluate(ParentRunner.java:184)
	at org.junit.runners.ParentRunner.run(ParentRunner.java:236)
	at org.apache.maven.surefire.junit4.JUnit4Provider.execute(JUnit4Provider.java:283)
	at org.apache.maven.surefire.junit4.JUnit4Provider.executeWithRerun(JUnit4Provider.java:173)
	at org.apache.maven.surefire.junit4.JUnit4Provider.executeTestSet(JUnit4Provider.java:153)
	at org.apache.maven.surefire.junit4.JUnit4Provider.invoke(JUnit4Provider.java:128)
	at org.apache.maven.surefire.booter.ForkedBooter.invokeProviderInSameClassLoader(ForkedBooter.java:203)
	at org.apache.maven.surefire.booter.ForkedBooter.runSuitesInProcess(ForkedBooter.java:155)
	at org.apache.maven.surefire.booter.ForkedBooter.main(ForkedBooter.java:103)
Caused by: java.lang.RuntimeException: folder or file like '^.+[.]properties$' no found in nutz-test.properties
	at org.nutz.lang.Lang.makeThrow(Lang.java:151)
	at org.nutz.resource.Scans.loadResource(Scans.java:112)
	at org.nutz.ioc.impl.PropertiesProxy.getResources(PropertiesProxy.java:153)
	at org.nutz.ioc.impl.PropertiesProxy.setPaths(PropertiesProxy.java:109)
	at org.nutz.ioc.impl.PropertiesProxy$FM$setPaths$d0275b2b871e237a38f11859247d1599.invoke(PropertiesProxy.java)
	at org.nutz.lang.inject.InjectBySetter.inject(InjectBySetter.java:51)
	at org.nutz.ioc.weaver.FieldInjector.inject(FieldInjector.java:33)
	at org.nutz.ioc.weaver.DefaultWeaver.fill(DefaultWeaver.java:56)
	at org.nutz.ioc.impl.ObjectMakerImpl.make(ObjectMakerImpl.java:136)
	at org.nutz.ioc.impl.NutIoc.get(NutIoc.java:210)
	at org.nutz.ioc.impl.NutIoc.get(NutIoc.java:239)
	at org.nutz.ioc.java.IocObjectNode.getValue(IocObjectNode.java:19)
	at org.nutz.ioc.java.ChainNode.eval(ChainNode.java:24)
	at org.nutz.ioc.java.ChainNode.eval(ChainNode.java:19)
	at org.nutz.ioc.val.JavaValue.get(JavaValue.java:69)
	at org.nutz.ioc.weaver.FieldInjector.inject(FieldInjector.java:32)
	at org.nutz.ioc.weaver.DefaultWeaver.fill(DefaultWeaver.java:56)
	at org.nutz.ioc.impl.ObjectMakerImpl.make(ObjectMakerImpl.java:136)
	at org.nutz.ioc.impl.NutIoc.get(NutIoc.java:210)
	at org.nutz.ioc.val.ReferValue.get(ReferValue.java:24)
	at org.nutz.ioc.impl.ObjectMakerImpl.make(ObjectMakerImpl.java:62)
	at org.nutz.ioc.impl.NutIoc.get(NutIoc.java:210)
	at org.nutz.ioc.impl.NutIoc.get(NutIoc.java:239)
	at org.nutz.dao.test.DaoCase.setUp(DaoCase.java:22)
	at sun.reflect.GeneratedMethodAccessor23.invoke(Unknown Source)
	at sun.reflect.DelegatingMethodAccessorImpl.invoke(DelegatingMethodAccessorImpl.java:43)
	at java.lang.reflect.Method.invoke(Method.java:498)
	at org.junit.runners.model.FrameworkMethod$1.runReflectiveCall(FrameworkMethod.java:44)
	at org.junit.internal.runners.model.ReflectiveCallable.run(ReflectiveCallable.java:15)
	at org.junit.runners.model.FrameworkMethod.invokeExplosively(FrameworkMethod.java:41)
	at org.junit.internal.runners.statements.RunBefores.evaluate(RunBefores.java:27)
	at org.junit.internal.runners.statements.RunAfters.evaluate(RunAfters.java:31)
	at org.junit.runners.BlockJUnit4ClassRunner.runNotIgnored(BlockJUnit4ClassRunner.java:79)
	at org.junit.runners.BlockJUnit4ClassRunner.runChild(BlockJUnit4ClassRunner.java:71)
	at org.junit.runners.BlockJUnit4ClassRunner.runChild(BlockJUnit4ClassRunner.java:49)
	at org.junit.runners.ParentRunner$3.run(ParentRunner.java:193)
	at org.junit.runners.ParentRunner$1.schedule(ParentRunner.java:52)
	at org.junit.runners.ParentRunner.runChildren(ParentRunner.java:191)
	at org.junit.runners.ParentRunner.access$000(ParentRunner.java:42)
	at org.junit.runners.ParentRunner$2.evaluate(ParentRunner.java:184)
	at org.junit.runners.ParentRunner.run(ParentRunner.java:236)
	at org.apache.maven.surefire.junit4.JUnit4Provider.execute(JUnit4Provider.java:283)
	at org.apache.maven.surefire.junit4.JUnit4Provider.executeWithRerun(JUnit4Provider.java:173)
	at org.apache.maven.surefire.junit4.JUnit4Provider.executeTestSet(JUnit4Provider.java:153)
	at org.apache.maven.surefire.junit4.JUnit4Provider.invoke(JUnit4Provider.java:128)
	at org.apache.maven.surefire.booter.ForkedBooter.invokeProviderInSameClassLoader(ForkedBooter.java:203)
	at org.apache.maven.surefire.booter.ForkedBooter.runSuitesInProcess(ForkedBooter.java:155)
	at org.apache.maven.surefire.booter.ForkedBooter.main(ForkedBooter.java:103)
</error>
  </testcase>
  <testcase name="query_by_int_range" classname="org.nutz.dao.test.normal.QueryTest" time="0.001">
    <error message="IocBean[dao -&gt; dataSource] throw Exception when creating" type="org.nutz.ioc.IocException">org.nutz.ioc.IocException: IocBean[dao -> dataSource] throw Exception when creating
	at org.nutz.ioc.impl.ObjectMakerImpl.make(ObjectMakerImpl.java:150)
	at org.nutz.ioc.impl.NutIoc.get(NutIoc.java:210)
	at org.nutz.ioc.val.ReferValue.get(ReferValue.java:24)
	at org.nutz.ioc.impl.ObjectMakerImpl.make(ObjectMakerImpl.java:62)
	at org.nutz.ioc.impl.NutIoc.get(NutIoc.java:210)
	at org.nutz.ioc.impl.NutIoc.get(NutIoc.java:239)
	at org.nutz.dao.test.DaoCase.setUp(DaoCase.java:22)
	at sun.reflect.GeneratedMethodAccessor23.invoke(Unknown Source)
	at sun.reflect.DelegatingMethodAccessorImpl.invoke(DelegatingMethodAccessorImpl.java:43)
	at java.lang.reflect.Method.invoke(Method.java:498)
	at org.junit.runners.model.FrameworkMethod$1.runReflectiveCall(FrameworkMethod.java:44)
	at org.junit.internal.runners.model.ReflectiveCallable.run(ReflectiveCallable.java:15)
	at org.junit.runners.model.FrameworkMethod.invokeExplosively(FrameworkMethod.java:41)
	at org.junit.internal.runners.statements.RunBefores.evaluate(RunBefores.java:27)
	at org.junit.internal.runners.statements.RunAfters.evaluate(RunAfters.java:31)
	at org.junit.runners.BlockJUnit4ClassRunner.runNotIgnored(BlockJUnit4ClassRunner.java:79)
	at org.junit.runners.BlockJUnit4ClassRunner.runChild(BlockJUnit4ClassRunner.java:71)
	at org.junit.runners.BlockJUnit4ClassRunner.runChild(BlockJUnit4ClassRunner.java:49)
	at org.junit.runners.ParentRunner$3.run(ParentRunner.java:193)
	at org.junit.runners.ParentRunner$1.schedule(ParentRunner.java:52)
	at org.junit.runners.ParentRunner.runChildren(ParentRunner.java:191)
	at org.junit.runners.ParentRunner.access$000(ParentRunner.java:42)
	at org.junit.runners.ParentRunner$2.evaluate(ParentRunner.java:184)
	at org.junit.runners.ParentRunner.run(ParentRunner.java:236)
	at org.apache.maven.surefire.junit4.JUnit4Provider.execute(JUnit4Provider.java:283)
	at org.apache.maven.surefire.junit4.JUnit4Provider.executeWithRerun(JUnit4Provider.java:173)
	at org.apache.maven.surefire.junit4.JUnit4Provider.executeTestSet(JUnit4Provider.java:153)
	at org.apache.maven.surefire.junit4.JUnit4Provider.invoke(JUnit4Provider.java:128)
	at org.apache.maven.surefire.booter.ForkedBooter.invokeProviderInSameClassLoader(ForkedBooter.java:203)
	at org.apache.maven.surefire.booter.ForkedBooter.runSuitesInProcess(ForkedBooter.java:155)
	at org.apache.maven.surefire.booter.ForkedBooter.main(ForkedBooter.java:103)
Caused by: java.lang.RuntimeException: IocBean[dataSource] fail at field=[driverClassName]
	at org.nutz.ioc.weaver.FieldInjector.inject(FieldInjector.java:40)
	at org.nutz.ioc.weaver.DefaultWeaver.fill(DefaultWeaver.java:56)
	at org.nutz.ioc.impl.ObjectMakerImpl.make(ObjectMakerImpl.java:136)
	at org.nutz.ioc.impl.NutIoc.get(NutIoc.java:210)
	at org.nutz.ioc.val.ReferValue.get(ReferValue.java:24)
	at org.nutz.ioc.impl.ObjectMakerImpl.make(ObjectMakerImpl.java:62)
	at org.nutz.ioc.impl.NutIoc.get(NutIoc.java:210)
	at org.nutz.ioc.impl.NutIoc.get(NutIoc.java:239)
	at org.nutz.dao.test.DaoCase.setUp(DaoCase.java:22)
	at sun.reflect.GeneratedMethodAccessor23.invoke(Unknown Source)
	at sun.reflect.DelegatingMethodAccessorImpl.invoke(DelegatingMethodAccessorImpl.java:43)
	at java.lang.reflect.Method.invoke(Method.java:498)
	at org.junit.runners.model.FrameworkMethod$1.runReflectiveCall(FrameworkMethod.java:44)
	at org.junit.internal.runners.model.ReflectiveCallable.run(ReflectiveCallable.java:15)
	at org.junit.runners.model.FrameworkMethod.invokeExplosively(FrameworkMethod.java:41)
	at org.junit.internal.runners.statements.RunBefores.evaluate(RunBefores.java:27)
	at org.junit.internal.runners.statements.RunAfters.evaluate(RunAfters.java:31)
	at org.junit.runners.BlockJUnit4ClassRunner.runNotIgnored(BlockJUnit4ClassRunner.java:79)
	at org.junit.runners.BlockJUnit4ClassRunner.runChild(BlockJUnit4ClassRunner.java:71)
	at org.junit.runners.BlockJUnit4ClassRunner.runChild(BlockJUnit4ClassRunner.java:49)
	at org.junit.runners.ParentRunner$3.run(ParentRunner.java:193)
	at org.junit.runners.ParentRunner$1.schedule(ParentRunner.java:52)
	at org.junit.runners.ParentRunner.runChildren(ParentRunner.java:191)
	at org.junit.runners.ParentRunner.access$000(ParentRunner.java:42)
	at org.junit.runners.ParentRunner$2.evaluate(ParentRunner.java:184)
	at org.junit.runners.ParentRunner.run(ParentRunner.java:236)
	at org.apache.maven.surefire.junit4.JUnit4Provider.execute(JUnit4Provider.java:283)
	at org.apache.maven.surefire.junit4.JUnit4Provider.executeWithRerun(JUnit4Provider.java:173)
	at org.apache.maven.surefire.junit4.JUnit4Provider.executeTestSet(JUnit4Provider.java:153)
	at org.apache.maven.surefire.junit4.JUnit4Provider.invoke(JUnit4Provider.java:128)
	at org.apache.maven.surefire.booter.ForkedBooter.invokeProviderInSameClassLoader(ForkedBooter.java:203)
	at org.apache.maven.surefire.booter.ForkedBooter.runSuitesInProcess(ForkedBooter.java:155)
	at org.apache.maven.surefire.booter.ForkedBooter.main(ForkedBooter.java:103)
Caused by: org.nutz.ioc.IocException: IocBean[config] throw Exception when creating
	at org.nutz.ioc.impl.ObjectMakerImpl.make(ObjectMakerImpl.java:150)
	at org.nutz.ioc.impl.NutIoc.get(NutIoc.java:210)
	at org.nutz.ioc.impl.NutIoc.get(NutIoc.java:239)
	at org.nutz.ioc.java.IocObjectNode.getValue(IocObjectNode.java:19)
	at org.nutz.ioc.java.ChainNode.eval(ChainNode.java:24)
	at org.nutz.ioc.java.ChainNode.eval(ChainNode.java:19)
	at org.nutz.ioc.val.JavaValue.get(JavaValue.java:69)
	at org.nutz.ioc.weaver.FieldInjector.inject(FieldInjector.java:32)
	at org.nutz.ioc.weaver.DefaultWeaver.fill(DefaultWeaver.java:56)
	at org.nutz.ioc.impl.ObjectMakerImpl.make(ObjectMakerImpl.java:136)
	at org.nutz.ioc.impl.NutIoc.get(NutIoc.java:210)
	at org.nutz.ioc.val.ReferValue.get(ReferValue.java:24)
	at org.nutz.ioc.impl.ObjectMakerImpl.make(ObjectMakerImpl.java:62)
	at org.nutz.ioc.impl.NutIoc.get(NutIoc.java:210)
	at org.nutz.ioc.impl.NutIoc.get(NutIoc.java:239)
	at org.nutz.dao.test.DaoCase.setUp(DaoCase.java:22)
	at sun.reflect.GeneratedMethodAccessor23.invoke(Unknown Source)
	at sun.reflect.DelegatingMethodAccessorImpl.invoke(DelegatingMethodAccessorImpl.java:43)
	at java.lang.reflect.Method.invoke(Method.java:498)
	at org.junit.runners.model.FrameworkMethod$1.runReflectiveCall(FrameworkMethod.java:44)
	at org.junit.internal.runners.model.ReflectiveCallable.run(ReflectiveCallable.java:15)
	at org.junit.runners.model.FrameworkMethod.invokeExplosively(FrameworkMethod.java:41)
	at org.junit.internal.runners.statements.RunBefores.evaluate(RunBefores.java:27)
	at org.junit.internal.runners.statements.RunAfters.evaluate(RunAfters.java:31)
	at org.junit.runners.BlockJUnit4ClassRunner.runNotIgnored(BlockJUnit4ClassRunner.java:79)
	at org.junit.runners.BlockJUnit4ClassRunner.runChild(BlockJUnit4ClassRunner.java:71)
	at org.junit.runners.BlockJUnit4ClassRunner.runChild(BlockJUnit4ClassRunner.java:49)
	at org.junit.runners.ParentRunner$3.run(ParentRunner.java:193)
	at org.junit.runners.ParentRunner$1.schedule(ParentRunner.java:52)
	at org.junit.runners.ParentRunner.runChildren(ParentRunner.java:191)
	at org.junit.runners.ParentRunner.access$000(ParentRunner.java:42)
	at org.junit.runners.ParentRunner$2.evaluate(ParentRunner.java:184)
	at org.junit.runners.ParentRunner.run(ParentRunner.java:236)
	at org.apache.maven.surefire.junit4.JUnit4Provider.execute(JUnit4Provider.java:283)
	at org.apache.maven.surefire.junit4.JUnit4Provider.executeWithRerun(JUnit4Provider.java:173)
	at org.apache.maven.surefire.junit4.JUnit4Provider.executeTestSet(JUnit4Provider.java:153)
	at org.apache.maven.surefire.junit4.JUnit4Provider.invoke(JUnit4Provider.java:128)
	at org.apache.maven.surefire.booter.ForkedBooter.invokeProviderInSameClassLoader(ForkedBooter.java:203)
	at org.apache.maven.surefire.booter.ForkedBooter.runSuitesInProcess(ForkedBooter.java:155)
	at org.apache.maven.surefire.booter.ForkedBooter.main(ForkedBooter.java:103)
Caused by: java.lang.RuntimeException: IocBean[config] fail at field=[paths]
	at org.nutz.ioc.weaver.FieldInjector.inject(FieldInjector.java:40)
	at org.nutz.ioc.weaver.DefaultWeaver.fill(DefaultWeaver.java:56)
	at org.nutz.ioc.impl.ObjectMakerImpl.make(ObjectMakerImpl.java:136)
	at org.nutz.ioc.impl.NutIoc.get(NutIoc.java:210)
	at org.nutz.ioc.impl.NutIoc.get(NutIoc.java:239)
	at org.nutz.ioc.java.IocObjectNode.getValue(IocObjectNode.java:19)
	at org.nutz.ioc.java.ChainNode.eval(ChainNode.java:24)
	at org.nutz.ioc.java.ChainNode.eval(ChainNode.java:19)
	at org.nutz.ioc.val.JavaValue.get(JavaValue.java:69)
	at org.nutz.ioc.weaver.FieldInjector.inject(FieldInjector.java:32)
	at org.nutz.ioc.weaver.DefaultWeaver.fill(DefaultWeaver.java:56)
	at org.nutz.ioc.impl.ObjectMakerImpl.make(ObjectMakerImpl.java:136)
	at org.nutz.ioc.impl.NutIoc.get(NutIoc.java:210)
	at org.nutz.ioc.val.ReferValue.get(ReferValue.java:24)
	at org.nutz.ioc.impl.ObjectMakerImpl.make(ObjectMakerImpl.java:62)
	at org.nutz.ioc.impl.NutIoc.get(NutIoc.java:210)
	at org.nutz.ioc.impl.NutIoc.get(NutIoc.java:239)
	at org.nutz.dao.test.DaoCase.setUp(DaoCase.java:22)
	at sun.reflect.GeneratedMethodAccessor23.invoke(Unknown Source)
	at sun.reflect.DelegatingMethodAccessorImpl.invoke(DelegatingMethodAccessorImpl.java:43)
	at java.lang.reflect.Method.invoke(Method.java:498)
	at org.junit.runners.model.FrameworkMethod$1.runReflectiveCall(FrameworkMethod.java:44)
	at org.junit.internal.runners.model.ReflectiveCallable.run(ReflectiveCallable.java:15)
	at org.junit.runners.model.FrameworkMethod.invokeExplosively(FrameworkMethod.java:41)
	at org.junit.internal.runners.statements.RunBefores.evaluate(RunBefores.java:27)
	at org.junit.internal.runners.statements.RunAfters.evaluate(RunAfters.java:31)
	at org.junit.runners.BlockJUnit4ClassRunner.runNotIgnored(BlockJUnit4ClassRunner.java:79)
	at org.junit.runners.BlockJUnit4ClassRunner.runChild(BlockJUnit4ClassRunner.java:71)
	at org.junit.runners.BlockJUnit4ClassRunner.runChild(BlockJUnit4ClassRunner.java:49)
	at org.junit.runners.ParentRunner$3.run(ParentRunner.java:193)
	at org.junit.runners.ParentRunner$1.schedule(ParentRunner.java:52)
	at org.junit.runners.ParentRunner.runChildren(ParentRunner.java:191)
	at org.junit.runners.ParentRunner.access$000(ParentRunner.java:42)
	at org.junit.runners.ParentRunner$2.evaluate(ParentRunner.java:184)
	at org.junit.runners.ParentRunner.run(ParentRunner.java:236)
	at org.apache.maven.surefire.junit4.JUnit4Provider.execute(JUnit4Provider.java:283)
	at org.apache.maven.surefire.junit4.JUnit4Provider.executeWithRerun(JUnit4Provider.java:173)
	at org.apache.maven.surefire.junit4.JUnit4Provider.executeTestSet(JUnit4Provider.java:153)
	at org.apache.maven.surefire.junit4.JUnit4Provider.invoke(JUnit4Provider.java:128)
	at org.apache.maven.surefire.booter.ForkedBooter.invokeProviderInSameClassLoader(ForkedBooter.java:203)
	at org.apache.maven.surefire.booter.ForkedBooter.runSuitesInProcess(ForkedBooter.java:155)
	at org.apache.maven.surefire.booter.ForkedBooter.main(ForkedBooter.java:103)
Caused by: java.lang.RuntimeException: Fail to set '[nutz-test.properties]'[ [Ljava.lang.String;@4293e066 ] by setter org.nutz.ioc.impl.PropertiesProxy.'setPaths()' because [java.lang.RuntimeException: folder or file like '^.+[.]properties$' no found in nutz-test.properties]: folder or file like '^.+[.]properties$' no found in nutz-test.properties
	at org.nutz.lang.Lang.wrapThrow(Lang.java:167)
	at org.nutz.lang.inject.InjectBySetter.inject(InjectBySetter.java:62)
	at org.nutz.ioc.weaver.FieldInjector.inject(FieldInjector.java:33)
	at org.nutz.ioc.weaver.DefaultWeaver.fill(DefaultWeaver.java:56)
	at org.nutz.ioc.impl.ObjectMakerImpl.make(ObjectMakerImpl.java:136)
	at org.nutz.ioc.impl.NutIoc.get(NutIoc.java:210)
	at org.nutz.ioc.impl.NutIoc.get(NutIoc.java:239)
	at org.nutz.ioc.java.IocObjectNode.getValue(IocObjectNode.java:19)
	at org.nutz.ioc.java.ChainNode.eval(ChainNode.java:24)
	at org.nutz.ioc.java.ChainNode.eval(ChainNode.java:19)
	at org.nutz.ioc.val.JavaValue.get(JavaValue.java:69)
	at org.nutz.ioc.weaver.FieldInjector.inject(FieldInjector.java:32)
	at org.nutz.ioc.weaver.DefaultWeaver.fill(DefaultWeaver.java:56)
	at org.nutz.ioc.impl.ObjectMakerImpl.make(ObjectMakerImpl.java:136)
	at org.nutz.ioc.impl.NutIoc.get(NutIoc.java:210)
	at org.nutz.ioc.val.ReferValue.get(ReferValue.java:24)
	at org.nutz.ioc.impl.ObjectMakerImpl.make(ObjectMakerImpl.java:62)
	at org.nutz.ioc.impl.NutIoc.get(NutIoc.java:210)
	at org.nutz.ioc.impl.NutIoc.get(NutIoc.java:239)
	at org.nutz.dao.test.DaoCase.setUp(DaoCase.java:22)
	at sun.reflect.GeneratedMethodAccessor23.invoke(Unknown Source)
	at sun.reflect.DelegatingMethodAccessorImpl.invoke(DelegatingMethodAccessorImpl.java:43)
	at java.lang.reflect.Method.invoke(Method.java:498)
	at org.junit.runners.model.FrameworkMethod$1.runReflectiveCall(FrameworkMethod.java:44)
	at org.junit.internal.runners.model.ReflectiveCallable.run(ReflectiveCallable.java:15)
	at org.junit.runners.model.FrameworkMethod.invokeExplosively(FrameworkMethod.java:41)
	at org.junit.internal.runners.statements.RunBefores.evaluate(RunBefores.java:27)
	at org.junit.internal.runners.statements.RunAfters.evaluate(RunAfters.java:31)
	at org.junit.runners.BlockJUnit4ClassRunner.runNotIgnored(BlockJUnit4ClassRunner.java:79)
	at org.junit.runners.BlockJUnit4ClassRunner.runChild(BlockJUnit4ClassRunner.java:71)
	at org.junit.runners.BlockJUnit4ClassRunner.runChild(BlockJUnit4ClassRunner.java:49)
	at org.junit.runners.ParentRunner$3.run(ParentRunner.java:193)
	at org.junit.runners.ParentRunner$1.schedule(ParentRunner.java:52)
	at org.junit.runners.ParentRunner.runChildren(ParentRunner.java:191)
	at org.junit.runners.ParentRunner.access$000(ParentRunner.java:42)
	at org.junit.runners.ParentRunner$2.evaluate(ParentRunner.java:184)
	at org.junit.runners.ParentRunner.run(ParentRunner.java:236)
	at org.apache.maven.surefire.junit4.JUnit4Provider.execute(JUnit4Provider.java:283)
	at org.apache.maven.surefire.junit4.JUnit4Provider.executeWithRerun(JUnit4Provider.java:173)
	at org.apache.maven.surefire.junit4.JUnit4Provider.executeTestSet(JUnit4Provider.java:153)
	at org.apache.maven.surefire.junit4.JUnit4Provider.invoke(JUnit4Provider.java:128)
	at org.apache.maven.surefire.booter.ForkedBooter.invokeProviderInSameClassLoader(ForkedBooter.java:203)
	at org.apache.maven.surefire.booter.ForkedBooter.runSuitesInProcess(ForkedBooter.java:155)
	at org.apache.maven.surefire.booter.ForkedBooter.main(ForkedBooter.java:103)
Caused by: java.lang.RuntimeException: folder or file like '^.+[.]properties$' no found in nutz-test.properties
	at org.nutz.lang.Lang.makeThrow(Lang.java:151)
	at org.nutz.resource.Scans.loadResource(Scans.java:112)
	at org.nutz.ioc.impl.PropertiesProxy.getResources(PropertiesProxy.java:153)
	at org.nutz.ioc.impl.PropertiesProxy.setPaths(PropertiesProxy.java:109)
	at org.nutz.ioc.impl.PropertiesProxy$FM$setPaths$d0275b2b871e237a38f11859247d1599.invoke(PropertiesProxy.java)
	at org.nutz.lang.inject.InjectBySetter.inject(InjectBySetter.java:51)
	at org.nutz.ioc.weaver.FieldInjector.inject(FieldInjector.java:33)
	at org.nutz.ioc.weaver.DefaultWeaver.fill(DefaultWeaver.java:56)
	at org.nutz.ioc.impl.ObjectMakerImpl.make(ObjectMakerImpl.java:136)
	at org.nutz.ioc.impl.NutIoc.get(NutIoc.java:210)
	at org.nutz.ioc.impl.NutIoc.get(NutIoc.java:239)
	at org.nutz.ioc.java.IocObjectNode.getValue(IocObjectNode.java:19)
	at org.nutz.ioc.java.ChainNode.eval(ChainNode.java:24)
	at org.nutz.ioc.java.ChainNode.eval(ChainNode.java:19)
	at org.nutz.ioc.val.JavaValue.get(JavaValue.java:69)
	at org.nutz.ioc.weaver.FieldInjector.inject(FieldInjector.java:32)
	at org.nutz.ioc.weaver.DefaultWeaver.fill(DefaultWeaver.java:56)
	at org.nutz.ioc.impl.ObjectMakerImpl.make(ObjectMakerImpl.java:136)
	at org.nutz.ioc.impl.NutIoc.get(NutIoc.java:210)
	at org.nutz.ioc.val.ReferValue.get(ReferValue.java:24)
	at org.nutz.ioc.impl.ObjectMakerImpl.make(ObjectMakerImpl.java:62)
	at org.nutz.ioc.impl.NutIoc.get(NutIoc.java:210)
	at org.nutz.ioc.impl.NutIoc.get(NutIoc.java:239)
	at org.nutz.dao.test.DaoCase.setUp(DaoCase.java:22)
	at sun.reflect.GeneratedMethodAccessor23.invoke(Unknown Source)
	at sun.reflect.DelegatingMethodAccessorImpl.invoke(DelegatingMethodAccessorImpl.java:43)
	at java.lang.reflect.Method.invoke(Method.java:498)
	at org.junit.runners.model.FrameworkMethod$1.runReflectiveCall(FrameworkMethod.java:44)
	at org.junit.internal.runners.model.ReflectiveCallable.run(ReflectiveCallable.java:15)
	at org.junit.runners.model.FrameworkMethod.invokeExplosively(FrameworkMethod.java:41)
	at org.junit.internal.runners.statements.RunBefores.evaluate(RunBefores.java:27)
	at org.junit.internal.runners.statements.RunAfters.evaluate(RunAfters.java:31)
	at org.junit.runners.BlockJUnit4ClassRunner.runNotIgnored(BlockJUnit4ClassRunner.java:79)
	at org.junit.runners.BlockJUnit4ClassRunner.runChild(BlockJUnit4ClassRunner.java:71)
	at org.junit.runners.BlockJUnit4ClassRunner.runChild(BlockJUnit4ClassRunner.java:49)
	at org.junit.runners.ParentRunner$3.run(ParentRunner.java:193)
	at org.junit.runners.ParentRunner$1.schedule(ParentRunner.java:52)
	at org.junit.runners.ParentRunner.runChildren(ParentRunner.java:191)
	at org.junit.runners.ParentRunner.access$000(ParentRunner.java:42)
	at org.junit.runners.ParentRunner$2.evaluate(ParentRunner.java:184)
	at org.junit.runners.ParentRunner.run(ParentRunner.java:236)
	at org.apache.maven.surefire.junit4.JUnit4Provider.execute(JUnit4Provider.java:283)
	at org.apache.maven.surefire.junit4.JUnit4Provider.executeWithRerun(JUnit4Provider.java:173)
	at org.apache.maven.surefire.junit4.JUnit4Provider.executeTestSet(JUnit4Provider.java:153)
	at org.apache.maven.surefire.junit4.JUnit4Provider.invoke(JUnit4Provider.java:128)
	at org.apache.maven.surefire.booter.ForkedBooter.invokeProviderInSameClassLoader(ForkedBooter.java:203)
	at org.apache.maven.surefire.booter.ForkedBooter.runSuitesInProcess(ForkedBooter.java:155)
	at org.apache.maven.surefire.booter.ForkedBooter.main(ForkedBooter.java:103)
</error>
  </testcase>
  <testcase name="clear_by_int_range" classname="org.nutz.dao.test.normal.QueryTest" time="0">
    <error message="IocBean[dao -&gt; dataSource] throw Exception when creating" type="org.nutz.ioc.IocException">org.nutz.ioc.IocException: IocBean[dao -> dataSource] throw Exception when creating
	at org.nutz.ioc.impl.ObjectMakerImpl.make(ObjectMakerImpl.java:150)
	at org.nutz.ioc.impl.NutIoc.get(NutIoc.java:210)
	at org.nutz.ioc.val.ReferValue.get(ReferValue.java:24)
	at org.nutz.ioc.impl.ObjectMakerImpl.make(ObjectMakerImpl.java:62)
	at org.nutz.ioc.impl.NutIoc.get(NutIoc.java:210)
	at org.nutz.ioc.impl.NutIoc.get(NutIoc.java:239)
	at org.nutz.dao.test.DaoCase.setUp(DaoCase.java:22)
	at sun.reflect.GeneratedMethodAccessor23.invoke(Unknown Source)
	at sun.reflect.DelegatingMethodAccessorImpl.invoke(DelegatingMethodAccessorImpl.java:43)
	at java.lang.reflect.Method.invoke(Method.java:498)
	at org.junit.runners.model.FrameworkMethod$1.runReflectiveCall(FrameworkMethod.java:44)
	at org.junit.internal.runners.model.ReflectiveCallable.run(ReflectiveCallable.java:15)
	at org.junit.runners.model.FrameworkMethod.invokeExplosively(FrameworkMethod.java:41)
	at org.junit.internal.runners.statements.RunBefores.evaluate(RunBefores.java:27)
	at org.junit.internal.runners.statements.RunAfters.evaluate(RunAfters.java:31)
	at org.junit.runners.BlockJUnit4ClassRunner.runNotIgnored(BlockJUnit4ClassRunner.java:79)
	at org.junit.runners.BlockJUnit4ClassRunner.runChild(BlockJUnit4ClassRunner.java:71)
	at org.junit.runners.BlockJUnit4ClassRunner.runChild(BlockJUnit4ClassRunner.java:49)
	at org.junit.runners.ParentRunner$3.run(ParentRunner.java:193)
	at org.junit.runners.ParentRunner$1.schedule(ParentRunner.java:52)
	at org.junit.runners.ParentRunner.runChildren(ParentRunner.java:191)
	at org.junit.runners.ParentRunner.access$000(ParentRunner.java:42)
	at org.junit.runners.ParentRunner$2.evaluate(ParentRunner.java:184)
	at org.junit.runners.ParentRunner.run(ParentRunner.java:236)
	at org.apache.maven.surefire.junit4.JUnit4Provider.execute(JUnit4Provider.java:283)
	at org.apache.maven.surefire.junit4.JUnit4Provider.executeWithRerun(JUnit4Provider.java:173)
	at org.apache.maven.surefire.junit4.JUnit4Provider.executeTestSet(JUnit4Provider.java:153)
	at org.apache.maven.surefire.junit4.JUnit4Provider.invoke(JUnit4Provider.java:128)
	at org.apache.maven.surefire.booter.ForkedBooter.invokeProviderInSameClassLoader(ForkedBooter.java:203)
	at org.apache.maven.surefire.booter.ForkedBooter.runSuitesInProcess(ForkedBooter.java:155)
	at org.apache.maven.surefire.booter.ForkedBooter.main(ForkedBooter.java:103)
Caused by: java.lang.RuntimeException: IocBean[dataSource] fail at field=[driverClassName]
	at org.nutz.ioc.weaver.FieldInjector.inject(FieldInjector.java:40)
	at org.nutz.ioc.weaver.DefaultWeaver.fill(DefaultWeaver.java:56)
	at org.nutz.ioc.impl.ObjectMakerImpl.make(ObjectMakerImpl.java:136)
	at org.nutz.ioc.impl.NutIoc.get(NutIoc.java:210)
	at org.nutz.ioc.val.ReferValue.get(ReferValue.java:24)
	at org.nutz.ioc.impl.ObjectMakerImpl.make(ObjectMakerImpl.java:62)
	at org.nutz.ioc.impl.NutIoc.get(NutIoc.java:210)
	at org.nutz.ioc.impl.NutIoc.get(NutIoc.java:239)
	at org.nutz.dao.test.DaoCase.setUp(DaoCase.java:22)
	at sun.reflect.GeneratedMethodAccessor23.invoke(Unknown Source)
	at sun.reflect.DelegatingMethodAccessorImpl.invoke(DelegatingMethodAccessorImpl.java:43)
	at java.lang.reflect.Method.invoke(Method.java:498)
	at org.junit.runners.model.FrameworkMethod$1.runReflectiveCall(FrameworkMethod.java:44)
	at org.junit.internal.runners.model.ReflectiveCallable.run(ReflectiveCallable.java:15)
	at org.junit.runners.model.FrameworkMethod.invokeExplosively(FrameworkMethod.java:41)
	at org.junit.internal.runners.statements.RunBefores.evaluate(RunBefores.java:27)
	at org.junit.internal.runners.statements.RunAfters.evaluate(RunAfters.java:31)
	at org.junit.runners.BlockJUnit4ClassRunner.runNotIgnored(BlockJUnit4ClassRunner.java:79)
	at org.junit.runners.BlockJUnit4ClassRunner.runChild(BlockJUnit4ClassRunner.java:71)
	at org.junit.runners.BlockJUnit4ClassRunner.runChild(BlockJUnit4ClassRunner.java:49)
	at org.junit.runners.ParentRunner$3.run(ParentRunner.java:193)
	at org.junit.runners.ParentRunner$1.schedule(ParentRunner.java:52)
	at org.junit.runners.ParentRunner.runChildren(ParentRunner.java:191)
	at org.junit.runners.ParentRunner.access$000(ParentRunner.java:42)
	at org.junit.runners.ParentRunner$2.evaluate(ParentRunner.java:184)
	at org.junit.runners.ParentRunner.run(ParentRunner.java:236)
	at org.apache.maven.surefire.junit4.JUnit4Provider.execute(JUnit4Provider.java:283)
	at org.apache.maven.surefire.junit4.JUnit4Provider.executeWithRerun(JUnit4Provider.java:173)
	at org.apache.maven.surefire.junit4.JUnit4Provider.executeTestSet(JUnit4Provider.java:153)
	at org.apache.maven.surefire.junit4.JUnit4Provider.invoke(JUnit4Provider.java:128)
	at org.apache.maven.surefire.booter.ForkedBooter.invokeProviderInSameClassLoader(ForkedBooter.java:203)
	at org.apache.maven.surefire.booter.ForkedBooter.runSuitesInProcess(ForkedBooter.java:155)
	at org.apache.maven.surefire.booter.ForkedBooter.main(ForkedBooter.java:103)
Caused by: org.nutz.ioc.IocException: IocBean[config] throw Exception when creating
	at org.nutz.ioc.impl.ObjectMakerImpl.make(ObjectMakerImpl.java:150)
	at org.nutz.ioc.impl.NutIoc.get(NutIoc.java:210)
	at org.nutz.ioc.impl.NutIoc.get(NutIoc.java:239)
	at org.nutz.ioc.java.IocObjectNode.getValue(IocObjectNode.java:19)
	at org.nutz.ioc.java.ChainNode.eval(ChainNode.java:24)
	at org.nutz.ioc.java.ChainNode.eval(ChainNode.java:19)
	at org.nutz.ioc.val.JavaValue.get(JavaValue.java:69)
	at org.nutz.ioc.weaver.FieldInjector.inject(FieldInjector.java:32)
	at org.nutz.ioc.weaver.DefaultWeaver.fill(DefaultWeaver.java:56)
	at org.nutz.ioc.impl.ObjectMakerImpl.make(ObjectMakerImpl.java:136)
	at org.nutz.ioc.impl.NutIoc.get(NutIoc.java:210)
	at org.nutz.ioc.val.ReferValue.get(ReferValue.java:24)
	at org.nutz.ioc.impl.ObjectMakerImpl.make(ObjectMakerImpl.java:62)
	at org.nutz.ioc.impl.NutIoc.get(NutIoc.java:210)
	at org.nutz.ioc.impl.NutIoc.get(NutIoc.java:239)
	at org.nutz.dao.test.DaoCase.setUp(DaoCase.java:22)
	at sun.reflect.GeneratedMethodAccessor23.invoke(Unknown Source)
	at sun.reflect.DelegatingMethodAccessorImpl.invoke(DelegatingMethodAccessorImpl.java:43)
	at java.lang.reflect.Method.invoke(Method.java:498)
	at org.junit.runners.model.FrameworkMethod$1.runReflectiveCall(FrameworkMethod.java:44)
	at org.junit.internal.runners.model.ReflectiveCallable.run(ReflectiveCallable.java:15)
	at org.junit.runners.model.FrameworkMethod.invokeExplosively(FrameworkMethod.java:41)
	at org.junit.internal.runners.statements.RunBefores.evaluate(RunBefores.java:27)
	at org.junit.internal.runners.statements.RunAfters.evaluate(RunAfters.java:31)
	at org.junit.runners.BlockJUnit4ClassRunner.runNotIgnored(BlockJUnit4ClassRunner.java:79)
	at org.junit.runners.BlockJUnit4ClassRunner.runChild(BlockJUnit4ClassRunner.java:71)
	at org.junit.runners.BlockJUnit4ClassRunner.runChild(BlockJUnit4ClassRunner.java:49)
	at org.junit.runners.ParentRunner$3.run(ParentRunner.java:193)
	at org.junit.runners.ParentRunner$1.schedule(ParentRunner.java:52)
	at org.junit.runners.ParentRunner.runChildren(ParentRunner.java:191)
	at org.junit.runners.ParentRunner.access$000(ParentRunner.java:42)
	at org.junit.runners.ParentRunner$2.evaluate(ParentRunner.java:184)
	at org.junit.runners.ParentRunner.run(ParentRunner.java:236)
	at org.apache.maven.surefire.junit4.JUnit4Provider.execute(JUnit4Provider.java:283)
	at org.apache.maven.surefire.junit4.JUnit4Provider.executeWithRerun(JUnit4Provider.java:173)
	at org.apache.maven.surefire.junit4.JUnit4Provider.executeTestSet(JUnit4Provider.java:153)
	at org.apache.maven.surefire.junit4.JUnit4Provider.invoke(JUnit4Provider.java:128)
	at org.apache.maven.surefire.booter.ForkedBooter.invokeProviderInSameClassLoader(ForkedBooter.java:203)
	at org.apache.maven.surefire.booter.ForkedBooter.runSuitesInProcess(ForkedBooter.java:155)
	at org.apache.maven.surefire.booter.ForkedBooter.main(ForkedBooter.java:103)
Caused by: java.lang.RuntimeException: IocBean[config] fail at field=[paths]
	at org.nutz.ioc.weaver.FieldInjector.inject(FieldInjector.java:40)
	at org.nutz.ioc.weaver.DefaultWeaver.fill(DefaultWeaver.java:56)
	at org.nutz.ioc.impl.ObjectMakerImpl.make(ObjectMakerImpl.java:136)
	at org.nutz.ioc.impl.NutIoc.get(NutIoc.java:210)
	at org.nutz.ioc.impl.NutIoc.get(NutIoc.java:239)
	at org.nutz.ioc.java.IocObjectNode.getValue(IocObjectNode.java:19)
	at org.nutz.ioc.java.ChainNode.eval(ChainNode.java:24)
	at org.nutz.ioc.java.ChainNode.eval(ChainNode.java:19)
	at org.nutz.ioc.val.JavaValue.get(JavaValue.java:69)
	at org.nutz.ioc.weaver.FieldInjector.inject(FieldInjector.java:32)
	at org.nutz.ioc.weaver.DefaultWeaver.fill(DefaultWeaver.java:56)
	at org.nutz.ioc.impl.ObjectMakerImpl.make(ObjectMakerImpl.java:136)
	at org.nutz.ioc.impl.NutIoc.get(NutIoc.java:210)
	at org.nutz.ioc.val.ReferValue.get(ReferValue.java:24)
	at org.nutz.ioc.impl.ObjectMakerImpl.make(ObjectMakerImpl.java:62)
	at org.nutz.ioc.impl.NutIoc.get(NutIoc.java:210)
	at org.nutz.ioc.impl.NutIoc.get(NutIoc.java:239)
	at org.nutz.dao.test.DaoCase.setUp(DaoCase.java:22)
	at sun.reflect.GeneratedMethodAccessor23.invoke(Unknown Source)
	at sun.reflect.DelegatingMethodAccessorImpl.invoke(DelegatingMethodAccessorImpl.java:43)
	at java.lang.reflect.Method.invoke(Method.java:498)
	at org.junit.runners.model.FrameworkMethod$1.runReflectiveCall(FrameworkMethod.java:44)
	at org.junit.internal.runners.model.ReflectiveCallable.run(ReflectiveCallable.java:15)
	at org.junit.runners.model.FrameworkMethod.invokeExplosively(FrameworkMethod.java:41)
	at org.junit.internal.runners.statements.RunBefores.evaluate(RunBefores.java:27)
	at org.junit.internal.runners.statements.RunAfters.evaluate(RunAfters.java:31)
	at org.junit.runners.BlockJUnit4ClassRunner.runNotIgnored(BlockJUnit4ClassRunner.java:79)
	at org.junit.runners.BlockJUnit4ClassRunner.runChild(BlockJUnit4ClassRunner.java:71)
	at org.junit.runners.BlockJUnit4ClassRunner.runChild(BlockJUnit4ClassRunner.java:49)
	at org.junit.runners.ParentRunner$3.run(ParentRunner.java:193)
	at org.junit.runners.ParentRunner$1.schedule(ParentRunner.java:52)
	at org.junit.runners.ParentRunner.runChildren(ParentRunner.java:191)
	at org.junit.runners.ParentRunner.access$000(ParentRunner.java:42)
	at org.junit.runners.ParentRunner$2.evaluate(ParentRunner.java:184)
	at org.junit.runners.ParentRunner.run(ParentRunner.java:236)
	at org.apache.maven.surefire.junit4.JUnit4Provider.execute(JUnit4Provider.java:283)
	at org.apache.maven.surefire.junit4.JUnit4Provider.executeWithRerun(JUnit4Provider.java:173)
	at org.apache.maven.surefire.junit4.JUnit4Provider.executeTestSet(JUnit4Provider.java:153)
	at org.apache.maven.surefire.junit4.JUnit4Provider.invoke(JUnit4Provider.java:128)
	at org.apache.maven.surefire.booter.ForkedBooter.invokeProviderInSameClassLoader(ForkedBooter.java:203)
	at org.apache.maven.surefire.booter.ForkedBooter.runSuitesInProcess(ForkedBooter.java:155)
	at org.apache.maven.surefire.booter.ForkedBooter.main(ForkedBooter.java:103)
Caused by: java.lang.RuntimeException: Fail to set '[nutz-test.properties]'[ [Ljava.lang.String;@d13960e ] by setter org.nutz.ioc.impl.PropertiesProxy.'setPaths()' because [java.lang.RuntimeException: folder or file like '^.+[.]properties$' no found in nutz-test.properties]: folder or file like '^.+[.]properties$' no found in nutz-test.properties
	at org.nutz.lang.Lang.wrapThrow(Lang.java:167)
	at org.nutz.lang.inject.InjectBySetter.inject(InjectBySetter.java:62)
	at org.nutz.ioc.weaver.FieldInjector.inject(FieldInjector.java:33)
	at org.nutz.ioc.weaver.DefaultWeaver.fill(DefaultWeaver.java:56)
	at org.nutz.ioc.impl.ObjectMakerImpl.make(ObjectMakerImpl.java:136)
	at org.nutz.ioc.impl.NutIoc.get(NutIoc.java:210)
	at org.nutz.ioc.impl.NutIoc.get(NutIoc.java:239)
	at org.nutz.ioc.java.IocObjectNode.getValue(IocObjectNode.java:19)
	at org.nutz.ioc.java.ChainNode.eval(ChainNode.java:24)
	at org.nutz.ioc.java.ChainNode.eval(ChainNode.java:19)
	at org.nutz.ioc.val.JavaValue.get(JavaValue.java:69)
	at org.nutz.ioc.weaver.FieldInjector.inject(FieldInjector.java:32)
	at org.nutz.ioc.weaver.DefaultWeaver.fill(DefaultWeaver.java:56)
	at org.nutz.ioc.impl.ObjectMakerImpl.make(ObjectMakerImpl.java:136)
	at org.nutz.ioc.impl.NutIoc.get(NutIoc.java:210)
	at org.nutz.ioc.val.ReferValue.get(ReferValue.java:24)
	at org.nutz.ioc.impl.ObjectMakerImpl.make(ObjectMakerImpl.java:62)
	at org.nutz.ioc.impl.NutIoc.get(NutIoc.java:210)
	at org.nutz.ioc.impl.NutIoc.get(NutIoc.java:239)
	at org.nutz.dao.test.DaoCase.setUp(DaoCase.java:22)
	at sun.reflect.GeneratedMethodAccessor23.invoke(Unknown Source)
	at sun.reflect.DelegatingMethodAccessorImpl.invoke(DelegatingMethodAccessorImpl.java:43)
	at java.lang.reflect.Method.invoke(Method.java:498)
	at org.junit.runners.model.FrameworkMethod$1.runReflectiveCall(FrameworkMethod.java:44)
	at org.junit.internal.runners.model.ReflectiveCallable.run(ReflectiveCallable.java:15)
	at org.junit.runners.model.FrameworkMethod.invokeExplosively(FrameworkMethod.java:41)
	at org.junit.internal.runners.statements.RunBefores.evaluate(RunBefores.java:27)
	at org.junit.internal.runners.statements.RunAfters.evaluate(RunAfters.java:31)
	at org.junit.runners.BlockJUnit4ClassRunner.runNotIgnored(BlockJUnit4ClassRunner.java:79)
	at org.junit.runners.BlockJUnit4ClassRunner.runChild(BlockJUnit4ClassRunner.java:71)
	at org.junit.runners.BlockJUnit4ClassRunner.runChild(BlockJUnit4ClassRunner.java:49)
	at org.junit.runners.ParentRunner$3.run(ParentRunner.java:193)
	at org.junit.runners.ParentRunner$1.schedule(ParentRunner.java:52)
	at org.junit.runners.ParentRunner.runChildren(ParentRunner.java:191)
	at org.junit.runners.ParentRunner.access$000(ParentRunner.java:42)
	at org.junit.runners.ParentRunner$2.evaluate(ParentRunner.java:184)
	at org.junit.runners.ParentRunner.run(ParentRunner.java:236)
	at org.apache.maven.surefire.junit4.JUnit4Provider.execute(JUnit4Provider.java:283)
	at org.apache.maven.surefire.junit4.JUnit4Provider.executeWithRerun(JUnit4Provider.java:173)
	at org.apache.maven.surefire.junit4.JUnit4Provider.executeTestSet(JUnit4Provider.java:153)
	at org.apache.maven.surefire.junit4.JUnit4Provider.invoke(JUnit4Provider.java:128)
	at org.apache.maven.surefire.booter.ForkedBooter.invokeProviderInSameClassLoader(ForkedBooter.java:203)
	at org.apache.maven.surefire.booter.ForkedBooter.runSuitesInProcess(ForkedBooter.java:155)
	at org.apache.maven.surefire.booter.ForkedBooter.main(ForkedBooter.java:103)
Caused by: java.lang.RuntimeException: folder or file like '^.+[.]properties$' no found in nutz-test.properties
	at org.nutz.lang.Lang.makeThrow(Lang.java:151)
	at org.nutz.resource.Scans.loadResource(Scans.java:112)
	at org.nutz.ioc.impl.PropertiesProxy.getResources(PropertiesProxy.java:153)
	at org.nutz.ioc.impl.PropertiesProxy.setPaths(PropertiesProxy.java:109)
	at org.nutz.ioc.impl.PropertiesProxy$FM$setPaths$d0275b2b871e237a38f11859247d1599.invoke(PropertiesProxy.java)
	at org.nutz.lang.inject.InjectBySetter.inject(InjectBySetter.java:51)
	at org.nutz.ioc.weaver.FieldInjector.inject(FieldInjector.java:33)
	at org.nutz.ioc.weaver.DefaultWeaver.fill(DefaultWeaver.java:56)
	at org.nutz.ioc.impl.ObjectMakerImpl.make(ObjectMakerImpl.java:136)
	at org.nutz.ioc.impl.NutIoc.get(NutIoc.java:210)
	at org.nutz.ioc.impl.NutIoc.get(NutIoc.java:239)
	at org.nutz.ioc.java.IocObjectNode.getValue(IocObjectNode.java:19)
	at org.nutz.ioc.java.ChainNode.eval(ChainNode.java:24)
	at org.nutz.ioc.java.ChainNode.eval(ChainNode.java:19)
	at org.nutz.ioc.val.JavaValue.get(JavaValue.java:69)
	at org.nutz.ioc.weaver.FieldInjector.inject(FieldInjector.java:32)
	at org.nutz.ioc.weaver.DefaultWeaver.fill(DefaultWeaver.java:56)
	at org.nutz.ioc.impl.ObjectMakerImpl.make(ObjectMakerImpl.java:136)
	at org.nutz.ioc.impl.NutIoc.get(NutIoc.java:210)
	at org.nutz.ioc.val.ReferValue.get(ReferValue.java:24)
	at org.nutz.ioc.impl.ObjectMakerImpl.make(ObjectMakerImpl.java:62)
	at org.nutz.ioc.impl.NutIoc.get(NutIoc.java:210)
	at org.nutz.ioc.impl.NutIoc.get(NutIoc.java:239)
	at org.nutz.dao.test.DaoCase.setUp(DaoCase.java:22)
	at sun.reflect.GeneratedMethodAccessor23.invoke(Unknown Source)
	at sun.reflect.DelegatingMethodAccessorImpl.invoke(DelegatingMethodAccessorImpl.java:43)
	at java.lang.reflect.Method.invoke(Method.java:498)
	at org.junit.runners.model.FrameworkMethod$1.runReflectiveCall(FrameworkMethod.java:44)
	at org.junit.internal.runners.model.ReflectiveCallable.run(ReflectiveCallable.java:15)
	at org.junit.runners.model.FrameworkMethod.invokeExplosively(FrameworkMethod.java:41)
	at org.junit.internal.runners.statements.RunBefores.evaluate(RunBefores.java:27)
	at org.junit.internal.runners.statements.RunAfters.evaluate(RunAfters.java:31)
	at org.junit.runners.BlockJUnit4ClassRunner.runNotIgnored(BlockJUnit4ClassRunner.java:79)
	at org.junit.runners.BlockJUnit4ClassRunner.runChild(BlockJUnit4ClassRunner.java:71)
	at org.junit.runners.BlockJUnit4ClassRunner.runChild(BlockJUnit4ClassRunner.java:49)
	at org.junit.runners.ParentRunner$3.run(ParentRunner.java:193)
	at org.junit.runners.ParentRunner$1.schedule(ParentRunner.java:52)
	at org.junit.runners.ParentRunner.runChildren(ParentRunner.java:191)
	at org.junit.runners.ParentRunner.access$000(ParentRunner.java:42)
	at org.junit.runners.ParentRunner$2.evaluate(ParentRunner.java:184)
	at org.junit.runners.ParentRunner.run(ParentRunner.java:236)
	at org.apache.maven.surefire.junit4.JUnit4Provider.execute(JUnit4Provider.java:283)
	at org.apache.maven.surefire.junit4.JUnit4Provider.executeWithRerun(JUnit4Provider.java:173)
	at org.apache.maven.surefire.junit4.JUnit4Provider.executeTestSet(JUnit4Provider.java:153)
	at org.apache.maven.surefire.junit4.JUnit4Provider.invoke(JUnit4Provider.java:128)
	at org.apache.maven.surefire.booter.ForkedBooter.invokeProviderInSameClassLoader(ForkedBooter.java:203)
	at org.apache.maven.surefire.booter.ForkedBooter.runSuitesInProcess(ForkedBooter.java:155)
	at org.apache.maven.surefire.booter.ForkedBooter.main(ForkedBooter.java:103)
</error>
  </testcase>
  <testcase name="query_by_long_range" classname="org.nutz.dao.test.normal.QueryTest" time="0">
    <error message="IocBean[dao -&gt; dataSource] throw Exception when creating" type="org.nutz.ioc.IocException">org.nutz.ioc.IocException: IocBean[dao -> dataSource] throw Exception when creating
	at org.nutz.ioc.impl.ObjectMakerImpl.make(ObjectMakerImpl.java:150)
	at org.nutz.ioc.impl.NutIoc.get(NutIoc.java:210)
	at org.nutz.ioc.val.ReferValue.get(ReferValue.java:24)
	at org.nutz.ioc.impl.ObjectMakerImpl.make(ObjectMakerImpl.java:62)
	at org.nutz.ioc.impl.NutIoc.get(NutIoc.java:210)
	at org.nutz.ioc.impl.NutIoc.get(NutIoc.java:239)
	at org.nutz.dao.test.DaoCase.setUp(DaoCase.java:22)
	at sun.reflect.GeneratedMethodAccessor23.invoke(Unknown Source)
	at sun.reflect.DelegatingMethodAccessorImpl.invoke(DelegatingMethodAccessorImpl.java:43)
	at java.lang.reflect.Method.invoke(Method.java:498)
	at org.junit.runners.model.FrameworkMethod$1.runReflectiveCall(FrameworkMethod.java:44)
	at org.junit.internal.runners.model.ReflectiveCallable.run(ReflectiveCallable.java:15)
	at org.junit.runners.model.FrameworkMethod.invokeExplosively(FrameworkMethod.java:41)
	at org.junit.internal.runners.statements.RunBefores.evaluate(RunBefores.java:27)
	at org.junit.internal.runners.statements.RunAfters.evaluate(RunAfters.java:31)
	at org.junit.runners.BlockJUnit4ClassRunner.runNotIgnored(BlockJUnit4ClassRunner.java:79)
	at org.junit.runners.BlockJUnit4ClassRunner.runChild(BlockJUnit4ClassRunner.java:71)
	at org.junit.runners.BlockJUnit4ClassRunner.runChild(BlockJUnit4ClassRunner.java:49)
	at org.junit.runners.ParentRunner$3.run(ParentRunner.java:193)
	at org.junit.runners.ParentRunner$1.schedule(ParentRunner.java:52)
	at org.junit.runners.ParentRunner.runChildren(ParentRunner.java:191)
	at org.junit.runners.ParentRunner.access$000(ParentRunner.java:42)
	at org.junit.runners.ParentRunner$2.evaluate(ParentRunner.java:184)
	at org.junit.runners.ParentRunner.run(ParentRunner.java:236)
	at org.apache.maven.surefire.junit4.JUnit4Provider.execute(JUnit4Provider.java:283)
	at org.apache.maven.surefire.junit4.JUnit4Provider.executeWithRerun(JUnit4Provider.java:173)
	at org.apache.maven.surefire.junit4.JUnit4Provider.executeTestSet(JUnit4Provider.java:153)
	at org.apache.maven.surefire.junit4.JUnit4Provider.invoke(JUnit4Provider.java:128)
	at org.apache.maven.surefire.booter.ForkedBooter.invokeProviderInSameClassLoader(ForkedBooter.java:203)
	at org.apache.maven.surefire.booter.ForkedBooter.runSuitesInProcess(ForkedBooter.java:155)
	at org.apache.maven.surefire.booter.ForkedBooter.main(ForkedBooter.java:103)
Caused by: java.lang.RuntimeException: IocBean[dataSource] fail at field=[driverClassName]
	at org.nutz.ioc.weaver.FieldInjector.inject(FieldInjector.java:40)
	at org.nutz.ioc.weaver.DefaultWeaver.fill(DefaultWeaver.java:56)
	at org.nutz.ioc.impl.ObjectMakerImpl.make(ObjectMakerImpl.java:136)
	at org.nutz.ioc.impl.NutIoc.get(NutIoc.java:210)
	at org.nutz.ioc.val.ReferValue.get(ReferValue.java:24)
	at org.nutz.ioc.impl.ObjectMakerImpl.make(ObjectMakerImpl.java:62)
	at org.nutz.ioc.impl.NutIoc.get(NutIoc.java:210)
	at org.nutz.ioc.impl.NutIoc.get(NutIoc.java:239)
	at org.nutz.dao.test.DaoCase.setUp(DaoCase.java:22)
	at sun.reflect.GeneratedMethodAccessor23.invoke(Unknown Source)
	at sun.reflect.DelegatingMethodAccessorImpl.invoke(DelegatingMethodAccessorImpl.java:43)
	at java.lang.reflect.Method.invoke(Method.java:498)
	at org.junit.runners.model.FrameworkMethod$1.runReflectiveCall(FrameworkMethod.java:44)
	at org.junit.internal.runners.model.ReflectiveCallable.run(ReflectiveCallable.java:15)
	at org.junit.runners.model.FrameworkMethod.invokeExplosively(FrameworkMethod.java:41)
	at org.junit.internal.runners.statements.RunBefores.evaluate(RunBefores.java:27)
	at org.junit.internal.runners.statements.RunAfters.evaluate(RunAfters.java:31)
	at org.junit.runners.BlockJUnit4ClassRunner.runNotIgnored(BlockJUnit4ClassRunner.java:79)
	at org.junit.runners.BlockJUnit4ClassRunner.runChild(BlockJUnit4ClassRunner.java:71)
	at org.junit.runners.BlockJUnit4ClassRunner.runChild(BlockJUnit4ClassRunner.java:49)
	at org.junit.runners.ParentRunner$3.run(ParentRunner.java:193)
	at org.junit.runners.ParentRunner$1.schedule(ParentRunner.java:52)
	at org.junit.runners.ParentRunner.runChildren(ParentRunner.java:191)
	at org.junit.runners.ParentRunner.access$000(ParentRunner.java:42)
	at org.junit.runners.ParentRunner$2.evaluate(ParentRunner.java:184)
	at org.junit.runners.ParentRunner.run(ParentRunner.java:236)
	at org.apache.maven.surefire.junit4.JUnit4Provider.execute(JUnit4Provider.java:283)
	at org.apache.maven.surefire.junit4.JUnit4Provider.executeWithRerun(JUnit4Provider.java:173)
	at org.apache.maven.surefire.junit4.JUnit4Provider.executeTestSet(JUnit4Provider.java:153)
	at org.apache.maven.surefire.junit4.JUnit4Provider.invoke(JUnit4Provider.java:128)
	at org.apache.maven.surefire.booter.ForkedBooter.invokeProviderInSameClassLoader(ForkedBooter.java:203)
	at org.apache.maven.surefire.booter.ForkedBooter.runSuitesInProcess(ForkedBooter.java:155)
	at org.apache.maven.surefire.booter.ForkedBooter.main(ForkedBooter.java:103)
Caused by: org.nutz.ioc.IocException: IocBean[config] throw Exception when creating
	at org.nutz.ioc.impl.ObjectMakerImpl.make(ObjectMakerImpl.java:150)
	at org.nutz.ioc.impl.NutIoc.get(NutIoc.java:210)
	at org.nutz.ioc.impl.NutIoc.get(NutIoc.java:239)
	at org.nutz.ioc.java.IocObjectNode.getValue(IocObjectNode.java:19)
	at org.nutz.ioc.java.ChainNode.eval(ChainNode.java:24)
	at org.nutz.ioc.java.ChainNode.eval(ChainNode.java:19)
	at org.nutz.ioc.val.JavaValue.get(JavaValue.java:69)
	at org.nutz.ioc.weaver.FieldInjector.inject(FieldInjector.java:32)
	at org.nutz.ioc.weaver.DefaultWeaver.fill(DefaultWeaver.java:56)
	at org.nutz.ioc.impl.ObjectMakerImpl.make(ObjectMakerImpl.java:136)
	at org.nutz.ioc.impl.NutIoc.get(NutIoc.java:210)
	at org.nutz.ioc.val.ReferValue.get(ReferValue.java:24)
	at org.nutz.ioc.impl.ObjectMakerImpl.make(ObjectMakerImpl.java:62)
	at org.nutz.ioc.impl.NutIoc.get(NutIoc.java:210)
	at org.nutz.ioc.impl.NutIoc.get(NutIoc.java:239)
	at org.nutz.dao.test.DaoCase.setUp(DaoCase.java:22)
	at sun.reflect.GeneratedMethodAccessor23.invoke(Unknown Source)
	at sun.reflect.DelegatingMethodAccessorImpl.invoke(DelegatingMethodAccessorImpl.java:43)
	at java.lang.reflect.Method.invoke(Method.java:498)
	at org.junit.runners.model.FrameworkMethod$1.runReflectiveCall(FrameworkMethod.java:44)
	at org.junit.internal.runners.model.ReflectiveCallable.run(ReflectiveCallable.java:15)
	at org.junit.runners.model.FrameworkMethod.invokeExplosively(FrameworkMethod.java:41)
	at org.junit.internal.runners.statements.RunBefores.evaluate(RunBefores.java:27)
	at org.junit.internal.runners.statements.RunAfters.evaluate(RunAfters.java:31)
	at org.junit.runners.BlockJUnit4ClassRunner.runNotIgnored(BlockJUnit4ClassRunner.java:79)
	at org.junit.runners.BlockJUnit4ClassRunner.runChild(BlockJUnit4ClassRunner.java:71)
	at org.junit.runners.BlockJUnit4ClassRunner.runChild(BlockJUnit4ClassRunner.java:49)
	at org.junit.runners.ParentRunner$3.run(ParentRunner.java:193)
	at org.junit.runners.ParentRunner$1.schedule(ParentRunner.java:52)
	at org.junit.runners.ParentRunner.runChildren(ParentRunner.java:191)
	at org.junit.runners.ParentRunner.access$000(ParentRunner.java:42)
	at org.junit.runners.ParentRunner$2.evaluate(ParentRunner.java:184)
	at org.junit.runners.ParentRunner.run(ParentRunner.java:236)
	at org.apache.maven.surefire.junit4.JUnit4Provider.execute(JUnit4Provider.java:283)
	at org.apache.maven.surefire.junit4.JUnit4Provider.executeWithRerun(JUnit4Provider.java:173)
	at org.apache.maven.surefire.junit4.JUnit4Provider.executeTestSet(JUnit4Provider.java:153)
	at org.apache.maven.surefire.junit4.JUnit4Provider.invoke(JUnit4Provider.java:128)
	at org.apache.maven.surefire.booter.ForkedBooter.invokeProviderInSameClassLoader(ForkedBooter.java:203)
	at org.apache.maven.surefire.booter.ForkedBooter.runSuitesInProcess(ForkedBooter.java:155)
	at org.apache.maven.surefire.booter.ForkedBooter.main(ForkedBooter.java:103)
Caused by: java.lang.RuntimeException: IocBean[config] fail at field=[paths]
	at org.nutz.ioc.weaver.FieldInjector.inject(FieldInjector.java:40)
	at org.nutz.ioc.weaver.DefaultWeaver.fill(DefaultWeaver.java:56)
	at org.nutz.ioc.impl.ObjectMakerImpl.make(ObjectMakerImpl.java:136)
	at org.nutz.ioc.impl.NutIoc.get(NutIoc.java:210)
	at org.nutz.ioc.impl.NutIoc.get(NutIoc.java:239)
	at org.nutz.ioc.java.IocObjectNode.getValue(IocObjectNode.java:19)
	at org.nutz.ioc.java.ChainNode.eval(ChainNode.java:24)
	at org.nutz.ioc.java.ChainNode.eval(ChainNode.java:19)
	at org.nutz.ioc.val.JavaValue.get(JavaValue.java:69)
	at org.nutz.ioc.weaver.FieldInjector.inject(FieldInjector.java:32)
	at org.nutz.ioc.weaver.DefaultWeaver.fill(DefaultWeaver.java:56)
	at org.nutz.ioc.impl.ObjectMakerImpl.make(ObjectMakerImpl.java:136)
	at org.nutz.ioc.impl.NutIoc.get(NutIoc.java:210)
	at org.nutz.ioc.val.ReferValue.get(ReferValue.java:24)
	at org.nutz.ioc.impl.ObjectMakerImpl.make(ObjectMakerImpl.java:62)
	at org.nutz.ioc.impl.NutIoc.get(NutIoc.java:210)
	at org.nutz.ioc.impl.NutIoc.get(NutIoc.java:239)
	at org.nutz.dao.test.DaoCase.setUp(DaoCase.java:22)
	at sun.reflect.GeneratedMethodAccessor23.invoke(Unknown Source)
	at sun.reflect.DelegatingMethodAccessorImpl.invoke(DelegatingMethodAccessorImpl.java:43)
	at java.lang.reflect.Method.invoke(Method.java:498)
	at org.junit.runners.model.FrameworkMethod$1.runReflectiveCall(FrameworkMethod.java:44)
	at org.junit.internal.runners.model.ReflectiveCallable.run(ReflectiveCallable.java:15)
	at org.junit.runners.model.FrameworkMethod.invokeExplosively(FrameworkMethod.java:41)
	at org.junit.internal.runners.statements.RunBefores.evaluate(RunBefores.java:27)
	at org.junit.internal.runners.statements.RunAfters.evaluate(RunAfters.java:31)
	at org.junit.runners.BlockJUnit4ClassRunner.runNotIgnored(BlockJUnit4ClassRunner.java:79)
	at org.junit.runners.BlockJUnit4ClassRunner.runChild(BlockJUnit4ClassRunner.java:71)
	at org.junit.runners.BlockJUnit4ClassRunner.runChild(BlockJUnit4ClassRunner.java:49)
	at org.junit.runners.ParentRunner$3.run(ParentRunner.java:193)
	at org.junit.runners.ParentRunner$1.schedule(ParentRunner.java:52)
	at org.junit.runners.ParentRunner.runChildren(ParentRunner.java:191)
	at org.junit.runners.ParentRunner.access$000(ParentRunner.java:42)
	at org.junit.runners.ParentRunner$2.evaluate(ParentRunner.java:184)
	at org.junit.runners.ParentRunner.run(ParentRunner.java:236)
	at org.apache.maven.surefire.junit4.JUnit4Provider.execute(JUnit4Provider.java:283)
	at org.apache.maven.surefire.junit4.JUnit4Provider.executeWithRerun(JUnit4Provider.java:173)
	at org.apache.maven.surefire.junit4.JUnit4Provider.executeTestSet(JUnit4Provider.java:153)
	at org.apache.maven.surefire.junit4.JUnit4Provider.invoke(JUnit4Provider.java:128)
	at org.apache.maven.surefire.booter.ForkedBooter.invokeProviderInSameClassLoader(ForkedBooter.java:203)
	at org.apache.maven.surefire.booter.ForkedBooter.runSuitesInProcess(ForkedBooter.java:155)
	at org.apache.maven.surefire.booter.ForkedBooter.main(ForkedBooter.java:103)
Caused by: java.lang.RuntimeException: Fail to set '[nutz-test.properties]'[ [Ljava.lang.String;@27f3f512 ] by setter org.nutz.ioc.impl.PropertiesProxy.'setPaths()' because [java.lang.RuntimeException: folder or file like '^.+[.]properties$' no found in nutz-test.properties]: folder or file like '^.+[.]properties$' no found in nutz-test.properties
	at org.nutz.lang.Lang.wrapThrow(Lang.java:167)
	at org.nutz.lang.inject.InjectBySetter.inject(InjectBySetter.java:62)
	at org.nutz.ioc.weaver.FieldInjector.inject(FieldInjector.java:33)
	at org.nutz.ioc.weaver.DefaultWeaver.fill(DefaultWeaver.java:56)
	at org.nutz.ioc.impl.ObjectMakerImpl.make(ObjectMakerImpl.java:136)
	at org.nutz.ioc.impl.NutIoc.get(NutIoc.java:210)
	at org.nutz.ioc.impl.NutIoc.get(NutIoc.java:239)
	at org.nutz.ioc.java.IocObjectNode.getValue(IocObjectNode.java:19)
	at org.nutz.ioc.java.ChainNode.eval(ChainNode.java:24)
	at org.nutz.ioc.java.ChainNode.eval(ChainNode.java:19)
	at org.nutz.ioc.val.JavaValue.get(JavaValue.java:69)
	at org.nutz.ioc.weaver.FieldInjector.inject(FieldInjector.java:32)
	at org.nutz.ioc.weaver.DefaultWeaver.fill(DefaultWeaver.java:56)
	at org.nutz.ioc.impl.ObjectMakerImpl.make(ObjectMakerImpl.java:136)
	at org.nutz.ioc.impl.NutIoc.get(NutIoc.java:210)
	at org.nutz.ioc.val.ReferValue.get(ReferValue.java:24)
	at org.nutz.ioc.impl.ObjectMakerImpl.make(ObjectMakerImpl.java:62)
	at org.nutz.ioc.impl.NutIoc.get(NutIoc.java:210)
	at org.nutz.ioc.impl.NutIoc.get(NutIoc.java:239)
	at org.nutz.dao.test.DaoCase.setUp(DaoCase.java:22)
	at sun.reflect.GeneratedMethodAccessor23.invoke(Unknown Source)
	at sun.reflect.DelegatingMethodAccessorImpl.invoke(DelegatingMethodAccessorImpl.java:43)
	at java.lang.reflect.Method.invoke(Method.java:498)
	at org.junit.runners.model.FrameworkMethod$1.runReflectiveCall(FrameworkMethod.java:44)
	at org.junit.internal.runners.model.ReflectiveCallable.run(ReflectiveCallable.java:15)
	at org.junit.runners.model.FrameworkMethod.invokeExplosively(FrameworkMethod.java:41)
	at org.junit.internal.runners.statements.RunBefores.evaluate(RunBefores.java:27)
	at org.junit.internal.runners.statements.RunAfters.evaluate(RunAfters.java:31)
	at org.junit.runners.BlockJUnit4ClassRunner.runNotIgnored(BlockJUnit4ClassRunner.java:79)
	at org.junit.runners.BlockJUnit4ClassRunner.runChild(BlockJUnit4ClassRunner.java:71)
	at org.junit.runners.BlockJUnit4ClassRunner.runChild(BlockJUnit4ClassRunner.java:49)
	at org.junit.runners.ParentRunner$3.run(ParentRunner.java:193)
	at org.junit.runners.ParentRunner$1.schedule(ParentRunner.java:52)
	at org.junit.runners.ParentRunner.runChildren(ParentRunner.java:191)
	at org.junit.runners.ParentRunner.access$000(ParentRunner.java:42)
	at org.junit.runners.ParentRunner$2.evaluate(ParentRunner.java:184)
	at org.junit.runners.ParentRunner.run(ParentRunner.java:236)
	at org.apache.maven.surefire.junit4.JUnit4Provider.execute(JUnit4Provider.java:283)
	at org.apache.maven.surefire.junit4.JUnit4Provider.executeWithRerun(JUnit4Provider.java:173)
	at org.apache.maven.surefire.junit4.JUnit4Provider.executeTestSet(JUnit4Provider.java:153)
	at org.apache.maven.surefire.junit4.JUnit4Provider.invoke(JUnit4Provider.java:128)
	at org.apache.maven.surefire.booter.ForkedBooter.invokeProviderInSameClassLoader(ForkedBooter.java:203)
	at org.apache.maven.surefire.booter.ForkedBooter.runSuitesInProcess(ForkedBooter.java:155)
	at org.apache.maven.surefire.booter.ForkedBooter.main(ForkedBooter.java:103)
Caused by: java.lang.RuntimeException: folder or file like '^.+[.]properties$' no found in nutz-test.properties
	at org.nutz.lang.Lang.makeThrow(Lang.java:151)
	at org.nutz.resource.Scans.loadResource(Scans.java:112)
	at org.nutz.ioc.impl.PropertiesProxy.getResources(PropertiesProxy.java:153)
	at org.nutz.ioc.impl.PropertiesProxy.setPaths(PropertiesProxy.java:109)
	at org.nutz.ioc.impl.PropertiesProxy$FM$setPaths$d0275b2b871e237a38f11859247d1599.invoke(PropertiesProxy.java)
	at org.nutz.lang.inject.InjectBySetter.inject(InjectBySetter.java:51)
	at org.nutz.ioc.weaver.FieldInjector.inject(FieldInjector.java:33)
	at org.nutz.ioc.weaver.DefaultWeaver.fill(DefaultWeaver.java:56)
	at org.nutz.ioc.impl.ObjectMakerImpl.make(ObjectMakerImpl.java:136)
	at org.nutz.ioc.impl.NutIoc.get(NutIoc.java:210)
	at org.nutz.ioc.impl.NutIoc.get(NutIoc.java:239)
	at org.nutz.ioc.java.IocObjectNode.getValue(IocObjectNode.java:19)
	at org.nutz.ioc.java.ChainNode.eval(ChainNode.java:24)
	at org.nutz.ioc.java.ChainNode.eval(ChainNode.java:19)
	at org.nutz.ioc.val.JavaValue.get(JavaValue.java:69)
	at org.nutz.ioc.weaver.FieldInjector.inject(FieldInjector.java:32)
	at org.nutz.ioc.weaver.DefaultWeaver.fill(DefaultWeaver.java:56)
	at org.nutz.ioc.impl.ObjectMakerImpl.make(ObjectMakerImpl.java:136)
	at org.nutz.ioc.impl.NutIoc.get(NutIoc.java:210)
	at org.nutz.ioc.val.ReferValue.get(ReferValue.java:24)
	at org.nutz.ioc.impl.ObjectMakerImpl.make(ObjectMakerImpl.java:62)
	at org.nutz.ioc.impl.NutIoc.get(NutIoc.java:210)
	at org.nutz.ioc.impl.NutIoc.get(NutIoc.java:239)
	at org.nutz.dao.test.DaoCase.setUp(DaoCase.java:22)
	at sun.reflect.GeneratedMethodAccessor23.invoke(Unknown Source)
	at sun.reflect.DelegatingMethodAccessorImpl.invoke(DelegatingMethodAccessorImpl.java:43)
	at java.lang.reflect.Method.invoke(Method.java:498)
	at org.junit.runners.model.FrameworkMethod$1.runReflectiveCall(FrameworkMethod.java:44)
	at org.junit.internal.runners.model.ReflectiveCallable.run(ReflectiveCallable.java:15)
	at org.junit.runners.model.FrameworkMethod.invokeExplosively(FrameworkMethod.java:41)
	at org.junit.internal.runners.statements.RunBefores.evaluate(RunBefores.java:27)
	at org.junit.internal.runners.statements.RunAfters.evaluate(RunAfters.java:31)
	at org.junit.runners.BlockJUnit4ClassRunner.runNotIgnored(BlockJUnit4ClassRunner.java:79)
	at org.junit.runners.BlockJUnit4ClassRunner.runChild(BlockJUnit4ClassRunner.java:71)
	at org.junit.runners.BlockJUnit4ClassRunner.runChild(BlockJUnit4ClassRunner.java:49)
	at org.junit.runners.ParentRunner$3.run(ParentRunner.java:193)
	at org.junit.runners.ParentRunner$1.schedule(ParentRunner.java:52)
	at org.junit.runners.ParentRunner.runChildren(ParentRunner.java:191)
	at org.junit.runners.ParentRunner.access$000(ParentRunner.java:42)
	at org.junit.runners.ParentRunner$2.evaluate(ParentRunner.java:184)
	at org.junit.runners.ParentRunner.run(ParentRunner.java:236)
	at org.apache.maven.surefire.junit4.JUnit4Provider.execute(JUnit4Provider.java:283)
	at org.apache.maven.surefire.junit4.JUnit4Provider.executeWithRerun(JUnit4Provider.java:173)
	at org.apache.maven.surefire.junit4.JUnit4Provider.executeTestSet(JUnit4Provider.java:153)
	at org.apache.maven.surefire.junit4.JUnit4Provider.invoke(JUnit4Provider.java:128)
	at org.apache.maven.surefire.booter.ForkedBooter.invokeProviderInSameClassLoader(ForkedBooter.java:203)
	at org.apache.maven.surefire.booter.ForkedBooter.runSuitesInProcess(ForkedBooter.java:155)
	at org.apache.maven.surefire.booter.ForkedBooter.main(ForkedBooter.java:103)
</error>
  </testcase>
  <testcase name="query_by_special_char" classname="org.nutz.dao.test.normal.QueryTest" time="0">
    <error message="IocBean[dao -&gt; dataSource] throw Exception when creating" type="org.nutz.ioc.IocException">org.nutz.ioc.IocException: IocBean[dao -> dataSource] throw Exception when creating
	at org.nutz.ioc.impl.ObjectMakerImpl.make(ObjectMakerImpl.java:150)
	at org.nutz.ioc.impl.NutIoc.get(NutIoc.java:210)
	at org.nutz.ioc.val.ReferValue.get(ReferValue.java:24)
	at org.nutz.ioc.impl.ObjectMakerImpl.make(ObjectMakerImpl.java:62)
	at org.nutz.ioc.impl.NutIoc.get(NutIoc.java:210)
	at org.nutz.ioc.impl.NutIoc.get(NutIoc.java:239)
	at org.nutz.dao.test.DaoCase.setUp(DaoCase.java:22)
	at sun.reflect.GeneratedMethodAccessor23.invoke(Unknown Source)
	at sun.reflect.DelegatingMethodAccessorImpl.invoke(DelegatingMethodAccessorImpl.java:43)
	at java.lang.reflect.Method.invoke(Method.java:498)
	at org.junit.runners.model.FrameworkMethod$1.runReflectiveCall(FrameworkMethod.java:44)
	at org.junit.internal.runners.model.ReflectiveCallable.run(ReflectiveCallable.java:15)
	at org.junit.runners.model.FrameworkMethod.invokeExplosively(FrameworkMethod.java:41)
	at org.junit.internal.runners.statements.RunBefores.evaluate(RunBefores.java:27)
	at org.junit.internal.runners.statements.RunAfters.evaluate(RunAfters.java:31)
	at org.junit.runners.BlockJUnit4ClassRunner.runNotIgnored(BlockJUnit4ClassRunner.java:79)
	at org.junit.runners.BlockJUnit4ClassRunner.runChild(BlockJUnit4ClassRunner.java:71)
	at org.junit.runners.BlockJUnit4ClassRunner.runChild(BlockJUnit4ClassRunner.java:49)
	at org.junit.runners.ParentRunner$3.run(ParentRunner.java:193)
	at org.junit.runners.ParentRunner$1.schedule(ParentRunner.java:52)
	at org.junit.runners.ParentRunner.runChildren(ParentRunner.java:191)
	at org.junit.runners.ParentRunner.access$000(ParentRunner.java:42)
	at org.junit.runners.ParentRunner$2.evaluate(ParentRunner.java:184)
	at org.junit.runners.ParentRunner.run(ParentRunner.java:236)
	at org.apache.maven.surefire.junit4.JUnit4Provider.execute(JUnit4Provider.java:283)
	at org.apache.maven.surefire.junit4.JUnit4Provider.executeWithRerun(JUnit4Provider.java:173)
	at org.apache.maven.surefire.junit4.JUnit4Provider.executeTestSet(JUnit4Provider.java:153)
	at org.apache.maven.surefire.junit4.JUnit4Provider.invoke(JUnit4Provider.java:128)
	at org.apache.maven.surefire.booter.ForkedBooter.invokeProviderInSameClassLoader(ForkedBooter.java:203)
	at org.apache.maven.surefire.booter.ForkedBooter.runSuitesInProcess(ForkedBooter.java:155)
	at org.apache.maven.surefire.booter.ForkedBooter.main(ForkedBooter.java:103)
Caused by: java.lang.RuntimeException: IocBean[dataSource] fail at field=[driverClassName]
	at org.nutz.ioc.weaver.FieldInjector.inject(FieldInjector.java:40)
	at org.nutz.ioc.weaver.DefaultWeaver.fill(DefaultWeaver.java:56)
	at org.nutz.ioc.impl.ObjectMakerImpl.make(ObjectMakerImpl.java:136)
	at org.nutz.ioc.impl.NutIoc.get(NutIoc.java:210)
	at org.nutz.ioc.val.ReferValue.get(ReferValue.java:24)
	at org.nutz.ioc.impl.ObjectMakerImpl.make(ObjectMakerImpl.java:62)
	at org.nutz.ioc.impl.NutIoc.get(NutIoc.java:210)
	at org.nutz.ioc.impl.NutIoc.get(NutIoc.java:239)
	at org.nutz.dao.test.DaoCase.setUp(DaoCase.java:22)
	at sun.reflect.GeneratedMethodAccessor23.invoke(Unknown Source)
	at sun.reflect.DelegatingMethodAccessorImpl.invoke(DelegatingMethodAccessorImpl.java:43)
	at java.lang.reflect.Method.invoke(Method.java:498)
	at org.junit.runners.model.FrameworkMethod$1.runReflectiveCall(FrameworkMethod.java:44)
	at org.junit.internal.runners.model.ReflectiveCallable.run(ReflectiveCallable.java:15)
	at org.junit.runners.model.FrameworkMethod.invokeExplosively(FrameworkMethod.java:41)
	at org.junit.internal.runners.statements.RunBefores.evaluate(RunBefores.java:27)
	at org.junit.internal.runners.statements.RunAfters.evaluate(RunAfters.java:31)
	at org.junit.runners.BlockJUnit4ClassRunner.runNotIgnored(BlockJUnit4ClassRunner.java:79)
	at org.junit.runners.BlockJUnit4ClassRunner.runChild(BlockJUnit4ClassRunner.java:71)
	at org.junit.runners.BlockJUnit4ClassRunner.runChild(BlockJUnit4ClassRunner.java:49)
	at org.junit.runners.ParentRunner$3.run(ParentRunner.java:193)
	at org.junit.runners.ParentRunner$1.schedule(ParentRunner.java:52)
	at org.junit.runners.ParentRunner.runChildren(ParentRunner.java:191)
	at org.junit.runners.ParentRunner.access$000(ParentRunner.java:42)
	at org.junit.runners.ParentRunner$2.evaluate(ParentRunner.java:184)
	at org.junit.runners.ParentRunner.run(ParentRunner.java:236)
	at org.apache.maven.surefire.junit4.JUnit4Provider.execute(JUnit4Provider.java:283)
	at org.apache.maven.surefire.junit4.JUnit4Provider.executeWithRerun(JUnit4Provider.java:173)
	at org.apache.maven.surefire.junit4.JUnit4Provider.executeTestSet(JUnit4Provider.java:153)
	at org.apache.maven.surefire.junit4.JUnit4Provider.invoke(JUnit4Provider.java:128)
	at org.apache.maven.surefire.booter.ForkedBooter.invokeProviderInSameClassLoader(ForkedBooter.java:203)
	at org.apache.maven.surefire.booter.ForkedBooter.runSuitesInProcess(ForkedBooter.java:155)
	at org.apache.maven.surefire.booter.ForkedBooter.main(ForkedBooter.java:103)
Caused by: org.nutz.ioc.IocException: IocBean[config] throw Exception when creating
	at org.nutz.ioc.impl.ObjectMakerImpl.make(ObjectMakerImpl.java:150)
	at org.nutz.ioc.impl.NutIoc.get(NutIoc.java:210)
	at org.nutz.ioc.impl.NutIoc.get(NutIoc.java:239)
	at org.nutz.ioc.java.IocObjectNode.getValue(IocObjectNode.java:19)
	at org.nutz.ioc.java.ChainNode.eval(ChainNode.java:24)
	at org.nutz.ioc.java.ChainNode.eval(ChainNode.java:19)
	at org.nutz.ioc.val.JavaValue.get(JavaValue.java:69)
	at org.nutz.ioc.weaver.FieldInjector.inject(FieldInjector.java:32)
	at org.nutz.ioc.weaver.DefaultWeaver.fill(DefaultWeaver.java:56)
	at org.nutz.ioc.impl.ObjectMakerImpl.make(ObjectMakerImpl.java:136)
	at org.nutz.ioc.impl.NutIoc.get(NutIoc.java:210)
	at org.nutz.ioc.val.ReferValue.get(ReferValue.java:24)
	at org.nutz.ioc.impl.ObjectMakerImpl.make(ObjectMakerImpl.java:62)
	at org.nutz.ioc.impl.NutIoc.get(NutIoc.java:210)
	at org.nutz.ioc.impl.NutIoc.get(NutIoc.java:239)
	at org.nutz.dao.test.DaoCase.setUp(DaoCase.java:22)
	at sun.reflect.GeneratedMethodAccessor23.invoke(Unknown Source)
	at sun.reflect.DelegatingMethodAccessorImpl.invoke(DelegatingMethodAccessorImpl.java:43)
	at java.lang.reflect.Method.invoke(Method.java:498)
	at org.junit.runners.model.FrameworkMethod$1.runReflectiveCall(FrameworkMethod.java:44)
	at org.junit.internal.runners.model.ReflectiveCallable.run(ReflectiveCallable.java:15)
	at org.junit.runners.model.FrameworkMethod.invokeExplosively(FrameworkMethod.java:41)
	at org.junit.internal.runners.statements.RunBefores.evaluate(RunBefores.java:27)
	at org.junit.internal.runners.statements.RunAfters.evaluate(RunAfters.java:31)
	at org.junit.runners.BlockJUnit4ClassRunner.runNotIgnored(BlockJUnit4ClassRunner.java:79)
	at org.junit.runners.BlockJUnit4ClassRunner.runChild(BlockJUnit4ClassRunner.java:71)
	at org.junit.runners.BlockJUnit4ClassRunner.runChild(BlockJUnit4ClassRunner.java:49)
	at org.junit.runners.ParentRunner$3.run(ParentRunner.java:193)
	at org.junit.runners.ParentRunner$1.schedule(ParentRunner.java:52)
	at org.junit.runners.ParentRunner.runChildren(ParentRunner.java:191)
	at org.junit.runners.ParentRunner.access$000(ParentRunner.java:42)
	at org.junit.runners.ParentRunner$2.evaluate(ParentRunner.java:184)
	at org.junit.runners.ParentRunner.run(ParentRunner.java:236)
	at org.apache.maven.surefire.junit4.JUnit4Provider.execute(JUnit4Provider.java:283)
	at org.apache.maven.surefire.junit4.JUnit4Provider.executeWithRerun(JUnit4Provider.java:173)
	at org.apache.maven.surefire.junit4.JUnit4Provider.executeTestSet(JUnit4Provider.java:153)
	at org.apache.maven.surefire.junit4.JUnit4Provider.invoke(JUnit4Provider.java:128)
	at org.apache.maven.surefire.booter.ForkedBooter.invokeProviderInSameClassLoader(ForkedBooter.java:203)
	at org.apache.maven.surefire.booter.ForkedBooter.runSuitesInProcess(ForkedBooter.java:155)
	at org.apache.maven.surefire.booter.ForkedBooter.main(ForkedBooter.java:103)
Caused by: java.lang.RuntimeException: IocBean[config] fail at field=[paths]
	at org.nutz.ioc.weaver.FieldInjector.inject(FieldInjector.java:40)
	at org.nutz.ioc.weaver.DefaultWeaver.fill(DefaultWeaver.java:56)
	at org.nutz.ioc.impl.ObjectMakerImpl.make(ObjectMakerImpl.java:136)
	at org.nutz.ioc.impl.NutIoc.get(NutIoc.java:210)
	at org.nutz.ioc.impl.NutIoc.get(NutIoc.java:239)
	at org.nutz.ioc.java.IocObjectNode.getValue(IocObjectNode.java:19)
	at org.nutz.ioc.java.ChainNode.eval(ChainNode.java:24)
	at org.nutz.ioc.java.ChainNode.eval(ChainNode.java:19)
	at org.nutz.ioc.val.JavaValue.get(JavaValue.java:69)
	at org.nutz.ioc.weaver.FieldInjector.inject(FieldInjector.java:32)
	at org.nutz.ioc.weaver.DefaultWeaver.fill(DefaultWeaver.java:56)
	at org.nutz.ioc.impl.ObjectMakerImpl.make(ObjectMakerImpl.java:136)
	at org.nutz.ioc.impl.NutIoc.get(NutIoc.java:210)
	at org.nutz.ioc.val.ReferValue.get(ReferValue.java:24)
	at org.nutz.ioc.impl.ObjectMakerImpl.make(ObjectMakerImpl.java:62)
	at org.nutz.ioc.impl.NutIoc.get(NutIoc.java:210)
	at org.nutz.ioc.impl.NutIoc.get(NutIoc.java:239)
	at org.nutz.dao.test.DaoCase.setUp(DaoCase.java:22)
	at sun.reflect.GeneratedMethodAccessor23.invoke(Unknown Source)
	at sun.reflect.DelegatingMethodAccessorImpl.invoke(DelegatingMethodAccessorImpl.java:43)
	at java.lang.reflect.Method.invoke(Method.java:498)
	at org.junit.runners.model.FrameworkMethod$1.runReflectiveCall(FrameworkMethod.java:44)
	at org.junit.internal.runners.model.ReflectiveCallable.run(ReflectiveCallable.java:15)
	at org.junit.runners.model.FrameworkMethod.invokeExplosively(FrameworkMethod.java:41)
	at org.junit.internal.runners.statements.RunBefores.evaluate(RunBefores.java:27)
	at org.junit.internal.runners.statements.RunAfters.evaluate(RunAfters.java:31)
	at org.junit.runners.BlockJUnit4ClassRunner.runNotIgnored(BlockJUnit4ClassRunner.java:79)
	at org.junit.runners.BlockJUnit4ClassRunner.runChild(BlockJUnit4ClassRunner.java:71)
	at org.junit.runners.BlockJUnit4ClassRunner.runChild(BlockJUnit4ClassRunner.java:49)
	at org.junit.runners.ParentRunner$3.run(ParentRunner.java:193)
	at org.junit.runners.ParentRunner$1.schedule(ParentRunner.java:52)
	at org.junit.runners.ParentRunner.runChildren(ParentRunner.java:191)
	at org.junit.runners.ParentRunner.access$000(ParentRunner.java:42)
	at org.junit.runners.ParentRunner$2.evaluate(ParentRunner.java:184)
	at org.junit.runners.ParentRunner.run(ParentRunner.java:236)
	at org.apache.maven.surefire.junit4.JUnit4Provider.execute(JUnit4Provider.java:283)
	at org.apache.maven.surefire.junit4.JUnit4Provider.executeWithRerun(JUnit4Provider.java:173)
	at org.apache.maven.surefire.junit4.JUnit4Provider.executeTestSet(JUnit4Provider.java:153)
	at org.apache.maven.surefire.junit4.JUnit4Provider.invoke(JUnit4Provider.java:128)
	at org.apache.maven.surefire.booter.ForkedBooter.invokeProviderInSameClassLoader(ForkedBooter.java:203)
	at org.apache.maven.surefire.booter.ForkedBooter.runSuitesInProcess(ForkedBooter.java:155)
	at org.apache.maven.surefire.booter.ForkedBooter.main(ForkedBooter.java:103)
Caused by: java.lang.RuntimeException: Fail to set '[nutz-test.properties]'[ [Ljava.lang.String;@5e593b08 ] by setter org.nutz.ioc.impl.PropertiesProxy.'setPaths()' because [java.lang.RuntimeException: folder or file like '^.+[.]properties$' no found in nutz-test.properties]: folder or file like '^.+[.]properties$' no found in nutz-test.properties
	at org.nutz.lang.Lang.wrapThrow(Lang.java:167)
	at org.nutz.lang.inject.InjectBySetter.inject(InjectBySetter.java:62)
	at org.nutz.ioc.weaver.FieldInjector.inject(FieldInjector.java:33)
	at org.nutz.ioc.weaver.DefaultWeaver.fill(DefaultWeaver.java:56)
	at org.nutz.ioc.impl.ObjectMakerImpl.make(ObjectMakerImpl.java:136)
	at org.nutz.ioc.impl.NutIoc.get(NutIoc.java:210)
	at org.nutz.ioc.impl.NutIoc.get(NutIoc.java:239)
	at org.nutz.ioc.java.IocObjectNode.getValue(IocObjectNode.java:19)
	at org.nutz.ioc.java.ChainNode.eval(ChainNode.java:24)
	at org.nutz.ioc.java.ChainNode.eval(ChainNode.java:19)
	at org.nutz.ioc.val.JavaValue.get(JavaValue.java:69)
	at org.nutz.ioc.weaver.FieldInjector.inject(FieldInjector.java:32)
	at org.nutz.ioc.weaver.DefaultWeaver.fill(DefaultWeaver.java:56)
	at org.nutz.ioc.impl.ObjectMakerImpl.make(ObjectMakerImpl.java:136)
	at org.nutz.ioc.impl.NutIoc.get(NutIoc.java:210)
	at org.nutz.ioc.val.ReferValue.get(ReferValue.java:24)
	at org.nutz.ioc.impl.ObjectMakerImpl.make(ObjectMakerImpl.java:62)
	at org.nutz.ioc.impl.NutIoc.get(NutIoc.java:210)
	at org.nutz.ioc.impl.NutIoc.get(NutIoc.java:239)
	at org.nutz.dao.test.DaoCase.setUp(DaoCase.java:22)
	at sun.reflect.GeneratedMethodAccessor23.invoke(Unknown Source)
	at sun.reflect.DelegatingMethodAccessorImpl.invoke(DelegatingMethodAccessorImpl.java:43)
	at java.lang.reflect.Method.invoke(Method.java:498)
	at org.junit.runners.model.FrameworkMethod$1.runReflectiveCall(FrameworkMethod.java:44)
	at org.junit.internal.runners.model.ReflectiveCallable.run(ReflectiveCallable.java:15)
	at org.junit.runners.model.FrameworkMethod.invokeExplosively(FrameworkMethod.java:41)
	at org.junit.internal.runners.statements.RunBefores.evaluate(RunBefores.java:27)
	at org.junit.internal.runners.statements.RunAfters.evaluate(RunAfters.java:31)
	at org.junit.runners.BlockJUnit4ClassRunner.runNotIgnored(BlockJUnit4ClassRunner.java:79)
	at org.junit.runners.BlockJUnit4ClassRunner.runChild(BlockJUnit4ClassRunner.java:71)
	at org.junit.runners.BlockJUnit4ClassRunner.runChild(BlockJUnit4ClassRunner.java:49)
	at org.junit.runners.ParentRunner$3.run(ParentRunner.java:193)
	at org.junit.runners.ParentRunner$1.schedule(ParentRunner.java:52)
	at org.junit.runners.ParentRunner.runChildren(ParentRunner.java:191)
	at org.junit.runners.ParentRunner.access$000(ParentRunner.java:42)
	at org.junit.runners.ParentRunner$2.evaluate(ParentRunner.java:184)
	at org.junit.runners.ParentRunner.run(ParentRunner.java:236)
	at org.apache.maven.surefire.junit4.JUnit4Provider.execute(JUnit4Provider.java:283)
	at org.apache.maven.surefire.junit4.JUnit4Provider.executeWithRerun(JUnit4Provider.java:173)
	at org.apache.maven.surefire.junit4.JUnit4Provider.executeTestSet(JUnit4Provider.java:153)
	at org.apache.maven.surefire.junit4.JUnit4Provider.invoke(JUnit4Provider.java:128)
	at org.apache.maven.surefire.booter.ForkedBooter.invokeProviderInSameClassLoader(ForkedBooter.java:203)
	at org.apache.maven.surefire.booter.ForkedBooter.runSuitesInProcess(ForkedBooter.java:155)
	at org.apache.maven.surefire.booter.ForkedBooter.main(ForkedBooter.java:103)
Caused by: java.lang.RuntimeException: folder or file like '^.+[.]properties$' no found in nutz-test.properties
	at org.nutz.lang.Lang.makeThrow(Lang.java:151)
	at org.nutz.resource.Scans.loadResource(Scans.java:112)
	at org.nutz.ioc.impl.PropertiesProxy.getResources(PropertiesProxy.java:153)
	at org.nutz.ioc.impl.PropertiesProxy.setPaths(PropertiesProxy.java:109)
	at org.nutz.ioc.impl.PropertiesProxy$FM$setPaths$d0275b2b871e237a38f11859247d1599.invoke(PropertiesProxy.java)
	at org.nutz.lang.inject.InjectBySetter.inject(InjectBySetter.java:51)
	at org.nutz.ioc.weaver.FieldInjector.inject(FieldInjector.java:33)
	at org.nutz.ioc.weaver.DefaultWeaver.fill(DefaultWeaver.java:56)
	at org.nutz.ioc.impl.ObjectMakerImpl.make(ObjectMakerImpl.java:136)
	at org.nutz.ioc.impl.NutIoc.get(NutIoc.java:210)
	at org.nutz.ioc.impl.NutIoc.get(NutIoc.java:239)
	at org.nutz.ioc.java.IocObjectNode.getValue(IocObjectNode.java:19)
	at org.nutz.ioc.java.ChainNode.eval(ChainNode.java:24)
	at org.nutz.ioc.java.ChainNode.eval(ChainNode.java:19)
	at org.nutz.ioc.val.JavaValue.get(JavaValue.java:69)
	at org.nutz.ioc.weaver.FieldInjector.inject(FieldInjector.java:32)
	at org.nutz.ioc.weaver.DefaultWeaver.fill(DefaultWeaver.java:56)
	at org.nutz.ioc.impl.ObjectMakerImpl.make(ObjectMakerImpl.java:136)
	at org.nutz.ioc.impl.NutIoc.get(NutIoc.java:210)
	at org.nutz.ioc.val.ReferValue.get(ReferValue.java:24)
	at org.nutz.ioc.impl.ObjectMakerImpl.make(ObjectMakerImpl.java:62)
	at org.nutz.ioc.impl.NutIoc.get(NutIoc.java:210)
	at org.nutz.ioc.impl.NutIoc.get(NutIoc.java:239)
	at org.nutz.dao.test.DaoCase.setUp(DaoCase.java:22)
	at sun.reflect.GeneratedMethodAccessor23.invoke(Unknown Source)
	at sun.reflect.DelegatingMethodAccessorImpl.invoke(DelegatingMethodAccessorImpl.java:43)
	at java.lang.reflect.Method.invoke(Method.java:498)
	at org.junit.runners.model.FrameworkMethod$1.runReflectiveCall(FrameworkMethod.java:44)
	at org.junit.internal.runners.model.ReflectiveCallable.run(ReflectiveCallable.java:15)
	at org.junit.runners.model.FrameworkMethod.invokeExplosively(FrameworkMethod.java:41)
	at org.junit.internal.runners.statements.RunBefores.evaluate(RunBefores.java:27)
	at org.junit.internal.runners.statements.RunAfters.evaluate(RunAfters.java:31)
	at org.junit.runners.BlockJUnit4ClassRunner.runNotIgnored(BlockJUnit4ClassRunner.java:79)
	at org.junit.runners.BlockJUnit4ClassRunner.runChild(BlockJUnit4ClassRunner.java:71)
	at org.junit.runners.BlockJUnit4ClassRunner.runChild(BlockJUnit4ClassRunner.java:49)
	at org.junit.runners.ParentRunner$3.run(ParentRunner.java:193)
	at org.junit.runners.ParentRunner$1.schedule(ParentRunner.java:52)
	at org.junit.runners.ParentRunner.runChildren(ParentRunner.java:191)
	at org.junit.runners.ParentRunner.access$000(ParentRunner.java:42)
	at org.junit.runners.ParentRunner$2.evaluate(ParentRunner.java:184)
	at org.junit.runners.ParentRunner.run(ParentRunner.java:236)
	at org.apache.maven.surefire.junit4.JUnit4Provider.execute(JUnit4Provider.java:283)
	at org.apache.maven.surefire.junit4.JUnit4Provider.executeWithRerun(JUnit4Provider.java:173)
	at org.apache.maven.surefire.junit4.JUnit4Provider.executeTestSet(JUnit4Provider.java:153)
	at org.apache.maven.surefire.junit4.JUnit4Provider.invoke(JUnit4Provider.java:128)
	at org.apache.maven.surefire.booter.ForkedBooter.invokeProviderInSameClassLoader(ForkedBooter.java:203)
	at org.apache.maven.surefire.booter.ForkedBooter.runSuitesInProcess(ForkedBooter.java:155)
	at org.apache.maven.surefire.booter.ForkedBooter.main(ForkedBooter.java:103)
</error>
  </testcase>
  <testcase name="query_by_special_char2" classname="org.nutz.dao.test.normal.QueryTest" time="0">
    <error message="IocBean[dao -&gt; dataSource] throw Exception when creating" type="org.nutz.ioc.IocException">org.nutz.ioc.IocException: IocBean[dao -> dataSource] throw Exception when creating
	at org.nutz.ioc.impl.ObjectMakerImpl.make(ObjectMakerImpl.java:150)
	at org.nutz.ioc.impl.NutIoc.get(NutIoc.java:210)
	at org.nutz.ioc.val.ReferValue.get(ReferValue.java:24)
	at org.nutz.ioc.impl.ObjectMakerImpl.make(ObjectMakerImpl.java:62)
	at org.nutz.ioc.impl.NutIoc.get(NutIoc.java:210)
	at org.nutz.ioc.impl.NutIoc.get(NutIoc.java:239)
	at org.nutz.dao.test.DaoCase.setUp(DaoCase.java:22)
	at sun.reflect.GeneratedMethodAccessor23.invoke(Unknown Source)
	at sun.reflect.DelegatingMethodAccessorImpl.invoke(DelegatingMethodAccessorImpl.java:43)
	at java.lang.reflect.Method.invoke(Method.java:498)
	at org.junit.runners.model.FrameworkMethod$1.runReflectiveCall(FrameworkMethod.java:44)
	at org.junit.internal.runners.model.ReflectiveCallable.run(ReflectiveCallable.java:15)
	at org.junit.runners.model.FrameworkMethod.invokeExplosively(FrameworkMethod.java:41)
	at org.junit.internal.runners.statements.RunBefores.evaluate(RunBefores.java:27)
	at org.junit.internal.runners.statements.RunAfters.evaluate(RunAfters.java:31)
	at org.junit.runners.BlockJUnit4ClassRunner.runNotIgnored(BlockJUnit4ClassRunner.java:79)
	at org.junit.runners.BlockJUnit4ClassRunner.runChild(BlockJUnit4ClassRunner.java:71)
	at org.junit.runners.BlockJUnit4ClassRunner.runChild(BlockJUnit4ClassRunner.java:49)
	at org.junit.runners.ParentRunner$3.run(ParentRunner.java:193)
	at org.junit.runners.ParentRunner$1.schedule(ParentRunner.java:52)
	at org.junit.runners.ParentRunner.runChildren(ParentRunner.java:191)
	at org.junit.runners.ParentRunner.access$000(ParentRunner.java:42)
	at org.junit.runners.ParentRunner$2.evaluate(ParentRunner.java:184)
	at org.junit.runners.ParentRunner.run(ParentRunner.java:236)
	at org.apache.maven.surefire.junit4.JUnit4Provider.execute(JUnit4Provider.java:283)
	at org.apache.maven.surefire.junit4.JUnit4Provider.executeWithRerun(JUnit4Provider.java:173)
	at org.apache.maven.surefire.junit4.JUnit4Provider.executeTestSet(JUnit4Provider.java:153)
	at org.apache.maven.surefire.junit4.JUnit4Provider.invoke(JUnit4Provider.java:128)
	at org.apache.maven.surefire.booter.ForkedBooter.invokeProviderInSameClassLoader(ForkedBooter.java:203)
	at org.apache.maven.surefire.booter.ForkedBooter.runSuitesInProcess(ForkedBooter.java:155)
	at org.apache.maven.surefire.booter.ForkedBooter.main(ForkedBooter.java:103)
Caused by: java.lang.RuntimeException: IocBean[dataSource] fail at field=[driverClassName]
	at org.nutz.ioc.weaver.FieldInjector.inject(FieldInjector.java:40)
	at org.nutz.ioc.weaver.DefaultWeaver.fill(DefaultWeaver.java:56)
	at org.nutz.ioc.impl.ObjectMakerImpl.make(ObjectMakerImpl.java:136)
	at org.nutz.ioc.impl.NutIoc.get(NutIoc.java:210)
	at org.nutz.ioc.val.ReferValue.get(ReferValue.java:24)
	at org.nutz.ioc.impl.ObjectMakerImpl.make(ObjectMakerImpl.java:62)
	at org.nutz.ioc.impl.NutIoc.get(NutIoc.java:210)
	at org.nutz.ioc.impl.NutIoc.get(NutIoc.java:239)
	at org.nutz.dao.test.DaoCase.setUp(DaoCase.java:22)
	at sun.reflect.GeneratedMethodAccessor23.invoke(Unknown Source)
	at sun.reflect.DelegatingMethodAccessorImpl.invoke(DelegatingMethodAccessorImpl.java:43)
	at java.lang.reflect.Method.invoke(Method.java:498)
	at org.junit.runners.model.FrameworkMethod$1.runReflectiveCall(FrameworkMethod.java:44)
	at org.junit.internal.runners.model.ReflectiveCallable.run(ReflectiveCallable.java:15)
	at org.junit.runners.model.FrameworkMethod.invokeExplosively(FrameworkMethod.java:41)
	at org.junit.internal.runners.statements.RunBefores.evaluate(RunBefores.java:27)
	at org.junit.internal.runners.statements.RunAfters.evaluate(RunAfters.java:31)
	at org.junit.runners.BlockJUnit4ClassRunner.runNotIgnored(BlockJUnit4ClassRunner.java:79)
	at org.junit.runners.BlockJUnit4ClassRunner.runChild(BlockJUnit4ClassRunner.java:71)
	at org.junit.runners.BlockJUnit4ClassRunner.runChild(BlockJUnit4ClassRunner.java:49)
	at org.junit.runners.ParentRunner$3.run(ParentRunner.java:193)
	at org.junit.runners.ParentRunner$1.schedule(ParentRunner.java:52)
	at org.junit.runners.ParentRunner.runChildren(ParentRunner.java:191)
	at org.junit.runners.ParentRunner.access$000(ParentRunner.java:42)
	at org.junit.runners.ParentRunner$2.evaluate(ParentRunner.java:184)
	at org.junit.runners.ParentRunner.run(ParentRunner.java:236)
	at org.apache.maven.surefire.junit4.JUnit4Provider.execute(JUnit4Provider.java:283)
	at org.apache.maven.surefire.junit4.JUnit4Provider.executeWithRerun(JUnit4Provider.java:173)
	at org.apache.maven.surefire.junit4.JUnit4Provider.executeTestSet(JUnit4Provider.java:153)
	at org.apache.maven.surefire.junit4.JUnit4Provider.invoke(JUnit4Provider.java:128)
	at org.apache.maven.surefire.booter.ForkedBooter.invokeProviderInSameClassLoader(ForkedBooter.java:203)
	at org.apache.maven.surefire.booter.ForkedBooter.runSuitesInProcess(ForkedBooter.java:155)
	at org.apache.maven.surefire.booter.ForkedBooter.main(ForkedBooter.java:103)
Caused by: org.nutz.ioc.IocException: IocBean[config] throw Exception when creating
	at org.nutz.ioc.impl.ObjectMakerImpl.make(ObjectMakerImpl.java:150)
	at org.nutz.ioc.impl.NutIoc.get(NutIoc.java:210)
	at org.nutz.ioc.impl.NutIoc.get(NutIoc.java:239)
	at org.nutz.ioc.java.IocObjectNode.getValue(IocObjectNode.java:19)
	at org.nutz.ioc.java.ChainNode.eval(ChainNode.java:24)
	at org.nutz.ioc.java.ChainNode.eval(ChainNode.java:19)
	at org.nutz.ioc.val.JavaValue.get(JavaValue.java:69)
	at org.nutz.ioc.weaver.FieldInjector.inject(FieldInjector.java:32)
	at org.nutz.ioc.weaver.DefaultWeaver.fill(DefaultWeaver.java:56)
	at org.nutz.ioc.impl.ObjectMakerImpl.make(ObjectMakerImpl.java:136)
	at org.nutz.ioc.impl.NutIoc.get(NutIoc.java:210)
	at org.nutz.ioc.val.ReferValue.get(ReferValue.java:24)
	at org.nutz.ioc.impl.ObjectMakerImpl.make(ObjectMakerImpl.java:62)
	at org.nutz.ioc.impl.NutIoc.get(NutIoc.java:210)
	at org.nutz.ioc.impl.NutIoc.get(NutIoc.java:239)
	at org.nutz.dao.test.DaoCase.setUp(DaoCase.java:22)
	at sun.reflect.GeneratedMethodAccessor23.invoke(Unknown Source)
	at sun.reflect.DelegatingMethodAccessorImpl.invoke(DelegatingMethodAccessorImpl.java:43)
	at java.lang.reflect.Method.invoke(Method.java:498)
	at org.junit.runners.model.FrameworkMethod$1.runReflectiveCall(FrameworkMethod.java:44)
	at org.junit.internal.runners.model.ReflectiveCallable.run(ReflectiveCallable.java:15)
	at org.junit.runners.model.FrameworkMethod.invokeExplosively(FrameworkMethod.java:41)
	at org.junit.internal.runners.statements.RunBefores.evaluate(RunBefores.java:27)
	at org.junit.internal.runners.statements.RunAfters.evaluate(RunAfters.java:31)
	at org.junit.runners.BlockJUnit4ClassRunner.runNotIgnored(BlockJUnit4ClassRunner.java:79)
	at org.junit.runners.BlockJUnit4ClassRunner.runChild(BlockJUnit4ClassRunner.java:71)
	at org.junit.runners.BlockJUnit4ClassRunner.runChild(BlockJUnit4ClassRunner.java:49)
	at org.junit.runners.ParentRunner$3.run(ParentRunner.java:193)
	at org.junit.runners.ParentRunner$1.schedule(ParentRunner.java:52)
	at org.junit.runners.ParentRunner.runChildren(ParentRunner.java:191)
	at org.junit.runners.ParentRunner.access$000(ParentRunner.java:42)
	at org.junit.runners.ParentRunner$2.evaluate(ParentRunner.java:184)
	at org.junit.runners.ParentRunner.run(ParentRunner.java:236)
	at org.apache.maven.surefire.junit4.JUnit4Provider.execute(JUnit4Provider.java:283)
	at org.apache.maven.surefire.junit4.JUnit4Provider.executeWithRerun(JUnit4Provider.java:173)
	at org.apache.maven.surefire.junit4.JUnit4Provider.executeTestSet(JUnit4Provider.java:153)
	at org.apache.maven.surefire.junit4.JUnit4Provider.invoke(JUnit4Provider.java:128)
	at org.apache.maven.surefire.booter.ForkedBooter.invokeProviderInSameClassLoader(ForkedBooter.java:203)
	at org.apache.maven.surefire.booter.ForkedBooter.runSuitesInProcess(ForkedBooter.java:155)
	at org.apache.maven.surefire.booter.ForkedBooter.main(ForkedBooter.java:103)
Caused by: java.lang.RuntimeException: IocBean[config] fail at field=[paths]
	at org.nutz.ioc.weaver.FieldInjector.inject(FieldInjector.java:40)
	at org.nutz.ioc.weaver.DefaultWeaver.fill(DefaultWeaver.java:56)
	at org.nutz.ioc.impl.ObjectMakerImpl.make(ObjectMakerImpl.java:136)
	at org.nutz.ioc.impl.NutIoc.get(NutIoc.java:210)
	at org.nutz.ioc.impl.NutIoc.get(NutIoc.java:239)
	at org.nutz.ioc.java.IocObjectNode.getValue(IocObjectNode.java:19)
	at org.nutz.ioc.java.ChainNode.eval(ChainNode.java:24)
	at org.nutz.ioc.java.ChainNode.eval(ChainNode.java:19)
	at org.nutz.ioc.val.JavaValue.get(JavaValue.java:69)
	at org.nutz.ioc.weaver.FieldInjector.inject(FieldInjector.java:32)
	at org.nutz.ioc.weaver.DefaultWeaver.fill(DefaultWeaver.java:56)
	at org.nutz.ioc.impl.ObjectMakerImpl.make(ObjectMakerImpl.java:136)
	at org.nutz.ioc.impl.NutIoc.get(NutIoc.java:210)
	at org.nutz.ioc.val.ReferValue.get(ReferValue.java:24)
	at org.nutz.ioc.impl.ObjectMakerImpl.make(ObjectMakerImpl.java:62)
	at org.nutz.ioc.impl.NutIoc.get(NutIoc.java:210)
	at org.nutz.ioc.impl.NutIoc.get(NutIoc.java:239)
	at org.nutz.dao.test.DaoCase.setUp(DaoCase.java:22)
	at sun.reflect.GeneratedMethodAccessor23.invoke(Unknown Source)
	at sun.reflect.DelegatingMethodAccessorImpl.invoke(DelegatingMethodAccessorImpl.java:43)
	at java.lang.reflect.Method.invoke(Method.java:498)
	at org.junit.runners.model.FrameworkMethod$1.runReflectiveCall(FrameworkMethod.java:44)
	at org.junit.internal.runners.model.ReflectiveCallable.run(ReflectiveCallable.java:15)
	at org.junit.runners.model.FrameworkMethod.invokeExplosively(FrameworkMethod.java:41)
	at org.junit.internal.runners.statements.RunBefores.evaluate(RunBefores.java:27)
	at org.junit.internal.runners.statements.RunAfters.evaluate(RunAfters.java:31)
	at org.junit.runners.BlockJUnit4ClassRunner.runNotIgnored(BlockJUnit4ClassRunner.java:79)
	at org.junit.runners.BlockJUnit4ClassRunner.runChild(BlockJUnit4ClassRunner.java:71)
	at org.junit.runners.BlockJUnit4ClassRunner.runChild(BlockJUnit4ClassRunner.java:49)
	at org.junit.runners.ParentRunner$3.run(ParentRunner.java:193)
	at org.junit.runners.ParentRunner$1.schedule(ParentRunner.java:52)
	at org.junit.runners.ParentRunner.runChildren(ParentRunner.java:191)
	at org.junit.runners.ParentRunner.access$000(ParentRunner.java:42)
	at org.junit.runners.ParentRunner$2.evaluate(ParentRunner.java:184)
	at org.junit.runners.ParentRunner.run(ParentRunner.java:236)
	at org.apache.maven.surefire.junit4.JUnit4Provider.execute(JUnit4Provider.java:283)
	at org.apache.maven.surefire.junit4.JUnit4Provider.executeWithRerun(JUnit4Provider.java:173)
	at org.apache.maven.surefire.junit4.JUnit4Provider.executeTestSet(JUnit4Provider.java:153)
	at org.apache.maven.surefire.junit4.JUnit4Provider.invoke(JUnit4Provider.java:128)
	at org.apache.maven.surefire.booter.ForkedBooter.invokeProviderInSameClassLoader(ForkedBooter.java:203)
	at org.apache.maven.surefire.booter.ForkedBooter.runSuitesInProcess(ForkedBooter.java:155)
	at org.apache.maven.surefire.booter.ForkedBooter.main(ForkedBooter.java:103)
Caused by: java.lang.RuntimeException: Fail to set '[nutz-test.properties]'[ [Ljava.lang.String;@3946075 ] by setter org.nutz.ioc.impl.PropertiesProxy.'setPaths()' because [java.lang.RuntimeException: folder or file like '^.+[.]properties$' no found in nutz-test.properties]: folder or file like '^.+[.]properties$' no found in nutz-test.properties
	at org.nutz.lang.Lang.wrapThrow(Lang.java:167)
	at org.nutz.lang.inject.InjectBySetter.inject(InjectBySetter.java:62)
	at org.nutz.ioc.weaver.FieldInjector.inject(FieldInjector.java:33)
	at org.nutz.ioc.weaver.DefaultWeaver.fill(DefaultWeaver.java:56)
	at org.nutz.ioc.impl.ObjectMakerImpl.make(ObjectMakerImpl.java:136)
	at org.nutz.ioc.impl.NutIoc.get(NutIoc.java:210)
	at org.nutz.ioc.impl.NutIoc.get(NutIoc.java:239)
	at org.nutz.ioc.java.IocObjectNode.getValue(IocObjectNode.java:19)
	at org.nutz.ioc.java.ChainNode.eval(ChainNode.java:24)
	at org.nutz.ioc.java.ChainNode.eval(ChainNode.java:19)
	at org.nutz.ioc.val.JavaValue.get(JavaValue.java:69)
	at org.nutz.ioc.weaver.FieldInjector.inject(FieldInjector.java:32)
	at org.nutz.ioc.weaver.DefaultWeaver.fill(DefaultWeaver.java:56)
	at org.nutz.ioc.impl.ObjectMakerImpl.make(ObjectMakerImpl.java:136)
	at org.nutz.ioc.impl.NutIoc.get(NutIoc.java:210)
	at org.nutz.ioc.val.ReferValue.get(ReferValue.java:24)
	at org.nutz.ioc.impl.ObjectMakerImpl.make(ObjectMakerImpl.java:62)
	at org.nutz.ioc.impl.NutIoc.get(NutIoc.java:210)
	at org.nutz.ioc.impl.NutIoc.get(NutIoc.java:239)
	at org.nutz.dao.test.DaoCase.setUp(DaoCase.java:22)
	at sun.reflect.GeneratedMethodAccessor23.invoke(Unknown Source)
	at sun.reflect.DelegatingMethodAccessorImpl.invoke(DelegatingMethodAccessorImpl.java:43)
	at java.lang.reflect.Method.invoke(Method.java:498)
	at org.junit.runners.model.FrameworkMethod$1.runReflectiveCall(FrameworkMethod.java:44)
	at org.junit.internal.runners.model.ReflectiveCallable.run(ReflectiveCallable.java:15)
	at org.junit.runners.model.FrameworkMethod.invokeExplosively(FrameworkMethod.java:41)
	at org.junit.internal.runners.statements.RunBefores.evaluate(RunBefores.java:27)
	at org.junit.internal.runners.statements.RunAfters.evaluate(RunAfters.java:31)
	at org.junit.runners.BlockJUnit4ClassRunner.runNotIgnored(BlockJUnit4ClassRunner.java:79)
	at org.junit.runners.BlockJUnit4ClassRunner.runChild(BlockJUnit4ClassRunner.java:71)
	at org.junit.runners.BlockJUnit4ClassRunner.runChild(BlockJUnit4ClassRunner.java:49)
	at org.junit.runners.ParentRunner$3.run(ParentRunner.java:193)
	at org.junit.runners.ParentRunner$1.schedule(ParentRunner.java:52)
	at org.junit.runners.ParentRunner.runChildren(ParentRunner.java:191)
	at org.junit.runners.ParentRunner.access$000(ParentRunner.java:42)
	at org.junit.runners.ParentRunner$2.evaluate(ParentRunner.java:184)
	at org.junit.runners.ParentRunner.run(ParentRunner.java:236)
	at org.apache.maven.surefire.junit4.JUnit4Provider.execute(JUnit4Provider.java:283)
	at org.apache.maven.surefire.junit4.JUnit4Provider.executeWithRerun(JUnit4Provider.java:173)
	at org.apache.maven.surefire.junit4.JUnit4Provider.executeTestSet(JUnit4Provider.java:153)
	at org.apache.maven.surefire.junit4.JUnit4Provider.invoke(JUnit4Provider.java:128)
	at org.apache.maven.surefire.booter.ForkedBooter.invokeProviderInSameClassLoader(ForkedBooter.java:203)
	at org.apache.maven.surefire.booter.ForkedBooter.runSuitesInProcess(ForkedBooter.java:155)
	at org.apache.maven.surefire.booter.ForkedBooter.main(ForkedBooter.java:103)
Caused by: java.lang.RuntimeException: folder or file like '^.+[.]properties$' no found in nutz-test.properties
	at org.nutz.lang.Lang.makeThrow(Lang.java:151)
	at org.nutz.resource.Scans.loadResource(Scans.java:112)
	at org.nutz.ioc.impl.PropertiesProxy.getResources(PropertiesProxy.java:153)
	at org.nutz.ioc.impl.PropertiesProxy.setPaths(PropertiesProxy.java:109)
	at org.nutz.ioc.impl.PropertiesProxy$FM$setPaths$d0275b2b871e237a38f11859247d1599.invoke(PropertiesProxy.java)
	at org.nutz.lang.inject.InjectBySetter.inject(InjectBySetter.java:51)
	at org.nutz.ioc.weaver.FieldInjector.inject(FieldInjector.java:33)
	at org.nutz.ioc.weaver.DefaultWeaver.fill(DefaultWeaver.java:56)
	at org.nutz.ioc.impl.ObjectMakerImpl.make(ObjectMakerImpl.java:136)
	at org.nutz.ioc.impl.NutIoc.get(NutIoc.java:210)
	at org.nutz.ioc.impl.NutIoc.get(NutIoc.java:239)
	at org.nutz.ioc.java.IocObjectNode.getValue(IocObjectNode.java:19)
	at org.nutz.ioc.java.ChainNode.eval(ChainNode.java:24)
	at org.nutz.ioc.java.ChainNode.eval(ChainNode.java:19)
	at org.nutz.ioc.val.JavaValue.get(JavaValue.java:69)
	at org.nutz.ioc.weaver.FieldInjector.inject(FieldInjector.java:32)
	at org.nutz.ioc.weaver.DefaultWeaver.fill(DefaultWeaver.java:56)
	at org.nutz.ioc.impl.ObjectMakerImpl.make(ObjectMakerImpl.java:136)
	at org.nutz.ioc.impl.NutIoc.get(NutIoc.java:210)
	at org.nutz.ioc.val.ReferValue.get(ReferValue.java:24)
	at org.nutz.ioc.impl.ObjectMakerImpl.make(ObjectMakerImpl.java:62)
	at org.nutz.ioc.impl.NutIoc.get(NutIoc.java:210)
	at org.nutz.ioc.impl.NutIoc.get(NutIoc.java:239)
	at org.nutz.dao.test.DaoCase.setUp(DaoCase.java:22)
	at sun.reflect.GeneratedMethodAccessor23.invoke(Unknown Source)
	at sun.reflect.DelegatingMethodAccessorImpl.invoke(DelegatingMethodAccessorImpl.java:43)
	at java.lang.reflect.Method.invoke(Method.java:498)
	at org.junit.runners.model.FrameworkMethod$1.runReflectiveCall(FrameworkMethod.java:44)
	at org.junit.internal.runners.model.ReflectiveCallable.run(ReflectiveCallable.java:15)
	at org.junit.runners.model.FrameworkMethod.invokeExplosively(FrameworkMethod.java:41)
	at org.junit.internal.runners.statements.RunBefores.evaluate(RunBefores.java:27)
	at org.junit.internal.runners.statements.RunAfters.evaluate(RunAfters.java:31)
	at org.junit.runners.BlockJUnit4ClassRunner.runNotIgnored(BlockJUnit4ClassRunner.java:79)
	at org.junit.runners.BlockJUnit4ClassRunner.runChild(BlockJUnit4ClassRunner.java:71)
	at org.junit.runners.BlockJUnit4ClassRunner.runChild(BlockJUnit4ClassRunner.java:49)
	at org.junit.runners.ParentRunner$3.run(ParentRunner.java:193)
	at org.junit.runners.ParentRunner$1.schedule(ParentRunner.java:52)
	at org.junit.runners.ParentRunner.runChildren(ParentRunner.java:191)
	at org.junit.runners.ParentRunner.access$000(ParentRunner.java:42)
	at org.junit.runners.ParentRunner$2.evaluate(ParentRunner.java:184)
	at org.junit.runners.ParentRunner.run(ParentRunner.java:236)
	at org.apache.maven.surefire.junit4.JUnit4Provider.execute(JUnit4Provider.java:283)
	at org.apache.maven.surefire.junit4.JUnit4Provider.executeWithRerun(JUnit4Provider.java:173)
	at org.apache.maven.surefire.junit4.JUnit4Provider.executeTestSet(JUnit4Provider.java:153)
	at org.apache.maven.surefire.junit4.JUnit4Provider.invoke(JUnit4Provider.java:128)
	at org.apache.maven.surefire.booter.ForkedBooter.invokeProviderInSameClassLoader(ForkedBooter.java:203)
	at org.apache.maven.surefire.booter.ForkedBooter.runSuitesInProcess(ForkedBooter.java:155)
	at org.apache.maven.surefire.booter.ForkedBooter.main(ForkedBooter.java:103)
</error>
  </testcase>
  <testcase name="query_by_pager" classname="org.nutz.dao.test.normal.QueryTest" time="0.001">
    <error message="IocBean[dao -&gt; dataSource] throw Exception when creating" type="org.nutz.ioc.IocException">org.nutz.ioc.IocException: IocBean[dao -> dataSource] throw Exception when creating
	at org.nutz.ioc.impl.ObjectMakerImpl.make(ObjectMakerImpl.java:150)
	at org.nutz.ioc.impl.NutIoc.get(NutIoc.java:210)
	at org.nutz.ioc.val.ReferValue.get(ReferValue.java:24)
	at org.nutz.ioc.impl.ObjectMakerImpl.make(ObjectMakerImpl.java:62)
	at org.nutz.ioc.impl.NutIoc.get(NutIoc.java:210)
	at org.nutz.ioc.impl.NutIoc.get(NutIoc.java:239)
	at org.nutz.dao.test.DaoCase.setUp(DaoCase.java:22)
	at sun.reflect.GeneratedMethodAccessor23.invoke(Unknown Source)
	at sun.reflect.DelegatingMethodAccessorImpl.invoke(DelegatingMethodAccessorImpl.java:43)
	at java.lang.reflect.Method.invoke(Method.java:498)
	at org.junit.runners.model.FrameworkMethod$1.runReflectiveCall(FrameworkMethod.java:44)
	at org.junit.internal.runners.model.ReflectiveCallable.run(ReflectiveCallable.java:15)
	at org.junit.runners.model.FrameworkMethod.invokeExplosively(FrameworkMethod.java:41)
	at org.junit.internal.runners.statements.RunBefores.evaluate(RunBefores.java:27)
	at org.junit.internal.runners.statements.RunAfters.evaluate(RunAfters.java:31)
	at org.junit.runners.BlockJUnit4ClassRunner.runNotIgnored(BlockJUnit4ClassRunner.java:79)
	at org.junit.runners.BlockJUnit4ClassRunner.runChild(BlockJUnit4ClassRunner.java:71)
	at org.junit.runners.BlockJUnit4ClassRunner.runChild(BlockJUnit4ClassRunner.java:49)
	at org.junit.runners.ParentRunner$3.run(ParentRunner.java:193)
	at org.junit.runners.ParentRunner$1.schedule(ParentRunner.java:52)
	at org.junit.runners.ParentRunner.runChildren(ParentRunner.java:191)
	at org.junit.runners.ParentRunner.access$000(ParentRunner.java:42)
	at org.junit.runners.ParentRunner$2.evaluate(ParentRunner.java:184)
	at org.junit.runners.ParentRunner.run(ParentRunner.java:236)
	at org.apache.maven.surefire.junit4.JUnit4Provider.execute(JUnit4Provider.java:283)
	at org.apache.maven.surefire.junit4.JUnit4Provider.executeWithRerun(JUnit4Provider.java:173)
	at org.apache.maven.surefire.junit4.JUnit4Provider.executeTestSet(JUnit4Provider.java:153)
	at org.apache.maven.surefire.junit4.JUnit4Provider.invoke(JUnit4Provider.java:128)
	at org.apache.maven.surefire.booter.ForkedBooter.invokeProviderInSameClassLoader(ForkedBooter.java:203)
	at org.apache.maven.surefire.booter.ForkedBooter.runSuitesInProcess(ForkedBooter.java:155)
	at org.apache.maven.surefire.booter.ForkedBooter.main(ForkedBooter.java:103)
Caused by: java.lang.RuntimeException: IocBean[dataSource] fail at field=[driverClassName]
	at org.nutz.ioc.weaver.FieldInjector.inject(FieldInjector.java:40)
	at org.nutz.ioc.weaver.DefaultWeaver.fill(DefaultWeaver.java:56)
	at org.nutz.ioc.impl.ObjectMakerImpl.make(ObjectMakerImpl.java:136)
	at org.nutz.ioc.impl.NutIoc.get(NutIoc.java:210)
	at org.nutz.ioc.val.ReferValue.get(ReferValue.java:24)
	at org.nutz.ioc.impl.ObjectMakerImpl.make(ObjectMakerImpl.java:62)
	at org.nutz.ioc.impl.NutIoc.get(NutIoc.java:210)
	at org.nutz.ioc.impl.NutIoc.get(NutIoc.java:239)
	at org.nutz.dao.test.DaoCase.setUp(DaoCase.java:22)
	at sun.reflect.GeneratedMethodAccessor23.invoke(Unknown Source)
	at sun.reflect.DelegatingMethodAccessorImpl.invoke(DelegatingMethodAccessorImpl.java:43)
	at java.lang.reflect.Method.invoke(Method.java:498)
	at org.junit.runners.model.FrameworkMethod$1.runReflectiveCall(FrameworkMethod.java:44)
	at org.junit.internal.runners.model.ReflectiveCallable.run(ReflectiveCallable.java:15)
	at org.junit.runners.model.FrameworkMethod.invokeExplosively(FrameworkMethod.java:41)
	at org.junit.internal.runners.statements.RunBefores.evaluate(RunBefores.java:27)
	at org.junit.internal.runners.statements.RunAfters.evaluate(RunAfters.java:31)
	at org.junit.runners.BlockJUnit4ClassRunner.runNotIgnored(BlockJUnit4ClassRunner.java:79)
	at org.junit.runners.BlockJUnit4ClassRunner.runChild(BlockJUnit4ClassRunner.java:71)
	at org.junit.runners.BlockJUnit4ClassRunner.runChild(BlockJUnit4ClassRunner.java:49)
	at org.junit.runners.ParentRunner$3.run(ParentRunner.java:193)
	at org.junit.runners.ParentRunner$1.schedule(ParentRunner.java:52)
	at org.junit.runners.ParentRunner.runChildren(ParentRunner.java:191)
	at org.junit.runners.ParentRunner.access$000(ParentRunner.java:42)
	at org.junit.runners.ParentRunner$2.evaluate(ParentRunner.java:184)
	at org.junit.runners.ParentRunner.run(ParentRunner.java:236)
	at org.apache.maven.surefire.junit4.JUnit4Provider.execute(JUnit4Provider.java:283)
	at org.apache.maven.surefire.junit4.JUnit4Provider.executeWithRerun(JUnit4Provider.java:173)
	at org.apache.maven.surefire.junit4.JUnit4Provider.executeTestSet(JUnit4Provider.java:153)
	at org.apache.maven.surefire.junit4.JUnit4Provider.invoke(JUnit4Provider.java:128)
	at org.apache.maven.surefire.booter.ForkedBooter.invokeProviderInSameClassLoader(ForkedBooter.java:203)
	at org.apache.maven.surefire.booter.ForkedBooter.runSuitesInProcess(ForkedBooter.java:155)
	at org.apache.maven.surefire.booter.ForkedBooter.main(ForkedBooter.java:103)
Caused by: org.nutz.ioc.IocException: IocBean[config] throw Exception when creating
	at org.nutz.ioc.impl.ObjectMakerImpl.make(ObjectMakerImpl.java:150)
	at org.nutz.ioc.impl.NutIoc.get(NutIoc.java:210)
	at org.nutz.ioc.impl.NutIoc.get(NutIoc.java:239)
	at org.nutz.ioc.java.IocObjectNode.getValue(IocObjectNode.java:19)
	at org.nutz.ioc.java.ChainNode.eval(ChainNode.java:24)
	at org.nutz.ioc.java.ChainNode.eval(ChainNode.java:19)
	at org.nutz.ioc.val.JavaValue.get(JavaValue.java:69)
	at org.nutz.ioc.weaver.FieldInjector.inject(FieldInjector.java:32)
	at org.nutz.ioc.weaver.DefaultWeaver.fill(DefaultWeaver.java:56)
	at org.nutz.ioc.impl.ObjectMakerImpl.make(ObjectMakerImpl.java:136)
	at org.nutz.ioc.impl.NutIoc.get(NutIoc.java:210)
	at org.nutz.ioc.val.ReferValue.get(ReferValue.java:24)
	at org.nutz.ioc.impl.ObjectMakerImpl.make(ObjectMakerImpl.java:62)
	at org.nutz.ioc.impl.NutIoc.get(NutIoc.java:210)
	at org.nutz.ioc.impl.NutIoc.get(NutIoc.java:239)
	at org.nutz.dao.test.DaoCase.setUp(DaoCase.java:22)
	at sun.reflect.GeneratedMethodAccessor23.invoke(Unknown Source)
	at sun.reflect.DelegatingMethodAccessorImpl.invoke(DelegatingMethodAccessorImpl.java:43)
	at java.lang.reflect.Method.invoke(Method.java:498)
	at org.junit.runners.model.FrameworkMethod$1.runReflectiveCall(FrameworkMethod.java:44)
	at org.junit.internal.runners.model.ReflectiveCallable.run(ReflectiveCallable.java:15)
	at org.junit.runners.model.FrameworkMethod.invokeExplosively(FrameworkMethod.java:41)
	at org.junit.internal.runners.statements.RunBefores.evaluate(RunBefores.java:27)
	at org.junit.internal.runners.statements.RunAfters.evaluate(RunAfters.java:31)
	at org.junit.runners.BlockJUnit4ClassRunner.runNotIgnored(BlockJUnit4ClassRunner.java:79)
	at org.junit.runners.BlockJUnit4ClassRunner.runChild(BlockJUnit4ClassRunner.java:71)
	at org.junit.runners.BlockJUnit4ClassRunner.runChild(BlockJUnit4ClassRunner.java:49)
	at org.junit.runners.ParentRunner$3.run(ParentRunner.java:193)
	at org.junit.runners.ParentRunner$1.schedule(ParentRunner.java:52)
	at org.junit.runners.ParentRunner.runChildren(ParentRunner.java:191)
	at org.junit.runners.ParentRunner.access$000(ParentRunner.java:42)
	at org.junit.runners.ParentRunner$2.evaluate(ParentRunner.java:184)
	at org.junit.runners.ParentRunner.run(ParentRunner.java:236)
	at org.apache.maven.surefire.junit4.JUnit4Provider.execute(JUnit4Provider.java:283)
	at org.apache.maven.surefire.junit4.JUnit4Provider.executeWithRerun(JUnit4Provider.java:173)
	at org.apache.maven.surefire.junit4.JUnit4Provider.executeTestSet(JUnit4Provider.java:153)
	at org.apache.maven.surefire.junit4.JUnit4Provider.invoke(JUnit4Provider.java:128)
	at org.apache.maven.surefire.booter.ForkedBooter.invokeProviderInSameClassLoader(ForkedBooter.java:203)
	at org.apache.maven.surefire.booter.ForkedBooter.runSuitesInProcess(ForkedBooter.java:155)
	at org.apache.maven.surefire.booter.ForkedBooter.main(ForkedBooter.java:103)
Caused by: java.lang.RuntimeException: IocBean[config] fail at field=[paths]
	at org.nutz.ioc.weaver.FieldInjector.inject(FieldInjector.java:40)
	at org.nutz.ioc.weaver.DefaultWeaver.fill(DefaultWeaver.java:56)
	at org.nutz.ioc.impl.ObjectMakerImpl.make(ObjectMakerImpl.java:136)
	at org.nutz.ioc.impl.NutIoc.get(NutIoc.java:210)
	at org.nutz.ioc.impl.NutIoc.get(NutIoc.java:239)
	at org.nutz.ioc.java.IocObjectNode.getValue(IocObjectNode.java:19)
	at org.nutz.ioc.java.ChainNode.eval(ChainNode.java:24)
	at org.nutz.ioc.java.ChainNode.eval(ChainNode.java:19)
	at org.nutz.ioc.val.JavaValue.get(JavaValue.java:69)
	at org.nutz.ioc.weaver.FieldInjector.inject(FieldInjector.java:32)
	at org.nutz.ioc.weaver.DefaultWeaver.fill(DefaultWeaver.java:56)
	at org.nutz.ioc.impl.ObjectMakerImpl.make(ObjectMakerImpl.java:136)
	at org.nutz.ioc.impl.NutIoc.get(NutIoc.java:210)
	at org.nutz.ioc.val.ReferValue.get(ReferValue.java:24)
	at org.nutz.ioc.impl.ObjectMakerImpl.make(ObjectMakerImpl.java:62)
	at org.nutz.ioc.impl.NutIoc.get(NutIoc.java:210)
	at org.nutz.ioc.impl.NutIoc.get(NutIoc.java:239)
	at org.nutz.dao.test.DaoCase.setUp(DaoCase.java:22)
	at sun.reflect.GeneratedMethodAccessor23.invoke(Unknown Source)
	at sun.reflect.DelegatingMethodAccessorImpl.invoke(DelegatingMethodAccessorImpl.java:43)
	at java.lang.reflect.Method.invoke(Method.java:498)
	at org.junit.runners.model.FrameworkMethod$1.runReflectiveCall(FrameworkMethod.java:44)
	at org.junit.internal.runners.model.ReflectiveCallable.run(ReflectiveCallable.java:15)
	at org.junit.runners.model.FrameworkMethod.invokeExplosively(FrameworkMethod.java:41)
	at org.junit.internal.runners.statements.RunBefores.evaluate(RunBefores.java:27)
	at org.junit.internal.runners.statements.RunAfters.evaluate(RunAfters.java:31)
	at org.junit.runners.BlockJUnit4ClassRunner.runNotIgnored(BlockJUnit4ClassRunner.java:79)
	at org.junit.runners.BlockJUnit4ClassRunner.runChild(BlockJUnit4ClassRunner.java:71)
	at org.junit.runners.BlockJUnit4ClassRunner.runChild(BlockJUnit4ClassRunner.java:49)
	at org.junit.runners.ParentRunner$3.run(ParentRunner.java:193)
	at org.junit.runners.ParentRunner$1.schedule(ParentRunner.java:52)
	at org.junit.runners.ParentRunner.runChildren(ParentRunner.java:191)
	at org.junit.runners.ParentRunner.access$000(ParentRunner.java:42)
	at org.junit.runners.ParentRunner$2.evaluate(ParentRunner.java:184)
	at org.junit.runners.ParentRunner.run(ParentRunner.java:236)
	at org.apache.maven.surefire.junit4.JUnit4Provider.execute(JUnit4Provider.java:283)
	at org.apache.maven.surefire.junit4.JUnit4Provider.executeWithRerun(JUnit4Provider.java:173)
	at org.apache.maven.surefire.junit4.JUnit4Provider.executeTestSet(JUnit4Provider.java:153)
	at org.apache.maven.surefire.junit4.JUnit4Provider.invoke(JUnit4Provider.java:128)
	at org.apache.maven.surefire.booter.ForkedBooter.invokeProviderInSameClassLoader(ForkedBooter.java:203)
	at org.apache.maven.surefire.booter.ForkedBooter.runSuitesInProcess(ForkedBooter.java:155)
	at org.apache.maven.surefire.booter.ForkedBooter.main(ForkedBooter.java:103)
Caused by: java.lang.RuntimeException: Fail to set '[nutz-test.properties]'[ [Ljava.lang.String;@122635ef ] by setter org.nutz.ioc.impl.PropertiesProxy.'setPaths()' because [java.lang.RuntimeException: folder or file like '^.+[.]properties$' no found in nutz-test.properties]: folder or file like '^.+[.]properties$' no found in nutz-test.properties
	at org.nutz.lang.Lang.wrapThrow(Lang.java:167)
	at org.nutz.lang.inject.InjectBySetter.inject(InjectBySetter.java:62)
	at org.nutz.ioc.weaver.FieldInjector.inject(FieldInjector.java:33)
	at org.nutz.ioc.weaver.DefaultWeaver.fill(DefaultWeaver.java:56)
	at org.nutz.ioc.impl.ObjectMakerImpl.make(ObjectMakerImpl.java:136)
	at org.nutz.ioc.impl.NutIoc.get(NutIoc.java:210)
	at org.nutz.ioc.impl.NutIoc.get(NutIoc.java:239)
	at org.nutz.ioc.java.IocObjectNode.getValue(IocObjectNode.java:19)
	at org.nutz.ioc.java.ChainNode.eval(ChainNode.java:24)
	at org.nutz.ioc.java.ChainNode.eval(ChainNode.java:19)
	at org.nutz.ioc.val.JavaValue.get(JavaValue.java:69)
	at org.nutz.ioc.weaver.FieldInjector.inject(FieldInjector.java:32)
	at org.nutz.ioc.weaver.DefaultWeaver.fill(DefaultWeaver.java:56)
	at org.nutz.ioc.impl.ObjectMakerImpl.make(ObjectMakerImpl.java:136)
	at org.nutz.ioc.impl.NutIoc.get(NutIoc.java:210)
	at org.nutz.ioc.val.ReferValue.get(ReferValue.java:24)
	at org.nutz.ioc.impl.ObjectMakerImpl.make(ObjectMakerImpl.java:62)
	at org.nutz.ioc.impl.NutIoc.get(NutIoc.java:210)
	at org.nutz.ioc.impl.NutIoc.get(NutIoc.java:239)
	at org.nutz.dao.test.DaoCase.setUp(DaoCase.java:22)
	at sun.reflect.GeneratedMethodAccessor23.invoke(Unknown Source)
	at sun.reflect.DelegatingMethodAccessorImpl.invoke(DelegatingMethodAccessorImpl.java:43)
	at java.lang.reflect.Method.invoke(Method.java:498)
	at org.junit.runners.model.FrameworkMethod$1.runReflectiveCall(FrameworkMethod.java:44)
	at org.junit.internal.runners.model.ReflectiveCallable.run(ReflectiveCallable.java:15)
	at org.junit.runners.model.FrameworkMethod.invokeExplosively(FrameworkMethod.java:41)
	at org.junit.internal.runners.statements.RunBefores.evaluate(RunBefores.java:27)
	at org.junit.internal.runners.statements.RunAfters.evaluate(RunAfters.java:31)
	at org.junit.runners.BlockJUnit4ClassRunner.runNotIgnored(BlockJUnit4ClassRunner.java:79)
	at org.junit.runners.BlockJUnit4ClassRunner.runChild(BlockJUnit4ClassRunner.java:71)
	at org.junit.runners.BlockJUnit4ClassRunner.runChild(BlockJUnit4ClassRunner.java:49)
	at org.junit.runners.ParentRunner$3.run(ParentRunner.java:193)
	at org.junit.runners.ParentRunner$1.schedule(ParentRunner.java:52)
	at org.junit.runners.ParentRunner.runChildren(ParentRunner.java:191)
	at org.junit.runners.ParentRunner.access$000(ParentRunner.java:42)
	at org.junit.runners.ParentRunner$2.evaluate(ParentRunner.java:184)
	at org.junit.runners.ParentRunner.run(ParentRunner.java:236)
	at org.apache.maven.surefire.junit4.JUnit4Provider.execute(JUnit4Provider.java:283)
	at org.apache.maven.surefire.junit4.JUnit4Provider.executeWithRerun(JUnit4Provider.java:173)
	at org.apache.maven.surefire.junit4.JUnit4Provider.executeTestSet(JUnit4Provider.java:153)
	at org.apache.maven.surefire.junit4.JUnit4Provider.invoke(JUnit4Provider.java:128)
	at org.apache.maven.surefire.booter.ForkedBooter.invokeProviderInSameClassLoader(ForkedBooter.java:203)
	at org.apache.maven.surefire.booter.ForkedBooter.runSuitesInProcess(ForkedBooter.java:155)
	at org.apache.maven.surefire.booter.ForkedBooter.main(ForkedBooter.java:103)
Caused by: java.lang.RuntimeException: folder or file like '^.+[.]properties$' no found in nutz-test.properties
	at org.nutz.lang.Lang.makeThrow(Lang.java:151)
	at org.nutz.resource.Scans.loadResource(Scans.java:112)
	at org.nutz.ioc.impl.PropertiesProxy.getResources(PropertiesProxy.java:153)
	at org.nutz.ioc.impl.PropertiesProxy.setPaths(PropertiesProxy.java:109)
	at org.nutz.ioc.impl.PropertiesProxy$FM$setPaths$d0275b2b871e237a38f11859247d1599.invoke(PropertiesProxy.java)
	at org.nutz.lang.inject.InjectBySetter.inject(InjectBySetter.java:51)
	at org.nutz.ioc.weaver.FieldInjector.inject(FieldInjector.java:33)
	at org.nutz.ioc.weaver.DefaultWeaver.fill(DefaultWeaver.java:56)
	at org.nutz.ioc.impl.ObjectMakerImpl.make(ObjectMakerImpl.java:136)
	at org.nutz.ioc.impl.NutIoc.get(NutIoc.java:210)
	at org.nutz.ioc.impl.NutIoc.get(NutIoc.java:239)
	at org.nutz.ioc.java.IocObjectNode.getValue(IocObjectNode.java:19)
	at org.nutz.ioc.java.ChainNode.eval(ChainNode.java:24)
	at org.nutz.ioc.java.ChainNode.eval(ChainNode.java:19)
	at org.nutz.ioc.val.JavaValue.get(JavaValue.java:69)
	at org.nutz.ioc.weaver.FieldInjector.inject(FieldInjector.java:32)
	at org.nutz.ioc.weaver.DefaultWeaver.fill(DefaultWeaver.java:56)
	at org.nutz.ioc.impl.ObjectMakerImpl.make(ObjectMakerImpl.java:136)
	at org.nutz.ioc.impl.NutIoc.get(NutIoc.java:210)
	at org.nutz.ioc.val.ReferValue.get(ReferValue.java:24)
	at org.nutz.ioc.impl.ObjectMakerImpl.make(ObjectMakerImpl.java:62)
	at org.nutz.ioc.impl.NutIoc.get(NutIoc.java:210)
	at org.nutz.ioc.impl.NutIoc.get(NutIoc.java:239)
	at org.nutz.dao.test.DaoCase.setUp(DaoCase.java:22)
	at sun.reflect.GeneratedMethodAccessor23.invoke(Unknown Source)
	at sun.reflect.DelegatingMethodAccessorImpl.invoke(DelegatingMethodAccessorImpl.java:43)
	at java.lang.reflect.Method.invoke(Method.java:498)
	at org.junit.runners.model.FrameworkMethod$1.runReflectiveCall(FrameworkMethod.java:44)
	at org.junit.internal.runners.model.ReflectiveCallable.run(ReflectiveCallable.java:15)
	at org.junit.runners.model.FrameworkMethod.invokeExplosively(FrameworkMethod.java:41)
	at org.junit.internal.runners.statements.RunBefores.evaluate(RunBefores.java:27)
	at org.junit.internal.runners.statements.RunAfters.evaluate(RunAfters.java:31)
	at org.junit.runners.BlockJUnit4ClassRunner.runNotIgnored(BlockJUnit4ClassRunner.java:79)
	at org.junit.runners.BlockJUnit4ClassRunner.runChild(BlockJUnit4ClassRunner.java:71)
	at org.junit.runners.BlockJUnit4ClassRunner.runChild(BlockJUnit4ClassRunner.java:49)
	at org.junit.runners.ParentRunner$3.run(ParentRunner.java:193)
	at org.junit.runners.ParentRunner$1.schedule(ParentRunner.java:52)
	at org.junit.runners.ParentRunner.runChildren(ParentRunner.java:191)
	at org.junit.runners.ParentRunner.access$000(ParentRunner.java:42)
	at org.junit.runners.ParentRunner$2.evaluate(ParentRunner.java:184)
	at org.junit.runners.ParentRunner.run(ParentRunner.java:236)
	at org.apache.maven.surefire.junit4.JUnit4Provider.execute(JUnit4Provider.java:283)
	at org.apache.maven.surefire.junit4.JUnit4Provider.executeWithRerun(JUnit4Provider.java:173)
	at org.apache.maven.surefire.junit4.JUnit4Provider.executeTestSet(JUnit4Provider.java:153)
	at org.apache.maven.surefire.junit4.JUnit4Provider.invoke(JUnit4Provider.java:128)
	at org.apache.maven.surefire.booter.ForkedBooter.invokeProviderInSameClassLoader(ForkedBooter.java:203)
	at org.apache.maven.surefire.booter.ForkedBooter.runSuitesInProcess(ForkedBooter.java:155)
	at org.apache.maven.surefire.booter.ForkedBooter.main(ForkedBooter.java:103)
</error>
  </testcase>
  <testcase name="query_by_like" classname="org.nutz.dao.test.normal.QueryTest" time="0">
    <error message="IocBean[dao -&gt; dataSource] throw Exception when creating" type="org.nutz.ioc.IocException">org.nutz.ioc.IocException: IocBean[dao -> dataSource] throw Exception when creating
	at org.nutz.ioc.impl.ObjectMakerImpl.make(ObjectMakerImpl.java:150)
	at org.nutz.ioc.impl.NutIoc.get(NutIoc.java:210)
	at org.nutz.ioc.val.ReferValue.get(ReferValue.java:24)
	at org.nutz.ioc.impl.ObjectMakerImpl.make(ObjectMakerImpl.java:62)
	at org.nutz.ioc.impl.NutIoc.get(NutIoc.java:210)
	at org.nutz.ioc.impl.NutIoc.get(NutIoc.java:239)
	at org.nutz.dao.test.DaoCase.setUp(DaoCase.java:22)
	at sun.reflect.GeneratedMethodAccessor23.invoke(Unknown Source)
	at sun.reflect.DelegatingMethodAccessorImpl.invoke(DelegatingMethodAccessorImpl.java:43)
	at java.lang.reflect.Method.invoke(Method.java:498)
	at org.junit.runners.model.FrameworkMethod$1.runReflectiveCall(FrameworkMethod.java:44)
	at org.junit.internal.runners.model.ReflectiveCallable.run(ReflectiveCallable.java:15)
	at org.junit.runners.model.FrameworkMethod.invokeExplosively(FrameworkMethod.java:41)
	at org.junit.internal.runners.statements.RunBefores.evaluate(RunBefores.java:27)
	at org.junit.internal.runners.statements.RunAfters.evaluate(RunAfters.java:31)
	at org.junit.runners.BlockJUnit4ClassRunner.runNotIgnored(BlockJUnit4ClassRunner.java:79)
	at org.junit.runners.BlockJUnit4ClassRunner.runChild(BlockJUnit4ClassRunner.java:71)
	at org.junit.runners.BlockJUnit4ClassRunner.runChild(BlockJUnit4ClassRunner.java:49)
	at org.junit.runners.ParentRunner$3.run(ParentRunner.java:193)
	at org.junit.runners.ParentRunner$1.schedule(ParentRunner.java:52)
	at org.junit.runners.ParentRunner.runChildren(ParentRunner.java:191)
	at org.junit.runners.ParentRunner.access$000(ParentRunner.java:42)
	at org.junit.runners.ParentRunner$2.evaluate(ParentRunner.java:184)
	at org.junit.runners.ParentRunner.run(ParentRunner.java:236)
	at org.apache.maven.surefire.junit4.JUnit4Provider.execute(JUnit4Provider.java:283)
	at org.apache.maven.surefire.junit4.JUnit4Provider.executeWithRerun(JUnit4Provider.java:173)
	at org.apache.maven.surefire.junit4.JUnit4Provider.executeTestSet(JUnit4Provider.java:153)
	at org.apache.maven.surefire.junit4.JUnit4Provider.invoke(JUnit4Provider.java:128)
	at org.apache.maven.surefire.booter.ForkedBooter.invokeProviderInSameClassLoader(ForkedBooter.java:203)
	at org.apache.maven.surefire.booter.ForkedBooter.runSuitesInProcess(ForkedBooter.java:155)
	at org.apache.maven.surefire.booter.ForkedBooter.main(ForkedBooter.java:103)
Caused by: java.lang.RuntimeException: IocBean[dataSource] fail at field=[driverClassName]
	at org.nutz.ioc.weaver.FieldInjector.inject(FieldInjector.java:40)
	at org.nutz.ioc.weaver.DefaultWeaver.fill(DefaultWeaver.java:56)
	at org.nutz.ioc.impl.ObjectMakerImpl.make(ObjectMakerImpl.java:136)
	at org.nutz.ioc.impl.NutIoc.get(NutIoc.java:210)
	at org.nutz.ioc.val.ReferValue.get(ReferValue.java:24)
	at org.nutz.ioc.impl.ObjectMakerImpl.make(ObjectMakerImpl.java:62)
	at org.nutz.ioc.impl.NutIoc.get(NutIoc.java:210)
	at org.nutz.ioc.impl.NutIoc.get(NutIoc.java:239)
	at org.nutz.dao.test.DaoCase.setUp(DaoCase.java:22)
	at sun.reflect.GeneratedMethodAccessor23.invoke(Unknown Source)
	at sun.reflect.DelegatingMethodAccessorImpl.invoke(DelegatingMethodAccessorImpl.java:43)
	at java.lang.reflect.Method.invoke(Method.java:498)
	at org.junit.runners.model.FrameworkMethod$1.runReflectiveCall(FrameworkMethod.java:44)
	at org.junit.internal.runners.model.ReflectiveCallable.run(ReflectiveCallable.java:15)
	at org.junit.runners.model.FrameworkMethod.invokeExplosively(FrameworkMethod.java:41)
	at org.junit.internal.runners.statements.RunBefores.evaluate(RunBefores.java:27)
	at org.junit.internal.runners.statements.RunAfters.evaluate(RunAfters.java:31)
	at org.junit.runners.BlockJUnit4ClassRunner.runNotIgnored(BlockJUnit4ClassRunner.java:79)
	at org.junit.runners.BlockJUnit4ClassRunner.runChild(BlockJUnit4ClassRunner.java:71)
	at org.junit.runners.BlockJUnit4ClassRunner.runChild(BlockJUnit4ClassRunner.java:49)
	at org.junit.runners.ParentRunner$3.run(ParentRunner.java:193)
	at org.junit.runners.ParentRunner$1.schedule(ParentRunner.java:52)
	at org.junit.runners.ParentRunner.runChildren(ParentRunner.java:191)
	at org.junit.runners.ParentRunner.access$000(ParentRunner.java:42)
	at org.junit.runners.ParentRunner$2.evaluate(ParentRunner.java:184)
	at org.junit.runners.ParentRunner.run(ParentRunner.java:236)
	at org.apache.maven.surefire.junit4.JUnit4Provider.execute(JUnit4Provider.java:283)
	at org.apache.maven.surefire.junit4.JUnit4Provider.executeWithRerun(JUnit4Provider.java:173)
	at org.apache.maven.surefire.junit4.JUnit4Provider.executeTestSet(JUnit4Provider.java:153)
	at org.apache.maven.surefire.junit4.JUnit4Provider.invoke(JUnit4Provider.java:128)
	at org.apache.maven.surefire.booter.ForkedBooter.invokeProviderInSameClassLoader(ForkedBooter.java:203)
	at org.apache.maven.surefire.booter.ForkedBooter.runSuitesInProcess(ForkedBooter.java:155)
	at org.apache.maven.surefire.booter.ForkedBooter.main(ForkedBooter.java:103)
Caused by: org.nutz.ioc.IocException: IocBean[config] throw Exception when creating
	at org.nutz.ioc.impl.ObjectMakerImpl.make(ObjectMakerImpl.java:150)
	at org.nutz.ioc.impl.NutIoc.get(NutIoc.java:210)
	at org.nutz.ioc.impl.NutIoc.get(NutIoc.java:239)
	at org.nutz.ioc.java.IocObjectNode.getValue(IocObjectNode.java:19)
	at org.nutz.ioc.java.ChainNode.eval(ChainNode.java:24)
	at org.nutz.ioc.java.ChainNode.eval(ChainNode.java:19)
	at org.nutz.ioc.val.JavaValue.get(JavaValue.java:69)
	at org.nutz.ioc.weaver.FieldInjector.inject(FieldInjector.java:32)
	at org.nutz.ioc.weaver.DefaultWeaver.fill(DefaultWeaver.java:56)
	at org.nutz.ioc.impl.ObjectMakerImpl.make(ObjectMakerImpl.java:136)
	at org.nutz.ioc.impl.NutIoc.get(NutIoc.java:210)
	at org.nutz.ioc.val.ReferValue.get(ReferValue.java:24)
	at org.nutz.ioc.impl.ObjectMakerImpl.make(ObjectMakerImpl.java:62)
	at org.nutz.ioc.impl.NutIoc.get(NutIoc.java:210)
	at org.nutz.ioc.impl.NutIoc.get(NutIoc.java:239)
	at org.nutz.dao.test.DaoCase.setUp(DaoCase.java:22)
	at sun.reflect.GeneratedMethodAccessor23.invoke(Unknown Source)
	at sun.reflect.DelegatingMethodAccessorImpl.invoke(DelegatingMethodAccessorImpl.java:43)
	at java.lang.reflect.Method.invoke(Method.java:498)
	at org.junit.runners.model.FrameworkMethod$1.runReflectiveCall(FrameworkMethod.java:44)
	at org.junit.internal.runners.model.ReflectiveCallable.run(ReflectiveCallable.java:15)
	at org.junit.runners.model.FrameworkMethod.invokeExplosively(FrameworkMethod.java:41)
	at org.junit.internal.runners.statements.RunBefores.evaluate(RunBefores.java:27)
	at org.junit.internal.runners.statements.RunAfters.evaluate(RunAfters.java:31)
	at org.junit.runners.BlockJUnit4ClassRunner.runNotIgnored(BlockJUnit4ClassRunner.java:79)
	at org.junit.runners.BlockJUnit4ClassRunner.runChild(BlockJUnit4ClassRunner.java:71)
	at org.junit.runners.BlockJUnit4ClassRunner.runChild(BlockJUnit4ClassRunner.java:49)
	at org.junit.runners.ParentRunner$3.run(ParentRunner.java:193)
	at org.junit.runners.ParentRunner$1.schedule(ParentRunner.java:52)
	at org.junit.runners.ParentRunner.runChildren(ParentRunner.java:191)
	at org.junit.runners.ParentRunner.access$000(ParentRunner.java:42)
	at org.junit.runners.ParentRunner$2.evaluate(ParentRunner.java:184)
	at org.junit.runners.ParentRunner.run(ParentRunner.java:236)
	at org.apache.maven.surefire.junit4.JUnit4Provider.execute(JUnit4Provider.java:283)
	at org.apache.maven.surefire.junit4.JUnit4Provider.executeWithRerun(JUnit4Provider.java:173)
	at org.apache.maven.surefire.junit4.JUnit4Provider.executeTestSet(JUnit4Provider.java:153)
	at org.apache.maven.surefire.junit4.JUnit4Provider.invoke(JUnit4Provider.java:128)
	at org.apache.maven.surefire.booter.ForkedBooter.invokeProviderInSameClassLoader(ForkedBooter.java:203)
	at org.apache.maven.surefire.booter.ForkedBooter.runSuitesInProcess(ForkedBooter.java:155)
	at org.apache.maven.surefire.booter.ForkedBooter.main(ForkedBooter.java:103)
Caused by: java.lang.RuntimeException: IocBean[config] fail at field=[paths]
	at org.nutz.ioc.weaver.FieldInjector.inject(FieldInjector.java:40)
	at org.nutz.ioc.weaver.DefaultWeaver.fill(DefaultWeaver.java:56)
	at org.nutz.ioc.impl.ObjectMakerImpl.make(ObjectMakerImpl.java:136)
	at org.nutz.ioc.impl.NutIoc.get(NutIoc.java:210)
	at org.nutz.ioc.impl.NutIoc.get(NutIoc.java:239)
	at org.nutz.ioc.java.IocObjectNode.getValue(IocObjectNode.java:19)
	at org.nutz.ioc.java.ChainNode.eval(ChainNode.java:24)
	at org.nutz.ioc.java.ChainNode.eval(ChainNode.java:19)
	at org.nutz.ioc.val.JavaValue.get(JavaValue.java:69)
	at org.nutz.ioc.weaver.FieldInjector.inject(FieldInjector.java:32)
	at org.nutz.ioc.weaver.DefaultWeaver.fill(DefaultWeaver.java:56)
	at org.nutz.ioc.impl.ObjectMakerImpl.make(ObjectMakerImpl.java:136)
	at org.nutz.ioc.impl.NutIoc.get(NutIoc.java:210)
	at org.nutz.ioc.val.ReferValue.get(ReferValue.java:24)
	at org.nutz.ioc.impl.ObjectMakerImpl.make(ObjectMakerImpl.java:62)
	at org.nutz.ioc.impl.NutIoc.get(NutIoc.java:210)
	at org.nutz.ioc.impl.NutIoc.get(NutIoc.java:239)
	at org.nutz.dao.test.DaoCase.setUp(DaoCase.java:22)
	at sun.reflect.GeneratedMethodAccessor23.invoke(Unknown Source)
	at sun.reflect.DelegatingMethodAccessorImpl.invoke(DelegatingMethodAccessorImpl.java:43)
	at java.lang.reflect.Method.invoke(Method.java:498)
	at org.junit.runners.model.FrameworkMethod$1.runReflectiveCall(FrameworkMethod.java:44)
	at org.junit.internal.runners.model.ReflectiveCallable.run(ReflectiveCallable.java:15)
	at org.junit.runners.model.FrameworkMethod.invokeExplosively(FrameworkMethod.java:41)
	at org.junit.internal.runners.statements.RunBefores.evaluate(RunBefores.java:27)
	at org.junit.internal.runners.statements.RunAfters.evaluate(RunAfters.java:31)
	at org.junit.runners.BlockJUnit4ClassRunner.runNotIgnored(BlockJUnit4ClassRunner.java:79)
	at org.junit.runners.BlockJUnit4ClassRunner.runChild(BlockJUnit4ClassRunner.java:71)
	at org.junit.runners.BlockJUnit4ClassRunner.runChild(BlockJUnit4ClassRunner.java:49)
	at org.junit.runners.ParentRunner$3.run(ParentRunner.java:193)
	at org.junit.runners.ParentRunner$1.schedule(ParentRunner.java:52)
	at org.junit.runners.ParentRunner.runChildren(ParentRunner.java:191)
	at org.junit.runners.ParentRunner.access$000(ParentRunner.java:42)
	at org.junit.runners.ParentRunner$2.evaluate(ParentRunner.java:184)
	at org.junit.runners.ParentRunner.run(ParentRunner.java:236)
	at org.apache.maven.surefire.junit4.JUnit4Provider.execute(JUnit4Provider.java:283)
	at org.apache.maven.surefire.junit4.JUnit4Provider.executeWithRerun(JUnit4Provider.java:173)
	at org.apache.maven.surefire.junit4.JUnit4Provider.executeTestSet(JUnit4Provider.java:153)
	at org.apache.maven.surefire.junit4.JUnit4Provider.invoke(JUnit4Provider.java:128)
	at org.apache.maven.surefire.booter.ForkedBooter.invokeProviderInSameClassLoader(ForkedBooter.java:203)
	at org.apache.maven.surefire.booter.ForkedBooter.runSuitesInProcess(ForkedBooter.java:155)
	at org.apache.maven.surefire.booter.ForkedBooter.main(ForkedBooter.java:103)
Caused by: java.lang.RuntimeException: Fail to set '[nutz-test.properties]'[ [Ljava.lang.String;@2ac519dc ] by setter org.nutz.ioc.impl.PropertiesProxy.'setPaths()' because [java.lang.RuntimeException: folder or file like '^.+[.]properties$' no found in nutz-test.properties]: folder or file like '^.+[.]properties$' no found in nutz-test.properties
	at org.nutz.lang.Lang.wrapThrow(Lang.java:167)
	at org.nutz.lang.inject.InjectBySetter.inject(InjectBySetter.java:62)
	at org.nutz.ioc.weaver.FieldInjector.inject(FieldInjector.java:33)
	at org.nutz.ioc.weaver.DefaultWeaver.fill(DefaultWeaver.java:56)
	at org.nutz.ioc.impl.ObjectMakerImpl.make(ObjectMakerImpl.java:136)
	at org.nutz.ioc.impl.NutIoc.get(NutIoc.java:210)
	at org.nutz.ioc.impl.NutIoc.get(NutIoc.java:239)
	at org.nutz.ioc.java.IocObjectNode.getValue(IocObjectNode.java:19)
	at org.nutz.ioc.java.ChainNode.eval(ChainNode.java:24)
	at org.nutz.ioc.java.ChainNode.eval(ChainNode.java:19)
	at org.nutz.ioc.val.JavaValue.get(JavaValue.java:69)
	at org.nutz.ioc.weaver.FieldInjector.inject(FieldInjector.java:32)
	at org.nutz.ioc.weaver.DefaultWeaver.fill(DefaultWeaver.java:56)
	at org.nutz.ioc.impl.ObjectMakerImpl.make(ObjectMakerImpl.java:136)
	at org.nutz.ioc.impl.NutIoc.get(NutIoc.java:210)
	at org.nutz.ioc.val.ReferValue.get(ReferValue.java:24)
	at org.nutz.ioc.impl.ObjectMakerImpl.make(ObjectMakerImpl.java:62)
	at org.nutz.ioc.impl.NutIoc.get(NutIoc.java:210)
	at org.nutz.ioc.impl.NutIoc.get(NutIoc.java:239)
	at org.nutz.dao.test.DaoCase.setUp(DaoCase.java:22)
	at sun.reflect.GeneratedMethodAccessor23.invoke(Unknown Source)
	at sun.reflect.DelegatingMethodAccessorImpl.invoke(DelegatingMethodAccessorImpl.java:43)
	at java.lang.reflect.Method.invoke(Method.java:498)
	at org.junit.runners.model.FrameworkMethod$1.runReflectiveCall(FrameworkMethod.java:44)
	at org.junit.internal.runners.model.ReflectiveCallable.run(ReflectiveCallable.java:15)
	at org.junit.runners.model.FrameworkMethod.invokeExplosively(FrameworkMethod.java:41)
	at org.junit.internal.runners.statements.RunBefores.evaluate(RunBefores.java:27)
	at org.junit.internal.runners.statements.RunAfters.evaluate(RunAfters.java:31)
	at org.junit.runners.BlockJUnit4ClassRunner.runNotIgnored(BlockJUnit4ClassRunner.java:79)
	at org.junit.runners.BlockJUnit4ClassRunner.runChild(BlockJUnit4ClassRunner.java:71)
	at org.junit.runners.BlockJUnit4ClassRunner.runChild(BlockJUnit4ClassRunner.java:49)
	at org.junit.runners.ParentRunner$3.run(ParentRunner.java:193)
	at org.junit.runners.ParentRunner$1.schedule(ParentRunner.java:52)
	at org.junit.runners.ParentRunner.runChildren(ParentRunner.java:191)
	at org.junit.runners.ParentRunner.access$000(ParentRunner.java:42)
	at org.junit.runners.ParentRunner$2.evaluate(ParentRunner.java:184)
	at org.junit.runners.ParentRunner.run(ParentRunner.java:236)
	at org.apache.maven.surefire.junit4.JUnit4Provider.execute(JUnit4Provider.java:283)
	at org.apache.maven.surefire.junit4.JUnit4Provider.executeWithRerun(JUnit4Provider.java:173)
	at org.apache.maven.surefire.junit4.JUnit4Provider.executeTestSet(JUnit4Provider.java:153)
	at org.apache.maven.surefire.junit4.JUnit4Provider.invoke(JUnit4Provider.java:128)
	at org.apache.maven.surefire.booter.ForkedBooter.invokeProviderInSameClassLoader(ForkedBooter.java:203)
	at org.apache.maven.surefire.booter.ForkedBooter.runSuitesInProcess(ForkedBooter.java:155)
	at org.apache.maven.surefire.booter.ForkedBooter.main(ForkedBooter.java:103)
Caused by: java.lang.RuntimeException: folder or file like '^.+[.]properties$' no found in nutz-test.properties
	at org.nutz.lang.Lang.makeThrow(Lang.java:151)
	at org.nutz.resource.Scans.loadResource(Scans.java:112)
	at org.nutz.ioc.impl.PropertiesProxy.getResources(PropertiesProxy.java:153)
	at org.nutz.ioc.impl.PropertiesProxy.setPaths(PropertiesProxy.java:109)
	at org.nutz.ioc.impl.PropertiesProxy$FM$setPaths$d0275b2b871e237a38f11859247d1599.invoke(PropertiesProxy.java)
	at org.nutz.lang.inject.InjectBySetter.inject(InjectBySetter.java:51)
	at org.nutz.ioc.weaver.FieldInjector.inject(FieldInjector.java:33)
	at org.nutz.ioc.weaver.DefaultWeaver.fill(DefaultWeaver.java:56)
	at org.nutz.ioc.impl.ObjectMakerImpl.make(ObjectMakerImpl.java:136)
	at org.nutz.ioc.impl.NutIoc.get(NutIoc.java:210)
	at org.nutz.ioc.impl.NutIoc.get(NutIoc.java:239)
	at org.nutz.ioc.java.IocObjectNode.getValue(IocObjectNode.java:19)
	at org.nutz.ioc.java.ChainNode.eval(ChainNode.java:24)
	at org.nutz.ioc.java.ChainNode.eval(ChainNode.java:19)
	at org.nutz.ioc.val.JavaValue.get(JavaValue.java:69)
	at org.nutz.ioc.weaver.FieldInjector.inject(FieldInjector.java:32)
	at org.nutz.ioc.weaver.DefaultWeaver.fill(DefaultWeaver.java:56)
	at org.nutz.ioc.impl.ObjectMakerImpl.make(ObjectMakerImpl.java:136)
	at org.nutz.ioc.impl.NutIoc.get(NutIoc.java:210)
	at org.nutz.ioc.val.ReferValue.get(ReferValue.java:24)
	at org.nutz.ioc.impl.ObjectMakerImpl.make(ObjectMakerImpl.java:62)
	at org.nutz.ioc.impl.NutIoc.get(NutIoc.java:210)
	at org.nutz.ioc.impl.NutIoc.get(NutIoc.java:239)
	at org.nutz.dao.test.DaoCase.setUp(DaoCase.java:22)
	at sun.reflect.GeneratedMethodAccessor23.invoke(Unknown Source)
	at sun.reflect.DelegatingMethodAccessorImpl.invoke(DelegatingMethodAccessorImpl.java:43)
	at java.lang.reflect.Method.invoke(Method.java:498)
	at org.junit.runners.model.FrameworkMethod$1.runReflectiveCall(FrameworkMethod.java:44)
	at org.junit.internal.runners.model.ReflectiveCallable.run(ReflectiveCallable.java:15)
	at org.junit.runners.model.FrameworkMethod.invokeExplosively(FrameworkMethod.java:41)
	at org.junit.internal.runners.statements.RunBefores.evaluate(RunBefores.java:27)
	at org.junit.internal.runners.statements.RunAfters.evaluate(RunAfters.java:31)
	at org.junit.runners.BlockJUnit4ClassRunner.runNotIgnored(BlockJUnit4ClassRunner.java:79)
	at org.junit.runners.BlockJUnit4ClassRunner.runChild(BlockJUnit4ClassRunner.java:71)
	at org.junit.runners.BlockJUnit4ClassRunner.runChild(BlockJUnit4ClassRunner.java:49)
	at org.junit.runners.ParentRunner$3.run(ParentRunner.java:193)
	at org.junit.runners.ParentRunner$1.schedule(ParentRunner.java:52)
	at org.junit.runners.ParentRunner.runChildren(ParentRunner.java:191)
	at org.junit.runners.ParentRunner.access$000(ParentRunner.java:42)
	at org.junit.runners.ParentRunner$2.evaluate(ParentRunner.java:184)
	at org.junit.runners.ParentRunner.run(ParentRunner.java:236)
	at org.apache.maven.surefire.junit4.JUnit4Provider.execute(JUnit4Provider.java:283)
	at org.apache.maven.surefire.junit4.JUnit4Provider.executeWithRerun(JUnit4Provider.java:173)
	at org.apache.maven.surefire.junit4.JUnit4Provider.executeTestSet(JUnit4Provider.java:153)
	at org.apache.maven.surefire.junit4.JUnit4Provider.invoke(JUnit4Provider.java:128)
	at org.apache.maven.surefire.booter.ForkedBooter.invokeProviderInSameClassLoader(ForkedBooter.java:203)
	at org.apache.maven.surefire.booter.ForkedBooter.runSuitesInProcess(ForkedBooter.java:155)
	at org.apache.maven.surefire.booter.ForkedBooter.main(ForkedBooter.java:103)
</error>
  </testcase>
  <testcase name="query_by_like_ignorecase" classname="org.nutz.dao.test.normal.QueryTest" time="0">
    <error message="IocBean[dao -&gt; dataSource] throw Exception when creating" type="org.nutz.ioc.IocException">org.nutz.ioc.IocException: IocBean[dao -> dataSource] throw Exception when creating
	at org.nutz.ioc.impl.ObjectMakerImpl.make(ObjectMakerImpl.java:150)
	at org.nutz.ioc.impl.NutIoc.get(NutIoc.java:210)
	at org.nutz.ioc.val.ReferValue.get(ReferValue.java:24)
	at org.nutz.ioc.impl.ObjectMakerImpl.make(ObjectMakerImpl.java:62)
	at org.nutz.ioc.impl.NutIoc.get(NutIoc.java:210)
	at org.nutz.ioc.impl.NutIoc.get(NutIoc.java:239)
	at org.nutz.dao.test.DaoCase.setUp(DaoCase.java:22)
	at sun.reflect.GeneratedMethodAccessor23.invoke(Unknown Source)
	at sun.reflect.DelegatingMethodAccessorImpl.invoke(DelegatingMethodAccessorImpl.java:43)
	at java.lang.reflect.Method.invoke(Method.java:498)
	at org.junit.runners.model.FrameworkMethod$1.runReflectiveCall(FrameworkMethod.java:44)
	at org.junit.internal.runners.model.ReflectiveCallable.run(ReflectiveCallable.java:15)
	at org.junit.runners.model.FrameworkMethod.invokeExplosively(FrameworkMethod.java:41)
	at org.junit.internal.runners.statements.RunBefores.evaluate(RunBefores.java:27)
	at org.junit.internal.runners.statements.RunAfters.evaluate(RunAfters.java:31)
	at org.junit.runners.BlockJUnit4ClassRunner.runNotIgnored(BlockJUnit4ClassRunner.java:79)
	at org.junit.runners.BlockJUnit4ClassRunner.runChild(BlockJUnit4ClassRunner.java:71)
	at org.junit.runners.BlockJUnit4ClassRunner.runChild(BlockJUnit4ClassRunner.java:49)
	at org.junit.runners.ParentRunner$3.run(ParentRunner.java:193)
	at org.junit.runners.ParentRunner$1.schedule(ParentRunner.java:52)
	at org.junit.runners.ParentRunner.runChildren(ParentRunner.java:191)
	at org.junit.runners.ParentRunner.access$000(ParentRunner.java:42)
	at org.junit.runners.ParentRunner$2.evaluate(ParentRunner.java:184)
	at org.junit.runners.ParentRunner.run(ParentRunner.java:236)
	at org.apache.maven.surefire.junit4.JUnit4Provider.execute(JUnit4Provider.java:283)
	at org.apache.maven.surefire.junit4.JUnit4Provider.executeWithRerun(JUnit4Provider.java:173)
	at org.apache.maven.surefire.junit4.JUnit4Provider.executeTestSet(JUnit4Provider.java:153)
	at org.apache.maven.surefire.junit4.JUnit4Provider.invoke(JUnit4Provider.java:128)
	at org.apache.maven.surefire.booter.ForkedBooter.invokeProviderInSameClassLoader(ForkedBooter.java:203)
	at org.apache.maven.surefire.booter.ForkedBooter.runSuitesInProcess(ForkedBooter.java:155)
	at org.apache.maven.surefire.booter.ForkedBooter.main(ForkedBooter.java:103)
Caused by: java.lang.RuntimeException: IocBean[dataSource] fail at field=[driverClassName]
	at org.nutz.ioc.weaver.FieldInjector.inject(FieldInjector.java:40)
	at org.nutz.ioc.weaver.DefaultWeaver.fill(DefaultWeaver.java:56)
	at org.nutz.ioc.impl.ObjectMakerImpl.make(ObjectMakerImpl.java:136)
	at org.nutz.ioc.impl.NutIoc.get(NutIoc.java:210)
	at org.nutz.ioc.val.ReferValue.get(ReferValue.java:24)
	at org.nutz.ioc.impl.ObjectMakerImpl.make(ObjectMakerImpl.java:62)
	at org.nutz.ioc.impl.NutIoc.get(NutIoc.java:210)
	at org.nutz.ioc.impl.NutIoc.get(NutIoc.java:239)
	at org.nutz.dao.test.DaoCase.setUp(DaoCase.java:22)
	at sun.reflect.GeneratedMethodAccessor23.invoke(Unknown Source)
	at sun.reflect.DelegatingMethodAccessorImpl.invoke(DelegatingMethodAccessorImpl.java:43)
	at java.lang.reflect.Method.invoke(Method.java:498)
	at org.junit.runners.model.FrameworkMethod$1.runReflectiveCall(FrameworkMethod.java:44)
	at org.junit.internal.runners.model.ReflectiveCallable.run(ReflectiveCallable.java:15)
	at org.junit.runners.model.FrameworkMethod.invokeExplosively(FrameworkMethod.java:41)
	at org.junit.internal.runners.statements.RunBefores.evaluate(RunBefores.java:27)
	at org.junit.internal.runners.statements.RunAfters.evaluate(RunAfters.java:31)
	at org.junit.runners.BlockJUnit4ClassRunner.runNotIgnored(BlockJUnit4ClassRunner.java:79)
	at org.junit.runners.BlockJUnit4ClassRunner.runChild(BlockJUnit4ClassRunner.java:71)
	at org.junit.runners.BlockJUnit4ClassRunner.runChild(BlockJUnit4ClassRunner.java:49)
	at org.junit.runners.ParentRunner$3.run(ParentRunner.java:193)
	at org.junit.runners.ParentRunner$1.schedule(ParentRunner.java:52)
	at org.junit.runners.ParentRunner.runChildren(ParentRunner.java:191)
	at org.junit.runners.ParentRunner.access$000(ParentRunner.java:42)
	at org.junit.runners.ParentRunner$2.evaluate(ParentRunner.java:184)
	at org.junit.runners.ParentRunner.run(ParentRunner.java:236)
	at org.apache.maven.surefire.junit4.JUnit4Provider.execute(JUnit4Provider.java:283)
	at org.apache.maven.surefire.junit4.JUnit4Provider.executeWithRerun(JUnit4Provider.java:173)
	at org.apache.maven.surefire.junit4.JUnit4Provider.executeTestSet(JUnit4Provider.java:153)
	at org.apache.maven.surefire.junit4.JUnit4Provider.invoke(JUnit4Provider.java:128)
	at org.apache.maven.surefire.booter.ForkedBooter.invokeProviderInSameClassLoader(ForkedBooter.java:203)
	at org.apache.maven.surefire.booter.ForkedBooter.runSuitesInProcess(ForkedBooter.java:155)
	at org.apache.maven.surefire.booter.ForkedBooter.main(ForkedBooter.java:103)
Caused by: org.nutz.ioc.IocException: IocBean[config] throw Exception when creating
	at org.nutz.ioc.impl.ObjectMakerImpl.make(ObjectMakerImpl.java:150)
	at org.nutz.ioc.impl.NutIoc.get(NutIoc.java:210)
	at org.nutz.ioc.impl.NutIoc.get(NutIoc.java:239)
	at org.nutz.ioc.java.IocObjectNode.getValue(IocObjectNode.java:19)
	at org.nutz.ioc.java.ChainNode.eval(ChainNode.java:24)
	at org.nutz.ioc.java.ChainNode.eval(ChainNode.java:19)
	at org.nutz.ioc.val.JavaValue.get(JavaValue.java:69)
	at org.nutz.ioc.weaver.FieldInjector.inject(FieldInjector.java:32)
	at org.nutz.ioc.weaver.DefaultWeaver.fill(DefaultWeaver.java:56)
	at org.nutz.ioc.impl.ObjectMakerImpl.make(ObjectMakerImpl.java:136)
	at org.nutz.ioc.impl.NutIoc.get(NutIoc.java:210)
	at org.nutz.ioc.val.ReferValue.get(ReferValue.java:24)
	at org.nutz.ioc.impl.ObjectMakerImpl.make(ObjectMakerImpl.java:62)
	at org.nutz.ioc.impl.NutIoc.get(NutIoc.java:210)
	at org.nutz.ioc.impl.NutIoc.get(NutIoc.java:239)
	at org.nutz.dao.test.DaoCase.setUp(DaoCase.java:22)
	at sun.reflect.GeneratedMethodAccessor23.invoke(Unknown Source)
	at sun.reflect.DelegatingMethodAccessorImpl.invoke(DelegatingMethodAccessorImpl.java:43)
	at java.lang.reflect.Method.invoke(Method.java:498)
	at org.junit.runners.model.FrameworkMethod$1.runReflectiveCall(FrameworkMethod.java:44)
	at org.junit.internal.runners.model.ReflectiveCallable.run(ReflectiveCallable.java:15)
	at org.junit.runners.model.FrameworkMethod.invokeExplosively(FrameworkMethod.java:41)
	at org.junit.internal.runners.statements.RunBefores.evaluate(RunBefores.java:27)
	at org.junit.internal.runners.statements.RunAfters.evaluate(RunAfters.java:31)
	at org.junit.runners.BlockJUnit4ClassRunner.runNotIgnored(BlockJUnit4ClassRunner.java:79)
	at org.junit.runners.BlockJUnit4ClassRunner.runChild(BlockJUnit4ClassRunner.java:71)
	at org.junit.runners.BlockJUnit4ClassRunner.runChild(BlockJUnit4ClassRunner.java:49)
	at org.junit.runners.ParentRunner$3.run(ParentRunner.java:193)
	at org.junit.runners.ParentRunner$1.schedule(ParentRunner.java:52)
	at org.junit.runners.ParentRunner.runChildren(ParentRunner.java:191)
	at org.junit.runners.ParentRunner.access$000(ParentRunner.java:42)
	at org.junit.runners.ParentRunner$2.evaluate(ParentRunner.java:184)
	at org.junit.runners.ParentRunner.run(ParentRunner.java:236)
	at org.apache.maven.surefire.junit4.JUnit4Provider.execute(JUnit4Provider.java:283)
	at org.apache.maven.surefire.junit4.JUnit4Provider.executeWithRerun(JUnit4Provider.java:173)
	at org.apache.maven.surefire.junit4.JUnit4Provider.executeTestSet(JUnit4Provider.java:153)
	at org.apache.maven.surefire.junit4.JUnit4Provider.invoke(JUnit4Provider.java:128)
	at org.apache.maven.surefire.booter.ForkedBooter.invokeProviderInSameClassLoader(ForkedBooter.java:203)
	at org.apache.maven.surefire.booter.ForkedBooter.runSuitesInProcess(ForkedBooter.java:155)
	at org.apache.maven.surefire.booter.ForkedBooter.main(ForkedBooter.java:103)
Caused by: java.lang.RuntimeException: IocBean[config] fail at field=[paths]
	at org.nutz.ioc.weaver.FieldInjector.inject(FieldInjector.java:40)
	at org.nutz.ioc.weaver.DefaultWeaver.fill(DefaultWeaver.java:56)
	at org.nutz.ioc.impl.ObjectMakerImpl.make(ObjectMakerImpl.java:136)
	at org.nutz.ioc.impl.NutIoc.get(NutIoc.java:210)
	at org.nutz.ioc.impl.NutIoc.get(NutIoc.java:239)
	at org.nutz.ioc.java.IocObjectNode.getValue(IocObjectNode.java:19)
	at org.nutz.ioc.java.ChainNode.eval(ChainNode.java:24)
	at org.nutz.ioc.java.ChainNode.eval(ChainNode.java:19)
	at org.nutz.ioc.val.JavaValue.get(JavaValue.java:69)
	at org.nutz.ioc.weaver.FieldInjector.inject(FieldInjector.java:32)
	at org.nutz.ioc.weaver.DefaultWeaver.fill(DefaultWeaver.java:56)
	at org.nutz.ioc.impl.ObjectMakerImpl.make(ObjectMakerImpl.java:136)
	at org.nutz.ioc.impl.NutIoc.get(NutIoc.java:210)
	at org.nutz.ioc.val.ReferValue.get(ReferValue.java:24)
	at org.nutz.ioc.impl.ObjectMakerImpl.make(ObjectMakerImpl.java:62)
	at org.nutz.ioc.impl.NutIoc.get(NutIoc.java:210)
	at org.nutz.ioc.impl.NutIoc.get(NutIoc.java:239)
	at org.nutz.dao.test.DaoCase.setUp(DaoCase.java:22)
	at sun.reflect.GeneratedMethodAccessor23.invoke(Unknown Source)
	at sun.reflect.DelegatingMethodAccessorImpl.invoke(DelegatingMethodAccessorImpl.java:43)
	at java.lang.reflect.Method.invoke(Method.java:498)
	at org.junit.runners.model.FrameworkMethod$1.runReflectiveCall(FrameworkMethod.java:44)
	at org.junit.internal.runners.model.ReflectiveCallable.run(ReflectiveCallable.java:15)
	at org.junit.runners.model.FrameworkMethod.invokeExplosively(FrameworkMethod.java:41)
	at org.junit.internal.runners.statements.RunBefores.evaluate(RunBefores.java:27)
	at org.junit.internal.runners.statements.RunAfters.evaluate(RunAfters.java:31)
	at org.junit.runners.BlockJUnit4ClassRunner.runNotIgnored(BlockJUnit4ClassRunner.java:79)
	at org.junit.runners.BlockJUnit4ClassRunner.runChild(BlockJUnit4ClassRunner.java:71)
	at org.junit.runners.BlockJUnit4ClassRunner.runChild(BlockJUnit4ClassRunner.java:49)
	at org.junit.runners.ParentRunner$3.run(ParentRunner.java:193)
	at org.junit.runners.ParentRunner$1.schedule(ParentRunner.java:52)
	at org.junit.runners.ParentRunner.runChildren(ParentRunner.java:191)
	at org.junit.runners.ParentRunner.access$000(ParentRunner.java:42)
	at org.junit.runners.ParentRunner$2.evaluate(ParentRunner.java:184)
	at org.junit.runners.ParentRunner.run(ParentRunner.java:236)
	at org.apache.maven.surefire.junit4.JUnit4Provider.execute(JUnit4Provider.java:283)
	at org.apache.maven.surefire.junit4.JUnit4Provider.executeWithRerun(JUnit4Provider.java:173)
	at org.apache.maven.surefire.junit4.JUnit4Provider.executeTestSet(JUnit4Provider.java:153)
	at org.apache.maven.surefire.junit4.JUnit4Provider.invoke(JUnit4Provider.java:128)
	at org.apache.maven.surefire.booter.ForkedBooter.invokeProviderInSameClassLoader(ForkedBooter.java:203)
	at org.apache.maven.surefire.booter.ForkedBooter.runSuitesInProcess(ForkedBooter.java:155)
	at org.apache.maven.surefire.booter.ForkedBooter.main(ForkedBooter.java:103)
Caused by: java.lang.RuntimeException: Fail to set '[nutz-test.properties]'[ [Ljava.lang.String;@3d53e6f7 ] by setter org.nutz.ioc.impl.PropertiesProxy.'setPaths()' because [java.lang.RuntimeException: folder or file like '^.+[.]properties$' no found in nutz-test.properties]: folder or file like '^.+[.]properties$' no found in nutz-test.properties
	at org.nutz.lang.Lang.wrapThrow(Lang.java:167)
	at org.nutz.lang.inject.InjectBySetter.inject(InjectBySetter.java:62)
	at org.nutz.ioc.weaver.FieldInjector.inject(FieldInjector.java:33)
	at org.nutz.ioc.weaver.DefaultWeaver.fill(DefaultWeaver.java:56)
	at org.nutz.ioc.impl.ObjectMakerImpl.make(ObjectMakerImpl.java:136)
	at org.nutz.ioc.impl.NutIoc.get(NutIoc.java:210)
	at org.nutz.ioc.impl.NutIoc.get(NutIoc.java:239)
	at org.nutz.ioc.java.IocObjectNode.getValue(IocObjectNode.java:19)
	at org.nutz.ioc.java.ChainNode.eval(ChainNode.java:24)
	at org.nutz.ioc.java.ChainNode.eval(ChainNode.java:19)
	at org.nutz.ioc.val.JavaValue.get(JavaValue.java:69)
	at org.nutz.ioc.weaver.FieldInjector.inject(FieldInjector.java:32)
	at org.nutz.ioc.weaver.DefaultWeaver.fill(DefaultWeaver.java:56)
	at org.nutz.ioc.impl.ObjectMakerImpl.make(ObjectMakerImpl.java:136)
	at org.nutz.ioc.impl.NutIoc.get(NutIoc.java:210)
	at org.nutz.ioc.val.ReferValue.get(ReferValue.java:24)
	at org.nutz.ioc.impl.ObjectMakerImpl.make(ObjectMakerImpl.java:62)
	at org.nutz.ioc.impl.NutIoc.get(NutIoc.java:210)
	at org.nutz.ioc.impl.NutIoc.get(NutIoc.java:239)
	at org.nutz.dao.test.DaoCase.setUp(DaoCase.java:22)
	at sun.reflect.GeneratedMethodAccessor23.invoke(Unknown Source)
	at sun.reflect.DelegatingMethodAccessorImpl.invoke(DelegatingMethodAccessorImpl.java:43)
	at java.lang.reflect.Method.invoke(Method.java:498)
	at org.junit.runners.model.FrameworkMethod$1.runReflectiveCall(FrameworkMethod.java:44)
	at org.junit.internal.runners.model.ReflectiveCallable.run(ReflectiveCallable.java:15)
	at org.junit.runners.model.FrameworkMethod.invokeExplosively(FrameworkMethod.java:41)
	at org.junit.internal.runners.statements.RunBefores.evaluate(RunBefores.java:27)
	at org.junit.internal.runners.statements.RunAfters.evaluate(RunAfters.java:31)
	at org.junit.runners.BlockJUnit4ClassRunner.runNotIgnored(BlockJUnit4ClassRunner.java:79)
	at org.junit.runners.BlockJUnit4ClassRunner.runChild(BlockJUnit4ClassRunner.java:71)
	at org.junit.runners.BlockJUnit4ClassRunner.runChild(BlockJUnit4ClassRunner.java:49)
	at org.junit.runners.ParentRunner$3.run(ParentRunner.java:193)
	at org.junit.runners.ParentRunner$1.schedule(ParentRunner.java:52)
	at org.junit.runners.ParentRunner.runChildren(ParentRunner.java:191)
	at org.junit.runners.ParentRunner.access$000(ParentRunner.java:42)
	at org.junit.runners.ParentRunner$2.evaluate(ParentRunner.java:184)
	at org.junit.runners.ParentRunner.run(ParentRunner.java:236)
	at org.apache.maven.surefire.junit4.JUnit4Provider.execute(JUnit4Provider.java:283)
	at org.apache.maven.surefire.junit4.JUnit4Provider.executeWithRerun(JUnit4Provider.java:173)
	at org.apache.maven.surefire.junit4.JUnit4Provider.executeTestSet(JUnit4Provider.java:153)
	at org.apache.maven.surefire.junit4.JUnit4Provider.invoke(JUnit4Provider.java:128)
	at org.apache.maven.surefire.booter.ForkedBooter.invokeProviderInSameClassLoader(ForkedBooter.java:203)
	at org.apache.maven.surefire.booter.ForkedBooter.runSuitesInProcess(ForkedBooter.java:155)
	at org.apache.maven.surefire.booter.ForkedBooter.main(ForkedBooter.java:103)
Caused by: java.lang.RuntimeException: folder or file like '^.+[.]properties$' no found in nutz-test.properties
	at org.nutz.lang.Lang.makeThrow(Lang.java:151)
	at org.nutz.resource.Scans.loadResource(Scans.java:112)
	at org.nutz.ioc.impl.PropertiesProxy.getResources(PropertiesProxy.java:153)
	at org.nutz.ioc.impl.PropertiesProxy.setPaths(PropertiesProxy.java:109)
	at org.nutz.ioc.impl.PropertiesProxy$FM$setPaths$d0275b2b871e237a38f11859247d1599.invoke(PropertiesProxy.java)
	at org.nutz.lang.inject.InjectBySetter.inject(InjectBySetter.java:51)
	at org.nutz.ioc.weaver.FieldInjector.inject(FieldInjector.java:33)
	at org.nutz.ioc.weaver.DefaultWeaver.fill(DefaultWeaver.java:56)
	at org.nutz.ioc.impl.ObjectMakerImpl.make(ObjectMakerImpl.java:136)
	at org.nutz.ioc.impl.NutIoc.get(NutIoc.java:210)
	at org.nutz.ioc.impl.NutIoc.get(NutIoc.java:239)
	at org.nutz.ioc.java.IocObjectNode.getValue(IocObjectNode.java:19)
	at org.nutz.ioc.java.ChainNode.eval(ChainNode.java:24)
	at org.nutz.ioc.java.ChainNode.eval(ChainNode.java:19)
	at org.nutz.ioc.val.JavaValue.get(JavaValue.java:69)
	at org.nutz.ioc.weaver.FieldInjector.inject(FieldInjector.java:32)
	at org.nutz.ioc.weaver.DefaultWeaver.fill(DefaultWeaver.java:56)
	at org.nutz.ioc.impl.ObjectMakerImpl.make(ObjectMakerImpl.java:136)
	at org.nutz.ioc.impl.NutIoc.get(NutIoc.java:210)
	at org.nutz.ioc.val.ReferValue.get(ReferValue.java:24)
	at org.nutz.ioc.impl.ObjectMakerImpl.make(ObjectMakerImpl.java:62)
	at org.nutz.ioc.impl.NutIoc.get(NutIoc.java:210)
	at org.nutz.ioc.impl.NutIoc.get(NutIoc.java:239)
	at org.nutz.dao.test.DaoCase.setUp(DaoCase.java:22)
	at sun.reflect.GeneratedMethodAccessor23.invoke(Unknown Source)
	at sun.reflect.DelegatingMethodAccessorImpl.invoke(DelegatingMethodAccessorImpl.java:43)
	at java.lang.reflect.Method.invoke(Method.java:498)
	at org.junit.runners.model.FrameworkMethod$1.runReflectiveCall(FrameworkMethod.java:44)
	at org.junit.internal.runners.model.ReflectiveCallable.run(ReflectiveCallable.java:15)
	at org.junit.runners.model.FrameworkMethod.invokeExplosively(FrameworkMethod.java:41)
	at org.junit.internal.runners.statements.RunBefores.evaluate(RunBefores.java:27)
	at org.junit.internal.runners.statements.RunAfters.evaluate(RunAfters.java:31)
	at org.junit.runners.BlockJUnit4ClassRunner.runNotIgnored(BlockJUnit4ClassRunner.java:79)
	at org.junit.runners.BlockJUnit4ClassRunner.runChild(BlockJUnit4ClassRunner.java:71)
	at org.junit.runners.BlockJUnit4ClassRunner.runChild(BlockJUnit4ClassRunner.java:49)
	at org.junit.runners.ParentRunner$3.run(ParentRunner.java:193)
	at org.junit.runners.ParentRunner$1.schedule(ParentRunner.java:52)
	at org.junit.runners.ParentRunner.runChildren(ParentRunner.java:191)
	at org.junit.runners.ParentRunner.access$000(ParentRunner.java:42)
	at org.junit.runners.ParentRunner$2.evaluate(ParentRunner.java:184)
	at org.junit.runners.ParentRunner.run(ParentRunner.java:236)
	at org.apache.maven.surefire.junit4.JUnit4Provider.execute(JUnit4Provider.java:283)
	at org.apache.maven.surefire.junit4.JUnit4Provider.executeWithRerun(JUnit4Provider.java:173)
	at org.apache.maven.surefire.junit4.JUnit4Provider.executeTestSet(JUnit4Provider.java:153)
	at org.apache.maven.surefire.junit4.JUnit4Provider.invoke(JUnit4Provider.java:128)
	at org.apache.maven.surefire.booter.ForkedBooter.invokeProviderInSameClassLoader(ForkedBooter.java:203)
	at org.apache.maven.surefire.booter.ForkedBooter.runSuitesInProcess(ForkedBooter.java:155)
	at org.apache.maven.surefire.booter.ForkedBooter.main(ForkedBooter.java:103)
</error>
  </testcase>
  <testcase name="fetch_by_name" classname="org.nutz.dao.test.normal.QueryTest" time="0">
    <error message="IocBean[dao -&gt; dataSource] throw Exception when creating" type="org.nutz.ioc.IocException">org.nutz.ioc.IocException: IocBean[dao -> dataSource] throw Exception when creating
	at org.nutz.ioc.impl.ObjectMakerImpl.make(ObjectMakerImpl.java:150)
	at org.nutz.ioc.impl.NutIoc.get(NutIoc.java:210)
	at org.nutz.ioc.val.ReferValue.get(ReferValue.java:24)
	at org.nutz.ioc.impl.ObjectMakerImpl.make(ObjectMakerImpl.java:62)
	at org.nutz.ioc.impl.NutIoc.get(NutIoc.java:210)
	at org.nutz.ioc.impl.NutIoc.get(NutIoc.java:239)
	at org.nutz.dao.test.DaoCase.setUp(DaoCase.java:22)
	at sun.reflect.GeneratedMethodAccessor23.invoke(Unknown Source)
	at sun.reflect.DelegatingMethodAccessorImpl.invoke(DelegatingMethodAccessorImpl.java:43)
	at java.lang.reflect.Method.invoke(Method.java:498)
	at org.junit.runners.model.FrameworkMethod$1.runReflectiveCall(FrameworkMethod.java:44)
	at org.junit.internal.runners.model.ReflectiveCallable.run(ReflectiveCallable.java:15)
	at org.junit.runners.model.FrameworkMethod.invokeExplosively(FrameworkMethod.java:41)
	at org.junit.internal.runners.statements.RunBefores.evaluate(RunBefores.java:27)
	at org.junit.internal.runners.statements.RunAfters.evaluate(RunAfters.java:31)
	at org.junit.runners.BlockJUnit4ClassRunner.runNotIgnored(BlockJUnit4ClassRunner.java:79)
	at org.junit.runners.BlockJUnit4ClassRunner.runChild(BlockJUnit4ClassRunner.java:71)
	at org.junit.runners.BlockJUnit4ClassRunner.runChild(BlockJUnit4ClassRunner.java:49)
	at org.junit.runners.ParentRunner$3.run(ParentRunner.java:193)
	at org.junit.runners.ParentRunner$1.schedule(ParentRunner.java:52)
	at org.junit.runners.ParentRunner.runChildren(ParentRunner.java:191)
	at org.junit.runners.ParentRunner.access$000(ParentRunner.java:42)
	at org.junit.runners.ParentRunner$2.evaluate(ParentRunner.java:184)
	at org.junit.runners.ParentRunner.run(ParentRunner.java:236)
	at org.apache.maven.surefire.junit4.JUnit4Provider.execute(JUnit4Provider.java:283)
	at org.apache.maven.surefire.junit4.JUnit4Provider.executeWithRerun(JUnit4Provider.java:173)
	at org.apache.maven.surefire.junit4.JUnit4Provider.executeTestSet(JUnit4Provider.java:153)
	at org.apache.maven.surefire.junit4.JUnit4Provider.invoke(JUnit4Provider.java:128)
	at org.apache.maven.surefire.booter.ForkedBooter.invokeProviderInSameClassLoader(ForkedBooter.java:203)
	at org.apache.maven.surefire.booter.ForkedBooter.runSuitesInProcess(ForkedBooter.java:155)
	at org.apache.maven.surefire.booter.ForkedBooter.main(ForkedBooter.java:103)
Caused by: java.lang.RuntimeException: IocBean[dataSource] fail at field=[driverClassName]
	at org.nutz.ioc.weaver.FieldInjector.inject(FieldInjector.java:40)
	at org.nutz.ioc.weaver.DefaultWeaver.fill(DefaultWeaver.java:56)
	at org.nutz.ioc.impl.ObjectMakerImpl.make(ObjectMakerImpl.java:136)
	at org.nutz.ioc.impl.NutIoc.get(NutIoc.java:210)
	at org.nutz.ioc.val.ReferValue.get(ReferValue.java:24)
	at org.nutz.ioc.impl.ObjectMakerImpl.make(ObjectMakerImpl.java:62)
	at org.nutz.ioc.impl.NutIoc.get(NutIoc.java:210)
	at org.nutz.ioc.impl.NutIoc.get(NutIoc.java:239)
	at org.nutz.dao.test.DaoCase.setUp(DaoCase.java:22)
	at sun.reflect.GeneratedMethodAccessor23.invoke(Unknown Source)
	at sun.reflect.DelegatingMethodAccessorImpl.invoke(DelegatingMethodAccessorImpl.java:43)
	at java.lang.reflect.Method.invoke(Method.java:498)
	at org.junit.runners.model.FrameworkMethod$1.runReflectiveCall(FrameworkMethod.java:44)
	at org.junit.internal.runners.model.ReflectiveCallable.run(ReflectiveCallable.java:15)
	at org.junit.runners.model.FrameworkMethod.invokeExplosively(FrameworkMethod.java:41)
	at org.junit.internal.runners.statements.RunBefores.evaluate(RunBefores.java:27)
	at org.junit.internal.runners.statements.RunAfters.evaluate(RunAfters.java:31)
	at org.junit.runners.BlockJUnit4ClassRunner.runNotIgnored(BlockJUnit4ClassRunner.java:79)
	at org.junit.runners.BlockJUnit4ClassRunner.runChild(BlockJUnit4ClassRunner.java:71)
	at org.junit.runners.BlockJUnit4ClassRunner.runChild(BlockJUnit4ClassRunner.java:49)
	at org.junit.runners.ParentRunner$3.run(ParentRunner.java:193)
	at org.junit.runners.ParentRunner$1.schedule(ParentRunner.java:52)
	at org.junit.runners.ParentRunner.runChildren(ParentRunner.java:191)
	at org.junit.runners.ParentRunner.access$000(ParentRunner.java:42)
	at org.junit.runners.ParentRunner$2.evaluate(ParentRunner.java:184)
	at org.junit.runners.ParentRunner.run(ParentRunner.java:236)
	at org.apache.maven.surefire.junit4.JUnit4Provider.execute(JUnit4Provider.java:283)
	at org.apache.maven.surefire.junit4.JUnit4Provider.executeWithRerun(JUnit4Provider.java:173)
	at org.apache.maven.surefire.junit4.JUnit4Provider.executeTestSet(JUnit4Provider.java:153)
	at org.apache.maven.surefire.junit4.JUnit4Provider.invoke(JUnit4Provider.java:128)
	at org.apache.maven.surefire.booter.ForkedBooter.invokeProviderInSameClassLoader(ForkedBooter.java:203)
	at org.apache.maven.surefire.booter.ForkedBooter.runSuitesInProcess(ForkedBooter.java:155)
	at org.apache.maven.surefire.booter.ForkedBooter.main(ForkedBooter.java:103)
Caused by: org.nutz.ioc.IocException: IocBean[config] throw Exception when creating
	at org.nutz.ioc.impl.ObjectMakerImpl.make(ObjectMakerImpl.java:150)
	at org.nutz.ioc.impl.NutIoc.get(NutIoc.java:210)
	at org.nutz.ioc.impl.NutIoc.get(NutIoc.java:239)
	at org.nutz.ioc.java.IocObjectNode.getValue(IocObjectNode.java:19)
	at org.nutz.ioc.java.ChainNode.eval(ChainNode.java:24)
	at org.nutz.ioc.java.ChainNode.eval(ChainNode.java:19)
	at org.nutz.ioc.val.JavaValue.get(JavaValue.java:69)
	at org.nutz.ioc.weaver.FieldInjector.inject(FieldInjector.java:32)
	at org.nutz.ioc.weaver.DefaultWeaver.fill(DefaultWeaver.java:56)
	at org.nutz.ioc.impl.ObjectMakerImpl.make(ObjectMakerImpl.java:136)
	at org.nutz.ioc.impl.NutIoc.get(NutIoc.java:210)
	at org.nutz.ioc.val.ReferValue.get(ReferValue.java:24)
	at org.nutz.ioc.impl.ObjectMakerImpl.make(ObjectMakerImpl.java:62)
	at org.nutz.ioc.impl.NutIoc.get(NutIoc.java:210)
	at org.nutz.ioc.impl.NutIoc.get(NutIoc.java:239)
	at org.nutz.dao.test.DaoCase.setUp(DaoCase.java:22)
	at sun.reflect.GeneratedMethodAccessor23.invoke(Unknown Source)
	at sun.reflect.DelegatingMethodAccessorImpl.invoke(DelegatingMethodAccessorImpl.java:43)
	at java.lang.reflect.Method.invoke(Method.java:498)
	at org.junit.runners.model.FrameworkMethod$1.runReflectiveCall(FrameworkMethod.java:44)
	at org.junit.internal.runners.model.ReflectiveCallable.run(ReflectiveCallable.java:15)
	at org.junit.runners.model.FrameworkMethod.invokeExplosively(FrameworkMethod.java:41)
	at org.junit.internal.runners.statements.RunBefores.evaluate(RunBefores.java:27)
	at org.junit.internal.runners.statements.RunAfters.evaluate(RunAfters.java:31)
	at org.junit.runners.BlockJUnit4ClassRunner.runNotIgnored(BlockJUnit4ClassRunner.java:79)
	at org.junit.runners.BlockJUnit4ClassRunner.runChild(BlockJUnit4ClassRunner.java:71)
	at org.junit.runners.BlockJUnit4ClassRunner.runChild(BlockJUnit4ClassRunner.java:49)
	at org.junit.runners.ParentRunner$3.run(ParentRunner.java:193)
	at org.junit.runners.ParentRunner$1.schedule(ParentRunner.java:52)
	at org.junit.runners.ParentRunner.runChildren(ParentRunner.java:191)
	at org.junit.runners.ParentRunner.access$000(ParentRunner.java:42)
	at org.junit.runners.ParentRunner$2.evaluate(ParentRunner.java:184)
	at org.junit.runners.ParentRunner.run(ParentRunner.java:236)
	at org.apache.maven.surefire.junit4.JUnit4Provider.execute(JUnit4Provider.java:283)
	at org.apache.maven.surefire.junit4.JUnit4Provider.executeWithRerun(JUnit4Provider.java:173)
	at org.apache.maven.surefire.junit4.JUnit4Provider.executeTestSet(JUnit4Provider.java:153)
	at org.apache.maven.surefire.junit4.JUnit4Provider.invoke(JUnit4Provider.java:128)
	at org.apache.maven.surefire.booter.ForkedBooter.invokeProviderInSameClassLoader(ForkedBooter.java:203)
	at org.apache.maven.surefire.booter.ForkedBooter.runSuitesInProcess(ForkedBooter.java:155)
	at org.apache.maven.surefire.booter.ForkedBooter.main(ForkedBooter.java:103)
Caused by: java.lang.RuntimeException: IocBean[config] fail at field=[paths]
	at org.nutz.ioc.weaver.FieldInjector.inject(FieldInjector.java:40)
	at org.nutz.ioc.weaver.DefaultWeaver.fill(DefaultWeaver.java:56)
	at org.nutz.ioc.impl.ObjectMakerImpl.make(ObjectMakerImpl.java:136)
	at org.nutz.ioc.impl.NutIoc.get(NutIoc.java:210)
	at org.nutz.ioc.impl.NutIoc.get(NutIoc.java:239)
	at org.nutz.ioc.java.IocObjectNode.getValue(IocObjectNode.java:19)
	at org.nutz.ioc.java.ChainNode.eval(ChainNode.java:24)
	at org.nutz.ioc.java.ChainNode.eval(ChainNode.java:19)
	at org.nutz.ioc.val.JavaValue.get(JavaValue.java:69)
	at org.nutz.ioc.weaver.FieldInjector.inject(FieldInjector.java:32)
	at org.nutz.ioc.weaver.DefaultWeaver.fill(DefaultWeaver.java:56)
	at org.nutz.ioc.impl.ObjectMakerImpl.make(ObjectMakerImpl.java:136)
	at org.nutz.ioc.impl.NutIoc.get(NutIoc.java:210)
	at org.nutz.ioc.val.ReferValue.get(ReferValue.java:24)
	at org.nutz.ioc.impl.ObjectMakerImpl.make(ObjectMakerImpl.java:62)
	at org.nutz.ioc.impl.NutIoc.get(NutIoc.java:210)
	at org.nutz.ioc.impl.NutIoc.get(NutIoc.java:239)
	at org.nutz.dao.test.DaoCase.setUp(DaoCase.java:22)
	at sun.reflect.GeneratedMethodAccessor23.invoke(Unknown Source)
	at sun.reflect.DelegatingMethodAccessorImpl.invoke(DelegatingMethodAccessorImpl.java:43)
	at java.lang.reflect.Method.invoke(Method.java:498)
	at org.junit.runners.model.FrameworkMethod$1.runReflectiveCall(FrameworkMethod.java:44)
	at org.junit.internal.runners.model.ReflectiveCallable.run(ReflectiveCallable.java:15)
	at org.junit.runners.model.FrameworkMethod.invokeExplosively(FrameworkMethod.java:41)
	at org.junit.internal.runners.statements.RunBefores.evaluate(RunBefores.java:27)
	at org.junit.internal.runners.statements.RunAfters.evaluate(RunAfters.java:31)
	at org.junit.runners.BlockJUnit4ClassRunner.runNotIgnored(BlockJUnit4ClassRunner.java:79)
	at org.junit.runners.BlockJUnit4ClassRunner.runChild(BlockJUnit4ClassRunner.java:71)
	at org.junit.runners.BlockJUnit4ClassRunner.runChild(BlockJUnit4ClassRunner.java:49)
	at org.junit.runners.ParentRunner$3.run(ParentRunner.java:193)
	at org.junit.runners.ParentRunner$1.schedule(ParentRunner.java:52)
	at org.junit.runners.ParentRunner.runChildren(ParentRunner.java:191)
	at org.junit.runners.ParentRunner.access$000(ParentRunner.java:42)
	at org.junit.runners.ParentRunner$2.evaluate(ParentRunner.java:184)
	at org.junit.runners.ParentRunner.run(ParentRunner.java:236)
	at org.apache.maven.surefire.junit4.JUnit4Provider.execute(JUnit4Provider.java:283)
	at org.apache.maven.surefire.junit4.JUnit4Provider.executeWithRerun(JUnit4Provider.java:173)
	at org.apache.maven.surefire.junit4.JUnit4Provider.executeTestSet(JUnit4Provider.java:153)
	at org.apache.maven.surefire.junit4.JUnit4Provider.invoke(JUnit4Provider.java:128)
	at org.apache.maven.surefire.booter.ForkedBooter.invokeProviderInSameClassLoader(ForkedBooter.java:203)
	at org.apache.maven.surefire.booter.ForkedBooter.runSuitesInProcess(ForkedBooter.java:155)
	at org.apache.maven.surefire.booter.ForkedBooter.main(ForkedBooter.java:103)
Caused by: java.lang.RuntimeException: Fail to set '[nutz-test.properties]'[ [Ljava.lang.String;@1de4bee0 ] by setter org.nutz.ioc.impl.PropertiesProxy.'setPaths()' because [java.lang.RuntimeException: folder or file like '^.+[.]properties$' no found in nutz-test.properties]: folder or file like '^.+[.]properties$' no found in nutz-test.properties
	at org.nutz.lang.Lang.wrapThrow(Lang.java:167)
	at org.nutz.lang.inject.InjectBySetter.inject(InjectBySetter.java:62)
	at org.nutz.ioc.weaver.FieldInjector.inject(FieldInjector.java:33)
	at org.nutz.ioc.weaver.DefaultWeaver.fill(DefaultWeaver.java:56)
	at org.nutz.ioc.impl.ObjectMakerImpl.make(ObjectMakerImpl.java:136)
	at org.nutz.ioc.impl.NutIoc.get(NutIoc.java:210)
	at org.nutz.ioc.impl.NutIoc.get(NutIoc.java:239)
	at org.nutz.ioc.java.IocObjectNode.getValue(IocObjectNode.java:19)
	at org.nutz.ioc.java.ChainNode.eval(ChainNode.java:24)
	at org.nutz.ioc.java.ChainNode.eval(ChainNode.java:19)
	at org.nutz.ioc.val.JavaValue.get(JavaValue.java:69)
	at org.nutz.ioc.weaver.FieldInjector.inject(FieldInjector.java:32)
	at org.nutz.ioc.weaver.DefaultWeaver.fill(DefaultWeaver.java:56)
	at org.nutz.ioc.impl.ObjectMakerImpl.make(ObjectMakerImpl.java:136)
	at org.nutz.ioc.impl.NutIoc.get(NutIoc.java:210)
	at org.nutz.ioc.val.ReferValue.get(ReferValue.java:24)
	at org.nutz.ioc.impl.ObjectMakerImpl.make(ObjectMakerImpl.java:62)
	at org.nutz.ioc.impl.NutIoc.get(NutIoc.java:210)
	at org.nutz.ioc.impl.NutIoc.get(NutIoc.java:239)
	at org.nutz.dao.test.DaoCase.setUp(DaoCase.java:22)
	at sun.reflect.GeneratedMethodAccessor23.invoke(Unknown Source)
	at sun.reflect.DelegatingMethodAccessorImpl.invoke(DelegatingMethodAccessorImpl.java:43)
	at java.lang.reflect.Method.invoke(Method.java:498)
	at org.junit.runners.model.FrameworkMethod$1.runReflectiveCall(FrameworkMethod.java:44)
	at org.junit.internal.runners.model.ReflectiveCallable.run(ReflectiveCallable.java:15)
	at org.junit.runners.model.FrameworkMethod.invokeExplosively(FrameworkMethod.java:41)
	at org.junit.internal.runners.statements.RunBefores.evaluate(RunBefores.java:27)
	at org.junit.internal.runners.statements.RunAfters.evaluate(RunAfters.java:31)
	at org.junit.runners.BlockJUnit4ClassRunner.runNotIgnored(BlockJUnit4ClassRunner.java:79)
	at org.junit.runners.BlockJUnit4ClassRunner.runChild(BlockJUnit4ClassRunner.java:71)
	at org.junit.runners.BlockJUnit4ClassRunner.runChild(BlockJUnit4ClassRunner.java:49)
	at org.junit.runners.ParentRunner$3.run(ParentRunner.java:193)
	at org.junit.runners.ParentRunner$1.schedule(ParentRunner.java:52)
	at org.junit.runners.ParentRunner.runChildren(ParentRunner.java:191)
	at org.junit.runners.ParentRunner.access$000(ParentRunner.java:42)
	at org.junit.runners.ParentRunner$2.evaluate(ParentRunner.java:184)
	at org.junit.runners.ParentRunner.run(ParentRunner.java:236)
	at org.apache.maven.surefire.junit4.JUnit4Provider.execute(JUnit4Provider.java:283)
	at org.apache.maven.surefire.junit4.JUnit4Provider.executeWithRerun(JUnit4Provider.java:173)
	at org.apache.maven.surefire.junit4.JUnit4Provider.executeTestSet(JUnit4Provider.java:153)
	at org.apache.maven.surefire.junit4.JUnit4Provider.invoke(JUnit4Provider.java:128)
	at org.apache.maven.surefire.booter.ForkedBooter.invokeProviderInSameClassLoader(ForkedBooter.java:203)
	at org.apache.maven.surefire.booter.ForkedBooter.runSuitesInProcess(ForkedBooter.java:155)
	at org.apache.maven.surefire.booter.ForkedBooter.main(ForkedBooter.java:103)
Caused by: java.lang.RuntimeException: folder or file like '^.+[.]properties$' no found in nutz-test.properties
	at org.nutz.lang.Lang.makeThrow(Lang.java:151)
	at org.nutz.resource.Scans.loadResource(Scans.java:112)
	at org.nutz.ioc.impl.PropertiesProxy.getResources(PropertiesProxy.java:153)
	at org.nutz.ioc.impl.PropertiesProxy.setPaths(PropertiesProxy.java:109)
	at org.nutz.ioc.impl.PropertiesProxy$FM$setPaths$d0275b2b871e237a38f11859247d1599.invoke(PropertiesProxy.java)
	at org.nutz.lang.inject.InjectBySetter.inject(InjectBySetter.java:51)
	at org.nutz.ioc.weaver.FieldInjector.inject(FieldInjector.java:33)
	at org.nutz.ioc.weaver.DefaultWeaver.fill(DefaultWeaver.java:56)
	at org.nutz.ioc.impl.ObjectMakerImpl.make(ObjectMakerImpl.java:136)
	at org.nutz.ioc.impl.NutIoc.get(NutIoc.java:210)
	at org.nutz.ioc.impl.NutIoc.get(NutIoc.java:239)
	at org.nutz.ioc.java.IocObjectNode.getValue(IocObjectNode.java:19)
	at org.nutz.ioc.java.ChainNode.eval(ChainNode.java:24)
	at org.nutz.ioc.java.ChainNode.eval(ChainNode.java:19)
	at org.nutz.ioc.val.JavaValue.get(JavaValue.java:69)
	at org.nutz.ioc.weaver.FieldInjector.inject(FieldInjector.java:32)
	at org.nutz.ioc.weaver.DefaultWeaver.fill(DefaultWeaver.java:56)
	at org.nutz.ioc.impl.ObjectMakerImpl.make(ObjectMakerImpl.java:136)
	at org.nutz.ioc.impl.NutIoc.get(NutIoc.java:210)
	at org.nutz.ioc.val.ReferValue.get(ReferValue.java:24)
	at org.nutz.ioc.impl.ObjectMakerImpl.make(ObjectMakerImpl.java:62)
	at org.nutz.ioc.impl.NutIoc.get(NutIoc.java:210)
	at org.nutz.ioc.impl.NutIoc.get(NutIoc.java:239)
	at org.nutz.dao.test.DaoCase.setUp(DaoCase.java:22)
	at sun.reflect.GeneratedMethodAccessor23.invoke(Unknown Source)
	at sun.reflect.DelegatingMethodAccessorImpl.invoke(DelegatingMethodAccessorImpl.java:43)
	at java.lang.reflect.Method.invoke(Method.java:498)
	at org.junit.runners.model.FrameworkMethod$1.runReflectiveCall(FrameworkMethod.java:44)
	at org.junit.internal.runners.model.ReflectiveCallable.run(ReflectiveCallable.java:15)
	at org.junit.runners.model.FrameworkMethod.invokeExplosively(FrameworkMethod.java:41)
	at org.junit.internal.runners.statements.RunBefores.evaluate(RunBefores.java:27)
	at org.junit.internal.runners.statements.RunAfters.evaluate(RunAfters.java:31)
	at org.junit.runners.BlockJUnit4ClassRunner.runNotIgnored(BlockJUnit4ClassRunner.java:79)
	at org.junit.runners.BlockJUnit4ClassRunner.runChild(BlockJUnit4ClassRunner.java:71)
	at org.junit.runners.BlockJUnit4ClassRunner.runChild(BlockJUnit4ClassRunner.java:49)
	at org.junit.runners.ParentRunner$3.run(ParentRunner.java:193)
	at org.junit.runners.ParentRunner$1.schedule(ParentRunner.java:52)
	at org.junit.runners.ParentRunner.runChildren(ParentRunner.java:191)
	at org.junit.runners.ParentRunner.access$000(ParentRunner.java:42)
	at org.junit.runners.ParentRunner$2.evaluate(ParentRunner.java:184)
	at org.junit.runners.ParentRunner.run(ParentRunner.java:236)
	at org.apache.maven.surefire.junit4.JUnit4Provider.execute(JUnit4Provider.java:283)
	at org.apache.maven.surefire.junit4.JUnit4Provider.executeWithRerun(JUnit4Provider.java:173)
	at org.apache.maven.surefire.junit4.JUnit4Provider.executeTestSet(JUnit4Provider.java:153)
	at org.apache.maven.surefire.junit4.JUnit4Provider.invoke(JUnit4Provider.java:128)
	at org.apache.maven.surefire.booter.ForkedBooter.invokeProviderInSameClassLoader(ForkedBooter.java:203)
	at org.apache.maven.surefire.booter.ForkedBooter.runSuitesInProcess(ForkedBooter.java:155)
	at org.apache.maven.surefire.booter.ForkedBooter.main(ForkedBooter.java:103)
</error>
  </testcase>
  <testcase name="query_records" classname="org.nutz.dao.test.normal.QueryTest" time="0">
    <error message="IocBean[dao -&gt; dataSource] throw Exception when creating" type="org.nutz.ioc.IocException">org.nutz.ioc.IocException: IocBean[dao -> dataSource] throw Exception when creating
	at org.nutz.ioc.impl.ObjectMakerImpl.make(ObjectMakerImpl.java:150)
	at org.nutz.ioc.impl.NutIoc.get(NutIoc.java:210)
	at org.nutz.ioc.val.ReferValue.get(ReferValue.java:24)
	at org.nutz.ioc.impl.ObjectMakerImpl.make(ObjectMakerImpl.java:62)
	at org.nutz.ioc.impl.NutIoc.get(NutIoc.java:210)
	at org.nutz.ioc.impl.NutIoc.get(NutIoc.java:239)
	at org.nutz.dao.test.DaoCase.setUp(DaoCase.java:22)
	at sun.reflect.GeneratedMethodAccessor23.invoke(Unknown Source)
	at sun.reflect.DelegatingMethodAccessorImpl.invoke(DelegatingMethodAccessorImpl.java:43)
	at java.lang.reflect.Method.invoke(Method.java:498)
	at org.junit.runners.model.FrameworkMethod$1.runReflectiveCall(FrameworkMethod.java:44)
	at org.junit.internal.runners.model.ReflectiveCallable.run(ReflectiveCallable.java:15)
	at org.junit.runners.model.FrameworkMethod.invokeExplosively(FrameworkMethod.java:41)
	at org.junit.internal.runners.statements.RunBefores.evaluate(RunBefores.java:27)
	at org.junit.internal.runners.statements.RunAfters.evaluate(RunAfters.java:31)
	at org.junit.runners.BlockJUnit4ClassRunner.runNotIgnored(BlockJUnit4ClassRunner.java:79)
	at org.junit.runners.BlockJUnit4ClassRunner.runChild(BlockJUnit4ClassRunner.java:71)
	at org.junit.runners.BlockJUnit4ClassRunner.runChild(BlockJUnit4ClassRunner.java:49)
	at org.junit.runners.ParentRunner$3.run(ParentRunner.java:193)
	at org.junit.runners.ParentRunner$1.schedule(ParentRunner.java:52)
	at org.junit.runners.ParentRunner.runChildren(ParentRunner.java:191)
	at org.junit.runners.ParentRunner.access$000(ParentRunner.java:42)
	at org.junit.runners.ParentRunner$2.evaluate(ParentRunner.java:184)
	at org.junit.runners.ParentRunner.run(ParentRunner.java:236)
	at org.apache.maven.surefire.junit4.JUnit4Provider.execute(JUnit4Provider.java:283)
	at org.apache.maven.surefire.junit4.JUnit4Provider.executeWithRerun(JUnit4Provider.java:173)
	at org.apache.maven.surefire.junit4.JUnit4Provider.executeTestSet(JUnit4Provider.java:153)
	at org.apache.maven.surefire.junit4.JUnit4Provider.invoke(JUnit4Provider.java:128)
	at org.apache.maven.surefire.booter.ForkedBooter.invokeProviderInSameClassLoader(ForkedBooter.java:203)
	at org.apache.maven.surefire.booter.ForkedBooter.runSuitesInProcess(ForkedBooter.java:155)
	at org.apache.maven.surefire.booter.ForkedBooter.main(ForkedBooter.java:103)
Caused by: java.lang.RuntimeException: IocBean[dataSource] fail at field=[driverClassName]
	at org.nutz.ioc.weaver.FieldInjector.inject(FieldInjector.java:40)
	at org.nutz.ioc.weaver.DefaultWeaver.fill(DefaultWeaver.java:56)
	at org.nutz.ioc.impl.ObjectMakerImpl.make(ObjectMakerImpl.java:136)
	at org.nutz.ioc.impl.NutIoc.get(NutIoc.java:210)
	at org.nutz.ioc.val.ReferValue.get(ReferValue.java:24)
	at org.nutz.ioc.impl.ObjectMakerImpl.make(ObjectMakerImpl.java:62)
	at org.nutz.ioc.impl.NutIoc.get(NutIoc.java:210)
	at org.nutz.ioc.impl.NutIoc.get(NutIoc.java:239)
	at org.nutz.dao.test.DaoCase.setUp(DaoCase.java:22)
	at sun.reflect.GeneratedMethodAccessor23.invoke(Unknown Source)
	at sun.reflect.DelegatingMethodAccessorImpl.invoke(DelegatingMethodAccessorImpl.java:43)
	at java.lang.reflect.Method.invoke(Method.java:498)
	at org.junit.runners.model.FrameworkMethod$1.runReflectiveCall(FrameworkMethod.java:44)
	at org.junit.internal.runners.model.ReflectiveCallable.run(ReflectiveCallable.java:15)
	at org.junit.runners.model.FrameworkMethod.invokeExplosively(FrameworkMethod.java:41)
	at org.junit.internal.runners.statements.RunBefores.evaluate(RunBefores.java:27)
	at org.junit.internal.runners.statements.RunAfters.evaluate(RunAfters.java:31)
	at org.junit.runners.BlockJUnit4ClassRunner.runNotIgnored(BlockJUnit4ClassRunner.java:79)
	at org.junit.runners.BlockJUnit4ClassRunner.runChild(BlockJUnit4ClassRunner.java:71)
	at org.junit.runners.BlockJUnit4ClassRunner.runChild(BlockJUnit4ClassRunner.java:49)
	at org.junit.runners.ParentRunner$3.run(ParentRunner.java:193)
	at org.junit.runners.ParentRunner$1.schedule(ParentRunner.java:52)
	at org.junit.runners.ParentRunner.runChildren(ParentRunner.java:191)
	at org.junit.runners.ParentRunner.access$000(ParentRunner.java:42)
	at org.junit.runners.ParentRunner$2.evaluate(ParentRunner.java:184)
	at org.junit.runners.ParentRunner.run(ParentRunner.java:236)
	at org.apache.maven.surefire.junit4.JUnit4Provider.execute(JUnit4Provider.java:283)
	at org.apache.maven.surefire.junit4.JUnit4Provider.executeWithRerun(JUnit4Provider.java:173)
	at org.apache.maven.surefire.junit4.JUnit4Provider.executeTestSet(JUnit4Provider.java:153)
	at org.apache.maven.surefire.junit4.JUnit4Provider.invoke(JUnit4Provider.java:128)
	at org.apache.maven.surefire.booter.ForkedBooter.invokeProviderInSameClassLoader(ForkedBooter.java:203)
	at org.apache.maven.surefire.booter.ForkedBooter.runSuitesInProcess(ForkedBooter.java:155)
	at org.apache.maven.surefire.booter.ForkedBooter.main(ForkedBooter.java:103)
Caused by: org.nutz.ioc.IocException: IocBean[config] throw Exception when creating
	at org.nutz.ioc.impl.ObjectMakerImpl.make(ObjectMakerImpl.java:150)
	at org.nutz.ioc.impl.NutIoc.get(NutIoc.java:210)
	at org.nutz.ioc.impl.NutIoc.get(NutIoc.java:239)
	at org.nutz.ioc.java.IocObjectNode.getValue(IocObjectNode.java:19)
	at org.nutz.ioc.java.ChainNode.eval(ChainNode.java:24)
	at org.nutz.ioc.java.ChainNode.eval(ChainNode.java:19)
	at org.nutz.ioc.val.JavaValue.get(JavaValue.java:69)
	at org.nutz.ioc.weaver.FieldInjector.inject(FieldInjector.java:32)
	at org.nutz.ioc.weaver.DefaultWeaver.fill(DefaultWeaver.java:56)
	at org.nutz.ioc.impl.ObjectMakerImpl.make(ObjectMakerImpl.java:136)
	at org.nutz.ioc.impl.NutIoc.get(NutIoc.java:210)
	at org.nutz.ioc.val.ReferValue.get(ReferValue.java:24)
	at org.nutz.ioc.impl.ObjectMakerImpl.make(ObjectMakerImpl.java:62)
	at org.nutz.ioc.impl.NutIoc.get(NutIoc.java:210)
	at org.nutz.ioc.impl.NutIoc.get(NutIoc.java:239)
	at org.nutz.dao.test.DaoCase.setUp(DaoCase.java:22)
	at sun.reflect.GeneratedMethodAccessor23.invoke(Unknown Source)
	at sun.reflect.DelegatingMethodAccessorImpl.invoke(DelegatingMethodAccessorImpl.java:43)
	at java.lang.reflect.Method.invoke(Method.java:498)
	at org.junit.runners.model.FrameworkMethod$1.runReflectiveCall(FrameworkMethod.java:44)
	at org.junit.internal.runners.model.ReflectiveCallable.run(ReflectiveCallable.java:15)
	at org.junit.runners.model.FrameworkMethod.invokeExplosively(FrameworkMethod.java:41)
	at org.junit.internal.runners.statements.RunBefores.evaluate(RunBefores.java:27)
	at org.junit.internal.runners.statements.RunAfters.evaluate(RunAfters.java:31)
	at org.junit.runners.BlockJUnit4ClassRunner.runNotIgnored(BlockJUnit4ClassRunner.java:79)
	at org.junit.runners.BlockJUnit4ClassRunner.runChild(BlockJUnit4ClassRunner.java:71)
	at org.junit.runners.BlockJUnit4ClassRunner.runChild(BlockJUnit4ClassRunner.java:49)
	at org.junit.runners.ParentRunner$3.run(ParentRunner.java:193)
	at org.junit.runners.ParentRunner$1.schedule(ParentRunner.java:52)
	at org.junit.runners.ParentRunner.runChildren(ParentRunner.java:191)
	at org.junit.runners.ParentRunner.access$000(ParentRunner.java:42)
	at org.junit.runners.ParentRunner$2.evaluate(ParentRunner.java:184)
	at org.junit.runners.ParentRunner.run(ParentRunner.java:236)
	at org.apache.maven.surefire.junit4.JUnit4Provider.execute(JUnit4Provider.java:283)
	at org.apache.maven.surefire.junit4.JUnit4Provider.executeWithRerun(JUnit4Provider.java:173)
	at org.apache.maven.surefire.junit4.JUnit4Provider.executeTestSet(JUnit4Provider.java:153)
	at org.apache.maven.surefire.junit4.JUnit4Provider.invoke(JUnit4Provider.java:128)
	at org.apache.maven.surefire.booter.ForkedBooter.invokeProviderInSameClassLoader(ForkedBooter.java:203)
	at org.apache.maven.surefire.booter.ForkedBooter.runSuitesInProcess(ForkedBooter.java:155)
	at org.apache.maven.surefire.booter.ForkedBooter.main(ForkedBooter.java:103)
Caused by: java.lang.RuntimeException: IocBean[config] fail at field=[paths]
	at org.nutz.ioc.weaver.FieldInjector.inject(FieldInjector.java:40)
	at org.nutz.ioc.weaver.DefaultWeaver.fill(DefaultWeaver.java:56)
	at org.nutz.ioc.impl.ObjectMakerImpl.make(ObjectMakerImpl.java:136)
	at org.nutz.ioc.impl.NutIoc.get(NutIoc.java:210)
	at org.nutz.ioc.impl.NutIoc.get(NutIoc.java:239)
	at org.nutz.ioc.java.IocObjectNode.getValue(IocObjectNode.java:19)
	at org.nutz.ioc.java.ChainNode.eval(ChainNode.java:24)
	at org.nutz.ioc.java.ChainNode.eval(ChainNode.java:19)
	at org.nutz.ioc.val.JavaValue.get(JavaValue.java:69)
	at org.nutz.ioc.weaver.FieldInjector.inject(FieldInjector.java:32)
	at org.nutz.ioc.weaver.DefaultWeaver.fill(DefaultWeaver.java:56)
	at org.nutz.ioc.impl.ObjectMakerImpl.make(ObjectMakerImpl.java:136)
	at org.nutz.ioc.impl.NutIoc.get(NutIoc.java:210)
	at org.nutz.ioc.val.ReferValue.get(ReferValue.java:24)
	at org.nutz.ioc.impl.ObjectMakerImpl.make(ObjectMakerImpl.java:62)
	at org.nutz.ioc.impl.NutIoc.get(NutIoc.java:210)
	at org.nutz.ioc.impl.NutIoc.get(NutIoc.java:239)
	at org.nutz.dao.test.DaoCase.setUp(DaoCase.java:22)
	at sun.reflect.GeneratedMethodAccessor23.invoke(Unknown Source)
	at sun.reflect.DelegatingMethodAccessorImpl.invoke(DelegatingMethodAccessorImpl.java:43)
	at java.lang.reflect.Method.invoke(Method.java:498)
	at org.junit.runners.model.FrameworkMethod$1.runReflectiveCall(FrameworkMethod.java:44)
	at org.junit.internal.runners.model.ReflectiveCallable.run(ReflectiveCallable.java:15)
	at org.junit.runners.model.FrameworkMethod.invokeExplosively(FrameworkMethod.java:41)
	at org.junit.internal.runners.statements.RunBefores.evaluate(RunBefores.java:27)
	at org.junit.internal.runners.statements.RunAfters.evaluate(RunAfters.java:31)
	at org.junit.runners.BlockJUnit4ClassRunner.runNotIgnored(BlockJUnit4ClassRunner.java:79)
	at org.junit.runners.BlockJUnit4ClassRunner.runChild(BlockJUnit4ClassRunner.java:71)
	at org.junit.runners.BlockJUnit4ClassRunner.runChild(BlockJUnit4ClassRunner.java:49)
	at org.junit.runners.ParentRunner$3.run(ParentRunner.java:193)
	at org.junit.runners.ParentRunner$1.schedule(ParentRunner.java:52)
	at org.junit.runners.ParentRunner.runChildren(ParentRunner.java:191)
	at org.junit.runners.ParentRunner.access$000(ParentRunner.java:42)
	at org.junit.runners.ParentRunner$2.evaluate(ParentRunner.java:184)
	at org.junit.runners.ParentRunner.run(ParentRunner.java:236)
	at org.apache.maven.surefire.junit4.JUnit4Provider.execute(JUnit4Provider.java:283)
	at org.apache.maven.surefire.junit4.JUnit4Provider.executeWithRerun(JUnit4Provider.java:173)
	at org.apache.maven.surefire.junit4.JUnit4Provider.executeTestSet(JUnit4Provider.java:153)
	at org.apache.maven.surefire.junit4.JUnit4Provider.invoke(JUnit4Provider.java:128)
	at org.apache.maven.surefire.booter.ForkedBooter.invokeProviderInSameClassLoader(ForkedBooter.java:203)
	at org.apache.maven.surefire.booter.ForkedBooter.runSuitesInProcess(ForkedBooter.java:155)
	at org.apache.maven.surefire.booter.ForkedBooter.main(ForkedBooter.java:103)
Caused by: java.lang.RuntimeException: Fail to set '[nutz-test.properties]'[ [Ljava.lang.String;@3ece79fe ] by setter org.nutz.ioc.impl.PropertiesProxy.'setPaths()' because [java.lang.RuntimeException: folder or file like '^.+[.]properties$' no found in nutz-test.properties]: folder or file like '^.+[.]properties$' no found in nutz-test.properties
	at org.nutz.lang.Lang.wrapThrow(Lang.java:167)
	at org.nutz.lang.inject.InjectBySetter.inject(InjectBySetter.java:62)
	at org.nutz.ioc.weaver.FieldInjector.inject(FieldInjector.java:33)
	at org.nutz.ioc.weaver.DefaultWeaver.fill(DefaultWeaver.java:56)
	at org.nutz.ioc.impl.ObjectMakerImpl.make(ObjectMakerImpl.java:136)
	at org.nutz.ioc.impl.NutIoc.get(NutIoc.java:210)
	at org.nutz.ioc.impl.NutIoc.get(NutIoc.java:239)
	at org.nutz.ioc.java.IocObjectNode.getValue(IocObjectNode.java:19)
	at org.nutz.ioc.java.ChainNode.eval(ChainNode.java:24)
	at org.nutz.ioc.java.ChainNode.eval(ChainNode.java:19)
	at org.nutz.ioc.val.JavaValue.get(JavaValue.java:69)
	at org.nutz.ioc.weaver.FieldInjector.inject(FieldInjector.java:32)
	at org.nutz.ioc.weaver.DefaultWeaver.fill(DefaultWeaver.java:56)
	at org.nutz.ioc.impl.ObjectMakerImpl.make(ObjectMakerImpl.java:136)
	at org.nutz.ioc.impl.NutIoc.get(NutIoc.java:210)
	at org.nutz.ioc.val.ReferValue.get(ReferValue.java:24)
	at org.nutz.ioc.impl.ObjectMakerImpl.make(ObjectMakerImpl.java:62)
	at org.nutz.ioc.impl.NutIoc.get(NutIoc.java:210)
	at org.nutz.ioc.impl.NutIoc.get(NutIoc.java:239)
	at org.nutz.dao.test.DaoCase.setUp(DaoCase.java:22)
	at sun.reflect.GeneratedMethodAccessor23.invoke(Unknown Source)
	at sun.reflect.DelegatingMethodAccessorImpl.invoke(DelegatingMethodAccessorImpl.java:43)
	at java.lang.reflect.Method.invoke(Method.java:498)
	at org.junit.runners.model.FrameworkMethod$1.runReflectiveCall(FrameworkMethod.java:44)
	at org.junit.internal.runners.model.ReflectiveCallable.run(ReflectiveCallable.java:15)
	at org.junit.runners.model.FrameworkMethod.invokeExplosively(FrameworkMethod.java:41)
	at org.junit.internal.runners.statements.RunBefores.evaluate(RunBefores.java:27)
	at org.junit.internal.runners.statements.RunAfters.evaluate(RunAfters.java:31)
	at org.junit.runners.BlockJUnit4ClassRunner.runNotIgnored(BlockJUnit4ClassRunner.java:79)
	at org.junit.runners.BlockJUnit4ClassRunner.runChild(BlockJUnit4ClassRunner.java:71)
	at org.junit.runners.BlockJUnit4ClassRunner.runChild(BlockJUnit4ClassRunner.java:49)
	at org.junit.runners.ParentRunner$3.run(ParentRunner.java:193)
	at org.junit.runners.ParentRunner$1.schedule(ParentRunner.java:52)
	at org.junit.runners.ParentRunner.runChildren(ParentRunner.java:191)
	at org.junit.runners.ParentRunner.access$000(ParentRunner.java:42)
	at org.junit.runners.ParentRunner$2.evaluate(ParentRunner.java:184)
	at org.junit.runners.ParentRunner.run(ParentRunner.java:236)
	at org.apache.maven.surefire.junit4.JUnit4Provider.execute(JUnit4Provider.java:283)
	at org.apache.maven.surefire.junit4.JUnit4Provider.executeWithRerun(JUnit4Provider.java:173)
	at org.apache.maven.surefire.junit4.JUnit4Provider.executeTestSet(JUnit4Provider.java:153)
	at org.apache.maven.surefire.junit4.JUnit4Provider.invoke(JUnit4Provider.java:128)
	at org.apache.maven.surefire.booter.ForkedBooter.invokeProviderInSameClassLoader(ForkedBooter.java:203)
	at org.apache.maven.surefire.booter.ForkedBooter.runSuitesInProcess(ForkedBooter.java:155)
	at org.apache.maven.surefire.booter.ForkedBooter.main(ForkedBooter.java:103)
Caused by: java.lang.RuntimeException: folder or file like '^.+[.]properties$' no found in nutz-test.properties
	at org.nutz.lang.Lang.makeThrow(Lang.java:151)
	at org.nutz.resource.Scans.loadResource(Scans.java:112)
	at org.nutz.ioc.impl.PropertiesProxy.getResources(PropertiesProxy.java:153)
	at org.nutz.ioc.impl.PropertiesProxy.setPaths(PropertiesProxy.java:109)
	at org.nutz.ioc.impl.PropertiesProxy$FM$setPaths$d0275b2b871e237a38f11859247d1599.invoke(PropertiesProxy.java)
	at org.nutz.lang.inject.InjectBySetter.inject(InjectBySetter.java:51)
	at org.nutz.ioc.weaver.FieldInjector.inject(FieldInjector.java:33)
	at org.nutz.ioc.weaver.DefaultWeaver.fill(DefaultWeaver.java:56)
	at org.nutz.ioc.impl.ObjectMakerImpl.make(ObjectMakerImpl.java:136)
	at org.nutz.ioc.impl.NutIoc.get(NutIoc.java:210)
	at org.nutz.ioc.impl.NutIoc.get(NutIoc.java:239)
	at org.nutz.ioc.java.IocObjectNode.getValue(IocObjectNode.java:19)
	at org.nutz.ioc.java.ChainNode.eval(ChainNode.java:24)
	at org.nutz.ioc.java.ChainNode.eval(ChainNode.java:19)
	at org.nutz.ioc.val.JavaValue.get(JavaValue.java:69)
	at org.nutz.ioc.weaver.FieldInjector.inject(FieldInjector.java:32)
	at org.nutz.ioc.weaver.DefaultWeaver.fill(DefaultWeaver.java:56)
	at org.nutz.ioc.impl.ObjectMakerImpl.make(ObjectMakerImpl.java:136)
	at org.nutz.ioc.impl.NutIoc.get(NutIoc.java:210)
	at org.nutz.ioc.val.ReferValue.get(ReferValue.java:24)
	at org.nutz.ioc.impl.ObjectMakerImpl.make(ObjectMakerImpl.java:62)
	at org.nutz.ioc.impl.NutIoc.get(NutIoc.java:210)
	at org.nutz.ioc.impl.NutIoc.get(NutIoc.java:239)
	at org.nutz.dao.test.DaoCase.setUp(DaoCase.java:22)
	at sun.reflect.GeneratedMethodAccessor23.invoke(Unknown Source)
	at sun.reflect.DelegatingMethodAccessorImpl.invoke(DelegatingMethodAccessorImpl.java:43)
	at java.lang.reflect.Method.invoke(Method.java:498)
	at org.junit.runners.model.FrameworkMethod$1.runReflectiveCall(FrameworkMethod.java:44)
	at org.junit.internal.runners.model.ReflectiveCallable.run(ReflectiveCallable.java:15)
	at org.junit.runners.model.FrameworkMethod.invokeExplosively(FrameworkMethod.java:41)
	at org.junit.internal.runners.statements.RunBefores.evaluate(RunBefores.java:27)
	at org.junit.internal.runners.statements.RunAfters.evaluate(RunAfters.java:31)
	at org.junit.runners.BlockJUnit4ClassRunner.runNotIgnored(BlockJUnit4ClassRunner.java:79)
	at org.junit.runners.BlockJUnit4ClassRunner.runChild(BlockJUnit4ClassRunner.java:71)
	at org.junit.runners.BlockJUnit4ClassRunner.runChild(BlockJUnit4ClassRunner.java:49)
	at org.junit.runners.ParentRunner$3.run(ParentRunner.java:193)
	at org.junit.runners.ParentRunner$1.schedule(ParentRunner.java:52)
	at org.junit.runners.ParentRunner.runChildren(ParentRunner.java:191)
	at org.junit.runners.ParentRunner.access$000(ParentRunner.java:42)
	at org.junit.runners.ParentRunner$2.evaluate(ParentRunner.java:184)
	at org.junit.runners.ParentRunner.run(ParentRunner.java:236)
	at org.apache.maven.surefire.junit4.JUnit4Provider.execute(JUnit4Provider.java:283)
	at org.apache.maven.surefire.junit4.JUnit4Provider.executeWithRerun(JUnit4Provider.java:173)
	at org.apache.maven.surefire.junit4.JUnit4Provider.executeTestSet(JUnit4Provider.java:153)
	at org.apache.maven.surefire.junit4.JUnit4Provider.invoke(JUnit4Provider.java:128)
	at org.apache.maven.surefire.booter.ForkedBooter.invokeProviderInSameClassLoader(ForkedBooter.java:203)
	at org.apache.maven.surefire.booter.ForkedBooter.runSuitesInProcess(ForkedBooter.java:155)
	at org.apache.maven.surefire.booter.ForkedBooter.main(ForkedBooter.java:103)
</error>
  </testcase>
  <testcase name="query_records_pager" classname="org.nutz.dao.test.normal.QueryTest" time="0.001">
    <error message="IocBean[dao -&gt; dataSource] throw Exception when creating" type="org.nutz.ioc.IocException">org.nutz.ioc.IocException: IocBean[dao -> dataSource] throw Exception when creating
	at org.nutz.ioc.impl.ObjectMakerImpl.make(ObjectMakerImpl.java:150)
	at org.nutz.ioc.impl.NutIoc.get(NutIoc.java:210)
	at org.nutz.ioc.val.ReferValue.get(ReferValue.java:24)
	at org.nutz.ioc.impl.ObjectMakerImpl.make(ObjectMakerImpl.java:62)
	at org.nutz.ioc.impl.NutIoc.get(NutIoc.java:210)
	at org.nutz.ioc.impl.NutIoc.get(NutIoc.java:239)
	at org.nutz.dao.test.DaoCase.setUp(DaoCase.java:22)
	at sun.reflect.GeneratedMethodAccessor23.invoke(Unknown Source)
	at sun.reflect.DelegatingMethodAccessorImpl.invoke(DelegatingMethodAccessorImpl.java:43)
	at java.lang.reflect.Method.invoke(Method.java:498)
	at org.junit.runners.model.FrameworkMethod$1.runReflectiveCall(FrameworkMethod.java:44)
	at org.junit.internal.runners.model.ReflectiveCallable.run(ReflectiveCallable.java:15)
	at org.junit.runners.model.FrameworkMethod.invokeExplosively(FrameworkMethod.java:41)
	at org.junit.internal.runners.statements.RunBefores.evaluate(RunBefores.java:27)
	at org.junit.internal.runners.statements.RunAfters.evaluate(RunAfters.java:31)
	at org.junit.runners.BlockJUnit4ClassRunner.runNotIgnored(BlockJUnit4ClassRunner.java:79)
	at org.junit.runners.BlockJUnit4ClassRunner.runChild(BlockJUnit4ClassRunner.java:71)
	at org.junit.runners.BlockJUnit4ClassRunner.runChild(BlockJUnit4ClassRunner.java:49)
	at org.junit.runners.ParentRunner$3.run(ParentRunner.java:193)
	at org.junit.runners.ParentRunner$1.schedule(ParentRunner.java:52)
	at org.junit.runners.ParentRunner.runChildren(ParentRunner.java:191)
	at org.junit.runners.ParentRunner.access$000(ParentRunner.java:42)
	at org.junit.runners.ParentRunner$2.evaluate(ParentRunner.java:184)
	at org.junit.runners.ParentRunner.run(ParentRunner.java:236)
	at org.apache.maven.surefire.junit4.JUnit4Provider.execute(JUnit4Provider.java:283)
	at org.apache.maven.surefire.junit4.JUnit4Provider.executeWithRerun(JUnit4Provider.java:173)
	at org.apache.maven.surefire.junit4.JUnit4Provider.executeTestSet(JUnit4Provider.java:153)
	at org.apache.maven.surefire.junit4.JUnit4Provider.invoke(JUnit4Provider.java:128)
	at org.apache.maven.surefire.booter.ForkedBooter.invokeProviderInSameClassLoader(ForkedBooter.java:203)
	at org.apache.maven.surefire.booter.ForkedBooter.runSuitesInProcess(ForkedBooter.java:155)
	at org.apache.maven.surefire.booter.ForkedBooter.main(ForkedBooter.java:103)
Caused by: java.lang.RuntimeException: IocBean[dataSource] fail at field=[driverClassName]
	at org.nutz.ioc.weaver.FieldInjector.inject(FieldInjector.java:40)
	at org.nutz.ioc.weaver.DefaultWeaver.fill(DefaultWeaver.java:56)
	at org.nutz.ioc.impl.ObjectMakerImpl.make(ObjectMakerImpl.java:136)
	at org.nutz.ioc.impl.NutIoc.get(NutIoc.java:210)
	at org.nutz.ioc.val.ReferValue.get(ReferValue.java:24)
	at org.nutz.ioc.impl.ObjectMakerImpl.make(ObjectMakerImpl.java:62)
	at org.nutz.ioc.impl.NutIoc.get(NutIoc.java:210)
	at org.nutz.ioc.impl.NutIoc.get(NutIoc.java:239)
	at org.nutz.dao.test.DaoCase.setUp(DaoCase.java:22)
	at sun.reflect.GeneratedMethodAccessor23.invoke(Unknown Source)
	at sun.reflect.DelegatingMethodAccessorImpl.invoke(DelegatingMethodAccessorImpl.java:43)
	at java.lang.reflect.Method.invoke(Method.java:498)
	at org.junit.runners.model.FrameworkMethod$1.runReflectiveCall(FrameworkMethod.java:44)
	at org.junit.internal.runners.model.ReflectiveCallable.run(ReflectiveCallable.java:15)
	at org.junit.runners.model.FrameworkMethod.invokeExplosively(FrameworkMethod.java:41)
	at org.junit.internal.runners.statements.RunBefores.evaluate(RunBefores.java:27)
	at org.junit.internal.runners.statements.RunAfters.evaluate(RunAfters.java:31)
	at org.junit.runners.BlockJUnit4ClassRunner.runNotIgnored(BlockJUnit4ClassRunner.java:79)
	at org.junit.runners.BlockJUnit4ClassRunner.runChild(BlockJUnit4ClassRunner.java:71)
	at org.junit.runners.BlockJUnit4ClassRunner.runChild(BlockJUnit4ClassRunner.java:49)
	at org.junit.runners.ParentRunner$3.run(ParentRunner.java:193)
	at org.junit.runners.ParentRunner$1.schedule(ParentRunner.java:52)
	at org.junit.runners.ParentRunner.runChildren(ParentRunner.java:191)
	at org.junit.runners.ParentRunner.access$000(ParentRunner.java:42)
	at org.junit.runners.ParentRunner$2.evaluate(ParentRunner.java:184)
	at org.junit.runners.ParentRunner.run(ParentRunner.java:236)
	at org.apache.maven.surefire.junit4.JUnit4Provider.execute(JUnit4Provider.java:283)
	at org.apache.maven.surefire.junit4.JUnit4Provider.executeWithRerun(JUnit4Provider.java:173)
	at org.apache.maven.surefire.junit4.JUnit4Provider.executeTestSet(JUnit4Provider.java:153)
	at org.apache.maven.surefire.junit4.JUnit4Provider.invoke(JUnit4Provider.java:128)
	at org.apache.maven.surefire.booter.ForkedBooter.invokeProviderInSameClassLoader(ForkedBooter.java:203)
	at org.apache.maven.surefire.booter.ForkedBooter.runSuitesInProcess(ForkedBooter.java:155)
	at org.apache.maven.surefire.booter.ForkedBooter.main(ForkedBooter.java:103)
Caused by: org.nutz.ioc.IocException: IocBean[config] throw Exception when creating
	at org.nutz.ioc.impl.ObjectMakerImpl.make(ObjectMakerImpl.java:150)
	at org.nutz.ioc.impl.NutIoc.get(NutIoc.java:210)
	at org.nutz.ioc.impl.NutIoc.get(NutIoc.java:239)
	at org.nutz.ioc.java.IocObjectNode.getValue(IocObjectNode.java:19)
	at org.nutz.ioc.java.ChainNode.eval(ChainNode.java:24)
	at org.nutz.ioc.java.ChainNode.eval(ChainNode.java:19)
	at org.nutz.ioc.val.JavaValue.get(JavaValue.java:69)
	at org.nutz.ioc.weaver.FieldInjector.inject(FieldInjector.java:32)
	at org.nutz.ioc.weaver.DefaultWeaver.fill(DefaultWeaver.java:56)
	at org.nutz.ioc.impl.ObjectMakerImpl.make(ObjectMakerImpl.java:136)
	at org.nutz.ioc.impl.NutIoc.get(NutIoc.java:210)
	at org.nutz.ioc.val.ReferValue.get(ReferValue.java:24)
	at org.nutz.ioc.impl.ObjectMakerImpl.make(ObjectMakerImpl.java:62)
	at org.nutz.ioc.impl.NutIoc.get(NutIoc.java:210)
	at org.nutz.ioc.impl.NutIoc.get(NutIoc.java:239)
	at org.nutz.dao.test.DaoCase.setUp(DaoCase.java:22)
	at sun.reflect.GeneratedMethodAccessor23.invoke(Unknown Source)
	at sun.reflect.DelegatingMethodAccessorImpl.invoke(DelegatingMethodAccessorImpl.java:43)
	at java.lang.reflect.Method.invoke(Method.java:498)
	at org.junit.runners.model.FrameworkMethod$1.runReflectiveCall(FrameworkMethod.java:44)
	at org.junit.internal.runners.model.ReflectiveCallable.run(ReflectiveCallable.java:15)
	at org.junit.runners.model.FrameworkMethod.invokeExplosively(FrameworkMethod.java:41)
	at org.junit.internal.runners.statements.RunBefores.evaluate(RunBefores.java:27)
	at org.junit.internal.runners.statements.RunAfters.evaluate(RunAfters.java:31)
	at org.junit.runners.BlockJUnit4ClassRunner.runNotIgnored(BlockJUnit4ClassRunner.java:79)
	at org.junit.runners.BlockJUnit4ClassRunner.runChild(BlockJUnit4ClassRunner.java:71)
	at org.junit.runners.BlockJUnit4ClassRunner.runChild(BlockJUnit4ClassRunner.java:49)
	at org.junit.runners.ParentRunner$3.run(ParentRunner.java:193)
	at org.junit.runners.ParentRunner$1.schedule(ParentRunner.java:52)
	at org.junit.runners.ParentRunner.runChildren(ParentRunner.java:191)
	at org.junit.runners.ParentRunner.access$000(ParentRunner.java:42)
	at org.junit.runners.ParentRunner$2.evaluate(ParentRunner.java:184)
	at org.junit.runners.ParentRunner.run(ParentRunner.java:236)
	at org.apache.maven.surefire.junit4.JUnit4Provider.execute(JUnit4Provider.java:283)
	at org.apache.maven.surefire.junit4.JUnit4Provider.executeWithRerun(JUnit4Provider.java:173)
	at org.apache.maven.surefire.junit4.JUnit4Provider.executeTestSet(JUnit4Provider.java:153)
	at org.apache.maven.surefire.junit4.JUnit4Provider.invoke(JUnit4Provider.java:128)
	at org.apache.maven.surefire.booter.ForkedBooter.invokeProviderInSameClassLoader(ForkedBooter.java:203)
	at org.apache.maven.surefire.booter.ForkedBooter.runSuitesInProcess(ForkedBooter.java:155)
	at org.apache.maven.surefire.booter.ForkedBooter.main(ForkedBooter.java:103)
Caused by: java.lang.RuntimeException: IocBean[config] fail at field=[paths]
	at org.nutz.ioc.weaver.FieldInjector.inject(FieldInjector.java:40)
	at org.nutz.ioc.weaver.DefaultWeaver.fill(DefaultWeaver.java:56)
	at org.nutz.ioc.impl.ObjectMakerImpl.make(ObjectMakerImpl.java:136)
	at org.nutz.ioc.impl.NutIoc.get(NutIoc.java:210)
	at org.nutz.ioc.impl.NutIoc.get(NutIoc.java:239)
	at org.nutz.ioc.java.IocObjectNode.getValue(IocObjectNode.java:19)
	at org.nutz.ioc.java.ChainNode.eval(ChainNode.java:24)
	at org.nutz.ioc.java.ChainNode.eval(ChainNode.java:19)
	at org.nutz.ioc.val.JavaValue.get(JavaValue.java:69)
	at org.nutz.ioc.weaver.FieldInjector.inject(FieldInjector.java:32)
	at org.nutz.ioc.weaver.DefaultWeaver.fill(DefaultWeaver.java:56)
	at org.nutz.ioc.impl.ObjectMakerImpl.make(ObjectMakerImpl.java:136)
	at org.nutz.ioc.impl.NutIoc.get(NutIoc.java:210)
	at org.nutz.ioc.val.ReferValue.get(ReferValue.java:24)
	at org.nutz.ioc.impl.ObjectMakerImpl.make(ObjectMakerImpl.java:62)
	at org.nutz.ioc.impl.NutIoc.get(NutIoc.java:210)
	at org.nutz.ioc.impl.NutIoc.get(NutIoc.java:239)
	at org.nutz.dao.test.DaoCase.setUp(DaoCase.java:22)
	at sun.reflect.GeneratedMethodAccessor23.invoke(Unknown Source)
	at sun.reflect.DelegatingMethodAccessorImpl.invoke(DelegatingMethodAccessorImpl.java:43)
	at java.lang.reflect.Method.invoke(Method.java:498)
	at org.junit.runners.model.FrameworkMethod$1.runReflectiveCall(FrameworkMethod.java:44)
	at org.junit.internal.runners.model.ReflectiveCallable.run(ReflectiveCallable.java:15)
	at org.junit.runners.model.FrameworkMethod.invokeExplosively(FrameworkMethod.java:41)
	at org.junit.internal.runners.statements.RunBefores.evaluate(RunBefores.java:27)
	at org.junit.internal.runners.statements.RunAfters.evaluate(RunAfters.java:31)
	at org.junit.runners.BlockJUnit4ClassRunner.runNotIgnored(BlockJUnit4ClassRunner.java:79)
	at org.junit.runners.BlockJUnit4ClassRunner.runChild(BlockJUnit4ClassRunner.java:71)
	at org.junit.runners.BlockJUnit4ClassRunner.runChild(BlockJUnit4ClassRunner.java:49)
	at org.junit.runners.ParentRunner$3.run(ParentRunner.java:193)
	at org.junit.runners.ParentRunner$1.schedule(ParentRunner.java:52)
	at org.junit.runners.ParentRunner.runChildren(ParentRunner.java:191)
	at org.junit.runners.ParentRunner.access$000(ParentRunner.java:42)
	at org.junit.runners.ParentRunner$2.evaluate(ParentRunner.java:184)
	at org.junit.runners.ParentRunner.run(ParentRunner.java:236)
	at org.apache.maven.surefire.junit4.JUnit4Provider.execute(JUnit4Provider.java:283)
	at org.apache.maven.surefire.junit4.JUnit4Provider.executeWithRerun(JUnit4Provider.java:173)
	at org.apache.maven.surefire.junit4.JUnit4Provider.executeTestSet(JUnit4Provider.java:153)
	at org.apache.maven.surefire.junit4.JUnit4Provider.invoke(JUnit4Provider.java:128)
	at org.apache.maven.surefire.booter.ForkedBooter.invokeProviderInSameClassLoader(ForkedBooter.java:203)
	at org.apache.maven.surefire.booter.ForkedBooter.runSuitesInProcess(ForkedBooter.java:155)
	at org.apache.maven.surefire.booter.ForkedBooter.main(ForkedBooter.java:103)
Caused by: java.lang.RuntimeException: Fail to set '[nutz-test.properties]'[ [Ljava.lang.String;@3cc79c02 ] by setter org.nutz.ioc.impl.PropertiesProxy.'setPaths()' because [java.lang.RuntimeException: folder or file like '^.+[.]properties$' no found in nutz-test.properties]: folder or file like '^.+[.]properties$' no found in nutz-test.properties
	at org.nutz.lang.Lang.wrapThrow(Lang.java:167)
	at org.nutz.lang.inject.InjectBySetter.inject(InjectBySetter.java:62)
	at org.nutz.ioc.weaver.FieldInjector.inject(FieldInjector.java:33)
	at org.nutz.ioc.weaver.DefaultWeaver.fill(DefaultWeaver.java:56)
	at org.nutz.ioc.impl.ObjectMakerImpl.make(ObjectMakerImpl.java:136)
	at org.nutz.ioc.impl.NutIoc.get(NutIoc.java:210)
	at org.nutz.ioc.impl.NutIoc.get(NutIoc.java:239)
	at org.nutz.ioc.java.IocObjectNode.getValue(IocObjectNode.java:19)
	at org.nutz.ioc.java.ChainNode.eval(ChainNode.java:24)
	at org.nutz.ioc.java.ChainNode.eval(ChainNode.java:19)
	at org.nutz.ioc.val.JavaValue.get(JavaValue.java:69)
	at org.nutz.ioc.weaver.FieldInjector.inject(FieldInjector.java:32)
	at org.nutz.ioc.weaver.DefaultWeaver.fill(DefaultWeaver.java:56)
	at org.nutz.ioc.impl.ObjectMakerImpl.make(ObjectMakerImpl.java:136)
	at org.nutz.ioc.impl.NutIoc.get(NutIoc.java:210)
	at org.nutz.ioc.val.ReferValue.get(ReferValue.java:24)
	at org.nutz.ioc.impl.ObjectMakerImpl.make(ObjectMakerImpl.java:62)
	at org.nutz.ioc.impl.NutIoc.get(NutIoc.java:210)
	at org.nutz.ioc.impl.NutIoc.get(NutIoc.java:239)
	at org.nutz.dao.test.DaoCase.setUp(DaoCase.java:22)
	at sun.reflect.GeneratedMethodAccessor23.invoke(Unknown Source)
	at sun.reflect.DelegatingMethodAccessorImpl.invoke(DelegatingMethodAccessorImpl.java:43)
	at java.lang.reflect.Method.invoke(Method.java:498)
	at org.junit.runners.model.FrameworkMethod$1.runReflectiveCall(FrameworkMethod.java:44)
	at org.junit.internal.runners.model.ReflectiveCallable.run(ReflectiveCallable.java:15)
	at org.junit.runners.model.FrameworkMethod.invokeExplosively(FrameworkMethod.java:41)
	at org.junit.internal.runners.statements.RunBefores.evaluate(RunBefores.java:27)
	at org.junit.internal.runners.statements.RunAfters.evaluate(RunAfters.java:31)
	at org.junit.runners.BlockJUnit4ClassRunner.runNotIgnored(BlockJUnit4ClassRunner.java:79)
	at org.junit.runners.BlockJUnit4ClassRunner.runChild(BlockJUnit4ClassRunner.java:71)
	at org.junit.runners.BlockJUnit4ClassRunner.runChild(BlockJUnit4ClassRunner.java:49)
	at org.junit.runners.ParentRunner$3.run(ParentRunner.java:193)
	at org.junit.runners.ParentRunner$1.schedule(ParentRunner.java:52)
	at org.junit.runners.ParentRunner.runChildren(ParentRunner.java:191)
	at org.junit.runners.ParentRunner.access$000(ParentRunner.java:42)
	at org.junit.runners.ParentRunner$2.evaluate(ParentRunner.java:184)
	at org.junit.runners.ParentRunner.run(ParentRunner.java:236)
	at org.apache.maven.surefire.junit4.JUnit4Provider.execute(JUnit4Provider.java:283)
	at org.apache.maven.surefire.junit4.JUnit4Provider.executeWithRerun(JUnit4Provider.java:173)
	at org.apache.maven.surefire.junit4.JUnit4Provider.executeTestSet(JUnit4Provider.java:153)
	at org.apache.maven.surefire.junit4.JUnit4Provider.invoke(JUnit4Provider.java:128)
	at org.apache.maven.surefire.booter.ForkedBooter.invokeProviderInSameClassLoader(ForkedBooter.java:203)
	at org.apache.maven.surefire.booter.ForkedBooter.runSuitesInProcess(ForkedBooter.java:155)
	at org.apache.maven.surefire.booter.ForkedBooter.main(ForkedBooter.java:103)
Caused by: java.lang.RuntimeException: folder or file like '^.+[.]properties$' no found in nutz-test.properties
	at org.nutz.lang.Lang.makeThrow(Lang.java:151)
	at org.nutz.resource.Scans.loadResource(Scans.java:112)
	at org.nutz.ioc.impl.PropertiesProxy.getResources(PropertiesProxy.java:153)
	at org.nutz.ioc.impl.PropertiesProxy.setPaths(PropertiesProxy.java:109)
	at org.nutz.ioc.impl.PropertiesProxy$FM$setPaths$d0275b2b871e237a38f11859247d1599.invoke(PropertiesProxy.java)
	at org.nutz.lang.inject.InjectBySetter.inject(InjectBySetter.java:51)
	at org.nutz.ioc.weaver.FieldInjector.inject(FieldInjector.java:33)
	at org.nutz.ioc.weaver.DefaultWeaver.fill(DefaultWeaver.java:56)
	at org.nutz.ioc.impl.ObjectMakerImpl.make(ObjectMakerImpl.java:136)
	at org.nutz.ioc.impl.NutIoc.get(NutIoc.java:210)
	at org.nutz.ioc.impl.NutIoc.get(NutIoc.java:239)
	at org.nutz.ioc.java.IocObjectNode.getValue(IocObjectNode.java:19)
	at org.nutz.ioc.java.ChainNode.eval(ChainNode.java:24)
	at org.nutz.ioc.java.ChainNode.eval(ChainNode.java:19)
	at org.nutz.ioc.val.JavaValue.get(JavaValue.java:69)
	at org.nutz.ioc.weaver.FieldInjector.inject(FieldInjector.java:32)
	at org.nutz.ioc.weaver.DefaultWeaver.fill(DefaultWeaver.java:56)
	at org.nutz.ioc.impl.ObjectMakerImpl.make(ObjectMakerImpl.java:136)
	at org.nutz.ioc.impl.NutIoc.get(NutIoc.java:210)
	at org.nutz.ioc.val.ReferValue.get(ReferValue.java:24)
	at org.nutz.ioc.impl.ObjectMakerImpl.make(ObjectMakerImpl.java:62)
	at org.nutz.ioc.impl.NutIoc.get(NutIoc.java:210)
	at org.nutz.ioc.impl.NutIoc.get(NutIoc.java:239)
	at org.nutz.dao.test.DaoCase.setUp(DaoCase.java:22)
	at sun.reflect.GeneratedMethodAccessor23.invoke(Unknown Source)
	at sun.reflect.DelegatingMethodAccessorImpl.invoke(DelegatingMethodAccessorImpl.java:43)
	at java.lang.reflect.Method.invoke(Method.java:498)
	at org.junit.runners.model.FrameworkMethod$1.runReflectiveCall(FrameworkMethod.java:44)
	at org.junit.internal.runners.model.ReflectiveCallable.run(ReflectiveCallable.java:15)
	at org.junit.runners.model.FrameworkMethod.invokeExplosively(FrameworkMethod.java:41)
	at org.junit.internal.runners.statements.RunBefores.evaluate(RunBefores.java:27)
	at org.junit.internal.runners.statements.RunAfters.evaluate(RunAfters.java:31)
	at org.junit.runners.BlockJUnit4ClassRunner.runNotIgnored(BlockJUnit4ClassRunner.java:79)
	at org.junit.runners.BlockJUnit4ClassRunner.runChild(BlockJUnit4ClassRunner.java:71)
	at org.junit.runners.BlockJUnit4ClassRunner.runChild(BlockJUnit4ClassRunner.java:49)
	at org.junit.runners.ParentRunner$3.run(ParentRunner.java:193)
	at org.junit.runners.ParentRunner$1.schedule(ParentRunner.java:52)
	at org.junit.runners.ParentRunner.runChildren(ParentRunner.java:191)
	at org.junit.runners.ParentRunner.access$000(ParentRunner.java:42)
	at org.junit.runners.ParentRunner$2.evaluate(ParentRunner.java:184)
	at org.junit.runners.ParentRunner.run(ParentRunner.java:236)
	at org.apache.maven.surefire.junit4.JUnit4Provider.execute(JUnit4Provider.java:283)
	at org.apache.maven.surefire.junit4.JUnit4Provider.executeWithRerun(JUnit4Provider.java:173)
	at org.apache.maven.surefire.junit4.JUnit4Provider.executeTestSet(JUnit4Provider.java:153)
	at org.apache.maven.surefire.junit4.JUnit4Provider.invoke(JUnit4Provider.java:128)
	at org.apache.maven.surefire.booter.ForkedBooter.invokeProviderInSameClassLoader(ForkedBooter.java:203)
	at org.apache.maven.surefire.booter.ForkedBooter.runSuitesInProcess(ForkedBooter.java:155)
	at org.apache.maven.surefire.booter.ForkedBooter.main(ForkedBooter.java:103)
</error>
  </testcase>
  <testcase name="fetch_record" classname="org.nutz.dao.test.normal.QueryTest" time="0">
    <error message="IocBean[dao -&gt; dataSource] throw Exception when creating" type="org.nutz.ioc.IocException">org.nutz.ioc.IocException: IocBean[dao -> dataSource] throw Exception when creating
	at org.nutz.ioc.impl.ObjectMakerImpl.make(ObjectMakerImpl.java:150)
	at org.nutz.ioc.impl.NutIoc.get(NutIoc.java:210)
	at org.nutz.ioc.val.ReferValue.get(ReferValue.java:24)
	at org.nutz.ioc.impl.ObjectMakerImpl.make(ObjectMakerImpl.java:62)
	at org.nutz.ioc.impl.NutIoc.get(NutIoc.java:210)
	at org.nutz.ioc.impl.NutIoc.get(NutIoc.java:239)
	at org.nutz.dao.test.DaoCase.setUp(DaoCase.java:22)
	at sun.reflect.GeneratedMethodAccessor23.invoke(Unknown Source)
	at sun.reflect.DelegatingMethodAccessorImpl.invoke(DelegatingMethodAccessorImpl.java:43)
	at java.lang.reflect.Method.invoke(Method.java:498)
	at org.junit.runners.model.FrameworkMethod$1.runReflectiveCall(FrameworkMethod.java:44)
	at org.junit.internal.runners.model.ReflectiveCallable.run(ReflectiveCallable.java:15)
	at org.junit.runners.model.FrameworkMethod.invokeExplosively(FrameworkMethod.java:41)
	at org.junit.internal.runners.statements.RunBefores.evaluate(RunBefores.java:27)
	at org.junit.internal.runners.statements.RunAfters.evaluate(RunAfters.java:31)
	at org.junit.runners.BlockJUnit4ClassRunner.runNotIgnored(BlockJUnit4ClassRunner.java:79)
	at org.junit.runners.BlockJUnit4ClassRunner.runChild(BlockJUnit4ClassRunner.java:71)
	at org.junit.runners.BlockJUnit4ClassRunner.runChild(BlockJUnit4ClassRunner.java:49)
	at org.junit.runners.ParentRunner$3.run(ParentRunner.java:193)
	at org.junit.runners.ParentRunner$1.schedule(ParentRunner.java:52)
	at org.junit.runners.ParentRunner.runChildren(ParentRunner.java:191)
	at org.junit.runners.ParentRunner.access$000(ParentRunner.java:42)
	at org.junit.runners.ParentRunner$2.evaluate(ParentRunner.java:184)
	at org.junit.runners.ParentRunner.run(ParentRunner.java:236)
	at org.apache.maven.surefire.junit4.JUnit4Provider.execute(JUnit4Provider.java:283)
	at org.apache.maven.surefire.junit4.JUnit4Provider.executeWithRerun(JUnit4Provider.java:173)
	at org.apache.maven.surefire.junit4.JUnit4Provider.executeTestSet(JUnit4Provider.java:153)
	at org.apache.maven.surefire.junit4.JUnit4Provider.invoke(JUnit4Provider.java:128)
	at org.apache.maven.surefire.booter.ForkedBooter.invokeProviderInSameClassLoader(ForkedBooter.java:203)
	at org.apache.maven.surefire.booter.ForkedBooter.runSuitesInProcess(ForkedBooter.java:155)
	at org.apache.maven.surefire.booter.ForkedBooter.main(ForkedBooter.java:103)
Caused by: java.lang.RuntimeException: IocBean[dataSource] fail at field=[driverClassName]
	at org.nutz.ioc.weaver.FieldInjector.inject(FieldInjector.java:40)
	at org.nutz.ioc.weaver.DefaultWeaver.fill(DefaultWeaver.java:56)
	at org.nutz.ioc.impl.ObjectMakerImpl.make(ObjectMakerImpl.java:136)
	at org.nutz.ioc.impl.NutIoc.get(NutIoc.java:210)
	at org.nutz.ioc.val.ReferValue.get(ReferValue.java:24)
	at org.nutz.ioc.impl.ObjectMakerImpl.make(ObjectMakerImpl.java:62)
	at org.nutz.ioc.impl.NutIoc.get(NutIoc.java:210)
	at org.nutz.ioc.impl.NutIoc.get(NutIoc.java:239)
	at org.nutz.dao.test.DaoCase.setUp(DaoCase.java:22)
	at sun.reflect.GeneratedMethodAccessor23.invoke(Unknown Source)
	at sun.reflect.DelegatingMethodAccessorImpl.invoke(DelegatingMethodAccessorImpl.java:43)
	at java.lang.reflect.Method.invoke(Method.java:498)
	at org.junit.runners.model.FrameworkMethod$1.runReflectiveCall(FrameworkMethod.java:44)
	at org.junit.internal.runners.model.ReflectiveCallable.run(ReflectiveCallable.java:15)
	at org.junit.runners.model.FrameworkMethod.invokeExplosively(FrameworkMethod.java:41)
	at org.junit.internal.runners.statements.RunBefores.evaluate(RunBefores.java:27)
	at org.junit.internal.runners.statements.RunAfters.evaluate(RunAfters.java:31)
	at org.junit.runners.BlockJUnit4ClassRunner.runNotIgnored(BlockJUnit4ClassRunner.java:79)
	at org.junit.runners.BlockJUnit4ClassRunner.runChild(BlockJUnit4ClassRunner.java:71)
	at org.junit.runners.BlockJUnit4ClassRunner.runChild(BlockJUnit4ClassRunner.java:49)
	at org.junit.runners.ParentRunner$3.run(ParentRunner.java:193)
	at org.junit.runners.ParentRunner$1.schedule(ParentRunner.java:52)
	at org.junit.runners.ParentRunner.runChildren(ParentRunner.java:191)
	at org.junit.runners.ParentRunner.access$000(ParentRunner.java:42)
	at org.junit.runners.ParentRunner$2.evaluate(ParentRunner.java:184)
	at org.junit.runners.ParentRunner.run(ParentRunner.java:236)
	at org.apache.maven.surefire.junit4.JUnit4Provider.execute(JUnit4Provider.java:283)
	at org.apache.maven.surefire.junit4.JUnit4Provider.executeWithRerun(JUnit4Provider.java:173)
	at org.apache.maven.surefire.junit4.JUnit4Provider.executeTestSet(JUnit4Provider.java:153)
	at org.apache.maven.surefire.junit4.JUnit4Provider.invoke(JUnit4Provider.java:128)
	at org.apache.maven.surefire.booter.ForkedBooter.invokeProviderInSameClassLoader(ForkedBooter.java:203)
	at org.apache.maven.surefire.booter.ForkedBooter.runSuitesInProcess(ForkedBooter.java:155)
	at org.apache.maven.surefire.booter.ForkedBooter.main(ForkedBooter.java:103)
Caused by: org.nutz.ioc.IocException: IocBean[config] throw Exception when creating
	at org.nutz.ioc.impl.ObjectMakerImpl.make(ObjectMakerImpl.java:150)
	at org.nutz.ioc.impl.NutIoc.get(NutIoc.java:210)
	at org.nutz.ioc.impl.NutIoc.get(NutIoc.java:239)
	at org.nutz.ioc.java.IocObjectNode.getValue(IocObjectNode.java:19)
	at org.nutz.ioc.java.ChainNode.eval(ChainNode.java:24)
	at org.nutz.ioc.java.ChainNode.eval(ChainNode.java:19)
	at org.nutz.ioc.val.JavaValue.get(JavaValue.java:69)
	at org.nutz.ioc.weaver.FieldInjector.inject(FieldInjector.java:32)
	at org.nutz.ioc.weaver.DefaultWeaver.fill(DefaultWeaver.java:56)
	at org.nutz.ioc.impl.ObjectMakerImpl.make(ObjectMakerImpl.java:136)
	at org.nutz.ioc.impl.NutIoc.get(NutIoc.java:210)
	at org.nutz.ioc.val.ReferValue.get(ReferValue.java:24)
	at org.nutz.ioc.impl.ObjectMakerImpl.make(ObjectMakerImpl.java:62)
	at org.nutz.ioc.impl.NutIoc.get(NutIoc.java:210)
	at org.nutz.ioc.impl.NutIoc.get(NutIoc.java:239)
	at org.nutz.dao.test.DaoCase.setUp(DaoCase.java:22)
	at sun.reflect.GeneratedMethodAccessor23.invoke(Unknown Source)
	at sun.reflect.DelegatingMethodAccessorImpl.invoke(DelegatingMethodAccessorImpl.java:43)
	at java.lang.reflect.Method.invoke(Method.java:498)
	at org.junit.runners.model.FrameworkMethod$1.runReflectiveCall(FrameworkMethod.java:44)
	at org.junit.internal.runners.model.ReflectiveCallable.run(ReflectiveCallable.java:15)
	at org.junit.runners.model.FrameworkMethod.invokeExplosively(FrameworkMethod.java:41)
	at org.junit.internal.runners.statements.RunBefores.evaluate(RunBefores.java:27)
	at org.junit.internal.runners.statements.RunAfters.evaluate(RunAfters.java:31)
	at org.junit.runners.BlockJUnit4ClassRunner.runNotIgnored(BlockJUnit4ClassRunner.java:79)
	at org.junit.runners.BlockJUnit4ClassRunner.runChild(BlockJUnit4ClassRunner.java:71)
	at org.junit.runners.BlockJUnit4ClassRunner.runChild(BlockJUnit4ClassRunner.java:49)
	at org.junit.runners.ParentRunner$3.run(ParentRunner.java:193)
	at org.junit.runners.ParentRunner$1.schedule(ParentRunner.java:52)
	at org.junit.runners.ParentRunner.runChildren(ParentRunner.java:191)
	at org.junit.runners.ParentRunner.access$000(ParentRunner.java:42)
	at org.junit.runners.ParentRunner$2.evaluate(ParentRunner.java:184)
	at org.junit.runners.ParentRunner.run(ParentRunner.java:236)
	at org.apache.maven.surefire.junit4.JUnit4Provider.execute(JUnit4Provider.java:283)
	at org.apache.maven.surefire.junit4.JUnit4Provider.executeWithRerun(JUnit4Provider.java:173)
	at org.apache.maven.surefire.junit4.JUnit4Provider.executeTestSet(JUnit4Provider.java:153)
	at org.apache.maven.surefire.junit4.JUnit4Provider.invoke(JUnit4Provider.java:128)
	at org.apache.maven.surefire.booter.ForkedBooter.invokeProviderInSameClassLoader(ForkedBooter.java:203)
	at org.apache.maven.surefire.booter.ForkedBooter.runSuitesInProcess(ForkedBooter.java:155)
	at org.apache.maven.surefire.booter.ForkedBooter.main(ForkedBooter.java:103)
Caused by: java.lang.RuntimeException: IocBean[config] fail at field=[paths]
	at org.nutz.ioc.weaver.FieldInjector.inject(FieldInjector.java:40)
	at org.nutz.ioc.weaver.DefaultWeaver.fill(DefaultWeaver.java:56)
	at org.nutz.ioc.impl.ObjectMakerImpl.make(ObjectMakerImpl.java:136)
	at org.nutz.ioc.impl.NutIoc.get(NutIoc.java:210)
	at org.nutz.ioc.impl.NutIoc.get(NutIoc.java:239)
	at org.nutz.ioc.java.IocObjectNode.getValue(IocObjectNode.java:19)
	at org.nutz.ioc.java.ChainNode.eval(ChainNode.java:24)
	at org.nutz.ioc.java.ChainNode.eval(ChainNode.java:19)
	at org.nutz.ioc.val.JavaValue.get(JavaValue.java:69)
	at org.nutz.ioc.weaver.FieldInjector.inject(FieldInjector.java:32)
	at org.nutz.ioc.weaver.DefaultWeaver.fill(DefaultWeaver.java:56)
	at org.nutz.ioc.impl.ObjectMakerImpl.make(ObjectMakerImpl.java:136)
	at org.nutz.ioc.impl.NutIoc.get(NutIoc.java:210)
	at org.nutz.ioc.val.ReferValue.get(ReferValue.java:24)
	at org.nutz.ioc.impl.ObjectMakerImpl.make(ObjectMakerImpl.java:62)
	at org.nutz.ioc.impl.NutIoc.get(NutIoc.java:210)
	at org.nutz.ioc.impl.NutIoc.get(NutIoc.java:239)
	at org.nutz.dao.test.DaoCase.setUp(DaoCase.java:22)
	at sun.reflect.GeneratedMethodAccessor23.invoke(Unknown Source)
	at sun.reflect.DelegatingMethodAccessorImpl.invoke(DelegatingMethodAccessorImpl.java:43)
	at java.lang.reflect.Method.invoke(Method.java:498)
	at org.junit.runners.model.FrameworkMethod$1.runReflectiveCall(FrameworkMethod.java:44)
	at org.junit.internal.runners.model.ReflectiveCallable.run(ReflectiveCallable.java:15)
	at org.junit.runners.model.FrameworkMethod.invokeExplosively(FrameworkMethod.java:41)
	at org.junit.internal.runners.statements.RunBefores.evaluate(RunBefores.java:27)
	at org.junit.internal.runners.statements.RunAfters.evaluate(RunAfters.java:31)
	at org.junit.runners.BlockJUnit4ClassRunner.runNotIgnored(BlockJUnit4ClassRunner.java:79)
	at org.junit.runners.BlockJUnit4ClassRunner.runChild(BlockJUnit4ClassRunner.java:71)
	at org.junit.runners.BlockJUnit4ClassRunner.runChild(BlockJUnit4ClassRunner.java:49)
	at org.junit.runners.ParentRunner$3.run(ParentRunner.java:193)
	at org.junit.runners.ParentRunner$1.schedule(ParentRunner.java:52)
	at org.junit.runners.ParentRunner.runChildren(ParentRunner.java:191)
	at org.junit.runners.ParentRunner.access$000(ParentRunner.java:42)
	at org.junit.runners.ParentRunner$2.evaluate(ParentRunner.java:184)
	at org.junit.runners.ParentRunner.run(ParentRunner.java:236)
	at org.apache.maven.surefire.junit4.JUnit4Provider.execute(JUnit4Provider.java:283)
	at org.apache.maven.surefire.junit4.JUnit4Provider.executeWithRerun(JUnit4Provider.java:173)
	at org.apache.maven.surefire.junit4.JUnit4Provider.executeTestSet(JUnit4Provider.java:153)
	at org.apache.maven.surefire.junit4.JUnit4Provider.invoke(JUnit4Provider.java:128)
	at org.apache.maven.surefire.booter.ForkedBooter.invokeProviderInSameClassLoader(ForkedBooter.java:203)
	at org.apache.maven.surefire.booter.ForkedBooter.runSuitesInProcess(ForkedBooter.java:155)
	at org.apache.maven.surefire.booter.ForkedBooter.main(ForkedBooter.java:103)
Caused by: java.lang.RuntimeException: Fail to set '[nutz-test.properties]'[ [Ljava.lang.String;@1e01b133 ] by setter org.nutz.ioc.impl.PropertiesProxy.'setPaths()' because [java.lang.RuntimeException: folder or file like '^.+[.]properties$' no found in nutz-test.properties]: folder or file like '^.+[.]properties$' no found in nutz-test.properties
	at org.nutz.lang.Lang.wrapThrow(Lang.java:167)
	at org.nutz.lang.inject.InjectBySetter.inject(InjectBySetter.java:62)
	at org.nutz.ioc.weaver.FieldInjector.inject(FieldInjector.java:33)
	at org.nutz.ioc.weaver.DefaultWeaver.fill(DefaultWeaver.java:56)
	at org.nutz.ioc.impl.ObjectMakerImpl.make(ObjectMakerImpl.java:136)
	at org.nutz.ioc.impl.NutIoc.get(NutIoc.java:210)
	at org.nutz.ioc.impl.NutIoc.get(NutIoc.java:239)
	at org.nutz.ioc.java.IocObjectNode.getValue(IocObjectNode.java:19)
	at org.nutz.ioc.java.ChainNode.eval(ChainNode.java:24)
	at org.nutz.ioc.java.ChainNode.eval(ChainNode.java:19)
	at org.nutz.ioc.val.JavaValue.get(JavaValue.java:69)
	at org.nutz.ioc.weaver.FieldInjector.inject(FieldInjector.java:32)
	at org.nutz.ioc.weaver.DefaultWeaver.fill(DefaultWeaver.java:56)
	at org.nutz.ioc.impl.ObjectMakerImpl.make(ObjectMakerImpl.java:136)
	at org.nutz.ioc.impl.NutIoc.get(NutIoc.java:210)
	at org.nutz.ioc.val.ReferValue.get(ReferValue.java:24)
	at org.nutz.ioc.impl.ObjectMakerImpl.make(ObjectMakerImpl.java:62)
	at org.nutz.ioc.impl.NutIoc.get(NutIoc.java:210)
	at org.nutz.ioc.impl.NutIoc.get(NutIoc.java:239)
	at org.nutz.dao.test.DaoCase.setUp(DaoCase.java:22)
	at sun.reflect.GeneratedMethodAccessor23.invoke(Unknown Source)
	at sun.reflect.DelegatingMethodAccessorImpl.invoke(DelegatingMethodAccessorImpl.java:43)
	at java.lang.reflect.Method.invoke(Method.java:498)
	at org.junit.runners.model.FrameworkMethod$1.runReflectiveCall(FrameworkMethod.java:44)
	at org.junit.internal.runners.model.ReflectiveCallable.run(ReflectiveCallable.java:15)
	at org.junit.runners.model.FrameworkMethod.invokeExplosively(FrameworkMethod.java:41)
	at org.junit.internal.runners.statements.RunBefores.evaluate(RunBefores.java:27)
	at org.junit.internal.runners.statements.RunAfters.evaluate(RunAfters.java:31)
	at org.junit.runners.BlockJUnit4ClassRunner.runNotIgnored(BlockJUnit4ClassRunner.java:79)
	at org.junit.runners.BlockJUnit4ClassRunner.runChild(BlockJUnit4ClassRunner.java:71)
	at org.junit.runners.BlockJUnit4ClassRunner.runChild(BlockJUnit4ClassRunner.java:49)
	at org.junit.runners.ParentRunner$3.run(ParentRunner.java:193)
	at org.junit.runners.ParentRunner$1.schedule(ParentRunner.java:52)
	at org.junit.runners.ParentRunner.runChildren(ParentRunner.java:191)
	at org.junit.runners.ParentRunner.access$000(ParentRunner.java:42)
	at org.junit.runners.ParentRunner$2.evaluate(ParentRunner.java:184)
	at org.junit.runners.ParentRunner.run(ParentRunner.java:236)
	at org.apache.maven.surefire.junit4.JUnit4Provider.execute(JUnit4Provider.java:283)
	at org.apache.maven.surefire.junit4.JUnit4Provider.executeWithRerun(JUnit4Provider.java:173)
	at org.apache.maven.surefire.junit4.JUnit4Provider.executeTestSet(JUnit4Provider.java:153)
	at org.apache.maven.surefire.junit4.JUnit4Provider.invoke(JUnit4Provider.java:128)
	at org.apache.maven.surefire.booter.ForkedBooter.invokeProviderInSameClassLoader(ForkedBooter.java:203)
	at org.apache.maven.surefire.booter.ForkedBooter.runSuitesInProcess(ForkedBooter.java:155)
	at org.apache.maven.surefire.booter.ForkedBooter.main(ForkedBooter.java:103)
Caused by: java.lang.RuntimeException: folder or file like '^.+[.]properties$' no found in nutz-test.properties
	at org.nutz.lang.Lang.makeThrow(Lang.java:151)
	at org.nutz.resource.Scans.loadResource(Scans.java:112)
	at org.nutz.ioc.impl.PropertiesProxy.getResources(PropertiesProxy.java:153)
	at org.nutz.ioc.impl.PropertiesProxy.setPaths(PropertiesProxy.java:109)
	at org.nutz.ioc.impl.PropertiesProxy$FM$setPaths$d0275b2b871e237a38f11859247d1599.invoke(PropertiesProxy.java)
	at org.nutz.lang.inject.InjectBySetter.inject(InjectBySetter.java:51)
	at org.nutz.ioc.weaver.FieldInjector.inject(FieldInjector.java:33)
	at org.nutz.ioc.weaver.DefaultWeaver.fill(DefaultWeaver.java:56)
	at org.nutz.ioc.impl.ObjectMakerImpl.make(ObjectMakerImpl.java:136)
	at org.nutz.ioc.impl.NutIoc.get(NutIoc.java:210)
	at org.nutz.ioc.impl.NutIoc.get(NutIoc.java:239)
	at org.nutz.ioc.java.IocObjectNode.getValue(IocObjectNode.java:19)
	at org.nutz.ioc.java.ChainNode.eval(ChainNode.java:24)
	at org.nutz.ioc.java.ChainNode.eval(ChainNode.java:19)
	at org.nutz.ioc.val.JavaValue.get(JavaValue.java:69)
	at org.nutz.ioc.weaver.FieldInjector.inject(FieldInjector.java:32)
	at org.nutz.ioc.weaver.DefaultWeaver.fill(DefaultWeaver.java:56)
	at org.nutz.ioc.impl.ObjectMakerImpl.make(ObjectMakerImpl.java:136)
	at org.nutz.ioc.impl.NutIoc.get(NutIoc.java:210)
	at org.nutz.ioc.val.ReferValue.get(ReferValue.java:24)
	at org.nutz.ioc.impl.ObjectMakerImpl.make(ObjectMakerImpl.java:62)
	at org.nutz.ioc.impl.NutIoc.get(NutIoc.java:210)
	at org.nutz.ioc.impl.NutIoc.get(NutIoc.java:239)
	at org.nutz.dao.test.DaoCase.setUp(DaoCase.java:22)
	at sun.reflect.GeneratedMethodAccessor23.invoke(Unknown Source)
	at sun.reflect.DelegatingMethodAccessorImpl.invoke(DelegatingMethodAccessorImpl.java:43)
	at java.lang.reflect.Method.invoke(Method.java:498)
	at org.junit.runners.model.FrameworkMethod$1.runReflectiveCall(FrameworkMethod.java:44)
	at org.junit.internal.runners.model.ReflectiveCallable.run(ReflectiveCallable.java:15)
	at org.junit.runners.model.FrameworkMethod.invokeExplosively(FrameworkMethod.java:41)
	at org.junit.internal.runners.statements.RunBefores.evaluate(RunBefores.java:27)
	at org.junit.internal.runners.statements.RunAfters.evaluate(RunAfters.java:31)
	at org.junit.runners.BlockJUnit4ClassRunner.runNotIgnored(BlockJUnit4ClassRunner.java:79)
	at org.junit.runners.BlockJUnit4ClassRunner.runChild(BlockJUnit4ClassRunner.java:71)
	at org.junit.runners.BlockJUnit4ClassRunner.runChild(BlockJUnit4ClassRunner.java:49)
	at org.junit.runners.ParentRunner$3.run(ParentRunner.java:193)
	at org.junit.runners.ParentRunner$1.schedule(ParentRunner.java:52)
	at org.junit.runners.ParentRunner.runChildren(ParentRunner.java:191)
	at org.junit.runners.ParentRunner.access$000(ParentRunner.java:42)
	at org.junit.runners.ParentRunner$2.evaluate(ParentRunner.java:184)
	at org.junit.runners.ParentRunner.run(ParentRunner.java:236)
	at org.apache.maven.surefire.junit4.JUnit4Provider.execute(JUnit4Provider.java:283)
	at org.apache.maven.surefire.junit4.JUnit4Provider.executeWithRerun(JUnit4Provider.java:173)
	at org.apache.maven.surefire.junit4.JUnit4Provider.executeTestSet(JUnit4Provider.java:153)
	at org.apache.maven.surefire.junit4.JUnit4Provider.invoke(JUnit4Provider.java:128)
	at org.apache.maven.surefire.booter.ForkedBooter.invokeProviderInSameClassLoader(ForkedBooter.java:203)
	at org.apache.maven.surefire.booter.ForkedBooter.runSuitesInProcess(ForkedBooter.java:155)
	at org.apache.maven.surefire.booter.ForkedBooter.main(ForkedBooter.java:103)
</error>
  </testcase>
  <testcase name="query_records_pager_new" classname="org.nutz.dao.test.normal.QueryTest" time="0">
    <error message="IocBean[dao -&gt; dataSource] throw Exception when creating" type="org.nutz.ioc.IocException">org.nutz.ioc.IocException: IocBean[dao -> dataSource] throw Exception when creating
	at org.nutz.ioc.impl.ObjectMakerImpl.make(ObjectMakerImpl.java:150)
	at org.nutz.ioc.impl.NutIoc.get(NutIoc.java:210)
	at org.nutz.ioc.val.ReferValue.get(ReferValue.java:24)
	at org.nutz.ioc.impl.ObjectMakerImpl.make(ObjectMakerImpl.java:62)
	at org.nutz.ioc.impl.NutIoc.get(NutIoc.java:210)
	at org.nutz.ioc.impl.NutIoc.get(NutIoc.java:239)
	at org.nutz.dao.test.DaoCase.setUp(DaoCase.java:22)
	at sun.reflect.GeneratedMethodAccessor23.invoke(Unknown Source)
	at sun.reflect.DelegatingMethodAccessorImpl.invoke(DelegatingMethodAccessorImpl.java:43)
	at java.lang.reflect.Method.invoke(Method.java:498)
	at org.junit.runners.model.FrameworkMethod$1.runReflectiveCall(FrameworkMethod.java:44)
	at org.junit.internal.runners.model.ReflectiveCallable.run(ReflectiveCallable.java:15)
	at org.junit.runners.model.FrameworkMethod.invokeExplosively(FrameworkMethod.java:41)
	at org.junit.internal.runners.statements.RunBefores.evaluate(RunBefores.java:27)
	at org.junit.internal.runners.statements.RunAfters.evaluate(RunAfters.java:31)
	at org.junit.runners.BlockJUnit4ClassRunner.runNotIgnored(BlockJUnit4ClassRunner.java:79)
	at org.junit.runners.BlockJUnit4ClassRunner.runChild(BlockJUnit4ClassRunner.java:71)
	at org.junit.runners.BlockJUnit4ClassRunner.runChild(BlockJUnit4ClassRunner.java:49)
	at org.junit.runners.ParentRunner$3.run(ParentRunner.java:193)
	at org.junit.runners.ParentRunner$1.schedule(ParentRunner.java:52)
	at org.junit.runners.ParentRunner.runChildren(ParentRunner.java:191)
	at org.junit.runners.ParentRunner.access$000(ParentRunner.java:42)
	at org.junit.runners.ParentRunner$2.evaluate(ParentRunner.java:184)
	at org.junit.runners.ParentRunner.run(ParentRunner.java:236)
	at org.apache.maven.surefire.junit4.JUnit4Provider.execute(JUnit4Provider.java:283)
	at org.apache.maven.surefire.junit4.JUnit4Provider.executeWithRerun(JUnit4Provider.java:173)
	at org.apache.maven.surefire.junit4.JUnit4Provider.executeTestSet(JUnit4Provider.java:153)
	at org.apache.maven.surefire.junit4.JUnit4Provider.invoke(JUnit4Provider.java:128)
	at org.apache.maven.surefire.booter.ForkedBooter.invokeProviderInSameClassLoader(ForkedBooter.java:203)
	at org.apache.maven.surefire.booter.ForkedBooter.runSuitesInProcess(ForkedBooter.java:155)
	at org.apache.maven.surefire.booter.ForkedBooter.main(ForkedBooter.java:103)
Caused by: java.lang.RuntimeException: IocBean[dataSource] fail at field=[driverClassName]
	at org.nutz.ioc.weaver.FieldInjector.inject(FieldInjector.java:40)
	at org.nutz.ioc.weaver.DefaultWeaver.fill(DefaultWeaver.java:56)
	at org.nutz.ioc.impl.ObjectMakerImpl.make(ObjectMakerImpl.java:136)
	at org.nutz.ioc.impl.NutIoc.get(NutIoc.java:210)
	at org.nutz.ioc.val.ReferValue.get(ReferValue.java:24)
	at org.nutz.ioc.impl.ObjectMakerImpl.make(ObjectMakerImpl.java:62)
	at org.nutz.ioc.impl.NutIoc.get(NutIoc.java:210)
	at org.nutz.ioc.impl.NutIoc.get(NutIoc.java:239)
	at org.nutz.dao.test.DaoCase.setUp(DaoCase.java:22)
	at sun.reflect.GeneratedMethodAccessor23.invoke(Unknown Source)
	at sun.reflect.DelegatingMethodAccessorImpl.invoke(DelegatingMethodAccessorImpl.java:43)
	at java.lang.reflect.Method.invoke(Method.java:498)
	at org.junit.runners.model.FrameworkMethod$1.runReflectiveCall(FrameworkMethod.java:44)
	at org.junit.internal.runners.model.ReflectiveCallable.run(ReflectiveCallable.java:15)
	at org.junit.runners.model.FrameworkMethod.invokeExplosively(FrameworkMethod.java:41)
	at org.junit.internal.runners.statements.RunBefores.evaluate(RunBefores.java:27)
	at org.junit.internal.runners.statements.RunAfters.evaluate(RunAfters.java:31)
	at org.junit.runners.BlockJUnit4ClassRunner.runNotIgnored(BlockJUnit4ClassRunner.java:79)
	at org.junit.runners.BlockJUnit4ClassRunner.runChild(BlockJUnit4ClassRunner.java:71)
	at org.junit.runners.BlockJUnit4ClassRunner.runChild(BlockJUnit4ClassRunner.java:49)
	at org.junit.runners.ParentRunner$3.run(ParentRunner.java:193)
	at org.junit.runners.ParentRunner$1.schedule(ParentRunner.java:52)
	at org.junit.runners.ParentRunner.runChildren(ParentRunner.java:191)
	at org.junit.runners.ParentRunner.access$000(ParentRunner.java:42)
	at org.junit.runners.ParentRunner$2.evaluate(ParentRunner.java:184)
	at org.junit.runners.ParentRunner.run(ParentRunner.java:236)
	at org.apache.maven.surefire.junit4.JUnit4Provider.execute(JUnit4Provider.java:283)
	at org.apache.maven.surefire.junit4.JUnit4Provider.executeWithRerun(JUnit4Provider.java:173)
	at org.apache.maven.surefire.junit4.JUnit4Provider.executeTestSet(JUnit4Provider.java:153)
	at org.apache.maven.surefire.junit4.JUnit4Provider.invoke(JUnit4Provider.java:128)
	at org.apache.maven.surefire.booter.ForkedBooter.invokeProviderInSameClassLoader(ForkedBooter.java:203)
	at org.apache.maven.surefire.booter.ForkedBooter.runSuitesInProcess(ForkedBooter.java:155)
	at org.apache.maven.surefire.booter.ForkedBooter.main(ForkedBooter.java:103)
Caused by: org.nutz.ioc.IocException: IocBean[config] throw Exception when creating
	at org.nutz.ioc.impl.ObjectMakerImpl.make(ObjectMakerImpl.java:150)
	at org.nutz.ioc.impl.NutIoc.get(NutIoc.java:210)
	at org.nutz.ioc.impl.NutIoc.get(NutIoc.java:239)
	at org.nutz.ioc.java.IocObjectNode.getValue(IocObjectNode.java:19)
	at org.nutz.ioc.java.ChainNode.eval(ChainNode.java:24)
	at org.nutz.ioc.java.ChainNode.eval(ChainNode.java:19)
	at org.nutz.ioc.val.JavaValue.get(JavaValue.java:69)
	at org.nutz.ioc.weaver.FieldInjector.inject(FieldInjector.java:32)
	at org.nutz.ioc.weaver.DefaultWeaver.fill(DefaultWeaver.java:56)
	at org.nutz.ioc.impl.ObjectMakerImpl.make(ObjectMakerImpl.java:136)
	at org.nutz.ioc.impl.NutIoc.get(NutIoc.java:210)
	at org.nutz.ioc.val.ReferValue.get(ReferValue.java:24)
	at org.nutz.ioc.impl.ObjectMakerImpl.make(ObjectMakerImpl.java:62)
	at org.nutz.ioc.impl.NutIoc.get(NutIoc.java:210)
	at org.nutz.ioc.impl.NutIoc.get(NutIoc.java:239)
	at org.nutz.dao.test.DaoCase.setUp(DaoCase.java:22)
	at sun.reflect.GeneratedMethodAccessor23.invoke(Unknown Source)
	at sun.reflect.DelegatingMethodAccessorImpl.invoke(DelegatingMethodAccessorImpl.java:43)
	at java.lang.reflect.Method.invoke(Method.java:498)
	at org.junit.runners.model.FrameworkMethod$1.runReflectiveCall(FrameworkMethod.java:44)
	at org.junit.internal.runners.model.ReflectiveCallable.run(ReflectiveCallable.java:15)
	at org.junit.runners.model.FrameworkMethod.invokeExplosively(FrameworkMethod.java:41)
	at org.junit.internal.runners.statements.RunBefores.evaluate(RunBefores.java:27)
	at org.junit.internal.runners.statements.RunAfters.evaluate(RunAfters.java:31)
	at org.junit.runners.BlockJUnit4ClassRunner.runNotIgnored(BlockJUnit4ClassRunner.java:79)
	at org.junit.runners.BlockJUnit4ClassRunner.runChild(BlockJUnit4ClassRunner.java:71)
	at org.junit.runners.BlockJUnit4ClassRunner.runChild(BlockJUnit4ClassRunner.java:49)
	at org.junit.runners.ParentRunner$3.run(ParentRunner.java:193)
	at org.junit.runners.ParentRunner$1.schedule(ParentRunner.java:52)
	at org.junit.runners.ParentRunner.runChildren(ParentRunner.java:191)
	at org.junit.runners.ParentRunner.access$000(ParentRunner.java:42)
	at org.junit.runners.ParentRunner$2.evaluate(ParentRunner.java:184)
	at org.junit.runners.ParentRunner.run(ParentRunner.java:236)
	at org.apache.maven.surefire.junit4.JUnit4Provider.execute(JUnit4Provider.java:283)
	at org.apache.maven.surefire.junit4.JUnit4Provider.executeWithRerun(JUnit4Provider.java:173)
	at org.apache.maven.surefire.junit4.JUnit4Provider.executeTestSet(JUnit4Provider.java:153)
	at org.apache.maven.surefire.junit4.JUnit4Provider.invoke(JUnit4Provider.java:128)
	at org.apache.maven.surefire.booter.ForkedBooter.invokeProviderInSameClassLoader(ForkedBooter.java:203)
	at org.apache.maven.surefire.booter.ForkedBooter.runSuitesInProcess(ForkedBooter.java:155)
	at org.apache.maven.surefire.booter.ForkedBooter.main(ForkedBooter.java:103)
Caused by: java.lang.RuntimeException: IocBean[config] fail at field=[paths]
	at org.nutz.ioc.weaver.FieldInjector.inject(FieldInjector.java:40)
	at org.nutz.ioc.weaver.DefaultWeaver.fill(DefaultWeaver.java:56)
	at org.nutz.ioc.impl.ObjectMakerImpl.make(ObjectMakerImpl.java:136)
	at org.nutz.ioc.impl.NutIoc.get(NutIoc.java:210)
	at org.nutz.ioc.impl.NutIoc.get(NutIoc.java:239)
	at org.nutz.ioc.java.IocObjectNode.getValue(IocObjectNode.java:19)
	at org.nutz.ioc.java.ChainNode.eval(ChainNode.java:24)
	at org.nutz.ioc.java.ChainNode.eval(ChainNode.java:19)
	at org.nutz.ioc.val.JavaValue.get(JavaValue.java:69)
	at org.nutz.ioc.weaver.FieldInjector.inject(FieldInjector.java:32)
	at org.nutz.ioc.weaver.DefaultWeaver.fill(DefaultWeaver.java:56)
	at org.nutz.ioc.impl.ObjectMakerImpl.make(ObjectMakerImpl.java:136)
	at org.nutz.ioc.impl.NutIoc.get(NutIoc.java:210)
	at org.nutz.ioc.val.ReferValue.get(ReferValue.java:24)
	at org.nutz.ioc.impl.ObjectMakerImpl.make(ObjectMakerImpl.java:62)
	at org.nutz.ioc.impl.NutIoc.get(NutIoc.java:210)
	at org.nutz.ioc.impl.NutIoc.get(NutIoc.java:239)
	at org.nutz.dao.test.DaoCase.setUp(DaoCase.java:22)
	at sun.reflect.GeneratedMethodAccessor23.invoke(Unknown Source)
	at sun.reflect.DelegatingMethodAccessorImpl.invoke(DelegatingMethodAccessorImpl.java:43)
	at java.lang.reflect.Method.invoke(Method.java:498)
	at org.junit.runners.model.FrameworkMethod$1.runReflectiveCall(FrameworkMethod.java:44)
	at org.junit.internal.runners.model.ReflectiveCallable.run(ReflectiveCallable.java:15)
	at org.junit.runners.model.FrameworkMethod.invokeExplosively(FrameworkMethod.java:41)
	at org.junit.internal.runners.statements.RunBefores.evaluate(RunBefores.java:27)
	at org.junit.internal.runners.statements.RunAfters.evaluate(RunAfters.java:31)
	at org.junit.runners.BlockJUnit4ClassRunner.runNotIgnored(BlockJUnit4ClassRunner.java:79)
	at org.junit.runners.BlockJUnit4ClassRunner.runChild(BlockJUnit4ClassRunner.java:71)
	at org.junit.runners.BlockJUnit4ClassRunner.runChild(BlockJUnit4ClassRunner.java:49)
	at org.junit.runners.ParentRunner$3.run(ParentRunner.java:193)
	at org.junit.runners.ParentRunner$1.schedule(ParentRunner.java:52)
	at org.junit.runners.ParentRunner.runChildren(ParentRunner.java:191)
	at org.junit.runners.ParentRunner.access$000(ParentRunner.java:42)
	at org.junit.runners.ParentRunner$2.evaluate(ParentRunner.java:184)
	at org.junit.runners.ParentRunner.run(ParentRunner.java:236)
	at org.apache.maven.surefire.junit4.JUnit4Provider.execute(JUnit4Provider.java:283)
	at org.apache.maven.surefire.junit4.JUnit4Provider.executeWithRerun(JUnit4Provider.java:173)
	at org.apache.maven.surefire.junit4.JUnit4Provider.executeTestSet(JUnit4Provider.java:153)
	at org.apache.maven.surefire.junit4.JUnit4Provider.invoke(JUnit4Provider.java:128)
	at org.apache.maven.surefire.booter.ForkedBooter.invokeProviderInSameClassLoader(ForkedBooter.java:203)
	at org.apache.maven.surefire.booter.ForkedBooter.runSuitesInProcess(ForkedBooter.java:155)
	at org.apache.maven.surefire.booter.ForkedBooter.main(ForkedBooter.java:103)
Caused by: java.lang.RuntimeException: Fail to set '[nutz-test.properties]'[ [Ljava.lang.String;@262a1fad ] by setter org.nutz.ioc.impl.PropertiesProxy.'setPaths()' because [java.lang.RuntimeException: folder or file like '^.+[.]properties$' no found in nutz-test.properties]: folder or file like '^.+[.]properties$' no found in nutz-test.properties
	at org.nutz.lang.Lang.wrapThrow(Lang.java:167)
	at org.nutz.lang.inject.InjectBySetter.inject(InjectBySetter.java:62)
	at org.nutz.ioc.weaver.FieldInjector.inject(FieldInjector.java:33)
	at org.nutz.ioc.weaver.DefaultWeaver.fill(DefaultWeaver.java:56)
	at org.nutz.ioc.impl.ObjectMakerImpl.make(ObjectMakerImpl.java:136)
	at org.nutz.ioc.impl.NutIoc.get(NutIoc.java:210)
	at org.nutz.ioc.impl.NutIoc.get(NutIoc.java:239)
	at org.nutz.ioc.java.IocObjectNode.getValue(IocObjectNode.java:19)
	at org.nutz.ioc.java.ChainNode.eval(ChainNode.java:24)
	at org.nutz.ioc.java.ChainNode.eval(ChainNode.java:19)
	at org.nutz.ioc.val.JavaValue.get(JavaValue.java:69)
	at org.nutz.ioc.weaver.FieldInjector.inject(FieldInjector.java:32)
	at org.nutz.ioc.weaver.DefaultWeaver.fill(DefaultWeaver.java:56)
	at org.nutz.ioc.impl.ObjectMakerImpl.make(ObjectMakerImpl.java:136)
	at org.nutz.ioc.impl.NutIoc.get(NutIoc.java:210)
	at org.nutz.ioc.val.ReferValue.get(ReferValue.java:24)
	at org.nutz.ioc.impl.ObjectMakerImpl.make(ObjectMakerImpl.java:62)
	at org.nutz.ioc.impl.NutIoc.get(NutIoc.java:210)
	at org.nutz.ioc.impl.NutIoc.get(NutIoc.java:239)
	at org.nutz.dao.test.DaoCase.setUp(DaoCase.java:22)
	at sun.reflect.GeneratedMethodAccessor23.invoke(Unknown Source)
	at sun.reflect.DelegatingMethodAccessorImpl.invoke(DelegatingMethodAccessorImpl.java:43)
	at java.lang.reflect.Method.invoke(Method.java:498)
	at org.junit.runners.model.FrameworkMethod$1.runReflectiveCall(FrameworkMethod.java:44)
	at org.junit.internal.runners.model.ReflectiveCallable.run(ReflectiveCallable.java:15)
	at org.junit.runners.model.FrameworkMethod.invokeExplosively(FrameworkMethod.java:41)
	at org.junit.internal.runners.statements.RunBefores.evaluate(RunBefores.java:27)
	at org.junit.internal.runners.statements.RunAfters.evaluate(RunAfters.java:31)
	at org.junit.runners.BlockJUnit4ClassRunner.runNotIgnored(BlockJUnit4ClassRunner.java:79)
	at org.junit.runners.BlockJUnit4ClassRunner.runChild(BlockJUnit4ClassRunner.java:71)
	at org.junit.runners.BlockJUnit4ClassRunner.runChild(BlockJUnit4ClassRunner.java:49)
	at org.junit.runners.ParentRunner$3.run(ParentRunner.java:193)
	at org.junit.runners.ParentRunner$1.schedule(ParentRunner.java:52)
	at org.junit.runners.ParentRunner.runChildren(ParentRunner.java:191)
	at org.junit.runners.ParentRunner.access$000(ParentRunner.java:42)
	at org.junit.runners.ParentRunner$2.evaluate(ParentRunner.java:184)
	at org.junit.runners.ParentRunner.run(ParentRunner.java:236)
	at org.apache.maven.surefire.junit4.JUnit4Provider.execute(JUnit4Provider.java:283)
	at org.apache.maven.surefire.junit4.JUnit4Provider.executeWithRerun(JUnit4Provider.java:173)
	at org.apache.maven.surefire.junit4.JUnit4Provider.executeTestSet(JUnit4Provider.java:153)
	at org.apache.maven.surefire.junit4.JUnit4Provider.invoke(JUnit4Provider.java:128)
	at org.apache.maven.surefire.booter.ForkedBooter.invokeProviderInSameClassLoader(ForkedBooter.java:203)
	at org.apache.maven.surefire.booter.ForkedBooter.runSuitesInProcess(ForkedBooter.java:155)
	at org.apache.maven.surefire.booter.ForkedBooter.main(ForkedBooter.java:103)
Caused by: java.lang.RuntimeException: folder or file like '^.+[.]properties$' no found in nutz-test.properties
	at org.nutz.lang.Lang.makeThrow(Lang.java:151)
	at org.nutz.resource.Scans.loadResource(Scans.java:112)
	at org.nutz.ioc.impl.PropertiesProxy.getResources(PropertiesProxy.java:153)
	at org.nutz.ioc.impl.PropertiesProxy.setPaths(PropertiesProxy.java:109)
	at org.nutz.ioc.impl.PropertiesProxy$FM$setPaths$d0275b2b871e237a38f11859247d1599.invoke(PropertiesProxy.java)
	at org.nutz.lang.inject.InjectBySetter.inject(InjectBySetter.java:51)
	at org.nutz.ioc.weaver.FieldInjector.inject(FieldInjector.java:33)
	at org.nutz.ioc.weaver.DefaultWeaver.fill(DefaultWeaver.java:56)
	at org.nutz.ioc.impl.ObjectMakerImpl.make(ObjectMakerImpl.java:136)
	at org.nutz.ioc.impl.NutIoc.get(NutIoc.java:210)
	at org.nutz.ioc.impl.NutIoc.get(NutIoc.java:239)
	at org.nutz.ioc.java.IocObjectNode.getValue(IocObjectNode.java:19)
	at org.nutz.ioc.java.ChainNode.eval(ChainNode.java:24)
	at org.nutz.ioc.java.ChainNode.eval(ChainNode.java:19)
	at org.nutz.ioc.val.JavaValue.get(JavaValue.java:69)
	at org.nutz.ioc.weaver.FieldInjector.inject(FieldInjector.java:32)
	at org.nutz.ioc.weaver.DefaultWeaver.fill(DefaultWeaver.java:56)
	at org.nutz.ioc.impl.ObjectMakerImpl.make(ObjectMakerImpl.java:136)
	at org.nutz.ioc.impl.NutIoc.get(NutIoc.java:210)
	at org.nutz.ioc.val.ReferValue.get(ReferValue.java:24)
	at org.nutz.ioc.impl.ObjectMakerImpl.make(ObjectMakerImpl.java:62)
	at org.nutz.ioc.impl.NutIoc.get(NutIoc.java:210)
	at org.nutz.ioc.impl.NutIoc.get(NutIoc.java:239)
	at org.nutz.dao.test.DaoCase.setUp(DaoCase.java:22)
	at sun.reflect.GeneratedMethodAccessor23.invoke(Unknown Source)
	at sun.reflect.DelegatingMethodAccessorImpl.invoke(DelegatingMethodAccessorImpl.java:43)
	at java.lang.reflect.Method.invoke(Method.java:498)
	at org.junit.runners.model.FrameworkMethod$1.runReflectiveCall(FrameworkMethod.java:44)
	at org.junit.internal.runners.model.ReflectiveCallable.run(ReflectiveCallable.java:15)
	at org.junit.runners.model.FrameworkMethod.invokeExplosively(FrameworkMethod.java:41)
	at org.junit.internal.runners.statements.RunBefores.evaluate(RunBefores.java:27)
	at org.junit.internal.runners.statements.RunAfters.evaluate(RunAfters.java:31)
	at org.junit.runners.BlockJUnit4ClassRunner.runNotIgnored(BlockJUnit4ClassRunner.java:79)
	at org.junit.runners.BlockJUnit4ClassRunner.runChild(BlockJUnit4ClassRunner.java:71)
	at org.junit.runners.BlockJUnit4ClassRunner.runChild(BlockJUnit4ClassRunner.java:49)
	at org.junit.runners.ParentRunner$3.run(ParentRunner.java:193)
	at org.junit.runners.ParentRunner$1.schedule(ParentRunner.java:52)
	at org.junit.runners.ParentRunner.runChildren(ParentRunner.java:191)
	at org.junit.runners.ParentRunner.access$000(ParentRunner.java:42)
	at org.junit.runners.ParentRunner$2.evaluate(ParentRunner.java:184)
	at org.junit.runners.ParentRunner.run(ParentRunner.java:236)
	at org.apache.maven.surefire.junit4.JUnit4Provider.execute(JUnit4Provider.java:283)
	at org.apache.maven.surefire.junit4.JUnit4Provider.executeWithRerun(JUnit4Provider.java:173)
	at org.apache.maven.surefire.junit4.JUnit4Provider.executeTestSet(JUnit4Provider.java:153)
	at org.apache.maven.surefire.junit4.JUnit4Provider.invoke(JUnit4Provider.java:128)
	at org.apache.maven.surefire.booter.ForkedBooter.invokeProviderInSameClassLoader(ForkedBooter.java:203)
	at org.apache.maven.surefire.booter.ForkedBooter.runSuitesInProcess(ForkedBooter.java:155)
	at org.apache.maven.surefire.booter.ForkedBooter.main(ForkedBooter.java:103)
</error>
  </testcase>
  <testcase name="fetchLinks_with_cnd" classname="org.nutz.dao.test.normal.QueryTest" time="0.001">
    <error message="IocBean[dao -&gt; dataSource] throw Exception when creating" type="org.nutz.ioc.IocException">org.nutz.ioc.IocException: IocBean[dao -> dataSource] throw Exception when creating
	at org.nutz.ioc.impl.ObjectMakerImpl.make(ObjectMakerImpl.java:150)
	at org.nutz.ioc.impl.NutIoc.get(NutIoc.java:210)
	at org.nutz.ioc.val.ReferValue.get(ReferValue.java:24)
	at org.nutz.ioc.impl.ObjectMakerImpl.make(ObjectMakerImpl.java:62)
	at org.nutz.ioc.impl.NutIoc.get(NutIoc.java:210)
	at org.nutz.ioc.impl.NutIoc.get(NutIoc.java:239)
	at org.nutz.dao.test.DaoCase.setUp(DaoCase.java:22)
	at sun.reflect.GeneratedMethodAccessor23.invoke(Unknown Source)
	at sun.reflect.DelegatingMethodAccessorImpl.invoke(DelegatingMethodAccessorImpl.java:43)
	at java.lang.reflect.Method.invoke(Method.java:498)
	at org.junit.runners.model.FrameworkMethod$1.runReflectiveCall(FrameworkMethod.java:44)
	at org.junit.internal.runners.model.ReflectiveCallable.run(ReflectiveCallable.java:15)
	at org.junit.runners.model.FrameworkMethod.invokeExplosively(FrameworkMethod.java:41)
	at org.junit.internal.runners.statements.RunBefores.evaluate(RunBefores.java:27)
	at org.junit.internal.runners.statements.RunAfters.evaluate(RunAfters.java:31)
	at org.junit.runners.BlockJUnit4ClassRunner.runNotIgnored(BlockJUnit4ClassRunner.java:79)
	at org.junit.runners.BlockJUnit4ClassRunner.runChild(BlockJUnit4ClassRunner.java:71)
	at org.junit.runners.BlockJUnit4ClassRunner.runChild(BlockJUnit4ClassRunner.java:49)
	at org.junit.runners.ParentRunner$3.run(ParentRunner.java:193)
	at org.junit.runners.ParentRunner$1.schedule(ParentRunner.java:52)
	at org.junit.runners.ParentRunner.runChildren(ParentRunner.java:191)
	at org.junit.runners.ParentRunner.access$000(ParentRunner.java:42)
	at org.junit.runners.ParentRunner$2.evaluate(ParentRunner.java:184)
	at org.junit.runners.ParentRunner.run(ParentRunner.java:236)
	at org.apache.maven.surefire.junit4.JUnit4Provider.execute(JUnit4Provider.java:283)
	at org.apache.maven.surefire.junit4.JUnit4Provider.executeWithRerun(JUnit4Provider.java:173)
	at org.apache.maven.surefire.junit4.JUnit4Provider.executeTestSet(JUnit4Provider.java:153)
	at org.apache.maven.surefire.junit4.JUnit4Provider.invoke(JUnit4Provider.java:128)
	at org.apache.maven.surefire.booter.ForkedBooter.invokeProviderInSameClassLoader(ForkedBooter.java:203)
	at org.apache.maven.surefire.booter.ForkedBooter.runSuitesInProcess(ForkedBooter.java:155)
	at org.apache.maven.surefire.booter.ForkedBooter.main(ForkedBooter.java:103)
Caused by: java.lang.RuntimeException: IocBean[dataSource] fail at field=[driverClassName]
	at org.nutz.ioc.weaver.FieldInjector.inject(FieldInjector.java:40)
	at org.nutz.ioc.weaver.DefaultWeaver.fill(DefaultWeaver.java:56)
	at org.nutz.ioc.impl.ObjectMakerImpl.make(ObjectMakerImpl.java:136)
	at org.nutz.ioc.impl.NutIoc.get(NutIoc.java:210)
	at org.nutz.ioc.val.ReferValue.get(ReferValue.java:24)
	at org.nutz.ioc.impl.ObjectMakerImpl.make(ObjectMakerImpl.java:62)
	at org.nutz.ioc.impl.NutIoc.get(NutIoc.java:210)
	at org.nutz.ioc.impl.NutIoc.get(NutIoc.java:239)
	at org.nutz.dao.test.DaoCase.setUp(DaoCase.java:22)
	at sun.reflect.GeneratedMethodAccessor23.invoke(Unknown Source)
	at sun.reflect.DelegatingMethodAccessorImpl.invoke(DelegatingMethodAccessorImpl.java:43)
	at java.lang.reflect.Method.invoke(Method.java:498)
	at org.junit.runners.model.FrameworkMethod$1.runReflectiveCall(FrameworkMethod.java:44)
	at org.junit.internal.runners.model.ReflectiveCallable.run(ReflectiveCallable.java:15)
	at org.junit.runners.model.FrameworkMethod.invokeExplosively(FrameworkMethod.java:41)
	at org.junit.internal.runners.statements.RunBefores.evaluate(RunBefores.java:27)
	at org.junit.internal.runners.statements.RunAfters.evaluate(RunAfters.java:31)
	at org.junit.runners.BlockJUnit4ClassRunner.runNotIgnored(BlockJUnit4ClassRunner.java:79)
	at org.junit.runners.BlockJUnit4ClassRunner.runChild(BlockJUnit4ClassRunner.java:71)
	at org.junit.runners.BlockJUnit4ClassRunner.runChild(BlockJUnit4ClassRunner.java:49)
	at org.junit.runners.ParentRunner$3.run(ParentRunner.java:193)
	at org.junit.runners.ParentRunner$1.schedule(ParentRunner.java:52)
	at org.junit.runners.ParentRunner.runChildren(ParentRunner.java:191)
	at org.junit.runners.ParentRunner.access$000(ParentRunner.java:42)
	at org.junit.runners.ParentRunner$2.evaluate(ParentRunner.java:184)
	at org.junit.runners.ParentRunner.run(ParentRunner.java:236)
	at org.apache.maven.surefire.junit4.JUnit4Provider.execute(JUnit4Provider.java:283)
	at org.apache.maven.surefire.junit4.JUnit4Provider.executeWithRerun(JUnit4Provider.java:173)
	at org.apache.maven.surefire.junit4.JUnit4Provider.executeTestSet(JUnit4Provider.java:153)
	at org.apache.maven.surefire.junit4.JUnit4Provider.invoke(JUnit4Provider.java:128)
	at org.apache.maven.surefire.booter.ForkedBooter.invokeProviderInSameClassLoader(ForkedBooter.java:203)
	at org.apache.maven.surefire.booter.ForkedBooter.runSuitesInProcess(ForkedBooter.java:155)
	at org.apache.maven.surefire.booter.ForkedBooter.main(ForkedBooter.java:103)
Caused by: org.nutz.ioc.IocException: IocBean[config] throw Exception when creating
	at org.nutz.ioc.impl.ObjectMakerImpl.make(ObjectMakerImpl.java:150)
	at org.nutz.ioc.impl.NutIoc.get(NutIoc.java:210)
	at org.nutz.ioc.impl.NutIoc.get(NutIoc.java:239)
	at org.nutz.ioc.java.IocObjectNode.getValue(IocObjectNode.java:19)
	at org.nutz.ioc.java.ChainNode.eval(ChainNode.java:24)
	at org.nutz.ioc.java.ChainNode.eval(ChainNode.java:19)
	at org.nutz.ioc.val.JavaValue.get(JavaValue.java:69)
	at org.nutz.ioc.weaver.FieldInjector.inject(FieldInjector.java:32)
	at org.nutz.ioc.weaver.DefaultWeaver.fill(DefaultWeaver.java:56)
	at org.nutz.ioc.impl.ObjectMakerImpl.make(ObjectMakerImpl.java:136)
	at org.nutz.ioc.impl.NutIoc.get(NutIoc.java:210)
	at org.nutz.ioc.val.ReferValue.get(ReferValue.java:24)
	at org.nutz.ioc.impl.ObjectMakerImpl.make(ObjectMakerImpl.java:62)
	at org.nutz.ioc.impl.NutIoc.get(NutIoc.java:210)
	at org.nutz.ioc.impl.NutIoc.get(NutIoc.java:239)
	at org.nutz.dao.test.DaoCase.setUp(DaoCase.java:22)
	at sun.reflect.GeneratedMethodAccessor23.invoke(Unknown Source)
	at sun.reflect.DelegatingMethodAccessorImpl.invoke(DelegatingMethodAccessorImpl.java:43)
	at java.lang.reflect.Method.invoke(Method.java:498)
	at org.junit.runners.model.FrameworkMethod$1.runReflectiveCall(FrameworkMethod.java:44)
	at org.junit.internal.runners.model.ReflectiveCallable.run(ReflectiveCallable.java:15)
	at org.junit.runners.model.FrameworkMethod.invokeExplosively(FrameworkMethod.java:41)
	at org.junit.internal.runners.statements.RunBefores.evaluate(RunBefores.java:27)
	at org.junit.internal.runners.statements.RunAfters.evaluate(RunAfters.java:31)
	at org.junit.runners.BlockJUnit4ClassRunner.runNotIgnored(BlockJUnit4ClassRunner.java:79)
	at org.junit.runners.BlockJUnit4ClassRunner.runChild(BlockJUnit4ClassRunner.java:71)
	at org.junit.runners.BlockJUnit4ClassRunner.runChild(BlockJUnit4ClassRunner.java:49)
	at org.junit.runners.ParentRunner$3.run(ParentRunner.java:193)
	at org.junit.runners.ParentRunner$1.schedule(ParentRunner.java:52)
	at org.junit.runners.ParentRunner.runChildren(ParentRunner.java:191)
	at org.junit.runners.ParentRunner.access$000(ParentRunner.java:42)
	at org.junit.runners.ParentRunner$2.evaluate(ParentRunner.java:184)
	at org.junit.runners.ParentRunner.run(ParentRunner.java:236)
	at org.apache.maven.surefire.junit4.JUnit4Provider.execute(JUnit4Provider.java:283)
	at org.apache.maven.surefire.junit4.JUnit4Provider.executeWithRerun(JUnit4Provider.java:173)
	at org.apache.maven.surefire.junit4.JUnit4Provider.executeTestSet(JUnit4Provider.java:153)
	at org.apache.maven.surefire.junit4.JUnit4Provider.invoke(JUnit4Provider.java:128)
	at org.apache.maven.surefire.booter.ForkedBooter.invokeProviderInSameClassLoader(ForkedBooter.java:203)
	at org.apache.maven.surefire.booter.ForkedBooter.runSuitesInProcess(ForkedBooter.java:155)
	at org.apache.maven.surefire.booter.ForkedBooter.main(ForkedBooter.java:103)
Caused by: java.lang.RuntimeException: IocBean[config] fail at field=[paths]
	at org.nutz.ioc.weaver.FieldInjector.inject(FieldInjector.java:40)
	at org.nutz.ioc.weaver.DefaultWeaver.fill(DefaultWeaver.java:56)
	at org.nutz.ioc.impl.ObjectMakerImpl.make(ObjectMakerImpl.java:136)
	at org.nutz.ioc.impl.NutIoc.get(NutIoc.java:210)
	at org.nutz.ioc.impl.NutIoc.get(NutIoc.java:239)
	at org.nutz.ioc.java.IocObjectNode.getValue(IocObjectNode.java:19)
	at org.nutz.ioc.java.ChainNode.eval(ChainNode.java:24)
	at org.nutz.ioc.java.ChainNode.eval(ChainNode.java:19)
	at org.nutz.ioc.val.JavaValue.get(JavaValue.java:69)
	at org.nutz.ioc.weaver.FieldInjector.inject(FieldInjector.java:32)
	at org.nutz.ioc.weaver.DefaultWeaver.fill(DefaultWeaver.java:56)
	at org.nutz.ioc.impl.ObjectMakerImpl.make(ObjectMakerImpl.java:136)
	at org.nutz.ioc.impl.NutIoc.get(NutIoc.java:210)
	at org.nutz.ioc.val.ReferValue.get(ReferValue.java:24)
	at org.nutz.ioc.impl.ObjectMakerImpl.make(ObjectMakerImpl.java:62)
	at org.nutz.ioc.impl.NutIoc.get(NutIoc.java:210)
	at org.nutz.ioc.impl.NutIoc.get(NutIoc.java:239)
	at org.nutz.dao.test.DaoCase.setUp(DaoCase.java:22)
	at sun.reflect.GeneratedMethodAccessor23.invoke(Unknown Source)
	at sun.reflect.DelegatingMethodAccessorImpl.invoke(DelegatingMethodAccessorImpl.java:43)
	at java.lang.reflect.Method.invoke(Method.java:498)
	at org.junit.runners.model.FrameworkMethod$1.runReflectiveCall(FrameworkMethod.java:44)
	at org.junit.internal.runners.model.ReflectiveCallable.run(ReflectiveCallable.java:15)
	at org.junit.runners.model.FrameworkMethod.invokeExplosively(FrameworkMethod.java:41)
	at org.junit.internal.runners.statements.RunBefores.evaluate(RunBefores.java:27)
	at org.junit.internal.runners.statements.RunAfters.evaluate(RunAfters.java:31)
	at org.junit.runners.BlockJUnit4ClassRunner.runNotIgnored(BlockJUnit4ClassRunner.java:79)
	at org.junit.runners.BlockJUnit4ClassRunner.runChild(BlockJUnit4ClassRunner.java:71)
	at org.junit.runners.BlockJUnit4ClassRunner.runChild(BlockJUnit4ClassRunner.java:49)
	at org.junit.runners.ParentRunner$3.run(ParentRunner.java:193)
	at org.junit.runners.ParentRunner$1.schedule(ParentRunner.java:52)
	at org.junit.runners.ParentRunner.runChildren(ParentRunner.java:191)
	at org.junit.runners.ParentRunner.access$000(ParentRunner.java:42)
	at org.junit.runners.ParentRunner$2.evaluate(ParentRunner.java:184)
	at org.junit.runners.ParentRunner.run(ParentRunner.java:236)
	at org.apache.maven.surefire.junit4.JUnit4Provider.execute(JUnit4Provider.java:283)
	at org.apache.maven.surefire.junit4.JUnit4Provider.executeWithRerun(JUnit4Provider.java:173)
	at org.apache.maven.surefire.junit4.JUnit4Provider.executeTestSet(JUnit4Provider.java:153)
	at org.apache.maven.surefire.junit4.JUnit4Provider.invoke(JUnit4Provider.java:128)
	at org.apache.maven.surefire.booter.ForkedBooter.invokeProviderInSameClassLoader(ForkedBooter.java:203)
	at org.apache.maven.surefire.booter.ForkedBooter.runSuitesInProcess(ForkedBooter.java:155)
	at org.apache.maven.surefire.booter.ForkedBooter.main(ForkedBooter.java:103)
Caused by: java.lang.RuntimeException: Fail to set '[nutz-test.properties]'[ [Ljava.lang.String;@6be6931f ] by setter org.nutz.ioc.impl.PropertiesProxy.'setPaths()' because [java.lang.RuntimeException: folder or file like '^.+[.]properties$' no found in nutz-test.properties]: folder or file like '^.+[.]properties$' no found in nutz-test.properties
	at org.nutz.lang.Lang.wrapThrow(Lang.java:167)
	at org.nutz.lang.inject.InjectBySetter.inject(InjectBySetter.java:62)
	at org.nutz.ioc.weaver.FieldInjector.inject(FieldInjector.java:33)
	at org.nutz.ioc.weaver.DefaultWeaver.fill(DefaultWeaver.java:56)
	at org.nutz.ioc.impl.ObjectMakerImpl.make(ObjectMakerImpl.java:136)
	at org.nutz.ioc.impl.NutIoc.get(NutIoc.java:210)
	at org.nutz.ioc.impl.NutIoc.get(NutIoc.java:239)
	at org.nutz.ioc.java.IocObjectNode.getValue(IocObjectNode.java:19)
	at org.nutz.ioc.java.ChainNode.eval(ChainNode.java:24)
	at org.nutz.ioc.java.ChainNode.eval(ChainNode.java:19)
	at org.nutz.ioc.val.JavaValue.get(JavaValue.java:69)
	at org.nutz.ioc.weaver.FieldInjector.inject(FieldInjector.java:32)
	at org.nutz.ioc.weaver.DefaultWeaver.fill(DefaultWeaver.java:56)
	at org.nutz.ioc.impl.ObjectMakerImpl.make(ObjectMakerImpl.java:136)
	at org.nutz.ioc.impl.NutIoc.get(NutIoc.java:210)
	at org.nutz.ioc.val.ReferValue.get(ReferValue.java:24)
	at org.nutz.ioc.impl.ObjectMakerImpl.make(ObjectMakerImpl.java:62)
	at org.nutz.ioc.impl.NutIoc.get(NutIoc.java:210)
	at org.nutz.ioc.impl.NutIoc.get(NutIoc.java:239)
	at org.nutz.dao.test.DaoCase.setUp(DaoCase.java:22)
	at sun.reflect.GeneratedMethodAccessor23.invoke(Unknown Source)
	at sun.reflect.DelegatingMethodAccessorImpl.invoke(DelegatingMethodAccessorImpl.java:43)
	at java.lang.reflect.Method.invoke(Method.java:498)
	at org.junit.runners.model.FrameworkMethod$1.runReflectiveCall(FrameworkMethod.java:44)
	at org.junit.internal.runners.model.ReflectiveCallable.run(ReflectiveCallable.java:15)
	at org.junit.runners.model.FrameworkMethod.invokeExplosively(FrameworkMethod.java:41)
	at org.junit.internal.runners.statements.RunBefores.evaluate(RunBefores.java:27)
	at org.junit.internal.runners.statements.RunAfters.evaluate(RunAfters.java:31)
	at org.junit.runners.BlockJUnit4ClassRunner.runNotIgnored(BlockJUnit4ClassRunner.java:79)
	at org.junit.runners.BlockJUnit4ClassRunner.runChild(BlockJUnit4ClassRunner.java:71)
	at org.junit.runners.BlockJUnit4ClassRunner.runChild(BlockJUnit4ClassRunner.java:49)
	at org.junit.runners.ParentRunner$3.run(ParentRunner.java:193)
	at org.junit.runners.ParentRunner$1.schedule(ParentRunner.java:52)
	at org.junit.runners.ParentRunner.runChildren(ParentRunner.java:191)
	at org.junit.runners.ParentRunner.access$000(ParentRunner.java:42)
	at org.junit.runners.ParentRunner$2.evaluate(ParentRunner.java:184)
	at org.junit.runners.ParentRunner.run(ParentRunner.java:236)
	at org.apache.maven.surefire.junit4.JUnit4Provider.execute(JUnit4Provider.java:283)
	at org.apache.maven.surefire.junit4.JUnit4Provider.executeWithRerun(JUnit4Provider.java:173)
	at org.apache.maven.surefire.junit4.JUnit4Provider.executeTestSet(JUnit4Provider.java:153)
	at org.apache.maven.surefire.junit4.JUnit4Provider.invoke(JUnit4Provider.java:128)
	at org.apache.maven.surefire.booter.ForkedBooter.invokeProviderInSameClassLoader(ForkedBooter.java:203)
	at org.apache.maven.surefire.booter.ForkedBooter.runSuitesInProcess(ForkedBooter.java:155)
	at org.apache.maven.surefire.booter.ForkedBooter.main(ForkedBooter.java:103)
Caused by: java.lang.RuntimeException: folder or file like '^.+[.]properties$' no found in nutz-test.properties
	at org.nutz.lang.Lang.makeThrow(Lang.java:151)
	at org.nutz.resource.Scans.loadResource(Scans.java:112)
	at org.nutz.ioc.impl.PropertiesProxy.getResources(PropertiesProxy.java:153)
	at org.nutz.ioc.impl.PropertiesProxy.setPaths(PropertiesProxy.java:109)
	at org.nutz.ioc.impl.PropertiesProxy$FM$setPaths$d0275b2b871e237a38f11859247d1599.invoke(PropertiesProxy.java)
	at org.nutz.lang.inject.InjectBySetter.inject(InjectBySetter.java:51)
	at org.nutz.ioc.weaver.FieldInjector.inject(FieldInjector.java:33)
	at org.nutz.ioc.weaver.DefaultWeaver.fill(DefaultWeaver.java:56)
	at org.nutz.ioc.impl.ObjectMakerImpl.make(ObjectMakerImpl.java:136)
	at org.nutz.ioc.impl.NutIoc.get(NutIoc.java:210)
	at org.nutz.ioc.impl.NutIoc.get(NutIoc.java:239)
	at org.nutz.ioc.java.IocObjectNode.getValue(IocObjectNode.java:19)
	at org.nutz.ioc.java.ChainNode.eval(ChainNode.java:24)
	at org.nutz.ioc.java.ChainNode.eval(ChainNode.java:19)
	at org.nutz.ioc.val.JavaValue.get(JavaValue.java:69)
	at org.nutz.ioc.weaver.FieldInjector.inject(FieldInjector.java:32)
	at org.nutz.ioc.weaver.DefaultWeaver.fill(DefaultWeaver.java:56)
	at org.nutz.ioc.impl.ObjectMakerImpl.make(ObjectMakerImpl.java:136)
	at org.nutz.ioc.impl.NutIoc.get(NutIoc.java:210)
	at org.nutz.ioc.val.ReferValue.get(ReferValue.java:24)
	at org.nutz.ioc.impl.ObjectMakerImpl.make(ObjectMakerImpl.java:62)
	at org.nutz.ioc.impl.NutIoc.get(NutIoc.java:210)
	at org.nutz.ioc.impl.NutIoc.get(NutIoc.java:239)
	at org.nutz.dao.test.DaoCase.setUp(DaoCase.java:22)
	at sun.reflect.GeneratedMethodAccessor23.invoke(Unknown Source)
	at sun.reflect.DelegatingMethodAccessorImpl.invoke(DelegatingMethodAccessorImpl.java:43)
	at java.lang.reflect.Method.invoke(Method.java:498)
	at org.junit.runners.model.FrameworkMethod$1.runReflectiveCall(FrameworkMethod.java:44)
	at org.junit.internal.runners.model.ReflectiveCallable.run(ReflectiveCallable.java:15)
	at org.junit.runners.model.FrameworkMethod.invokeExplosively(FrameworkMethod.java:41)
	at org.junit.internal.runners.statements.RunBefores.evaluate(RunBefores.java:27)
	at org.junit.internal.runners.statements.RunAfters.evaluate(RunAfters.java:31)
	at org.junit.runners.BlockJUnit4ClassRunner.runNotIgnored(BlockJUnit4ClassRunner.java:79)
	at org.junit.runners.BlockJUnit4ClassRunner.runChild(BlockJUnit4ClassRunner.java:71)
	at org.junit.runners.BlockJUnit4ClassRunner.runChild(BlockJUnit4ClassRunner.java:49)
	at org.junit.runners.ParentRunner$3.run(ParentRunner.java:193)
	at org.junit.runners.ParentRunner$1.schedule(ParentRunner.java:52)
	at org.junit.runners.ParentRunner.runChildren(ParentRunner.java:191)
	at org.junit.runners.ParentRunner.access$000(ParentRunner.java:42)
	at org.junit.runners.ParentRunner$2.evaluate(ParentRunner.java:184)
	at org.junit.runners.ParentRunner.run(ParentRunner.java:236)
	at org.apache.maven.surefire.junit4.JUnit4Provider.execute(JUnit4Provider.java:283)
	at org.apache.maven.surefire.junit4.JUnit4Provider.executeWithRerun(JUnit4Provider.java:173)
	at org.apache.maven.surefire.junit4.JUnit4Provider.executeTestSet(JUnit4Provider.java:153)
	at org.apache.maven.surefire.junit4.JUnit4Provider.invoke(JUnit4Provider.java:128)
	at org.apache.maven.surefire.booter.ForkedBooter.invokeProviderInSameClassLoader(ForkedBooter.java:203)
	at org.apache.maven.surefire.booter.ForkedBooter.runSuitesInProcess(ForkedBooter.java:155)
	at org.apache.maven.surefire.booter.ForkedBooter.main(ForkedBooter.java:103)
</error>
  </testcase>
</testsuite>