<?xml version="1.0" encoding="UTF-8" ?>
<testsuite tests="52" failures="0" name="org.nutz.castor.CastorTest" time="0" errors="0" skipped="0">
  <properties>
    <property name="java.runtime.name" value="OpenJDK Runtime Environment"/>
    <property name="sun.boot.library.path" value="/usr/lib/jvm/java-8-openjdk-amd64/jre/lib/amd64"/>
    <property name="java.vm.version" value="25.292-b10"/>
    <property name="java.vm.vendor" value="Private Build"/>
    <property name="maven.multiModuleProjectDirectory" value="/home/suvarna/Vinay/Sept-2021/nutz-1b757e31ea90ceea7f80efa6d7a89863ce98cbf1"/>
    <property name="java.vendor.url" value="http://java.oracle.com/"/>
    <property name="path.separator" value=":"/>
    <property name="guice.disable.misplaced.annotation.check" value="true"/>
    <property name="java.vm.name" value="OpenJDK 64-Bit Server VM"/>
    <property name="file.encoding.pkg" value="sun.io"/>
    <property name="user.country" value="IN"/>
    <property name="sun.java.launcher" value="SUN_STANDARD"/>
    <property name="sun.os.patch.level" value="unknown"/>
    <property name="java.vm.specification.name" value="Java Virtual Machine Specification"/>
    <property name="user.dir" value="/home/suvarna/Vinay/Sept-2021/nutz-1b757e31ea90ceea7f80efa6d7a89863ce98cbf1"/>
    <property name="java.runtime.version" value="1.8.0_292-8u292-b10-0ubuntu1~16.04.1-b10"/>
    <property name="java.awt.graphicsenv" value="sun.awt.X11GraphicsEnvironment"/>
    <property name="java.endorsed.dirs" value="/usr/lib/jvm/java-8-openjdk-amd64/jre/lib/endorsed"/>
    <property name="os.arch" value="amd64"/>
    <property name="java.io.tmpdir" value="/tmp"/>
    <property name="line.separator" value="
"/>
    <property name="java.vm.specification.vendor" value="Oracle Corporation"/>
    <property name="os.name" value="Linux"/>
    <property name="classworlds.conf" value="/home/suvarna/maven/apache-maven-3.6.3/bin/m2.conf"/>
    <property name="sun.jnu.encoding" value="UTF-8"/>
    <property name="java.library.path" value="/usr/java/packages/lib/amd64:/usr/lib/x86_64-linux-gnu/jni:/lib/x86_64-linux-gnu:/usr/lib/x86_64-linux-gnu:/usr/lib/jni:/lib:/usr/lib"/>
    <property name="maven.conf" value="/home/suvarna/maven/apache-maven-3.6.3/conf"/>
    <property name="java.specification.name" value="Java Platform API Specification"/>
    <property name="java.class.version" value="52.0"/>
    <property name="sun.management.compiler" value="HotSpot 64-Bit Tiered Compilers"/>
    <property name="os.version" value="4.15.0-142-generic"/>
    <property name="library.jansi.path" value="/home/suvarna/maven/apache-maven-3.6.3/lib/jansi-native"/>
    <property name="user.home" value="/home/suvarna"/>
    <property name="user.timezone" value="Asia/Kolkata"/>
    <property name="java.awt.printerjob" value="sun.print.PSPrinterJob"/>
    <property name="java.specification.version" value="1.8"/>
    <property name="file.encoding" value="UTF-8"/>
    <property name="user.name" value="suvarna"/>
    <property name="java.class.path" value="/home/suvarna/maven/apache-maven-3.6.3/boot/plexus-classworlds-2.6.0.jar"/>
    <property name="java.vm.specification.version" value="1.8"/>
    <property name="sun.arch.data.model" value="64"/>
    <property name="java.home" value="/usr/lib/jvm/java-8-openjdk-amd64/jre"/>
    <property name="sun.java.command" value="org.codehaus.plexus.classworlds.launcher.Launcher test"/>
    <property name="java.specification.vendor" value="Oracle Corporation"/>
    <property name="user.language" value="en"/>
    <property name="awt.toolkit" value="sun.awt.X11.XToolkit"/>
    <property name="java.vm.info" value="mixed mode"/>
    <property name="java.version" value="1.8.0_292"/>
    <property name="java.ext.dirs" value="/usr/lib/jvm/java-8-openjdk-amd64/jre/lib/ext:/usr/java/packages/lib/ext"/>
    <property name="securerandom.source" value="file:/dev/./urandom"/>
    <property name="sun.boot.class.path" value="/usr/lib/jvm/java-8-openjdk-amd64/jre/lib/resources.jar:/usr/lib/jvm/java-8-openjdk-amd64/jre/lib/rt.jar:/usr/lib/jvm/java-8-openjdk-amd64/jre/lib/sunrsasign.jar:/usr/lib/jvm/java-8-openjdk-amd64/jre/lib/jsse.jar:/usr/lib/jvm/java-8-openjdk-amd64/jre/lib/jce.jar:/usr/lib/jvm/java-8-openjdk-amd64/jre/lib/charsets.jar:/usr/lib/jvm/java-8-openjdk-amd64/jre/lib/jfr.jar:/usr/lib/jvm/java-8-openjdk-amd64/jre/classes"/>
    <property name="java.vendor" value="Private Build"/>
    <property name="maven.home" value="/home/suvarna/maven/apache-maven-3.6.3"/>
    <property name="file.separator" value="/"/>
    <property name="java.vendor.url.bug" value="http://bugreport.sun.com/bugreport/"/>
    <property name="sun.cpu.endian" value="little"/>
    <property name="sun.io.unicode.encoding" value="UnicodeLittle"/>
    <property name="sun.desktop" value="gnome"/>
    <property name="sun.cpu.isalist" value=""/>
  </properties>
  <testcase classname="org.nutz.castor.CastorTest" name="test_cast_to_boolean" time="0"/>
  <testcase classname="org.nutz.castor.CastorTest" name="test_string_2_nutmap" time="0"/>
  <testcase classname="org.nutz.castor.CastorTest" name="test_str_2_number_zero" time="0"/>
  <testcase classname="org.nutz.castor.CastorTest" name="Object2Array" time="0"/>
  <testcase classname="org.nutz.castor.CastorTest" name="test_Double_to_int" time="0"/>
  <testcase classname="org.nutz.castor.CastorTest" name="test_yyMMdd_to_Timestamp" time="0"/>
  <testcase classname="org.nutz.castor.CastorTest" name="test_null_to_byte_and_short" time="0"/>
  <testcase classname="org.nutz.castor.CastorTest" name="test_cast_blank_to_Integer" time="0"/>
  <testcase classname="org.nutz.castor.CastorTest" name="testCalendar" time="0"/>
  <testcase classname="org.nutz.castor.CastorTest" name="testCalendarParse" time="0"/>
  <testcase classname="org.nutz.castor.CastorTest" name="testInteger2int" time="0"/>
  <testcase classname="org.nutz.castor.CastorTest" name="testInt2Boolean" time="0"/>
  <testcase classname="org.nutz.castor.CastorTest" name="testFloat2Boolean" time="0"/>
  <testcase classname="org.nutz.castor.CastorTest" name="testLong2int" time="0"/>
  <testcase classname="org.nutz.castor.CastorTest" name="testLong2Float" time="0"/>
  <testcase classname="org.nutz.castor.CastorTest" name="testBoolean2Int" time="0"/>
  <testcase classname="org.nutz.castor.CastorTest" name="testString2Long" time="0"/>
  <testcase classname="org.nutz.castor.CastorTest" name="testLong2String" time="0"/>
  <testcase classname="org.nutz.castor.CastorTest" name="testString2bool" time="0"/>
  <testcase classname="org.nutz.castor.CastorTest" name="testString2int" time="0"/>
  <testcase classname="org.nutz.castor.CastorTest" name="testString2Email" time="0"/>
  <testcase classname="org.nutz.castor.CastorTest" name="testString2Float" time="0"/>
  <testcase classname="org.nutz.castor.CastorTest" name="testFloat2String" time="0"/>
  <testcase classname="org.nutz.castor.CastorTest" name="testString2JavaDate" time="0"/>
  <testcase classname="org.nutz.castor.CastorTest" name="testString2Date" time="0"/>
  <testcase classname="org.nutz.castor.CastorTest" name="testString2Time" time="0"/>
  <testcase classname="org.nutz.castor.CastorTest" name="testStringArray2List" time="0"/>
  <testcase classname="org.nutz.castor.CastorTest" name="testIntArray2List" time="0"/>
  <testcase classname="org.nutz.castor.CastorTest" name="testStringList2Arry" time="0"/>
  <testcase classname="org.nutz.castor.CastorTest" name="testIntList2Array" time="0"/>
  <testcase classname="org.nutz.castor.CastorTest" name="testArray2String" time="0"/>
  <testcase classname="org.nutz.castor.CastorTest" name="testString2Array" time="0"/>
  <testcase classname="org.nutz.castor.CastorTest" name="testArray2Array" time="0"/>
  <testcase classname="org.nutz.castor.CastorTest" name="testEnum" time="0"/>
  <testcase classname="org.nutz.castor.CastorTest" name="testCollection2Object" time="0"/>
  <testcase classname="org.nutz.castor.CastorTest" name="testString2Char" time="0"/>
  <testcase classname="org.nutz.castor.CastorTest" name="testCharacter2char" time="0"/>
  <testcase classname="org.nutz.castor.CastorTest" name="testString2File" time="0"/>
  <testcase classname="org.nutz.castor.CastorTest" name="testFile2String" time="0"/>
  <testcase classname="org.nutz.castor.CastorTest" name="testTimestamp2sqlDate" time="0"/>
  <testcase classname="org.nutz.castor.CastorTest" name="testSqlDate2Timestamp" time="0"/>
  <testcase classname="org.nutz.castor.CastorTest" name="testTimestamp2sqlTime" time="0"/>
  <testcase classname="org.nutz.castor.CastorTest" name="testSqlTime2Timestamp" time="0"/>
  <testcase classname="org.nutz.castor.CastorTest" name="testDatetime2sqlDate" time="0"/>
  <testcase classname="org.nutz.castor.CastorTest" name="testSqlDate2Datetime" time="0"/>
  <testcase classname="org.nutz.castor.CastorTest" name="testDatetime2sqlTime" time="0"/>
  <testcase classname="org.nutz.castor.CastorTest" name="testSqlTime2Datetime" time="0"/>
  <testcase classname="org.nutz.castor.CastorTest" name="test_string_to_primitive" time="0"/>
  <testcase classname="org.nutz.castor.CastorTest" name="testDatetime2String" time="0"/>
  <testcase classname="org.nutz.castor.CastorTest" name="testSetSetting" time="0"/>
  <testcase classname="org.nutz.castor.CastorTest" name="testAddCastor" time="0"/>
  <testcase classname="org.nutz.castor.CastorTest" name="testString2Enum" time="0"/>
</testsuite>