<?xml version="1.0" encoding="UTF-8" ?>
<testsuite tests="114" failures="0" name="com.github.davidmoten.rx.jdbc.DatabaseAsyncTest" time="0.764" errors="0" skipped="0">
  <properties>
    <property name="java.runtime.name" value="OpenJDK Runtime Environment"/>
    <property name="sun.boot.library.path" value="/usr/lib/jvm/java-8-openjdk-amd64/jre/lib/amd64"/>
    <property name="java.vm.version" value="25.292-b10"/>
    <property name="java.vm.vendor" value="Private Build"/>
    <property name="maven.multiModuleProjectDirectory" value="/home/suvarna/Vinay/Sept-2021/bach_repo/rxjava-jdbc"/>
    <property name="java.vendor.url" value="http://java.oracle.com/"/>
    <property name="path.separator" value=":"/>
    <property name="guice.disable.misplaced.annotation.check" value="true"/>
    <property name="java.vm.name" value="OpenJDK 64-Bit Server VM"/>
    <property name="file.encoding.pkg" value="sun.io"/>
    <property name="user.country" value="IN"/>
    <property name="sun.java.launcher" value="SUN_STANDARD"/>
    <property name="sun.os.patch.level" value="unknown"/>
    <property name="java.vm.specification.name" value="Java Virtual Machine Specification"/>
    <property name="user.dir" value="/home/suvarna/Vinay/Sept-2021/bach_repo/rxjava-jdbc"/>
    <property name="java.runtime.version" value="1.8.0_292-8u292-b10-0ubuntu1~16.04.1-b10"/>
    <property name="java.awt.graphicsenv" value="sun.awt.X11GraphicsEnvironment"/>
    <property name="java.endorsed.dirs" value="/usr/lib/jvm/java-8-openjdk-amd64/jre/lib/endorsed"/>
    <property name="os.arch" value="amd64"/>
    <property name="java.io.tmpdir" value="/tmp"/>
    <property name="line.separator" value="
"/>
    <property name="java.vm.specification.vendor" value="Oracle Corporation"/>
    <property name="os.name" value="Linux"/>
    <property name="classworlds.conf" value="/home/suvarna/maven/apache-maven-3.6.3/bin/m2.conf"/>
    <property name="sun.jnu.encoding" value="UTF-8"/>
    <property name="java.library.path" value="/usr/java/packages/lib/amd64:/usr/lib/x86_64-linux-gnu/jni:/lib/x86_64-linux-gnu:/usr/lib/x86_64-linux-gnu:/usr/lib/jni:/lib:/usr/lib"/>
    <property name="maven.conf" value="/home/suvarna/maven/apache-maven-3.6.3/conf"/>
    <property name="java.specification.name" value="Java Platform API Specification"/>
    <property name="java.class.version" value="52.0"/>
    <property name="sun.management.compiler" value="HotSpot 64-Bit Tiered Compilers"/>
    <property name="os.version" value="4.15.0-142-generic"/>
    <property name="library.jansi.path" value="/home/suvarna/maven/apache-maven-3.6.3/lib/jansi-native"/>
    <property name="user.home" value="/home/suvarna"/>
    <property name="user.timezone" value="Asia/Kolkata"/>
    <property name="java.awt.printerjob" value="sun.print.PSPrinterJob"/>
    <property name="java.specification.version" value="1.8"/>
    <property name="file.encoding" value="UTF-8"/>
    <property name="user.name" value="suvarna"/>
    <property name="java.class.path" value="/home/suvarna/maven/apache-maven-3.6.3/boot/plexus-classworlds-2.6.0.jar"/>
    <property name="java.vm.specification.version" value="1.8"/>
    <property name="sun.arch.data.model" value="64"/>
    <property name="java.home" value="/usr/lib/jvm/java-8-openjdk-amd64/jre"/>
    <property name="sun.java.command" value="org.codehaus.plexus.classworlds.launcher.Launcher test"/>
    <property name="java.specification.vendor" value="Oracle Corporation"/>
    <property name="user.language" value="en"/>
    <property name="awt.toolkit" value="sun.awt.X11.XToolkit"/>
    <property name="java.vm.info" value="mixed mode"/>
    <property name="java.version" value="1.8.0_292"/>
    <property name="java.ext.dirs" value="/usr/lib/jvm/java-8-openjdk-amd64/jre/lib/ext:/usr/java/packages/lib/ext"/>
    <property name="securerandom.source" value="file:/dev/./urandom"/>
    <property name="sun.boot.class.path" value="/usr/lib/jvm/java-8-openjdk-amd64/jre/lib/resources.jar:/usr/lib/jvm/java-8-openjdk-amd64/jre/lib/rt.jar:/usr/lib/jvm/java-8-openjdk-amd64/jre/lib/sunrsasign.jar:/usr/lib/jvm/java-8-openjdk-amd64/jre/lib/jsse.jar:/usr/lib/jvm/java-8-openjdk-amd64/jre/lib/jce.jar:/usr/lib/jvm/java-8-openjdk-amd64/jre/lib/charsets.jar:/usr/lib/jvm/java-8-openjdk-amd64/jre/lib/jfr.jar:/usr/lib/jvm/java-8-openjdk-amd64/jre/classes"/>
    <property name="java.vendor" value="Private Build"/>
    <property name="maven.home" value="/home/suvarna/maven/apache-maven-3.6.3"/>
    <property name="file.separator" value="/"/>
    <property name="java.vendor.url.bug" value="http://bugreport.sun.com/bugreport/"/>
    <property name="sun.cpu.endian" value="little"/>
    <property name="sun.io.unicode.encoding" value="UnicodeLittle"/>
    <property name="sun.desktop" value="gnome"/>
    <property name="sun.cpu.isalist" value=""/>
  </properties>
  <testcase classname="com.github.davidmoten.rx.jdbc.DatabaseAsyncTest" name="testDependsUsingAsynchronousQueriesWaitsForFirstByDelayingCalculation" time="0.099"/>
  <testcase classname="com.github.davidmoten.rx.jdbc.DatabaseAsyncTest" name="testException" time="0.002"/>
  <testcase classname="com.github.davidmoten.rx.jdbc.DatabaseAsyncTest" name="testCompositionUsingCompose" time="0.004"/>
  <testcase classname="com.github.davidmoten.rx.jdbc.DatabaseAsyncTest" name="testcomposeUpdateWithParameters" time="0.002"/>
  <testcase classname="com.github.davidmoten.rx.jdbc.DatabaseAsyncTest" name="testUnsubscribeOfBufferAndFlatMap" time="0.121"/>
  <testcase classname="com.github.davidmoten.rx.jdbc.DatabaseAsyncTest" name="testConnectionsReleasedByCommitBeforeOnNext" time="0.003"/>
  <testcase classname="com.github.davidmoten.rx.jdbc.DatabaseAsyncTest" name="testConnectionsReleasedByRollbackBeforeOnNext" time="0.003"/>
  <testcase classname="com.github.davidmoten.rx.jdbc.DatabaseAsyncTest" name="testPushEmptyList" time="0.003"/>
  <testcase classname="com.github.davidmoten.rx.jdbc.DatabaseAsyncTest" name="testResultSetTransformSetOnQueryCompoundsWithDatabaseTransform" time="0.002"/>
  <testcase classname="com.github.davidmoten.rx.jdbc.DatabaseAsyncTest" name="testCountQuery" time="0.002"/>
  <testcase classname="com.github.davidmoten.rx.jdbc.DatabaseAsyncTest" name="insertNullClobAndReadAsString" time="0.003"/>
  <testcase classname="com.github.davidmoten.rx.jdbc.DatabaseAsyncTest" name="testTwoConnectionsOpenedAndClosedAfterTwoSelects" time="0.003"/>
  <testcase classname="com.github.davidmoten.rx.jdbc.DatabaseAsyncTest" name="testOneConnectionOpenAndClosedAfterOneSelect" time="0.002"/>
  <testcase classname="com.github.davidmoten.rx.jdbc.DatabaseAsyncTest" name="testCloseDatabaseClosesConnectionProvider" time="0"/>
  <testcase classname="com.github.davidmoten.rx.jdbc.DatabaseAsyncTest" name="testParametersAreUnsubscribed" time="0.103"/>
  <testcase classname="com.github.davidmoten.rx.jdbc.DatabaseAsyncTest" name="testTryCatch" time="0.003"/>
  <testcase classname="com.github.davidmoten.rx.jdbc.DatabaseAsyncTest" name="testOneConnectionOpenAndClosedAfterOneUpdate" time="0.002"/>
  <testcase classname="com.github.davidmoten.rx.jdbc.DatabaseAsyncTest" name="testJdbcObservableCountLettersInAllNames" time="0.003"/>
  <testcase classname="com.github.davidmoten.rx.jdbc.DatabaseAsyncTest" name="testBeginTransactionEmitsOneItem" time="0.003"/>
  <testcase classname="com.github.davidmoten.rx.jdbc.DatabaseAsyncTest" name="testCanChainUpdateStatementsWithinTransaction" time="0.001"/>
  <testcase classname="com.github.davidmoten.rx.jdbc.DatabaseAsyncTest" name="testSimpleExample" time="0.003"/>
  <testcase classname="com.github.davidmoten.rx.jdbc.DatabaseAsyncTest" name="testCloseAutoCommittingConnectionProviderClosesInternalConnectionProvider" time="0"/>
  <testcase classname="com.github.davidmoten.rx.jdbc.DatabaseAsyncTest" name="testConnectionPoolDoesNotRunOutOfConnectionsWhenQueryRunRepeatedly" time="0.013"/>
  <testcase classname="com.github.davidmoten.rx.jdbc.DatabaseAsyncTest" name="testComposition" time="0.004"/>
  <testcase classname="com.github.davidmoten.rx.jdbc.DatabaseAsyncTest" name="testRC4" time="0"/>
  <testcase classname="com.github.davidmoten.rx.jdbc.DatabaseAsyncTest" name="testNoParameters" time="0.002"/>
  <testcase classname="com.github.davidmoten.rx.jdbc.DatabaseAsyncTest" name="testCreateFromScript" time="0.008"/>
  <testcase classname="com.github.davidmoten.rx.jdbc.DatabaseAsyncTest" name="testTransactionOnCommitDoesntOccurUnlessSubscribedTo" time="0.001"/>
  <testcase classname="com.github.davidmoten.rx.jdbc.DatabaseAsyncTest" name="testReturnGeneratedKeysForMultipleCallsOfInsert" time="0.003"/>
  <testcase classname="com.github.davidmoten.rx.jdbc.DatabaseAsyncTest" name="testMixingExplicitAndObservableParameters" time="0.007"/>
  <testcase classname="com.github.davidmoten.rx.jdbc.DatabaseAsyncTest" name="testDatabaseBuilderWithPool" time="0"/>
  <testcase classname="com.github.davidmoten.rx.jdbc.DatabaseAsyncTest" name="testMultipleSetsOfParameters" time="0.004"/>
  <testcase classname="com.github.davidmoten.rx.jdbc.DatabaseAsyncTest" name="testEmptyResultSet" time="0.003"/>
  <testcase classname="com.github.davidmoten.rx.jdbc.DatabaseAsyncTest" name="testReturnGeneratedKeysForOneInsertedValue" time="0.003"/>
  <testcase classname="com.github.davidmoten.rx.jdbc.DatabaseAsyncTest" name="testAutoMapBlob" time="0.004"/>
  <testcase classname="com.github.davidmoten.rx.jdbc.DatabaseAsyncTest" name="testAutoMapClob" time="0.008"/>
  <testcase classname="com.github.davidmoten.rx.jdbc.DatabaseAsyncTest" name="testTransformToTuple2AndTestActionsPrintln" time="0.004"/>
  <testcase classname="com.github.davidmoten.rx.jdbc.DatabaseAsyncTest" name="testAutoMap" time="0.004"/>
  <testcase classname="com.github.davidmoten.rx.jdbc.DatabaseAsyncTest" name="testReturnGeneratedKeysForMultipleInsertedValuesInOneStatement" time="0.003"/>
  <testcase classname="com.github.davidmoten.rx.jdbc.DatabaseAsyncTest" name="testCalendarParameter" time="0.003"/>
  <testcase classname="com.github.davidmoten.rx.jdbc.DatabaseAsyncTest" name="testcomposeSelectWithDependencies" time="0.003"/>
  <testcase classname="com.github.davidmoten.rx.jdbc.DatabaseAsyncTest" name="testComposeWithParameters" time="0.002"/>
  <testcase classname="com.github.davidmoten.rx.jdbc.DatabaseAsyncTest" name="testAutoMapWillMapStringToStringAndIntToDouble" time="0.002"/>
  <testcase classname="com.github.davidmoten.rx.jdbc.DatabaseAsyncTest" name="testTakeShouldNotHang" time="0"/>
  <testcase classname="com.github.davidmoten.rx.jdbc.DatabaseAsyncTest" name="testTransformToTupleN" time="0.002"/>
  <testcase classname="com.github.davidmoten.rx.jdbc.DatabaseAsyncTest" name="testCanExecuteCreateSchema" time="0.002"/>
  <testcase classname="com.github.davidmoten.rx.jdbc.DatabaseAsyncTest" name="insertBlobAndReadAsByteArray" time="0.002"/>
  <testcase classname="com.github.davidmoten.rx.jdbc.DatabaseAsyncTest" name="insertNullBlobAndReadAsByteArray" time="0.002"/>
  <testcase classname="com.github.davidmoten.rx.jdbc.DatabaseAsyncTest" name="testNamedParametersWithMapParameterNoNamesInSql" time="0.002"/>
  <testcase classname="com.github.davidmoten.rx.jdbc.DatabaseAsyncTest" name="testAutoMapInterfaceWithPrimitives" time="0.003"/>
  <testcase classname="com.github.davidmoten.rx.jdbc.DatabaseAsyncTest" name="testUseParameterObservable" time="0.008"/>
  <testcase classname="com.github.davidmoten.rx.jdbc.DatabaseAsyncTest" name="testInstantiateDatabaseWithUrl" time="0.001"/>
  <testcase classname="com.github.davidmoten.rx.jdbc.DatabaseAsyncTest" name="testParameterListOperator" time="0.004"/>
  <testcase classname="com.github.davidmoten.rx.jdbc.DatabaseAsyncTest" name="testOneConnectionOpenedAndClosedAfterTwoSelectsWithinTransaction" time="0.002"/>
  <testcase classname="com.github.davidmoten.rx.jdbc.DatabaseAsyncTest" name="testAutoMapWithQueryAnnotation" time="0.001"/>
  <testcase classname="com.github.davidmoten.rx.jdbc.DatabaseAsyncTest" name="testUpdateAndSelectWithTransaction" time="0.003"/>
  <testcase classname="com.github.davidmoten.rx.jdbc.DatabaseAsyncTest" name="testAutoMapCannotFindConstructorWithEnoughParameters" time="0.002"/>
  <testcase classname="com.github.davidmoten.rx.jdbc.DatabaseAsyncTest" name="testRunScript" time="0.002"/>
  <testcase classname="com.github.davidmoten.rx.jdbc.DatabaseAsyncTest" name="testcomposeWithManyParameters" time="0.004"/>
  <testcase classname="com.github.davidmoten.rx.jdbc.DatabaseAsyncTest" name="testNamedParametersWithMapParameter" time="0.002"/>
  <testcase classname="com.github.davidmoten.rx.jdbc.DatabaseAsyncTest" name="testTransactionUsingCount" time="0.003"/>
  <testcase classname="com.github.davidmoten.rx.jdbc.DatabaseAsyncTest" name="testUpdateErrorResetsTransactionContextInDatabaseClass" time="0.004"/>
  <testcase classname="com.github.davidmoten.rx.jdbc.DatabaseAsyncTest" name="insertClobAndReadAsReader" time="0.003"/>
  <testcase classname="com.github.davidmoten.rx.jdbc.DatabaseAsyncTest" name="testParametersAreUnsubscribedIfUnsubscribedPostParameterOperatorcompose" time="0.106"/>
  <testcase classname="com.github.davidmoten.rx.jdbc.DatabaseAsyncTest" name="insertClobAndReadAsString" time="0.005"/>
  <testcase classname="com.github.davidmoten.rx.jdbc.DatabaseAsyncTest" name="testConnectionPool" time="0.011"/>
  <testcase classname="com.github.davidmoten.rx.jdbc.DatabaseAsyncTest" name="testAutoMapConvertsCamelCaseToUnderscoreColumnNames" time="0.002"/>
  <testcase classname="com.github.davidmoten.rx.jdbc.DatabaseAsyncTest" name="testOneConnectionOpenedAndClosedAfterTwoUpdatesWithinTransaction" time="0.003"/>
  <testcase classname="com.github.davidmoten.rx.jdbc.DatabaseAsyncTest" name="testParameterListOperatorWhenQueryNeedsTwoParameters" time="0.008"/>
  <testcase classname="com.github.davidmoten.rx.jdbc.DatabaseAsyncTest" name="testLastTransactionWithoutTransaction" time="0"/>
  <testcase classname="com.github.davidmoten.rx.jdbc.DatabaseAsyncTest" name="testDatabaseFromConnectionCanUseConnectionTwiceWithoutItBeingClosedInReality" time="0.003"/>
  <testcase classname="com.github.davidmoten.rx.jdbc.DatabaseAsyncTest" name="testBeginTransactionOnNextForThreePasses" time="0.007"/>
  <testcase classname="com.github.davidmoten.rx.jdbc.DatabaseAsyncTest" name="testInsertNull" time="0.002"/>
  <testcase classname="com.github.davidmoten.rx.jdbc.DatabaseAsyncTest" name="testTwoConnectionsOpenedAndClosedAfterTwoUpdates" time="0.003"/>
  <testcase classname="com.github.davidmoten.rx.jdbc.DatabaseAsyncTest" name="testConnectionsReleasedByUpdateStatementBeforeOnNext" time="0.002"/>
  <testcase classname="com.github.davidmoten.rx.jdbc.DatabaseAsyncTest" name="testNamedParametersWithMapParameterInObservable" time="0.002"/>
  <testcase classname="com.github.davidmoten.rx.jdbc.DatabaseAsyncTest" name="testResultSetTransformSetOnDatabase" time="0.002"/>
  <testcase classname="com.github.davidmoten.rx.jdbc.DatabaseAsyncTest" name="testSqlProblem" time="0.002"/>
  <testcase classname="com.github.davidmoten.rx.jdbc.DatabaseAsyncTest" name="testRollbackOnLastOperator" time="0.004"/>
  <testcase classname="com.github.davidmoten.rx.jdbc.DatabaseAsyncTest" name="testCloseSingletonManualCommitConnectionProviderClosesInternalConnectionProvider" time="0"/>
  <testcase classname="com.github.davidmoten.rx.jdbc.DatabaseAsyncTest" name="testComposition2" time="0.005"/>
  <testcase classname="com.github.davidmoten.rx.jdbc.DatabaseAsyncTest" name="testCanExecuteCreateTable" time="0.001"/>
  <testcase classname="com.github.davidmoten.rx.jdbc.DatabaseAsyncTest" name="testNamedParametersWithUpdateStatement" time="0.004"/>
  <testcase classname="com.github.davidmoten.rx.jdbc.DatabaseAsyncTest" name="testTakeFewerThanAvailable" time="0.002"/>
  <testcase classname="com.github.davidmoten.rx.jdbc.DatabaseAsyncTest" name="testNonTransactionalMultipleQueries" time="0.004"/>
  <testcase classname="com.github.davidmoten.rx.jdbc.DatabaseAsyncTest" name="testDatabaseBuilder" time="0"/>
  <testcase classname="com.github.davidmoten.rx.jdbc.DatabaseAsyncTest" name="testTwoParameters" time="0.003"/>
  <testcase classname="com.github.davidmoten.rx.jdbc.DatabaseAsyncTest" name="testCannotPassObservableAsSingleParameter" time="0.001"/>
  <testcase classname="com.github.davidmoten.rx.jdbc.DatabaseAsyncTest" name="testcomposeUpdateWithDependencies" time="0.002"/>
  <testcase classname="com.github.davidmoten.rx.jdbc.DatabaseAsyncTest" name="testNamedParametersOneMissingParameterShouldThrowException" time="0.002"/>
  <testcase classname="com.github.davidmoten.rx.jdbc.DatabaseAsyncTest" name="testConnectionPoolWhenExceptionThrown" time="0.001"/>
  <testcase classname="com.github.davidmoten.rx.jdbc.DatabaseAsyncTest" name="testAutoMapInterface" time="0.002"/>
  <testcase classname="com.github.davidmoten.rx.jdbc.DatabaseAsyncTest" name="testGetTimestamp" time="0.003"/>
  <testcase classname="com.github.davidmoten.rx.jdbc.DatabaseAsyncTest" name="testTwoConnectionsOpenedAndClosedWhenTakeOneUsedWithSelectThatReturnsOneRow" time="0.002"/>
  <testcase classname="com.github.davidmoten.rx.jdbc.DatabaseAsyncTest" name="testTransactionOnRollback" time="0.005"/>
  <testcase classname="com.github.davidmoten.rx.jdbc.DatabaseAsyncTest" name="testCustomMapper" time="0.003"/>
  <testcase classname="com.github.davidmoten.rx.jdbc.DatabaseAsyncTest" name="testNoParams" time="0.002"/>
  <testcase classname="com.github.davidmoten.rx.jdbc.DatabaseAsyncTest" name="testChainSelectUsingOperators" time="0.003"/>
  <testcase classname="com.github.davidmoten.rx.jdbc.DatabaseAsyncTest" name="testTransaction" time="0.004"/>
  <testcase classname="com.github.davidmoten.rx.jdbc.DatabaseAsyncTest" name="testCompositionTwoLevels" time="0.015"/>
  <testcase classname="com.github.davidmoten.rx.jdbc.DatabaseAsyncTest" name="testCommitOnLastOperator" time="0.011"/>
  <testcase classname="com.github.davidmoten.rx.jdbc.DatabaseAsyncTest" name="testAutoMapThrowsExceptionIfMappedInterfaceColumnMethodHasParameters" time="0.002"/>
  <testcase classname="com.github.davidmoten.rx.jdbc.DatabaseAsyncTest" name="testCloseConnectionProviderFromUrlClosesInternalConnectionProvider" time="0.001"/>
  <testcase classname="com.github.davidmoten.rx.jdbc.DatabaseAsyncTest" name="testResultSetTransformSetOnQuery" time="0.002"/>
  <testcase classname="com.github.davidmoten.rx.jdbc.DatabaseAsyncTest" name="testTuple3" time="0.002"/>
  <testcase classname="com.github.davidmoten.rx.jdbc.DatabaseAsyncTest" name="testTuple4" time="0.003"/>
  <testcase classname="com.github.davidmoten.rx.jdbc.DatabaseAsyncTest" name="testTuple5" time="0.001"/>
  <testcase classname="com.github.davidmoten.rx.jdbc.DatabaseAsyncTest" name="testTuple6" time="0.002"/>
  <testcase classname="com.github.davidmoten.rx.jdbc.DatabaseAsyncTest" name="testTuple7" time="0.002"/>
  <testcase classname="com.github.davidmoten.rx.jdbc.DatabaseAsyncTest" name="testDetector" time="0"/>
  <testcase classname="com.github.davidmoten.rx.jdbc.DatabaseAsyncTest" name="testCommitOperator" time="0.002"/>
  <testcase classname="com.github.davidmoten.rx.jdbc.DatabaseAsyncTest" name="testTransactionOnCommit" time="0.003"/>
  <testcase classname="com.github.davidmoten.rx.jdbc.DatabaseAsyncTest" name="testNamedParameters" time="0.003"/>
  <testcase classname="com.github.davidmoten.rx.jdbc.DatabaseAsyncTest" name="testSelectErrorResetsTransactionContextInDatabaseClass" time="0.004"/>
</testsuite>