<?xml version="1.0" encoding="UTF-8" ?>
<testsuite tests="43" failures="0" name="mikera.vectorz.TestVectors" time="0.282" errors="4" skipped="0">
  <properties>
    <property name="java.runtime.name" value="OpenJDK Runtime Environment"/>
    <property name="sun.boot.library.path" value="/usr/lib/jvm/java-8-openjdk-amd64/jre/lib/amd64"/>
    <property name="java.vm.version" value="25.292-b10"/>
    <property name="java.vm.vendor" value="Private Build"/>
    <property name="maven.multiModuleProjectDirectory" value="/home/suvarna/Vinay/Sept-2021/vectorz-3eee45ec7a3eafa5ce76f11c3ad2d3c4ab2585e9"/>
    <property name="java.vendor.url" value="http://java.oracle.com/"/>
    <property name="path.separator" value=":"/>
    <property name="guice.disable.misplaced.annotation.check" value="true"/>
    <property name="java.vm.name" value="OpenJDK 64-Bit Server VM"/>
    <property name="file.encoding.pkg" value="sun.io"/>
    <property name="user.country" value="IN"/>
    <property name="sun.java.launcher" value="SUN_STANDARD"/>
    <property name="sun.os.patch.level" value="unknown"/>
    <property name="java.vm.specification.name" value="Java Virtual Machine Specification"/>
    <property name="user.dir" value="/home/suvarna/Vinay/Sept-2021/vectorz-3eee45ec7a3eafa5ce76f11c3ad2d3c4ab2585e9"/>
    <property name="java.runtime.version" value="1.8.0_292-8u292-b10-0ubuntu1~16.04.1-b10"/>
    <property name="java.awt.graphicsenv" value="sun.awt.X11GraphicsEnvironment"/>
    <property name="java.endorsed.dirs" value="/usr/lib/jvm/java-8-openjdk-amd64/jre/lib/endorsed"/>
    <property name="os.arch" value="amd64"/>
    <property name="java.io.tmpdir" value="/tmp"/>
    <property name="line.separator" value="
"/>
    <property name="java.vm.specification.vendor" value="Oracle Corporation"/>
    <property name="os.name" value="Linux"/>
    <property name="classworlds.conf" value="/home/suvarna/maven/apache-maven-3.6.3/bin/m2.conf"/>
    <property name="sun.jnu.encoding" value="UTF-8"/>
    <property name="java.library.path" value="/usr/java/packages/lib/amd64:/usr/lib/x86_64-linux-gnu/jni:/lib/x86_64-linux-gnu:/usr/lib/x86_64-linux-gnu:/usr/lib/jni:/lib:/usr/lib"/>
    <property name="maven.conf" value="/home/suvarna/maven/apache-maven-3.6.3/conf"/>
    <property name="java.specification.name" value="Java Platform API Specification"/>
    <property name="java.class.version" value="52.0"/>
    <property name="sun.management.compiler" value="HotSpot 64-Bit Tiered Compilers"/>
    <property name="os.version" value="4.15.0-142-generic"/>
    <property name="library.jansi.path" value="/home/suvarna/maven/apache-maven-3.6.3/lib/jansi-native"/>
    <property name="user.home" value="/home/suvarna"/>
    <property name="user.timezone" value="Asia/Kolkata"/>
    <property name="java.awt.printerjob" value="sun.print.PSPrinterJob"/>
    <property name="java.specification.version" value="1.8"/>
    <property name="file.encoding" value="UTF-8"/>
    <property name="user.name" value="suvarna"/>
    <property name="java.class.path" value="/home/suvarna/maven/apache-maven-3.6.3/boot/plexus-classworlds-2.6.0.jar"/>
    <property name="java.vm.specification.version" value="1.8"/>
    <property name="sun.arch.data.model" value="64"/>
    <property name="java.home" value="/usr/lib/jvm/java-8-openjdk-amd64/jre"/>
    <property name="sun.java.command" value="org.codehaus.plexus.classworlds.launcher.Launcher test"/>
    <property name="java.specification.vendor" value="Oracle Corporation"/>
    <property name="user.language" value="en"/>
    <property name="awt.toolkit" value="sun.awt.X11.XToolkit"/>
    <property name="java.vm.info" value="mixed mode"/>
    <property name="java.version" value="1.8.0_292"/>
    <property name="java.ext.dirs" value="/usr/lib/jvm/java-8-openjdk-amd64/jre/lib/ext:/usr/java/packages/lib/ext"/>
    <property name="securerandom.source" value="file:/dev/./urandom"/>
    <property name="sun.boot.class.path" value="/usr/lib/jvm/java-8-openjdk-amd64/jre/lib/resources.jar:/usr/lib/jvm/java-8-openjdk-amd64/jre/lib/rt.jar:/usr/lib/jvm/java-8-openjdk-amd64/jre/lib/sunrsasign.jar:/usr/lib/jvm/java-8-openjdk-amd64/jre/lib/jsse.jar:/usr/lib/jvm/java-8-openjdk-amd64/jre/lib/jce.jar:/usr/lib/jvm/java-8-openjdk-amd64/jre/lib/charsets.jar:/usr/lib/jvm/java-8-openjdk-amd64/jre/lib/jfr.jar:/usr/lib/jvm/java-8-openjdk-amd64/jre/classes"/>
    <property name="java.vendor" value="Private Build"/>
    <property name="maven.home" value="/home/suvarna/maven/apache-maven-3.6.3"/>
    <property name="file.separator" value="/"/>
    <property name="java.vendor.url.bug" value="http://bugreport.sun.com/bugreport/"/>
    <property name="sun.cpu.endian" value="little"/>
    <property name="sun.io.unicode.encoding" value="UnicodeLittle"/>
    <property name="sun.desktop" value="gnome"/>
    <property name="sun.cpu.isalist" value=""/>
  </properties>
  <testcase classname="mikera.vectorz.TestVectors" name="g_IndexVector" time="0.018">
    <error message="1-D access with index 1 not possible for class mikera.vectorz.impl.IndexVector with shape [1]" type="java.lang.IndexOutOfBoundsException">java.lang.IndexOutOfBoundsException: 1-D access with index 1 not possible for class mikera.vectorz.impl.IndexVector with shape [1]
	at mikera.vectorz.impl.ASizedVector.checkIndex(ASizedVector.java:71)
	at mikera.vectorz.AVector.selectClone(AVector.java:779)
	at mikera.vectorz.AVector.select(AVector.java:765)
	at mikera.vectorz.TestVectors.testSelect(TestVectors.java:240)
	at mikera.vectorz.TestVectors.doNonDegenerateTests(TestVectors.java:808)
	at mikera.vectorz.TestVectors.doGenericTests(TestVectors.java:868)
	at mikera.vectorz.TestVectors.g_IndexVector(TestVectors.java:1033)
	at sun.reflect.NativeMethodAccessorImpl.invoke0(Native Method)
	at sun.reflect.NativeMethodAccessorImpl.invoke(NativeMethodAccessorImpl.java:62)
	at sun.reflect.DelegatingMethodAccessorImpl.invoke(DelegatingMethodAccessorImpl.java:43)
	at java.lang.reflect.Method.invoke(Method.java:498)
	at org.junit.runners.model.FrameworkMethod$1.runReflectiveCall(FrameworkMethod.java:50)
	at org.junit.internal.runners.model.ReflectiveCallable.run(ReflectiveCallable.java:12)
	at org.junit.runners.model.FrameworkMethod.invokeExplosively(FrameworkMethod.java:47)
	at org.junit.internal.runners.statements.InvokeMethod.evaluate(InvokeMethod.java:17)
	at org.junit.runners.ParentRunner.runLeaf(ParentRunner.java:325)
	at org.junit.runners.BlockJUnit4ClassRunner.runChild(BlockJUnit4ClassRunner.java:78)
	at org.junit.runners.BlockJUnit4ClassRunner.runChild(BlockJUnit4ClassRunner.java:57)
	at org.junit.runners.ParentRunner$3.run(ParentRunner.java:290)
	at org.junit.runners.ParentRunner$1.schedule(ParentRunner.java:71)
	at org.junit.runners.ParentRunner.runChildren(ParentRunner.java:288)
	at org.junit.runners.ParentRunner.access$000(ParentRunner.java:58)
	at org.junit.runners.ParentRunner$2.evaluate(ParentRunner.java:268)
	at org.junit.runners.ParentRunner.run(ParentRunner.java:363)
	at org.apache.maven.surefire.junit4.JUnit4Provider.execute(JUnit4Provider.java:252)
	at org.apache.maven.surefire.junit4.JUnit4Provider.executeTestSet(JUnit4Provider.java:141)
	at org.apache.maven.surefire.junit4.JUnit4Provider.invoke(JUnit4Provider.java:112)
	at sun.reflect.NativeMethodAccessorImpl.invoke0(Native Method)
	at sun.reflect.NativeMethodAccessorImpl.invoke(NativeMethodAccessorImpl.java:62)
	at sun.reflect.DelegatingMethodAccessorImpl.invoke(DelegatingMethodAccessorImpl.java:43)
	at java.lang.reflect.Method.invoke(Method.java:498)
	at org.apache.maven.surefire.util.ReflectionUtils.invokeMethodWithArray(ReflectionUtils.java:189)
	at org.apache.maven.surefire.booter.ProviderFactory$ProviderProxy.invoke(ProviderFactory.java:165)
	at org.apache.maven.surefire.booter.ProviderFactory.invokeProvider(ProviderFactory.java:85)
	at org.apache.maven.surefire.booter.ForkedBooter.runSuitesInProcess(ForkedBooter.java:115)
	at org.apache.maven.surefire.booter.ForkedBooter.main(ForkedBooter.java:75)
</error>
  </testcase>
  <testcase classname="mikera.vectorz.TestVectors" name="g_SubVectors" time="0.012"/>
  <testcase classname="mikera.vectorz.TestVectors" name="testSubVectors" time="0"/>
  <testcase classname="mikera.vectorz.TestVectors" name="testSubVectorCopy" time="0"/>
  <testcase classname="mikera.vectorz.TestVectors" name="g_Length4" time="0.005"/>
  <testcase classname="mikera.vectorz.TestVectors" name="testCross" time="0"/>
  <testcase classname="mikera.vectorz.TestVectors" name="testWrap" time="0"/>
  <testcase classname="mikera.vectorz.TestVectors" name="testToString" time="0"/>
  <testcase classname="mikera.vectorz.TestVectors" name="g_SingleElementVector" time="0.004">
    <error message="1-D access with index 1 not possible for class mikera.vectorz.impl.SingleElementVector with shape [1]" type="java.lang.IndexOutOfBoundsException">java.lang.IndexOutOfBoundsException: 1-D access with index 1 not possible for class mikera.vectorz.impl.SingleElementVector with shape [1]
	at mikera.vectorz.impl.ASizedVector.checkIndex(ASizedVector.java:71)
	at mikera.vectorz.AVector.selectClone(AVector.java:779)
	at mikera.vectorz.AVector.select(AVector.java:765)
	at mikera.vectorz.TestVectors.testSelect(TestVectors.java:240)
	at mikera.vectorz.TestVectors.doNonDegenerateTests(TestVectors.java:808)
	at mikera.vectorz.TestVectors.doGenericTests(TestVectors.java:868)
	at mikera.vectorz.TestVectors.g_SingleElementVector(TestVectors.java:1021)
	at sun.reflect.NativeMethodAccessorImpl.invoke0(Native Method)
	at sun.reflect.NativeMethodAccessorImpl.invoke(NativeMethodAccessorImpl.java:62)
	at sun.reflect.DelegatingMethodAccessorImpl.invoke(DelegatingMethodAccessorImpl.java:43)
	at java.lang.reflect.Method.invoke(Method.java:498)
	at org.junit.runners.model.FrameworkMethod$1.runReflectiveCall(FrameworkMethod.java:50)
	at org.junit.internal.runners.model.ReflectiveCallable.run(ReflectiveCallable.java:12)
	at org.junit.runners.model.FrameworkMethod.invokeExplosively(FrameworkMethod.java:47)
	at org.junit.internal.runners.statements.InvokeMethod.evaluate(InvokeMethod.java:17)
	at org.junit.runners.ParentRunner.runLeaf(ParentRunner.java:325)
	at org.junit.runners.BlockJUnit4ClassRunner.runChild(BlockJUnit4ClassRunner.java:78)
	at org.junit.runners.BlockJUnit4ClassRunner.runChild(BlockJUnit4ClassRunner.java:57)
	at org.junit.runners.ParentRunner$3.run(ParentRunner.java:290)
	at org.junit.runners.ParentRunner$1.schedule(ParentRunner.java:71)
	at org.junit.runners.ParentRunner.runChildren(ParentRunner.java:288)
	at org.junit.runners.ParentRunner.access$000(ParentRunner.java:58)
	at org.junit.runners.ParentRunner$2.evaluate(ParentRunner.java:268)
	at org.junit.runners.ParentRunner.run(ParentRunner.java:363)
	at org.apache.maven.surefire.junit4.JUnit4Provider.execute(JUnit4Provider.java:252)
	at org.apache.maven.surefire.junit4.JUnit4Provider.executeTestSet(JUnit4Provider.java:141)
	at org.apache.maven.surefire.junit4.JUnit4Provider.invoke(JUnit4Provider.java:112)
	at sun.reflect.NativeMethodAccessorImpl.invoke0(Native Method)
	at sun.reflect.NativeMethodAccessorImpl.invoke(NativeMethodAccessorImpl.java:62)
	at sun.reflect.DelegatingMethodAccessorImpl.invoke(DelegatingMethodAccessorImpl.java:43)
	at java.lang.reflect.Method.invoke(Method.java:498)
	at org.apache.maven.surefire.util.ReflectionUtils.invokeMethodWithArray(ReflectionUtils.java:189)
	at org.apache.maven.surefire.booter.ProviderFactory$ProviderProxy.invoke(ProviderFactory.java:165)
	at org.apache.maven.surefire.booter.ProviderFactory.invokeProvider(ProviderFactory.java:85)
	at org.apache.maven.surefire.booter.ForkedBooter.runSuitesInProcess(ForkedBooter.java:115)
	at org.apache.maven.surefire.booter.ForkedBooter.main(ForkedBooter.java:75)
</error>
  </testcase>
  <testcase classname="mikera.vectorz.TestVectors" name="testCreateFromIterable" time="0"/>
  <testcase classname="mikera.vectorz.TestVectors" name="g_SparseIndexedVector" time="0.015"/>
  <testcase classname="mikera.vectorz.TestVectors" name="g_SparseImmutableVector" time="0.005"/>
  <testcase classname="mikera.vectorz.TestVectors" name="g_AxisVector" time="0.006">
    <error message="1-D access with index 1 not possible for class mikera.vectorz.impl.AxisVector with shape [1]" type="java.lang.IndexOutOfBoundsException">java.lang.IndexOutOfBoundsException: 1-D access with index 1 not possible for class mikera.vectorz.impl.AxisVector with shape [1]
	at mikera.vectorz.impl.ASizedVector.checkIndex(ASizedVector.java:71)
	at mikera.vectorz.AVector.selectClone(AVector.java:779)
	at mikera.vectorz.AVector.select(AVector.java:765)
	at mikera.vectorz.TestVectors.testSelect(TestVectors.java:240)
	at mikera.vectorz.TestVectors.doNonDegenerateTests(TestVectors.java:808)
	at mikera.vectorz.TestVectors.doGenericTests(TestVectors.java:868)
	at mikera.vectorz.TestVectors.g_AxisVector(TestVectors.java:1015)
	at sun.reflect.NativeMethodAccessorImpl.invoke0(Native Method)
	at sun.reflect.NativeMethodAccessorImpl.invoke(NativeMethodAccessorImpl.java:62)
	at sun.reflect.DelegatingMethodAccessorImpl.invoke(DelegatingMethodAccessorImpl.java:43)
	at java.lang.reflect.Method.invoke(Method.java:498)
	at org.junit.runners.model.FrameworkMethod$1.runReflectiveCall(FrameworkMethod.java:50)
	at org.junit.internal.runners.model.ReflectiveCallable.run(ReflectiveCallable.java:12)
	at org.junit.runners.model.FrameworkMethod.invokeExplosively(FrameworkMethod.java:47)
	at org.junit.internal.runners.statements.InvokeMethod.evaluate(InvokeMethod.java:17)
	at org.junit.runners.ParentRunner.runLeaf(ParentRunner.java:325)
	at org.junit.runners.BlockJUnit4ClassRunner.runChild(BlockJUnit4ClassRunner.java:78)
	at org.junit.runners.BlockJUnit4ClassRunner.runChild(BlockJUnit4ClassRunner.java:57)
	at org.junit.runners.ParentRunner$3.run(ParentRunner.java:290)
	at org.junit.runners.ParentRunner$1.schedule(ParentRunner.java:71)
	at org.junit.runners.ParentRunner.runChildren(ParentRunner.java:288)
	at org.junit.runners.ParentRunner.access$000(ParentRunner.java:58)
	at org.junit.runners.ParentRunner$2.evaluate(ParentRunner.java:268)
	at org.junit.runners.ParentRunner.run(ParentRunner.java:363)
	at org.apache.maven.surefire.junit4.JUnit4Provider.execute(JUnit4Provider.java:252)
	at org.apache.maven.surefire.junit4.JUnit4Provider.executeTestSet(JUnit4Provider.java:141)
	at org.apache.maven.surefire.junit4.JUnit4Provider.invoke(JUnit4Provider.java:112)
	at sun.reflect.NativeMethodAccessorImpl.invoke0(Native Method)
	at sun.reflect.NativeMethodAccessorImpl.invoke(NativeMethodAccessorImpl.java:62)
	at sun.reflect.DelegatingMethodAccessorImpl.invoke(DelegatingMethodAccessorImpl.java:43)
	at java.lang.reflect.Method.invoke(Method.java:498)
	at org.apache.maven.surefire.util.ReflectionUtils.invokeMethodWithArray(ReflectionUtils.java:189)
	at org.apache.maven.surefire.booter.ProviderFactory$ProviderProxy.invoke(ProviderFactory.java:165)
	at org.apache.maven.surefire.booter.ProviderFactory.invokeProvider(ProviderFactory.java:85)
	at org.apache.maven.surefire.booter.ForkedBooter.runSuitesInProcess(ForkedBooter.java:115)
	at org.apache.maven.surefire.booter.ForkedBooter.main(ForkedBooter.java:75)
</error>
  </testcase>
  <testcase classname="mikera.vectorz.TestVectors" name="g_ScalarsAsVectors" time="0.002"/>
  <testcase classname="mikera.vectorz.TestVectors" name="g_SmallMutable" time="0.024"/>
  <testcase classname="mikera.vectorz.TestVectors" name="g_BitVector" time="0.003"/>
  <testcase classname="mikera.vectorz.TestVectors" name="g_BufferVector" time="0.005"/>
  <testcase classname="mikera.vectorz.TestVectors" name="g_GrowableIndexed" time="0.002"/>
  <testcase classname="mikera.vectorz.TestVectors" name="testElementSum" time="0"/>
  <testcase classname="mikera.vectorz.TestVectors" name="g_RangeVector" time="0.002"/>
  <testcase classname="mikera.vectorz.TestVectors" name="g_MiscSubVectors" time="0.004"/>
  <testcase classname="mikera.vectorz.TestVectors" name="g_ImmutableVector" time="0.002"/>
  <testcase classname="mikera.vectorz.TestVectors" name="g_RepeatedElementVector" time="0.001">
    <error message="1-D access with index 1 not possible for class mikera.vectorz.impl.RepeatedElementVector with shape [1]" type="java.lang.IndexOutOfBoundsException">java.lang.IndexOutOfBoundsException: 1-D access with index 1 not possible for class mikera.vectorz.impl.RepeatedElementVector with shape [1]
	at mikera.vectorz.impl.ASizedVector.checkIndex(ASizedVector.java:71)
	at mikera.vectorz.AVector.selectClone(AVector.java:779)
	at mikera.vectorz.AVector.select(AVector.java:765)
	at mikera.vectorz.TestVectors.testSelect(TestVectors.java:240)
	at mikera.vectorz.TestVectors.doNonDegenerateTests(TestVectors.java:808)
	at mikera.vectorz.TestVectors.doGenericTests(TestVectors.java:868)
	at mikera.vectorz.TestVectors.g_RepeatedElementVector(TestVectors.java:1025)
	at sun.reflect.NativeMethodAccessorImpl.invoke0(Native Method)
	at sun.reflect.NativeMethodAccessorImpl.invoke(NativeMethodAccessorImpl.java:62)
	at sun.reflect.DelegatingMethodAccessorImpl.invoke(DelegatingMethodAccessorImpl.java:43)
	at java.lang.reflect.Method.invoke(Method.java:498)
	at org.junit.runners.model.FrameworkMethod$1.runReflectiveCall(FrameworkMethod.java:50)
	at org.junit.internal.runners.model.ReflectiveCallable.run(ReflectiveCallable.java:12)
	at org.junit.runners.model.FrameworkMethod.invokeExplosively(FrameworkMethod.java:47)
	at org.junit.internal.runners.statements.InvokeMethod.evaluate(InvokeMethod.java:17)
	at org.junit.runners.ParentRunner.runLeaf(ParentRunner.java:325)
	at org.junit.runners.BlockJUnit4ClassRunner.runChild(BlockJUnit4ClassRunner.java:78)
	at org.junit.runners.BlockJUnit4ClassRunner.runChild(BlockJUnit4ClassRunner.java:57)
	at org.junit.runners.ParentRunner$3.run(ParentRunner.java:290)
	at org.junit.runners.ParentRunner$1.schedule(ParentRunner.java:71)
	at org.junit.runners.ParentRunner.runChildren(ParentRunner.java:288)
	at org.junit.runners.ParentRunner.access$000(ParentRunner.java:58)
	at org.junit.runners.ParentRunner$2.evaluate(ParentRunner.java:268)
	at org.junit.runners.ParentRunner.run(ParentRunner.java:363)
	at org.apache.maven.surefire.junit4.JUnit4Provider.execute(JUnit4Provider.java:252)
	at org.apache.maven.surefire.junit4.JUnit4Provider.executeTestSet(JUnit4Provider.java:141)
	at org.apache.maven.surefire.junit4.JUnit4Provider.invoke(JUnit4Provider.java:112)
	at sun.reflect.NativeMethodAccessorImpl.invoke0(Native Method)
	at sun.reflect.NativeMethodAccessorImpl.invoke(NativeMethodAccessorImpl.java:62)
	at sun.reflect.DelegatingMethodAccessorImpl.invoke(DelegatingMethodAccessorImpl.java:43)
	at java.lang.reflect.Method.invoke(Method.java:498)
	at org.apache.maven.surefire.util.ReflectionUtils.invokeMethodWithArray(ReflectionUtils.java:189)
	at org.apache.maven.surefire.booter.ProviderFactory$ProviderProxy.invoke(ProviderFactory.java:165)
	at org.apache.maven.surefire.booter.ProviderFactory.invokeProvider(ProviderFactory.java:85)
	at org.apache.maven.surefire.booter.ForkedBooter.runSuitesInProcess(ForkedBooter.java:115)
	at org.apache.maven.surefire.booter.ForkedBooter.main(ForkedBooter.java:75)
</error>
  </testcase>
  <testcase classname="mikera.vectorz.TestVectors" name="g_JoinedMultiVector" time="0.004"/>
  <testcase classname="mikera.vectorz.TestVectors" name="g_MatrixViews3x3" time="0.012"/>
  <testcase classname="mikera.vectorz.TestVectors" name="g_MatrixViews4x5" time="0.009"/>
  <testcase classname="mikera.vectorz.TestVectors" name="g_MatrixViews5x5" time="0.01"/>
  <testcase classname="mikera.vectorz.TestVectors" name="testDistances" time="0"/>
  <testcase classname="mikera.vectorz.TestVectors" name="g_JoinedSparse" time="0.003"/>
  <testcase classname="mikera.vectorz.TestVectors" name="g_JoinedVector" time="0.018"/>
  <testcase classname="mikera.vectorz.TestVectors" name="testClampMax" time="0"/>
  <testcase classname="mikera.vectorz.TestVectors" name="testClampMin" time="0"/>
  <testcase classname="mikera.vectorz.TestVectors" name="testClamping" time="0"/>
  <testcase classname="mikera.vectorz.TestVectors" name="g_PrimitiveVectors" time="0.009"/>
  <testcase classname="mikera.vectorz.TestVectors" name="g_ArraySubVector" time="0.006"/>
  <testcase classname="mikera.vectorz.TestVectors" name="g_SparseHashedVector" time="0.038"/>
  <testcase classname="mikera.vectorz.TestVectors" name="g_VectorBuilder" time="0"/>
  <testcase classname="mikera.vectorz.TestVectors" name="testString" time="0"/>
  <testcase classname="mikera.vectorz.TestVectors" name="g_JoinedArrayVector" time="0"/>
  <testcase classname="mikera.vectorz.TestVectors" name="g_Growable" time="0"/>
  <testcase classname="mikera.vectorz.TestVectors" name="g_StridedVector" time="0.006"/>
  <testcase classname="mikera.vectorz.TestVectors" name="g_ZeroLength" time="0.003"/>
  <testcase classname="mikera.vectorz.TestVectors" name="g_IndexedSubVector" time="0.054"/>
</testsuite>