<?xml version="1.0" encoding="UTF-8"?>
<testsuite name="org.nutz.dao.test.normal.SimpleDaoTest" time="0.007" tests="59" errors="59" skipped="0" failures="0">
  <properties>
    <property name="java.runtime.name" value="OpenJDK Runtime Environment"/>
    <property name="sun.boot.library.path" value="/usr/lib/jvm/java-8-openjdk-amd64/jre/lib/amd64"/>
    <property name="java.vm.version" value="25.292-b10"/>
    <property name="java.vm.vendor" value="Private Build"/>
    <property name="maven.multiModuleProjectDirectory" value="/home/suvarna/Vinay/Sept-2021/nutz-d8c20cde351510b69629b7642ae2bf07db95f73f"/>
    <property name="java.vendor.url" value="http://java.oracle.com/"/>
    <property name="path.separator" value=":"/>
    <property name="guice.disable.misplaced.annotation.check" value="true"/>
    <property name="java.vm.name" value="OpenJDK 64-Bit Server VM"/>
    <property name="file.encoding.pkg" value="sun.io"/>
    <property name="user.country" value="IN"/>
    <property name="sun.java.launcher" value="SUN_STANDARD"/>
    <property name="sun.os.patch.level" value="unknown"/>
    <property name="java.vm.specification.name" value="Java Virtual Machine Specification"/>
    <property name="user.dir" value="/home/suvarna/Vinay/Sept-2021/nutz-d8c20cde351510b69629b7642ae2bf07db95f73f"/>
    <property name="java.runtime.version" value="1.8.0_292-8u292-b10-0ubuntu1~16.04.1-b10"/>
    <property name="java.awt.graphicsenv" value="sun.awt.X11GraphicsEnvironment"/>
    <property name="java.endorsed.dirs" value="/usr/lib/jvm/java-8-openjdk-amd64/jre/lib/endorsed"/>
    <property name="os.arch" value="amd64"/>
    <property name="java.io.tmpdir" value="/tmp"/>
    <property name="line.separator" value="&#10;"/>
    <property name="java.vm.specification.vendor" value="Oracle Corporation"/>
    <property name="os.name" value="Linux"/>
    <property name="classworlds.conf" value="/home/suvarna/maven/apache-maven-3.6.3/bin/m2.conf"/>
    <property name="sun.jnu.encoding" value="UTF-8"/>
    <property name="java.library.path" value="/usr/java/packages/lib/amd64:/usr/lib/x86_64-linux-gnu/jni:/lib/x86_64-linux-gnu:/usr/lib/x86_64-linux-gnu:/usr/lib/jni:/lib:/usr/lib"/>
    <property name="maven.conf" value="/home/suvarna/maven/apache-maven-3.6.3/conf"/>
    <property name="java.specification.name" value="Java Platform API Specification"/>
    <property name="java.class.version" value="52.0"/>
    <property name="sun.management.compiler" value="HotSpot 64-Bit Tiered Compilers"/>
    <property name="os.version" value="4.15.0-142-generic"/>
    <property name="library.jansi.path" value="/home/suvarna/maven/apache-maven-3.6.3/lib/jansi-native"/>
    <property name="user.home" value="/home/suvarna"/>
    <property name="user.timezone" value="Asia/Kolkata"/>
    <property name="java.awt.printerjob" value="sun.print.PSPrinterJob"/>
    <property name="java.specification.version" value="1.8"/>
    <property name="file.encoding" value="UTF-8"/>
    <property name="user.name" value="suvarna"/>
    <property name="java.class.path" value="/home/suvarna/maven/apache-maven-3.6.3/boot/plexus-classworlds-2.6.0.jar"/>
    <property name="java.vm.specification.version" value="1.8"/>
    <property name="sun.arch.data.model" value="64"/>
    <property name="java.home" value="/usr/lib/jvm/java-8-openjdk-amd64/jre"/>
    <property name="sun.java.command" value="org.codehaus.plexus.classworlds.launcher.Launcher test"/>
    <property name="java.specification.vendor" value="Oracle Corporation"/>
    <property name="user.language" value="en"/>
    <property name="awt.toolkit" value="sun.awt.X11.XToolkit"/>
    <property name="java.vm.info" value="mixed mode"/>
    <property name="java.version" value="1.8.0_292"/>
    <property name="java.ext.dirs" value="/usr/lib/jvm/java-8-openjdk-amd64/jre/lib/ext:/usr/java/packages/lib/ext"/>
    <property name="securerandom.source" value="file:/dev/./urandom"/>
    <property name="sun.boot.class.path" value="/usr/lib/jvm/java-8-openjdk-amd64/jre/lib/resources.jar:/usr/lib/jvm/java-8-openjdk-amd64/jre/lib/rt.jar:/usr/lib/jvm/java-8-openjdk-amd64/jre/lib/sunrsasign.jar:/usr/lib/jvm/java-8-openjdk-amd64/jre/lib/jsse.jar:/usr/lib/jvm/java-8-openjdk-amd64/jre/lib/jce.jar:/usr/lib/jvm/java-8-openjdk-amd64/jre/lib/charsets.jar:/usr/lib/jvm/java-8-openjdk-amd64/jre/lib/jfr.jar:/usr/lib/jvm/java-8-openjdk-amd64/jre/classes"/>
    <property name="java.vendor" value="Private Build"/>
    <property name="maven.home" value="/home/suvarna/maven/apache-maven-3.6.3"/>
    <property name="file.separator" value="/"/>
    <property name="java.vendor.url.bug" value="http://bugreport.sun.com/bugreport/"/>
    <property name="sun.cpu.endian" value="little"/>
    <property name="sun.io.unicode.encoding" value="UnicodeLittle"/>
    <property name="sun.desktop" value="gnome"/>
    <property name="sun.cpu.isalist" value=""/>
  </properties>
  <testcase name="test_dao_func" classname="org.nutz.dao.test.normal.SimpleDaoTest" time="0.001">
    <error message="IocBean[dao -&gt; dataSource] throw Exception when creating" type="org.nutz.ioc.IocException">org.nutz.ioc.IocException: IocBean[dao -> dataSource] throw Exception when creating
	at org.nutz.ioc.impl.ObjectMakerImpl.make(ObjectMakerImpl.java:150)
	at org.nutz.ioc.impl.NutIoc.get(NutIoc.java:210)
	at org.nutz.ioc.val.ReferValue.get(ReferValue.java:24)
	at org.nutz.ioc.impl.ObjectMakerImpl.make(ObjectMakerImpl.java:62)
	at org.nutz.ioc.impl.NutIoc.get(NutIoc.java:210)
	at org.nutz.ioc.impl.NutIoc.get(NutIoc.java:239)
	at org.nutz.dao.test.DaoCase.setUp(DaoCase.java:22)
	at sun.reflect.GeneratedMethodAccessor23.invoke(Unknown Source)
	at sun.reflect.DelegatingMethodAccessorImpl.invoke(DelegatingMethodAccessorImpl.java:43)
	at java.lang.reflect.Method.invoke(Method.java:498)
	at org.junit.runners.model.FrameworkMethod$1.runReflectiveCall(FrameworkMethod.java:44)
	at org.junit.internal.runners.model.ReflectiveCallable.run(ReflectiveCallable.java:15)
	at org.junit.runners.model.FrameworkMethod.invokeExplosively(FrameworkMethod.java:41)
	at org.junit.internal.runners.statements.RunBefores.evaluate(RunBefores.java:27)
	at org.junit.internal.runners.statements.RunAfters.evaluate(RunAfters.java:31)
	at org.junit.runners.BlockJUnit4ClassRunner.runNotIgnored(BlockJUnit4ClassRunner.java:79)
	at org.junit.runners.BlockJUnit4ClassRunner.runChild(BlockJUnit4ClassRunner.java:71)
	at org.junit.runners.BlockJUnit4ClassRunner.runChild(BlockJUnit4ClassRunner.java:49)
	at org.junit.runners.ParentRunner$3.run(ParentRunner.java:193)
	at org.junit.runners.ParentRunner$1.schedule(ParentRunner.java:52)
	at org.junit.runners.ParentRunner.runChildren(ParentRunner.java:191)
	at org.junit.runners.ParentRunner.access$000(ParentRunner.java:42)
	at org.junit.runners.ParentRunner$2.evaluate(ParentRunner.java:184)
	at org.junit.runners.ParentRunner.run(ParentRunner.java:236)
	at org.apache.maven.surefire.junit4.JUnit4Provider.execute(JUnit4Provider.java:283)
	at org.apache.maven.surefire.junit4.JUnit4Provider.executeWithRerun(JUnit4Provider.java:173)
	at org.apache.maven.surefire.junit4.JUnit4Provider.executeTestSet(JUnit4Provider.java:153)
	at org.apache.maven.surefire.junit4.JUnit4Provider.invoke(JUnit4Provider.java:128)
	at org.apache.maven.surefire.booter.ForkedBooter.invokeProviderInSameClassLoader(ForkedBooter.java:203)
	at org.apache.maven.surefire.booter.ForkedBooter.runSuitesInProcess(ForkedBooter.java:155)
	at org.apache.maven.surefire.booter.ForkedBooter.main(ForkedBooter.java:103)
Caused by: java.lang.RuntimeException: IocBean[dataSource] fail at field=[driverClassName]
	at org.nutz.ioc.weaver.FieldInjector.inject(FieldInjector.java:40)
	at org.nutz.ioc.weaver.DefaultWeaver.fill(DefaultWeaver.java:56)
	at org.nutz.ioc.impl.ObjectMakerImpl.make(ObjectMakerImpl.java:136)
	at org.nutz.ioc.impl.NutIoc.get(NutIoc.java:210)
	at org.nutz.ioc.val.ReferValue.get(ReferValue.java:24)
	at org.nutz.ioc.impl.ObjectMakerImpl.make(ObjectMakerImpl.java:62)
	at org.nutz.ioc.impl.NutIoc.get(NutIoc.java:210)
	at org.nutz.ioc.impl.NutIoc.get(NutIoc.java:239)
	at org.nutz.dao.test.DaoCase.setUp(DaoCase.java:22)
	at sun.reflect.GeneratedMethodAccessor23.invoke(Unknown Source)
	at sun.reflect.DelegatingMethodAccessorImpl.invoke(DelegatingMethodAccessorImpl.java:43)
	at java.lang.reflect.Method.invoke(Method.java:498)
	at org.junit.runners.model.FrameworkMethod$1.runReflectiveCall(FrameworkMethod.java:44)
	at org.junit.internal.runners.model.ReflectiveCallable.run(ReflectiveCallable.java:15)
	at org.junit.runners.model.FrameworkMethod.invokeExplosively(FrameworkMethod.java:41)
	at org.junit.internal.runners.statements.RunBefores.evaluate(RunBefores.java:27)
	at org.junit.internal.runners.statements.RunAfters.evaluate(RunAfters.java:31)
	at org.junit.runners.BlockJUnit4ClassRunner.runNotIgnored(BlockJUnit4ClassRunner.java:79)
	at org.junit.runners.BlockJUnit4ClassRunner.runChild(BlockJUnit4ClassRunner.java:71)
	at org.junit.runners.BlockJUnit4ClassRunner.runChild(BlockJUnit4ClassRunner.java:49)
	at org.junit.runners.ParentRunner$3.run(ParentRunner.java:193)
	at org.junit.runners.ParentRunner$1.schedule(ParentRunner.java:52)
	at org.junit.runners.ParentRunner.runChildren(ParentRunner.java:191)
	at org.junit.runners.ParentRunner.access$000(ParentRunner.java:42)
	at org.junit.runners.ParentRunner$2.evaluate(ParentRunner.java:184)
	at org.junit.runners.ParentRunner.run(ParentRunner.java:236)
	at org.apache.maven.surefire.junit4.JUnit4Provider.execute(JUnit4Provider.java:283)
	at org.apache.maven.surefire.junit4.JUnit4Provider.executeWithRerun(JUnit4Provider.java:173)
	at org.apache.maven.surefire.junit4.JUnit4Provider.executeTestSet(JUnit4Provider.java:153)
	at org.apache.maven.surefire.junit4.JUnit4Provider.invoke(JUnit4Provider.java:128)
	at org.apache.maven.surefire.booter.ForkedBooter.invokeProviderInSameClassLoader(ForkedBooter.java:203)
	at org.apache.maven.surefire.booter.ForkedBooter.runSuitesInProcess(ForkedBooter.java:155)
	at org.apache.maven.surefire.booter.ForkedBooter.main(ForkedBooter.java:103)
Caused by: org.nutz.ioc.IocException: IocBean[config] throw Exception when creating
	at org.nutz.ioc.impl.ObjectMakerImpl.make(ObjectMakerImpl.java:150)
	at org.nutz.ioc.impl.NutIoc.get(NutIoc.java:210)
	at org.nutz.ioc.impl.NutIoc.get(NutIoc.java:239)
	at org.nutz.ioc.java.IocObjectNode.getValue(IocObjectNode.java:19)
	at org.nutz.ioc.java.ChainNode.eval(ChainNode.java:24)
	at org.nutz.ioc.java.ChainNode.eval(ChainNode.java:19)
	at org.nutz.ioc.val.JavaValue.get(JavaValue.java:69)
	at org.nutz.ioc.weaver.FieldInjector.inject(FieldInjector.java:32)
	at org.nutz.ioc.weaver.DefaultWeaver.fill(DefaultWeaver.java:56)
	at org.nutz.ioc.impl.ObjectMakerImpl.make(ObjectMakerImpl.java:136)
	at org.nutz.ioc.impl.NutIoc.get(NutIoc.java:210)
	at org.nutz.ioc.val.ReferValue.get(ReferValue.java:24)
	at org.nutz.ioc.impl.ObjectMakerImpl.make(ObjectMakerImpl.java:62)
	at org.nutz.ioc.impl.NutIoc.get(NutIoc.java:210)
	at org.nutz.ioc.impl.NutIoc.get(NutIoc.java:239)
	at org.nutz.dao.test.DaoCase.setUp(DaoCase.java:22)
	at sun.reflect.GeneratedMethodAccessor23.invoke(Unknown Source)
	at sun.reflect.DelegatingMethodAccessorImpl.invoke(DelegatingMethodAccessorImpl.java:43)
	at java.lang.reflect.Method.invoke(Method.java:498)
	at org.junit.runners.model.FrameworkMethod$1.runReflectiveCall(FrameworkMethod.java:44)
	at org.junit.internal.runners.model.ReflectiveCallable.run(ReflectiveCallable.java:15)
	at org.junit.runners.model.FrameworkMethod.invokeExplosively(FrameworkMethod.java:41)
	at org.junit.internal.runners.statements.RunBefores.evaluate(RunBefores.java:27)
	at org.junit.internal.runners.statements.RunAfters.evaluate(RunAfters.java:31)
	at org.junit.runners.BlockJUnit4ClassRunner.runNotIgnored(BlockJUnit4ClassRunner.java:79)
	at org.junit.runners.BlockJUnit4ClassRunner.runChild(BlockJUnit4ClassRunner.java:71)
	at org.junit.runners.BlockJUnit4ClassRunner.runChild(BlockJUnit4ClassRunner.java:49)
	at org.junit.runners.ParentRunner$3.run(ParentRunner.java:193)
	at org.junit.runners.ParentRunner$1.schedule(ParentRunner.java:52)
	at org.junit.runners.ParentRunner.runChildren(ParentRunner.java:191)
	at org.junit.runners.ParentRunner.access$000(ParentRunner.java:42)
	at org.junit.runners.ParentRunner$2.evaluate(ParentRunner.java:184)
	at org.junit.runners.ParentRunner.run(ParentRunner.java:236)
	at org.apache.maven.surefire.junit4.JUnit4Provider.execute(JUnit4Provider.java:283)
	at org.apache.maven.surefire.junit4.JUnit4Provider.executeWithRerun(JUnit4Provider.java:173)
	at org.apache.maven.surefire.junit4.JUnit4Provider.executeTestSet(JUnit4Provider.java:153)
	at org.apache.maven.surefire.junit4.JUnit4Provider.invoke(JUnit4Provider.java:128)
	at org.apache.maven.surefire.booter.ForkedBooter.invokeProviderInSameClassLoader(ForkedBooter.java:203)
	at org.apache.maven.surefire.booter.ForkedBooter.runSuitesInProcess(ForkedBooter.java:155)
	at org.apache.maven.surefire.booter.ForkedBooter.main(ForkedBooter.java:103)
Caused by: java.lang.RuntimeException: IocBean[config] fail at field=[paths]
	at org.nutz.ioc.weaver.FieldInjector.inject(FieldInjector.java:40)
	at org.nutz.ioc.weaver.DefaultWeaver.fill(DefaultWeaver.java:56)
	at org.nutz.ioc.impl.ObjectMakerImpl.make(ObjectMakerImpl.java:136)
	at org.nutz.ioc.impl.NutIoc.get(NutIoc.java:210)
	at org.nutz.ioc.impl.NutIoc.get(NutIoc.java:239)
	at org.nutz.ioc.java.IocObjectNode.getValue(IocObjectNode.java:19)
	at org.nutz.ioc.java.ChainNode.eval(ChainNode.java:24)
	at org.nutz.ioc.java.ChainNode.eval(ChainNode.java:19)
	at org.nutz.ioc.val.JavaValue.get(JavaValue.java:69)
	at org.nutz.ioc.weaver.FieldInjector.inject(FieldInjector.java:32)
	at org.nutz.ioc.weaver.DefaultWeaver.fill(DefaultWeaver.java:56)
	at org.nutz.ioc.impl.ObjectMakerImpl.make(ObjectMakerImpl.java:136)
	at org.nutz.ioc.impl.NutIoc.get(NutIoc.java:210)
	at org.nutz.ioc.val.ReferValue.get(ReferValue.java:24)
	at org.nutz.ioc.impl.ObjectMakerImpl.make(ObjectMakerImpl.java:62)
	at org.nutz.ioc.impl.NutIoc.get(NutIoc.java:210)
	at org.nutz.ioc.impl.NutIoc.get(NutIoc.java:239)
	at org.nutz.dao.test.DaoCase.setUp(DaoCase.java:22)
	at sun.reflect.GeneratedMethodAccessor23.invoke(Unknown Source)
	at sun.reflect.DelegatingMethodAccessorImpl.invoke(DelegatingMethodAccessorImpl.java:43)
	at java.lang.reflect.Method.invoke(Method.java:498)
	at org.junit.runners.model.FrameworkMethod$1.runReflectiveCall(FrameworkMethod.java:44)
	at org.junit.internal.runners.model.ReflectiveCallable.run(ReflectiveCallable.java:15)
	at org.junit.runners.model.FrameworkMethod.invokeExplosively(FrameworkMethod.java:41)
	at org.junit.internal.runners.statements.RunBefores.evaluate(RunBefores.java:27)
	at org.junit.internal.runners.statements.RunAfters.evaluate(RunAfters.java:31)
	at org.junit.runners.BlockJUnit4ClassRunner.runNotIgnored(BlockJUnit4ClassRunner.java:79)
	at org.junit.runners.BlockJUnit4ClassRunner.runChild(BlockJUnit4ClassRunner.java:71)
	at org.junit.runners.BlockJUnit4ClassRunner.runChild(BlockJUnit4ClassRunner.java:49)
	at org.junit.runners.ParentRunner$3.run(ParentRunner.java:193)
	at org.junit.runners.ParentRunner$1.schedule(ParentRunner.java:52)
	at org.junit.runners.ParentRunner.runChildren(ParentRunner.java:191)
	at org.junit.runners.ParentRunner.access$000(ParentRunner.java:42)
	at org.junit.runners.ParentRunner$2.evaluate(ParentRunner.java:184)
	at org.junit.runners.ParentRunner.run(ParentRunner.java:236)
	at org.apache.maven.surefire.junit4.JUnit4Provider.execute(JUnit4Provider.java:283)
	at org.apache.maven.surefire.junit4.JUnit4Provider.executeWithRerun(JUnit4Provider.java:173)
	at org.apache.maven.surefire.junit4.JUnit4Provider.executeTestSet(JUnit4Provider.java:153)
	at org.apache.maven.surefire.junit4.JUnit4Provider.invoke(JUnit4Provider.java:128)
	at org.apache.maven.surefire.booter.ForkedBooter.invokeProviderInSameClassLoader(ForkedBooter.java:203)
	at org.apache.maven.surefire.booter.ForkedBooter.runSuitesInProcess(ForkedBooter.java:155)
	at org.apache.maven.surefire.booter.ForkedBooter.main(ForkedBooter.java:103)
Caused by: java.lang.RuntimeException: Fail to set '[nutz-test.properties]'[ [Ljava.lang.String;@64b0d1fa ] by setter org.nutz.ioc.impl.PropertiesProxy.'setPaths()' because [java.lang.RuntimeException: folder or file like '^.+[.]properties$' no found in nutz-test.properties]: folder or file like '^.+[.]properties$' no found in nutz-test.properties
	at org.nutz.lang.Lang.wrapThrow(Lang.java:167)
	at org.nutz.lang.inject.InjectBySetter.inject(InjectBySetter.java:62)
	at org.nutz.ioc.weaver.FieldInjector.inject(FieldInjector.java:33)
	at org.nutz.ioc.weaver.DefaultWeaver.fill(DefaultWeaver.java:56)
	at org.nutz.ioc.impl.ObjectMakerImpl.make(ObjectMakerImpl.java:136)
	at org.nutz.ioc.impl.NutIoc.get(NutIoc.java:210)
	at org.nutz.ioc.impl.NutIoc.get(NutIoc.java:239)
	at org.nutz.ioc.java.IocObjectNode.getValue(IocObjectNode.java:19)
	at org.nutz.ioc.java.ChainNode.eval(ChainNode.java:24)
	at org.nutz.ioc.java.ChainNode.eval(ChainNode.java:19)
	at org.nutz.ioc.val.JavaValue.get(JavaValue.java:69)
	at org.nutz.ioc.weaver.FieldInjector.inject(FieldInjector.java:32)
	at org.nutz.ioc.weaver.DefaultWeaver.fill(DefaultWeaver.java:56)
	at org.nutz.ioc.impl.ObjectMakerImpl.make(ObjectMakerImpl.java:136)
	at org.nutz.ioc.impl.NutIoc.get(NutIoc.java:210)
	at org.nutz.ioc.val.ReferValue.get(ReferValue.java:24)
	at org.nutz.ioc.impl.ObjectMakerImpl.make(ObjectMakerImpl.java:62)
	at org.nutz.ioc.impl.NutIoc.get(NutIoc.java:210)
	at org.nutz.ioc.impl.NutIoc.get(NutIoc.java:239)
	at org.nutz.dao.test.DaoCase.setUp(DaoCase.java:22)
	at sun.reflect.GeneratedMethodAccessor23.invoke(Unknown Source)
	at sun.reflect.DelegatingMethodAccessorImpl.invoke(DelegatingMethodAccessorImpl.java:43)
	at java.lang.reflect.Method.invoke(Method.java:498)
	at org.junit.runners.model.FrameworkMethod$1.runReflectiveCall(FrameworkMethod.java:44)
	at org.junit.internal.runners.model.ReflectiveCallable.run(ReflectiveCallable.java:15)
	at org.junit.runners.model.FrameworkMethod.invokeExplosively(FrameworkMethod.java:41)
	at org.junit.internal.runners.statements.RunBefores.evaluate(RunBefores.java:27)
	at org.junit.internal.runners.statements.RunAfters.evaluate(RunAfters.java:31)
	at org.junit.runners.BlockJUnit4ClassRunner.runNotIgnored(BlockJUnit4ClassRunner.java:79)
	at org.junit.runners.BlockJUnit4ClassRunner.runChild(BlockJUnit4ClassRunner.java:71)
	at org.junit.runners.BlockJUnit4ClassRunner.runChild(BlockJUnit4ClassRunner.java:49)
	at org.junit.runners.ParentRunner$3.run(ParentRunner.java:193)
	at org.junit.runners.ParentRunner$1.schedule(ParentRunner.java:52)
	at org.junit.runners.ParentRunner.runChildren(ParentRunner.java:191)
	at org.junit.runners.ParentRunner.access$000(ParentRunner.java:42)
	at org.junit.runners.ParentRunner$2.evaluate(ParentRunner.java:184)
	at org.junit.runners.ParentRunner.run(ParentRunner.java:236)
	at org.apache.maven.surefire.junit4.JUnit4Provider.execute(JUnit4Provider.java:283)
	at org.apache.maven.surefire.junit4.JUnit4Provider.executeWithRerun(JUnit4Provider.java:173)
	at org.apache.maven.surefire.junit4.JUnit4Provider.executeTestSet(JUnit4Provider.java:153)
	at org.apache.maven.surefire.junit4.JUnit4Provider.invoke(JUnit4Provider.java:128)
	at org.apache.maven.surefire.booter.ForkedBooter.invokeProviderInSameClassLoader(ForkedBooter.java:203)
	at org.apache.maven.surefire.booter.ForkedBooter.runSuitesInProcess(ForkedBooter.java:155)
	at org.apache.maven.surefire.booter.ForkedBooter.main(ForkedBooter.java:103)
Caused by: java.lang.RuntimeException: folder or file like '^.+[.]properties$' no found in nutz-test.properties
	at org.nutz.lang.Lang.makeThrow(Lang.java:151)
	at org.nutz.resource.Scans.loadResource(Scans.java:112)
	at org.nutz.ioc.impl.PropertiesProxy.getResources(PropertiesProxy.java:153)
	at org.nutz.ioc.impl.PropertiesProxy.setPaths(PropertiesProxy.java:109)
	at org.nutz.ioc.impl.PropertiesProxy$FM$setPaths$d0275b2b871e237a38f11859247d1599.invoke(PropertiesProxy.java)
	at org.nutz.lang.inject.InjectBySetter.inject(InjectBySetter.java:51)
	at org.nutz.ioc.weaver.FieldInjector.inject(FieldInjector.java:33)
	at org.nutz.ioc.weaver.DefaultWeaver.fill(DefaultWeaver.java:56)
	at org.nutz.ioc.impl.ObjectMakerImpl.make(ObjectMakerImpl.java:136)
	at org.nutz.ioc.impl.NutIoc.get(NutIoc.java:210)
	at org.nutz.ioc.impl.NutIoc.get(NutIoc.java:239)
	at org.nutz.ioc.java.IocObjectNode.getValue(IocObjectNode.java:19)
	at org.nutz.ioc.java.ChainNode.eval(ChainNode.java:24)
	at org.nutz.ioc.java.ChainNode.eval(ChainNode.java:19)
	at org.nutz.ioc.val.JavaValue.get(JavaValue.java:69)
	at org.nutz.ioc.weaver.FieldInjector.inject(FieldInjector.java:32)
	at org.nutz.ioc.weaver.DefaultWeaver.fill(DefaultWeaver.java:56)
	at org.nutz.ioc.impl.ObjectMakerImpl.make(ObjectMakerImpl.java:136)
	at org.nutz.ioc.impl.NutIoc.get(NutIoc.java:210)
	at org.nutz.ioc.val.ReferValue.get(ReferValue.java:24)
	at org.nutz.ioc.impl.ObjectMakerImpl.make(ObjectMakerImpl.java:62)
	at org.nutz.ioc.impl.NutIoc.get(NutIoc.java:210)
	at org.nutz.ioc.impl.NutIoc.get(NutIoc.java:239)
	at org.nutz.dao.test.DaoCase.setUp(DaoCase.java:22)
	at sun.reflect.GeneratedMethodAccessor23.invoke(Unknown Source)
	at sun.reflect.DelegatingMethodAccessorImpl.invoke(DelegatingMethodAccessorImpl.java:43)
	at java.lang.reflect.Method.invoke(Method.java:498)
	at org.junit.runners.model.FrameworkMethod$1.runReflectiveCall(FrameworkMethod.java:44)
	at org.junit.internal.runners.model.ReflectiveCallable.run(ReflectiveCallable.java:15)
	at org.junit.runners.model.FrameworkMethod.invokeExplosively(FrameworkMethod.java:41)
	at org.junit.internal.runners.statements.RunBefores.evaluate(RunBefores.java:27)
	at org.junit.internal.runners.statements.RunAfters.evaluate(RunAfters.java:31)
	at org.junit.runners.BlockJUnit4ClassRunner.runNotIgnored(BlockJUnit4ClassRunner.java:79)
	at org.junit.runners.BlockJUnit4ClassRunner.runChild(BlockJUnit4ClassRunner.java:71)
	at org.junit.runners.BlockJUnit4ClassRunner.runChild(BlockJUnit4ClassRunner.java:49)
	at org.junit.runners.ParentRunner$3.run(ParentRunner.java:193)
	at org.junit.runners.ParentRunner$1.schedule(ParentRunner.java:52)
	at org.junit.runners.ParentRunner.runChildren(ParentRunner.java:191)
	at org.junit.runners.ParentRunner.access$000(ParentRunner.java:42)
	at org.junit.runners.ParentRunner$2.evaluate(ParentRunner.java:184)
	at org.junit.runners.ParentRunner.run(ParentRunner.java:236)
	at org.apache.maven.surefire.junit4.JUnit4Provider.execute(JUnit4Provider.java:283)
	at org.apache.maven.surefire.junit4.JUnit4Provider.executeWithRerun(JUnit4Provider.java:173)
	at org.apache.maven.surefire.junit4.JUnit4Provider.executeTestSet(JUnit4Provider.java:153)
	at org.apache.maven.surefire.junit4.JUnit4Provider.invoke(JUnit4Provider.java:128)
	at org.apache.maven.surefire.booter.ForkedBooter.invokeProviderInSameClassLoader(ForkedBooter.java:203)
	at org.apache.maven.surefire.booter.ForkedBooter.runSuitesInProcess(ForkedBooter.java:155)
	at org.apache.maven.surefire.booter.ForkedBooter.main(ForkedBooter.java:103)
</error>
  </testcase>
  <testcase name="test_escape_char" classname="org.nutz.dao.test.normal.SimpleDaoTest" time="0">
    <error message="IocBean[dao -&gt; dataSource] throw Exception when creating" type="org.nutz.ioc.IocException">org.nutz.ioc.IocException: IocBean[dao -> dataSource] throw Exception when creating
	at org.nutz.ioc.impl.ObjectMakerImpl.make(ObjectMakerImpl.java:150)
	at org.nutz.ioc.impl.NutIoc.get(NutIoc.java:210)
	at org.nutz.ioc.val.ReferValue.get(ReferValue.java:24)
	at org.nutz.ioc.impl.ObjectMakerImpl.make(ObjectMakerImpl.java:62)
	at org.nutz.ioc.impl.NutIoc.get(NutIoc.java:210)
	at org.nutz.ioc.impl.NutIoc.get(NutIoc.java:239)
	at org.nutz.dao.test.DaoCase.setUp(DaoCase.java:22)
	at sun.reflect.GeneratedMethodAccessor23.invoke(Unknown Source)
	at sun.reflect.DelegatingMethodAccessorImpl.invoke(DelegatingMethodAccessorImpl.java:43)
	at java.lang.reflect.Method.invoke(Method.java:498)
	at org.junit.runners.model.FrameworkMethod$1.runReflectiveCall(FrameworkMethod.java:44)
	at org.junit.internal.runners.model.ReflectiveCallable.run(ReflectiveCallable.java:15)
	at org.junit.runners.model.FrameworkMethod.invokeExplosively(FrameworkMethod.java:41)
	at org.junit.internal.runners.statements.RunBefores.evaluate(RunBefores.java:27)
	at org.junit.internal.runners.statements.RunAfters.evaluate(RunAfters.java:31)
	at org.junit.runners.BlockJUnit4ClassRunner.runNotIgnored(BlockJUnit4ClassRunner.java:79)
	at org.junit.runners.BlockJUnit4ClassRunner.runChild(BlockJUnit4ClassRunner.java:71)
	at org.junit.runners.BlockJUnit4ClassRunner.runChild(BlockJUnit4ClassRunner.java:49)
	at org.junit.runners.ParentRunner$3.run(ParentRunner.java:193)
	at org.junit.runners.ParentRunner$1.schedule(ParentRunner.java:52)
	at org.junit.runners.ParentRunner.runChildren(ParentRunner.java:191)
	at org.junit.runners.ParentRunner.access$000(ParentRunner.java:42)
	at org.junit.runners.ParentRunner$2.evaluate(ParentRunner.java:184)
	at org.junit.runners.ParentRunner.run(ParentRunner.java:236)
	at org.apache.maven.surefire.junit4.JUnit4Provider.execute(JUnit4Provider.java:283)
	at org.apache.maven.surefire.junit4.JUnit4Provider.executeWithRerun(JUnit4Provider.java:173)
	at org.apache.maven.surefire.junit4.JUnit4Provider.executeTestSet(JUnit4Provider.java:153)
	at org.apache.maven.surefire.junit4.JUnit4Provider.invoke(JUnit4Provider.java:128)
	at org.apache.maven.surefire.booter.ForkedBooter.invokeProviderInSameClassLoader(ForkedBooter.java:203)
	at org.apache.maven.surefire.booter.ForkedBooter.runSuitesInProcess(ForkedBooter.java:155)
	at org.apache.maven.surefire.booter.ForkedBooter.main(ForkedBooter.java:103)
Caused by: java.lang.RuntimeException: IocBean[dataSource] fail at field=[driverClassName]
	at org.nutz.ioc.weaver.FieldInjector.inject(FieldInjector.java:40)
	at org.nutz.ioc.weaver.DefaultWeaver.fill(DefaultWeaver.java:56)
	at org.nutz.ioc.impl.ObjectMakerImpl.make(ObjectMakerImpl.java:136)
	at org.nutz.ioc.impl.NutIoc.get(NutIoc.java:210)
	at org.nutz.ioc.val.ReferValue.get(ReferValue.java:24)
	at org.nutz.ioc.impl.ObjectMakerImpl.make(ObjectMakerImpl.java:62)
	at org.nutz.ioc.impl.NutIoc.get(NutIoc.java:210)
	at org.nutz.ioc.impl.NutIoc.get(NutIoc.java:239)
	at org.nutz.dao.test.DaoCase.setUp(DaoCase.java:22)
	at sun.reflect.GeneratedMethodAccessor23.invoke(Unknown Source)
	at sun.reflect.DelegatingMethodAccessorImpl.invoke(DelegatingMethodAccessorImpl.java:43)
	at java.lang.reflect.Method.invoke(Method.java:498)
	at org.junit.runners.model.FrameworkMethod$1.runReflectiveCall(FrameworkMethod.java:44)
	at org.junit.internal.runners.model.ReflectiveCallable.run(ReflectiveCallable.java:15)
	at org.junit.runners.model.FrameworkMethod.invokeExplosively(FrameworkMethod.java:41)
	at org.junit.internal.runners.statements.RunBefores.evaluate(RunBefores.java:27)
	at org.junit.internal.runners.statements.RunAfters.evaluate(RunAfters.java:31)
	at org.junit.runners.BlockJUnit4ClassRunner.runNotIgnored(BlockJUnit4ClassRunner.java:79)
	at org.junit.runners.BlockJUnit4ClassRunner.runChild(BlockJUnit4ClassRunner.java:71)
	at org.junit.runners.BlockJUnit4ClassRunner.runChild(BlockJUnit4ClassRunner.java:49)
	at org.junit.runners.ParentRunner$3.run(ParentRunner.java:193)
	at org.junit.runners.ParentRunner$1.schedule(ParentRunner.java:52)
	at org.junit.runners.ParentRunner.runChildren(ParentRunner.java:191)
	at org.junit.runners.ParentRunner.access$000(ParentRunner.java:42)
	at org.junit.runners.ParentRunner$2.evaluate(ParentRunner.java:184)
	at org.junit.runners.ParentRunner.run(ParentRunner.java:236)
	at org.apache.maven.surefire.junit4.JUnit4Provider.execute(JUnit4Provider.java:283)
	at org.apache.maven.surefire.junit4.JUnit4Provider.executeWithRerun(JUnit4Provider.java:173)
	at org.apache.maven.surefire.junit4.JUnit4Provider.executeTestSet(JUnit4Provider.java:153)
	at org.apache.maven.surefire.junit4.JUnit4Provider.invoke(JUnit4Provider.java:128)
	at org.apache.maven.surefire.booter.ForkedBooter.invokeProviderInSameClassLoader(ForkedBooter.java:203)
	at org.apache.maven.surefire.booter.ForkedBooter.runSuitesInProcess(ForkedBooter.java:155)
	at org.apache.maven.surefire.booter.ForkedBooter.main(ForkedBooter.java:103)
Caused by: org.nutz.ioc.IocException: IocBean[config] throw Exception when creating
	at org.nutz.ioc.impl.ObjectMakerImpl.make(ObjectMakerImpl.java:150)
	at org.nutz.ioc.impl.NutIoc.get(NutIoc.java:210)
	at org.nutz.ioc.impl.NutIoc.get(NutIoc.java:239)
	at org.nutz.ioc.java.IocObjectNode.getValue(IocObjectNode.java:19)
	at org.nutz.ioc.java.ChainNode.eval(ChainNode.java:24)
	at org.nutz.ioc.java.ChainNode.eval(ChainNode.java:19)
	at org.nutz.ioc.val.JavaValue.get(JavaValue.java:69)
	at org.nutz.ioc.weaver.FieldInjector.inject(FieldInjector.java:32)
	at org.nutz.ioc.weaver.DefaultWeaver.fill(DefaultWeaver.java:56)
	at org.nutz.ioc.impl.ObjectMakerImpl.make(ObjectMakerImpl.java:136)
	at org.nutz.ioc.impl.NutIoc.get(NutIoc.java:210)
	at org.nutz.ioc.val.ReferValue.get(ReferValue.java:24)
	at org.nutz.ioc.impl.ObjectMakerImpl.make(ObjectMakerImpl.java:62)
	at org.nutz.ioc.impl.NutIoc.get(NutIoc.java:210)
	at org.nutz.ioc.impl.NutIoc.get(NutIoc.java:239)
	at org.nutz.dao.test.DaoCase.setUp(DaoCase.java:22)
	at sun.reflect.GeneratedMethodAccessor23.invoke(Unknown Source)
	at sun.reflect.DelegatingMethodAccessorImpl.invoke(DelegatingMethodAccessorImpl.java:43)
	at java.lang.reflect.Method.invoke(Method.java:498)
	at org.junit.runners.model.FrameworkMethod$1.runReflectiveCall(FrameworkMethod.java:44)
	at org.junit.internal.runners.model.ReflectiveCallable.run(ReflectiveCallable.java:15)
	at org.junit.runners.model.FrameworkMethod.invokeExplosively(FrameworkMethod.java:41)
	at org.junit.internal.runners.statements.RunBefores.evaluate(RunBefores.java:27)
	at org.junit.internal.runners.statements.RunAfters.evaluate(RunAfters.java:31)
	at org.junit.runners.BlockJUnit4ClassRunner.runNotIgnored(BlockJUnit4ClassRunner.java:79)
	at org.junit.runners.BlockJUnit4ClassRunner.runChild(BlockJUnit4ClassRunner.java:71)
	at org.junit.runners.BlockJUnit4ClassRunner.runChild(BlockJUnit4ClassRunner.java:49)
	at org.junit.runners.ParentRunner$3.run(ParentRunner.java:193)
	at org.junit.runners.ParentRunner$1.schedule(ParentRunner.java:52)
	at org.junit.runners.ParentRunner.runChildren(ParentRunner.java:191)
	at org.junit.runners.ParentRunner.access$000(ParentRunner.java:42)
	at org.junit.runners.ParentRunner$2.evaluate(ParentRunner.java:184)
	at org.junit.runners.ParentRunner.run(ParentRunner.java:236)
	at org.apache.maven.surefire.junit4.JUnit4Provider.execute(JUnit4Provider.java:283)
	at org.apache.maven.surefire.junit4.JUnit4Provider.executeWithRerun(JUnit4Provider.java:173)
	at org.apache.maven.surefire.junit4.JUnit4Provider.executeTestSet(JUnit4Provider.java:153)
	at org.apache.maven.surefire.junit4.JUnit4Provider.invoke(JUnit4Provider.java:128)
	at org.apache.maven.surefire.booter.ForkedBooter.invokeProviderInSameClassLoader(ForkedBooter.java:203)
	at org.apache.maven.surefire.booter.ForkedBooter.runSuitesInProcess(ForkedBooter.java:155)
	at org.apache.maven.surefire.booter.ForkedBooter.main(ForkedBooter.java:103)
Caused by: java.lang.RuntimeException: IocBean[config] fail at field=[paths]
	at org.nutz.ioc.weaver.FieldInjector.inject(FieldInjector.java:40)
	at org.nutz.ioc.weaver.DefaultWeaver.fill(DefaultWeaver.java:56)
	at org.nutz.ioc.impl.ObjectMakerImpl.make(ObjectMakerImpl.java:136)
	at org.nutz.ioc.impl.NutIoc.get(NutIoc.java:210)
	at org.nutz.ioc.impl.NutIoc.get(NutIoc.java:239)
	at org.nutz.ioc.java.IocObjectNode.getValue(IocObjectNode.java:19)
	at org.nutz.ioc.java.ChainNode.eval(ChainNode.java:24)
	at org.nutz.ioc.java.ChainNode.eval(ChainNode.java:19)
	at org.nutz.ioc.val.JavaValue.get(JavaValue.java:69)
	at org.nutz.ioc.weaver.FieldInjector.inject(FieldInjector.java:32)
	at org.nutz.ioc.weaver.DefaultWeaver.fill(DefaultWeaver.java:56)
	at org.nutz.ioc.impl.ObjectMakerImpl.make(ObjectMakerImpl.java:136)
	at org.nutz.ioc.impl.NutIoc.get(NutIoc.java:210)
	at org.nutz.ioc.val.ReferValue.get(ReferValue.java:24)
	at org.nutz.ioc.impl.ObjectMakerImpl.make(ObjectMakerImpl.java:62)
	at org.nutz.ioc.impl.NutIoc.get(NutIoc.java:210)
	at org.nutz.ioc.impl.NutIoc.get(NutIoc.java:239)
	at org.nutz.dao.test.DaoCase.setUp(DaoCase.java:22)
	at sun.reflect.GeneratedMethodAccessor23.invoke(Unknown Source)
	at sun.reflect.DelegatingMethodAccessorImpl.invoke(DelegatingMethodAccessorImpl.java:43)
	at java.lang.reflect.Method.invoke(Method.java:498)
	at org.junit.runners.model.FrameworkMethod$1.runReflectiveCall(FrameworkMethod.java:44)
	at org.junit.internal.runners.model.ReflectiveCallable.run(ReflectiveCallable.java:15)
	at org.junit.runners.model.FrameworkMethod.invokeExplosively(FrameworkMethod.java:41)
	at org.junit.internal.runners.statements.RunBefores.evaluate(RunBefores.java:27)
	at org.junit.internal.runners.statements.RunAfters.evaluate(RunAfters.java:31)
	at org.junit.runners.BlockJUnit4ClassRunner.runNotIgnored(BlockJUnit4ClassRunner.java:79)
	at org.junit.runners.BlockJUnit4ClassRunner.runChild(BlockJUnit4ClassRunner.java:71)
	at org.junit.runners.BlockJUnit4ClassRunner.runChild(BlockJUnit4ClassRunner.java:49)
	at org.junit.runners.ParentRunner$3.run(ParentRunner.java:193)
	at org.junit.runners.ParentRunner$1.schedule(ParentRunner.java:52)
	at org.junit.runners.ParentRunner.runChildren(ParentRunner.java:191)
	at org.junit.runners.ParentRunner.access$000(ParentRunner.java:42)
	at org.junit.runners.ParentRunner$2.evaluate(ParentRunner.java:184)
	at org.junit.runners.ParentRunner.run(ParentRunner.java:236)
	at org.apache.maven.surefire.junit4.JUnit4Provider.execute(JUnit4Provider.java:283)
	at org.apache.maven.surefire.junit4.JUnit4Provider.executeWithRerun(JUnit4Provider.java:173)
	at org.apache.maven.surefire.junit4.JUnit4Provider.executeTestSet(JUnit4Provider.java:153)
	at org.apache.maven.surefire.junit4.JUnit4Provider.invoke(JUnit4Provider.java:128)
	at org.apache.maven.surefire.booter.ForkedBooter.invokeProviderInSameClassLoader(ForkedBooter.java:203)
	at org.apache.maven.surefire.booter.ForkedBooter.runSuitesInProcess(ForkedBooter.java:155)
	at org.apache.maven.surefire.booter.ForkedBooter.main(ForkedBooter.java:103)
Caused by: java.lang.RuntimeException: Fail to set '[nutz-test.properties]'[ [Ljava.lang.String;@f2276c9 ] by setter org.nutz.ioc.impl.PropertiesProxy.'setPaths()' because [java.lang.RuntimeException: folder or file like '^.+[.]properties$' no found in nutz-test.properties]: folder or file like '^.+[.]properties$' no found in nutz-test.properties
	at org.nutz.lang.Lang.wrapThrow(Lang.java:167)
	at org.nutz.lang.inject.InjectBySetter.inject(InjectBySetter.java:62)
	at org.nutz.ioc.weaver.FieldInjector.inject(FieldInjector.java:33)
	at org.nutz.ioc.weaver.DefaultWeaver.fill(DefaultWeaver.java:56)
	at org.nutz.ioc.impl.ObjectMakerImpl.make(ObjectMakerImpl.java:136)
	at org.nutz.ioc.impl.NutIoc.get(NutIoc.java:210)
	at org.nutz.ioc.impl.NutIoc.get(NutIoc.java:239)
	at org.nutz.ioc.java.IocObjectNode.getValue(IocObjectNode.java:19)
	at org.nutz.ioc.java.ChainNode.eval(ChainNode.java:24)
	at org.nutz.ioc.java.ChainNode.eval(ChainNode.java:19)
	at org.nutz.ioc.val.JavaValue.get(JavaValue.java:69)
	at org.nutz.ioc.weaver.FieldInjector.inject(FieldInjector.java:32)
	at org.nutz.ioc.weaver.DefaultWeaver.fill(DefaultWeaver.java:56)
	at org.nutz.ioc.impl.ObjectMakerImpl.make(ObjectMakerImpl.java:136)
	at org.nutz.ioc.impl.NutIoc.get(NutIoc.java:210)
	at org.nutz.ioc.val.ReferValue.get(ReferValue.java:24)
	at org.nutz.ioc.impl.ObjectMakerImpl.make(ObjectMakerImpl.java:62)
	at org.nutz.ioc.impl.NutIoc.get(NutIoc.java:210)
	at org.nutz.ioc.impl.NutIoc.get(NutIoc.java:239)
	at org.nutz.dao.test.DaoCase.setUp(DaoCase.java:22)
	at sun.reflect.GeneratedMethodAccessor23.invoke(Unknown Source)
	at sun.reflect.DelegatingMethodAccessorImpl.invoke(DelegatingMethodAccessorImpl.java:43)
	at java.lang.reflect.Method.invoke(Method.java:498)
	at org.junit.runners.model.FrameworkMethod$1.runReflectiveCall(FrameworkMethod.java:44)
	at org.junit.internal.runners.model.ReflectiveCallable.run(ReflectiveCallable.java:15)
	at org.junit.runners.model.FrameworkMethod.invokeExplosively(FrameworkMethod.java:41)
	at org.junit.internal.runners.statements.RunBefores.evaluate(RunBefores.java:27)
	at org.junit.internal.runners.statements.RunAfters.evaluate(RunAfters.java:31)
	at org.junit.runners.BlockJUnit4ClassRunner.runNotIgnored(BlockJUnit4ClassRunner.java:79)
	at org.junit.runners.BlockJUnit4ClassRunner.runChild(BlockJUnit4ClassRunner.java:71)
	at org.junit.runners.BlockJUnit4ClassRunner.runChild(BlockJUnit4ClassRunner.java:49)
	at org.junit.runners.ParentRunner$3.run(ParentRunner.java:193)
	at org.junit.runners.ParentRunner$1.schedule(ParentRunner.java:52)
	at org.junit.runners.ParentRunner.runChildren(ParentRunner.java:191)
	at org.junit.runners.ParentRunner.access$000(ParentRunner.java:42)
	at org.junit.runners.ParentRunner$2.evaluate(ParentRunner.java:184)
	at org.junit.runners.ParentRunner.run(ParentRunner.java:236)
	at org.apache.maven.surefire.junit4.JUnit4Provider.execute(JUnit4Provider.java:283)
	at org.apache.maven.surefire.junit4.JUnit4Provider.executeWithRerun(JUnit4Provider.java:173)
	at org.apache.maven.surefire.junit4.JUnit4Provider.executeTestSet(JUnit4Provider.java:153)
	at org.apache.maven.surefire.junit4.JUnit4Provider.invoke(JUnit4Provider.java:128)
	at org.apache.maven.surefire.booter.ForkedBooter.invokeProviderInSameClassLoader(ForkedBooter.java:203)
	at org.apache.maven.surefire.booter.ForkedBooter.runSuitesInProcess(ForkedBooter.java:155)
	at org.apache.maven.surefire.booter.ForkedBooter.main(ForkedBooter.java:103)
Caused by: java.lang.RuntimeException: folder or file like '^.+[.]properties$' no found in nutz-test.properties
	at org.nutz.lang.Lang.makeThrow(Lang.java:151)
	at org.nutz.resource.Scans.loadResource(Scans.java:112)
	at org.nutz.ioc.impl.PropertiesProxy.getResources(PropertiesProxy.java:153)
	at org.nutz.ioc.impl.PropertiesProxy.setPaths(PropertiesProxy.java:109)
	at org.nutz.ioc.impl.PropertiesProxy$FM$setPaths$d0275b2b871e237a38f11859247d1599.invoke(PropertiesProxy.java)
	at org.nutz.lang.inject.InjectBySetter.inject(InjectBySetter.java:51)
	at org.nutz.ioc.weaver.FieldInjector.inject(FieldInjector.java:33)
	at org.nutz.ioc.weaver.DefaultWeaver.fill(DefaultWeaver.java:56)
	at org.nutz.ioc.impl.ObjectMakerImpl.make(ObjectMakerImpl.java:136)
	at org.nutz.ioc.impl.NutIoc.get(NutIoc.java:210)
	at org.nutz.ioc.impl.NutIoc.get(NutIoc.java:239)
	at org.nutz.ioc.java.IocObjectNode.getValue(IocObjectNode.java:19)
	at org.nutz.ioc.java.ChainNode.eval(ChainNode.java:24)
	at org.nutz.ioc.java.ChainNode.eval(ChainNode.java:19)
	at org.nutz.ioc.val.JavaValue.get(JavaValue.java:69)
	at org.nutz.ioc.weaver.FieldInjector.inject(FieldInjector.java:32)
	at org.nutz.ioc.weaver.DefaultWeaver.fill(DefaultWeaver.java:56)
	at org.nutz.ioc.impl.ObjectMakerImpl.make(ObjectMakerImpl.java:136)
	at org.nutz.ioc.impl.NutIoc.get(NutIoc.java:210)
	at org.nutz.ioc.val.ReferValue.get(ReferValue.java:24)
	at org.nutz.ioc.impl.ObjectMakerImpl.make(ObjectMakerImpl.java:62)
	at org.nutz.ioc.impl.NutIoc.get(NutIoc.java:210)
	at org.nutz.ioc.impl.NutIoc.get(NutIoc.java:239)
	at org.nutz.dao.test.DaoCase.setUp(DaoCase.java:22)
	at sun.reflect.GeneratedMethodAccessor23.invoke(Unknown Source)
	at sun.reflect.DelegatingMethodAccessorImpl.invoke(DelegatingMethodAccessorImpl.java:43)
	at java.lang.reflect.Method.invoke(Method.java:498)
	at org.junit.runners.model.FrameworkMethod$1.runReflectiveCall(FrameworkMethod.java:44)
	at org.junit.internal.runners.model.ReflectiveCallable.run(ReflectiveCallable.java:15)
	at org.junit.runners.model.FrameworkMethod.invokeExplosively(FrameworkMethod.java:41)
	at org.junit.internal.runners.statements.RunBefores.evaluate(RunBefores.java:27)
	at org.junit.internal.runners.statements.RunAfters.evaluate(RunAfters.java:31)
	at org.junit.runners.BlockJUnit4ClassRunner.runNotIgnored(BlockJUnit4ClassRunner.java:79)
	at org.junit.runners.BlockJUnit4ClassRunner.runChild(BlockJUnit4ClassRunner.java:71)
	at org.junit.runners.BlockJUnit4ClassRunner.runChild(BlockJUnit4ClassRunner.java:49)
	at org.junit.runners.ParentRunner$3.run(ParentRunner.java:193)
	at org.junit.runners.ParentRunner$1.schedule(ParentRunner.java:52)
	at org.junit.runners.ParentRunner.runChildren(ParentRunner.java:191)
	at org.junit.runners.ParentRunner.access$000(ParentRunner.java:42)
	at org.junit.runners.ParentRunner$2.evaluate(ParentRunner.java:184)
	at org.junit.runners.ParentRunner.run(ParentRunner.java:236)
	at org.apache.maven.surefire.junit4.JUnit4Provider.execute(JUnit4Provider.java:283)
	at org.apache.maven.surefire.junit4.JUnit4Provider.executeWithRerun(JUnit4Provider.java:173)
	at org.apache.maven.surefire.junit4.JUnit4Provider.executeTestSet(JUnit4Provider.java:153)
	at org.apache.maven.surefire.junit4.JUnit4Provider.invoke(JUnit4Provider.java:128)
	at org.apache.maven.surefire.booter.ForkedBooter.invokeProviderInSameClassLoader(ForkedBooter.java:203)
	at org.apache.maven.surefire.booter.ForkedBooter.runSuitesInProcess(ForkedBooter.java:155)
	at org.apache.maven.surefire.booter.ForkedBooter.main(ForkedBooter.java:103)
</error>
  </testcase>
  <testcase name="test_simple_fetch_record" classname="org.nutz.dao.test.normal.SimpleDaoTest" time="0">
    <error message="IocBean[dao -&gt; dataSource] throw Exception when creating" type="org.nutz.ioc.IocException">org.nutz.ioc.IocException: IocBean[dao -> dataSource] throw Exception when creating
	at org.nutz.ioc.impl.ObjectMakerImpl.make(ObjectMakerImpl.java:150)
	at org.nutz.ioc.impl.NutIoc.get(NutIoc.java:210)
	at org.nutz.ioc.val.ReferValue.get(ReferValue.java:24)
	at org.nutz.ioc.impl.ObjectMakerImpl.make(ObjectMakerImpl.java:62)
	at org.nutz.ioc.impl.NutIoc.get(NutIoc.java:210)
	at org.nutz.ioc.impl.NutIoc.get(NutIoc.java:239)
	at org.nutz.dao.test.DaoCase.setUp(DaoCase.java:22)
	at sun.reflect.GeneratedMethodAccessor23.invoke(Unknown Source)
	at sun.reflect.DelegatingMethodAccessorImpl.invoke(DelegatingMethodAccessorImpl.java:43)
	at java.lang.reflect.Method.invoke(Method.java:498)
	at org.junit.runners.model.FrameworkMethod$1.runReflectiveCall(FrameworkMethod.java:44)
	at org.junit.internal.runners.model.ReflectiveCallable.run(ReflectiveCallable.java:15)
	at org.junit.runners.model.FrameworkMethod.invokeExplosively(FrameworkMethod.java:41)
	at org.junit.internal.runners.statements.RunBefores.evaluate(RunBefores.java:27)
	at org.junit.internal.runners.statements.RunAfters.evaluate(RunAfters.java:31)
	at org.junit.runners.BlockJUnit4ClassRunner.runNotIgnored(BlockJUnit4ClassRunner.java:79)
	at org.junit.runners.BlockJUnit4ClassRunner.runChild(BlockJUnit4ClassRunner.java:71)
	at org.junit.runners.BlockJUnit4ClassRunner.runChild(BlockJUnit4ClassRunner.java:49)
	at org.junit.runners.ParentRunner$3.run(ParentRunner.java:193)
	at org.junit.runners.ParentRunner$1.schedule(ParentRunner.java:52)
	at org.junit.runners.ParentRunner.runChildren(ParentRunner.java:191)
	at org.junit.runners.ParentRunner.access$000(ParentRunner.java:42)
	at org.junit.runners.ParentRunner$2.evaluate(ParentRunner.java:184)
	at org.junit.runners.ParentRunner.run(ParentRunner.java:236)
	at org.apache.maven.surefire.junit4.JUnit4Provider.execute(JUnit4Provider.java:283)
	at org.apache.maven.surefire.junit4.JUnit4Provider.executeWithRerun(JUnit4Provider.java:173)
	at org.apache.maven.surefire.junit4.JUnit4Provider.executeTestSet(JUnit4Provider.java:153)
	at org.apache.maven.surefire.junit4.JUnit4Provider.invoke(JUnit4Provider.java:128)
	at org.apache.maven.surefire.booter.ForkedBooter.invokeProviderInSameClassLoader(ForkedBooter.java:203)
	at org.apache.maven.surefire.booter.ForkedBooter.runSuitesInProcess(ForkedBooter.java:155)
	at org.apache.maven.surefire.booter.ForkedBooter.main(ForkedBooter.java:103)
Caused by: java.lang.RuntimeException: IocBean[dataSource] fail at field=[driverClassName]
	at org.nutz.ioc.weaver.FieldInjector.inject(FieldInjector.java:40)
	at org.nutz.ioc.weaver.DefaultWeaver.fill(DefaultWeaver.java:56)
	at org.nutz.ioc.impl.ObjectMakerImpl.make(ObjectMakerImpl.java:136)
	at org.nutz.ioc.impl.NutIoc.get(NutIoc.java:210)
	at org.nutz.ioc.val.ReferValue.get(ReferValue.java:24)
	at org.nutz.ioc.impl.ObjectMakerImpl.make(ObjectMakerImpl.java:62)
	at org.nutz.ioc.impl.NutIoc.get(NutIoc.java:210)
	at org.nutz.ioc.impl.NutIoc.get(NutIoc.java:239)
	at org.nutz.dao.test.DaoCase.setUp(DaoCase.java:22)
	at sun.reflect.GeneratedMethodAccessor23.invoke(Unknown Source)
	at sun.reflect.DelegatingMethodAccessorImpl.invoke(DelegatingMethodAccessorImpl.java:43)
	at java.lang.reflect.Method.invoke(Method.java:498)
	at org.junit.runners.model.FrameworkMethod$1.runReflectiveCall(FrameworkMethod.java:44)
	at org.junit.internal.runners.model.ReflectiveCallable.run(ReflectiveCallable.java:15)
	at org.junit.runners.model.FrameworkMethod.invokeExplosively(FrameworkMethod.java:41)
	at org.junit.internal.runners.statements.RunBefores.evaluate(RunBefores.java:27)
	at org.junit.internal.runners.statements.RunAfters.evaluate(RunAfters.java:31)
	at org.junit.runners.BlockJUnit4ClassRunner.runNotIgnored(BlockJUnit4ClassRunner.java:79)
	at org.junit.runners.BlockJUnit4ClassRunner.runChild(BlockJUnit4ClassRunner.java:71)
	at org.junit.runners.BlockJUnit4ClassRunner.runChild(BlockJUnit4ClassRunner.java:49)
	at org.junit.runners.ParentRunner$3.run(ParentRunner.java:193)
	at org.junit.runners.ParentRunner$1.schedule(ParentRunner.java:52)
	at org.junit.runners.ParentRunner.runChildren(ParentRunner.java:191)
	at org.junit.runners.ParentRunner.access$000(ParentRunner.java:42)
	at org.junit.runners.ParentRunner$2.evaluate(ParentRunner.java:184)
	at org.junit.runners.ParentRunner.run(ParentRunner.java:236)
	at org.apache.maven.surefire.junit4.JUnit4Provider.execute(JUnit4Provider.java:283)
	at org.apache.maven.surefire.junit4.JUnit4Provider.executeWithRerun(JUnit4Provider.java:173)
	at org.apache.maven.surefire.junit4.JUnit4Provider.executeTestSet(JUnit4Provider.java:153)
	at org.apache.maven.surefire.junit4.JUnit4Provider.invoke(JUnit4Provider.java:128)
	at org.apache.maven.surefire.booter.ForkedBooter.invokeProviderInSameClassLoader(ForkedBooter.java:203)
	at org.apache.maven.surefire.booter.ForkedBooter.runSuitesInProcess(ForkedBooter.java:155)
	at org.apache.maven.surefire.booter.ForkedBooter.main(ForkedBooter.java:103)
Caused by: org.nutz.ioc.IocException: IocBean[config] throw Exception when creating
	at org.nutz.ioc.impl.ObjectMakerImpl.make(ObjectMakerImpl.java:150)
	at org.nutz.ioc.impl.NutIoc.get(NutIoc.java:210)
	at org.nutz.ioc.impl.NutIoc.get(NutIoc.java:239)
	at org.nutz.ioc.java.IocObjectNode.getValue(IocObjectNode.java:19)
	at org.nutz.ioc.java.ChainNode.eval(ChainNode.java:24)
	at org.nutz.ioc.java.ChainNode.eval(ChainNode.java:19)
	at org.nutz.ioc.val.JavaValue.get(JavaValue.java:69)
	at org.nutz.ioc.weaver.FieldInjector.inject(FieldInjector.java:32)
	at org.nutz.ioc.weaver.DefaultWeaver.fill(DefaultWeaver.java:56)
	at org.nutz.ioc.impl.ObjectMakerImpl.make(ObjectMakerImpl.java:136)
	at org.nutz.ioc.impl.NutIoc.get(NutIoc.java:210)
	at org.nutz.ioc.val.ReferValue.get(ReferValue.java:24)
	at org.nutz.ioc.impl.ObjectMakerImpl.make(ObjectMakerImpl.java:62)
	at org.nutz.ioc.impl.NutIoc.get(NutIoc.java:210)
	at org.nutz.ioc.impl.NutIoc.get(NutIoc.java:239)
	at org.nutz.dao.test.DaoCase.setUp(DaoCase.java:22)
	at sun.reflect.GeneratedMethodAccessor23.invoke(Unknown Source)
	at sun.reflect.DelegatingMethodAccessorImpl.invoke(DelegatingMethodAccessorImpl.java:43)
	at java.lang.reflect.Method.invoke(Method.java:498)
	at org.junit.runners.model.FrameworkMethod$1.runReflectiveCall(FrameworkMethod.java:44)
	at org.junit.internal.runners.model.ReflectiveCallable.run(ReflectiveCallable.java:15)
	at org.junit.runners.model.FrameworkMethod.invokeExplosively(FrameworkMethod.java:41)
	at org.junit.internal.runners.statements.RunBefores.evaluate(RunBefores.java:27)
	at org.junit.internal.runners.statements.RunAfters.evaluate(RunAfters.java:31)
	at org.junit.runners.BlockJUnit4ClassRunner.runNotIgnored(BlockJUnit4ClassRunner.java:79)
	at org.junit.runners.BlockJUnit4ClassRunner.runChild(BlockJUnit4ClassRunner.java:71)
	at org.junit.runners.BlockJUnit4ClassRunner.runChild(BlockJUnit4ClassRunner.java:49)
	at org.junit.runners.ParentRunner$3.run(ParentRunner.java:193)
	at org.junit.runners.ParentRunner$1.schedule(ParentRunner.java:52)
	at org.junit.runners.ParentRunner.runChildren(ParentRunner.java:191)
	at org.junit.runners.ParentRunner.access$000(ParentRunner.java:42)
	at org.junit.runners.ParentRunner$2.evaluate(ParentRunner.java:184)
	at org.junit.runners.ParentRunner.run(ParentRunner.java:236)
	at org.apache.maven.surefire.junit4.JUnit4Provider.execute(JUnit4Provider.java:283)
	at org.apache.maven.surefire.junit4.JUnit4Provider.executeWithRerun(JUnit4Provider.java:173)
	at org.apache.maven.surefire.junit4.JUnit4Provider.executeTestSet(JUnit4Provider.java:153)
	at org.apache.maven.surefire.junit4.JUnit4Provider.invoke(JUnit4Provider.java:128)
	at org.apache.maven.surefire.booter.ForkedBooter.invokeProviderInSameClassLoader(ForkedBooter.java:203)
	at org.apache.maven.surefire.booter.ForkedBooter.runSuitesInProcess(ForkedBooter.java:155)
	at org.apache.maven.surefire.booter.ForkedBooter.main(ForkedBooter.java:103)
Caused by: java.lang.RuntimeException: IocBean[config] fail at field=[paths]
	at org.nutz.ioc.weaver.FieldInjector.inject(FieldInjector.java:40)
	at org.nutz.ioc.weaver.DefaultWeaver.fill(DefaultWeaver.java:56)
	at org.nutz.ioc.impl.ObjectMakerImpl.make(ObjectMakerImpl.java:136)
	at org.nutz.ioc.impl.NutIoc.get(NutIoc.java:210)
	at org.nutz.ioc.impl.NutIoc.get(NutIoc.java:239)
	at org.nutz.ioc.java.IocObjectNode.getValue(IocObjectNode.java:19)
	at org.nutz.ioc.java.ChainNode.eval(ChainNode.java:24)
	at org.nutz.ioc.java.ChainNode.eval(ChainNode.java:19)
	at org.nutz.ioc.val.JavaValue.get(JavaValue.java:69)
	at org.nutz.ioc.weaver.FieldInjector.inject(FieldInjector.java:32)
	at org.nutz.ioc.weaver.DefaultWeaver.fill(DefaultWeaver.java:56)
	at org.nutz.ioc.impl.ObjectMakerImpl.make(ObjectMakerImpl.java:136)
	at org.nutz.ioc.impl.NutIoc.get(NutIoc.java:210)
	at org.nutz.ioc.val.ReferValue.get(ReferValue.java:24)
	at org.nutz.ioc.impl.ObjectMakerImpl.make(ObjectMakerImpl.java:62)
	at org.nutz.ioc.impl.NutIoc.get(NutIoc.java:210)
	at org.nutz.ioc.impl.NutIoc.get(NutIoc.java:239)
	at org.nutz.dao.test.DaoCase.setUp(DaoCase.java:22)
	at sun.reflect.GeneratedMethodAccessor23.invoke(Unknown Source)
	at sun.reflect.DelegatingMethodAccessorImpl.invoke(DelegatingMethodAccessorImpl.java:43)
	at java.lang.reflect.Method.invoke(Method.java:498)
	at org.junit.runners.model.FrameworkMethod$1.runReflectiveCall(FrameworkMethod.java:44)
	at org.junit.internal.runners.model.ReflectiveCallable.run(ReflectiveCallable.java:15)
	at org.junit.runners.model.FrameworkMethod.invokeExplosively(FrameworkMethod.java:41)
	at org.junit.internal.runners.statements.RunBefores.evaluate(RunBefores.java:27)
	at org.junit.internal.runners.statements.RunAfters.evaluate(RunAfters.java:31)
	at org.junit.runners.BlockJUnit4ClassRunner.runNotIgnored(BlockJUnit4ClassRunner.java:79)
	at org.junit.runners.BlockJUnit4ClassRunner.runChild(BlockJUnit4ClassRunner.java:71)
	at org.junit.runners.BlockJUnit4ClassRunner.runChild(BlockJUnit4ClassRunner.java:49)
	at org.junit.runners.ParentRunner$3.run(ParentRunner.java:193)
	at org.junit.runners.ParentRunner$1.schedule(ParentRunner.java:52)
	at org.junit.runners.ParentRunner.runChildren(ParentRunner.java:191)
	at org.junit.runners.ParentRunner.access$000(ParentRunner.java:42)
	at org.junit.runners.ParentRunner$2.evaluate(ParentRunner.java:184)
	at org.junit.runners.ParentRunner.run(ParentRunner.java:236)
	at org.apache.maven.surefire.junit4.JUnit4Provider.execute(JUnit4Provider.java:283)
	at org.apache.maven.surefire.junit4.JUnit4Provider.executeWithRerun(JUnit4Provider.java:173)
	at org.apache.maven.surefire.junit4.JUnit4Provider.executeTestSet(JUnit4Provider.java:153)
	at org.apache.maven.surefire.junit4.JUnit4Provider.invoke(JUnit4Provider.java:128)
	at org.apache.maven.surefire.booter.ForkedBooter.invokeProviderInSameClassLoader(ForkedBooter.java:203)
	at org.apache.maven.surefire.booter.ForkedBooter.runSuitesInProcess(ForkedBooter.java:155)
	at org.apache.maven.surefire.booter.ForkedBooter.main(ForkedBooter.java:103)
Caused by: java.lang.RuntimeException: Fail to set '[nutz-test.properties]'[ [Ljava.lang.String;@12d2ddde ] by setter org.nutz.ioc.impl.PropertiesProxy.'setPaths()' because [java.lang.RuntimeException: folder or file like '^.+[.]properties$' no found in nutz-test.properties]: folder or file like '^.+[.]properties$' no found in nutz-test.properties
	at org.nutz.lang.Lang.wrapThrow(Lang.java:167)
	at org.nutz.lang.inject.InjectBySetter.inject(InjectBySetter.java:62)
	at org.nutz.ioc.weaver.FieldInjector.inject(FieldInjector.java:33)
	at org.nutz.ioc.weaver.DefaultWeaver.fill(DefaultWeaver.java:56)
	at org.nutz.ioc.impl.ObjectMakerImpl.make(ObjectMakerImpl.java:136)
	at org.nutz.ioc.impl.NutIoc.get(NutIoc.java:210)
	at org.nutz.ioc.impl.NutIoc.get(NutIoc.java:239)
	at org.nutz.ioc.java.IocObjectNode.getValue(IocObjectNode.java:19)
	at org.nutz.ioc.java.ChainNode.eval(ChainNode.java:24)
	at org.nutz.ioc.java.ChainNode.eval(ChainNode.java:19)
	at org.nutz.ioc.val.JavaValue.get(JavaValue.java:69)
	at org.nutz.ioc.weaver.FieldInjector.inject(FieldInjector.java:32)
	at org.nutz.ioc.weaver.DefaultWeaver.fill(DefaultWeaver.java:56)
	at org.nutz.ioc.impl.ObjectMakerImpl.make(ObjectMakerImpl.java:136)
	at org.nutz.ioc.impl.NutIoc.get(NutIoc.java:210)
	at org.nutz.ioc.val.ReferValue.get(ReferValue.java:24)
	at org.nutz.ioc.impl.ObjectMakerImpl.make(ObjectMakerImpl.java:62)
	at org.nutz.ioc.impl.NutIoc.get(NutIoc.java:210)
	at org.nutz.ioc.impl.NutIoc.get(NutIoc.java:239)
	at org.nutz.dao.test.DaoCase.setUp(DaoCase.java:22)
	at sun.reflect.GeneratedMethodAccessor23.invoke(Unknown Source)
	at sun.reflect.DelegatingMethodAccessorImpl.invoke(DelegatingMethodAccessorImpl.java:43)
	at java.lang.reflect.Method.invoke(Method.java:498)
	at org.junit.runners.model.FrameworkMethod$1.runReflectiveCall(FrameworkMethod.java:44)
	at org.junit.internal.runners.model.ReflectiveCallable.run(ReflectiveCallable.java:15)
	at org.junit.runners.model.FrameworkMethod.invokeExplosively(FrameworkMethod.java:41)
	at org.junit.internal.runners.statements.RunBefores.evaluate(RunBefores.java:27)
	at org.junit.internal.runners.statements.RunAfters.evaluate(RunAfters.java:31)
	at org.junit.runners.BlockJUnit4ClassRunner.runNotIgnored(BlockJUnit4ClassRunner.java:79)
	at org.junit.runners.BlockJUnit4ClassRunner.runChild(BlockJUnit4ClassRunner.java:71)
	at org.junit.runners.BlockJUnit4ClassRunner.runChild(BlockJUnit4ClassRunner.java:49)
	at org.junit.runners.ParentRunner$3.run(ParentRunner.java:193)
	at org.junit.runners.ParentRunner$1.schedule(ParentRunner.java:52)
	at org.junit.runners.ParentRunner.runChildren(ParentRunner.java:191)
	at org.junit.runners.ParentRunner.access$000(ParentRunner.java:42)
	at org.junit.runners.ParentRunner$2.evaluate(ParentRunner.java:184)
	at org.junit.runners.ParentRunner.run(ParentRunner.java:236)
	at org.apache.maven.surefire.junit4.JUnit4Provider.execute(JUnit4Provider.java:283)
	at org.apache.maven.surefire.junit4.JUnit4Provider.executeWithRerun(JUnit4Provider.java:173)
	at org.apache.maven.surefire.junit4.JUnit4Provider.executeTestSet(JUnit4Provider.java:153)
	at org.apache.maven.surefire.junit4.JUnit4Provider.invoke(JUnit4Provider.java:128)
	at org.apache.maven.surefire.booter.ForkedBooter.invokeProviderInSameClassLoader(ForkedBooter.java:203)
	at org.apache.maven.surefire.booter.ForkedBooter.runSuitesInProcess(ForkedBooter.java:155)
	at org.apache.maven.surefire.booter.ForkedBooter.main(ForkedBooter.java:103)
Caused by: java.lang.RuntimeException: folder or file like '^.+[.]properties$' no found in nutz-test.properties
	at org.nutz.lang.Lang.makeThrow(Lang.java:151)
	at org.nutz.resource.Scans.loadResource(Scans.java:112)
	at org.nutz.ioc.impl.PropertiesProxy.getResources(PropertiesProxy.java:153)
	at org.nutz.ioc.impl.PropertiesProxy.setPaths(PropertiesProxy.java:109)
	at org.nutz.ioc.impl.PropertiesProxy$FM$setPaths$d0275b2b871e237a38f11859247d1599.invoke(PropertiesProxy.java)
	at org.nutz.lang.inject.InjectBySetter.inject(InjectBySetter.java:51)
	at org.nutz.ioc.weaver.FieldInjector.inject(FieldInjector.java:33)
	at org.nutz.ioc.weaver.DefaultWeaver.fill(DefaultWeaver.java:56)
	at org.nutz.ioc.impl.ObjectMakerImpl.make(ObjectMakerImpl.java:136)
	at org.nutz.ioc.impl.NutIoc.get(NutIoc.java:210)
	at org.nutz.ioc.impl.NutIoc.get(NutIoc.java:239)
	at org.nutz.ioc.java.IocObjectNode.getValue(IocObjectNode.java:19)
	at org.nutz.ioc.java.ChainNode.eval(ChainNode.java:24)
	at org.nutz.ioc.java.ChainNode.eval(ChainNode.java:19)
	at org.nutz.ioc.val.JavaValue.get(JavaValue.java:69)
	at org.nutz.ioc.weaver.FieldInjector.inject(FieldInjector.java:32)
	at org.nutz.ioc.weaver.DefaultWeaver.fill(DefaultWeaver.java:56)
	at org.nutz.ioc.impl.ObjectMakerImpl.make(ObjectMakerImpl.java:136)
	at org.nutz.ioc.impl.NutIoc.get(NutIoc.java:210)
	at org.nutz.ioc.val.ReferValue.get(ReferValue.java:24)
	at org.nutz.ioc.impl.ObjectMakerImpl.make(ObjectMakerImpl.java:62)
	at org.nutz.ioc.impl.NutIoc.get(NutIoc.java:210)
	at org.nutz.ioc.impl.NutIoc.get(NutIoc.java:239)
	at org.nutz.dao.test.DaoCase.setUp(DaoCase.java:22)
	at sun.reflect.GeneratedMethodAccessor23.invoke(Unknown Source)
	at sun.reflect.DelegatingMethodAccessorImpl.invoke(DelegatingMethodAccessorImpl.java:43)
	at java.lang.reflect.Method.invoke(Method.java:498)
	at org.junit.runners.model.FrameworkMethod$1.runReflectiveCall(FrameworkMethod.java:44)
	at org.junit.internal.runners.model.ReflectiveCallable.run(ReflectiveCallable.java:15)
	at org.junit.runners.model.FrameworkMethod.invokeExplosively(FrameworkMethod.java:41)
	at org.junit.internal.runners.statements.RunBefores.evaluate(RunBefores.java:27)
	at org.junit.internal.runners.statements.RunAfters.evaluate(RunAfters.java:31)
	at org.junit.runners.BlockJUnit4ClassRunner.runNotIgnored(BlockJUnit4ClassRunner.java:79)
	at org.junit.runners.BlockJUnit4ClassRunner.runChild(BlockJUnit4ClassRunner.java:71)
	at org.junit.runners.BlockJUnit4ClassRunner.runChild(BlockJUnit4ClassRunner.java:49)
	at org.junit.runners.ParentRunner$3.run(ParentRunner.java:193)
	at org.junit.runners.ParentRunner$1.schedule(ParentRunner.java:52)
	at org.junit.runners.ParentRunner.runChildren(ParentRunner.java:191)
	at org.junit.runners.ParentRunner.access$000(ParentRunner.java:42)
	at org.junit.runners.ParentRunner$2.evaluate(ParentRunner.java:184)
	at org.junit.runners.ParentRunner.run(ParentRunner.java:236)
	at org.apache.maven.surefire.junit4.JUnit4Provider.execute(JUnit4Provider.java:283)
	at org.apache.maven.surefire.junit4.JUnit4Provider.executeWithRerun(JUnit4Provider.java:173)
	at org.apache.maven.surefire.junit4.JUnit4Provider.executeTestSet(JUnit4Provider.java:153)
	at org.apache.maven.surefire.junit4.JUnit4Provider.invoke(JUnit4Provider.java:128)
	at org.apache.maven.surefire.booter.ForkedBooter.invokeProviderInSameClassLoader(ForkedBooter.java:203)
	at org.apache.maven.surefire.booter.ForkedBooter.runSuitesInProcess(ForkedBooter.java:155)
	at org.apache.maven.surefire.booter.ForkedBooter.main(ForkedBooter.java:103)
</error>
  </testcase>
  <testcase name="test_delete_list" classname="org.nutz.dao.test.normal.SimpleDaoTest" time="0">
    <error message="IocBean[dao -&gt; dataSource] throw Exception when creating" type="org.nutz.ioc.IocException">org.nutz.ioc.IocException: IocBean[dao -> dataSource] throw Exception when creating
	at org.nutz.ioc.impl.ObjectMakerImpl.make(ObjectMakerImpl.java:150)
	at org.nutz.ioc.impl.NutIoc.get(NutIoc.java:210)
	at org.nutz.ioc.val.ReferValue.get(ReferValue.java:24)
	at org.nutz.ioc.impl.ObjectMakerImpl.make(ObjectMakerImpl.java:62)
	at org.nutz.ioc.impl.NutIoc.get(NutIoc.java:210)
	at org.nutz.ioc.impl.NutIoc.get(NutIoc.java:239)
	at org.nutz.dao.test.DaoCase.setUp(DaoCase.java:22)
	at sun.reflect.GeneratedMethodAccessor23.invoke(Unknown Source)
	at sun.reflect.DelegatingMethodAccessorImpl.invoke(DelegatingMethodAccessorImpl.java:43)
	at java.lang.reflect.Method.invoke(Method.java:498)
	at org.junit.runners.model.FrameworkMethod$1.runReflectiveCall(FrameworkMethod.java:44)
	at org.junit.internal.runners.model.ReflectiveCallable.run(ReflectiveCallable.java:15)
	at org.junit.runners.model.FrameworkMethod.invokeExplosively(FrameworkMethod.java:41)
	at org.junit.internal.runners.statements.RunBefores.evaluate(RunBefores.java:27)
	at org.junit.internal.runners.statements.RunAfters.evaluate(RunAfters.java:31)
	at org.junit.runners.BlockJUnit4ClassRunner.runNotIgnored(BlockJUnit4ClassRunner.java:79)
	at org.junit.runners.BlockJUnit4ClassRunner.runChild(BlockJUnit4ClassRunner.java:71)
	at org.junit.runners.BlockJUnit4ClassRunner.runChild(BlockJUnit4ClassRunner.java:49)
	at org.junit.runners.ParentRunner$3.run(ParentRunner.java:193)
	at org.junit.runners.ParentRunner$1.schedule(ParentRunner.java:52)
	at org.junit.runners.ParentRunner.runChildren(ParentRunner.java:191)
	at org.junit.runners.ParentRunner.access$000(ParentRunner.java:42)
	at org.junit.runners.ParentRunner$2.evaluate(ParentRunner.java:184)
	at org.junit.runners.ParentRunner.run(ParentRunner.java:236)
	at org.apache.maven.surefire.junit4.JUnit4Provider.execute(JUnit4Provider.java:283)
	at org.apache.maven.surefire.junit4.JUnit4Provider.executeWithRerun(JUnit4Provider.java:173)
	at org.apache.maven.surefire.junit4.JUnit4Provider.executeTestSet(JUnit4Provider.java:153)
	at org.apache.maven.surefire.junit4.JUnit4Provider.invoke(JUnit4Provider.java:128)
	at org.apache.maven.surefire.booter.ForkedBooter.invokeProviderInSameClassLoader(ForkedBooter.java:203)
	at org.apache.maven.surefire.booter.ForkedBooter.runSuitesInProcess(ForkedBooter.java:155)
	at org.apache.maven.surefire.booter.ForkedBooter.main(ForkedBooter.java:103)
Caused by: java.lang.RuntimeException: IocBean[dataSource] fail at field=[driverClassName]
	at org.nutz.ioc.weaver.FieldInjector.inject(FieldInjector.java:40)
	at org.nutz.ioc.weaver.DefaultWeaver.fill(DefaultWeaver.java:56)
	at org.nutz.ioc.impl.ObjectMakerImpl.make(ObjectMakerImpl.java:136)
	at org.nutz.ioc.impl.NutIoc.get(NutIoc.java:210)
	at org.nutz.ioc.val.ReferValue.get(ReferValue.java:24)
	at org.nutz.ioc.impl.ObjectMakerImpl.make(ObjectMakerImpl.java:62)
	at org.nutz.ioc.impl.NutIoc.get(NutIoc.java:210)
	at org.nutz.ioc.impl.NutIoc.get(NutIoc.java:239)
	at org.nutz.dao.test.DaoCase.setUp(DaoCase.java:22)
	at sun.reflect.GeneratedMethodAccessor23.invoke(Unknown Source)
	at sun.reflect.DelegatingMethodAccessorImpl.invoke(DelegatingMethodAccessorImpl.java:43)
	at java.lang.reflect.Method.invoke(Method.java:498)
	at org.junit.runners.model.FrameworkMethod$1.runReflectiveCall(FrameworkMethod.java:44)
	at org.junit.internal.runners.model.ReflectiveCallable.run(ReflectiveCallable.java:15)
	at org.junit.runners.model.FrameworkMethod.invokeExplosively(FrameworkMethod.java:41)
	at org.junit.internal.runners.statements.RunBefores.evaluate(RunBefores.java:27)
	at org.junit.internal.runners.statements.RunAfters.evaluate(RunAfters.java:31)
	at org.junit.runners.BlockJUnit4ClassRunner.runNotIgnored(BlockJUnit4ClassRunner.java:79)
	at org.junit.runners.BlockJUnit4ClassRunner.runChild(BlockJUnit4ClassRunner.java:71)
	at org.junit.runners.BlockJUnit4ClassRunner.runChild(BlockJUnit4ClassRunner.java:49)
	at org.junit.runners.ParentRunner$3.run(ParentRunner.java:193)
	at org.junit.runners.ParentRunner$1.schedule(ParentRunner.java:52)
	at org.junit.runners.ParentRunner.runChildren(ParentRunner.java:191)
	at org.junit.runners.ParentRunner.access$000(ParentRunner.java:42)
	at org.junit.runners.ParentRunner$2.evaluate(ParentRunner.java:184)
	at org.junit.runners.ParentRunner.run(ParentRunner.java:236)
	at org.apache.maven.surefire.junit4.JUnit4Provider.execute(JUnit4Provider.java:283)
	at org.apache.maven.surefire.junit4.JUnit4Provider.executeWithRerun(JUnit4Provider.java:173)
	at org.apache.maven.surefire.junit4.JUnit4Provider.executeTestSet(JUnit4Provider.java:153)
	at org.apache.maven.surefire.junit4.JUnit4Provider.invoke(JUnit4Provider.java:128)
	at org.apache.maven.surefire.booter.ForkedBooter.invokeProviderInSameClassLoader(ForkedBooter.java:203)
	at org.apache.maven.surefire.booter.ForkedBooter.runSuitesInProcess(ForkedBooter.java:155)
	at org.apache.maven.surefire.booter.ForkedBooter.main(ForkedBooter.java:103)
Caused by: org.nutz.ioc.IocException: IocBean[config] throw Exception when creating
	at org.nutz.ioc.impl.ObjectMakerImpl.make(ObjectMakerImpl.java:150)
	at org.nutz.ioc.impl.NutIoc.get(NutIoc.java:210)
	at org.nutz.ioc.impl.NutIoc.get(NutIoc.java:239)
	at org.nutz.ioc.java.IocObjectNode.getValue(IocObjectNode.java:19)
	at org.nutz.ioc.java.ChainNode.eval(ChainNode.java:24)
	at org.nutz.ioc.java.ChainNode.eval(ChainNode.java:19)
	at org.nutz.ioc.val.JavaValue.get(JavaValue.java:69)
	at org.nutz.ioc.weaver.FieldInjector.inject(FieldInjector.java:32)
	at org.nutz.ioc.weaver.DefaultWeaver.fill(DefaultWeaver.java:56)
	at org.nutz.ioc.impl.ObjectMakerImpl.make(ObjectMakerImpl.java:136)
	at org.nutz.ioc.impl.NutIoc.get(NutIoc.java:210)
	at org.nutz.ioc.val.ReferValue.get(ReferValue.java:24)
	at org.nutz.ioc.impl.ObjectMakerImpl.make(ObjectMakerImpl.java:62)
	at org.nutz.ioc.impl.NutIoc.get(NutIoc.java:210)
	at org.nutz.ioc.impl.NutIoc.get(NutIoc.java:239)
	at org.nutz.dao.test.DaoCase.setUp(DaoCase.java:22)
	at sun.reflect.GeneratedMethodAccessor23.invoke(Unknown Source)
	at sun.reflect.DelegatingMethodAccessorImpl.invoke(DelegatingMethodAccessorImpl.java:43)
	at java.lang.reflect.Method.invoke(Method.java:498)
	at org.junit.runners.model.FrameworkMethod$1.runReflectiveCall(FrameworkMethod.java:44)
	at org.junit.internal.runners.model.ReflectiveCallable.run(ReflectiveCallable.java:15)
	at org.junit.runners.model.FrameworkMethod.invokeExplosively(FrameworkMethod.java:41)
	at org.junit.internal.runners.statements.RunBefores.evaluate(RunBefores.java:27)
	at org.junit.internal.runners.statements.RunAfters.evaluate(RunAfters.java:31)
	at org.junit.runners.BlockJUnit4ClassRunner.runNotIgnored(BlockJUnit4ClassRunner.java:79)
	at org.junit.runners.BlockJUnit4ClassRunner.runChild(BlockJUnit4ClassRunner.java:71)
	at org.junit.runners.BlockJUnit4ClassRunner.runChild(BlockJUnit4ClassRunner.java:49)
	at org.junit.runners.ParentRunner$3.run(ParentRunner.java:193)
	at org.junit.runners.ParentRunner$1.schedule(ParentRunner.java:52)
	at org.junit.runners.ParentRunner.runChildren(ParentRunner.java:191)
	at org.junit.runners.ParentRunner.access$000(ParentRunner.java:42)
	at org.junit.runners.ParentRunner$2.evaluate(ParentRunner.java:184)
	at org.junit.runners.ParentRunner.run(ParentRunner.java:236)
	at org.apache.maven.surefire.junit4.JUnit4Provider.execute(JUnit4Provider.java:283)
	at org.apache.maven.surefire.junit4.JUnit4Provider.executeWithRerun(JUnit4Provider.java:173)
	at org.apache.maven.surefire.junit4.JUnit4Provider.executeTestSet(JUnit4Provider.java:153)
	at org.apache.maven.surefire.junit4.JUnit4Provider.invoke(JUnit4Provider.java:128)
	at org.apache.maven.surefire.booter.ForkedBooter.invokeProviderInSameClassLoader(ForkedBooter.java:203)
	at org.apache.maven.surefire.booter.ForkedBooter.runSuitesInProcess(ForkedBooter.java:155)
	at org.apache.maven.surefire.booter.ForkedBooter.main(ForkedBooter.java:103)
Caused by: java.lang.RuntimeException: IocBean[config] fail at field=[paths]
	at org.nutz.ioc.weaver.FieldInjector.inject(FieldInjector.java:40)
	at org.nutz.ioc.weaver.DefaultWeaver.fill(DefaultWeaver.java:56)
	at org.nutz.ioc.impl.ObjectMakerImpl.make(ObjectMakerImpl.java:136)
	at org.nutz.ioc.impl.NutIoc.get(NutIoc.java:210)
	at org.nutz.ioc.impl.NutIoc.get(NutIoc.java:239)
	at org.nutz.ioc.java.IocObjectNode.getValue(IocObjectNode.java:19)
	at org.nutz.ioc.java.ChainNode.eval(ChainNode.java:24)
	at org.nutz.ioc.java.ChainNode.eval(ChainNode.java:19)
	at org.nutz.ioc.val.JavaValue.get(JavaValue.java:69)
	at org.nutz.ioc.weaver.FieldInjector.inject(FieldInjector.java:32)
	at org.nutz.ioc.weaver.DefaultWeaver.fill(DefaultWeaver.java:56)
	at org.nutz.ioc.impl.ObjectMakerImpl.make(ObjectMakerImpl.java:136)
	at org.nutz.ioc.impl.NutIoc.get(NutIoc.java:210)
	at org.nutz.ioc.val.ReferValue.get(ReferValue.java:24)
	at org.nutz.ioc.impl.ObjectMakerImpl.make(ObjectMakerImpl.java:62)
	at org.nutz.ioc.impl.NutIoc.get(NutIoc.java:210)
	at org.nutz.ioc.impl.NutIoc.get(NutIoc.java:239)
	at org.nutz.dao.test.DaoCase.setUp(DaoCase.java:22)
	at sun.reflect.GeneratedMethodAccessor23.invoke(Unknown Source)
	at sun.reflect.DelegatingMethodAccessorImpl.invoke(DelegatingMethodAccessorImpl.java:43)
	at java.lang.reflect.Method.invoke(Method.java:498)
	at org.junit.runners.model.FrameworkMethod$1.runReflectiveCall(FrameworkMethod.java:44)
	at org.junit.internal.runners.model.ReflectiveCallable.run(ReflectiveCallable.java:15)
	at org.junit.runners.model.FrameworkMethod.invokeExplosively(FrameworkMethod.java:41)
	at org.junit.internal.runners.statements.RunBefores.evaluate(RunBefores.java:27)
	at org.junit.internal.runners.statements.RunAfters.evaluate(RunAfters.java:31)
	at org.junit.runners.BlockJUnit4ClassRunner.runNotIgnored(BlockJUnit4ClassRunner.java:79)
	at org.junit.runners.BlockJUnit4ClassRunner.runChild(BlockJUnit4ClassRunner.java:71)
	at org.junit.runners.BlockJUnit4ClassRunner.runChild(BlockJUnit4ClassRunner.java:49)
	at org.junit.runners.ParentRunner$3.run(ParentRunner.java:193)
	at org.junit.runners.ParentRunner$1.schedule(ParentRunner.java:52)
	at org.junit.runners.ParentRunner.runChildren(ParentRunner.java:191)
	at org.junit.runners.ParentRunner.access$000(ParentRunner.java:42)
	at org.junit.runners.ParentRunner$2.evaluate(ParentRunner.java:184)
	at org.junit.runners.ParentRunner.run(ParentRunner.java:236)
	at org.apache.maven.surefire.junit4.JUnit4Provider.execute(JUnit4Provider.java:283)
	at org.apache.maven.surefire.junit4.JUnit4Provider.executeWithRerun(JUnit4Provider.java:173)
	at org.apache.maven.surefire.junit4.JUnit4Provider.executeTestSet(JUnit4Provider.java:153)
	at org.apache.maven.surefire.junit4.JUnit4Provider.invoke(JUnit4Provider.java:128)
	at org.apache.maven.surefire.booter.ForkedBooter.invokeProviderInSameClassLoader(ForkedBooter.java:203)
	at org.apache.maven.surefire.booter.ForkedBooter.runSuitesInProcess(ForkedBooter.java:155)
	at org.apache.maven.surefire.booter.ForkedBooter.main(ForkedBooter.java:103)
Caused by: java.lang.RuntimeException: Fail to set '[nutz-test.properties]'[ [Ljava.lang.String;@62b475e2 ] by setter org.nutz.ioc.impl.PropertiesProxy.'setPaths()' because [java.lang.RuntimeException: folder or file like '^.+[.]properties$' no found in nutz-test.properties]: folder or file like '^.+[.]properties$' no found in nutz-test.properties
	at org.nutz.lang.Lang.wrapThrow(Lang.java:167)
	at org.nutz.lang.inject.InjectBySetter.inject(InjectBySetter.java:62)
	at org.nutz.ioc.weaver.FieldInjector.inject(FieldInjector.java:33)
	at org.nutz.ioc.weaver.DefaultWeaver.fill(DefaultWeaver.java:56)
	at org.nutz.ioc.impl.ObjectMakerImpl.make(ObjectMakerImpl.java:136)
	at org.nutz.ioc.impl.NutIoc.get(NutIoc.java:210)
	at org.nutz.ioc.impl.NutIoc.get(NutIoc.java:239)
	at org.nutz.ioc.java.IocObjectNode.getValue(IocObjectNode.java:19)
	at org.nutz.ioc.java.ChainNode.eval(ChainNode.java:24)
	at org.nutz.ioc.java.ChainNode.eval(ChainNode.java:19)
	at org.nutz.ioc.val.JavaValue.get(JavaValue.java:69)
	at org.nutz.ioc.weaver.FieldInjector.inject(FieldInjector.java:32)
	at org.nutz.ioc.weaver.DefaultWeaver.fill(DefaultWeaver.java:56)
	at org.nutz.ioc.impl.ObjectMakerImpl.make(ObjectMakerImpl.java:136)
	at org.nutz.ioc.impl.NutIoc.get(NutIoc.java:210)
	at org.nutz.ioc.val.ReferValue.get(ReferValue.java:24)
	at org.nutz.ioc.impl.ObjectMakerImpl.make(ObjectMakerImpl.java:62)
	at org.nutz.ioc.impl.NutIoc.get(NutIoc.java:210)
	at org.nutz.ioc.impl.NutIoc.get(NutIoc.java:239)
	at org.nutz.dao.test.DaoCase.setUp(DaoCase.java:22)
	at sun.reflect.GeneratedMethodAccessor23.invoke(Unknown Source)
	at sun.reflect.DelegatingMethodAccessorImpl.invoke(DelegatingMethodAccessorImpl.java:43)
	at java.lang.reflect.Method.invoke(Method.java:498)
	at org.junit.runners.model.FrameworkMethod$1.runReflectiveCall(FrameworkMethod.java:44)
	at org.junit.internal.runners.model.ReflectiveCallable.run(ReflectiveCallable.java:15)
	at org.junit.runners.model.FrameworkMethod.invokeExplosively(FrameworkMethod.java:41)
	at org.junit.internal.runners.statements.RunBefores.evaluate(RunBefores.java:27)
	at org.junit.internal.runners.statements.RunAfters.evaluate(RunAfters.java:31)
	at org.junit.runners.BlockJUnit4ClassRunner.runNotIgnored(BlockJUnit4ClassRunner.java:79)
	at org.junit.runners.BlockJUnit4ClassRunner.runChild(BlockJUnit4ClassRunner.java:71)
	at org.junit.runners.BlockJUnit4ClassRunner.runChild(BlockJUnit4ClassRunner.java:49)
	at org.junit.runners.ParentRunner$3.run(ParentRunner.java:193)
	at org.junit.runners.ParentRunner$1.schedule(ParentRunner.java:52)
	at org.junit.runners.ParentRunner.runChildren(ParentRunner.java:191)
	at org.junit.runners.ParentRunner.access$000(ParentRunner.java:42)
	at org.junit.runners.ParentRunner$2.evaluate(ParentRunner.java:184)
	at org.junit.runners.ParentRunner.run(ParentRunner.java:236)
	at org.apache.maven.surefire.junit4.JUnit4Provider.execute(JUnit4Provider.java:283)
	at org.apache.maven.surefire.junit4.JUnit4Provider.executeWithRerun(JUnit4Provider.java:173)
	at org.apache.maven.surefire.junit4.JUnit4Provider.executeTestSet(JUnit4Provider.java:153)
	at org.apache.maven.surefire.junit4.JUnit4Provider.invoke(JUnit4Provider.java:128)
	at org.apache.maven.surefire.booter.ForkedBooter.invokeProviderInSameClassLoader(ForkedBooter.java:203)
	at org.apache.maven.surefire.booter.ForkedBooter.runSuitesInProcess(ForkedBooter.java:155)
	at org.apache.maven.surefire.booter.ForkedBooter.main(ForkedBooter.java:103)
Caused by: java.lang.RuntimeException: folder or file like '^.+[.]properties$' no found in nutz-test.properties
	at org.nutz.lang.Lang.makeThrow(Lang.java:151)
	at org.nutz.resource.Scans.loadResource(Scans.java:112)
	at org.nutz.ioc.impl.PropertiesProxy.getResources(PropertiesProxy.java:153)
	at org.nutz.ioc.impl.PropertiesProxy.setPaths(PropertiesProxy.java:109)
	at org.nutz.ioc.impl.PropertiesProxy$FM$setPaths$d0275b2b871e237a38f11859247d1599.invoke(PropertiesProxy.java)
	at org.nutz.lang.inject.InjectBySetter.inject(InjectBySetter.java:51)
	at org.nutz.ioc.weaver.FieldInjector.inject(FieldInjector.java:33)
	at org.nutz.ioc.weaver.DefaultWeaver.fill(DefaultWeaver.java:56)
	at org.nutz.ioc.impl.ObjectMakerImpl.make(ObjectMakerImpl.java:136)
	at org.nutz.ioc.impl.NutIoc.get(NutIoc.java:210)
	at org.nutz.ioc.impl.NutIoc.get(NutIoc.java:239)
	at org.nutz.ioc.java.IocObjectNode.getValue(IocObjectNode.java:19)
	at org.nutz.ioc.java.ChainNode.eval(ChainNode.java:24)
	at org.nutz.ioc.java.ChainNode.eval(ChainNode.java:19)
	at org.nutz.ioc.val.JavaValue.get(JavaValue.java:69)
	at org.nutz.ioc.weaver.FieldInjector.inject(FieldInjector.java:32)
	at org.nutz.ioc.weaver.DefaultWeaver.fill(DefaultWeaver.java:56)
	at org.nutz.ioc.impl.ObjectMakerImpl.make(ObjectMakerImpl.java:136)
	at org.nutz.ioc.impl.NutIoc.get(NutIoc.java:210)
	at org.nutz.ioc.val.ReferValue.get(ReferValue.java:24)
	at org.nutz.ioc.impl.ObjectMakerImpl.make(ObjectMakerImpl.java:62)
	at org.nutz.ioc.impl.NutIoc.get(NutIoc.java:210)
	at org.nutz.ioc.impl.NutIoc.get(NutIoc.java:239)
	at org.nutz.dao.test.DaoCase.setUp(DaoCase.java:22)
	at sun.reflect.GeneratedMethodAccessor23.invoke(Unknown Source)
	at sun.reflect.DelegatingMethodAccessorImpl.invoke(DelegatingMethodAccessorImpl.java:43)
	at java.lang.reflect.Method.invoke(Method.java:498)
	at org.junit.runners.model.FrameworkMethod$1.runReflectiveCall(FrameworkMethod.java:44)
	at org.junit.internal.runners.model.ReflectiveCallable.run(ReflectiveCallable.java:15)
	at org.junit.runners.model.FrameworkMethod.invokeExplosively(FrameworkMethod.java:41)
	at org.junit.internal.runners.statements.RunBefores.evaluate(RunBefores.java:27)
	at org.junit.internal.runners.statements.RunAfters.evaluate(RunAfters.java:31)
	at org.junit.runners.BlockJUnit4ClassRunner.runNotIgnored(BlockJUnit4ClassRunner.java:79)
	at org.junit.runners.BlockJUnit4ClassRunner.runChild(BlockJUnit4ClassRunner.java:71)
	at org.junit.runners.BlockJUnit4ClassRunner.runChild(BlockJUnit4ClassRunner.java:49)
	at org.junit.runners.ParentRunner$3.run(ParentRunner.java:193)
	at org.junit.runners.ParentRunner$1.schedule(ParentRunner.java:52)
	at org.junit.runners.ParentRunner.runChildren(ParentRunner.java:191)
	at org.junit.runners.ParentRunner.access$000(ParentRunner.java:42)
	at org.junit.runners.ParentRunner$2.evaluate(ParentRunner.java:184)
	at org.junit.runners.ParentRunner.run(ParentRunner.java:236)
	at org.apache.maven.surefire.junit4.JUnit4Provider.execute(JUnit4Provider.java:283)
	at org.apache.maven.surefire.junit4.JUnit4Provider.executeWithRerun(JUnit4Provider.java:173)
	at org.apache.maven.surefire.junit4.JUnit4Provider.executeTestSet(JUnit4Provider.java:153)
	at org.apache.maven.surefire.junit4.JUnit4Provider.invoke(JUnit4Provider.java:128)
	at org.apache.maven.surefire.booter.ForkedBooter.invokeProviderInSameClassLoader(ForkedBooter.java:203)
	at org.apache.maven.surefire.booter.ForkedBooter.runSuitesInProcess(ForkedBooter.java:155)
	at org.apache.maven.surefire.booter.ForkedBooter.main(ForkedBooter.java:103)
</error>
  </testcase>
  <testcase name="test_simple_update" classname="org.nutz.dao.test.normal.SimpleDaoTest" time="0">
    <error message="IocBean[dao -&gt; dataSource] throw Exception when creating" type="org.nutz.ioc.IocException">org.nutz.ioc.IocException: IocBean[dao -> dataSource] throw Exception when creating
	at org.nutz.ioc.impl.ObjectMakerImpl.make(ObjectMakerImpl.java:150)
	at org.nutz.ioc.impl.NutIoc.get(NutIoc.java:210)
	at org.nutz.ioc.val.ReferValue.get(ReferValue.java:24)
	at org.nutz.ioc.impl.ObjectMakerImpl.make(ObjectMakerImpl.java:62)
	at org.nutz.ioc.impl.NutIoc.get(NutIoc.java:210)
	at org.nutz.ioc.impl.NutIoc.get(NutIoc.java:239)
	at org.nutz.dao.test.DaoCase.setUp(DaoCase.java:22)
	at sun.reflect.GeneratedMethodAccessor23.invoke(Unknown Source)
	at sun.reflect.DelegatingMethodAccessorImpl.invoke(DelegatingMethodAccessorImpl.java:43)
	at java.lang.reflect.Method.invoke(Method.java:498)
	at org.junit.runners.model.FrameworkMethod$1.runReflectiveCall(FrameworkMethod.java:44)
	at org.junit.internal.runners.model.ReflectiveCallable.run(ReflectiveCallable.java:15)
	at org.junit.runners.model.FrameworkMethod.invokeExplosively(FrameworkMethod.java:41)
	at org.junit.internal.runners.statements.RunBefores.evaluate(RunBefores.java:27)
	at org.junit.internal.runners.statements.RunAfters.evaluate(RunAfters.java:31)
	at org.junit.runners.BlockJUnit4ClassRunner.runNotIgnored(BlockJUnit4ClassRunner.java:79)
	at org.junit.runners.BlockJUnit4ClassRunner.runChild(BlockJUnit4ClassRunner.java:71)
	at org.junit.runners.BlockJUnit4ClassRunner.runChild(BlockJUnit4ClassRunner.java:49)
	at org.junit.runners.ParentRunner$3.run(ParentRunner.java:193)
	at org.junit.runners.ParentRunner$1.schedule(ParentRunner.java:52)
	at org.junit.runners.ParentRunner.runChildren(ParentRunner.java:191)
	at org.junit.runners.ParentRunner.access$000(ParentRunner.java:42)
	at org.junit.runners.ParentRunner$2.evaluate(ParentRunner.java:184)
	at org.junit.runners.ParentRunner.run(ParentRunner.java:236)
	at org.apache.maven.surefire.junit4.JUnit4Provider.execute(JUnit4Provider.java:283)
	at org.apache.maven.surefire.junit4.JUnit4Provider.executeWithRerun(JUnit4Provider.java:173)
	at org.apache.maven.surefire.junit4.JUnit4Provider.executeTestSet(JUnit4Provider.java:153)
	at org.apache.maven.surefire.junit4.JUnit4Provider.invoke(JUnit4Provider.java:128)
	at org.apache.maven.surefire.booter.ForkedBooter.invokeProviderInSameClassLoader(ForkedBooter.java:203)
	at org.apache.maven.surefire.booter.ForkedBooter.runSuitesInProcess(ForkedBooter.java:155)
	at org.apache.maven.surefire.booter.ForkedBooter.main(ForkedBooter.java:103)
Caused by: java.lang.RuntimeException: IocBean[dataSource] fail at field=[driverClassName]
	at org.nutz.ioc.weaver.FieldInjector.inject(FieldInjector.java:40)
	at org.nutz.ioc.weaver.DefaultWeaver.fill(DefaultWeaver.java:56)
	at org.nutz.ioc.impl.ObjectMakerImpl.make(ObjectMakerImpl.java:136)
	at org.nutz.ioc.impl.NutIoc.get(NutIoc.java:210)
	at org.nutz.ioc.val.ReferValue.get(ReferValue.java:24)
	at org.nutz.ioc.impl.ObjectMakerImpl.make(ObjectMakerImpl.java:62)
	at org.nutz.ioc.impl.NutIoc.get(NutIoc.java:210)
	at org.nutz.ioc.impl.NutIoc.get(NutIoc.java:239)
	at org.nutz.dao.test.DaoCase.setUp(DaoCase.java:22)
	at sun.reflect.GeneratedMethodAccessor23.invoke(Unknown Source)
	at sun.reflect.DelegatingMethodAccessorImpl.invoke(DelegatingMethodAccessorImpl.java:43)
	at java.lang.reflect.Method.invoke(Method.java:498)
	at org.junit.runners.model.FrameworkMethod$1.runReflectiveCall(FrameworkMethod.java:44)
	at org.junit.internal.runners.model.ReflectiveCallable.run(ReflectiveCallable.java:15)
	at org.junit.runners.model.FrameworkMethod.invokeExplosively(FrameworkMethod.java:41)
	at org.junit.internal.runners.statements.RunBefores.evaluate(RunBefores.java:27)
	at org.junit.internal.runners.statements.RunAfters.evaluate(RunAfters.java:31)
	at org.junit.runners.BlockJUnit4ClassRunner.runNotIgnored(BlockJUnit4ClassRunner.java:79)
	at org.junit.runners.BlockJUnit4ClassRunner.runChild(BlockJUnit4ClassRunner.java:71)
	at org.junit.runners.BlockJUnit4ClassRunner.runChild(BlockJUnit4ClassRunner.java:49)
	at org.junit.runners.ParentRunner$3.run(ParentRunner.java:193)
	at org.junit.runners.ParentRunner$1.schedule(ParentRunner.java:52)
	at org.junit.runners.ParentRunner.runChildren(ParentRunner.java:191)
	at org.junit.runners.ParentRunner.access$000(ParentRunner.java:42)
	at org.junit.runners.ParentRunner$2.evaluate(ParentRunner.java:184)
	at org.junit.runners.ParentRunner.run(ParentRunner.java:236)
	at org.apache.maven.surefire.junit4.JUnit4Provider.execute(JUnit4Provider.java:283)
	at org.apache.maven.surefire.junit4.JUnit4Provider.executeWithRerun(JUnit4Provider.java:173)
	at org.apache.maven.surefire.junit4.JUnit4Provider.executeTestSet(JUnit4Provider.java:153)
	at org.apache.maven.surefire.junit4.JUnit4Provider.invoke(JUnit4Provider.java:128)
	at org.apache.maven.surefire.booter.ForkedBooter.invokeProviderInSameClassLoader(ForkedBooter.java:203)
	at org.apache.maven.surefire.booter.ForkedBooter.runSuitesInProcess(ForkedBooter.java:155)
	at org.apache.maven.surefire.booter.ForkedBooter.main(ForkedBooter.java:103)
Caused by: org.nutz.ioc.IocException: IocBean[config] throw Exception when creating
	at org.nutz.ioc.impl.ObjectMakerImpl.make(ObjectMakerImpl.java:150)
	at org.nutz.ioc.impl.NutIoc.get(NutIoc.java:210)
	at org.nutz.ioc.impl.NutIoc.get(NutIoc.java:239)
	at org.nutz.ioc.java.IocObjectNode.getValue(IocObjectNode.java:19)
	at org.nutz.ioc.java.ChainNode.eval(ChainNode.java:24)
	at org.nutz.ioc.java.ChainNode.eval(ChainNode.java:19)
	at org.nutz.ioc.val.JavaValue.get(JavaValue.java:69)
	at org.nutz.ioc.weaver.FieldInjector.inject(FieldInjector.java:32)
	at org.nutz.ioc.weaver.DefaultWeaver.fill(DefaultWeaver.java:56)
	at org.nutz.ioc.impl.ObjectMakerImpl.make(ObjectMakerImpl.java:136)
	at org.nutz.ioc.impl.NutIoc.get(NutIoc.java:210)
	at org.nutz.ioc.val.ReferValue.get(ReferValue.java:24)
	at org.nutz.ioc.impl.ObjectMakerImpl.make(ObjectMakerImpl.java:62)
	at org.nutz.ioc.impl.NutIoc.get(NutIoc.java:210)
	at org.nutz.ioc.impl.NutIoc.get(NutIoc.java:239)
	at org.nutz.dao.test.DaoCase.setUp(DaoCase.java:22)
	at sun.reflect.GeneratedMethodAccessor23.invoke(Unknown Source)
	at sun.reflect.DelegatingMethodAccessorImpl.invoke(DelegatingMethodAccessorImpl.java:43)
	at java.lang.reflect.Method.invoke(Method.java:498)
	at org.junit.runners.model.FrameworkMethod$1.runReflectiveCall(FrameworkMethod.java:44)
	at org.junit.internal.runners.model.ReflectiveCallable.run(ReflectiveCallable.java:15)
	at org.junit.runners.model.FrameworkMethod.invokeExplosively(FrameworkMethod.java:41)
	at org.junit.internal.runners.statements.RunBefores.evaluate(RunBefores.java:27)
	at org.junit.internal.runners.statements.RunAfters.evaluate(RunAfters.java:31)
	at org.junit.runners.BlockJUnit4ClassRunner.runNotIgnored(BlockJUnit4ClassRunner.java:79)
	at org.junit.runners.BlockJUnit4ClassRunner.runChild(BlockJUnit4ClassRunner.java:71)
	at org.junit.runners.BlockJUnit4ClassRunner.runChild(BlockJUnit4ClassRunner.java:49)
	at org.junit.runners.ParentRunner$3.run(ParentRunner.java:193)
	at org.junit.runners.ParentRunner$1.schedule(ParentRunner.java:52)
	at org.junit.runners.ParentRunner.runChildren(ParentRunner.java:191)
	at org.junit.runners.ParentRunner.access$000(ParentRunner.java:42)
	at org.junit.runners.ParentRunner$2.evaluate(ParentRunner.java:184)
	at org.junit.runners.ParentRunner.run(ParentRunner.java:236)
	at org.apache.maven.surefire.junit4.JUnit4Provider.execute(JUnit4Provider.java:283)
	at org.apache.maven.surefire.junit4.JUnit4Provider.executeWithRerun(JUnit4Provider.java:173)
	at org.apache.maven.surefire.junit4.JUnit4Provider.executeTestSet(JUnit4Provider.java:153)
	at org.apache.maven.surefire.junit4.JUnit4Provider.invoke(JUnit4Provider.java:128)
	at org.apache.maven.surefire.booter.ForkedBooter.invokeProviderInSameClassLoader(ForkedBooter.java:203)
	at org.apache.maven.surefire.booter.ForkedBooter.runSuitesInProcess(ForkedBooter.java:155)
	at org.apache.maven.surefire.booter.ForkedBooter.main(ForkedBooter.java:103)
Caused by: java.lang.RuntimeException: IocBean[config] fail at field=[paths]
	at org.nutz.ioc.weaver.FieldInjector.inject(FieldInjector.java:40)
	at org.nutz.ioc.weaver.DefaultWeaver.fill(DefaultWeaver.java:56)
	at org.nutz.ioc.impl.ObjectMakerImpl.make(ObjectMakerImpl.java:136)
	at org.nutz.ioc.impl.NutIoc.get(NutIoc.java:210)
	at org.nutz.ioc.impl.NutIoc.get(NutIoc.java:239)
	at org.nutz.ioc.java.IocObjectNode.getValue(IocObjectNode.java:19)
	at org.nutz.ioc.java.ChainNode.eval(ChainNode.java:24)
	at org.nutz.ioc.java.ChainNode.eval(ChainNode.java:19)
	at org.nutz.ioc.val.JavaValue.get(JavaValue.java:69)
	at org.nutz.ioc.weaver.FieldInjector.inject(FieldInjector.java:32)
	at org.nutz.ioc.weaver.DefaultWeaver.fill(DefaultWeaver.java:56)
	at org.nutz.ioc.impl.ObjectMakerImpl.make(ObjectMakerImpl.java:136)
	at org.nutz.ioc.impl.NutIoc.get(NutIoc.java:210)
	at org.nutz.ioc.val.ReferValue.get(ReferValue.java:24)
	at org.nutz.ioc.impl.ObjectMakerImpl.make(ObjectMakerImpl.java:62)
	at org.nutz.ioc.impl.NutIoc.get(NutIoc.java:210)
	at org.nutz.ioc.impl.NutIoc.get(NutIoc.java:239)
	at org.nutz.dao.test.DaoCase.setUp(DaoCase.java:22)
	at sun.reflect.GeneratedMethodAccessor23.invoke(Unknown Source)
	at sun.reflect.DelegatingMethodAccessorImpl.invoke(DelegatingMethodAccessorImpl.java:43)
	at java.lang.reflect.Method.invoke(Method.java:498)
	at org.junit.runners.model.FrameworkMethod$1.runReflectiveCall(FrameworkMethod.java:44)
	at org.junit.internal.runners.model.ReflectiveCallable.run(ReflectiveCallable.java:15)
	at org.junit.runners.model.FrameworkMethod.invokeExplosively(FrameworkMethod.java:41)
	at org.junit.internal.runners.statements.RunBefores.evaluate(RunBefores.java:27)
	at org.junit.internal.runners.statements.RunAfters.evaluate(RunAfters.java:31)
	at org.junit.runners.BlockJUnit4ClassRunner.runNotIgnored(BlockJUnit4ClassRunner.java:79)
	at org.junit.runners.BlockJUnit4ClassRunner.runChild(BlockJUnit4ClassRunner.java:71)
	at org.junit.runners.BlockJUnit4ClassRunner.runChild(BlockJUnit4ClassRunner.java:49)
	at org.junit.runners.ParentRunner$3.run(ParentRunner.java:193)
	at org.junit.runners.ParentRunner$1.schedule(ParentRunner.java:52)
	at org.junit.runners.ParentRunner.runChildren(ParentRunner.java:191)
	at org.junit.runners.ParentRunner.access$000(ParentRunner.java:42)
	at org.junit.runners.ParentRunner$2.evaluate(ParentRunner.java:184)
	at org.junit.runners.ParentRunner.run(ParentRunner.java:236)
	at org.apache.maven.surefire.junit4.JUnit4Provider.execute(JUnit4Provider.java:283)
	at org.apache.maven.surefire.junit4.JUnit4Provider.executeWithRerun(JUnit4Provider.java:173)
	at org.apache.maven.surefire.junit4.JUnit4Provider.executeTestSet(JUnit4Provider.java:153)
	at org.apache.maven.surefire.junit4.JUnit4Provider.invoke(JUnit4Provider.java:128)
	at org.apache.maven.surefire.booter.ForkedBooter.invokeProviderInSameClassLoader(ForkedBooter.java:203)
	at org.apache.maven.surefire.booter.ForkedBooter.runSuitesInProcess(ForkedBooter.java:155)
	at org.apache.maven.surefire.booter.ForkedBooter.main(ForkedBooter.java:103)
Caused by: java.lang.RuntimeException: Fail to set '[nutz-test.properties]'[ [Ljava.lang.String;@e9474f ] by setter org.nutz.ioc.impl.PropertiesProxy.'setPaths()' because [java.lang.RuntimeException: folder or file like '^.+[.]properties$' no found in nutz-test.properties]: folder or file like '^.+[.]properties$' no found in nutz-test.properties
	at org.nutz.lang.Lang.wrapThrow(Lang.java:167)
	at org.nutz.lang.inject.InjectBySetter.inject(InjectBySetter.java:62)
	at org.nutz.ioc.weaver.FieldInjector.inject(FieldInjector.java:33)
	at org.nutz.ioc.weaver.DefaultWeaver.fill(DefaultWeaver.java:56)
	at org.nutz.ioc.impl.ObjectMakerImpl.make(ObjectMakerImpl.java:136)
	at org.nutz.ioc.impl.NutIoc.get(NutIoc.java:210)
	at org.nutz.ioc.impl.NutIoc.get(NutIoc.java:239)
	at org.nutz.ioc.java.IocObjectNode.getValue(IocObjectNode.java:19)
	at org.nutz.ioc.java.ChainNode.eval(ChainNode.java:24)
	at org.nutz.ioc.java.ChainNode.eval(ChainNode.java:19)
	at org.nutz.ioc.val.JavaValue.get(JavaValue.java:69)
	at org.nutz.ioc.weaver.FieldInjector.inject(FieldInjector.java:32)
	at org.nutz.ioc.weaver.DefaultWeaver.fill(DefaultWeaver.java:56)
	at org.nutz.ioc.impl.ObjectMakerImpl.make(ObjectMakerImpl.java:136)
	at org.nutz.ioc.impl.NutIoc.get(NutIoc.java:210)
	at org.nutz.ioc.val.ReferValue.get(ReferValue.java:24)
	at org.nutz.ioc.impl.ObjectMakerImpl.make(ObjectMakerImpl.java:62)
	at org.nutz.ioc.impl.NutIoc.get(NutIoc.java:210)
	at org.nutz.ioc.impl.NutIoc.get(NutIoc.java:239)
	at org.nutz.dao.test.DaoCase.setUp(DaoCase.java:22)
	at sun.reflect.GeneratedMethodAccessor23.invoke(Unknown Source)
	at sun.reflect.DelegatingMethodAccessorImpl.invoke(DelegatingMethodAccessorImpl.java:43)
	at java.lang.reflect.Method.invoke(Method.java:498)
	at org.junit.runners.model.FrameworkMethod$1.runReflectiveCall(FrameworkMethod.java:44)
	at org.junit.internal.runners.model.ReflectiveCallable.run(ReflectiveCallable.java:15)
	at org.junit.runners.model.FrameworkMethod.invokeExplosively(FrameworkMethod.java:41)
	at org.junit.internal.runners.statements.RunBefores.evaluate(RunBefores.java:27)
	at org.junit.internal.runners.statements.RunAfters.evaluate(RunAfters.java:31)
	at org.junit.runners.BlockJUnit4ClassRunner.runNotIgnored(BlockJUnit4ClassRunner.java:79)
	at org.junit.runners.BlockJUnit4ClassRunner.runChild(BlockJUnit4ClassRunner.java:71)
	at org.junit.runners.BlockJUnit4ClassRunner.runChild(BlockJUnit4ClassRunner.java:49)
	at org.junit.runners.ParentRunner$3.run(ParentRunner.java:193)
	at org.junit.runners.ParentRunner$1.schedule(ParentRunner.java:52)
	at org.junit.runners.ParentRunner.runChildren(ParentRunner.java:191)
	at org.junit.runners.ParentRunner.access$000(ParentRunner.java:42)
	at org.junit.runners.ParentRunner$2.evaluate(ParentRunner.java:184)
	at org.junit.runners.ParentRunner.run(ParentRunner.java:236)
	at org.apache.maven.surefire.junit4.JUnit4Provider.execute(JUnit4Provider.java:283)
	at org.apache.maven.surefire.junit4.JUnit4Provider.executeWithRerun(JUnit4Provider.java:173)
	at org.apache.maven.surefire.junit4.JUnit4Provider.executeTestSet(JUnit4Provider.java:153)
	at org.apache.maven.surefire.junit4.JUnit4Provider.invoke(JUnit4Provider.java:128)
	at org.apache.maven.surefire.booter.ForkedBooter.invokeProviderInSameClassLoader(ForkedBooter.java:203)
	at org.apache.maven.surefire.booter.ForkedBooter.runSuitesInProcess(ForkedBooter.java:155)
	at org.apache.maven.surefire.booter.ForkedBooter.main(ForkedBooter.java:103)
Caused by: java.lang.RuntimeException: folder or file like '^.+[.]properties$' no found in nutz-test.properties
	at org.nutz.lang.Lang.makeThrow(Lang.java:151)
	at org.nutz.resource.Scans.loadResource(Scans.java:112)
	at org.nutz.ioc.impl.PropertiesProxy.getResources(PropertiesProxy.java:153)
	at org.nutz.ioc.impl.PropertiesProxy.setPaths(PropertiesProxy.java:109)
	at org.nutz.ioc.impl.PropertiesProxy$FM$setPaths$d0275b2b871e237a38f11859247d1599.invoke(PropertiesProxy.java)
	at org.nutz.lang.inject.InjectBySetter.inject(InjectBySetter.java:51)
	at org.nutz.ioc.weaver.FieldInjector.inject(FieldInjector.java:33)
	at org.nutz.ioc.weaver.DefaultWeaver.fill(DefaultWeaver.java:56)
	at org.nutz.ioc.impl.ObjectMakerImpl.make(ObjectMakerImpl.java:136)
	at org.nutz.ioc.impl.NutIoc.get(NutIoc.java:210)
	at org.nutz.ioc.impl.NutIoc.get(NutIoc.java:239)
	at org.nutz.ioc.java.IocObjectNode.getValue(IocObjectNode.java:19)
	at org.nutz.ioc.java.ChainNode.eval(ChainNode.java:24)
	at org.nutz.ioc.java.ChainNode.eval(ChainNode.java:19)
	at org.nutz.ioc.val.JavaValue.get(JavaValue.java:69)
	at org.nutz.ioc.weaver.FieldInjector.inject(FieldInjector.java:32)
	at org.nutz.ioc.weaver.DefaultWeaver.fill(DefaultWeaver.java:56)
	at org.nutz.ioc.impl.ObjectMakerImpl.make(ObjectMakerImpl.java:136)
	at org.nutz.ioc.impl.NutIoc.get(NutIoc.java:210)
	at org.nutz.ioc.val.ReferValue.get(ReferValue.java:24)
	at org.nutz.ioc.impl.ObjectMakerImpl.make(ObjectMakerImpl.java:62)
	at org.nutz.ioc.impl.NutIoc.get(NutIoc.java:210)
	at org.nutz.ioc.impl.NutIoc.get(NutIoc.java:239)
	at org.nutz.dao.test.DaoCase.setUp(DaoCase.java:22)
	at sun.reflect.GeneratedMethodAccessor23.invoke(Unknown Source)
	at sun.reflect.DelegatingMethodAccessorImpl.invoke(DelegatingMethodAccessorImpl.java:43)
	at java.lang.reflect.Method.invoke(Method.java:498)
	at org.junit.runners.model.FrameworkMethod$1.runReflectiveCall(FrameworkMethod.java:44)
	at org.junit.internal.runners.model.ReflectiveCallable.run(ReflectiveCallable.java:15)
	at org.junit.runners.model.FrameworkMethod.invokeExplosively(FrameworkMethod.java:41)
	at org.junit.internal.runners.statements.RunBefores.evaluate(RunBefores.java:27)
	at org.junit.internal.runners.statements.RunAfters.evaluate(RunAfters.java:31)
	at org.junit.runners.BlockJUnit4ClassRunner.runNotIgnored(BlockJUnit4ClassRunner.java:79)
	at org.junit.runners.BlockJUnit4ClassRunner.runChild(BlockJUnit4ClassRunner.java:71)
	at org.junit.runners.BlockJUnit4ClassRunner.runChild(BlockJUnit4ClassRunner.java:49)
	at org.junit.runners.ParentRunner$3.run(ParentRunner.java:193)
	at org.junit.runners.ParentRunner$1.schedule(ParentRunner.java:52)
	at org.junit.runners.ParentRunner.runChildren(ParentRunner.java:191)
	at org.junit.runners.ParentRunner.access$000(ParentRunner.java:42)
	at org.junit.runners.ParentRunner$2.evaluate(ParentRunner.java:184)
	at org.junit.runners.ParentRunner.run(ParentRunner.java:236)
	at org.apache.maven.surefire.junit4.JUnit4Provider.execute(JUnit4Provider.java:283)
	at org.apache.maven.surefire.junit4.JUnit4Provider.executeWithRerun(JUnit4Provider.java:173)
	at org.apache.maven.surefire.junit4.JUnit4Provider.executeTestSet(JUnit4Provider.java:153)
	at org.apache.maven.surefire.junit4.JUnit4Provider.invoke(JUnit4Provider.java:128)
	at org.apache.maven.surefire.booter.ForkedBooter.invokeProviderInSameClassLoader(ForkedBooter.java:203)
	at org.apache.maven.surefire.booter.ForkedBooter.runSuitesInProcess(ForkedBooter.java:155)
	at org.apache.maven.surefire.booter.ForkedBooter.main(ForkedBooter.java:103)
</error>
  </testcase>
  <testcase name="test_fetch_by_condition_in_special_char" classname="org.nutz.dao.test.normal.SimpleDaoTest" time="0.001">
    <error message="IocBean[dao -&gt; dataSource] throw Exception when creating" type="org.nutz.ioc.IocException">org.nutz.ioc.IocException: IocBean[dao -> dataSource] throw Exception when creating
	at org.nutz.ioc.impl.ObjectMakerImpl.make(ObjectMakerImpl.java:150)
	at org.nutz.ioc.impl.NutIoc.get(NutIoc.java:210)
	at org.nutz.ioc.val.ReferValue.get(ReferValue.java:24)
	at org.nutz.ioc.impl.ObjectMakerImpl.make(ObjectMakerImpl.java:62)
	at org.nutz.ioc.impl.NutIoc.get(NutIoc.java:210)
	at org.nutz.ioc.impl.NutIoc.get(NutIoc.java:239)
	at org.nutz.dao.test.DaoCase.setUp(DaoCase.java:22)
	at sun.reflect.GeneratedMethodAccessor23.invoke(Unknown Source)
	at sun.reflect.DelegatingMethodAccessorImpl.invoke(DelegatingMethodAccessorImpl.java:43)
	at java.lang.reflect.Method.invoke(Method.java:498)
	at org.junit.runners.model.FrameworkMethod$1.runReflectiveCall(FrameworkMethod.java:44)
	at org.junit.internal.runners.model.ReflectiveCallable.run(ReflectiveCallable.java:15)
	at org.junit.runners.model.FrameworkMethod.invokeExplosively(FrameworkMethod.java:41)
	at org.junit.internal.runners.statements.RunBefores.evaluate(RunBefores.java:27)
	at org.junit.internal.runners.statements.RunAfters.evaluate(RunAfters.java:31)
	at org.junit.runners.BlockJUnit4ClassRunner.runNotIgnored(BlockJUnit4ClassRunner.java:79)
	at org.junit.runners.BlockJUnit4ClassRunner.runChild(BlockJUnit4ClassRunner.java:71)
	at org.junit.runners.BlockJUnit4ClassRunner.runChild(BlockJUnit4ClassRunner.java:49)
	at org.junit.runners.ParentRunner$3.run(ParentRunner.java:193)
	at org.junit.runners.ParentRunner$1.schedule(ParentRunner.java:52)
	at org.junit.runners.ParentRunner.runChildren(ParentRunner.java:191)
	at org.junit.runners.ParentRunner.access$000(ParentRunner.java:42)
	at org.junit.runners.ParentRunner$2.evaluate(ParentRunner.java:184)
	at org.junit.runners.ParentRunner.run(ParentRunner.java:236)
	at org.apache.maven.surefire.junit4.JUnit4Provider.execute(JUnit4Provider.java:283)
	at org.apache.maven.surefire.junit4.JUnit4Provider.executeWithRerun(JUnit4Provider.java:173)
	at org.apache.maven.surefire.junit4.JUnit4Provider.executeTestSet(JUnit4Provider.java:153)
	at org.apache.maven.surefire.junit4.JUnit4Provider.invoke(JUnit4Provider.java:128)
	at org.apache.maven.surefire.booter.ForkedBooter.invokeProviderInSameClassLoader(ForkedBooter.java:203)
	at org.apache.maven.surefire.booter.ForkedBooter.runSuitesInProcess(ForkedBooter.java:155)
	at org.apache.maven.surefire.booter.ForkedBooter.main(ForkedBooter.java:103)
Caused by: java.lang.RuntimeException: IocBean[dataSource] fail at field=[driverClassName]
	at org.nutz.ioc.weaver.FieldInjector.inject(FieldInjector.java:40)
	at org.nutz.ioc.weaver.DefaultWeaver.fill(DefaultWeaver.java:56)
	at org.nutz.ioc.impl.ObjectMakerImpl.make(ObjectMakerImpl.java:136)
	at org.nutz.ioc.impl.NutIoc.get(NutIoc.java:210)
	at org.nutz.ioc.val.ReferValue.get(ReferValue.java:24)
	at org.nutz.ioc.impl.ObjectMakerImpl.make(ObjectMakerImpl.java:62)
	at org.nutz.ioc.impl.NutIoc.get(NutIoc.java:210)
	at org.nutz.ioc.impl.NutIoc.get(NutIoc.java:239)
	at org.nutz.dao.test.DaoCase.setUp(DaoCase.java:22)
	at sun.reflect.GeneratedMethodAccessor23.invoke(Unknown Source)
	at sun.reflect.DelegatingMethodAccessorImpl.invoke(DelegatingMethodAccessorImpl.java:43)
	at java.lang.reflect.Method.invoke(Method.java:498)
	at org.junit.runners.model.FrameworkMethod$1.runReflectiveCall(FrameworkMethod.java:44)
	at org.junit.internal.runners.model.ReflectiveCallable.run(ReflectiveCallable.java:15)
	at org.junit.runners.model.FrameworkMethod.invokeExplosively(FrameworkMethod.java:41)
	at org.junit.internal.runners.statements.RunBefores.evaluate(RunBefores.java:27)
	at org.junit.internal.runners.statements.RunAfters.evaluate(RunAfters.java:31)
	at org.junit.runners.BlockJUnit4ClassRunner.runNotIgnored(BlockJUnit4ClassRunner.java:79)
	at org.junit.runners.BlockJUnit4ClassRunner.runChild(BlockJUnit4ClassRunner.java:71)
	at org.junit.runners.BlockJUnit4ClassRunner.runChild(BlockJUnit4ClassRunner.java:49)
	at org.junit.runners.ParentRunner$3.run(ParentRunner.java:193)
	at org.junit.runners.ParentRunner$1.schedule(ParentRunner.java:52)
	at org.junit.runners.ParentRunner.runChildren(ParentRunner.java:191)
	at org.junit.runners.ParentRunner.access$000(ParentRunner.java:42)
	at org.junit.runners.ParentRunner$2.evaluate(ParentRunner.java:184)
	at org.junit.runners.ParentRunner.run(ParentRunner.java:236)
	at org.apache.maven.surefire.junit4.JUnit4Provider.execute(JUnit4Provider.java:283)
	at org.apache.maven.surefire.junit4.JUnit4Provider.executeWithRerun(JUnit4Provider.java:173)
	at org.apache.maven.surefire.junit4.JUnit4Provider.executeTestSet(JUnit4Provider.java:153)
	at org.apache.maven.surefire.junit4.JUnit4Provider.invoke(JUnit4Provider.java:128)
	at org.apache.maven.surefire.booter.ForkedBooter.invokeProviderInSameClassLoader(ForkedBooter.java:203)
	at org.apache.maven.surefire.booter.ForkedBooter.runSuitesInProcess(ForkedBooter.java:155)
	at org.apache.maven.surefire.booter.ForkedBooter.main(ForkedBooter.java:103)
Caused by: org.nutz.ioc.IocException: IocBean[config] throw Exception when creating
	at org.nutz.ioc.impl.ObjectMakerImpl.make(ObjectMakerImpl.java:150)
	at org.nutz.ioc.impl.NutIoc.get(NutIoc.java:210)
	at org.nutz.ioc.impl.NutIoc.get(NutIoc.java:239)
	at org.nutz.ioc.java.IocObjectNode.getValue(IocObjectNode.java:19)
	at org.nutz.ioc.java.ChainNode.eval(ChainNode.java:24)
	at org.nutz.ioc.java.ChainNode.eval(ChainNode.java:19)
	at org.nutz.ioc.val.JavaValue.get(JavaValue.java:69)
	at org.nutz.ioc.weaver.FieldInjector.inject(FieldInjector.java:32)
	at org.nutz.ioc.weaver.DefaultWeaver.fill(DefaultWeaver.java:56)
	at org.nutz.ioc.impl.ObjectMakerImpl.make(ObjectMakerImpl.java:136)
	at org.nutz.ioc.impl.NutIoc.get(NutIoc.java:210)
	at org.nutz.ioc.val.ReferValue.get(ReferValue.java:24)
	at org.nutz.ioc.impl.ObjectMakerImpl.make(ObjectMakerImpl.java:62)
	at org.nutz.ioc.impl.NutIoc.get(NutIoc.java:210)
	at org.nutz.ioc.impl.NutIoc.get(NutIoc.java:239)
	at org.nutz.dao.test.DaoCase.setUp(DaoCase.java:22)
	at sun.reflect.GeneratedMethodAccessor23.invoke(Unknown Source)
	at sun.reflect.DelegatingMethodAccessorImpl.invoke(DelegatingMethodAccessorImpl.java:43)
	at java.lang.reflect.Method.invoke(Method.java:498)
	at org.junit.runners.model.FrameworkMethod$1.runReflectiveCall(FrameworkMethod.java:44)
	at org.junit.internal.runners.model.ReflectiveCallable.run(ReflectiveCallable.java:15)
	at org.junit.runners.model.FrameworkMethod.invokeExplosively(FrameworkMethod.java:41)
	at org.junit.internal.runners.statements.RunBefores.evaluate(RunBefores.java:27)
	at org.junit.internal.runners.statements.RunAfters.evaluate(RunAfters.java:31)
	at org.junit.runners.BlockJUnit4ClassRunner.runNotIgnored(BlockJUnit4ClassRunner.java:79)
	at org.junit.runners.BlockJUnit4ClassRunner.runChild(BlockJUnit4ClassRunner.java:71)
	at org.junit.runners.BlockJUnit4ClassRunner.runChild(BlockJUnit4ClassRunner.java:49)
	at org.junit.runners.ParentRunner$3.run(ParentRunner.java:193)
	at org.junit.runners.ParentRunner$1.schedule(ParentRunner.java:52)
	at org.junit.runners.ParentRunner.runChildren(ParentRunner.java:191)
	at org.junit.runners.ParentRunner.access$000(ParentRunner.java:42)
	at org.junit.runners.ParentRunner$2.evaluate(ParentRunner.java:184)
	at org.junit.runners.ParentRunner.run(ParentRunner.java:236)
	at org.apache.maven.surefire.junit4.JUnit4Provider.execute(JUnit4Provider.java:283)
	at org.apache.maven.surefire.junit4.JUnit4Provider.executeWithRerun(JUnit4Provider.java:173)
	at org.apache.maven.surefire.junit4.JUnit4Provider.executeTestSet(JUnit4Provider.java:153)
	at org.apache.maven.surefire.junit4.JUnit4Provider.invoke(JUnit4Provider.java:128)
	at org.apache.maven.surefire.booter.ForkedBooter.invokeProviderInSameClassLoader(ForkedBooter.java:203)
	at org.apache.maven.surefire.booter.ForkedBooter.runSuitesInProcess(ForkedBooter.java:155)
	at org.apache.maven.surefire.booter.ForkedBooter.main(ForkedBooter.java:103)
Caused by: java.lang.RuntimeException: IocBean[config] fail at field=[paths]
	at org.nutz.ioc.weaver.FieldInjector.inject(FieldInjector.java:40)
	at org.nutz.ioc.weaver.DefaultWeaver.fill(DefaultWeaver.java:56)
	at org.nutz.ioc.impl.ObjectMakerImpl.make(ObjectMakerImpl.java:136)
	at org.nutz.ioc.impl.NutIoc.get(NutIoc.java:210)
	at org.nutz.ioc.impl.NutIoc.get(NutIoc.java:239)
	at org.nutz.ioc.java.IocObjectNode.getValue(IocObjectNode.java:19)
	at org.nutz.ioc.java.ChainNode.eval(ChainNode.java:24)
	at org.nutz.ioc.java.ChainNode.eval(ChainNode.java:19)
	at org.nutz.ioc.val.JavaValue.get(JavaValue.java:69)
	at org.nutz.ioc.weaver.FieldInjector.inject(FieldInjector.java:32)
	at org.nutz.ioc.weaver.DefaultWeaver.fill(DefaultWeaver.java:56)
	at org.nutz.ioc.impl.ObjectMakerImpl.make(ObjectMakerImpl.java:136)
	at org.nutz.ioc.impl.NutIoc.get(NutIoc.java:210)
	at org.nutz.ioc.val.ReferValue.get(ReferValue.java:24)
	at org.nutz.ioc.impl.ObjectMakerImpl.make(ObjectMakerImpl.java:62)
	at org.nutz.ioc.impl.NutIoc.get(NutIoc.java:210)
	at org.nutz.ioc.impl.NutIoc.get(NutIoc.java:239)
	at org.nutz.dao.test.DaoCase.setUp(DaoCase.java:22)
	at sun.reflect.GeneratedMethodAccessor23.invoke(Unknown Source)
	at sun.reflect.DelegatingMethodAccessorImpl.invoke(DelegatingMethodAccessorImpl.java:43)
	at java.lang.reflect.Method.invoke(Method.java:498)
	at org.junit.runners.model.FrameworkMethod$1.runReflectiveCall(FrameworkMethod.java:44)
	at org.junit.internal.runners.model.ReflectiveCallable.run(ReflectiveCallable.java:15)
	at org.junit.runners.model.FrameworkMethod.invokeExplosively(FrameworkMethod.java:41)
	at org.junit.internal.runners.statements.RunBefores.evaluate(RunBefores.java:27)
	at org.junit.internal.runners.statements.RunAfters.evaluate(RunAfters.java:31)
	at org.junit.runners.BlockJUnit4ClassRunner.runNotIgnored(BlockJUnit4ClassRunner.java:79)
	at org.junit.runners.BlockJUnit4ClassRunner.runChild(BlockJUnit4ClassRunner.java:71)
	at org.junit.runners.BlockJUnit4ClassRunner.runChild(BlockJUnit4ClassRunner.java:49)
	at org.junit.runners.ParentRunner$3.run(ParentRunner.java:193)
	at org.junit.runners.ParentRunner$1.schedule(ParentRunner.java:52)
	at org.junit.runners.ParentRunner.runChildren(ParentRunner.java:191)
	at org.junit.runners.ParentRunner.access$000(ParentRunner.java:42)
	at org.junit.runners.ParentRunner$2.evaluate(ParentRunner.java:184)
	at org.junit.runners.ParentRunner.run(ParentRunner.java:236)
	at org.apache.maven.surefire.junit4.JUnit4Provider.execute(JUnit4Provider.java:283)
	at org.apache.maven.surefire.junit4.JUnit4Provider.executeWithRerun(JUnit4Provider.java:173)
	at org.apache.maven.surefire.junit4.JUnit4Provider.executeTestSet(JUnit4Provider.java:153)
	at org.apache.maven.surefire.junit4.JUnit4Provider.invoke(JUnit4Provider.java:128)
	at org.apache.maven.surefire.booter.ForkedBooter.invokeProviderInSameClassLoader(ForkedBooter.java:203)
	at org.apache.maven.surefire.booter.ForkedBooter.runSuitesInProcess(ForkedBooter.java:155)
	at org.apache.maven.surefire.booter.ForkedBooter.main(ForkedBooter.java:103)
Caused by: java.lang.RuntimeException: Fail to set '[nutz-test.properties]'[ [Ljava.lang.String;@1c61eda5 ] by setter org.nutz.ioc.impl.PropertiesProxy.'setPaths()' because [java.lang.RuntimeException: folder or file like '^.+[.]properties$' no found in nutz-test.properties]: folder or file like '^.+[.]properties$' no found in nutz-test.properties
	at org.nutz.lang.Lang.wrapThrow(Lang.java:167)
	at org.nutz.lang.inject.InjectBySetter.inject(InjectBySetter.java:62)
	at org.nutz.ioc.weaver.FieldInjector.inject(FieldInjector.java:33)
	at org.nutz.ioc.weaver.DefaultWeaver.fill(DefaultWeaver.java:56)
	at org.nutz.ioc.impl.ObjectMakerImpl.make(ObjectMakerImpl.java:136)
	at org.nutz.ioc.impl.NutIoc.get(NutIoc.java:210)
	at org.nutz.ioc.impl.NutIoc.get(NutIoc.java:239)
	at org.nutz.ioc.java.IocObjectNode.getValue(IocObjectNode.java:19)
	at org.nutz.ioc.java.ChainNode.eval(ChainNode.java:24)
	at org.nutz.ioc.java.ChainNode.eval(ChainNode.java:19)
	at org.nutz.ioc.val.JavaValue.get(JavaValue.java:69)
	at org.nutz.ioc.weaver.FieldInjector.inject(FieldInjector.java:32)
	at org.nutz.ioc.weaver.DefaultWeaver.fill(DefaultWeaver.java:56)
	at org.nutz.ioc.impl.ObjectMakerImpl.make(ObjectMakerImpl.java:136)
	at org.nutz.ioc.impl.NutIoc.get(NutIoc.java:210)
	at org.nutz.ioc.val.ReferValue.get(ReferValue.java:24)
	at org.nutz.ioc.impl.ObjectMakerImpl.make(ObjectMakerImpl.java:62)
	at org.nutz.ioc.impl.NutIoc.get(NutIoc.java:210)
	at org.nutz.ioc.impl.NutIoc.get(NutIoc.java:239)
	at org.nutz.dao.test.DaoCase.setUp(DaoCase.java:22)
	at sun.reflect.GeneratedMethodAccessor23.invoke(Unknown Source)
	at sun.reflect.DelegatingMethodAccessorImpl.invoke(DelegatingMethodAccessorImpl.java:43)
	at java.lang.reflect.Method.invoke(Method.java:498)
	at org.junit.runners.model.FrameworkMethod$1.runReflectiveCall(FrameworkMethod.java:44)
	at org.junit.internal.runners.model.ReflectiveCallable.run(ReflectiveCallable.java:15)
	at org.junit.runners.model.FrameworkMethod.invokeExplosively(FrameworkMethod.java:41)
	at org.junit.internal.runners.statements.RunBefores.evaluate(RunBefores.java:27)
	at org.junit.internal.runners.statements.RunAfters.evaluate(RunAfters.java:31)
	at org.junit.runners.BlockJUnit4ClassRunner.runNotIgnored(BlockJUnit4ClassRunner.java:79)
	at org.junit.runners.BlockJUnit4ClassRunner.runChild(BlockJUnit4ClassRunner.java:71)
	at org.junit.runners.BlockJUnit4ClassRunner.runChild(BlockJUnit4ClassRunner.java:49)
	at org.junit.runners.ParentRunner$3.run(ParentRunner.java:193)
	at org.junit.runners.ParentRunner$1.schedule(ParentRunner.java:52)
	at org.junit.runners.ParentRunner.runChildren(ParentRunner.java:191)
	at org.junit.runners.ParentRunner.access$000(ParentRunner.java:42)
	at org.junit.runners.ParentRunner$2.evaluate(ParentRunner.java:184)
	at org.junit.runners.ParentRunner.run(ParentRunner.java:236)
	at org.apache.maven.surefire.junit4.JUnit4Provider.execute(JUnit4Provider.java:283)
	at org.apache.maven.surefire.junit4.JUnit4Provider.executeWithRerun(JUnit4Provider.java:173)
	at org.apache.maven.surefire.junit4.JUnit4Provider.executeTestSet(JUnit4Provider.java:153)
	at org.apache.maven.surefire.junit4.JUnit4Provider.invoke(JUnit4Provider.java:128)
	at org.apache.maven.surefire.booter.ForkedBooter.invokeProviderInSameClassLoader(ForkedBooter.java:203)
	at org.apache.maven.surefire.booter.ForkedBooter.runSuitesInProcess(ForkedBooter.java:155)
	at org.apache.maven.surefire.booter.ForkedBooter.main(ForkedBooter.java:103)
Caused by: java.lang.RuntimeException: folder or file like '^.+[.]properties$' no found in nutz-test.properties
	at org.nutz.lang.Lang.makeThrow(Lang.java:151)
	at org.nutz.resource.Scans.loadResource(Scans.java:112)
	at org.nutz.ioc.impl.PropertiesProxy.getResources(PropertiesProxy.java:153)
	at org.nutz.ioc.impl.PropertiesProxy.setPaths(PropertiesProxy.java:109)
	at org.nutz.ioc.impl.PropertiesProxy$FM$setPaths$d0275b2b871e237a38f11859247d1599.invoke(PropertiesProxy.java)
	at org.nutz.lang.inject.InjectBySetter.inject(InjectBySetter.java:51)
	at org.nutz.ioc.weaver.FieldInjector.inject(FieldInjector.java:33)
	at org.nutz.ioc.weaver.DefaultWeaver.fill(DefaultWeaver.java:56)
	at org.nutz.ioc.impl.ObjectMakerImpl.make(ObjectMakerImpl.java:136)
	at org.nutz.ioc.impl.NutIoc.get(NutIoc.java:210)
	at org.nutz.ioc.impl.NutIoc.get(NutIoc.java:239)
	at org.nutz.ioc.java.IocObjectNode.getValue(IocObjectNode.java:19)
	at org.nutz.ioc.java.ChainNode.eval(ChainNode.java:24)
	at org.nutz.ioc.java.ChainNode.eval(ChainNode.java:19)
	at org.nutz.ioc.val.JavaValue.get(JavaValue.java:69)
	at org.nutz.ioc.weaver.FieldInjector.inject(FieldInjector.java:32)
	at org.nutz.ioc.weaver.DefaultWeaver.fill(DefaultWeaver.java:56)
	at org.nutz.ioc.impl.ObjectMakerImpl.make(ObjectMakerImpl.java:136)
	at org.nutz.ioc.impl.NutIoc.get(NutIoc.java:210)
	at org.nutz.ioc.val.ReferValue.get(ReferValue.java:24)
	at org.nutz.ioc.impl.ObjectMakerImpl.make(ObjectMakerImpl.java:62)
	at org.nutz.ioc.impl.NutIoc.get(NutIoc.java:210)
	at org.nutz.ioc.impl.NutIoc.get(NutIoc.java:239)
	at org.nutz.dao.test.DaoCase.setUp(DaoCase.java:22)
	at sun.reflect.GeneratedMethodAccessor23.invoke(Unknown Source)
	at sun.reflect.DelegatingMethodAccessorImpl.invoke(DelegatingMethodAccessorImpl.java:43)
	at java.lang.reflect.Method.invoke(Method.java:498)
	at org.junit.runners.model.FrameworkMethod$1.runReflectiveCall(FrameworkMethod.java:44)
	at org.junit.internal.runners.model.ReflectiveCallable.run(ReflectiveCallable.java:15)
	at org.junit.runners.model.FrameworkMethod.invokeExplosively(FrameworkMethod.java:41)
	at org.junit.internal.runners.statements.RunBefores.evaluate(RunBefores.java:27)
	at org.junit.internal.runners.statements.RunAfters.evaluate(RunAfters.java:31)
	at org.junit.runners.BlockJUnit4ClassRunner.runNotIgnored(BlockJUnit4ClassRunner.java:79)
	at org.junit.runners.BlockJUnit4ClassRunner.runChild(BlockJUnit4ClassRunner.java:71)
	at org.junit.runners.BlockJUnit4ClassRunner.runChild(BlockJUnit4ClassRunner.java:49)
	at org.junit.runners.ParentRunner$3.run(ParentRunner.java:193)
	at org.junit.runners.ParentRunner$1.schedule(ParentRunner.java:52)
	at org.junit.runners.ParentRunner.runChildren(ParentRunner.java:191)
	at org.junit.runners.ParentRunner.access$000(ParentRunner.java:42)
	at org.junit.runners.ParentRunner$2.evaluate(ParentRunner.java:184)
	at org.junit.runners.ParentRunner.run(ParentRunner.java:236)
	at org.apache.maven.surefire.junit4.JUnit4Provider.execute(JUnit4Provider.java:283)
	at org.apache.maven.surefire.junit4.JUnit4Provider.executeWithRerun(JUnit4Provider.java:173)
	at org.apache.maven.surefire.junit4.JUnit4Provider.executeTestSet(JUnit4Provider.java:153)
	at org.apache.maven.surefire.junit4.JUnit4Provider.invoke(JUnit4Provider.java:128)
	at org.apache.maven.surefire.booter.ForkedBooter.invokeProviderInSameClassLoader(ForkedBooter.java:203)
	at org.apache.maven.surefire.booter.ForkedBooter.runSuitesInProcess(ForkedBooter.java:155)
	at org.apache.maven.surefire.booter.ForkedBooter.main(ForkedBooter.java:103)
</error>
  </testcase>
  <testcase name="test_count_with_entity" classname="org.nutz.dao.test.normal.SimpleDaoTest" time="0">
    <error message="IocBean[dao -&gt; dataSource] throw Exception when creating" type="org.nutz.ioc.IocException">org.nutz.ioc.IocException: IocBean[dao -> dataSource] throw Exception when creating
	at org.nutz.ioc.impl.ObjectMakerImpl.make(ObjectMakerImpl.java:150)
	at org.nutz.ioc.impl.NutIoc.get(NutIoc.java:210)
	at org.nutz.ioc.val.ReferValue.get(ReferValue.java:24)
	at org.nutz.ioc.impl.ObjectMakerImpl.make(ObjectMakerImpl.java:62)
	at org.nutz.ioc.impl.NutIoc.get(NutIoc.java:210)
	at org.nutz.ioc.impl.NutIoc.get(NutIoc.java:239)
	at org.nutz.dao.test.DaoCase.setUp(DaoCase.java:22)
	at sun.reflect.GeneratedMethodAccessor23.invoke(Unknown Source)
	at sun.reflect.DelegatingMethodAccessorImpl.invoke(DelegatingMethodAccessorImpl.java:43)
	at java.lang.reflect.Method.invoke(Method.java:498)
	at org.junit.runners.model.FrameworkMethod$1.runReflectiveCall(FrameworkMethod.java:44)
	at org.junit.internal.runners.model.ReflectiveCallable.run(ReflectiveCallable.java:15)
	at org.junit.runners.model.FrameworkMethod.invokeExplosively(FrameworkMethod.java:41)
	at org.junit.internal.runners.statements.RunBefores.evaluate(RunBefores.java:27)
	at org.junit.internal.runners.statements.RunAfters.evaluate(RunAfters.java:31)
	at org.junit.runners.BlockJUnit4ClassRunner.runNotIgnored(BlockJUnit4ClassRunner.java:79)
	at org.junit.runners.BlockJUnit4ClassRunner.runChild(BlockJUnit4ClassRunner.java:71)
	at org.junit.runners.BlockJUnit4ClassRunner.runChild(BlockJUnit4ClassRunner.java:49)
	at org.junit.runners.ParentRunner$3.run(ParentRunner.java:193)
	at org.junit.runners.ParentRunner$1.schedule(ParentRunner.java:52)
	at org.junit.runners.ParentRunner.runChildren(ParentRunner.java:191)
	at org.junit.runners.ParentRunner.access$000(ParentRunner.java:42)
	at org.junit.runners.ParentRunner$2.evaluate(ParentRunner.java:184)
	at org.junit.runners.ParentRunner.run(ParentRunner.java:236)
	at org.apache.maven.surefire.junit4.JUnit4Provider.execute(JUnit4Provider.java:283)
	at org.apache.maven.surefire.junit4.JUnit4Provider.executeWithRerun(JUnit4Provider.java:173)
	at org.apache.maven.surefire.junit4.JUnit4Provider.executeTestSet(JUnit4Provider.java:153)
	at org.apache.maven.surefire.junit4.JUnit4Provider.invoke(JUnit4Provider.java:128)
	at org.apache.maven.surefire.booter.ForkedBooter.invokeProviderInSameClassLoader(ForkedBooter.java:203)
	at org.apache.maven.surefire.booter.ForkedBooter.runSuitesInProcess(ForkedBooter.java:155)
	at org.apache.maven.surefire.booter.ForkedBooter.main(ForkedBooter.java:103)
Caused by: java.lang.RuntimeException: IocBean[dataSource] fail at field=[driverClassName]
	at org.nutz.ioc.weaver.FieldInjector.inject(FieldInjector.java:40)
	at org.nutz.ioc.weaver.DefaultWeaver.fill(DefaultWeaver.java:56)
	at org.nutz.ioc.impl.ObjectMakerImpl.make(ObjectMakerImpl.java:136)
	at org.nutz.ioc.impl.NutIoc.get(NutIoc.java:210)
	at org.nutz.ioc.val.ReferValue.get(ReferValue.java:24)
	at org.nutz.ioc.impl.ObjectMakerImpl.make(ObjectMakerImpl.java:62)
	at org.nutz.ioc.impl.NutIoc.get(NutIoc.java:210)
	at org.nutz.ioc.impl.NutIoc.get(NutIoc.java:239)
	at org.nutz.dao.test.DaoCase.setUp(DaoCase.java:22)
	at sun.reflect.GeneratedMethodAccessor23.invoke(Unknown Source)
	at sun.reflect.DelegatingMethodAccessorImpl.invoke(DelegatingMethodAccessorImpl.java:43)
	at java.lang.reflect.Method.invoke(Method.java:498)
	at org.junit.runners.model.FrameworkMethod$1.runReflectiveCall(FrameworkMethod.java:44)
	at org.junit.internal.runners.model.ReflectiveCallable.run(ReflectiveCallable.java:15)
	at org.junit.runners.model.FrameworkMethod.invokeExplosively(FrameworkMethod.java:41)
	at org.junit.internal.runners.statements.RunBefores.evaluate(RunBefores.java:27)
	at org.junit.internal.runners.statements.RunAfters.evaluate(RunAfters.java:31)
	at org.junit.runners.BlockJUnit4ClassRunner.runNotIgnored(BlockJUnit4ClassRunner.java:79)
	at org.junit.runners.BlockJUnit4ClassRunner.runChild(BlockJUnit4ClassRunner.java:71)
	at org.junit.runners.BlockJUnit4ClassRunner.runChild(BlockJUnit4ClassRunner.java:49)
	at org.junit.runners.ParentRunner$3.run(ParentRunner.java:193)
	at org.junit.runners.ParentRunner$1.schedule(ParentRunner.java:52)
	at org.junit.runners.ParentRunner.runChildren(ParentRunner.java:191)
	at org.junit.runners.ParentRunner.access$000(ParentRunner.java:42)
	at org.junit.runners.ParentRunner$2.evaluate(ParentRunner.java:184)
	at org.junit.runners.ParentRunner.run(ParentRunner.java:236)
	at org.apache.maven.surefire.junit4.JUnit4Provider.execute(JUnit4Provider.java:283)
	at org.apache.maven.surefire.junit4.JUnit4Provider.executeWithRerun(JUnit4Provider.java:173)
	at org.apache.maven.surefire.junit4.JUnit4Provider.executeTestSet(JUnit4Provider.java:153)
	at org.apache.maven.surefire.junit4.JUnit4Provider.invoke(JUnit4Provider.java:128)
	at org.apache.maven.surefire.booter.ForkedBooter.invokeProviderInSameClassLoader(ForkedBooter.java:203)
	at org.apache.maven.surefire.booter.ForkedBooter.runSuitesInProcess(ForkedBooter.java:155)
	at org.apache.maven.surefire.booter.ForkedBooter.main(ForkedBooter.java:103)
Caused by: org.nutz.ioc.IocException: IocBean[config] throw Exception when creating
	at org.nutz.ioc.impl.ObjectMakerImpl.make(ObjectMakerImpl.java:150)
	at org.nutz.ioc.impl.NutIoc.get(NutIoc.java:210)
	at org.nutz.ioc.impl.NutIoc.get(NutIoc.java:239)
	at org.nutz.ioc.java.IocObjectNode.getValue(IocObjectNode.java:19)
	at org.nutz.ioc.java.ChainNode.eval(ChainNode.java:24)
	at org.nutz.ioc.java.ChainNode.eval(ChainNode.java:19)
	at org.nutz.ioc.val.JavaValue.get(JavaValue.java:69)
	at org.nutz.ioc.weaver.FieldInjector.inject(FieldInjector.java:32)
	at org.nutz.ioc.weaver.DefaultWeaver.fill(DefaultWeaver.java:56)
	at org.nutz.ioc.impl.ObjectMakerImpl.make(ObjectMakerImpl.java:136)
	at org.nutz.ioc.impl.NutIoc.get(NutIoc.java:210)
	at org.nutz.ioc.val.ReferValue.get(ReferValue.java:24)
	at org.nutz.ioc.impl.ObjectMakerImpl.make(ObjectMakerImpl.java:62)
	at org.nutz.ioc.impl.NutIoc.get(NutIoc.java:210)
	at org.nutz.ioc.impl.NutIoc.get(NutIoc.java:239)
	at org.nutz.dao.test.DaoCase.setUp(DaoCase.java:22)
	at sun.reflect.GeneratedMethodAccessor23.invoke(Unknown Source)
	at sun.reflect.DelegatingMethodAccessorImpl.invoke(DelegatingMethodAccessorImpl.java:43)
	at java.lang.reflect.Method.invoke(Method.java:498)
	at org.junit.runners.model.FrameworkMethod$1.runReflectiveCall(FrameworkMethod.java:44)
	at org.junit.internal.runners.model.ReflectiveCallable.run(ReflectiveCallable.java:15)
	at org.junit.runners.model.FrameworkMethod.invokeExplosively(FrameworkMethod.java:41)
	at org.junit.internal.runners.statements.RunBefores.evaluate(RunBefores.java:27)
	at org.junit.internal.runners.statements.RunAfters.evaluate(RunAfters.java:31)
	at org.junit.runners.BlockJUnit4ClassRunner.runNotIgnored(BlockJUnit4ClassRunner.java:79)
	at org.junit.runners.BlockJUnit4ClassRunner.runChild(BlockJUnit4ClassRunner.java:71)
	at org.junit.runners.BlockJUnit4ClassRunner.runChild(BlockJUnit4ClassRunner.java:49)
	at org.junit.runners.ParentRunner$3.run(ParentRunner.java:193)
	at org.junit.runners.ParentRunner$1.schedule(ParentRunner.java:52)
	at org.junit.runners.ParentRunner.runChildren(ParentRunner.java:191)
	at org.junit.runners.ParentRunner.access$000(ParentRunner.java:42)
	at org.junit.runners.ParentRunner$2.evaluate(ParentRunner.java:184)
	at org.junit.runners.ParentRunner.run(ParentRunner.java:236)
	at org.apache.maven.surefire.junit4.JUnit4Provider.execute(JUnit4Provider.java:283)
	at org.apache.maven.surefire.junit4.JUnit4Provider.executeWithRerun(JUnit4Provider.java:173)
	at org.apache.maven.surefire.junit4.JUnit4Provider.executeTestSet(JUnit4Provider.java:153)
	at org.apache.maven.surefire.junit4.JUnit4Provider.invoke(JUnit4Provider.java:128)
	at org.apache.maven.surefire.booter.ForkedBooter.invokeProviderInSameClassLoader(ForkedBooter.java:203)
	at org.apache.maven.surefire.booter.ForkedBooter.runSuitesInProcess(ForkedBooter.java:155)
	at org.apache.maven.surefire.booter.ForkedBooter.main(ForkedBooter.java:103)
Caused by: java.lang.RuntimeException: IocBean[config] fail at field=[paths]
	at org.nutz.ioc.weaver.FieldInjector.inject(FieldInjector.java:40)
	at org.nutz.ioc.weaver.DefaultWeaver.fill(DefaultWeaver.java:56)
	at org.nutz.ioc.impl.ObjectMakerImpl.make(ObjectMakerImpl.java:136)
	at org.nutz.ioc.impl.NutIoc.get(NutIoc.java:210)
	at org.nutz.ioc.impl.NutIoc.get(NutIoc.java:239)
	at org.nutz.ioc.java.IocObjectNode.getValue(IocObjectNode.java:19)
	at org.nutz.ioc.java.ChainNode.eval(ChainNode.java:24)
	at org.nutz.ioc.java.ChainNode.eval(ChainNode.java:19)
	at org.nutz.ioc.val.JavaValue.get(JavaValue.java:69)
	at org.nutz.ioc.weaver.FieldInjector.inject(FieldInjector.java:32)
	at org.nutz.ioc.weaver.DefaultWeaver.fill(DefaultWeaver.java:56)
	at org.nutz.ioc.impl.ObjectMakerImpl.make(ObjectMakerImpl.java:136)
	at org.nutz.ioc.impl.NutIoc.get(NutIoc.java:210)
	at org.nutz.ioc.val.ReferValue.get(ReferValue.java:24)
	at org.nutz.ioc.impl.ObjectMakerImpl.make(ObjectMakerImpl.java:62)
	at org.nutz.ioc.impl.NutIoc.get(NutIoc.java:210)
	at org.nutz.ioc.impl.NutIoc.get(NutIoc.java:239)
	at org.nutz.dao.test.DaoCase.setUp(DaoCase.java:22)
	at sun.reflect.GeneratedMethodAccessor23.invoke(Unknown Source)
	at sun.reflect.DelegatingMethodAccessorImpl.invoke(DelegatingMethodAccessorImpl.java:43)
	at java.lang.reflect.Method.invoke(Method.java:498)
	at org.junit.runners.model.FrameworkMethod$1.runReflectiveCall(FrameworkMethod.java:44)
	at org.junit.internal.runners.model.ReflectiveCallable.run(ReflectiveCallable.java:15)
	at org.junit.runners.model.FrameworkMethod.invokeExplosively(FrameworkMethod.java:41)
	at org.junit.internal.runners.statements.RunBefores.evaluate(RunBefores.java:27)
	at org.junit.internal.runners.statements.RunAfters.evaluate(RunAfters.java:31)
	at org.junit.runners.BlockJUnit4ClassRunner.runNotIgnored(BlockJUnit4ClassRunner.java:79)
	at org.junit.runners.BlockJUnit4ClassRunner.runChild(BlockJUnit4ClassRunner.java:71)
	at org.junit.runners.BlockJUnit4ClassRunner.runChild(BlockJUnit4ClassRunner.java:49)
	at org.junit.runners.ParentRunner$3.run(ParentRunner.java:193)
	at org.junit.runners.ParentRunner$1.schedule(ParentRunner.java:52)
	at org.junit.runners.ParentRunner.runChildren(ParentRunner.java:191)
	at org.junit.runners.ParentRunner.access$000(ParentRunner.java:42)
	at org.junit.runners.ParentRunner$2.evaluate(ParentRunner.java:184)
	at org.junit.runners.ParentRunner.run(ParentRunner.java:236)
	at org.apache.maven.surefire.junit4.JUnit4Provider.execute(JUnit4Provider.java:283)
	at org.apache.maven.surefire.junit4.JUnit4Provider.executeWithRerun(JUnit4Provider.java:173)
	at org.apache.maven.surefire.junit4.JUnit4Provider.executeTestSet(JUnit4Provider.java:153)
	at org.apache.maven.surefire.junit4.JUnit4Provider.invoke(JUnit4Provider.java:128)
	at org.apache.maven.surefire.booter.ForkedBooter.invokeProviderInSameClassLoader(ForkedBooter.java:203)
	at org.apache.maven.surefire.booter.ForkedBooter.runSuitesInProcess(ForkedBooter.java:155)
	at org.apache.maven.surefire.booter.ForkedBooter.main(ForkedBooter.java:103)
Caused by: java.lang.RuntimeException: Fail to set '[nutz-test.properties]'[ [Ljava.lang.String;@1859ffda ] by setter org.nutz.ioc.impl.PropertiesProxy.'setPaths()' because [java.lang.RuntimeException: folder or file like '^.+[.]properties$' no found in nutz-test.properties]: folder or file like '^.+[.]properties$' no found in nutz-test.properties
	at org.nutz.lang.Lang.wrapThrow(Lang.java:167)
	at org.nutz.lang.inject.InjectBySetter.inject(InjectBySetter.java:62)
	at org.nutz.ioc.weaver.FieldInjector.inject(FieldInjector.java:33)
	at org.nutz.ioc.weaver.DefaultWeaver.fill(DefaultWeaver.java:56)
	at org.nutz.ioc.impl.ObjectMakerImpl.make(ObjectMakerImpl.java:136)
	at org.nutz.ioc.impl.NutIoc.get(NutIoc.java:210)
	at org.nutz.ioc.impl.NutIoc.get(NutIoc.java:239)
	at org.nutz.ioc.java.IocObjectNode.getValue(IocObjectNode.java:19)
	at org.nutz.ioc.java.ChainNode.eval(ChainNode.java:24)
	at org.nutz.ioc.java.ChainNode.eval(ChainNode.java:19)
	at org.nutz.ioc.val.JavaValue.get(JavaValue.java:69)
	at org.nutz.ioc.weaver.FieldInjector.inject(FieldInjector.java:32)
	at org.nutz.ioc.weaver.DefaultWeaver.fill(DefaultWeaver.java:56)
	at org.nutz.ioc.impl.ObjectMakerImpl.make(ObjectMakerImpl.java:136)
	at org.nutz.ioc.impl.NutIoc.get(NutIoc.java:210)
	at org.nutz.ioc.val.ReferValue.get(ReferValue.java:24)
	at org.nutz.ioc.impl.ObjectMakerImpl.make(ObjectMakerImpl.java:62)
	at org.nutz.ioc.impl.NutIoc.get(NutIoc.java:210)
	at org.nutz.ioc.impl.NutIoc.get(NutIoc.java:239)
	at org.nutz.dao.test.DaoCase.setUp(DaoCase.java:22)
	at sun.reflect.GeneratedMethodAccessor23.invoke(Unknown Source)
	at sun.reflect.DelegatingMethodAccessorImpl.invoke(DelegatingMethodAccessorImpl.java:43)
	at java.lang.reflect.Method.invoke(Method.java:498)
	at org.junit.runners.model.FrameworkMethod$1.runReflectiveCall(FrameworkMethod.java:44)
	at org.junit.internal.runners.model.ReflectiveCallable.run(ReflectiveCallable.java:15)
	at org.junit.runners.model.FrameworkMethod.invokeExplosively(FrameworkMethod.java:41)
	at org.junit.internal.runners.statements.RunBefores.evaluate(RunBefores.java:27)
	at org.junit.internal.runners.statements.RunAfters.evaluate(RunAfters.java:31)
	at org.junit.runners.BlockJUnit4ClassRunner.runNotIgnored(BlockJUnit4ClassRunner.java:79)
	at org.junit.runners.BlockJUnit4ClassRunner.runChild(BlockJUnit4ClassRunner.java:71)
	at org.junit.runners.BlockJUnit4ClassRunner.runChild(BlockJUnit4ClassRunner.java:49)
	at org.junit.runners.ParentRunner$3.run(ParentRunner.java:193)
	at org.junit.runners.ParentRunner$1.schedule(ParentRunner.java:52)
	at org.junit.runners.ParentRunner.runChildren(ParentRunner.java:191)
	at org.junit.runners.ParentRunner.access$000(ParentRunner.java:42)
	at org.junit.runners.ParentRunner$2.evaluate(ParentRunner.java:184)
	at org.junit.runners.ParentRunner.run(ParentRunner.java:236)
	at org.apache.maven.surefire.junit4.JUnit4Provider.execute(JUnit4Provider.java:283)
	at org.apache.maven.surefire.junit4.JUnit4Provider.executeWithRerun(JUnit4Provider.java:173)
	at org.apache.maven.surefire.junit4.JUnit4Provider.executeTestSet(JUnit4Provider.java:153)
	at org.apache.maven.surefire.junit4.JUnit4Provider.invoke(JUnit4Provider.java:128)
	at org.apache.maven.surefire.booter.ForkedBooter.invokeProviderInSameClassLoader(ForkedBooter.java:203)
	at org.apache.maven.surefire.booter.ForkedBooter.runSuitesInProcess(ForkedBooter.java:155)
	at org.apache.maven.surefire.booter.ForkedBooter.main(ForkedBooter.java:103)
Caused by: java.lang.RuntimeException: folder or file like '^.+[.]properties$' no found in nutz-test.properties
	at org.nutz.lang.Lang.makeThrow(Lang.java:151)
	at org.nutz.resource.Scans.loadResource(Scans.java:112)
	at org.nutz.ioc.impl.PropertiesProxy.getResources(PropertiesProxy.java:153)
	at org.nutz.ioc.impl.PropertiesProxy.setPaths(PropertiesProxy.java:109)
	at org.nutz.ioc.impl.PropertiesProxy$FM$setPaths$d0275b2b871e237a38f11859247d1599.invoke(PropertiesProxy.java)
	at org.nutz.lang.inject.InjectBySetter.inject(InjectBySetter.java:51)
	at org.nutz.ioc.weaver.FieldInjector.inject(FieldInjector.java:33)
	at org.nutz.ioc.weaver.DefaultWeaver.fill(DefaultWeaver.java:56)
	at org.nutz.ioc.impl.ObjectMakerImpl.make(ObjectMakerImpl.java:136)
	at org.nutz.ioc.impl.NutIoc.get(NutIoc.java:210)
	at org.nutz.ioc.impl.NutIoc.get(NutIoc.java:239)
	at org.nutz.ioc.java.IocObjectNode.getValue(IocObjectNode.java:19)
	at org.nutz.ioc.java.ChainNode.eval(ChainNode.java:24)
	at org.nutz.ioc.java.ChainNode.eval(ChainNode.java:19)
	at org.nutz.ioc.val.JavaValue.get(JavaValue.java:69)
	at org.nutz.ioc.weaver.FieldInjector.inject(FieldInjector.java:32)
	at org.nutz.ioc.weaver.DefaultWeaver.fill(DefaultWeaver.java:56)
	at org.nutz.ioc.impl.ObjectMakerImpl.make(ObjectMakerImpl.java:136)
	at org.nutz.ioc.impl.NutIoc.get(NutIoc.java:210)
	at org.nutz.ioc.val.ReferValue.get(ReferValue.java:24)
	at org.nutz.ioc.impl.ObjectMakerImpl.make(ObjectMakerImpl.java:62)
	at org.nutz.ioc.impl.NutIoc.get(NutIoc.java:210)
	at org.nutz.ioc.impl.NutIoc.get(NutIoc.java:239)
	at org.nutz.dao.test.DaoCase.setUp(DaoCase.java:22)
	at sun.reflect.GeneratedMethodAccessor23.invoke(Unknown Source)
	at sun.reflect.DelegatingMethodAccessorImpl.invoke(DelegatingMethodAccessorImpl.java:43)
	at java.lang.reflect.Method.invoke(Method.java:498)
	at org.junit.runners.model.FrameworkMethod$1.runReflectiveCall(FrameworkMethod.java:44)
	at org.junit.internal.runners.model.ReflectiveCallable.run(ReflectiveCallable.java:15)
	at org.junit.runners.model.FrameworkMethod.invokeExplosively(FrameworkMethod.java:41)
	at org.junit.internal.runners.statements.RunBefores.evaluate(RunBefores.java:27)
	at org.junit.internal.runners.statements.RunAfters.evaluate(RunAfters.java:31)
	at org.junit.runners.BlockJUnit4ClassRunner.runNotIgnored(BlockJUnit4ClassRunner.java:79)
	at org.junit.runners.BlockJUnit4ClassRunner.runChild(BlockJUnit4ClassRunner.java:71)
	at org.junit.runners.BlockJUnit4ClassRunner.runChild(BlockJUnit4ClassRunner.java:49)
	at org.junit.runners.ParentRunner$3.run(ParentRunner.java:193)
	at org.junit.runners.ParentRunner$1.schedule(ParentRunner.java:52)
	at org.junit.runners.ParentRunner.runChildren(ParentRunner.java:191)
	at org.junit.runners.ParentRunner.access$000(ParentRunner.java:42)
	at org.junit.runners.ParentRunner$2.evaluate(ParentRunner.java:184)
	at org.junit.runners.ParentRunner.run(ParentRunner.java:236)
	at org.apache.maven.surefire.junit4.JUnit4Provider.execute(JUnit4Provider.java:283)
	at org.apache.maven.surefire.junit4.JUnit4Provider.executeWithRerun(JUnit4Provider.java:173)
	at org.apache.maven.surefire.junit4.JUnit4Provider.executeTestSet(JUnit4Provider.java:153)
	at org.apache.maven.surefire.junit4.JUnit4Provider.invoke(JUnit4Provider.java:128)
	at org.apache.maven.surefire.booter.ForkedBooter.invokeProviderInSameClassLoader(ForkedBooter.java:203)
	at org.apache.maven.surefire.booter.ForkedBooter.runSuitesInProcess(ForkedBooter.java:155)
	at org.apache.maven.surefire.booter.ForkedBooter.main(ForkedBooter.java:103)
</error>
  </testcase>
  <testcase name="test_table_exists" classname="org.nutz.dao.test.normal.SimpleDaoTest" time="0">
    <error message="IocBean[dao -&gt; dataSource] throw Exception when creating" type="org.nutz.ioc.IocException">org.nutz.ioc.IocException: IocBean[dao -> dataSource] throw Exception when creating
	at org.nutz.ioc.impl.ObjectMakerImpl.make(ObjectMakerImpl.java:150)
	at org.nutz.ioc.impl.NutIoc.get(NutIoc.java:210)
	at org.nutz.ioc.val.ReferValue.get(ReferValue.java:24)
	at org.nutz.ioc.impl.ObjectMakerImpl.make(ObjectMakerImpl.java:62)
	at org.nutz.ioc.impl.NutIoc.get(NutIoc.java:210)
	at org.nutz.ioc.impl.NutIoc.get(NutIoc.java:239)
	at org.nutz.dao.test.DaoCase.setUp(DaoCase.java:22)
	at sun.reflect.GeneratedMethodAccessor23.invoke(Unknown Source)
	at sun.reflect.DelegatingMethodAccessorImpl.invoke(DelegatingMethodAccessorImpl.java:43)
	at java.lang.reflect.Method.invoke(Method.java:498)
	at org.junit.runners.model.FrameworkMethod$1.runReflectiveCall(FrameworkMethod.java:44)
	at org.junit.internal.runners.model.ReflectiveCallable.run(ReflectiveCallable.java:15)
	at org.junit.runners.model.FrameworkMethod.invokeExplosively(FrameworkMethod.java:41)
	at org.junit.internal.runners.statements.RunBefores.evaluate(RunBefores.java:27)
	at org.junit.internal.runners.statements.RunAfters.evaluate(RunAfters.java:31)
	at org.junit.runners.BlockJUnit4ClassRunner.runNotIgnored(BlockJUnit4ClassRunner.java:79)
	at org.junit.runners.BlockJUnit4ClassRunner.runChild(BlockJUnit4ClassRunner.java:71)
	at org.junit.runners.BlockJUnit4ClassRunner.runChild(BlockJUnit4ClassRunner.java:49)
	at org.junit.runners.ParentRunner$3.run(ParentRunner.java:193)
	at org.junit.runners.ParentRunner$1.schedule(ParentRunner.java:52)
	at org.junit.runners.ParentRunner.runChildren(ParentRunner.java:191)
	at org.junit.runners.ParentRunner.access$000(ParentRunner.java:42)
	at org.junit.runners.ParentRunner$2.evaluate(ParentRunner.java:184)
	at org.junit.runners.ParentRunner.run(ParentRunner.java:236)
	at org.apache.maven.surefire.junit4.JUnit4Provider.execute(JUnit4Provider.java:283)
	at org.apache.maven.surefire.junit4.JUnit4Provider.executeWithRerun(JUnit4Provider.java:173)
	at org.apache.maven.surefire.junit4.JUnit4Provider.executeTestSet(JUnit4Provider.java:153)
	at org.apache.maven.surefire.junit4.JUnit4Provider.invoke(JUnit4Provider.java:128)
	at org.apache.maven.surefire.booter.ForkedBooter.invokeProviderInSameClassLoader(ForkedBooter.java:203)
	at org.apache.maven.surefire.booter.ForkedBooter.runSuitesInProcess(ForkedBooter.java:155)
	at org.apache.maven.surefire.booter.ForkedBooter.main(ForkedBooter.java:103)
Caused by: java.lang.RuntimeException: IocBean[dataSource] fail at field=[driverClassName]
	at org.nutz.ioc.weaver.FieldInjector.inject(FieldInjector.java:40)
	at org.nutz.ioc.weaver.DefaultWeaver.fill(DefaultWeaver.java:56)
	at org.nutz.ioc.impl.ObjectMakerImpl.make(ObjectMakerImpl.java:136)
	at org.nutz.ioc.impl.NutIoc.get(NutIoc.java:210)
	at org.nutz.ioc.val.ReferValue.get(ReferValue.java:24)
	at org.nutz.ioc.impl.ObjectMakerImpl.make(ObjectMakerImpl.java:62)
	at org.nutz.ioc.impl.NutIoc.get(NutIoc.java:210)
	at org.nutz.ioc.impl.NutIoc.get(NutIoc.java:239)
	at org.nutz.dao.test.DaoCase.setUp(DaoCase.java:22)
	at sun.reflect.GeneratedMethodAccessor23.invoke(Unknown Source)
	at sun.reflect.DelegatingMethodAccessorImpl.invoke(DelegatingMethodAccessorImpl.java:43)
	at java.lang.reflect.Method.invoke(Method.java:498)
	at org.junit.runners.model.FrameworkMethod$1.runReflectiveCall(FrameworkMethod.java:44)
	at org.junit.internal.runners.model.ReflectiveCallable.run(ReflectiveCallable.java:15)
	at org.junit.runners.model.FrameworkMethod.invokeExplosively(FrameworkMethod.java:41)
	at org.junit.internal.runners.statements.RunBefores.evaluate(RunBefores.java:27)
	at org.junit.internal.runners.statements.RunAfters.evaluate(RunAfters.java:31)
	at org.junit.runners.BlockJUnit4ClassRunner.runNotIgnored(BlockJUnit4ClassRunner.java:79)
	at org.junit.runners.BlockJUnit4ClassRunner.runChild(BlockJUnit4ClassRunner.java:71)
	at org.junit.runners.BlockJUnit4ClassRunner.runChild(BlockJUnit4ClassRunner.java:49)
	at org.junit.runners.ParentRunner$3.run(ParentRunner.java:193)
	at org.junit.runners.ParentRunner$1.schedule(ParentRunner.java:52)
	at org.junit.runners.ParentRunner.runChildren(ParentRunner.java:191)
	at org.junit.runners.ParentRunner.access$000(ParentRunner.java:42)
	at org.junit.runners.ParentRunner$2.evaluate(ParentRunner.java:184)
	at org.junit.runners.ParentRunner.run(ParentRunner.java:236)
	at org.apache.maven.surefire.junit4.JUnit4Provider.execute(JUnit4Provider.java:283)
	at org.apache.maven.surefire.junit4.JUnit4Provider.executeWithRerun(JUnit4Provider.java:173)
	at org.apache.maven.surefire.junit4.JUnit4Provider.executeTestSet(JUnit4Provider.java:153)
	at org.apache.maven.surefire.junit4.JUnit4Provider.invoke(JUnit4Provider.java:128)
	at org.apache.maven.surefire.booter.ForkedBooter.invokeProviderInSameClassLoader(ForkedBooter.java:203)
	at org.apache.maven.surefire.booter.ForkedBooter.runSuitesInProcess(ForkedBooter.java:155)
	at org.apache.maven.surefire.booter.ForkedBooter.main(ForkedBooter.java:103)
Caused by: org.nutz.ioc.IocException: IocBean[config] throw Exception when creating
	at org.nutz.ioc.impl.ObjectMakerImpl.make(ObjectMakerImpl.java:150)
	at org.nutz.ioc.impl.NutIoc.get(NutIoc.java:210)
	at org.nutz.ioc.impl.NutIoc.get(NutIoc.java:239)
	at org.nutz.ioc.java.IocObjectNode.getValue(IocObjectNode.java:19)
	at org.nutz.ioc.java.ChainNode.eval(ChainNode.java:24)
	at org.nutz.ioc.java.ChainNode.eval(ChainNode.java:19)
	at org.nutz.ioc.val.JavaValue.get(JavaValue.java:69)
	at org.nutz.ioc.weaver.FieldInjector.inject(FieldInjector.java:32)
	at org.nutz.ioc.weaver.DefaultWeaver.fill(DefaultWeaver.java:56)
	at org.nutz.ioc.impl.ObjectMakerImpl.make(ObjectMakerImpl.java:136)
	at org.nutz.ioc.impl.NutIoc.get(NutIoc.java:210)
	at org.nutz.ioc.val.ReferValue.get(ReferValue.java:24)
	at org.nutz.ioc.impl.ObjectMakerImpl.make(ObjectMakerImpl.java:62)
	at org.nutz.ioc.impl.NutIoc.get(NutIoc.java:210)
	at org.nutz.ioc.impl.NutIoc.get(NutIoc.java:239)
	at org.nutz.dao.test.DaoCase.setUp(DaoCase.java:22)
	at sun.reflect.GeneratedMethodAccessor23.invoke(Unknown Source)
	at sun.reflect.DelegatingMethodAccessorImpl.invoke(DelegatingMethodAccessorImpl.java:43)
	at java.lang.reflect.Method.invoke(Method.java:498)
	at org.junit.runners.model.FrameworkMethod$1.runReflectiveCall(FrameworkMethod.java:44)
	at org.junit.internal.runners.model.ReflectiveCallable.run(ReflectiveCallable.java:15)
	at org.junit.runners.model.FrameworkMethod.invokeExplosively(FrameworkMethod.java:41)
	at org.junit.internal.runners.statements.RunBefores.evaluate(RunBefores.java:27)
	at org.junit.internal.runners.statements.RunAfters.evaluate(RunAfters.java:31)
	at org.junit.runners.BlockJUnit4ClassRunner.runNotIgnored(BlockJUnit4ClassRunner.java:79)
	at org.junit.runners.BlockJUnit4ClassRunner.runChild(BlockJUnit4ClassRunner.java:71)
	at org.junit.runners.BlockJUnit4ClassRunner.runChild(BlockJUnit4ClassRunner.java:49)
	at org.junit.runners.ParentRunner$3.run(ParentRunner.java:193)
	at org.junit.runners.ParentRunner$1.schedule(ParentRunner.java:52)
	at org.junit.runners.ParentRunner.runChildren(ParentRunner.java:191)
	at org.junit.runners.ParentRunner.access$000(ParentRunner.java:42)
	at org.junit.runners.ParentRunner$2.evaluate(ParentRunner.java:184)
	at org.junit.runners.ParentRunner.run(ParentRunner.java:236)
	at org.apache.maven.surefire.junit4.JUnit4Provider.execute(JUnit4Provider.java:283)
	at org.apache.maven.surefire.junit4.JUnit4Provider.executeWithRerun(JUnit4Provider.java:173)
	at org.apache.maven.surefire.junit4.JUnit4Provider.executeTestSet(JUnit4Provider.java:153)
	at org.apache.maven.surefire.junit4.JUnit4Provider.invoke(JUnit4Provider.java:128)
	at org.apache.maven.surefire.booter.ForkedBooter.invokeProviderInSameClassLoader(ForkedBooter.java:203)
	at org.apache.maven.surefire.booter.ForkedBooter.runSuitesInProcess(ForkedBooter.java:155)
	at org.apache.maven.surefire.booter.ForkedBooter.main(ForkedBooter.java:103)
Caused by: java.lang.RuntimeException: IocBean[config] fail at field=[paths]
	at org.nutz.ioc.weaver.FieldInjector.inject(FieldInjector.java:40)
	at org.nutz.ioc.weaver.DefaultWeaver.fill(DefaultWeaver.java:56)
	at org.nutz.ioc.impl.ObjectMakerImpl.make(ObjectMakerImpl.java:136)
	at org.nutz.ioc.impl.NutIoc.get(NutIoc.java:210)
	at org.nutz.ioc.impl.NutIoc.get(NutIoc.java:239)
	at org.nutz.ioc.java.IocObjectNode.getValue(IocObjectNode.java:19)
	at org.nutz.ioc.java.ChainNode.eval(ChainNode.java:24)
	at org.nutz.ioc.java.ChainNode.eval(ChainNode.java:19)
	at org.nutz.ioc.val.JavaValue.get(JavaValue.java:69)
	at org.nutz.ioc.weaver.FieldInjector.inject(FieldInjector.java:32)
	at org.nutz.ioc.weaver.DefaultWeaver.fill(DefaultWeaver.java:56)
	at org.nutz.ioc.impl.ObjectMakerImpl.make(ObjectMakerImpl.java:136)
	at org.nutz.ioc.impl.NutIoc.get(NutIoc.java:210)
	at org.nutz.ioc.val.ReferValue.get(ReferValue.java:24)
	at org.nutz.ioc.impl.ObjectMakerImpl.make(ObjectMakerImpl.java:62)
	at org.nutz.ioc.impl.NutIoc.get(NutIoc.java:210)
	at org.nutz.ioc.impl.NutIoc.get(NutIoc.java:239)
	at org.nutz.dao.test.DaoCase.setUp(DaoCase.java:22)
	at sun.reflect.GeneratedMethodAccessor23.invoke(Unknown Source)
	at sun.reflect.DelegatingMethodAccessorImpl.invoke(DelegatingMethodAccessorImpl.java:43)
	at java.lang.reflect.Method.invoke(Method.java:498)
	at org.junit.runners.model.FrameworkMethod$1.runReflectiveCall(FrameworkMethod.java:44)
	at org.junit.internal.runners.model.ReflectiveCallable.run(ReflectiveCallable.java:15)
	at org.junit.runners.model.FrameworkMethod.invokeExplosively(FrameworkMethod.java:41)
	at org.junit.internal.runners.statements.RunBefores.evaluate(RunBefores.java:27)
	at org.junit.internal.runners.statements.RunAfters.evaluate(RunAfters.java:31)
	at org.junit.runners.BlockJUnit4ClassRunner.runNotIgnored(BlockJUnit4ClassRunner.java:79)
	at org.junit.runners.BlockJUnit4ClassRunner.runChild(BlockJUnit4ClassRunner.java:71)
	at org.junit.runners.BlockJUnit4ClassRunner.runChild(BlockJUnit4ClassRunner.java:49)
	at org.junit.runners.ParentRunner$3.run(ParentRunner.java:193)
	at org.junit.runners.ParentRunner$1.schedule(ParentRunner.java:52)
	at org.junit.runners.ParentRunner.runChildren(ParentRunner.java:191)
	at org.junit.runners.ParentRunner.access$000(ParentRunner.java:42)
	at org.junit.runners.ParentRunner$2.evaluate(ParentRunner.java:184)
	at org.junit.runners.ParentRunner.run(ParentRunner.java:236)
	at org.apache.maven.surefire.junit4.JUnit4Provider.execute(JUnit4Provider.java:283)
	at org.apache.maven.surefire.junit4.JUnit4Provider.executeWithRerun(JUnit4Provider.java:173)
	at org.apache.maven.surefire.junit4.JUnit4Provider.executeTestSet(JUnit4Provider.java:153)
	at org.apache.maven.surefire.junit4.JUnit4Provider.invoke(JUnit4Provider.java:128)
	at org.apache.maven.surefire.booter.ForkedBooter.invokeProviderInSameClassLoader(ForkedBooter.java:203)
	at org.apache.maven.surefire.booter.ForkedBooter.runSuitesInProcess(ForkedBooter.java:155)
	at org.apache.maven.surefire.booter.ForkedBooter.main(ForkedBooter.java:103)
Caused by: java.lang.RuntimeException: Fail to set '[nutz-test.properties]'[ [Ljava.lang.String;@59838256 ] by setter org.nutz.ioc.impl.PropertiesProxy.'setPaths()' because [java.lang.RuntimeException: folder or file like '^.+[.]properties$' no found in nutz-test.properties]: folder or file like '^.+[.]properties$' no found in nutz-test.properties
	at org.nutz.lang.Lang.wrapThrow(Lang.java:167)
	at org.nutz.lang.inject.InjectBySetter.inject(InjectBySetter.java:62)
	at org.nutz.ioc.weaver.FieldInjector.inject(FieldInjector.java:33)
	at org.nutz.ioc.weaver.DefaultWeaver.fill(DefaultWeaver.java:56)
	at org.nutz.ioc.impl.ObjectMakerImpl.make(ObjectMakerImpl.java:136)
	at org.nutz.ioc.impl.NutIoc.get(NutIoc.java:210)
	at org.nutz.ioc.impl.NutIoc.get(NutIoc.java:239)
	at org.nutz.ioc.java.IocObjectNode.getValue(IocObjectNode.java:19)
	at org.nutz.ioc.java.ChainNode.eval(ChainNode.java:24)
	at org.nutz.ioc.java.ChainNode.eval(ChainNode.java:19)
	at org.nutz.ioc.val.JavaValue.get(JavaValue.java:69)
	at org.nutz.ioc.weaver.FieldInjector.inject(FieldInjector.java:32)
	at org.nutz.ioc.weaver.DefaultWeaver.fill(DefaultWeaver.java:56)
	at org.nutz.ioc.impl.ObjectMakerImpl.make(ObjectMakerImpl.java:136)
	at org.nutz.ioc.impl.NutIoc.get(NutIoc.java:210)
	at org.nutz.ioc.val.ReferValue.get(ReferValue.java:24)
	at org.nutz.ioc.impl.ObjectMakerImpl.make(ObjectMakerImpl.java:62)
	at org.nutz.ioc.impl.NutIoc.get(NutIoc.java:210)
	at org.nutz.ioc.impl.NutIoc.get(NutIoc.java:239)
	at org.nutz.dao.test.DaoCase.setUp(DaoCase.java:22)
	at sun.reflect.GeneratedMethodAccessor23.invoke(Unknown Source)
	at sun.reflect.DelegatingMethodAccessorImpl.invoke(DelegatingMethodAccessorImpl.java:43)
	at java.lang.reflect.Method.invoke(Method.java:498)
	at org.junit.runners.model.FrameworkMethod$1.runReflectiveCall(FrameworkMethod.java:44)
	at org.junit.internal.runners.model.ReflectiveCallable.run(ReflectiveCallable.java:15)
	at org.junit.runners.model.FrameworkMethod.invokeExplosively(FrameworkMethod.java:41)
	at org.junit.internal.runners.statements.RunBefores.evaluate(RunBefores.java:27)
	at org.junit.internal.runners.statements.RunAfters.evaluate(RunAfters.java:31)
	at org.junit.runners.BlockJUnit4ClassRunner.runNotIgnored(BlockJUnit4ClassRunner.java:79)
	at org.junit.runners.BlockJUnit4ClassRunner.runChild(BlockJUnit4ClassRunner.java:71)
	at org.junit.runners.BlockJUnit4ClassRunner.runChild(BlockJUnit4ClassRunner.java:49)
	at org.junit.runners.ParentRunner$3.run(ParentRunner.java:193)
	at org.junit.runners.ParentRunner$1.schedule(ParentRunner.java:52)
	at org.junit.runners.ParentRunner.runChildren(ParentRunner.java:191)
	at org.junit.runners.ParentRunner.access$000(ParentRunner.java:42)
	at org.junit.runners.ParentRunner$2.evaluate(ParentRunner.java:184)
	at org.junit.runners.ParentRunner.run(ParentRunner.java:236)
	at org.apache.maven.surefire.junit4.JUnit4Provider.execute(JUnit4Provider.java:283)
	at org.apache.maven.surefire.junit4.JUnit4Provider.executeWithRerun(JUnit4Provider.java:173)
	at org.apache.maven.surefire.junit4.JUnit4Provider.executeTestSet(JUnit4Provider.java:153)
	at org.apache.maven.surefire.junit4.JUnit4Provider.invoke(JUnit4Provider.java:128)
	at org.apache.maven.surefire.booter.ForkedBooter.invokeProviderInSameClassLoader(ForkedBooter.java:203)
	at org.apache.maven.surefire.booter.ForkedBooter.runSuitesInProcess(ForkedBooter.java:155)
	at org.apache.maven.surefire.booter.ForkedBooter.main(ForkedBooter.java:103)
Caused by: java.lang.RuntimeException: folder or file like '^.+[.]properties$' no found in nutz-test.properties
	at org.nutz.lang.Lang.makeThrow(Lang.java:151)
	at org.nutz.resource.Scans.loadResource(Scans.java:112)
	at org.nutz.ioc.impl.PropertiesProxy.getResources(PropertiesProxy.java:153)
	at org.nutz.ioc.impl.PropertiesProxy.setPaths(PropertiesProxy.java:109)
	at org.nutz.ioc.impl.PropertiesProxy$FM$setPaths$d0275b2b871e237a38f11859247d1599.invoke(PropertiesProxy.java)
	at org.nutz.lang.inject.InjectBySetter.inject(InjectBySetter.java:51)
	at org.nutz.ioc.weaver.FieldInjector.inject(FieldInjector.java:33)
	at org.nutz.ioc.weaver.DefaultWeaver.fill(DefaultWeaver.java:56)
	at org.nutz.ioc.impl.ObjectMakerImpl.make(ObjectMakerImpl.java:136)
	at org.nutz.ioc.impl.NutIoc.get(NutIoc.java:210)
	at org.nutz.ioc.impl.NutIoc.get(NutIoc.java:239)
	at org.nutz.ioc.java.IocObjectNode.getValue(IocObjectNode.java:19)
	at org.nutz.ioc.java.ChainNode.eval(ChainNode.java:24)
	at org.nutz.ioc.java.ChainNode.eval(ChainNode.java:19)
	at org.nutz.ioc.val.JavaValue.get(JavaValue.java:69)
	at org.nutz.ioc.weaver.FieldInjector.inject(FieldInjector.java:32)
	at org.nutz.ioc.weaver.DefaultWeaver.fill(DefaultWeaver.java:56)
	at org.nutz.ioc.impl.ObjectMakerImpl.make(ObjectMakerImpl.java:136)
	at org.nutz.ioc.impl.NutIoc.get(NutIoc.java:210)
	at org.nutz.ioc.val.ReferValue.get(ReferValue.java:24)
	at org.nutz.ioc.impl.ObjectMakerImpl.make(ObjectMakerImpl.java:62)
	at org.nutz.ioc.impl.NutIoc.get(NutIoc.java:210)
	at org.nutz.ioc.impl.NutIoc.get(NutIoc.java:239)
	at org.nutz.dao.test.DaoCase.setUp(DaoCase.java:22)
	at sun.reflect.GeneratedMethodAccessor23.invoke(Unknown Source)
	at sun.reflect.DelegatingMethodAccessorImpl.invoke(DelegatingMethodAccessorImpl.java:43)
	at java.lang.reflect.Method.invoke(Method.java:498)
	at org.junit.runners.model.FrameworkMethod$1.runReflectiveCall(FrameworkMethod.java:44)
	at org.junit.internal.runners.model.ReflectiveCallable.run(ReflectiveCallable.java:15)
	at org.junit.runners.model.FrameworkMethod.invokeExplosively(FrameworkMethod.java:41)
	at org.junit.internal.runners.statements.RunBefores.evaluate(RunBefores.java:27)
	at org.junit.internal.runners.statements.RunAfters.evaluate(RunAfters.java:31)
	at org.junit.runners.BlockJUnit4ClassRunner.runNotIgnored(BlockJUnit4ClassRunner.java:79)
	at org.junit.runners.BlockJUnit4ClassRunner.runChild(BlockJUnit4ClassRunner.java:71)
	at org.junit.runners.BlockJUnit4ClassRunner.runChild(BlockJUnit4ClassRunner.java:49)
	at org.junit.runners.ParentRunner$3.run(ParentRunner.java:193)
	at org.junit.runners.ParentRunner$1.schedule(ParentRunner.java:52)
	at org.junit.runners.ParentRunner.runChildren(ParentRunner.java:191)
	at org.junit.runners.ParentRunner.access$000(ParentRunner.java:42)
	at org.junit.runners.ParentRunner$2.evaluate(ParentRunner.java:184)
	at org.junit.runners.ParentRunner.run(ParentRunner.java:236)
	at org.apache.maven.surefire.junit4.JUnit4Provider.execute(JUnit4Provider.java:283)
	at org.apache.maven.surefire.junit4.JUnit4Provider.executeWithRerun(JUnit4Provider.java:173)
	at org.apache.maven.surefire.junit4.JUnit4Provider.executeTestSet(JUnit4Provider.java:153)
	at org.apache.maven.surefire.junit4.JUnit4Provider.invoke(JUnit4Provider.java:128)
	at org.apache.maven.surefire.booter.ForkedBooter.invokeProviderInSameClassLoader(ForkedBooter.java:203)
	at org.apache.maven.surefire.booter.ForkedBooter.runSuitesInProcess(ForkedBooter.java:155)
	at org.apache.maven.surefire.booter.ForkedBooter.main(ForkedBooter.java:103)
</error>
  </testcase>
  <testcase name="test_count_by_condition" classname="org.nutz.dao.test.normal.SimpleDaoTest" time="0">
    <error message="IocBean[dao -&gt; dataSource] throw Exception when creating" type="org.nutz.ioc.IocException">org.nutz.ioc.IocException: IocBean[dao -> dataSource] throw Exception when creating
	at org.nutz.ioc.impl.ObjectMakerImpl.make(ObjectMakerImpl.java:150)
	at org.nutz.ioc.impl.NutIoc.get(NutIoc.java:210)
	at org.nutz.ioc.val.ReferValue.get(ReferValue.java:24)
	at org.nutz.ioc.impl.ObjectMakerImpl.make(ObjectMakerImpl.java:62)
	at org.nutz.ioc.impl.NutIoc.get(NutIoc.java:210)
	at org.nutz.ioc.impl.NutIoc.get(NutIoc.java:239)
	at org.nutz.dao.test.DaoCase.setUp(DaoCase.java:22)
	at sun.reflect.GeneratedMethodAccessor23.invoke(Unknown Source)
	at sun.reflect.DelegatingMethodAccessorImpl.invoke(DelegatingMethodAccessorImpl.java:43)
	at java.lang.reflect.Method.invoke(Method.java:498)
	at org.junit.runners.model.FrameworkMethod$1.runReflectiveCall(FrameworkMethod.java:44)
	at org.junit.internal.runners.model.ReflectiveCallable.run(ReflectiveCallable.java:15)
	at org.junit.runners.model.FrameworkMethod.invokeExplosively(FrameworkMethod.java:41)
	at org.junit.internal.runners.statements.RunBefores.evaluate(RunBefores.java:27)
	at org.junit.internal.runners.statements.RunAfters.evaluate(RunAfters.java:31)
	at org.junit.runners.BlockJUnit4ClassRunner.runNotIgnored(BlockJUnit4ClassRunner.java:79)
	at org.junit.runners.BlockJUnit4ClassRunner.runChild(BlockJUnit4ClassRunner.java:71)
	at org.junit.runners.BlockJUnit4ClassRunner.runChild(BlockJUnit4ClassRunner.java:49)
	at org.junit.runners.ParentRunner$3.run(ParentRunner.java:193)
	at org.junit.runners.ParentRunner$1.schedule(ParentRunner.java:52)
	at org.junit.runners.ParentRunner.runChildren(ParentRunner.java:191)
	at org.junit.runners.ParentRunner.access$000(ParentRunner.java:42)
	at org.junit.runners.ParentRunner$2.evaluate(ParentRunner.java:184)
	at org.junit.runners.ParentRunner.run(ParentRunner.java:236)
	at org.apache.maven.surefire.junit4.JUnit4Provider.execute(JUnit4Provider.java:283)
	at org.apache.maven.surefire.junit4.JUnit4Provider.executeWithRerun(JUnit4Provider.java:173)
	at org.apache.maven.surefire.junit4.JUnit4Provider.executeTestSet(JUnit4Provider.java:153)
	at org.apache.maven.surefire.junit4.JUnit4Provider.invoke(JUnit4Provider.java:128)
	at org.apache.maven.surefire.booter.ForkedBooter.invokeProviderInSameClassLoader(ForkedBooter.java:203)
	at org.apache.maven.surefire.booter.ForkedBooter.runSuitesInProcess(ForkedBooter.java:155)
	at org.apache.maven.surefire.booter.ForkedBooter.main(ForkedBooter.java:103)
Caused by: java.lang.RuntimeException: IocBean[dataSource] fail at field=[driverClassName]
	at org.nutz.ioc.weaver.FieldInjector.inject(FieldInjector.java:40)
	at org.nutz.ioc.weaver.DefaultWeaver.fill(DefaultWeaver.java:56)
	at org.nutz.ioc.impl.ObjectMakerImpl.make(ObjectMakerImpl.java:136)
	at org.nutz.ioc.impl.NutIoc.get(NutIoc.java:210)
	at org.nutz.ioc.val.ReferValue.get(ReferValue.java:24)
	at org.nutz.ioc.impl.ObjectMakerImpl.make(ObjectMakerImpl.java:62)
	at org.nutz.ioc.impl.NutIoc.get(NutIoc.java:210)
	at org.nutz.ioc.impl.NutIoc.get(NutIoc.java:239)
	at org.nutz.dao.test.DaoCase.setUp(DaoCase.java:22)
	at sun.reflect.GeneratedMethodAccessor23.invoke(Unknown Source)
	at sun.reflect.DelegatingMethodAccessorImpl.invoke(DelegatingMethodAccessorImpl.java:43)
	at java.lang.reflect.Method.invoke(Method.java:498)
	at org.junit.runners.model.FrameworkMethod$1.runReflectiveCall(FrameworkMethod.java:44)
	at org.junit.internal.runners.model.ReflectiveCallable.run(ReflectiveCallable.java:15)
	at org.junit.runners.model.FrameworkMethod.invokeExplosively(FrameworkMethod.java:41)
	at org.junit.internal.runners.statements.RunBefores.evaluate(RunBefores.java:27)
	at org.junit.internal.runners.statements.RunAfters.evaluate(RunAfters.java:31)
	at org.junit.runners.BlockJUnit4ClassRunner.runNotIgnored(BlockJUnit4ClassRunner.java:79)
	at org.junit.runners.BlockJUnit4ClassRunner.runChild(BlockJUnit4ClassRunner.java:71)
	at org.junit.runners.BlockJUnit4ClassRunner.runChild(BlockJUnit4ClassRunner.java:49)
	at org.junit.runners.ParentRunner$3.run(ParentRunner.java:193)
	at org.junit.runners.ParentRunner$1.schedule(ParentRunner.java:52)
	at org.junit.runners.ParentRunner.runChildren(ParentRunner.java:191)
	at org.junit.runners.ParentRunner.access$000(ParentRunner.java:42)
	at org.junit.runners.ParentRunner$2.evaluate(ParentRunner.java:184)
	at org.junit.runners.ParentRunner.run(ParentRunner.java:236)
	at org.apache.maven.surefire.junit4.JUnit4Provider.execute(JUnit4Provider.java:283)
	at org.apache.maven.surefire.junit4.JUnit4Provider.executeWithRerun(JUnit4Provider.java:173)
	at org.apache.maven.surefire.junit4.JUnit4Provider.executeTestSet(JUnit4Provider.java:153)
	at org.apache.maven.surefire.junit4.JUnit4Provider.invoke(JUnit4Provider.java:128)
	at org.apache.maven.surefire.booter.ForkedBooter.invokeProviderInSameClassLoader(ForkedBooter.java:203)
	at org.apache.maven.surefire.booter.ForkedBooter.runSuitesInProcess(ForkedBooter.java:155)
	at org.apache.maven.surefire.booter.ForkedBooter.main(ForkedBooter.java:103)
Caused by: org.nutz.ioc.IocException: IocBean[config] throw Exception when creating
	at org.nutz.ioc.impl.ObjectMakerImpl.make(ObjectMakerImpl.java:150)
	at org.nutz.ioc.impl.NutIoc.get(NutIoc.java:210)
	at org.nutz.ioc.impl.NutIoc.get(NutIoc.java:239)
	at org.nutz.ioc.java.IocObjectNode.getValue(IocObjectNode.java:19)
	at org.nutz.ioc.java.ChainNode.eval(ChainNode.java:24)
	at org.nutz.ioc.java.ChainNode.eval(ChainNode.java:19)
	at org.nutz.ioc.val.JavaValue.get(JavaValue.java:69)
	at org.nutz.ioc.weaver.FieldInjector.inject(FieldInjector.java:32)
	at org.nutz.ioc.weaver.DefaultWeaver.fill(DefaultWeaver.java:56)
	at org.nutz.ioc.impl.ObjectMakerImpl.make(ObjectMakerImpl.java:136)
	at org.nutz.ioc.impl.NutIoc.get(NutIoc.java:210)
	at org.nutz.ioc.val.ReferValue.get(ReferValue.java:24)
	at org.nutz.ioc.impl.ObjectMakerImpl.make(ObjectMakerImpl.java:62)
	at org.nutz.ioc.impl.NutIoc.get(NutIoc.java:210)
	at org.nutz.ioc.impl.NutIoc.get(NutIoc.java:239)
	at org.nutz.dao.test.DaoCase.setUp(DaoCase.java:22)
	at sun.reflect.GeneratedMethodAccessor23.invoke(Unknown Source)
	at sun.reflect.DelegatingMethodAccessorImpl.invoke(DelegatingMethodAccessorImpl.java:43)
	at java.lang.reflect.Method.invoke(Method.java:498)
	at org.junit.runners.model.FrameworkMethod$1.runReflectiveCall(FrameworkMethod.java:44)
	at org.junit.internal.runners.model.ReflectiveCallable.run(ReflectiveCallable.java:15)
	at org.junit.runners.model.FrameworkMethod.invokeExplosively(FrameworkMethod.java:41)
	at org.junit.internal.runners.statements.RunBefores.evaluate(RunBefores.java:27)
	at org.junit.internal.runners.statements.RunAfters.evaluate(RunAfters.java:31)
	at org.junit.runners.BlockJUnit4ClassRunner.runNotIgnored(BlockJUnit4ClassRunner.java:79)
	at org.junit.runners.BlockJUnit4ClassRunner.runChild(BlockJUnit4ClassRunner.java:71)
	at org.junit.runners.BlockJUnit4ClassRunner.runChild(BlockJUnit4ClassRunner.java:49)
	at org.junit.runners.ParentRunner$3.run(ParentRunner.java:193)
	at org.junit.runners.ParentRunner$1.schedule(ParentRunner.java:52)
	at org.junit.runners.ParentRunner.runChildren(ParentRunner.java:191)
	at org.junit.runners.ParentRunner.access$000(ParentRunner.java:42)
	at org.junit.runners.ParentRunner$2.evaluate(ParentRunner.java:184)
	at org.junit.runners.ParentRunner.run(ParentRunner.java:236)
	at org.apache.maven.surefire.junit4.JUnit4Provider.execute(JUnit4Provider.java:283)
	at org.apache.maven.surefire.junit4.JUnit4Provider.executeWithRerun(JUnit4Provider.java:173)
	at org.apache.maven.surefire.junit4.JUnit4Provider.executeTestSet(JUnit4Provider.java:153)
	at org.apache.maven.surefire.junit4.JUnit4Provider.invoke(JUnit4Provider.java:128)
	at org.apache.maven.surefire.booter.ForkedBooter.invokeProviderInSameClassLoader(ForkedBooter.java:203)
	at org.apache.maven.surefire.booter.ForkedBooter.runSuitesInProcess(ForkedBooter.java:155)
	at org.apache.maven.surefire.booter.ForkedBooter.main(ForkedBooter.java:103)
Caused by: java.lang.RuntimeException: IocBean[config] fail at field=[paths]
	at org.nutz.ioc.weaver.FieldInjector.inject(FieldInjector.java:40)
	at org.nutz.ioc.weaver.DefaultWeaver.fill(DefaultWeaver.java:56)
	at org.nutz.ioc.impl.ObjectMakerImpl.make(ObjectMakerImpl.java:136)
	at org.nutz.ioc.impl.NutIoc.get(NutIoc.java:210)
	at org.nutz.ioc.impl.NutIoc.get(NutIoc.java:239)
	at org.nutz.ioc.java.IocObjectNode.getValue(IocObjectNode.java:19)
	at org.nutz.ioc.java.ChainNode.eval(ChainNode.java:24)
	at org.nutz.ioc.java.ChainNode.eval(ChainNode.java:19)
	at org.nutz.ioc.val.JavaValue.get(JavaValue.java:69)
	at org.nutz.ioc.weaver.FieldInjector.inject(FieldInjector.java:32)
	at org.nutz.ioc.weaver.DefaultWeaver.fill(DefaultWeaver.java:56)
	at org.nutz.ioc.impl.ObjectMakerImpl.make(ObjectMakerImpl.java:136)
	at org.nutz.ioc.impl.NutIoc.get(NutIoc.java:210)
	at org.nutz.ioc.val.ReferValue.get(ReferValue.java:24)
	at org.nutz.ioc.impl.ObjectMakerImpl.make(ObjectMakerImpl.java:62)
	at org.nutz.ioc.impl.NutIoc.get(NutIoc.java:210)
	at org.nutz.ioc.impl.NutIoc.get(NutIoc.java:239)
	at org.nutz.dao.test.DaoCase.setUp(DaoCase.java:22)
	at sun.reflect.GeneratedMethodAccessor23.invoke(Unknown Source)
	at sun.reflect.DelegatingMethodAccessorImpl.invoke(DelegatingMethodAccessorImpl.java:43)
	at java.lang.reflect.Method.invoke(Method.java:498)
	at org.junit.runners.model.FrameworkMethod$1.runReflectiveCall(FrameworkMethod.java:44)
	at org.junit.internal.runners.model.ReflectiveCallable.run(ReflectiveCallable.java:15)
	at org.junit.runners.model.FrameworkMethod.invokeExplosively(FrameworkMethod.java:41)
	at org.junit.internal.runners.statements.RunBefores.evaluate(RunBefores.java:27)
	at org.junit.internal.runners.statements.RunAfters.evaluate(RunAfters.java:31)
	at org.junit.runners.BlockJUnit4ClassRunner.runNotIgnored(BlockJUnit4ClassRunner.java:79)
	at org.junit.runners.BlockJUnit4ClassRunner.runChild(BlockJUnit4ClassRunner.java:71)
	at org.junit.runners.BlockJUnit4ClassRunner.runChild(BlockJUnit4ClassRunner.java:49)
	at org.junit.runners.ParentRunner$3.run(ParentRunner.java:193)
	at org.junit.runners.ParentRunner$1.schedule(ParentRunner.java:52)
	at org.junit.runners.ParentRunner.runChildren(ParentRunner.java:191)
	at org.junit.runners.ParentRunner.access$000(ParentRunner.java:42)
	at org.junit.runners.ParentRunner$2.evaluate(ParentRunner.java:184)
	at org.junit.runners.ParentRunner.run(ParentRunner.java:236)
	at org.apache.maven.surefire.junit4.JUnit4Provider.execute(JUnit4Provider.java:283)
	at org.apache.maven.surefire.junit4.JUnit4Provider.executeWithRerun(JUnit4Provider.java:173)
	at org.apache.maven.surefire.junit4.JUnit4Provider.executeTestSet(JUnit4Provider.java:153)
	at org.apache.maven.surefire.junit4.JUnit4Provider.invoke(JUnit4Provider.java:128)
	at org.apache.maven.surefire.booter.ForkedBooter.invokeProviderInSameClassLoader(ForkedBooter.java:203)
	at org.apache.maven.surefire.booter.ForkedBooter.runSuitesInProcess(ForkedBooter.java:155)
	at org.apache.maven.surefire.booter.ForkedBooter.main(ForkedBooter.java:103)
Caused by: java.lang.RuntimeException: Fail to set '[nutz-test.properties]'[ [Ljava.lang.String;@131a7516 ] by setter org.nutz.ioc.impl.PropertiesProxy.'setPaths()' because [java.lang.RuntimeException: folder or file like '^.+[.]properties$' no found in nutz-test.properties]: folder or file like '^.+[.]properties$' no found in nutz-test.properties
	at org.nutz.lang.Lang.wrapThrow(Lang.java:167)
	at org.nutz.lang.inject.InjectBySetter.inject(InjectBySetter.java:62)
	at org.nutz.ioc.weaver.FieldInjector.inject(FieldInjector.java:33)
	at org.nutz.ioc.weaver.DefaultWeaver.fill(DefaultWeaver.java:56)
	at org.nutz.ioc.impl.ObjectMakerImpl.make(ObjectMakerImpl.java:136)
	at org.nutz.ioc.impl.NutIoc.get(NutIoc.java:210)
	at org.nutz.ioc.impl.NutIoc.get(NutIoc.java:239)
	at org.nutz.ioc.java.IocObjectNode.getValue(IocObjectNode.java:19)
	at org.nutz.ioc.java.ChainNode.eval(ChainNode.java:24)
	at org.nutz.ioc.java.ChainNode.eval(ChainNode.java:19)
	at org.nutz.ioc.val.JavaValue.get(JavaValue.java:69)
	at org.nutz.ioc.weaver.FieldInjector.inject(FieldInjector.java:32)
	at org.nutz.ioc.weaver.DefaultWeaver.fill(DefaultWeaver.java:56)
	at org.nutz.ioc.impl.ObjectMakerImpl.make(ObjectMakerImpl.java:136)
	at org.nutz.ioc.impl.NutIoc.get(NutIoc.java:210)
	at org.nutz.ioc.val.ReferValue.get(ReferValue.java:24)
	at org.nutz.ioc.impl.ObjectMakerImpl.make(ObjectMakerImpl.java:62)
	at org.nutz.ioc.impl.NutIoc.get(NutIoc.java:210)
	at org.nutz.ioc.impl.NutIoc.get(NutIoc.java:239)
	at org.nutz.dao.test.DaoCase.setUp(DaoCase.java:22)
	at sun.reflect.GeneratedMethodAccessor23.invoke(Unknown Source)
	at sun.reflect.DelegatingMethodAccessorImpl.invoke(DelegatingMethodAccessorImpl.java:43)
	at java.lang.reflect.Method.invoke(Method.java:498)
	at org.junit.runners.model.FrameworkMethod$1.runReflectiveCall(FrameworkMethod.java:44)
	at org.junit.internal.runners.model.ReflectiveCallable.run(ReflectiveCallable.java:15)
	at org.junit.runners.model.FrameworkMethod.invokeExplosively(FrameworkMethod.java:41)
	at org.junit.internal.runners.statements.RunBefores.evaluate(RunBefores.java:27)
	at org.junit.internal.runners.statements.RunAfters.evaluate(RunAfters.java:31)
	at org.junit.runners.BlockJUnit4ClassRunner.runNotIgnored(BlockJUnit4ClassRunner.java:79)
	at org.junit.runners.BlockJUnit4ClassRunner.runChild(BlockJUnit4ClassRunner.java:71)
	at org.junit.runners.BlockJUnit4ClassRunner.runChild(BlockJUnit4ClassRunner.java:49)
	at org.junit.runners.ParentRunner$3.run(ParentRunner.java:193)
	at org.junit.runners.ParentRunner$1.schedule(ParentRunner.java:52)
	at org.junit.runners.ParentRunner.runChildren(ParentRunner.java:191)
	at org.junit.runners.ParentRunner.access$000(ParentRunner.java:42)
	at org.junit.runners.ParentRunner$2.evaluate(ParentRunner.java:184)
	at org.junit.runners.ParentRunner.run(ParentRunner.java:236)
	at org.apache.maven.surefire.junit4.JUnit4Provider.execute(JUnit4Provider.java:283)
	at org.apache.maven.surefire.junit4.JUnit4Provider.executeWithRerun(JUnit4Provider.java:173)
	at org.apache.maven.surefire.junit4.JUnit4Provider.executeTestSet(JUnit4Provider.java:153)
	at org.apache.maven.surefire.junit4.JUnit4Provider.invoke(JUnit4Provider.java:128)
	at org.apache.maven.surefire.booter.ForkedBooter.invokeProviderInSameClassLoader(ForkedBooter.java:203)
	at org.apache.maven.surefire.booter.ForkedBooter.runSuitesInProcess(ForkedBooter.java:155)
	at org.apache.maven.surefire.booter.ForkedBooter.main(ForkedBooter.java:103)
Caused by: java.lang.RuntimeException: folder or file like '^.+[.]properties$' no found in nutz-test.properties
	at org.nutz.lang.Lang.makeThrow(Lang.java:151)
	at org.nutz.resource.Scans.loadResource(Scans.java:112)
	at org.nutz.ioc.impl.PropertiesProxy.getResources(PropertiesProxy.java:153)
	at org.nutz.ioc.impl.PropertiesProxy.setPaths(PropertiesProxy.java:109)
	at org.nutz.ioc.impl.PropertiesProxy$FM$setPaths$d0275b2b871e237a38f11859247d1599.invoke(PropertiesProxy.java)
	at org.nutz.lang.inject.InjectBySetter.inject(InjectBySetter.java:51)
	at org.nutz.ioc.weaver.FieldInjector.inject(FieldInjector.java:33)
	at org.nutz.ioc.weaver.DefaultWeaver.fill(DefaultWeaver.java:56)
	at org.nutz.ioc.impl.ObjectMakerImpl.make(ObjectMakerImpl.java:136)
	at org.nutz.ioc.impl.NutIoc.get(NutIoc.java:210)
	at org.nutz.ioc.impl.NutIoc.get(NutIoc.java:239)
	at org.nutz.ioc.java.IocObjectNode.getValue(IocObjectNode.java:19)
	at org.nutz.ioc.java.ChainNode.eval(ChainNode.java:24)
	at org.nutz.ioc.java.ChainNode.eval(ChainNode.java:19)
	at org.nutz.ioc.val.JavaValue.get(JavaValue.java:69)
	at org.nutz.ioc.weaver.FieldInjector.inject(FieldInjector.java:32)
	at org.nutz.ioc.weaver.DefaultWeaver.fill(DefaultWeaver.java:56)
	at org.nutz.ioc.impl.ObjectMakerImpl.make(ObjectMakerImpl.java:136)
	at org.nutz.ioc.impl.NutIoc.get(NutIoc.java:210)
	at org.nutz.ioc.val.ReferValue.get(ReferValue.java:24)
	at org.nutz.ioc.impl.ObjectMakerImpl.make(ObjectMakerImpl.java:62)
	at org.nutz.ioc.impl.NutIoc.get(NutIoc.java:210)
	at org.nutz.ioc.impl.NutIoc.get(NutIoc.java:239)
	at org.nutz.dao.test.DaoCase.setUp(DaoCase.java:22)
	at sun.reflect.GeneratedMethodAccessor23.invoke(Unknown Source)
	at sun.reflect.DelegatingMethodAccessorImpl.invoke(DelegatingMethodAccessorImpl.java:43)
	at java.lang.reflect.Method.invoke(Method.java:498)
	at org.junit.runners.model.FrameworkMethod$1.runReflectiveCall(FrameworkMethod.java:44)
	at org.junit.internal.runners.model.ReflectiveCallable.run(ReflectiveCallable.java:15)
	at org.junit.runners.model.FrameworkMethod.invokeExplosively(FrameworkMethod.java:41)
	at org.junit.internal.runners.statements.RunBefores.evaluate(RunBefores.java:27)
	at org.junit.internal.runners.statements.RunAfters.evaluate(RunAfters.java:31)
	at org.junit.runners.BlockJUnit4ClassRunner.runNotIgnored(BlockJUnit4ClassRunner.java:79)
	at org.junit.runners.BlockJUnit4ClassRunner.runChild(BlockJUnit4ClassRunner.java:71)
	at org.junit.runners.BlockJUnit4ClassRunner.runChild(BlockJUnit4ClassRunner.java:49)
	at org.junit.runners.ParentRunner$3.run(ParentRunner.java:193)
	at org.junit.runners.ParentRunner$1.schedule(ParentRunner.java:52)
	at org.junit.runners.ParentRunner.runChildren(ParentRunner.java:191)
	at org.junit.runners.ParentRunner.access$000(ParentRunner.java:42)
	at org.junit.runners.ParentRunner$2.evaluate(ParentRunner.java:184)
	at org.junit.runners.ParentRunner.run(ParentRunner.java:236)
	at org.apache.maven.surefire.junit4.JUnit4Provider.execute(JUnit4Provider.java:283)
	at org.apache.maven.surefire.junit4.JUnit4Provider.executeWithRerun(JUnit4Provider.java:173)
	at org.apache.maven.surefire.junit4.JUnit4Provider.executeTestSet(JUnit4Provider.java:153)
	at org.apache.maven.surefire.junit4.JUnit4Provider.invoke(JUnit4Provider.java:128)
	at org.apache.maven.surefire.booter.ForkedBooter.invokeProviderInSameClassLoader(ForkedBooter.java:203)
	at org.apache.maven.surefire.booter.ForkedBooter.runSuitesInProcess(ForkedBooter.java:155)
	at org.apache.maven.surefire.booter.ForkedBooter.main(ForkedBooter.java:103)
</error>
  </testcase>
  <testcase name="run_2_sqls_with_error" classname="org.nutz.dao.test.normal.SimpleDaoTest" time="0">
    <error message="IocBean[dao -&gt; dataSource] throw Exception when creating" type="org.nutz.ioc.IocException">org.nutz.ioc.IocException: IocBean[dao -> dataSource] throw Exception when creating
	at org.nutz.ioc.impl.ObjectMakerImpl.make(ObjectMakerImpl.java:150)
	at org.nutz.ioc.impl.NutIoc.get(NutIoc.java:210)
	at org.nutz.ioc.val.ReferValue.get(ReferValue.java:24)
	at org.nutz.ioc.impl.ObjectMakerImpl.make(ObjectMakerImpl.java:62)
	at org.nutz.ioc.impl.NutIoc.get(NutIoc.java:210)
	at org.nutz.ioc.impl.NutIoc.get(NutIoc.java:239)
	at org.nutz.dao.test.DaoCase.setUp(DaoCase.java:22)
	at sun.reflect.GeneratedMethodAccessor23.invoke(Unknown Source)
	at sun.reflect.DelegatingMethodAccessorImpl.invoke(DelegatingMethodAccessorImpl.java:43)
	at java.lang.reflect.Method.invoke(Method.java:498)
	at org.junit.runners.model.FrameworkMethod$1.runReflectiveCall(FrameworkMethod.java:44)
	at org.junit.internal.runners.model.ReflectiveCallable.run(ReflectiveCallable.java:15)
	at org.junit.runners.model.FrameworkMethod.invokeExplosively(FrameworkMethod.java:41)
	at org.junit.internal.runners.statements.RunBefores.evaluate(RunBefores.java:27)
	at org.junit.internal.runners.statements.RunAfters.evaluate(RunAfters.java:31)
	at org.junit.runners.BlockJUnit4ClassRunner.runNotIgnored(BlockJUnit4ClassRunner.java:79)
	at org.junit.runners.BlockJUnit4ClassRunner.runChild(BlockJUnit4ClassRunner.java:71)
	at org.junit.runners.BlockJUnit4ClassRunner.runChild(BlockJUnit4ClassRunner.java:49)
	at org.junit.runners.ParentRunner$3.run(ParentRunner.java:193)
	at org.junit.runners.ParentRunner$1.schedule(ParentRunner.java:52)
	at org.junit.runners.ParentRunner.runChildren(ParentRunner.java:191)
	at org.junit.runners.ParentRunner.access$000(ParentRunner.java:42)
	at org.junit.runners.ParentRunner$2.evaluate(ParentRunner.java:184)
	at org.junit.runners.ParentRunner.run(ParentRunner.java:236)
	at org.apache.maven.surefire.junit4.JUnit4Provider.execute(JUnit4Provider.java:283)
	at org.apache.maven.surefire.junit4.JUnit4Provider.executeWithRerun(JUnit4Provider.java:173)
	at org.apache.maven.surefire.junit4.JUnit4Provider.executeTestSet(JUnit4Provider.java:153)
	at org.apache.maven.surefire.junit4.JUnit4Provider.invoke(JUnit4Provider.java:128)
	at org.apache.maven.surefire.booter.ForkedBooter.invokeProviderInSameClassLoader(ForkedBooter.java:203)
	at org.apache.maven.surefire.booter.ForkedBooter.runSuitesInProcess(ForkedBooter.java:155)
	at org.apache.maven.surefire.booter.ForkedBooter.main(ForkedBooter.java:103)
Caused by: java.lang.RuntimeException: IocBean[dataSource] fail at field=[driverClassName]
	at org.nutz.ioc.weaver.FieldInjector.inject(FieldInjector.java:40)
	at org.nutz.ioc.weaver.DefaultWeaver.fill(DefaultWeaver.java:56)
	at org.nutz.ioc.impl.ObjectMakerImpl.make(ObjectMakerImpl.java:136)
	at org.nutz.ioc.impl.NutIoc.get(NutIoc.java:210)
	at org.nutz.ioc.val.ReferValue.get(ReferValue.java:24)
	at org.nutz.ioc.impl.ObjectMakerImpl.make(ObjectMakerImpl.java:62)
	at org.nutz.ioc.impl.NutIoc.get(NutIoc.java:210)
	at org.nutz.ioc.impl.NutIoc.get(NutIoc.java:239)
	at org.nutz.dao.test.DaoCase.setUp(DaoCase.java:22)
	at sun.reflect.GeneratedMethodAccessor23.invoke(Unknown Source)
	at sun.reflect.DelegatingMethodAccessorImpl.invoke(DelegatingMethodAccessorImpl.java:43)
	at java.lang.reflect.Method.invoke(Method.java:498)
	at org.junit.runners.model.FrameworkMethod$1.runReflectiveCall(FrameworkMethod.java:44)
	at org.junit.internal.runners.model.ReflectiveCallable.run(ReflectiveCallable.java:15)
	at org.junit.runners.model.FrameworkMethod.invokeExplosively(FrameworkMethod.java:41)
	at org.junit.internal.runners.statements.RunBefores.evaluate(RunBefores.java:27)
	at org.junit.internal.runners.statements.RunAfters.evaluate(RunAfters.java:31)
	at org.junit.runners.BlockJUnit4ClassRunner.runNotIgnored(BlockJUnit4ClassRunner.java:79)
	at org.junit.runners.BlockJUnit4ClassRunner.runChild(BlockJUnit4ClassRunner.java:71)
	at org.junit.runners.BlockJUnit4ClassRunner.runChild(BlockJUnit4ClassRunner.java:49)
	at org.junit.runners.ParentRunner$3.run(ParentRunner.java:193)
	at org.junit.runners.ParentRunner$1.schedule(ParentRunner.java:52)
	at org.junit.runners.ParentRunner.runChildren(ParentRunner.java:191)
	at org.junit.runners.ParentRunner.access$000(ParentRunner.java:42)
	at org.junit.runners.ParentRunner$2.evaluate(ParentRunner.java:184)
	at org.junit.runners.ParentRunner.run(ParentRunner.java:236)
	at org.apache.maven.surefire.junit4.JUnit4Provider.execute(JUnit4Provider.java:283)
	at org.apache.maven.surefire.junit4.JUnit4Provider.executeWithRerun(JUnit4Provider.java:173)
	at org.apache.maven.surefire.junit4.JUnit4Provider.executeTestSet(JUnit4Provider.java:153)
	at org.apache.maven.surefire.junit4.JUnit4Provider.invoke(JUnit4Provider.java:128)
	at org.apache.maven.surefire.booter.ForkedBooter.invokeProviderInSameClassLoader(ForkedBooter.java:203)
	at org.apache.maven.surefire.booter.ForkedBooter.runSuitesInProcess(ForkedBooter.java:155)
	at org.apache.maven.surefire.booter.ForkedBooter.main(ForkedBooter.java:103)
Caused by: org.nutz.ioc.IocException: IocBean[config] throw Exception when creating
	at org.nutz.ioc.impl.ObjectMakerImpl.make(ObjectMakerImpl.java:150)
	at org.nutz.ioc.impl.NutIoc.get(NutIoc.java:210)
	at org.nutz.ioc.impl.NutIoc.get(NutIoc.java:239)
	at org.nutz.ioc.java.IocObjectNode.getValue(IocObjectNode.java:19)
	at org.nutz.ioc.java.ChainNode.eval(ChainNode.java:24)
	at org.nutz.ioc.java.ChainNode.eval(ChainNode.java:19)
	at org.nutz.ioc.val.JavaValue.get(JavaValue.java:69)
	at org.nutz.ioc.weaver.FieldInjector.inject(FieldInjector.java:32)
	at org.nutz.ioc.weaver.DefaultWeaver.fill(DefaultWeaver.java:56)
	at org.nutz.ioc.impl.ObjectMakerImpl.make(ObjectMakerImpl.java:136)
	at org.nutz.ioc.impl.NutIoc.get(NutIoc.java:210)
	at org.nutz.ioc.val.ReferValue.get(ReferValue.java:24)
	at org.nutz.ioc.impl.ObjectMakerImpl.make(ObjectMakerImpl.java:62)
	at org.nutz.ioc.impl.NutIoc.get(NutIoc.java:210)
	at org.nutz.ioc.impl.NutIoc.get(NutIoc.java:239)
	at org.nutz.dao.test.DaoCase.setUp(DaoCase.java:22)
	at sun.reflect.GeneratedMethodAccessor23.invoke(Unknown Source)
	at sun.reflect.DelegatingMethodAccessorImpl.invoke(DelegatingMethodAccessorImpl.java:43)
	at java.lang.reflect.Method.invoke(Method.java:498)
	at org.junit.runners.model.FrameworkMethod$1.runReflectiveCall(FrameworkMethod.java:44)
	at org.junit.internal.runners.model.ReflectiveCallable.run(ReflectiveCallable.java:15)
	at org.junit.runners.model.FrameworkMethod.invokeExplosively(FrameworkMethod.java:41)
	at org.junit.internal.runners.statements.RunBefores.evaluate(RunBefores.java:27)
	at org.junit.internal.runners.statements.RunAfters.evaluate(RunAfters.java:31)
	at org.junit.runners.BlockJUnit4ClassRunner.runNotIgnored(BlockJUnit4ClassRunner.java:79)
	at org.junit.runners.BlockJUnit4ClassRunner.runChild(BlockJUnit4ClassRunner.java:71)
	at org.junit.runners.BlockJUnit4ClassRunner.runChild(BlockJUnit4ClassRunner.java:49)
	at org.junit.runners.ParentRunner$3.run(ParentRunner.java:193)
	at org.junit.runners.ParentRunner$1.schedule(ParentRunner.java:52)
	at org.junit.runners.ParentRunner.runChildren(ParentRunner.java:191)
	at org.junit.runners.ParentRunner.access$000(ParentRunner.java:42)
	at org.junit.runners.ParentRunner$2.evaluate(ParentRunner.java:184)
	at org.junit.runners.ParentRunner.run(ParentRunner.java:236)
	at org.apache.maven.surefire.junit4.JUnit4Provider.execute(JUnit4Provider.java:283)
	at org.apache.maven.surefire.junit4.JUnit4Provider.executeWithRerun(JUnit4Provider.java:173)
	at org.apache.maven.surefire.junit4.JUnit4Provider.executeTestSet(JUnit4Provider.java:153)
	at org.apache.maven.surefire.junit4.JUnit4Provider.invoke(JUnit4Provider.java:128)
	at org.apache.maven.surefire.booter.ForkedBooter.invokeProviderInSameClassLoader(ForkedBooter.java:203)
	at org.apache.maven.surefire.booter.ForkedBooter.runSuitesInProcess(ForkedBooter.java:155)
	at org.apache.maven.surefire.booter.ForkedBooter.main(ForkedBooter.java:103)
Caused by: java.lang.RuntimeException: IocBean[config] fail at field=[paths]
	at org.nutz.ioc.weaver.FieldInjector.inject(FieldInjector.java:40)
	at org.nutz.ioc.weaver.DefaultWeaver.fill(DefaultWeaver.java:56)
	at org.nutz.ioc.impl.ObjectMakerImpl.make(ObjectMakerImpl.java:136)
	at org.nutz.ioc.impl.NutIoc.get(NutIoc.java:210)
	at org.nutz.ioc.impl.NutIoc.get(NutIoc.java:239)
	at org.nutz.ioc.java.IocObjectNode.getValue(IocObjectNode.java:19)
	at org.nutz.ioc.java.ChainNode.eval(ChainNode.java:24)
	at org.nutz.ioc.java.ChainNode.eval(ChainNode.java:19)
	at org.nutz.ioc.val.JavaValue.get(JavaValue.java:69)
	at org.nutz.ioc.weaver.FieldInjector.inject(FieldInjector.java:32)
	at org.nutz.ioc.weaver.DefaultWeaver.fill(DefaultWeaver.java:56)
	at org.nutz.ioc.impl.ObjectMakerImpl.make(ObjectMakerImpl.java:136)
	at org.nutz.ioc.impl.NutIoc.get(NutIoc.java:210)
	at org.nutz.ioc.val.ReferValue.get(ReferValue.java:24)
	at org.nutz.ioc.impl.ObjectMakerImpl.make(ObjectMakerImpl.java:62)
	at org.nutz.ioc.impl.NutIoc.get(NutIoc.java:210)
	at org.nutz.ioc.impl.NutIoc.get(NutIoc.java:239)
	at org.nutz.dao.test.DaoCase.setUp(DaoCase.java:22)
	at sun.reflect.GeneratedMethodAccessor23.invoke(Unknown Source)
	at sun.reflect.DelegatingMethodAccessorImpl.invoke(DelegatingMethodAccessorImpl.java:43)
	at java.lang.reflect.Method.invoke(Method.java:498)
	at org.junit.runners.model.FrameworkMethod$1.runReflectiveCall(FrameworkMethod.java:44)
	at org.junit.internal.runners.model.ReflectiveCallable.run(ReflectiveCallable.java:15)
	at org.junit.runners.model.FrameworkMethod.invokeExplosively(FrameworkMethod.java:41)
	at org.junit.internal.runners.statements.RunBefores.evaluate(RunBefores.java:27)
	at org.junit.internal.runners.statements.RunAfters.evaluate(RunAfters.java:31)
	at org.junit.runners.BlockJUnit4ClassRunner.runNotIgnored(BlockJUnit4ClassRunner.java:79)
	at org.junit.runners.BlockJUnit4ClassRunner.runChild(BlockJUnit4ClassRunner.java:71)
	at org.junit.runners.BlockJUnit4ClassRunner.runChild(BlockJUnit4ClassRunner.java:49)
	at org.junit.runners.ParentRunner$3.run(ParentRunner.java:193)
	at org.junit.runners.ParentRunner$1.schedule(ParentRunner.java:52)
	at org.junit.runners.ParentRunner.runChildren(ParentRunner.java:191)
	at org.junit.runners.ParentRunner.access$000(ParentRunner.java:42)
	at org.junit.runners.ParentRunner$2.evaluate(ParentRunner.java:184)
	at org.junit.runners.ParentRunner.run(ParentRunner.java:236)
	at org.apache.maven.surefire.junit4.JUnit4Provider.execute(JUnit4Provider.java:283)
	at org.apache.maven.surefire.junit4.JUnit4Provider.executeWithRerun(JUnit4Provider.java:173)
	at org.apache.maven.surefire.junit4.JUnit4Provider.executeTestSet(JUnit4Provider.java:153)
	at org.apache.maven.surefire.junit4.JUnit4Provider.invoke(JUnit4Provider.java:128)
	at org.apache.maven.surefire.booter.ForkedBooter.invokeProviderInSameClassLoader(ForkedBooter.java:203)
	at org.apache.maven.surefire.booter.ForkedBooter.runSuitesInProcess(ForkedBooter.java:155)
	at org.apache.maven.surefire.booter.ForkedBooter.main(ForkedBooter.java:103)
Caused by: java.lang.RuntimeException: Fail to set '[nutz-test.properties]'[ [Ljava.lang.String;@5ae15 ] by setter org.nutz.ioc.impl.PropertiesProxy.'setPaths()' because [java.lang.RuntimeException: folder or file like '^.+[.]properties$' no found in nutz-test.properties]: folder or file like '^.+[.]properties$' no found in nutz-test.properties
	at org.nutz.lang.Lang.wrapThrow(Lang.java:167)
	at org.nutz.lang.inject.InjectBySetter.inject(InjectBySetter.java:62)
	at org.nutz.ioc.weaver.FieldInjector.inject(FieldInjector.java:33)
	at org.nutz.ioc.weaver.DefaultWeaver.fill(DefaultWeaver.java:56)
	at org.nutz.ioc.impl.ObjectMakerImpl.make(ObjectMakerImpl.java:136)
	at org.nutz.ioc.impl.NutIoc.get(NutIoc.java:210)
	at org.nutz.ioc.impl.NutIoc.get(NutIoc.java:239)
	at org.nutz.ioc.java.IocObjectNode.getValue(IocObjectNode.java:19)
	at org.nutz.ioc.java.ChainNode.eval(ChainNode.java:24)
	at org.nutz.ioc.java.ChainNode.eval(ChainNode.java:19)
	at org.nutz.ioc.val.JavaValue.get(JavaValue.java:69)
	at org.nutz.ioc.weaver.FieldInjector.inject(FieldInjector.java:32)
	at org.nutz.ioc.weaver.DefaultWeaver.fill(DefaultWeaver.java:56)
	at org.nutz.ioc.impl.ObjectMakerImpl.make(ObjectMakerImpl.java:136)
	at org.nutz.ioc.impl.NutIoc.get(NutIoc.java:210)
	at org.nutz.ioc.val.ReferValue.get(ReferValue.java:24)
	at org.nutz.ioc.impl.ObjectMakerImpl.make(ObjectMakerImpl.java:62)
	at org.nutz.ioc.impl.NutIoc.get(NutIoc.java:210)
	at org.nutz.ioc.impl.NutIoc.get(NutIoc.java:239)
	at org.nutz.dao.test.DaoCase.setUp(DaoCase.java:22)
	at sun.reflect.GeneratedMethodAccessor23.invoke(Unknown Source)
	at sun.reflect.DelegatingMethodAccessorImpl.invoke(DelegatingMethodAccessorImpl.java:43)
	at java.lang.reflect.Method.invoke(Method.java:498)
	at org.junit.runners.model.FrameworkMethod$1.runReflectiveCall(FrameworkMethod.java:44)
	at org.junit.internal.runners.model.ReflectiveCallable.run(ReflectiveCallable.java:15)
	at org.junit.runners.model.FrameworkMethod.invokeExplosively(FrameworkMethod.java:41)
	at org.junit.internal.runners.statements.RunBefores.evaluate(RunBefores.java:27)
	at org.junit.internal.runners.statements.RunAfters.evaluate(RunAfters.java:31)
	at org.junit.runners.BlockJUnit4ClassRunner.runNotIgnored(BlockJUnit4ClassRunner.java:79)
	at org.junit.runners.BlockJUnit4ClassRunner.runChild(BlockJUnit4ClassRunner.java:71)
	at org.junit.runners.BlockJUnit4ClassRunner.runChild(BlockJUnit4ClassRunner.java:49)
	at org.junit.runners.ParentRunner$3.run(ParentRunner.java:193)
	at org.junit.runners.ParentRunner$1.schedule(ParentRunner.java:52)
	at org.junit.runners.ParentRunner.runChildren(ParentRunner.java:191)
	at org.junit.runners.ParentRunner.access$000(ParentRunner.java:42)
	at org.junit.runners.ParentRunner$2.evaluate(ParentRunner.java:184)
	at org.junit.runners.ParentRunner.run(ParentRunner.java:236)
	at org.apache.maven.surefire.junit4.JUnit4Provider.execute(JUnit4Provider.java:283)
	at org.apache.maven.surefire.junit4.JUnit4Provider.executeWithRerun(JUnit4Provider.java:173)
	at org.apache.maven.surefire.junit4.JUnit4Provider.executeTestSet(JUnit4Provider.java:153)
	at org.apache.maven.surefire.junit4.JUnit4Provider.invoke(JUnit4Provider.java:128)
	at org.apache.maven.surefire.booter.ForkedBooter.invokeProviderInSameClassLoader(ForkedBooter.java:203)
	at org.apache.maven.surefire.booter.ForkedBooter.runSuitesInProcess(ForkedBooter.java:155)
	at org.apache.maven.surefire.booter.ForkedBooter.main(ForkedBooter.java:103)
Caused by: java.lang.RuntimeException: folder or file like '^.+[.]properties$' no found in nutz-test.properties
	at org.nutz.lang.Lang.makeThrow(Lang.java:151)
	at org.nutz.resource.Scans.loadResource(Scans.java:112)
	at org.nutz.ioc.impl.PropertiesProxy.getResources(PropertiesProxy.java:153)
	at org.nutz.ioc.impl.PropertiesProxy.setPaths(PropertiesProxy.java:109)
	at org.nutz.ioc.impl.PropertiesProxy$FM$setPaths$d0275b2b871e237a38f11859247d1599.invoke(PropertiesProxy.java)
	at org.nutz.lang.inject.InjectBySetter.inject(InjectBySetter.java:51)
	at org.nutz.ioc.weaver.FieldInjector.inject(FieldInjector.java:33)
	at org.nutz.ioc.weaver.DefaultWeaver.fill(DefaultWeaver.java:56)
	at org.nutz.ioc.impl.ObjectMakerImpl.make(ObjectMakerImpl.java:136)
	at org.nutz.ioc.impl.NutIoc.get(NutIoc.java:210)
	at org.nutz.ioc.impl.NutIoc.get(NutIoc.java:239)
	at org.nutz.ioc.java.IocObjectNode.getValue(IocObjectNode.java:19)
	at org.nutz.ioc.java.ChainNode.eval(ChainNode.java:24)
	at org.nutz.ioc.java.ChainNode.eval(ChainNode.java:19)
	at org.nutz.ioc.val.JavaValue.get(JavaValue.java:69)
	at org.nutz.ioc.weaver.FieldInjector.inject(FieldInjector.java:32)
	at org.nutz.ioc.weaver.DefaultWeaver.fill(DefaultWeaver.java:56)
	at org.nutz.ioc.impl.ObjectMakerImpl.make(ObjectMakerImpl.java:136)
	at org.nutz.ioc.impl.NutIoc.get(NutIoc.java:210)
	at org.nutz.ioc.val.ReferValue.get(ReferValue.java:24)
	at org.nutz.ioc.impl.ObjectMakerImpl.make(ObjectMakerImpl.java:62)
	at org.nutz.ioc.impl.NutIoc.get(NutIoc.java:210)
	at org.nutz.ioc.impl.NutIoc.get(NutIoc.java:239)
	at org.nutz.dao.test.DaoCase.setUp(DaoCase.java:22)
	at sun.reflect.GeneratedMethodAccessor23.invoke(Unknown Source)
	at sun.reflect.DelegatingMethodAccessorImpl.invoke(DelegatingMethodAccessorImpl.java:43)
	at java.lang.reflect.Method.invoke(Method.java:498)
	at org.junit.runners.model.FrameworkMethod$1.runReflectiveCall(FrameworkMethod.java:44)
	at org.junit.internal.runners.model.ReflectiveCallable.run(ReflectiveCallable.java:15)
	at org.junit.runners.model.FrameworkMethod.invokeExplosively(FrameworkMethod.java:41)
	at org.junit.internal.runners.statements.RunBefores.evaluate(RunBefores.java:27)
	at org.junit.internal.runners.statements.RunAfters.evaluate(RunAfters.java:31)
	at org.junit.runners.BlockJUnit4ClassRunner.runNotIgnored(BlockJUnit4ClassRunner.java:79)
	at org.junit.runners.BlockJUnit4ClassRunner.runChild(BlockJUnit4ClassRunner.java:71)
	at org.junit.runners.BlockJUnit4ClassRunner.runChild(BlockJUnit4ClassRunner.java:49)
	at org.junit.runners.ParentRunner$3.run(ParentRunner.java:193)
	at org.junit.runners.ParentRunner$1.schedule(ParentRunner.java:52)
	at org.junit.runners.ParentRunner.runChildren(ParentRunner.java:191)
	at org.junit.runners.ParentRunner.access$000(ParentRunner.java:42)
	at org.junit.runners.ParentRunner$2.evaluate(ParentRunner.java:184)
	at org.junit.runners.ParentRunner.run(ParentRunner.java:236)
	at org.apache.maven.surefire.junit4.JUnit4Provider.execute(JUnit4Provider.java:283)
	at org.apache.maven.surefire.junit4.JUnit4Provider.executeWithRerun(JUnit4Provider.java:173)
	at org.apache.maven.surefire.junit4.JUnit4Provider.executeTestSet(JUnit4Provider.java:153)
	at org.apache.maven.surefire.junit4.JUnit4Provider.invoke(JUnit4Provider.java:128)
	at org.apache.maven.surefire.booter.ForkedBooter.invokeProviderInSameClassLoader(ForkedBooter.java:203)
	at org.apache.maven.surefire.booter.ForkedBooter.runSuitesInProcess(ForkedBooter.java:155)
	at org.apache.maven.surefire.booter.ForkedBooter.main(ForkedBooter.java:103)
</error>
  </testcase>
  <testcase name="test_clear_two_records" classname="org.nutz.dao.test.normal.SimpleDaoTest" time="0">
    <error message="IocBean[dao -&gt; dataSource] throw Exception when creating" type="org.nutz.ioc.IocException">org.nutz.ioc.IocException: IocBean[dao -> dataSource] throw Exception when creating
	at org.nutz.ioc.impl.ObjectMakerImpl.make(ObjectMakerImpl.java:150)
	at org.nutz.ioc.impl.NutIoc.get(NutIoc.java:210)
	at org.nutz.ioc.val.ReferValue.get(ReferValue.java:24)
	at org.nutz.ioc.impl.ObjectMakerImpl.make(ObjectMakerImpl.java:62)
	at org.nutz.ioc.impl.NutIoc.get(NutIoc.java:210)
	at org.nutz.ioc.impl.NutIoc.get(NutIoc.java:239)
	at org.nutz.dao.test.DaoCase.setUp(DaoCase.java:22)
	at sun.reflect.GeneratedMethodAccessor23.invoke(Unknown Source)
	at sun.reflect.DelegatingMethodAccessorImpl.invoke(DelegatingMethodAccessorImpl.java:43)
	at java.lang.reflect.Method.invoke(Method.java:498)
	at org.junit.runners.model.FrameworkMethod$1.runReflectiveCall(FrameworkMethod.java:44)
	at org.junit.internal.runners.model.ReflectiveCallable.run(ReflectiveCallable.java:15)
	at org.junit.runners.model.FrameworkMethod.invokeExplosively(FrameworkMethod.java:41)
	at org.junit.internal.runners.statements.RunBefores.evaluate(RunBefores.java:27)
	at org.junit.internal.runners.statements.RunAfters.evaluate(RunAfters.java:31)
	at org.junit.runners.BlockJUnit4ClassRunner.runNotIgnored(BlockJUnit4ClassRunner.java:79)
	at org.junit.runners.BlockJUnit4ClassRunner.runChild(BlockJUnit4ClassRunner.java:71)
	at org.junit.runners.BlockJUnit4ClassRunner.runChild(BlockJUnit4ClassRunner.java:49)
	at org.junit.runners.ParentRunner$3.run(ParentRunner.java:193)
	at org.junit.runners.ParentRunner$1.schedule(ParentRunner.java:52)
	at org.junit.runners.ParentRunner.runChildren(ParentRunner.java:191)
	at org.junit.runners.ParentRunner.access$000(ParentRunner.java:42)
	at org.junit.runners.ParentRunner$2.evaluate(ParentRunner.java:184)
	at org.junit.runners.ParentRunner.run(ParentRunner.java:236)
	at org.apache.maven.surefire.junit4.JUnit4Provider.execute(JUnit4Provider.java:283)
	at org.apache.maven.surefire.junit4.JUnit4Provider.executeWithRerun(JUnit4Provider.java:173)
	at org.apache.maven.surefire.junit4.JUnit4Provider.executeTestSet(JUnit4Provider.java:153)
	at org.apache.maven.surefire.junit4.JUnit4Provider.invoke(JUnit4Provider.java:128)
	at org.apache.maven.surefire.booter.ForkedBooter.invokeProviderInSameClassLoader(ForkedBooter.java:203)
	at org.apache.maven.surefire.booter.ForkedBooter.runSuitesInProcess(ForkedBooter.java:155)
	at org.apache.maven.surefire.booter.ForkedBooter.main(ForkedBooter.java:103)
Caused by: java.lang.RuntimeException: IocBean[dataSource] fail at field=[driverClassName]
	at org.nutz.ioc.weaver.FieldInjector.inject(FieldInjector.java:40)
	at org.nutz.ioc.weaver.DefaultWeaver.fill(DefaultWeaver.java:56)
	at org.nutz.ioc.impl.ObjectMakerImpl.make(ObjectMakerImpl.java:136)
	at org.nutz.ioc.impl.NutIoc.get(NutIoc.java:210)
	at org.nutz.ioc.val.ReferValue.get(ReferValue.java:24)
	at org.nutz.ioc.impl.ObjectMakerImpl.make(ObjectMakerImpl.java:62)
	at org.nutz.ioc.impl.NutIoc.get(NutIoc.java:210)
	at org.nutz.ioc.impl.NutIoc.get(NutIoc.java:239)
	at org.nutz.dao.test.DaoCase.setUp(DaoCase.java:22)
	at sun.reflect.GeneratedMethodAccessor23.invoke(Unknown Source)
	at sun.reflect.DelegatingMethodAccessorImpl.invoke(DelegatingMethodAccessorImpl.java:43)
	at java.lang.reflect.Method.invoke(Method.java:498)
	at org.junit.runners.model.FrameworkMethod$1.runReflectiveCall(FrameworkMethod.java:44)
	at org.junit.internal.runners.model.ReflectiveCallable.run(ReflectiveCallable.java:15)
	at org.junit.runners.model.FrameworkMethod.invokeExplosively(FrameworkMethod.java:41)
	at org.junit.internal.runners.statements.RunBefores.evaluate(RunBefores.java:27)
	at org.junit.internal.runners.statements.RunAfters.evaluate(RunAfters.java:31)
	at org.junit.runners.BlockJUnit4ClassRunner.runNotIgnored(BlockJUnit4ClassRunner.java:79)
	at org.junit.runners.BlockJUnit4ClassRunner.runChild(BlockJUnit4ClassRunner.java:71)
	at org.junit.runners.BlockJUnit4ClassRunner.runChild(BlockJUnit4ClassRunner.java:49)
	at org.junit.runners.ParentRunner$3.run(ParentRunner.java:193)
	at org.junit.runners.ParentRunner$1.schedule(ParentRunner.java:52)
	at org.junit.runners.ParentRunner.runChildren(ParentRunner.java:191)
	at org.junit.runners.ParentRunner.access$000(ParentRunner.java:42)
	at org.junit.runners.ParentRunner$2.evaluate(ParentRunner.java:184)
	at org.junit.runners.ParentRunner.run(ParentRunner.java:236)
	at org.apache.maven.surefire.junit4.JUnit4Provider.execute(JUnit4Provider.java:283)
	at org.apache.maven.surefire.junit4.JUnit4Provider.executeWithRerun(JUnit4Provider.java:173)
	at org.apache.maven.surefire.junit4.JUnit4Provider.executeTestSet(JUnit4Provider.java:153)
	at org.apache.maven.surefire.junit4.JUnit4Provider.invoke(JUnit4Provider.java:128)
	at org.apache.maven.surefire.booter.ForkedBooter.invokeProviderInSameClassLoader(ForkedBooter.java:203)
	at org.apache.maven.surefire.booter.ForkedBooter.runSuitesInProcess(ForkedBooter.java:155)
	at org.apache.maven.surefire.booter.ForkedBooter.main(ForkedBooter.java:103)
Caused by: org.nutz.ioc.IocException: IocBean[config] throw Exception when creating
	at org.nutz.ioc.impl.ObjectMakerImpl.make(ObjectMakerImpl.java:150)
	at org.nutz.ioc.impl.NutIoc.get(NutIoc.java:210)
	at org.nutz.ioc.impl.NutIoc.get(NutIoc.java:239)
	at org.nutz.ioc.java.IocObjectNode.getValue(IocObjectNode.java:19)
	at org.nutz.ioc.java.ChainNode.eval(ChainNode.java:24)
	at org.nutz.ioc.java.ChainNode.eval(ChainNode.java:19)
	at org.nutz.ioc.val.JavaValue.get(JavaValue.java:69)
	at org.nutz.ioc.weaver.FieldInjector.inject(FieldInjector.java:32)
	at org.nutz.ioc.weaver.DefaultWeaver.fill(DefaultWeaver.java:56)
	at org.nutz.ioc.impl.ObjectMakerImpl.make(ObjectMakerImpl.java:136)
	at org.nutz.ioc.impl.NutIoc.get(NutIoc.java:210)
	at org.nutz.ioc.val.ReferValue.get(ReferValue.java:24)
	at org.nutz.ioc.impl.ObjectMakerImpl.make(ObjectMakerImpl.java:62)
	at org.nutz.ioc.impl.NutIoc.get(NutIoc.java:210)
	at org.nutz.ioc.impl.NutIoc.get(NutIoc.java:239)
	at org.nutz.dao.test.DaoCase.setUp(DaoCase.java:22)
	at sun.reflect.GeneratedMethodAccessor23.invoke(Unknown Source)
	at sun.reflect.DelegatingMethodAccessorImpl.invoke(DelegatingMethodAccessorImpl.java:43)
	at java.lang.reflect.Method.invoke(Method.java:498)
	at org.junit.runners.model.FrameworkMethod$1.runReflectiveCall(FrameworkMethod.java:44)
	at org.junit.internal.runners.model.ReflectiveCallable.run(ReflectiveCallable.java:15)
	at org.junit.runners.model.FrameworkMethod.invokeExplosively(FrameworkMethod.java:41)
	at org.junit.internal.runners.statements.RunBefores.evaluate(RunBefores.java:27)
	at org.junit.internal.runners.statements.RunAfters.evaluate(RunAfters.java:31)
	at org.junit.runners.BlockJUnit4ClassRunner.runNotIgnored(BlockJUnit4ClassRunner.java:79)
	at org.junit.runners.BlockJUnit4ClassRunner.runChild(BlockJUnit4ClassRunner.java:71)
	at org.junit.runners.BlockJUnit4ClassRunner.runChild(BlockJUnit4ClassRunner.java:49)
	at org.junit.runners.ParentRunner$3.run(ParentRunner.java:193)
	at org.junit.runners.ParentRunner$1.schedule(ParentRunner.java:52)
	at org.junit.runners.ParentRunner.runChildren(ParentRunner.java:191)
	at org.junit.runners.ParentRunner.access$000(ParentRunner.java:42)
	at org.junit.runners.ParentRunner$2.evaluate(ParentRunner.java:184)
	at org.junit.runners.ParentRunner.run(ParentRunner.java:236)
	at org.apache.maven.surefire.junit4.JUnit4Provider.execute(JUnit4Provider.java:283)
	at org.apache.maven.surefire.junit4.JUnit4Provider.executeWithRerun(JUnit4Provider.java:173)
	at org.apache.maven.surefire.junit4.JUnit4Provider.executeTestSet(JUnit4Provider.java:153)
	at org.apache.maven.surefire.junit4.JUnit4Provider.invoke(JUnit4Provider.java:128)
	at org.apache.maven.surefire.booter.ForkedBooter.invokeProviderInSameClassLoader(ForkedBooter.java:203)
	at org.apache.maven.surefire.booter.ForkedBooter.runSuitesInProcess(ForkedBooter.java:155)
	at org.apache.maven.surefire.booter.ForkedBooter.main(ForkedBooter.java:103)
Caused by: java.lang.RuntimeException: IocBean[config] fail at field=[paths]
	at org.nutz.ioc.weaver.FieldInjector.inject(FieldInjector.java:40)
	at org.nutz.ioc.weaver.DefaultWeaver.fill(DefaultWeaver.java:56)
	at org.nutz.ioc.impl.ObjectMakerImpl.make(ObjectMakerImpl.java:136)
	at org.nutz.ioc.impl.NutIoc.get(NutIoc.java:210)
	at org.nutz.ioc.impl.NutIoc.get(NutIoc.java:239)
	at org.nutz.ioc.java.IocObjectNode.getValue(IocObjectNode.java:19)
	at org.nutz.ioc.java.ChainNode.eval(ChainNode.java:24)
	at org.nutz.ioc.java.ChainNode.eval(ChainNode.java:19)
	at org.nutz.ioc.val.JavaValue.get(JavaValue.java:69)
	at org.nutz.ioc.weaver.FieldInjector.inject(FieldInjector.java:32)
	at org.nutz.ioc.weaver.DefaultWeaver.fill(DefaultWeaver.java:56)
	at org.nutz.ioc.impl.ObjectMakerImpl.make(ObjectMakerImpl.java:136)
	at org.nutz.ioc.impl.NutIoc.get(NutIoc.java:210)
	at org.nutz.ioc.val.ReferValue.get(ReferValue.java:24)
	at org.nutz.ioc.impl.ObjectMakerImpl.make(ObjectMakerImpl.java:62)
	at org.nutz.ioc.impl.NutIoc.get(NutIoc.java:210)
	at org.nutz.ioc.impl.NutIoc.get(NutIoc.java:239)
	at org.nutz.dao.test.DaoCase.setUp(DaoCase.java:22)
	at sun.reflect.GeneratedMethodAccessor23.invoke(Unknown Source)
	at sun.reflect.DelegatingMethodAccessorImpl.invoke(DelegatingMethodAccessorImpl.java:43)
	at java.lang.reflect.Method.invoke(Method.java:498)
	at org.junit.runners.model.FrameworkMethod$1.runReflectiveCall(FrameworkMethod.java:44)
	at org.junit.internal.runners.model.ReflectiveCallable.run(ReflectiveCallable.java:15)
	at org.junit.runners.model.FrameworkMethod.invokeExplosively(FrameworkMethod.java:41)
	at org.junit.internal.runners.statements.RunBefores.evaluate(RunBefores.java:27)
	at org.junit.internal.runners.statements.RunAfters.evaluate(RunAfters.java:31)
	at org.junit.runners.BlockJUnit4ClassRunner.runNotIgnored(BlockJUnit4ClassRunner.java:79)
	at org.junit.runners.BlockJUnit4ClassRunner.runChild(BlockJUnit4ClassRunner.java:71)
	at org.junit.runners.BlockJUnit4ClassRunner.runChild(BlockJUnit4ClassRunner.java:49)
	at org.junit.runners.ParentRunner$3.run(ParentRunner.java:193)
	at org.junit.runners.ParentRunner$1.schedule(ParentRunner.java:52)
	at org.junit.runners.ParentRunner.runChildren(ParentRunner.java:191)
	at org.junit.runners.ParentRunner.access$000(ParentRunner.java:42)
	at org.junit.runners.ParentRunner$2.evaluate(ParentRunner.java:184)
	at org.junit.runners.ParentRunner.run(ParentRunner.java:236)
	at org.apache.maven.surefire.junit4.JUnit4Provider.execute(JUnit4Provider.java:283)
	at org.apache.maven.surefire.junit4.JUnit4Provider.executeWithRerun(JUnit4Provider.java:173)
	at org.apache.maven.surefire.junit4.JUnit4Provider.executeTestSet(JUnit4Provider.java:153)
	at org.apache.maven.surefire.junit4.JUnit4Provider.invoke(JUnit4Provider.java:128)
	at org.apache.maven.surefire.booter.ForkedBooter.invokeProviderInSameClassLoader(ForkedBooter.java:203)
	at org.apache.maven.surefire.booter.ForkedBooter.runSuitesInProcess(ForkedBooter.java:155)
	at org.apache.maven.surefire.booter.ForkedBooter.main(ForkedBooter.java:103)
Caused by: java.lang.RuntimeException: Fail to set '[nutz-test.properties]'[ [Ljava.lang.String;@577536e0 ] by setter org.nutz.ioc.impl.PropertiesProxy.'setPaths()' because [java.lang.RuntimeException: folder or file like '^.+[.]properties$' no found in nutz-test.properties]: folder or file like '^.+[.]properties$' no found in nutz-test.properties
	at org.nutz.lang.Lang.wrapThrow(Lang.java:167)
	at org.nutz.lang.inject.InjectBySetter.inject(InjectBySetter.java:62)
	at org.nutz.ioc.weaver.FieldInjector.inject(FieldInjector.java:33)
	at org.nutz.ioc.weaver.DefaultWeaver.fill(DefaultWeaver.java:56)
	at org.nutz.ioc.impl.ObjectMakerImpl.make(ObjectMakerImpl.java:136)
	at org.nutz.ioc.impl.NutIoc.get(NutIoc.java:210)
	at org.nutz.ioc.impl.NutIoc.get(NutIoc.java:239)
	at org.nutz.ioc.java.IocObjectNode.getValue(IocObjectNode.java:19)
	at org.nutz.ioc.java.ChainNode.eval(ChainNode.java:24)
	at org.nutz.ioc.java.ChainNode.eval(ChainNode.java:19)
	at org.nutz.ioc.val.JavaValue.get(JavaValue.java:69)
	at org.nutz.ioc.weaver.FieldInjector.inject(FieldInjector.java:32)
	at org.nutz.ioc.weaver.DefaultWeaver.fill(DefaultWeaver.java:56)
	at org.nutz.ioc.impl.ObjectMakerImpl.make(ObjectMakerImpl.java:136)
	at org.nutz.ioc.impl.NutIoc.get(NutIoc.java:210)
	at org.nutz.ioc.val.ReferValue.get(ReferValue.java:24)
	at org.nutz.ioc.impl.ObjectMakerImpl.make(ObjectMakerImpl.java:62)
	at org.nutz.ioc.impl.NutIoc.get(NutIoc.java:210)
	at org.nutz.ioc.impl.NutIoc.get(NutIoc.java:239)
	at org.nutz.dao.test.DaoCase.setUp(DaoCase.java:22)
	at sun.reflect.GeneratedMethodAccessor23.invoke(Unknown Source)
	at sun.reflect.DelegatingMethodAccessorImpl.invoke(DelegatingMethodAccessorImpl.java:43)
	at java.lang.reflect.Method.invoke(Method.java:498)
	at org.junit.runners.model.FrameworkMethod$1.runReflectiveCall(FrameworkMethod.java:44)
	at org.junit.internal.runners.model.ReflectiveCallable.run(ReflectiveCallable.java:15)
	at org.junit.runners.model.FrameworkMethod.invokeExplosively(FrameworkMethod.java:41)
	at org.junit.internal.runners.statements.RunBefores.evaluate(RunBefores.java:27)
	at org.junit.internal.runners.statements.RunAfters.evaluate(RunAfters.java:31)
	at org.junit.runners.BlockJUnit4ClassRunner.runNotIgnored(BlockJUnit4ClassRunner.java:79)
	at org.junit.runners.BlockJUnit4ClassRunner.runChild(BlockJUnit4ClassRunner.java:71)
	at org.junit.runners.BlockJUnit4ClassRunner.runChild(BlockJUnit4ClassRunner.java:49)
	at org.junit.runners.ParentRunner$3.run(ParentRunner.java:193)
	at org.junit.runners.ParentRunner$1.schedule(ParentRunner.java:52)
	at org.junit.runners.ParentRunner.runChildren(ParentRunner.java:191)
	at org.junit.runners.ParentRunner.access$000(ParentRunner.java:42)
	at org.junit.runners.ParentRunner$2.evaluate(ParentRunner.java:184)
	at org.junit.runners.ParentRunner.run(ParentRunner.java:236)
	at org.apache.maven.surefire.junit4.JUnit4Provider.execute(JUnit4Provider.java:283)
	at org.apache.maven.surefire.junit4.JUnit4Provider.executeWithRerun(JUnit4Provider.java:173)
	at org.apache.maven.surefire.junit4.JUnit4Provider.executeTestSet(JUnit4Provider.java:153)
	at org.apache.maven.surefire.junit4.JUnit4Provider.invoke(JUnit4Provider.java:128)
	at org.apache.maven.surefire.booter.ForkedBooter.invokeProviderInSameClassLoader(ForkedBooter.java:203)
	at org.apache.maven.surefire.booter.ForkedBooter.runSuitesInProcess(ForkedBooter.java:155)
	at org.apache.maven.surefire.booter.ForkedBooter.main(ForkedBooter.java:103)
Caused by: java.lang.RuntimeException: folder or file like '^.+[.]properties$' no found in nutz-test.properties
	at org.nutz.lang.Lang.makeThrow(Lang.java:151)
	at org.nutz.resource.Scans.loadResource(Scans.java:112)
	at org.nutz.ioc.impl.PropertiesProxy.getResources(PropertiesProxy.java:153)
	at org.nutz.ioc.impl.PropertiesProxy.setPaths(PropertiesProxy.java:109)
	at org.nutz.ioc.impl.PropertiesProxy$FM$setPaths$d0275b2b871e237a38f11859247d1599.invoke(PropertiesProxy.java)
	at org.nutz.lang.inject.InjectBySetter.inject(InjectBySetter.java:51)
	at org.nutz.ioc.weaver.FieldInjector.inject(FieldInjector.java:33)
	at org.nutz.ioc.weaver.DefaultWeaver.fill(DefaultWeaver.java:56)
	at org.nutz.ioc.impl.ObjectMakerImpl.make(ObjectMakerImpl.java:136)
	at org.nutz.ioc.impl.NutIoc.get(NutIoc.java:210)
	at org.nutz.ioc.impl.NutIoc.get(NutIoc.java:239)
	at org.nutz.ioc.java.IocObjectNode.getValue(IocObjectNode.java:19)
	at org.nutz.ioc.java.ChainNode.eval(ChainNode.java:24)
	at org.nutz.ioc.java.ChainNode.eval(ChainNode.java:19)
	at org.nutz.ioc.val.JavaValue.get(JavaValue.java:69)
	at org.nutz.ioc.weaver.FieldInjector.inject(FieldInjector.java:32)
	at org.nutz.ioc.weaver.DefaultWeaver.fill(DefaultWeaver.java:56)
	at org.nutz.ioc.impl.ObjectMakerImpl.make(ObjectMakerImpl.java:136)
	at org.nutz.ioc.impl.NutIoc.get(NutIoc.java:210)
	at org.nutz.ioc.val.ReferValue.get(ReferValue.java:24)
	at org.nutz.ioc.impl.ObjectMakerImpl.make(ObjectMakerImpl.java:62)
	at org.nutz.ioc.impl.NutIoc.get(NutIoc.java:210)
	at org.nutz.ioc.impl.NutIoc.get(NutIoc.java:239)
	at org.nutz.dao.test.DaoCase.setUp(DaoCase.java:22)
	at sun.reflect.GeneratedMethodAccessor23.invoke(Unknown Source)
	at sun.reflect.DelegatingMethodAccessorImpl.invoke(DelegatingMethodAccessorImpl.java:43)
	at java.lang.reflect.Method.invoke(Method.java:498)
	at org.junit.runners.model.FrameworkMethod$1.runReflectiveCall(FrameworkMethod.java:44)
	at org.junit.internal.runners.model.ReflectiveCallable.run(ReflectiveCallable.java:15)
	at org.junit.runners.model.FrameworkMethod.invokeExplosively(FrameworkMethod.java:41)
	at org.junit.internal.runners.statements.RunBefores.evaluate(RunBefores.java:27)
	at org.junit.internal.runners.statements.RunAfters.evaluate(RunAfters.java:31)
	at org.junit.runners.BlockJUnit4ClassRunner.runNotIgnored(BlockJUnit4ClassRunner.java:79)
	at org.junit.runners.BlockJUnit4ClassRunner.runChild(BlockJUnit4ClassRunner.java:71)
	at org.junit.runners.BlockJUnit4ClassRunner.runChild(BlockJUnit4ClassRunner.java:49)
	at org.junit.runners.ParentRunner$3.run(ParentRunner.java:193)
	at org.junit.runners.ParentRunner$1.schedule(ParentRunner.java:52)
	at org.junit.runners.ParentRunner.runChildren(ParentRunner.java:191)
	at org.junit.runners.ParentRunner.access$000(ParentRunner.java:42)
	at org.junit.runners.ParentRunner$2.evaluate(ParentRunner.java:184)
	at org.junit.runners.ParentRunner.run(ParentRunner.java:236)
	at org.apache.maven.surefire.junit4.JUnit4Provider.execute(JUnit4Provider.java:283)
	at org.apache.maven.surefire.junit4.JUnit4Provider.executeWithRerun(JUnit4Provider.java:173)
	at org.apache.maven.surefire.junit4.JUnit4Provider.executeTestSet(JUnit4Provider.java:153)
	at org.apache.maven.surefire.junit4.JUnit4Provider.invoke(JUnit4Provider.java:128)
	at org.apache.maven.surefire.booter.ForkedBooter.invokeProviderInSameClassLoader(ForkedBooter.java:203)
	at org.apache.maven.surefire.booter.ForkedBooter.runSuitesInProcess(ForkedBooter.java:155)
	at org.apache.maven.surefire.booter.ForkedBooter.main(ForkedBooter.java:103)
</error>
  </testcase>
  <testcase name="test_delete_records" classname="org.nutz.dao.test.normal.SimpleDaoTest" time="0.001">
    <error message="IocBean[dao -&gt; dataSource] throw Exception when creating" type="org.nutz.ioc.IocException">org.nutz.ioc.IocException: IocBean[dao -> dataSource] throw Exception when creating
	at org.nutz.ioc.impl.ObjectMakerImpl.make(ObjectMakerImpl.java:150)
	at org.nutz.ioc.impl.NutIoc.get(NutIoc.java:210)
	at org.nutz.ioc.val.ReferValue.get(ReferValue.java:24)
	at org.nutz.ioc.impl.ObjectMakerImpl.make(ObjectMakerImpl.java:62)
	at org.nutz.ioc.impl.NutIoc.get(NutIoc.java:210)
	at org.nutz.ioc.impl.NutIoc.get(NutIoc.java:239)
	at org.nutz.dao.test.DaoCase.setUp(DaoCase.java:22)
	at sun.reflect.GeneratedMethodAccessor23.invoke(Unknown Source)
	at sun.reflect.DelegatingMethodAccessorImpl.invoke(DelegatingMethodAccessorImpl.java:43)
	at java.lang.reflect.Method.invoke(Method.java:498)
	at org.junit.runners.model.FrameworkMethod$1.runReflectiveCall(FrameworkMethod.java:44)
	at org.junit.internal.runners.model.ReflectiveCallable.run(ReflectiveCallable.java:15)
	at org.junit.runners.model.FrameworkMethod.invokeExplosively(FrameworkMethod.java:41)
	at org.junit.internal.runners.statements.RunBefores.evaluate(RunBefores.java:27)
	at org.junit.internal.runners.statements.RunAfters.evaluate(RunAfters.java:31)
	at org.junit.runners.BlockJUnit4ClassRunner.runNotIgnored(BlockJUnit4ClassRunner.java:79)
	at org.junit.runners.BlockJUnit4ClassRunner.runChild(BlockJUnit4ClassRunner.java:71)
	at org.junit.runners.BlockJUnit4ClassRunner.runChild(BlockJUnit4ClassRunner.java:49)
	at org.junit.runners.ParentRunner$3.run(ParentRunner.java:193)
	at org.junit.runners.ParentRunner$1.schedule(ParentRunner.java:52)
	at org.junit.runners.ParentRunner.runChildren(ParentRunner.java:191)
	at org.junit.runners.ParentRunner.access$000(ParentRunner.java:42)
	at org.junit.runners.ParentRunner$2.evaluate(ParentRunner.java:184)
	at org.junit.runners.ParentRunner.run(ParentRunner.java:236)
	at org.apache.maven.surefire.junit4.JUnit4Provider.execute(JUnit4Provider.java:283)
	at org.apache.maven.surefire.junit4.JUnit4Provider.executeWithRerun(JUnit4Provider.java:173)
	at org.apache.maven.surefire.junit4.JUnit4Provider.executeTestSet(JUnit4Provider.java:153)
	at org.apache.maven.surefire.junit4.JUnit4Provider.invoke(JUnit4Provider.java:128)
	at org.apache.maven.surefire.booter.ForkedBooter.invokeProviderInSameClassLoader(ForkedBooter.java:203)
	at org.apache.maven.surefire.booter.ForkedBooter.runSuitesInProcess(ForkedBooter.java:155)
	at org.apache.maven.surefire.booter.ForkedBooter.main(ForkedBooter.java:103)
Caused by: java.lang.RuntimeException: IocBean[dataSource] fail at field=[driverClassName]
	at org.nutz.ioc.weaver.FieldInjector.inject(FieldInjector.java:40)
	at org.nutz.ioc.weaver.DefaultWeaver.fill(DefaultWeaver.java:56)
	at org.nutz.ioc.impl.ObjectMakerImpl.make(ObjectMakerImpl.java:136)
	at org.nutz.ioc.impl.NutIoc.get(NutIoc.java:210)
	at org.nutz.ioc.val.ReferValue.get(ReferValue.java:24)
	at org.nutz.ioc.impl.ObjectMakerImpl.make(ObjectMakerImpl.java:62)
	at org.nutz.ioc.impl.NutIoc.get(NutIoc.java:210)
	at org.nutz.ioc.impl.NutIoc.get(NutIoc.java:239)
	at org.nutz.dao.test.DaoCase.setUp(DaoCase.java:22)
	at sun.reflect.GeneratedMethodAccessor23.invoke(Unknown Source)
	at sun.reflect.DelegatingMethodAccessorImpl.invoke(DelegatingMethodAccessorImpl.java:43)
	at java.lang.reflect.Method.invoke(Method.java:498)
	at org.junit.runners.model.FrameworkMethod$1.runReflectiveCall(FrameworkMethod.java:44)
	at org.junit.internal.runners.model.ReflectiveCallable.run(ReflectiveCallable.java:15)
	at org.junit.runners.model.FrameworkMethod.invokeExplosively(FrameworkMethod.java:41)
	at org.junit.internal.runners.statements.RunBefores.evaluate(RunBefores.java:27)
	at org.junit.internal.runners.statements.RunAfters.evaluate(RunAfters.java:31)
	at org.junit.runners.BlockJUnit4ClassRunner.runNotIgnored(BlockJUnit4ClassRunner.java:79)
	at org.junit.runners.BlockJUnit4ClassRunner.runChild(BlockJUnit4ClassRunner.java:71)
	at org.junit.runners.BlockJUnit4ClassRunner.runChild(BlockJUnit4ClassRunner.java:49)
	at org.junit.runners.ParentRunner$3.run(ParentRunner.java:193)
	at org.junit.runners.ParentRunner$1.schedule(ParentRunner.java:52)
	at org.junit.runners.ParentRunner.runChildren(ParentRunner.java:191)
	at org.junit.runners.ParentRunner.access$000(ParentRunner.java:42)
	at org.junit.runners.ParentRunner$2.evaluate(ParentRunner.java:184)
	at org.junit.runners.ParentRunner.run(ParentRunner.java:236)
	at org.apache.maven.surefire.junit4.JUnit4Provider.execute(JUnit4Provider.java:283)
	at org.apache.maven.surefire.junit4.JUnit4Provider.executeWithRerun(JUnit4Provider.java:173)
	at org.apache.maven.surefire.junit4.JUnit4Provider.executeTestSet(JUnit4Provider.java:153)
	at org.apache.maven.surefire.junit4.JUnit4Provider.invoke(JUnit4Provider.java:128)
	at org.apache.maven.surefire.booter.ForkedBooter.invokeProviderInSameClassLoader(ForkedBooter.java:203)
	at org.apache.maven.surefire.booter.ForkedBooter.runSuitesInProcess(ForkedBooter.java:155)
	at org.apache.maven.surefire.booter.ForkedBooter.main(ForkedBooter.java:103)
Caused by: org.nutz.ioc.IocException: IocBean[config] throw Exception when creating
	at org.nutz.ioc.impl.ObjectMakerImpl.make(ObjectMakerImpl.java:150)
	at org.nutz.ioc.impl.NutIoc.get(NutIoc.java:210)
	at org.nutz.ioc.impl.NutIoc.get(NutIoc.java:239)
	at org.nutz.ioc.java.IocObjectNode.getValue(IocObjectNode.java:19)
	at org.nutz.ioc.java.ChainNode.eval(ChainNode.java:24)
	at org.nutz.ioc.java.ChainNode.eval(ChainNode.java:19)
	at org.nutz.ioc.val.JavaValue.get(JavaValue.java:69)
	at org.nutz.ioc.weaver.FieldInjector.inject(FieldInjector.java:32)
	at org.nutz.ioc.weaver.DefaultWeaver.fill(DefaultWeaver.java:56)
	at org.nutz.ioc.impl.ObjectMakerImpl.make(ObjectMakerImpl.java:136)
	at org.nutz.ioc.impl.NutIoc.get(NutIoc.java:210)
	at org.nutz.ioc.val.ReferValue.get(ReferValue.java:24)
	at org.nutz.ioc.impl.ObjectMakerImpl.make(ObjectMakerImpl.java:62)
	at org.nutz.ioc.impl.NutIoc.get(NutIoc.java:210)
	at org.nutz.ioc.impl.NutIoc.get(NutIoc.java:239)
	at org.nutz.dao.test.DaoCase.setUp(DaoCase.java:22)
	at sun.reflect.GeneratedMethodAccessor23.invoke(Unknown Source)
	at sun.reflect.DelegatingMethodAccessorImpl.invoke(DelegatingMethodAccessorImpl.java:43)
	at java.lang.reflect.Method.invoke(Method.java:498)
	at org.junit.runners.model.FrameworkMethod$1.runReflectiveCall(FrameworkMethod.java:44)
	at org.junit.internal.runners.model.ReflectiveCallable.run(ReflectiveCallable.java:15)
	at org.junit.runners.model.FrameworkMethod.invokeExplosively(FrameworkMethod.java:41)
	at org.junit.internal.runners.statements.RunBefores.evaluate(RunBefores.java:27)
	at org.junit.internal.runners.statements.RunAfters.evaluate(RunAfters.java:31)
	at org.junit.runners.BlockJUnit4ClassRunner.runNotIgnored(BlockJUnit4ClassRunner.java:79)
	at org.junit.runners.BlockJUnit4ClassRunner.runChild(BlockJUnit4ClassRunner.java:71)
	at org.junit.runners.BlockJUnit4ClassRunner.runChild(BlockJUnit4ClassRunner.java:49)
	at org.junit.runners.ParentRunner$3.run(ParentRunner.java:193)
	at org.junit.runners.ParentRunner$1.schedule(ParentRunner.java:52)
	at org.junit.runners.ParentRunner.runChildren(ParentRunner.java:191)
	at org.junit.runners.ParentRunner.access$000(ParentRunner.java:42)
	at org.junit.runners.ParentRunner$2.evaluate(ParentRunner.java:184)
	at org.junit.runners.ParentRunner.run(ParentRunner.java:236)
	at org.apache.maven.surefire.junit4.JUnit4Provider.execute(JUnit4Provider.java:283)
	at org.apache.maven.surefire.junit4.JUnit4Provider.executeWithRerun(JUnit4Provider.java:173)
	at org.apache.maven.surefire.junit4.JUnit4Provider.executeTestSet(JUnit4Provider.java:153)
	at org.apache.maven.surefire.junit4.JUnit4Provider.invoke(JUnit4Provider.java:128)
	at org.apache.maven.surefire.booter.ForkedBooter.invokeProviderInSameClassLoader(ForkedBooter.java:203)
	at org.apache.maven.surefire.booter.ForkedBooter.runSuitesInProcess(ForkedBooter.java:155)
	at org.apache.maven.surefire.booter.ForkedBooter.main(ForkedBooter.java:103)
Caused by: java.lang.RuntimeException: IocBean[config] fail at field=[paths]
	at org.nutz.ioc.weaver.FieldInjector.inject(FieldInjector.java:40)
	at org.nutz.ioc.weaver.DefaultWeaver.fill(DefaultWeaver.java:56)
	at org.nutz.ioc.impl.ObjectMakerImpl.make(ObjectMakerImpl.java:136)
	at org.nutz.ioc.impl.NutIoc.get(NutIoc.java:210)
	at org.nutz.ioc.impl.NutIoc.get(NutIoc.java:239)
	at org.nutz.ioc.java.IocObjectNode.getValue(IocObjectNode.java:19)
	at org.nutz.ioc.java.ChainNode.eval(ChainNode.java:24)
	at org.nutz.ioc.java.ChainNode.eval(ChainNode.java:19)
	at org.nutz.ioc.val.JavaValue.get(JavaValue.java:69)
	at org.nutz.ioc.weaver.FieldInjector.inject(FieldInjector.java:32)
	at org.nutz.ioc.weaver.DefaultWeaver.fill(DefaultWeaver.java:56)
	at org.nutz.ioc.impl.ObjectMakerImpl.make(ObjectMakerImpl.java:136)
	at org.nutz.ioc.impl.NutIoc.get(NutIoc.java:210)
	at org.nutz.ioc.val.ReferValue.get(ReferValue.java:24)
	at org.nutz.ioc.impl.ObjectMakerImpl.make(ObjectMakerImpl.java:62)
	at org.nutz.ioc.impl.NutIoc.get(NutIoc.java:210)
	at org.nutz.ioc.impl.NutIoc.get(NutIoc.java:239)
	at org.nutz.dao.test.DaoCase.setUp(DaoCase.java:22)
	at sun.reflect.GeneratedMethodAccessor23.invoke(Unknown Source)
	at sun.reflect.DelegatingMethodAccessorImpl.invoke(DelegatingMethodAccessorImpl.java:43)
	at java.lang.reflect.Method.invoke(Method.java:498)
	at org.junit.runners.model.FrameworkMethod$1.runReflectiveCall(FrameworkMethod.java:44)
	at org.junit.internal.runners.model.ReflectiveCallable.run(ReflectiveCallable.java:15)
	at org.junit.runners.model.FrameworkMethod.invokeExplosively(FrameworkMethod.java:41)
	at org.junit.internal.runners.statements.RunBefores.evaluate(RunBefores.java:27)
	at org.junit.internal.runners.statements.RunAfters.evaluate(RunAfters.java:31)
	at org.junit.runners.BlockJUnit4ClassRunner.runNotIgnored(BlockJUnit4ClassRunner.java:79)
	at org.junit.runners.BlockJUnit4ClassRunner.runChild(BlockJUnit4ClassRunner.java:71)
	at org.junit.runners.BlockJUnit4ClassRunner.runChild(BlockJUnit4ClassRunner.java:49)
	at org.junit.runners.ParentRunner$3.run(ParentRunner.java:193)
	at org.junit.runners.ParentRunner$1.schedule(ParentRunner.java:52)
	at org.junit.runners.ParentRunner.runChildren(ParentRunner.java:191)
	at org.junit.runners.ParentRunner.access$000(ParentRunner.java:42)
	at org.junit.runners.ParentRunner$2.evaluate(ParentRunner.java:184)
	at org.junit.runners.ParentRunner.run(ParentRunner.java:236)
	at org.apache.maven.surefire.junit4.JUnit4Provider.execute(JUnit4Provider.java:283)
	at org.apache.maven.surefire.junit4.JUnit4Provider.executeWithRerun(JUnit4Provider.java:173)
	at org.apache.maven.surefire.junit4.JUnit4Provider.executeTestSet(JUnit4Provider.java:153)
	at org.apache.maven.surefire.junit4.JUnit4Provider.invoke(JUnit4Provider.java:128)
	at org.apache.maven.surefire.booter.ForkedBooter.invokeProviderInSameClassLoader(ForkedBooter.java:203)
	at org.apache.maven.surefire.booter.ForkedBooter.runSuitesInProcess(ForkedBooter.java:155)
	at org.apache.maven.surefire.booter.ForkedBooter.main(ForkedBooter.java:103)
Caused by: java.lang.RuntimeException: Fail to set '[nutz-test.properties]'[ [Ljava.lang.String;@12219f6a ] by setter org.nutz.ioc.impl.PropertiesProxy.'setPaths()' because [java.lang.RuntimeException: folder or file like '^.+[.]properties$' no found in nutz-test.properties]: folder or file like '^.+[.]properties$' no found in nutz-test.properties
	at org.nutz.lang.Lang.wrapThrow(Lang.java:167)
	at org.nutz.lang.inject.InjectBySetter.inject(InjectBySetter.java:62)
	at org.nutz.ioc.weaver.FieldInjector.inject(FieldInjector.java:33)
	at org.nutz.ioc.weaver.DefaultWeaver.fill(DefaultWeaver.java:56)
	at org.nutz.ioc.impl.ObjectMakerImpl.make(ObjectMakerImpl.java:136)
	at org.nutz.ioc.impl.NutIoc.get(NutIoc.java:210)
	at org.nutz.ioc.impl.NutIoc.get(NutIoc.java:239)
	at org.nutz.ioc.java.IocObjectNode.getValue(IocObjectNode.java:19)
	at org.nutz.ioc.java.ChainNode.eval(ChainNode.java:24)
	at org.nutz.ioc.java.ChainNode.eval(ChainNode.java:19)
	at org.nutz.ioc.val.JavaValue.get(JavaValue.java:69)
	at org.nutz.ioc.weaver.FieldInjector.inject(FieldInjector.java:32)
	at org.nutz.ioc.weaver.DefaultWeaver.fill(DefaultWeaver.java:56)
	at org.nutz.ioc.impl.ObjectMakerImpl.make(ObjectMakerImpl.java:136)
	at org.nutz.ioc.impl.NutIoc.get(NutIoc.java:210)
	at org.nutz.ioc.val.ReferValue.get(ReferValue.java:24)
	at org.nutz.ioc.impl.ObjectMakerImpl.make(ObjectMakerImpl.java:62)
	at org.nutz.ioc.impl.NutIoc.get(NutIoc.java:210)
	at org.nutz.ioc.impl.NutIoc.get(NutIoc.java:239)
	at org.nutz.dao.test.DaoCase.setUp(DaoCase.java:22)
	at sun.reflect.GeneratedMethodAccessor23.invoke(Unknown Source)
	at sun.reflect.DelegatingMethodAccessorImpl.invoke(DelegatingMethodAccessorImpl.java:43)
	at java.lang.reflect.Method.invoke(Method.java:498)
	at org.junit.runners.model.FrameworkMethod$1.runReflectiveCall(FrameworkMethod.java:44)
	at org.junit.internal.runners.model.ReflectiveCallable.run(ReflectiveCallable.java:15)
	at org.junit.runners.model.FrameworkMethod.invokeExplosively(FrameworkMethod.java:41)
	at org.junit.internal.runners.statements.RunBefores.evaluate(RunBefores.java:27)
	at org.junit.internal.runners.statements.RunAfters.evaluate(RunAfters.java:31)
	at org.junit.runners.BlockJUnit4ClassRunner.runNotIgnored(BlockJUnit4ClassRunner.java:79)
	at org.junit.runners.BlockJUnit4ClassRunner.runChild(BlockJUnit4ClassRunner.java:71)
	at org.junit.runners.BlockJUnit4ClassRunner.runChild(BlockJUnit4ClassRunner.java:49)
	at org.junit.runners.ParentRunner$3.run(ParentRunner.java:193)
	at org.junit.runners.ParentRunner$1.schedule(ParentRunner.java:52)
	at org.junit.runners.ParentRunner.runChildren(ParentRunner.java:191)
	at org.junit.runners.ParentRunner.access$000(ParentRunner.java:42)
	at org.junit.runners.ParentRunner$2.evaluate(ParentRunner.java:184)
	at org.junit.runners.ParentRunner.run(ParentRunner.java:236)
	at org.apache.maven.surefire.junit4.JUnit4Provider.execute(JUnit4Provider.java:283)
	at org.apache.maven.surefire.junit4.JUnit4Provider.executeWithRerun(JUnit4Provider.java:173)
	at org.apache.maven.surefire.junit4.JUnit4Provider.executeTestSet(JUnit4Provider.java:153)
	at org.apache.maven.surefire.junit4.JUnit4Provider.invoke(JUnit4Provider.java:128)
	at org.apache.maven.surefire.booter.ForkedBooter.invokeProviderInSameClassLoader(ForkedBooter.java:203)
	at org.apache.maven.surefire.booter.ForkedBooter.runSuitesInProcess(ForkedBooter.java:155)
	at org.apache.maven.surefire.booter.ForkedBooter.main(ForkedBooter.java:103)
Caused by: java.lang.RuntimeException: folder or file like '^.+[.]properties$' no found in nutz-test.properties
	at org.nutz.lang.Lang.makeThrow(Lang.java:151)
	at org.nutz.resource.Scans.loadResource(Scans.java:112)
	at org.nutz.ioc.impl.PropertiesProxy.getResources(PropertiesProxy.java:153)
	at org.nutz.ioc.impl.PropertiesProxy.setPaths(PropertiesProxy.java:109)
	at org.nutz.ioc.impl.PropertiesProxy$FM$setPaths$d0275b2b871e237a38f11859247d1599.invoke(PropertiesProxy.java)
	at org.nutz.lang.inject.InjectBySetter.inject(InjectBySetter.java:51)
	at org.nutz.ioc.weaver.FieldInjector.inject(FieldInjector.java:33)
	at org.nutz.ioc.weaver.DefaultWeaver.fill(DefaultWeaver.java:56)
	at org.nutz.ioc.impl.ObjectMakerImpl.make(ObjectMakerImpl.java:136)
	at org.nutz.ioc.impl.NutIoc.get(NutIoc.java:210)
	at org.nutz.ioc.impl.NutIoc.get(NutIoc.java:239)
	at org.nutz.ioc.java.IocObjectNode.getValue(IocObjectNode.java:19)
	at org.nutz.ioc.java.ChainNode.eval(ChainNode.java:24)
	at org.nutz.ioc.java.ChainNode.eval(ChainNode.java:19)
	at org.nutz.ioc.val.JavaValue.get(JavaValue.java:69)
	at org.nutz.ioc.weaver.FieldInjector.inject(FieldInjector.java:32)
	at org.nutz.ioc.weaver.DefaultWeaver.fill(DefaultWeaver.java:56)
	at org.nutz.ioc.impl.ObjectMakerImpl.make(ObjectMakerImpl.java:136)
	at org.nutz.ioc.impl.NutIoc.get(NutIoc.java:210)
	at org.nutz.ioc.val.ReferValue.get(ReferValue.java:24)
	at org.nutz.ioc.impl.ObjectMakerImpl.make(ObjectMakerImpl.java:62)
	at org.nutz.ioc.impl.NutIoc.get(NutIoc.java:210)
	at org.nutz.ioc.impl.NutIoc.get(NutIoc.java:239)
	at org.nutz.dao.test.DaoCase.setUp(DaoCase.java:22)
	at sun.reflect.GeneratedMethodAccessor23.invoke(Unknown Source)
	at sun.reflect.DelegatingMethodAccessorImpl.invoke(DelegatingMethodAccessorImpl.java:43)
	at java.lang.reflect.Method.invoke(Method.java:498)
	at org.junit.runners.model.FrameworkMethod$1.runReflectiveCall(FrameworkMethod.java:44)
	at org.junit.internal.runners.model.ReflectiveCallable.run(ReflectiveCallable.java:15)
	at org.junit.runners.model.FrameworkMethod.invokeExplosively(FrameworkMethod.java:41)
	at org.junit.internal.runners.statements.RunBefores.evaluate(RunBefores.java:27)
	at org.junit.internal.runners.statements.RunAfters.evaluate(RunAfters.java:31)
	at org.junit.runners.BlockJUnit4ClassRunner.runNotIgnored(BlockJUnit4ClassRunner.java:79)
	at org.junit.runners.BlockJUnit4ClassRunner.runChild(BlockJUnit4ClassRunner.java:71)
	at org.junit.runners.BlockJUnit4ClassRunner.runChild(BlockJUnit4ClassRunner.java:49)
	at org.junit.runners.ParentRunner$3.run(ParentRunner.java:193)
	at org.junit.runners.ParentRunner$1.schedule(ParentRunner.java:52)
	at org.junit.runners.ParentRunner.runChildren(ParentRunner.java:191)
	at org.junit.runners.ParentRunner.access$000(ParentRunner.java:42)
	at org.junit.runners.ParentRunner$2.evaluate(ParentRunner.java:184)
	at org.junit.runners.ParentRunner.run(ParentRunner.java:236)
	at org.apache.maven.surefire.junit4.JUnit4Provider.execute(JUnit4Provider.java:283)
	at org.apache.maven.surefire.junit4.JUnit4Provider.executeWithRerun(JUnit4Provider.java:173)
	at org.apache.maven.surefire.junit4.JUnit4Provider.executeTestSet(JUnit4Provider.java:153)
	at org.apache.maven.surefire.junit4.JUnit4Provider.invoke(JUnit4Provider.java:128)
	at org.apache.maven.surefire.booter.ForkedBooter.invokeProviderInSameClassLoader(ForkedBooter.java:203)
	at org.apache.maven.surefire.booter.ForkedBooter.runSuitesInProcess(ForkedBooter.java:155)
	at org.apache.maven.surefire.booter.ForkedBooter.main(ForkedBooter.java:103)
</error>
  </testcase>
  <testcase name="test_integer_object_column" classname="org.nutz.dao.test.normal.SimpleDaoTest" time="0">
    <error message="IocBean[dao -&gt; dataSource] throw Exception when creating" type="org.nutz.ioc.IocException">org.nutz.ioc.IocException: IocBean[dao -> dataSource] throw Exception when creating
	at org.nutz.ioc.impl.ObjectMakerImpl.make(ObjectMakerImpl.java:150)
	at org.nutz.ioc.impl.NutIoc.get(NutIoc.java:210)
	at org.nutz.ioc.val.ReferValue.get(ReferValue.java:24)
	at org.nutz.ioc.impl.ObjectMakerImpl.make(ObjectMakerImpl.java:62)
	at org.nutz.ioc.impl.NutIoc.get(NutIoc.java:210)
	at org.nutz.ioc.impl.NutIoc.get(NutIoc.java:239)
	at org.nutz.dao.test.DaoCase.setUp(DaoCase.java:22)
	at sun.reflect.GeneratedMethodAccessor23.invoke(Unknown Source)
	at sun.reflect.DelegatingMethodAccessorImpl.invoke(DelegatingMethodAccessorImpl.java:43)
	at java.lang.reflect.Method.invoke(Method.java:498)
	at org.junit.runners.model.FrameworkMethod$1.runReflectiveCall(FrameworkMethod.java:44)
	at org.junit.internal.runners.model.ReflectiveCallable.run(ReflectiveCallable.java:15)
	at org.junit.runners.model.FrameworkMethod.invokeExplosively(FrameworkMethod.java:41)
	at org.junit.internal.runners.statements.RunBefores.evaluate(RunBefores.java:27)
	at org.junit.internal.runners.statements.RunAfters.evaluate(RunAfters.java:31)
	at org.junit.runners.BlockJUnit4ClassRunner.runNotIgnored(BlockJUnit4ClassRunner.java:79)
	at org.junit.runners.BlockJUnit4ClassRunner.runChild(BlockJUnit4ClassRunner.java:71)
	at org.junit.runners.BlockJUnit4ClassRunner.runChild(BlockJUnit4ClassRunner.java:49)
	at org.junit.runners.ParentRunner$3.run(ParentRunner.java:193)
	at org.junit.runners.ParentRunner$1.schedule(ParentRunner.java:52)
	at org.junit.runners.ParentRunner.runChildren(ParentRunner.java:191)
	at org.junit.runners.ParentRunner.access$000(ParentRunner.java:42)
	at org.junit.runners.ParentRunner$2.evaluate(ParentRunner.java:184)
	at org.junit.runners.ParentRunner.run(ParentRunner.java:236)
	at org.apache.maven.surefire.junit4.JUnit4Provider.execute(JUnit4Provider.java:283)
	at org.apache.maven.surefire.junit4.JUnit4Provider.executeWithRerun(JUnit4Provider.java:173)
	at org.apache.maven.surefire.junit4.JUnit4Provider.executeTestSet(JUnit4Provider.java:153)
	at org.apache.maven.surefire.junit4.JUnit4Provider.invoke(JUnit4Provider.java:128)
	at org.apache.maven.surefire.booter.ForkedBooter.invokeProviderInSameClassLoader(ForkedBooter.java:203)
	at org.apache.maven.surefire.booter.ForkedBooter.runSuitesInProcess(ForkedBooter.java:155)
	at org.apache.maven.surefire.booter.ForkedBooter.main(ForkedBooter.java:103)
Caused by: java.lang.RuntimeException: IocBean[dataSource] fail at field=[driverClassName]
	at org.nutz.ioc.weaver.FieldInjector.inject(FieldInjector.java:40)
	at org.nutz.ioc.weaver.DefaultWeaver.fill(DefaultWeaver.java:56)
	at org.nutz.ioc.impl.ObjectMakerImpl.make(ObjectMakerImpl.java:136)
	at org.nutz.ioc.impl.NutIoc.get(NutIoc.java:210)
	at org.nutz.ioc.val.ReferValue.get(ReferValue.java:24)
	at org.nutz.ioc.impl.ObjectMakerImpl.make(ObjectMakerImpl.java:62)
	at org.nutz.ioc.impl.NutIoc.get(NutIoc.java:210)
	at org.nutz.ioc.impl.NutIoc.get(NutIoc.java:239)
	at org.nutz.dao.test.DaoCase.setUp(DaoCase.java:22)
	at sun.reflect.GeneratedMethodAccessor23.invoke(Unknown Source)
	at sun.reflect.DelegatingMethodAccessorImpl.invoke(DelegatingMethodAccessorImpl.java:43)
	at java.lang.reflect.Method.invoke(Method.java:498)
	at org.junit.runners.model.FrameworkMethod$1.runReflectiveCall(FrameworkMethod.java:44)
	at org.junit.internal.runners.model.ReflectiveCallable.run(ReflectiveCallable.java:15)
	at org.junit.runners.model.FrameworkMethod.invokeExplosively(FrameworkMethod.java:41)
	at org.junit.internal.runners.statements.RunBefores.evaluate(RunBefores.java:27)
	at org.junit.internal.runners.statements.RunAfters.evaluate(RunAfters.java:31)
	at org.junit.runners.BlockJUnit4ClassRunner.runNotIgnored(BlockJUnit4ClassRunner.java:79)
	at org.junit.runners.BlockJUnit4ClassRunner.runChild(BlockJUnit4ClassRunner.java:71)
	at org.junit.runners.BlockJUnit4ClassRunner.runChild(BlockJUnit4ClassRunner.java:49)
	at org.junit.runners.ParentRunner$3.run(ParentRunner.java:193)
	at org.junit.runners.ParentRunner$1.schedule(ParentRunner.java:52)
	at org.junit.runners.ParentRunner.runChildren(ParentRunner.java:191)
	at org.junit.runners.ParentRunner.access$000(ParentRunner.java:42)
	at org.junit.runners.ParentRunner$2.evaluate(ParentRunner.java:184)
	at org.junit.runners.ParentRunner.run(ParentRunner.java:236)
	at org.apache.maven.surefire.junit4.JUnit4Provider.execute(JUnit4Provider.java:283)
	at org.apache.maven.surefire.junit4.JUnit4Provider.executeWithRerun(JUnit4Provider.java:173)
	at org.apache.maven.surefire.junit4.JUnit4Provider.executeTestSet(JUnit4Provider.java:153)
	at org.apache.maven.surefire.junit4.JUnit4Provider.invoke(JUnit4Provider.java:128)
	at org.apache.maven.surefire.booter.ForkedBooter.invokeProviderInSameClassLoader(ForkedBooter.java:203)
	at org.apache.maven.surefire.booter.ForkedBooter.runSuitesInProcess(ForkedBooter.java:155)
	at org.apache.maven.surefire.booter.ForkedBooter.main(ForkedBooter.java:103)
Caused by: org.nutz.ioc.IocException: IocBean[config] throw Exception when creating
	at org.nutz.ioc.impl.ObjectMakerImpl.make(ObjectMakerImpl.java:150)
	at org.nutz.ioc.impl.NutIoc.get(NutIoc.java:210)
	at org.nutz.ioc.impl.NutIoc.get(NutIoc.java:239)
	at org.nutz.ioc.java.IocObjectNode.getValue(IocObjectNode.java:19)
	at org.nutz.ioc.java.ChainNode.eval(ChainNode.java:24)
	at org.nutz.ioc.java.ChainNode.eval(ChainNode.java:19)
	at org.nutz.ioc.val.JavaValue.get(JavaValue.java:69)
	at org.nutz.ioc.weaver.FieldInjector.inject(FieldInjector.java:32)
	at org.nutz.ioc.weaver.DefaultWeaver.fill(DefaultWeaver.java:56)
	at org.nutz.ioc.impl.ObjectMakerImpl.make(ObjectMakerImpl.java:136)
	at org.nutz.ioc.impl.NutIoc.get(NutIoc.java:210)
	at org.nutz.ioc.val.ReferValue.get(ReferValue.java:24)
	at org.nutz.ioc.impl.ObjectMakerImpl.make(ObjectMakerImpl.java:62)
	at org.nutz.ioc.impl.NutIoc.get(NutIoc.java:210)
	at org.nutz.ioc.impl.NutIoc.get(NutIoc.java:239)
	at org.nutz.dao.test.DaoCase.setUp(DaoCase.java:22)
	at sun.reflect.GeneratedMethodAccessor23.invoke(Unknown Source)
	at sun.reflect.DelegatingMethodAccessorImpl.invoke(DelegatingMethodAccessorImpl.java:43)
	at java.lang.reflect.Method.invoke(Method.java:498)
	at org.junit.runners.model.FrameworkMethod$1.runReflectiveCall(FrameworkMethod.java:44)
	at org.junit.internal.runners.model.ReflectiveCallable.run(ReflectiveCallable.java:15)
	at org.junit.runners.model.FrameworkMethod.invokeExplosively(FrameworkMethod.java:41)
	at org.junit.internal.runners.statements.RunBefores.evaluate(RunBefores.java:27)
	at org.junit.internal.runners.statements.RunAfters.evaluate(RunAfters.java:31)
	at org.junit.runners.BlockJUnit4ClassRunner.runNotIgnored(BlockJUnit4ClassRunner.java:79)
	at org.junit.runners.BlockJUnit4ClassRunner.runChild(BlockJUnit4ClassRunner.java:71)
	at org.junit.runners.BlockJUnit4ClassRunner.runChild(BlockJUnit4ClassRunner.java:49)
	at org.junit.runners.ParentRunner$3.run(ParentRunner.java:193)
	at org.junit.runners.ParentRunner$1.schedule(ParentRunner.java:52)
	at org.junit.runners.ParentRunner.runChildren(ParentRunner.java:191)
	at org.junit.runners.ParentRunner.access$000(ParentRunner.java:42)
	at org.junit.runners.ParentRunner$2.evaluate(ParentRunner.java:184)
	at org.junit.runners.ParentRunner.run(ParentRunner.java:236)
	at org.apache.maven.surefire.junit4.JUnit4Provider.execute(JUnit4Provider.java:283)
	at org.apache.maven.surefire.junit4.JUnit4Provider.executeWithRerun(JUnit4Provider.java:173)
	at org.apache.maven.surefire.junit4.JUnit4Provider.executeTestSet(JUnit4Provider.java:153)
	at org.apache.maven.surefire.junit4.JUnit4Provider.invoke(JUnit4Provider.java:128)
	at org.apache.maven.surefire.booter.ForkedBooter.invokeProviderInSameClassLoader(ForkedBooter.java:203)
	at org.apache.maven.surefire.booter.ForkedBooter.runSuitesInProcess(ForkedBooter.java:155)
	at org.apache.maven.surefire.booter.ForkedBooter.main(ForkedBooter.java:103)
Caused by: java.lang.RuntimeException: IocBean[config] fail at field=[paths]
	at org.nutz.ioc.weaver.FieldInjector.inject(FieldInjector.java:40)
	at org.nutz.ioc.weaver.DefaultWeaver.fill(DefaultWeaver.java:56)
	at org.nutz.ioc.impl.ObjectMakerImpl.make(ObjectMakerImpl.java:136)
	at org.nutz.ioc.impl.NutIoc.get(NutIoc.java:210)
	at org.nutz.ioc.impl.NutIoc.get(NutIoc.java:239)
	at org.nutz.ioc.java.IocObjectNode.getValue(IocObjectNode.java:19)
	at org.nutz.ioc.java.ChainNode.eval(ChainNode.java:24)
	at org.nutz.ioc.java.ChainNode.eval(ChainNode.java:19)
	at org.nutz.ioc.val.JavaValue.get(JavaValue.java:69)
	at org.nutz.ioc.weaver.FieldInjector.inject(FieldInjector.java:32)
	at org.nutz.ioc.weaver.DefaultWeaver.fill(DefaultWeaver.java:56)
	at org.nutz.ioc.impl.ObjectMakerImpl.make(ObjectMakerImpl.java:136)
	at org.nutz.ioc.impl.NutIoc.get(NutIoc.java:210)
	at org.nutz.ioc.val.ReferValue.get(ReferValue.java:24)
	at org.nutz.ioc.impl.ObjectMakerImpl.make(ObjectMakerImpl.java:62)
	at org.nutz.ioc.impl.NutIoc.get(NutIoc.java:210)
	at org.nutz.ioc.impl.NutIoc.get(NutIoc.java:239)
	at org.nutz.dao.test.DaoCase.setUp(DaoCase.java:22)
	at sun.reflect.GeneratedMethodAccessor23.invoke(Unknown Source)
	at sun.reflect.DelegatingMethodAccessorImpl.invoke(DelegatingMethodAccessorImpl.java:43)
	at java.lang.reflect.Method.invoke(Method.java:498)
	at org.junit.runners.model.FrameworkMethod$1.runReflectiveCall(FrameworkMethod.java:44)
	at org.junit.internal.runners.model.ReflectiveCallable.run(ReflectiveCallable.java:15)
	at org.junit.runners.model.FrameworkMethod.invokeExplosively(FrameworkMethod.java:41)
	at org.junit.internal.runners.statements.RunBefores.evaluate(RunBefores.java:27)
	at org.junit.internal.runners.statements.RunAfters.evaluate(RunAfters.java:31)
	at org.junit.runners.BlockJUnit4ClassRunner.runNotIgnored(BlockJUnit4ClassRunner.java:79)
	at org.junit.runners.BlockJUnit4ClassRunner.runChild(BlockJUnit4ClassRunner.java:71)
	at org.junit.runners.BlockJUnit4ClassRunner.runChild(BlockJUnit4ClassRunner.java:49)
	at org.junit.runners.ParentRunner$3.run(ParentRunner.java:193)
	at org.junit.runners.ParentRunner$1.schedule(ParentRunner.java:52)
	at org.junit.runners.ParentRunner.runChildren(ParentRunner.java:191)
	at org.junit.runners.ParentRunner.access$000(ParentRunner.java:42)
	at org.junit.runners.ParentRunner$2.evaluate(ParentRunner.java:184)
	at org.junit.runners.ParentRunner.run(ParentRunner.java:236)
	at org.apache.maven.surefire.junit4.JUnit4Provider.execute(JUnit4Provider.java:283)
	at org.apache.maven.surefire.junit4.JUnit4Provider.executeWithRerun(JUnit4Provider.java:173)
	at org.apache.maven.surefire.junit4.JUnit4Provider.executeTestSet(JUnit4Provider.java:153)
	at org.apache.maven.surefire.junit4.JUnit4Provider.invoke(JUnit4Provider.java:128)
	at org.apache.maven.surefire.booter.ForkedBooter.invokeProviderInSameClassLoader(ForkedBooter.java:203)
	at org.apache.maven.surefire.booter.ForkedBooter.runSuitesInProcess(ForkedBooter.java:155)
	at org.apache.maven.surefire.booter.ForkedBooter.main(ForkedBooter.java:103)
Caused by: java.lang.RuntimeException: Fail to set '[nutz-test.properties]'[ [Ljava.lang.String;@52d3fafd ] by setter org.nutz.ioc.impl.PropertiesProxy.'setPaths()' because [java.lang.RuntimeException: folder or file like '^.+[.]properties$' no found in nutz-test.properties]: folder or file like '^.+[.]properties$' no found in nutz-test.properties
	at org.nutz.lang.Lang.wrapThrow(Lang.java:167)
	at org.nutz.lang.inject.InjectBySetter.inject(InjectBySetter.java:62)
	at org.nutz.ioc.weaver.FieldInjector.inject(FieldInjector.java:33)
	at org.nutz.ioc.weaver.DefaultWeaver.fill(DefaultWeaver.java:56)
	at org.nutz.ioc.impl.ObjectMakerImpl.make(ObjectMakerImpl.java:136)
	at org.nutz.ioc.impl.NutIoc.get(NutIoc.java:210)
	at org.nutz.ioc.impl.NutIoc.get(NutIoc.java:239)
	at org.nutz.ioc.java.IocObjectNode.getValue(IocObjectNode.java:19)
	at org.nutz.ioc.java.ChainNode.eval(ChainNode.java:24)
	at org.nutz.ioc.java.ChainNode.eval(ChainNode.java:19)
	at org.nutz.ioc.val.JavaValue.get(JavaValue.java:69)
	at org.nutz.ioc.weaver.FieldInjector.inject(FieldInjector.java:32)
	at org.nutz.ioc.weaver.DefaultWeaver.fill(DefaultWeaver.java:56)
	at org.nutz.ioc.impl.ObjectMakerImpl.make(ObjectMakerImpl.java:136)
	at org.nutz.ioc.impl.NutIoc.get(NutIoc.java:210)
	at org.nutz.ioc.val.ReferValue.get(ReferValue.java:24)
	at org.nutz.ioc.impl.ObjectMakerImpl.make(ObjectMakerImpl.java:62)
	at org.nutz.ioc.impl.NutIoc.get(NutIoc.java:210)
	at org.nutz.ioc.impl.NutIoc.get(NutIoc.java:239)
	at org.nutz.dao.test.DaoCase.setUp(DaoCase.java:22)
	at sun.reflect.GeneratedMethodAccessor23.invoke(Unknown Source)
	at sun.reflect.DelegatingMethodAccessorImpl.invoke(DelegatingMethodAccessorImpl.java:43)
	at java.lang.reflect.Method.invoke(Method.java:498)
	at org.junit.runners.model.FrameworkMethod$1.runReflectiveCall(FrameworkMethod.java:44)
	at org.junit.internal.runners.model.ReflectiveCallable.run(ReflectiveCallable.java:15)
	at org.junit.runners.model.FrameworkMethod.invokeExplosively(FrameworkMethod.java:41)
	at org.junit.internal.runners.statements.RunBefores.evaluate(RunBefores.java:27)
	at org.junit.internal.runners.statements.RunAfters.evaluate(RunAfters.java:31)
	at org.junit.runners.BlockJUnit4ClassRunner.runNotIgnored(BlockJUnit4ClassRunner.java:79)
	at org.junit.runners.BlockJUnit4ClassRunner.runChild(BlockJUnit4ClassRunner.java:71)
	at org.junit.runners.BlockJUnit4ClassRunner.runChild(BlockJUnit4ClassRunner.java:49)
	at org.junit.runners.ParentRunner$3.run(ParentRunner.java:193)
	at org.junit.runners.ParentRunner$1.schedule(ParentRunner.java:52)
	at org.junit.runners.ParentRunner.runChildren(ParentRunner.java:191)
	at org.junit.runners.ParentRunner.access$000(ParentRunner.java:42)
	at org.junit.runners.ParentRunner$2.evaluate(ParentRunner.java:184)
	at org.junit.runners.ParentRunner.run(ParentRunner.java:236)
	at org.apache.maven.surefire.junit4.JUnit4Provider.execute(JUnit4Provider.java:283)
	at org.apache.maven.surefire.junit4.JUnit4Provider.executeWithRerun(JUnit4Provider.java:173)
	at org.apache.maven.surefire.junit4.JUnit4Provider.executeTestSet(JUnit4Provider.java:153)
	at org.apache.maven.surefire.junit4.JUnit4Provider.invoke(JUnit4Provider.java:128)
	at org.apache.maven.surefire.booter.ForkedBooter.invokeProviderInSameClassLoader(ForkedBooter.java:203)
	at org.apache.maven.surefire.booter.ForkedBooter.runSuitesInProcess(ForkedBooter.java:155)
	at org.apache.maven.surefire.booter.ForkedBooter.main(ForkedBooter.java:103)
Caused by: java.lang.RuntimeException: folder or file like '^.+[.]properties$' no found in nutz-test.properties
	at org.nutz.lang.Lang.makeThrow(Lang.java:151)
	at org.nutz.resource.Scans.loadResource(Scans.java:112)
	at org.nutz.ioc.impl.PropertiesProxy.getResources(PropertiesProxy.java:153)
	at org.nutz.ioc.impl.PropertiesProxy.setPaths(PropertiesProxy.java:109)
	at org.nutz.ioc.impl.PropertiesProxy$FM$setPaths$d0275b2b871e237a38f11859247d1599.invoke(PropertiesProxy.java)
	at org.nutz.lang.inject.InjectBySetter.inject(InjectBySetter.java:51)
	at org.nutz.ioc.weaver.FieldInjector.inject(FieldInjector.java:33)
	at org.nutz.ioc.weaver.DefaultWeaver.fill(DefaultWeaver.java:56)
	at org.nutz.ioc.impl.ObjectMakerImpl.make(ObjectMakerImpl.java:136)
	at org.nutz.ioc.impl.NutIoc.get(NutIoc.java:210)
	at org.nutz.ioc.impl.NutIoc.get(NutIoc.java:239)
	at org.nutz.ioc.java.IocObjectNode.getValue(IocObjectNode.java:19)
	at org.nutz.ioc.java.ChainNode.eval(ChainNode.java:24)
	at org.nutz.ioc.java.ChainNode.eval(ChainNode.java:19)
	at org.nutz.ioc.val.JavaValue.get(JavaValue.java:69)
	at org.nutz.ioc.weaver.FieldInjector.inject(FieldInjector.java:32)
	at org.nutz.ioc.weaver.DefaultWeaver.fill(DefaultWeaver.java:56)
	at org.nutz.ioc.impl.ObjectMakerImpl.make(ObjectMakerImpl.java:136)
	at org.nutz.ioc.impl.NutIoc.get(NutIoc.java:210)
	at org.nutz.ioc.val.ReferValue.get(ReferValue.java:24)
	at org.nutz.ioc.impl.ObjectMakerImpl.make(ObjectMakerImpl.java:62)
	at org.nutz.ioc.impl.NutIoc.get(NutIoc.java:210)
	at org.nutz.ioc.impl.NutIoc.get(NutIoc.java:239)
	at org.nutz.dao.test.DaoCase.setUp(DaoCase.java:22)
	at sun.reflect.GeneratedMethodAccessor23.invoke(Unknown Source)
	at sun.reflect.DelegatingMethodAccessorImpl.invoke(DelegatingMethodAccessorImpl.java:43)
	at java.lang.reflect.Method.invoke(Method.java:498)
	at org.junit.runners.model.FrameworkMethod$1.runReflectiveCall(FrameworkMethod.java:44)
	at org.junit.internal.runners.model.ReflectiveCallable.run(ReflectiveCallable.java:15)
	at org.junit.runners.model.FrameworkMethod.invokeExplosively(FrameworkMethod.java:41)
	at org.junit.internal.runners.statements.RunBefores.evaluate(RunBefores.java:27)
	at org.junit.internal.runners.statements.RunAfters.evaluate(RunAfters.java:31)
	at org.junit.runners.BlockJUnit4ClassRunner.runNotIgnored(BlockJUnit4ClassRunner.java:79)
	at org.junit.runners.BlockJUnit4ClassRunner.runChild(BlockJUnit4ClassRunner.java:71)
	at org.junit.runners.BlockJUnit4ClassRunner.runChild(BlockJUnit4ClassRunner.java:49)
	at org.junit.runners.ParentRunner$3.run(ParentRunner.java:193)
	at org.junit.runners.ParentRunner$1.schedule(ParentRunner.java:52)
	at org.junit.runners.ParentRunner.runChildren(ParentRunner.java:191)
	at org.junit.runners.ParentRunner.access$000(ParentRunner.java:42)
	at org.junit.runners.ParentRunner$2.evaluate(ParentRunner.java:184)
	at org.junit.runners.ParentRunner.run(ParentRunner.java:236)
	at org.apache.maven.surefire.junit4.JUnit4Provider.execute(JUnit4Provider.java:283)
	at org.apache.maven.surefire.junit4.JUnit4Provider.executeWithRerun(JUnit4Provider.java:173)
	at org.apache.maven.surefire.junit4.JUnit4Provider.executeTestSet(JUnit4Provider.java:153)
	at org.apache.maven.surefire.junit4.JUnit4Provider.invoke(JUnit4Provider.java:128)
	at org.apache.maven.surefire.booter.ForkedBooter.invokeProviderInSameClassLoader(ForkedBooter.java:203)
	at org.apache.maven.surefire.booter.ForkedBooter.runSuitesInProcess(ForkedBooter.java:155)
	at org.apache.maven.surefire.booter.ForkedBooter.main(ForkedBooter.java:103)
</error>
  </testcase>
  <testcase name="test_order_by" classname="org.nutz.dao.test.normal.SimpleDaoTest" time="0">
    <error message="IocBean[dao -&gt; dataSource] throw Exception when creating" type="org.nutz.ioc.IocException">org.nutz.ioc.IocException: IocBean[dao -> dataSource] throw Exception when creating
	at org.nutz.ioc.impl.ObjectMakerImpl.make(ObjectMakerImpl.java:150)
	at org.nutz.ioc.impl.NutIoc.get(NutIoc.java:210)
	at org.nutz.ioc.val.ReferValue.get(ReferValue.java:24)
	at org.nutz.ioc.impl.ObjectMakerImpl.make(ObjectMakerImpl.java:62)
	at org.nutz.ioc.impl.NutIoc.get(NutIoc.java:210)
	at org.nutz.ioc.impl.NutIoc.get(NutIoc.java:239)
	at org.nutz.dao.test.DaoCase.setUp(DaoCase.java:22)
	at sun.reflect.GeneratedMethodAccessor23.invoke(Unknown Source)
	at sun.reflect.DelegatingMethodAccessorImpl.invoke(DelegatingMethodAccessorImpl.java:43)
	at java.lang.reflect.Method.invoke(Method.java:498)
	at org.junit.runners.model.FrameworkMethod$1.runReflectiveCall(FrameworkMethod.java:44)
	at org.junit.internal.runners.model.ReflectiveCallable.run(ReflectiveCallable.java:15)
	at org.junit.runners.model.FrameworkMethod.invokeExplosively(FrameworkMethod.java:41)
	at org.junit.internal.runners.statements.RunBefores.evaluate(RunBefores.java:27)
	at org.junit.internal.runners.statements.RunAfters.evaluate(RunAfters.java:31)
	at org.junit.runners.BlockJUnit4ClassRunner.runNotIgnored(BlockJUnit4ClassRunner.java:79)
	at org.junit.runners.BlockJUnit4ClassRunner.runChild(BlockJUnit4ClassRunner.java:71)
	at org.junit.runners.BlockJUnit4ClassRunner.runChild(BlockJUnit4ClassRunner.java:49)
	at org.junit.runners.ParentRunner$3.run(ParentRunner.java:193)
	at org.junit.runners.ParentRunner$1.schedule(ParentRunner.java:52)
	at org.junit.runners.ParentRunner.runChildren(ParentRunner.java:191)
	at org.junit.runners.ParentRunner.access$000(ParentRunner.java:42)
	at org.junit.runners.ParentRunner$2.evaluate(ParentRunner.java:184)
	at org.junit.runners.ParentRunner.run(ParentRunner.java:236)
	at org.apache.maven.surefire.junit4.JUnit4Provider.execute(JUnit4Provider.java:283)
	at org.apache.maven.surefire.junit4.JUnit4Provider.executeWithRerun(JUnit4Provider.java:173)
	at org.apache.maven.surefire.junit4.JUnit4Provider.executeTestSet(JUnit4Provider.java:153)
	at org.apache.maven.surefire.junit4.JUnit4Provider.invoke(JUnit4Provider.java:128)
	at org.apache.maven.surefire.booter.ForkedBooter.invokeProviderInSameClassLoader(ForkedBooter.java:203)
	at org.apache.maven.surefire.booter.ForkedBooter.runSuitesInProcess(ForkedBooter.java:155)
	at org.apache.maven.surefire.booter.ForkedBooter.main(ForkedBooter.java:103)
Caused by: java.lang.RuntimeException: IocBean[dataSource] fail at field=[driverClassName]
	at org.nutz.ioc.weaver.FieldInjector.inject(FieldInjector.java:40)
	at org.nutz.ioc.weaver.DefaultWeaver.fill(DefaultWeaver.java:56)
	at org.nutz.ioc.impl.ObjectMakerImpl.make(ObjectMakerImpl.java:136)
	at org.nutz.ioc.impl.NutIoc.get(NutIoc.java:210)
	at org.nutz.ioc.val.ReferValue.get(ReferValue.java:24)
	at org.nutz.ioc.impl.ObjectMakerImpl.make(ObjectMakerImpl.java:62)
	at org.nutz.ioc.impl.NutIoc.get(NutIoc.java:210)
	at org.nutz.ioc.impl.NutIoc.get(NutIoc.java:239)
	at org.nutz.dao.test.DaoCase.setUp(DaoCase.java:22)
	at sun.reflect.GeneratedMethodAccessor23.invoke(Unknown Source)
	at sun.reflect.DelegatingMethodAccessorImpl.invoke(DelegatingMethodAccessorImpl.java:43)
	at java.lang.reflect.Method.invoke(Method.java:498)
	at org.junit.runners.model.FrameworkMethod$1.runReflectiveCall(FrameworkMethod.java:44)
	at org.junit.internal.runners.model.ReflectiveCallable.run(ReflectiveCallable.java:15)
	at org.junit.runners.model.FrameworkMethod.invokeExplosively(FrameworkMethod.java:41)
	at org.junit.internal.runners.statements.RunBefores.evaluate(RunBefores.java:27)
	at org.junit.internal.runners.statements.RunAfters.evaluate(RunAfters.java:31)
	at org.junit.runners.BlockJUnit4ClassRunner.runNotIgnored(BlockJUnit4ClassRunner.java:79)
	at org.junit.runners.BlockJUnit4ClassRunner.runChild(BlockJUnit4ClassRunner.java:71)
	at org.junit.runners.BlockJUnit4ClassRunner.runChild(BlockJUnit4ClassRunner.java:49)
	at org.junit.runners.ParentRunner$3.run(ParentRunner.java:193)
	at org.junit.runners.ParentRunner$1.schedule(ParentRunner.java:52)
	at org.junit.runners.ParentRunner.runChildren(ParentRunner.java:191)
	at org.junit.runners.ParentRunner.access$000(ParentRunner.java:42)
	at org.junit.runners.ParentRunner$2.evaluate(ParentRunner.java:184)
	at org.junit.runners.ParentRunner.run(ParentRunner.java:236)
	at org.apache.maven.surefire.junit4.JUnit4Provider.execute(JUnit4Provider.java:283)
	at org.apache.maven.surefire.junit4.JUnit4Provider.executeWithRerun(JUnit4Provider.java:173)
	at org.apache.maven.surefire.junit4.JUnit4Provider.executeTestSet(JUnit4Provider.java:153)
	at org.apache.maven.surefire.junit4.JUnit4Provider.invoke(JUnit4Provider.java:128)
	at org.apache.maven.surefire.booter.ForkedBooter.invokeProviderInSameClassLoader(ForkedBooter.java:203)
	at org.apache.maven.surefire.booter.ForkedBooter.runSuitesInProcess(ForkedBooter.java:155)
	at org.apache.maven.surefire.booter.ForkedBooter.main(ForkedBooter.java:103)
Caused by: org.nutz.ioc.IocException: IocBean[config] throw Exception when creating
	at org.nutz.ioc.impl.ObjectMakerImpl.make(ObjectMakerImpl.java:150)
	at org.nutz.ioc.impl.NutIoc.get(NutIoc.java:210)
	at org.nutz.ioc.impl.NutIoc.get(NutIoc.java:239)
	at org.nutz.ioc.java.IocObjectNode.getValue(IocObjectNode.java:19)
	at org.nutz.ioc.java.ChainNode.eval(ChainNode.java:24)
	at org.nutz.ioc.java.ChainNode.eval(ChainNode.java:19)
	at org.nutz.ioc.val.JavaValue.get(JavaValue.java:69)
	at org.nutz.ioc.weaver.FieldInjector.inject(FieldInjector.java:32)
	at org.nutz.ioc.weaver.DefaultWeaver.fill(DefaultWeaver.java:56)
	at org.nutz.ioc.impl.ObjectMakerImpl.make(ObjectMakerImpl.java:136)
	at org.nutz.ioc.impl.NutIoc.get(NutIoc.java:210)
	at org.nutz.ioc.val.ReferValue.get(ReferValue.java:24)
	at org.nutz.ioc.impl.ObjectMakerImpl.make(ObjectMakerImpl.java:62)
	at org.nutz.ioc.impl.NutIoc.get(NutIoc.java:210)
	at org.nutz.ioc.impl.NutIoc.get(NutIoc.java:239)
	at org.nutz.dao.test.DaoCase.setUp(DaoCase.java:22)
	at sun.reflect.GeneratedMethodAccessor23.invoke(Unknown Source)
	at sun.reflect.DelegatingMethodAccessorImpl.invoke(DelegatingMethodAccessorImpl.java:43)
	at java.lang.reflect.Method.invoke(Method.java:498)
	at org.junit.runners.model.FrameworkMethod$1.runReflectiveCall(FrameworkMethod.java:44)
	at org.junit.internal.runners.model.ReflectiveCallable.run(ReflectiveCallable.java:15)
	at org.junit.runners.model.FrameworkMethod.invokeExplosively(FrameworkMethod.java:41)
	at org.junit.internal.runners.statements.RunBefores.evaluate(RunBefores.java:27)
	at org.junit.internal.runners.statements.RunAfters.evaluate(RunAfters.java:31)
	at org.junit.runners.BlockJUnit4ClassRunner.runNotIgnored(BlockJUnit4ClassRunner.java:79)
	at org.junit.runners.BlockJUnit4ClassRunner.runChild(BlockJUnit4ClassRunner.java:71)
	at org.junit.runners.BlockJUnit4ClassRunner.runChild(BlockJUnit4ClassRunner.java:49)
	at org.junit.runners.ParentRunner$3.run(ParentRunner.java:193)
	at org.junit.runners.ParentRunner$1.schedule(ParentRunner.java:52)
	at org.junit.runners.ParentRunner.runChildren(ParentRunner.java:191)
	at org.junit.runners.ParentRunner.access$000(ParentRunner.java:42)
	at org.junit.runners.ParentRunner$2.evaluate(ParentRunner.java:184)
	at org.junit.runners.ParentRunner.run(ParentRunner.java:236)
	at org.apache.maven.surefire.junit4.JUnit4Provider.execute(JUnit4Provider.java:283)
	at org.apache.maven.surefire.junit4.JUnit4Provider.executeWithRerun(JUnit4Provider.java:173)
	at org.apache.maven.surefire.junit4.JUnit4Provider.executeTestSet(JUnit4Provider.java:153)
	at org.apache.maven.surefire.junit4.JUnit4Provider.invoke(JUnit4Provider.java:128)
	at org.apache.maven.surefire.booter.ForkedBooter.invokeProviderInSameClassLoader(ForkedBooter.java:203)
	at org.apache.maven.surefire.booter.ForkedBooter.runSuitesInProcess(ForkedBooter.java:155)
	at org.apache.maven.surefire.booter.ForkedBooter.main(ForkedBooter.java:103)
Caused by: java.lang.RuntimeException: IocBean[config] fail at field=[paths]
	at org.nutz.ioc.weaver.FieldInjector.inject(FieldInjector.java:40)
	at org.nutz.ioc.weaver.DefaultWeaver.fill(DefaultWeaver.java:56)
	at org.nutz.ioc.impl.ObjectMakerImpl.make(ObjectMakerImpl.java:136)
	at org.nutz.ioc.impl.NutIoc.get(NutIoc.java:210)
	at org.nutz.ioc.impl.NutIoc.get(NutIoc.java:239)
	at org.nutz.ioc.java.IocObjectNode.getValue(IocObjectNode.java:19)
	at org.nutz.ioc.java.ChainNode.eval(ChainNode.java:24)
	at org.nutz.ioc.java.ChainNode.eval(ChainNode.java:19)
	at org.nutz.ioc.val.JavaValue.get(JavaValue.java:69)
	at org.nutz.ioc.weaver.FieldInjector.inject(FieldInjector.java:32)
	at org.nutz.ioc.weaver.DefaultWeaver.fill(DefaultWeaver.java:56)
	at org.nutz.ioc.impl.ObjectMakerImpl.make(ObjectMakerImpl.java:136)
	at org.nutz.ioc.impl.NutIoc.get(NutIoc.java:210)
	at org.nutz.ioc.val.ReferValue.get(ReferValue.java:24)
	at org.nutz.ioc.impl.ObjectMakerImpl.make(ObjectMakerImpl.java:62)
	at org.nutz.ioc.impl.NutIoc.get(NutIoc.java:210)
	at org.nutz.ioc.impl.NutIoc.get(NutIoc.java:239)
	at org.nutz.dao.test.DaoCase.setUp(DaoCase.java:22)
	at sun.reflect.GeneratedMethodAccessor23.invoke(Unknown Source)
	at sun.reflect.DelegatingMethodAccessorImpl.invoke(DelegatingMethodAccessorImpl.java:43)
	at java.lang.reflect.Method.invoke(Method.java:498)
	at org.junit.runners.model.FrameworkMethod$1.runReflectiveCall(FrameworkMethod.java:44)
	at org.junit.internal.runners.model.ReflectiveCallable.run(ReflectiveCallable.java:15)
	at org.junit.runners.model.FrameworkMethod.invokeExplosively(FrameworkMethod.java:41)
	at org.junit.internal.runners.statements.RunBefores.evaluate(RunBefores.java:27)
	at org.junit.internal.runners.statements.RunAfters.evaluate(RunAfters.java:31)
	at org.junit.runners.BlockJUnit4ClassRunner.runNotIgnored(BlockJUnit4ClassRunner.java:79)
	at org.junit.runners.BlockJUnit4ClassRunner.runChild(BlockJUnit4ClassRunner.java:71)
	at org.junit.runners.BlockJUnit4ClassRunner.runChild(BlockJUnit4ClassRunner.java:49)
	at org.junit.runners.ParentRunner$3.run(ParentRunner.java:193)
	at org.junit.runners.ParentRunner$1.schedule(ParentRunner.java:52)
	at org.junit.runners.ParentRunner.runChildren(ParentRunner.java:191)
	at org.junit.runners.ParentRunner.access$000(ParentRunner.java:42)
	at org.junit.runners.ParentRunner$2.evaluate(ParentRunner.java:184)
	at org.junit.runners.ParentRunner.run(ParentRunner.java:236)
	at org.apache.maven.surefire.junit4.JUnit4Provider.execute(JUnit4Provider.java:283)
	at org.apache.maven.surefire.junit4.JUnit4Provider.executeWithRerun(JUnit4Provider.java:173)
	at org.apache.maven.surefire.junit4.JUnit4Provider.executeTestSet(JUnit4Provider.java:153)
	at org.apache.maven.surefire.junit4.JUnit4Provider.invoke(JUnit4Provider.java:128)
	at org.apache.maven.surefire.booter.ForkedBooter.invokeProviderInSameClassLoader(ForkedBooter.java:203)
	at org.apache.maven.surefire.booter.ForkedBooter.runSuitesInProcess(ForkedBooter.java:155)
	at org.apache.maven.surefire.booter.ForkedBooter.main(ForkedBooter.java:103)
Caused by: java.lang.RuntimeException: Fail to set '[nutz-test.properties]'[ [Ljava.lang.String;@7f0b93b4 ] by setter org.nutz.ioc.impl.PropertiesProxy.'setPaths()' because [java.lang.RuntimeException: folder or file like '^.+[.]properties$' no found in nutz-test.properties]: folder or file like '^.+[.]properties$' no found in nutz-test.properties
	at org.nutz.lang.Lang.wrapThrow(Lang.java:167)
	at org.nutz.lang.inject.InjectBySetter.inject(InjectBySetter.java:62)
	at org.nutz.ioc.weaver.FieldInjector.inject(FieldInjector.java:33)
	at org.nutz.ioc.weaver.DefaultWeaver.fill(DefaultWeaver.java:56)
	at org.nutz.ioc.impl.ObjectMakerImpl.make(ObjectMakerImpl.java:136)
	at org.nutz.ioc.impl.NutIoc.get(NutIoc.java:210)
	at org.nutz.ioc.impl.NutIoc.get(NutIoc.java:239)
	at org.nutz.ioc.java.IocObjectNode.getValue(IocObjectNode.java:19)
	at org.nutz.ioc.java.ChainNode.eval(ChainNode.java:24)
	at org.nutz.ioc.java.ChainNode.eval(ChainNode.java:19)
	at org.nutz.ioc.val.JavaValue.get(JavaValue.java:69)
	at org.nutz.ioc.weaver.FieldInjector.inject(FieldInjector.java:32)
	at org.nutz.ioc.weaver.DefaultWeaver.fill(DefaultWeaver.java:56)
	at org.nutz.ioc.impl.ObjectMakerImpl.make(ObjectMakerImpl.java:136)
	at org.nutz.ioc.impl.NutIoc.get(NutIoc.java:210)
	at org.nutz.ioc.val.ReferValue.get(ReferValue.java:24)
	at org.nutz.ioc.impl.ObjectMakerImpl.make(ObjectMakerImpl.java:62)
	at org.nutz.ioc.impl.NutIoc.get(NutIoc.java:210)
	at org.nutz.ioc.impl.NutIoc.get(NutIoc.java:239)
	at org.nutz.dao.test.DaoCase.setUp(DaoCase.java:22)
	at sun.reflect.GeneratedMethodAccessor23.invoke(Unknown Source)
	at sun.reflect.DelegatingMethodAccessorImpl.invoke(DelegatingMethodAccessorImpl.java:43)
	at java.lang.reflect.Method.invoke(Method.java:498)
	at org.junit.runners.model.FrameworkMethod$1.runReflectiveCall(FrameworkMethod.java:44)
	at org.junit.internal.runners.model.ReflectiveCallable.run(ReflectiveCallable.java:15)
	at org.junit.runners.model.FrameworkMethod.invokeExplosively(FrameworkMethod.java:41)
	at org.junit.internal.runners.statements.RunBefores.evaluate(RunBefores.java:27)
	at org.junit.internal.runners.statements.RunAfters.evaluate(RunAfters.java:31)
	at org.junit.runners.BlockJUnit4ClassRunner.runNotIgnored(BlockJUnit4ClassRunner.java:79)
	at org.junit.runners.BlockJUnit4ClassRunner.runChild(BlockJUnit4ClassRunner.java:71)
	at org.junit.runners.BlockJUnit4ClassRunner.runChild(BlockJUnit4ClassRunner.java:49)
	at org.junit.runners.ParentRunner$3.run(ParentRunner.java:193)
	at org.junit.runners.ParentRunner$1.schedule(ParentRunner.java:52)
	at org.junit.runners.ParentRunner.runChildren(ParentRunner.java:191)
	at org.junit.runners.ParentRunner.access$000(ParentRunner.java:42)
	at org.junit.runners.ParentRunner$2.evaluate(ParentRunner.java:184)
	at org.junit.runners.ParentRunner.run(ParentRunner.java:236)
	at org.apache.maven.surefire.junit4.JUnit4Provider.execute(JUnit4Provider.java:283)
	at org.apache.maven.surefire.junit4.JUnit4Provider.executeWithRerun(JUnit4Provider.java:173)
	at org.apache.maven.surefire.junit4.JUnit4Provider.executeTestSet(JUnit4Provider.java:153)
	at org.apache.maven.surefire.junit4.JUnit4Provider.invoke(JUnit4Provider.java:128)
	at org.apache.maven.surefire.booter.ForkedBooter.invokeProviderInSameClassLoader(ForkedBooter.java:203)
	at org.apache.maven.surefire.booter.ForkedBooter.runSuitesInProcess(ForkedBooter.java:155)
	at org.apache.maven.surefire.booter.ForkedBooter.main(ForkedBooter.java:103)
Caused by: java.lang.RuntimeException: folder or file like '^.+[.]properties$' no found in nutz-test.properties
	at org.nutz.lang.Lang.makeThrow(Lang.java:151)
	at org.nutz.resource.Scans.loadResource(Scans.java:112)
	at org.nutz.ioc.impl.PropertiesProxy.getResources(PropertiesProxy.java:153)
	at org.nutz.ioc.impl.PropertiesProxy.setPaths(PropertiesProxy.java:109)
	at org.nutz.ioc.impl.PropertiesProxy$FM$setPaths$d0275b2b871e237a38f11859247d1599.invoke(PropertiesProxy.java)
	at org.nutz.lang.inject.InjectBySetter.inject(InjectBySetter.java:51)
	at org.nutz.ioc.weaver.FieldInjector.inject(FieldInjector.java:33)
	at org.nutz.ioc.weaver.DefaultWeaver.fill(DefaultWeaver.java:56)
	at org.nutz.ioc.impl.ObjectMakerImpl.make(ObjectMakerImpl.java:136)
	at org.nutz.ioc.impl.NutIoc.get(NutIoc.java:210)
	at org.nutz.ioc.impl.NutIoc.get(NutIoc.java:239)
	at org.nutz.ioc.java.IocObjectNode.getValue(IocObjectNode.java:19)
	at org.nutz.ioc.java.ChainNode.eval(ChainNode.java:24)
	at org.nutz.ioc.java.ChainNode.eval(ChainNode.java:19)
	at org.nutz.ioc.val.JavaValue.get(JavaValue.java:69)
	at org.nutz.ioc.weaver.FieldInjector.inject(FieldInjector.java:32)
	at org.nutz.ioc.weaver.DefaultWeaver.fill(DefaultWeaver.java:56)
	at org.nutz.ioc.impl.ObjectMakerImpl.make(ObjectMakerImpl.java:136)
	at org.nutz.ioc.impl.NutIoc.get(NutIoc.java:210)
	at org.nutz.ioc.val.ReferValue.get(ReferValue.java:24)
	at org.nutz.ioc.impl.ObjectMakerImpl.make(ObjectMakerImpl.java:62)
	at org.nutz.ioc.impl.NutIoc.get(NutIoc.java:210)
	at org.nutz.ioc.impl.NutIoc.get(NutIoc.java:239)
	at org.nutz.dao.test.DaoCase.setUp(DaoCase.java:22)
	at sun.reflect.GeneratedMethodAccessor23.invoke(Unknown Source)
	at sun.reflect.DelegatingMethodAccessorImpl.invoke(DelegatingMethodAccessorImpl.java:43)
	at java.lang.reflect.Method.invoke(Method.java:498)
	at org.junit.runners.model.FrameworkMethod$1.runReflectiveCall(FrameworkMethod.java:44)
	at org.junit.internal.runners.model.ReflectiveCallable.run(ReflectiveCallable.java:15)
	at org.junit.runners.model.FrameworkMethod.invokeExplosively(FrameworkMethod.java:41)
	at org.junit.internal.runners.statements.RunBefores.evaluate(RunBefores.java:27)
	at org.junit.internal.runners.statements.RunAfters.evaluate(RunAfters.java:31)
	at org.junit.runners.BlockJUnit4ClassRunner.runNotIgnored(BlockJUnit4ClassRunner.java:79)
	at org.junit.runners.BlockJUnit4ClassRunner.runChild(BlockJUnit4ClassRunner.java:71)
	at org.junit.runners.BlockJUnit4ClassRunner.runChild(BlockJUnit4ClassRunner.java:49)
	at org.junit.runners.ParentRunner$3.run(ParentRunner.java:193)
	at org.junit.runners.ParentRunner$1.schedule(ParentRunner.java:52)
	at org.junit.runners.ParentRunner.runChildren(ParentRunner.java:191)
	at org.junit.runners.ParentRunner.access$000(ParentRunner.java:42)
	at org.junit.runners.ParentRunner$2.evaluate(ParentRunner.java:184)
	at org.junit.runners.ParentRunner.run(ParentRunner.java:236)
	at org.apache.maven.surefire.junit4.JUnit4Provider.execute(JUnit4Provider.java:283)
	at org.apache.maven.surefire.junit4.JUnit4Provider.executeWithRerun(JUnit4Provider.java:173)
	at org.apache.maven.surefire.junit4.JUnit4Provider.executeTestSet(JUnit4Provider.java:153)
	at org.apache.maven.surefire.junit4.JUnit4Provider.invoke(JUnit4Provider.java:128)
	at org.apache.maven.surefire.booter.ForkedBooter.invokeProviderInSameClassLoader(ForkedBooter.java:203)
	at org.apache.maven.surefire.booter.ForkedBooter.runSuitesInProcess(ForkedBooter.java:155)
	at org.apache.maven.surefire.booter.ForkedBooter.main(ForkedBooter.java:103)
</error>
  </testcase>
  <testcase name="test_insert_readonly" classname="org.nutz.dao.test.normal.SimpleDaoTest" time="0">
    <error message="IocBean[dao -&gt; dataSource] throw Exception when creating" type="org.nutz.ioc.IocException">org.nutz.ioc.IocException: IocBean[dao -> dataSource] throw Exception when creating
	at org.nutz.ioc.impl.ObjectMakerImpl.make(ObjectMakerImpl.java:150)
	at org.nutz.ioc.impl.NutIoc.get(NutIoc.java:210)
	at org.nutz.ioc.val.ReferValue.get(ReferValue.java:24)
	at org.nutz.ioc.impl.ObjectMakerImpl.make(ObjectMakerImpl.java:62)
	at org.nutz.ioc.impl.NutIoc.get(NutIoc.java:210)
	at org.nutz.ioc.impl.NutIoc.get(NutIoc.java:239)
	at org.nutz.dao.test.DaoCase.setUp(DaoCase.java:22)
	at sun.reflect.GeneratedMethodAccessor23.invoke(Unknown Source)
	at sun.reflect.DelegatingMethodAccessorImpl.invoke(DelegatingMethodAccessorImpl.java:43)
	at java.lang.reflect.Method.invoke(Method.java:498)
	at org.junit.runners.model.FrameworkMethod$1.runReflectiveCall(FrameworkMethod.java:44)
	at org.junit.internal.runners.model.ReflectiveCallable.run(ReflectiveCallable.java:15)
	at org.junit.runners.model.FrameworkMethod.invokeExplosively(FrameworkMethod.java:41)
	at org.junit.internal.runners.statements.RunBefores.evaluate(RunBefores.java:27)
	at org.junit.internal.runners.statements.RunAfters.evaluate(RunAfters.java:31)
	at org.junit.runners.BlockJUnit4ClassRunner.runNotIgnored(BlockJUnit4ClassRunner.java:79)
	at org.junit.runners.BlockJUnit4ClassRunner.runChild(BlockJUnit4ClassRunner.java:71)
	at org.junit.runners.BlockJUnit4ClassRunner.runChild(BlockJUnit4ClassRunner.java:49)
	at org.junit.runners.ParentRunner$3.run(ParentRunner.java:193)
	at org.junit.runners.ParentRunner$1.schedule(ParentRunner.java:52)
	at org.junit.runners.ParentRunner.runChildren(ParentRunner.java:191)
	at org.junit.runners.ParentRunner.access$000(ParentRunner.java:42)
	at org.junit.runners.ParentRunner$2.evaluate(ParentRunner.java:184)
	at org.junit.runners.ParentRunner.run(ParentRunner.java:236)
	at org.apache.maven.surefire.junit4.JUnit4Provider.execute(JUnit4Provider.java:283)
	at org.apache.maven.surefire.junit4.JUnit4Provider.executeWithRerun(JUnit4Provider.java:173)
	at org.apache.maven.surefire.junit4.JUnit4Provider.executeTestSet(JUnit4Provider.java:153)
	at org.apache.maven.surefire.junit4.JUnit4Provider.invoke(JUnit4Provider.java:128)
	at org.apache.maven.surefire.booter.ForkedBooter.invokeProviderInSameClassLoader(ForkedBooter.java:203)
	at org.apache.maven.surefire.booter.ForkedBooter.runSuitesInProcess(ForkedBooter.java:155)
	at org.apache.maven.surefire.booter.ForkedBooter.main(ForkedBooter.java:103)
Caused by: java.lang.RuntimeException: IocBean[dataSource] fail at field=[driverClassName]
	at org.nutz.ioc.weaver.FieldInjector.inject(FieldInjector.java:40)
	at org.nutz.ioc.weaver.DefaultWeaver.fill(DefaultWeaver.java:56)
	at org.nutz.ioc.impl.ObjectMakerImpl.make(ObjectMakerImpl.java:136)
	at org.nutz.ioc.impl.NutIoc.get(NutIoc.java:210)
	at org.nutz.ioc.val.ReferValue.get(ReferValue.java:24)
	at org.nutz.ioc.impl.ObjectMakerImpl.make(ObjectMakerImpl.java:62)
	at org.nutz.ioc.impl.NutIoc.get(NutIoc.java:210)
	at org.nutz.ioc.impl.NutIoc.get(NutIoc.java:239)
	at org.nutz.dao.test.DaoCase.setUp(DaoCase.java:22)
	at sun.reflect.GeneratedMethodAccessor23.invoke(Unknown Source)
	at sun.reflect.DelegatingMethodAccessorImpl.invoke(DelegatingMethodAccessorImpl.java:43)
	at java.lang.reflect.Method.invoke(Method.java:498)
	at org.junit.runners.model.FrameworkMethod$1.runReflectiveCall(FrameworkMethod.java:44)
	at org.junit.internal.runners.model.ReflectiveCallable.run(ReflectiveCallable.java:15)
	at org.junit.runners.model.FrameworkMethod.invokeExplosively(FrameworkMethod.java:41)
	at org.junit.internal.runners.statements.RunBefores.evaluate(RunBefores.java:27)
	at org.junit.internal.runners.statements.RunAfters.evaluate(RunAfters.java:31)
	at org.junit.runners.BlockJUnit4ClassRunner.runNotIgnored(BlockJUnit4ClassRunner.java:79)
	at org.junit.runners.BlockJUnit4ClassRunner.runChild(BlockJUnit4ClassRunner.java:71)
	at org.junit.runners.BlockJUnit4ClassRunner.runChild(BlockJUnit4ClassRunner.java:49)
	at org.junit.runners.ParentRunner$3.run(ParentRunner.java:193)
	at org.junit.runners.ParentRunner$1.schedule(ParentRunner.java:52)
	at org.junit.runners.ParentRunner.runChildren(ParentRunner.java:191)
	at org.junit.runners.ParentRunner.access$000(ParentRunner.java:42)
	at org.junit.runners.ParentRunner$2.evaluate(ParentRunner.java:184)
	at org.junit.runners.ParentRunner.run(ParentRunner.java:236)
	at org.apache.maven.surefire.junit4.JUnit4Provider.execute(JUnit4Provider.java:283)
	at org.apache.maven.surefire.junit4.JUnit4Provider.executeWithRerun(JUnit4Provider.java:173)
	at org.apache.maven.surefire.junit4.JUnit4Provider.executeTestSet(JUnit4Provider.java:153)
	at org.apache.maven.surefire.junit4.JUnit4Provider.invoke(JUnit4Provider.java:128)
	at org.apache.maven.surefire.booter.ForkedBooter.invokeProviderInSameClassLoader(ForkedBooter.java:203)
	at org.apache.maven.surefire.booter.ForkedBooter.runSuitesInProcess(ForkedBooter.java:155)
	at org.apache.maven.surefire.booter.ForkedBooter.main(ForkedBooter.java:103)
Caused by: org.nutz.ioc.IocException: IocBean[config] throw Exception when creating
	at org.nutz.ioc.impl.ObjectMakerImpl.make(ObjectMakerImpl.java:150)
	at org.nutz.ioc.impl.NutIoc.get(NutIoc.java:210)
	at org.nutz.ioc.impl.NutIoc.get(NutIoc.java:239)
	at org.nutz.ioc.java.IocObjectNode.getValue(IocObjectNode.java:19)
	at org.nutz.ioc.java.ChainNode.eval(ChainNode.java:24)
	at org.nutz.ioc.java.ChainNode.eval(ChainNode.java:19)
	at org.nutz.ioc.val.JavaValue.get(JavaValue.java:69)
	at org.nutz.ioc.weaver.FieldInjector.inject(FieldInjector.java:32)
	at org.nutz.ioc.weaver.DefaultWeaver.fill(DefaultWeaver.java:56)
	at org.nutz.ioc.impl.ObjectMakerImpl.make(ObjectMakerImpl.java:136)
	at org.nutz.ioc.impl.NutIoc.get(NutIoc.java:210)
	at org.nutz.ioc.val.ReferValue.get(ReferValue.java:24)
	at org.nutz.ioc.impl.ObjectMakerImpl.make(ObjectMakerImpl.java:62)
	at org.nutz.ioc.impl.NutIoc.get(NutIoc.java:210)
	at org.nutz.ioc.impl.NutIoc.get(NutIoc.java:239)
	at org.nutz.dao.test.DaoCase.setUp(DaoCase.java:22)
	at sun.reflect.GeneratedMethodAccessor23.invoke(Unknown Source)
	at sun.reflect.DelegatingMethodAccessorImpl.invoke(DelegatingMethodAccessorImpl.java:43)
	at java.lang.reflect.Method.invoke(Method.java:498)
	at org.junit.runners.model.FrameworkMethod$1.runReflectiveCall(FrameworkMethod.java:44)
	at org.junit.internal.runners.model.ReflectiveCallable.run(ReflectiveCallable.java:15)
	at org.junit.runners.model.FrameworkMethod.invokeExplosively(FrameworkMethod.java:41)
	at org.junit.internal.runners.statements.RunBefores.evaluate(RunBefores.java:27)
	at org.junit.internal.runners.statements.RunAfters.evaluate(RunAfters.java:31)
	at org.junit.runners.BlockJUnit4ClassRunner.runNotIgnored(BlockJUnit4ClassRunner.java:79)
	at org.junit.runners.BlockJUnit4ClassRunner.runChild(BlockJUnit4ClassRunner.java:71)
	at org.junit.runners.BlockJUnit4ClassRunner.runChild(BlockJUnit4ClassRunner.java:49)
	at org.junit.runners.ParentRunner$3.run(ParentRunner.java:193)
	at org.junit.runners.ParentRunner$1.schedule(ParentRunner.java:52)
	at org.junit.runners.ParentRunner.runChildren(ParentRunner.java:191)
	at org.junit.runners.ParentRunner.access$000(ParentRunner.java:42)
	at org.junit.runners.ParentRunner$2.evaluate(ParentRunner.java:184)
	at org.junit.runners.ParentRunner.run(ParentRunner.java:236)
	at org.apache.maven.surefire.junit4.JUnit4Provider.execute(JUnit4Provider.java:283)
	at org.apache.maven.surefire.junit4.JUnit4Provider.executeWithRerun(JUnit4Provider.java:173)
	at org.apache.maven.surefire.junit4.JUnit4Provider.executeTestSet(JUnit4Provider.java:153)
	at org.apache.maven.surefire.junit4.JUnit4Provider.invoke(JUnit4Provider.java:128)
	at org.apache.maven.surefire.booter.ForkedBooter.invokeProviderInSameClassLoader(ForkedBooter.java:203)
	at org.apache.maven.surefire.booter.ForkedBooter.runSuitesInProcess(ForkedBooter.java:155)
	at org.apache.maven.surefire.booter.ForkedBooter.main(ForkedBooter.java:103)
Caused by: java.lang.RuntimeException: IocBean[config] fail at field=[paths]
	at org.nutz.ioc.weaver.FieldInjector.inject(FieldInjector.java:40)
	at org.nutz.ioc.weaver.DefaultWeaver.fill(DefaultWeaver.java:56)
	at org.nutz.ioc.impl.ObjectMakerImpl.make(ObjectMakerImpl.java:136)
	at org.nutz.ioc.impl.NutIoc.get(NutIoc.java:210)
	at org.nutz.ioc.impl.NutIoc.get(NutIoc.java:239)
	at org.nutz.ioc.java.IocObjectNode.getValue(IocObjectNode.java:19)
	at org.nutz.ioc.java.ChainNode.eval(ChainNode.java:24)
	at org.nutz.ioc.java.ChainNode.eval(ChainNode.java:19)
	at org.nutz.ioc.val.JavaValue.get(JavaValue.java:69)
	at org.nutz.ioc.weaver.FieldInjector.inject(FieldInjector.java:32)
	at org.nutz.ioc.weaver.DefaultWeaver.fill(DefaultWeaver.java:56)
	at org.nutz.ioc.impl.ObjectMakerImpl.make(ObjectMakerImpl.java:136)
	at org.nutz.ioc.impl.NutIoc.get(NutIoc.java:210)
	at org.nutz.ioc.val.ReferValue.get(ReferValue.java:24)
	at org.nutz.ioc.impl.ObjectMakerImpl.make(ObjectMakerImpl.java:62)
	at org.nutz.ioc.impl.NutIoc.get(NutIoc.java:210)
	at org.nutz.ioc.impl.NutIoc.get(NutIoc.java:239)
	at org.nutz.dao.test.DaoCase.setUp(DaoCase.java:22)
	at sun.reflect.GeneratedMethodAccessor23.invoke(Unknown Source)
	at sun.reflect.DelegatingMethodAccessorImpl.invoke(DelegatingMethodAccessorImpl.java:43)
	at java.lang.reflect.Method.invoke(Method.java:498)
	at org.junit.runners.model.FrameworkMethod$1.runReflectiveCall(FrameworkMethod.java:44)
	at org.junit.internal.runners.model.ReflectiveCallable.run(ReflectiveCallable.java:15)
	at org.junit.runners.model.FrameworkMethod.invokeExplosively(FrameworkMethod.java:41)
	at org.junit.internal.runners.statements.RunBefores.evaluate(RunBefores.java:27)
	at org.junit.internal.runners.statements.RunAfters.evaluate(RunAfters.java:31)
	at org.junit.runners.BlockJUnit4ClassRunner.runNotIgnored(BlockJUnit4ClassRunner.java:79)
	at org.junit.runners.BlockJUnit4ClassRunner.runChild(BlockJUnit4ClassRunner.java:71)
	at org.junit.runners.BlockJUnit4ClassRunner.runChild(BlockJUnit4ClassRunner.java:49)
	at org.junit.runners.ParentRunner$3.run(ParentRunner.java:193)
	at org.junit.runners.ParentRunner$1.schedule(ParentRunner.java:52)
	at org.junit.runners.ParentRunner.runChildren(ParentRunner.java:191)
	at org.junit.runners.ParentRunner.access$000(ParentRunner.java:42)
	at org.junit.runners.ParentRunner$2.evaluate(ParentRunner.java:184)
	at org.junit.runners.ParentRunner.run(ParentRunner.java:236)
	at org.apache.maven.surefire.junit4.JUnit4Provider.execute(JUnit4Provider.java:283)
	at org.apache.maven.surefire.junit4.JUnit4Provider.executeWithRerun(JUnit4Provider.java:173)
	at org.apache.maven.surefire.junit4.JUnit4Provider.executeTestSet(JUnit4Provider.java:153)
	at org.apache.maven.surefire.junit4.JUnit4Provider.invoke(JUnit4Provider.java:128)
	at org.apache.maven.surefire.booter.ForkedBooter.invokeProviderInSameClassLoader(ForkedBooter.java:203)
	at org.apache.maven.surefire.booter.ForkedBooter.runSuitesInProcess(ForkedBooter.java:155)
	at org.apache.maven.surefire.booter.ForkedBooter.main(ForkedBooter.java:103)
Caused by: java.lang.RuntimeException: Fail to set '[nutz-test.properties]'[ [Ljava.lang.String;@1376883 ] by setter org.nutz.ioc.impl.PropertiesProxy.'setPaths()' because [java.lang.RuntimeException: folder or file like '^.+[.]properties$' no found in nutz-test.properties]: folder or file like '^.+[.]properties$' no found in nutz-test.properties
	at org.nutz.lang.Lang.wrapThrow(Lang.java:167)
	at org.nutz.lang.inject.InjectBySetter.inject(InjectBySetter.java:62)
	at org.nutz.ioc.weaver.FieldInjector.inject(FieldInjector.java:33)
	at org.nutz.ioc.weaver.DefaultWeaver.fill(DefaultWeaver.java:56)
	at org.nutz.ioc.impl.ObjectMakerImpl.make(ObjectMakerImpl.java:136)
	at org.nutz.ioc.impl.NutIoc.get(NutIoc.java:210)
	at org.nutz.ioc.impl.NutIoc.get(NutIoc.java:239)
	at org.nutz.ioc.java.IocObjectNode.getValue(IocObjectNode.java:19)
	at org.nutz.ioc.java.ChainNode.eval(ChainNode.java:24)
	at org.nutz.ioc.java.ChainNode.eval(ChainNode.java:19)
	at org.nutz.ioc.val.JavaValue.get(JavaValue.java:69)
	at org.nutz.ioc.weaver.FieldInjector.inject(FieldInjector.java:32)
	at org.nutz.ioc.weaver.DefaultWeaver.fill(DefaultWeaver.java:56)
	at org.nutz.ioc.impl.ObjectMakerImpl.make(ObjectMakerImpl.java:136)
	at org.nutz.ioc.impl.NutIoc.get(NutIoc.java:210)
	at org.nutz.ioc.val.ReferValue.get(ReferValue.java:24)
	at org.nutz.ioc.impl.ObjectMakerImpl.make(ObjectMakerImpl.java:62)
	at org.nutz.ioc.impl.NutIoc.get(NutIoc.java:210)
	at org.nutz.ioc.impl.NutIoc.get(NutIoc.java:239)
	at org.nutz.dao.test.DaoCase.setUp(DaoCase.java:22)
	at sun.reflect.GeneratedMethodAccessor23.invoke(Unknown Source)
	at sun.reflect.DelegatingMethodAccessorImpl.invoke(DelegatingMethodAccessorImpl.java:43)
	at java.lang.reflect.Method.invoke(Method.java:498)
	at org.junit.runners.model.FrameworkMethod$1.runReflectiveCall(FrameworkMethod.java:44)
	at org.junit.internal.runners.model.ReflectiveCallable.run(ReflectiveCallable.java:15)
	at org.junit.runners.model.FrameworkMethod.invokeExplosively(FrameworkMethod.java:41)
	at org.junit.internal.runners.statements.RunBefores.evaluate(RunBefores.java:27)
	at org.junit.internal.runners.statements.RunAfters.evaluate(RunAfters.java:31)
	at org.junit.runners.BlockJUnit4ClassRunner.runNotIgnored(BlockJUnit4ClassRunner.java:79)
	at org.junit.runners.BlockJUnit4ClassRunner.runChild(BlockJUnit4ClassRunner.java:71)
	at org.junit.runners.BlockJUnit4ClassRunner.runChild(BlockJUnit4ClassRunner.java:49)
	at org.junit.runners.ParentRunner$3.run(ParentRunner.java:193)
	at org.junit.runners.ParentRunner$1.schedule(ParentRunner.java:52)
	at org.junit.runners.ParentRunner.runChildren(ParentRunner.java:191)
	at org.junit.runners.ParentRunner.access$000(ParentRunner.java:42)
	at org.junit.runners.ParentRunner$2.evaluate(ParentRunner.java:184)
	at org.junit.runners.ParentRunner.run(ParentRunner.java:236)
	at org.apache.maven.surefire.junit4.JUnit4Provider.execute(JUnit4Provider.java:283)
	at org.apache.maven.surefire.junit4.JUnit4Provider.executeWithRerun(JUnit4Provider.java:173)
	at org.apache.maven.surefire.junit4.JUnit4Provider.executeTestSet(JUnit4Provider.java:153)
	at org.apache.maven.surefire.junit4.JUnit4Provider.invoke(JUnit4Provider.java:128)
	at org.apache.maven.surefire.booter.ForkedBooter.invokeProviderInSameClassLoader(ForkedBooter.java:203)
	at org.apache.maven.surefire.booter.ForkedBooter.runSuitesInProcess(ForkedBooter.java:155)
	at org.apache.maven.surefire.booter.ForkedBooter.main(ForkedBooter.java:103)
Caused by: java.lang.RuntimeException: folder or file like '^.+[.]properties$' no found in nutz-test.properties
	at org.nutz.lang.Lang.makeThrow(Lang.java:151)
	at org.nutz.resource.Scans.loadResource(Scans.java:112)
	at org.nutz.ioc.impl.PropertiesProxy.getResources(PropertiesProxy.java:153)
	at org.nutz.ioc.impl.PropertiesProxy.setPaths(PropertiesProxy.java:109)
	at org.nutz.ioc.impl.PropertiesProxy$FM$setPaths$d0275b2b871e237a38f11859247d1599.invoke(PropertiesProxy.java)
	at org.nutz.lang.inject.InjectBySetter.inject(InjectBySetter.java:51)
	at org.nutz.ioc.weaver.FieldInjector.inject(FieldInjector.java:33)
	at org.nutz.ioc.weaver.DefaultWeaver.fill(DefaultWeaver.java:56)
	at org.nutz.ioc.impl.ObjectMakerImpl.make(ObjectMakerImpl.java:136)
	at org.nutz.ioc.impl.NutIoc.get(NutIoc.java:210)
	at org.nutz.ioc.impl.NutIoc.get(NutIoc.java:239)
	at org.nutz.ioc.java.IocObjectNode.getValue(IocObjectNode.java:19)
	at org.nutz.ioc.java.ChainNode.eval(ChainNode.java:24)
	at org.nutz.ioc.java.ChainNode.eval(ChainNode.java:19)
	at org.nutz.ioc.val.JavaValue.get(JavaValue.java:69)
	at org.nutz.ioc.weaver.FieldInjector.inject(FieldInjector.java:32)
	at org.nutz.ioc.weaver.DefaultWeaver.fill(DefaultWeaver.java:56)
	at org.nutz.ioc.impl.ObjectMakerImpl.make(ObjectMakerImpl.java:136)
	at org.nutz.ioc.impl.NutIoc.get(NutIoc.java:210)
	at org.nutz.ioc.val.ReferValue.get(ReferValue.java:24)
	at org.nutz.ioc.impl.ObjectMakerImpl.make(ObjectMakerImpl.java:62)
	at org.nutz.ioc.impl.NutIoc.get(NutIoc.java:210)
	at org.nutz.ioc.impl.NutIoc.get(NutIoc.java:239)
	at org.nutz.dao.test.DaoCase.setUp(DaoCase.java:22)
	at sun.reflect.GeneratedMethodAccessor23.invoke(Unknown Source)
	at sun.reflect.DelegatingMethodAccessorImpl.invoke(DelegatingMethodAccessorImpl.java:43)
	at java.lang.reflect.Method.invoke(Method.java:498)
	at org.junit.runners.model.FrameworkMethod$1.runReflectiveCall(FrameworkMethod.java:44)
	at org.junit.internal.runners.model.ReflectiveCallable.run(ReflectiveCallable.java:15)
	at org.junit.runners.model.FrameworkMethod.invokeExplosively(FrameworkMethod.java:41)
	at org.junit.internal.runners.statements.RunBefores.evaluate(RunBefores.java:27)
	at org.junit.internal.runners.statements.RunAfters.evaluate(RunAfters.java:31)
	at org.junit.runners.BlockJUnit4ClassRunner.runNotIgnored(BlockJUnit4ClassRunner.java:79)
	at org.junit.runners.BlockJUnit4ClassRunner.runChild(BlockJUnit4ClassRunner.java:71)
	at org.junit.runners.BlockJUnit4ClassRunner.runChild(BlockJUnit4ClassRunner.java:49)
	at org.junit.runners.ParentRunner$3.run(ParentRunner.java:193)
	at org.junit.runners.ParentRunner$1.schedule(ParentRunner.java:52)
	at org.junit.runners.ParentRunner.runChildren(ParentRunner.java:191)
	at org.junit.runners.ParentRunner.access$000(ParentRunner.java:42)
	at org.junit.runners.ParentRunner$2.evaluate(ParentRunner.java:184)
	at org.junit.runners.ParentRunner.run(ParentRunner.java:236)
	at org.apache.maven.surefire.junit4.JUnit4Provider.execute(JUnit4Provider.java:283)
	at org.apache.maven.surefire.junit4.JUnit4Provider.executeWithRerun(JUnit4Provider.java:173)
	at org.apache.maven.surefire.junit4.JUnit4Provider.executeTestSet(JUnit4Provider.java:153)
	at org.apache.maven.surefire.junit4.JUnit4Provider.invoke(JUnit4Provider.java:128)
	at org.apache.maven.surefire.booter.ForkedBooter.invokeProviderInSameClassLoader(ForkedBooter.java:203)
	at org.apache.maven.surefire.booter.ForkedBooter.runSuitesInProcess(ForkedBooter.java:155)
	at org.apache.maven.surefire.booter.ForkedBooter.main(ForkedBooter.java:103)
</error>
  </testcase>
  <testcase name="test_clear" classname="org.nutz.dao.test.normal.SimpleDaoTest" time="0">
    <error message="IocBean[dao -&gt; dataSource] throw Exception when creating" type="org.nutz.ioc.IocException">org.nutz.ioc.IocException: IocBean[dao -> dataSource] throw Exception when creating
	at org.nutz.ioc.impl.ObjectMakerImpl.make(ObjectMakerImpl.java:150)
	at org.nutz.ioc.impl.NutIoc.get(NutIoc.java:210)
	at org.nutz.ioc.val.ReferValue.get(ReferValue.java:24)
	at org.nutz.ioc.impl.ObjectMakerImpl.make(ObjectMakerImpl.java:62)
	at org.nutz.ioc.impl.NutIoc.get(NutIoc.java:210)
	at org.nutz.ioc.impl.NutIoc.get(NutIoc.java:239)
	at org.nutz.dao.test.DaoCase.setUp(DaoCase.java:22)
	at sun.reflect.GeneratedMethodAccessor23.invoke(Unknown Source)
	at sun.reflect.DelegatingMethodAccessorImpl.invoke(DelegatingMethodAccessorImpl.java:43)
	at java.lang.reflect.Method.invoke(Method.java:498)
	at org.junit.runners.model.FrameworkMethod$1.runReflectiveCall(FrameworkMethod.java:44)
	at org.junit.internal.runners.model.ReflectiveCallable.run(ReflectiveCallable.java:15)
	at org.junit.runners.model.FrameworkMethod.invokeExplosively(FrameworkMethod.java:41)
	at org.junit.internal.runners.statements.RunBefores.evaluate(RunBefores.java:27)
	at org.junit.internal.runners.statements.RunAfters.evaluate(RunAfters.java:31)
	at org.junit.runners.BlockJUnit4ClassRunner.runNotIgnored(BlockJUnit4ClassRunner.java:79)
	at org.junit.runners.BlockJUnit4ClassRunner.runChild(BlockJUnit4ClassRunner.java:71)
	at org.junit.runners.BlockJUnit4ClassRunner.runChild(BlockJUnit4ClassRunner.java:49)
	at org.junit.runners.ParentRunner$3.run(ParentRunner.java:193)
	at org.junit.runners.ParentRunner$1.schedule(ParentRunner.java:52)
	at org.junit.runners.ParentRunner.runChildren(ParentRunner.java:191)
	at org.junit.runners.ParentRunner.access$000(ParentRunner.java:42)
	at org.junit.runners.ParentRunner$2.evaluate(ParentRunner.java:184)
	at org.junit.runners.ParentRunner.run(ParentRunner.java:236)
	at org.apache.maven.surefire.junit4.JUnit4Provider.execute(JUnit4Provider.java:283)
	at org.apache.maven.surefire.junit4.JUnit4Provider.executeWithRerun(JUnit4Provider.java:173)
	at org.apache.maven.surefire.junit4.JUnit4Provider.executeTestSet(JUnit4Provider.java:153)
	at org.apache.maven.surefire.junit4.JUnit4Provider.invoke(JUnit4Provider.java:128)
	at org.apache.maven.surefire.booter.ForkedBooter.invokeProviderInSameClassLoader(ForkedBooter.java:203)
	at org.apache.maven.surefire.booter.ForkedBooter.runSuitesInProcess(ForkedBooter.java:155)
	at org.apache.maven.surefire.booter.ForkedBooter.main(ForkedBooter.java:103)
Caused by: java.lang.RuntimeException: IocBean[dataSource] fail at field=[driverClassName]
	at org.nutz.ioc.weaver.FieldInjector.inject(FieldInjector.java:40)
	at org.nutz.ioc.weaver.DefaultWeaver.fill(DefaultWeaver.java:56)
	at org.nutz.ioc.impl.ObjectMakerImpl.make(ObjectMakerImpl.java:136)
	at org.nutz.ioc.impl.NutIoc.get(NutIoc.java:210)
	at org.nutz.ioc.val.ReferValue.get(ReferValue.java:24)
	at org.nutz.ioc.impl.ObjectMakerImpl.make(ObjectMakerImpl.java:62)
	at org.nutz.ioc.impl.NutIoc.get(NutIoc.java:210)
	at org.nutz.ioc.impl.NutIoc.get(NutIoc.java:239)
	at org.nutz.dao.test.DaoCase.setUp(DaoCase.java:22)
	at sun.reflect.GeneratedMethodAccessor23.invoke(Unknown Source)
	at sun.reflect.DelegatingMethodAccessorImpl.invoke(DelegatingMethodAccessorImpl.java:43)
	at java.lang.reflect.Method.invoke(Method.java:498)
	at org.junit.runners.model.FrameworkMethod$1.runReflectiveCall(FrameworkMethod.java:44)
	at org.junit.internal.runners.model.ReflectiveCallable.run(ReflectiveCallable.java:15)
	at org.junit.runners.model.FrameworkMethod.invokeExplosively(FrameworkMethod.java:41)
	at org.junit.internal.runners.statements.RunBefores.evaluate(RunBefores.java:27)
	at org.junit.internal.runners.statements.RunAfters.evaluate(RunAfters.java:31)
	at org.junit.runners.BlockJUnit4ClassRunner.runNotIgnored(BlockJUnit4ClassRunner.java:79)
	at org.junit.runners.BlockJUnit4ClassRunner.runChild(BlockJUnit4ClassRunner.java:71)
	at org.junit.runners.BlockJUnit4ClassRunner.runChild(BlockJUnit4ClassRunner.java:49)
	at org.junit.runners.ParentRunner$3.run(ParentRunner.java:193)
	at org.junit.runners.ParentRunner$1.schedule(ParentRunner.java:52)
	at org.junit.runners.ParentRunner.runChildren(ParentRunner.java:191)
	at org.junit.runners.ParentRunner.access$000(ParentRunner.java:42)
	at org.junit.runners.ParentRunner$2.evaluate(ParentRunner.java:184)
	at org.junit.runners.ParentRunner.run(ParentRunner.java:236)
	at org.apache.maven.surefire.junit4.JUnit4Provider.execute(JUnit4Provider.java:283)
	at org.apache.maven.surefire.junit4.JUnit4Provider.executeWithRerun(JUnit4Provider.java:173)
	at org.apache.maven.surefire.junit4.JUnit4Provider.executeTestSet(JUnit4Provider.java:153)
	at org.apache.maven.surefire.junit4.JUnit4Provider.invoke(JUnit4Provider.java:128)
	at org.apache.maven.surefire.booter.ForkedBooter.invokeProviderInSameClassLoader(ForkedBooter.java:203)
	at org.apache.maven.surefire.booter.ForkedBooter.runSuitesInProcess(ForkedBooter.java:155)
	at org.apache.maven.surefire.booter.ForkedBooter.main(ForkedBooter.java:103)
Caused by: org.nutz.ioc.IocException: IocBean[config] throw Exception when creating
	at org.nutz.ioc.impl.ObjectMakerImpl.make(ObjectMakerImpl.java:150)
	at org.nutz.ioc.impl.NutIoc.get(NutIoc.java:210)
	at org.nutz.ioc.impl.NutIoc.get(NutIoc.java:239)
	at org.nutz.ioc.java.IocObjectNode.getValue(IocObjectNode.java:19)
	at org.nutz.ioc.java.ChainNode.eval(ChainNode.java:24)
	at org.nutz.ioc.java.ChainNode.eval(ChainNode.java:19)
	at org.nutz.ioc.val.JavaValue.get(JavaValue.java:69)
	at org.nutz.ioc.weaver.FieldInjector.inject(FieldInjector.java:32)
	at org.nutz.ioc.weaver.DefaultWeaver.fill(DefaultWeaver.java:56)
	at org.nutz.ioc.impl.ObjectMakerImpl.make(ObjectMakerImpl.java:136)
	at org.nutz.ioc.impl.NutIoc.get(NutIoc.java:210)
	at org.nutz.ioc.val.ReferValue.get(ReferValue.java:24)
	at org.nutz.ioc.impl.ObjectMakerImpl.make(ObjectMakerImpl.java:62)
	at org.nutz.ioc.impl.NutIoc.get(NutIoc.java:210)
	at org.nutz.ioc.impl.NutIoc.get(NutIoc.java:239)
	at org.nutz.dao.test.DaoCase.setUp(DaoCase.java:22)
	at sun.reflect.GeneratedMethodAccessor23.invoke(Unknown Source)
	at sun.reflect.DelegatingMethodAccessorImpl.invoke(DelegatingMethodAccessorImpl.java:43)
	at java.lang.reflect.Method.invoke(Method.java:498)
	at org.junit.runners.model.FrameworkMethod$1.runReflectiveCall(FrameworkMethod.java:44)
	at org.junit.internal.runners.model.ReflectiveCallable.run(ReflectiveCallable.java:15)
	at org.junit.runners.model.FrameworkMethod.invokeExplosively(FrameworkMethod.java:41)
	at org.junit.internal.runners.statements.RunBefores.evaluate(RunBefores.java:27)
	at org.junit.internal.runners.statements.RunAfters.evaluate(RunAfters.java:31)
	at org.junit.runners.BlockJUnit4ClassRunner.runNotIgnored(BlockJUnit4ClassRunner.java:79)
	at org.junit.runners.BlockJUnit4ClassRunner.runChild(BlockJUnit4ClassRunner.java:71)
	at org.junit.runners.BlockJUnit4ClassRunner.runChild(BlockJUnit4ClassRunner.java:49)
	at org.junit.runners.ParentRunner$3.run(ParentRunner.java:193)
	at org.junit.runners.ParentRunner$1.schedule(ParentRunner.java:52)
	at org.junit.runners.ParentRunner.runChildren(ParentRunner.java:191)
	at org.junit.runners.ParentRunner.access$000(ParentRunner.java:42)
	at org.junit.runners.ParentRunner$2.evaluate(ParentRunner.java:184)
	at org.junit.runners.ParentRunner.run(ParentRunner.java:236)
	at org.apache.maven.surefire.junit4.JUnit4Provider.execute(JUnit4Provider.java:283)
	at org.apache.maven.surefire.junit4.JUnit4Provider.executeWithRerun(JUnit4Provider.java:173)
	at org.apache.maven.surefire.junit4.JUnit4Provider.executeTestSet(JUnit4Provider.java:153)
	at org.apache.maven.surefire.junit4.JUnit4Provider.invoke(JUnit4Provider.java:128)
	at org.apache.maven.surefire.booter.ForkedBooter.invokeProviderInSameClassLoader(ForkedBooter.java:203)
	at org.apache.maven.surefire.booter.ForkedBooter.runSuitesInProcess(ForkedBooter.java:155)
	at org.apache.maven.surefire.booter.ForkedBooter.main(ForkedBooter.java:103)
Caused by: java.lang.RuntimeException: IocBean[config] fail at field=[paths]
	at org.nutz.ioc.weaver.FieldInjector.inject(FieldInjector.java:40)
	at org.nutz.ioc.weaver.DefaultWeaver.fill(DefaultWeaver.java:56)
	at org.nutz.ioc.impl.ObjectMakerImpl.make(ObjectMakerImpl.java:136)
	at org.nutz.ioc.impl.NutIoc.get(NutIoc.java:210)
	at org.nutz.ioc.impl.NutIoc.get(NutIoc.java:239)
	at org.nutz.ioc.java.IocObjectNode.getValue(IocObjectNode.java:19)
	at org.nutz.ioc.java.ChainNode.eval(ChainNode.java:24)
	at org.nutz.ioc.java.ChainNode.eval(ChainNode.java:19)
	at org.nutz.ioc.val.JavaValue.get(JavaValue.java:69)
	at org.nutz.ioc.weaver.FieldInjector.inject(FieldInjector.java:32)
	at org.nutz.ioc.weaver.DefaultWeaver.fill(DefaultWeaver.java:56)
	at org.nutz.ioc.impl.ObjectMakerImpl.make(ObjectMakerImpl.java:136)
	at org.nutz.ioc.impl.NutIoc.get(NutIoc.java:210)
	at org.nutz.ioc.val.ReferValue.get(ReferValue.java:24)
	at org.nutz.ioc.impl.ObjectMakerImpl.make(ObjectMakerImpl.java:62)
	at org.nutz.ioc.impl.NutIoc.get(NutIoc.java:210)
	at org.nutz.ioc.impl.NutIoc.get(NutIoc.java:239)
	at org.nutz.dao.test.DaoCase.setUp(DaoCase.java:22)
	at sun.reflect.GeneratedMethodAccessor23.invoke(Unknown Source)
	at sun.reflect.DelegatingMethodAccessorImpl.invoke(DelegatingMethodAccessorImpl.java:43)
	at java.lang.reflect.Method.invoke(Method.java:498)
	at org.junit.runners.model.FrameworkMethod$1.runReflectiveCall(FrameworkMethod.java:44)
	at org.junit.internal.runners.model.ReflectiveCallable.run(ReflectiveCallable.java:15)
	at org.junit.runners.model.FrameworkMethod.invokeExplosively(FrameworkMethod.java:41)
	at org.junit.internal.runners.statements.RunBefores.evaluate(RunBefores.java:27)
	at org.junit.internal.runners.statements.RunAfters.evaluate(RunAfters.java:31)
	at org.junit.runners.BlockJUnit4ClassRunner.runNotIgnored(BlockJUnit4ClassRunner.java:79)
	at org.junit.runners.BlockJUnit4ClassRunner.runChild(BlockJUnit4ClassRunner.java:71)
	at org.junit.runners.BlockJUnit4ClassRunner.runChild(BlockJUnit4ClassRunner.java:49)
	at org.junit.runners.ParentRunner$3.run(ParentRunner.java:193)
	at org.junit.runners.ParentRunner$1.schedule(ParentRunner.java:52)
	at org.junit.runners.ParentRunner.runChildren(ParentRunner.java:191)
	at org.junit.runners.ParentRunner.access$000(ParentRunner.java:42)
	at org.junit.runners.ParentRunner$2.evaluate(ParentRunner.java:184)
	at org.junit.runners.ParentRunner.run(ParentRunner.java:236)
	at org.apache.maven.surefire.junit4.JUnit4Provider.execute(JUnit4Provider.java:283)
	at org.apache.maven.surefire.junit4.JUnit4Provider.executeWithRerun(JUnit4Provider.java:173)
	at org.apache.maven.surefire.junit4.JUnit4Provider.executeTestSet(JUnit4Provider.java:153)
	at org.apache.maven.surefire.junit4.JUnit4Provider.invoke(JUnit4Provider.java:128)
	at org.apache.maven.surefire.booter.ForkedBooter.invokeProviderInSameClassLoader(ForkedBooter.java:203)
	at org.apache.maven.surefire.booter.ForkedBooter.runSuitesInProcess(ForkedBooter.java:155)
	at org.apache.maven.surefire.booter.ForkedBooter.main(ForkedBooter.java:103)
Caused by: java.lang.RuntimeException: Fail to set '[nutz-test.properties]'[ [Ljava.lang.String;@1f736d00 ] by setter org.nutz.ioc.impl.PropertiesProxy.'setPaths()' because [java.lang.RuntimeException: folder or file like '^.+[.]properties$' no found in nutz-test.properties]: folder or file like '^.+[.]properties$' no found in nutz-test.properties
	at org.nutz.lang.Lang.wrapThrow(Lang.java:167)
	at org.nutz.lang.inject.InjectBySetter.inject(InjectBySetter.java:62)
	at org.nutz.ioc.weaver.FieldInjector.inject(FieldInjector.java:33)
	at org.nutz.ioc.weaver.DefaultWeaver.fill(DefaultWeaver.java:56)
	at org.nutz.ioc.impl.ObjectMakerImpl.make(ObjectMakerImpl.java:136)
	at org.nutz.ioc.impl.NutIoc.get(NutIoc.java:210)
	at org.nutz.ioc.impl.NutIoc.get(NutIoc.java:239)
	at org.nutz.ioc.java.IocObjectNode.getValue(IocObjectNode.java:19)
	at org.nutz.ioc.java.ChainNode.eval(ChainNode.java:24)
	at org.nutz.ioc.java.ChainNode.eval(ChainNode.java:19)
	at org.nutz.ioc.val.JavaValue.get(JavaValue.java:69)
	at org.nutz.ioc.weaver.FieldInjector.inject(FieldInjector.java:32)
	at org.nutz.ioc.weaver.DefaultWeaver.fill(DefaultWeaver.java:56)
	at org.nutz.ioc.impl.ObjectMakerImpl.make(ObjectMakerImpl.java:136)
	at org.nutz.ioc.impl.NutIoc.get(NutIoc.java:210)
	at org.nutz.ioc.val.ReferValue.get(ReferValue.java:24)
	at org.nutz.ioc.impl.ObjectMakerImpl.make(ObjectMakerImpl.java:62)
	at org.nutz.ioc.impl.NutIoc.get(NutIoc.java:210)
	at org.nutz.ioc.impl.NutIoc.get(NutIoc.java:239)
	at org.nutz.dao.test.DaoCase.setUp(DaoCase.java:22)
	at sun.reflect.GeneratedMethodAccessor23.invoke(Unknown Source)
	at sun.reflect.DelegatingMethodAccessorImpl.invoke(DelegatingMethodAccessorImpl.java:43)
	at java.lang.reflect.Method.invoke(Method.java:498)
	at org.junit.runners.model.FrameworkMethod$1.runReflectiveCall(FrameworkMethod.java:44)
	at org.junit.internal.runners.model.ReflectiveCallable.run(ReflectiveCallable.java:15)
	at org.junit.runners.model.FrameworkMethod.invokeExplosively(FrameworkMethod.java:41)
	at org.junit.internal.runners.statements.RunBefores.evaluate(RunBefores.java:27)
	at org.junit.internal.runners.statements.RunAfters.evaluate(RunAfters.java:31)
	at org.junit.runners.BlockJUnit4ClassRunner.runNotIgnored(BlockJUnit4ClassRunner.java:79)
	at org.junit.runners.BlockJUnit4ClassRunner.runChild(BlockJUnit4ClassRunner.java:71)
	at org.junit.runners.BlockJUnit4ClassRunner.runChild(BlockJUnit4ClassRunner.java:49)
	at org.junit.runners.ParentRunner$3.run(ParentRunner.java:193)
	at org.junit.runners.ParentRunner$1.schedule(ParentRunner.java:52)
	at org.junit.runners.ParentRunner.runChildren(ParentRunner.java:191)
	at org.junit.runners.ParentRunner.access$000(ParentRunner.java:42)
	at org.junit.runners.ParentRunner$2.evaluate(ParentRunner.java:184)
	at org.junit.runners.ParentRunner.run(ParentRunner.java:236)
	at org.apache.maven.surefire.junit4.JUnit4Provider.execute(JUnit4Provider.java:283)
	at org.apache.maven.surefire.junit4.JUnit4Provider.executeWithRerun(JUnit4Provider.java:173)
	at org.apache.maven.surefire.junit4.JUnit4Provider.executeTestSet(JUnit4Provider.java:153)
	at org.apache.maven.surefire.junit4.JUnit4Provider.invoke(JUnit4Provider.java:128)
	at org.apache.maven.surefire.booter.ForkedBooter.invokeProviderInSameClassLoader(ForkedBooter.java:203)
	at org.apache.maven.surefire.booter.ForkedBooter.runSuitesInProcess(ForkedBooter.java:155)
	at org.apache.maven.surefire.booter.ForkedBooter.main(ForkedBooter.java:103)
Caused by: java.lang.RuntimeException: folder or file like '^.+[.]properties$' no found in nutz-test.properties
	at org.nutz.lang.Lang.makeThrow(Lang.java:151)
	at org.nutz.resource.Scans.loadResource(Scans.java:112)
	at org.nutz.ioc.impl.PropertiesProxy.getResources(PropertiesProxy.java:153)
	at org.nutz.ioc.impl.PropertiesProxy.setPaths(PropertiesProxy.java:109)
	at org.nutz.ioc.impl.PropertiesProxy$FM$setPaths$d0275b2b871e237a38f11859247d1599.invoke(PropertiesProxy.java)
	at org.nutz.lang.inject.InjectBySetter.inject(InjectBySetter.java:51)
	at org.nutz.ioc.weaver.FieldInjector.inject(FieldInjector.java:33)
	at org.nutz.ioc.weaver.DefaultWeaver.fill(DefaultWeaver.java:56)
	at org.nutz.ioc.impl.ObjectMakerImpl.make(ObjectMakerImpl.java:136)
	at org.nutz.ioc.impl.NutIoc.get(NutIoc.java:210)
	at org.nutz.ioc.impl.NutIoc.get(NutIoc.java:239)
	at org.nutz.ioc.java.IocObjectNode.getValue(IocObjectNode.java:19)
	at org.nutz.ioc.java.ChainNode.eval(ChainNode.java:24)
	at org.nutz.ioc.java.ChainNode.eval(ChainNode.java:19)
	at org.nutz.ioc.val.JavaValue.get(JavaValue.java:69)
	at org.nutz.ioc.weaver.FieldInjector.inject(FieldInjector.java:32)
	at org.nutz.ioc.weaver.DefaultWeaver.fill(DefaultWeaver.java:56)
	at org.nutz.ioc.impl.ObjectMakerImpl.make(ObjectMakerImpl.java:136)
	at org.nutz.ioc.impl.NutIoc.get(NutIoc.java:210)
	at org.nutz.ioc.val.ReferValue.get(ReferValue.java:24)
	at org.nutz.ioc.impl.ObjectMakerImpl.make(ObjectMakerImpl.java:62)
	at org.nutz.ioc.impl.NutIoc.get(NutIoc.java:210)
	at org.nutz.ioc.impl.NutIoc.get(NutIoc.java:239)
	at org.nutz.dao.test.DaoCase.setUp(DaoCase.java:22)
	at sun.reflect.GeneratedMethodAccessor23.invoke(Unknown Source)
	at sun.reflect.DelegatingMethodAccessorImpl.invoke(DelegatingMethodAccessorImpl.java:43)
	at java.lang.reflect.Method.invoke(Method.java:498)
	at org.junit.runners.model.FrameworkMethod$1.runReflectiveCall(FrameworkMethod.java:44)
	at org.junit.internal.runners.model.ReflectiveCallable.run(ReflectiveCallable.java:15)
	at org.junit.runners.model.FrameworkMethod.invokeExplosively(FrameworkMethod.java:41)
	at org.junit.internal.runners.statements.RunBefores.evaluate(RunBefores.java:27)
	at org.junit.internal.runners.statements.RunAfters.evaluate(RunAfters.java:31)
	at org.junit.runners.BlockJUnit4ClassRunner.runNotIgnored(BlockJUnit4ClassRunner.java:79)
	at org.junit.runners.BlockJUnit4ClassRunner.runChild(BlockJUnit4ClassRunner.java:71)
	at org.junit.runners.BlockJUnit4ClassRunner.runChild(BlockJUnit4ClassRunner.java:49)
	at org.junit.runners.ParentRunner$3.run(ParentRunner.java:193)
	at org.junit.runners.ParentRunner$1.schedule(ParentRunner.java:52)
	at org.junit.runners.ParentRunner.runChildren(ParentRunner.java:191)
	at org.junit.runners.ParentRunner.access$000(ParentRunner.java:42)
	at org.junit.runners.ParentRunner$2.evaluate(ParentRunner.java:184)
	at org.junit.runners.ParentRunner.run(ParentRunner.java:236)
	at org.apache.maven.surefire.junit4.JUnit4Provider.execute(JUnit4Provider.java:283)
	at org.apache.maven.surefire.junit4.JUnit4Provider.executeWithRerun(JUnit4Provider.java:173)
	at org.apache.maven.surefire.junit4.JUnit4Provider.executeTestSet(JUnit4Provider.java:153)
	at org.apache.maven.surefire.junit4.JUnit4Provider.invoke(JUnit4Provider.java:128)
	at org.apache.maven.surefire.booter.ForkedBooter.invokeProviderInSameClassLoader(ForkedBooter.java:203)
	at org.apache.maven.surefire.booter.ForkedBooter.runSuitesInProcess(ForkedBooter.java:155)
	at org.apache.maven.surefire.booter.ForkedBooter.main(ForkedBooter.java:103)
</error>
  </testcase>
  <testcase name="test_chain_insert" classname="org.nutz.dao.test.normal.SimpleDaoTest" time="0">
    <error message="IocBean[dao -&gt; dataSource] throw Exception when creating" type="org.nutz.ioc.IocException">org.nutz.ioc.IocException: IocBean[dao -> dataSource] throw Exception when creating
	at org.nutz.ioc.impl.ObjectMakerImpl.make(ObjectMakerImpl.java:150)
	at org.nutz.ioc.impl.NutIoc.get(NutIoc.java:210)
	at org.nutz.ioc.val.ReferValue.get(ReferValue.java:24)
	at org.nutz.ioc.impl.ObjectMakerImpl.make(ObjectMakerImpl.java:62)
	at org.nutz.ioc.impl.NutIoc.get(NutIoc.java:210)
	at org.nutz.ioc.impl.NutIoc.get(NutIoc.java:239)
	at org.nutz.dao.test.DaoCase.setUp(DaoCase.java:22)
	at sun.reflect.GeneratedMethodAccessor23.invoke(Unknown Source)
	at sun.reflect.DelegatingMethodAccessorImpl.invoke(DelegatingMethodAccessorImpl.java:43)
	at java.lang.reflect.Method.invoke(Method.java:498)
	at org.junit.runners.model.FrameworkMethod$1.runReflectiveCall(FrameworkMethod.java:44)
	at org.junit.internal.runners.model.ReflectiveCallable.run(ReflectiveCallable.java:15)
	at org.junit.runners.model.FrameworkMethod.invokeExplosively(FrameworkMethod.java:41)
	at org.junit.internal.runners.statements.RunBefores.evaluate(RunBefores.java:27)
	at org.junit.internal.runners.statements.RunAfters.evaluate(RunAfters.java:31)
	at org.junit.runners.BlockJUnit4ClassRunner.runNotIgnored(BlockJUnit4ClassRunner.java:79)
	at org.junit.runners.BlockJUnit4ClassRunner.runChild(BlockJUnit4ClassRunner.java:71)
	at org.junit.runners.BlockJUnit4ClassRunner.runChild(BlockJUnit4ClassRunner.java:49)
	at org.junit.runners.ParentRunner$3.run(ParentRunner.java:193)
	at org.junit.runners.ParentRunner$1.schedule(ParentRunner.java:52)
	at org.junit.runners.ParentRunner.runChildren(ParentRunner.java:191)
	at org.junit.runners.ParentRunner.access$000(ParentRunner.java:42)
	at org.junit.runners.ParentRunner$2.evaluate(ParentRunner.java:184)
	at org.junit.runners.ParentRunner.run(ParentRunner.java:236)
	at org.apache.maven.surefire.junit4.JUnit4Provider.execute(JUnit4Provider.java:283)
	at org.apache.maven.surefire.junit4.JUnit4Provider.executeWithRerun(JUnit4Provider.java:173)
	at org.apache.maven.surefire.junit4.JUnit4Provider.executeTestSet(JUnit4Provider.java:153)
	at org.apache.maven.surefire.junit4.JUnit4Provider.invoke(JUnit4Provider.java:128)
	at org.apache.maven.surefire.booter.ForkedBooter.invokeProviderInSameClassLoader(ForkedBooter.java:203)
	at org.apache.maven.surefire.booter.ForkedBooter.runSuitesInProcess(ForkedBooter.java:155)
	at org.apache.maven.surefire.booter.ForkedBooter.main(ForkedBooter.java:103)
Caused by: java.lang.RuntimeException: IocBean[dataSource] fail at field=[driverClassName]
	at org.nutz.ioc.weaver.FieldInjector.inject(FieldInjector.java:40)
	at org.nutz.ioc.weaver.DefaultWeaver.fill(DefaultWeaver.java:56)
	at org.nutz.ioc.impl.ObjectMakerImpl.make(ObjectMakerImpl.java:136)
	at org.nutz.ioc.impl.NutIoc.get(NutIoc.java:210)
	at org.nutz.ioc.val.ReferValue.get(ReferValue.java:24)
	at org.nutz.ioc.impl.ObjectMakerImpl.make(ObjectMakerImpl.java:62)
	at org.nutz.ioc.impl.NutIoc.get(NutIoc.java:210)
	at org.nutz.ioc.impl.NutIoc.get(NutIoc.java:239)
	at org.nutz.dao.test.DaoCase.setUp(DaoCase.java:22)
	at sun.reflect.GeneratedMethodAccessor23.invoke(Unknown Source)
	at sun.reflect.DelegatingMethodAccessorImpl.invoke(DelegatingMethodAccessorImpl.java:43)
	at java.lang.reflect.Method.invoke(Method.java:498)
	at org.junit.runners.model.FrameworkMethod$1.runReflectiveCall(FrameworkMethod.java:44)
	at org.junit.internal.runners.model.ReflectiveCallable.run(ReflectiveCallable.java:15)
	at org.junit.runners.model.FrameworkMethod.invokeExplosively(FrameworkMethod.java:41)
	at org.junit.internal.runners.statements.RunBefores.evaluate(RunBefores.java:27)
	at org.junit.internal.runners.statements.RunAfters.evaluate(RunAfters.java:31)
	at org.junit.runners.BlockJUnit4ClassRunner.runNotIgnored(BlockJUnit4ClassRunner.java:79)
	at org.junit.runners.BlockJUnit4ClassRunner.runChild(BlockJUnit4ClassRunner.java:71)
	at org.junit.runners.BlockJUnit4ClassRunner.runChild(BlockJUnit4ClassRunner.java:49)
	at org.junit.runners.ParentRunner$3.run(ParentRunner.java:193)
	at org.junit.runners.ParentRunner$1.schedule(ParentRunner.java:52)
	at org.junit.runners.ParentRunner.runChildren(ParentRunner.java:191)
	at org.junit.runners.ParentRunner.access$000(ParentRunner.java:42)
	at org.junit.runners.ParentRunner$2.evaluate(ParentRunner.java:184)
	at org.junit.runners.ParentRunner.run(ParentRunner.java:236)
	at org.apache.maven.surefire.junit4.JUnit4Provider.execute(JUnit4Provider.java:283)
	at org.apache.maven.surefire.junit4.JUnit4Provider.executeWithRerun(JUnit4Provider.java:173)
	at org.apache.maven.surefire.junit4.JUnit4Provider.executeTestSet(JUnit4Provider.java:153)
	at org.apache.maven.surefire.junit4.JUnit4Provider.invoke(JUnit4Provider.java:128)
	at org.apache.maven.surefire.booter.ForkedBooter.invokeProviderInSameClassLoader(ForkedBooter.java:203)
	at org.apache.maven.surefire.booter.ForkedBooter.runSuitesInProcess(ForkedBooter.java:155)
	at org.apache.maven.surefire.booter.ForkedBooter.main(ForkedBooter.java:103)
Caused by: org.nutz.ioc.IocException: IocBean[config] throw Exception when creating
	at org.nutz.ioc.impl.ObjectMakerImpl.make(ObjectMakerImpl.java:150)
	at org.nutz.ioc.impl.NutIoc.get(NutIoc.java:210)
	at org.nutz.ioc.impl.NutIoc.get(NutIoc.java:239)
	at org.nutz.ioc.java.IocObjectNode.getValue(IocObjectNode.java:19)
	at org.nutz.ioc.java.ChainNode.eval(ChainNode.java:24)
	at org.nutz.ioc.java.ChainNode.eval(ChainNode.java:19)
	at org.nutz.ioc.val.JavaValue.get(JavaValue.java:69)
	at org.nutz.ioc.weaver.FieldInjector.inject(FieldInjector.java:32)
	at org.nutz.ioc.weaver.DefaultWeaver.fill(DefaultWeaver.java:56)
	at org.nutz.ioc.impl.ObjectMakerImpl.make(ObjectMakerImpl.java:136)
	at org.nutz.ioc.impl.NutIoc.get(NutIoc.java:210)
	at org.nutz.ioc.val.ReferValue.get(ReferValue.java:24)
	at org.nutz.ioc.impl.ObjectMakerImpl.make(ObjectMakerImpl.java:62)
	at org.nutz.ioc.impl.NutIoc.get(NutIoc.java:210)
	at org.nutz.ioc.impl.NutIoc.get(NutIoc.java:239)
	at org.nutz.dao.test.DaoCase.setUp(DaoCase.java:22)
	at sun.reflect.GeneratedMethodAccessor23.invoke(Unknown Source)
	at sun.reflect.DelegatingMethodAccessorImpl.invoke(DelegatingMethodAccessorImpl.java:43)
	at java.lang.reflect.Method.invoke(Method.java:498)
	at org.junit.runners.model.FrameworkMethod$1.runReflectiveCall(FrameworkMethod.java:44)
	at org.junit.internal.runners.model.ReflectiveCallable.run(ReflectiveCallable.java:15)
	at org.junit.runners.model.FrameworkMethod.invokeExplosively(FrameworkMethod.java:41)
	at org.junit.internal.runners.statements.RunBefores.evaluate(RunBefores.java:27)
	at org.junit.internal.runners.statements.RunAfters.evaluate(RunAfters.java:31)
	at org.junit.runners.BlockJUnit4ClassRunner.runNotIgnored(BlockJUnit4ClassRunner.java:79)
	at org.junit.runners.BlockJUnit4ClassRunner.runChild(BlockJUnit4ClassRunner.java:71)
	at org.junit.runners.BlockJUnit4ClassRunner.runChild(BlockJUnit4ClassRunner.java:49)
	at org.junit.runners.ParentRunner$3.run(ParentRunner.java:193)
	at org.junit.runners.ParentRunner$1.schedule(ParentRunner.java:52)
	at org.junit.runners.ParentRunner.runChildren(ParentRunner.java:191)
	at org.junit.runners.ParentRunner.access$000(ParentRunner.java:42)
	at org.junit.runners.ParentRunner$2.evaluate(ParentRunner.java:184)
	at org.junit.runners.ParentRunner.run(ParentRunner.java:236)
	at org.apache.maven.surefire.junit4.JUnit4Provider.execute(JUnit4Provider.java:283)
	at org.apache.maven.surefire.junit4.JUnit4Provider.executeWithRerun(JUnit4Provider.java:173)
	at org.apache.maven.surefire.junit4.JUnit4Provider.executeTestSet(JUnit4Provider.java:153)
	at org.apache.maven.surefire.junit4.JUnit4Provider.invoke(JUnit4Provider.java:128)
	at org.apache.maven.surefire.booter.ForkedBooter.invokeProviderInSameClassLoader(ForkedBooter.java:203)
	at org.apache.maven.surefire.booter.ForkedBooter.runSuitesInProcess(ForkedBooter.java:155)
	at org.apache.maven.surefire.booter.ForkedBooter.main(ForkedBooter.java:103)
Caused by: java.lang.RuntimeException: IocBean[config] fail at field=[paths]
	at org.nutz.ioc.weaver.FieldInjector.inject(FieldInjector.java:40)
	at org.nutz.ioc.weaver.DefaultWeaver.fill(DefaultWeaver.java:56)
	at org.nutz.ioc.impl.ObjectMakerImpl.make(ObjectMakerImpl.java:136)
	at org.nutz.ioc.impl.NutIoc.get(NutIoc.java:210)
	at org.nutz.ioc.impl.NutIoc.get(NutIoc.java:239)
	at org.nutz.ioc.java.IocObjectNode.getValue(IocObjectNode.java:19)
	at org.nutz.ioc.java.ChainNode.eval(ChainNode.java:24)
	at org.nutz.ioc.java.ChainNode.eval(ChainNode.java:19)
	at org.nutz.ioc.val.JavaValue.get(JavaValue.java:69)
	at org.nutz.ioc.weaver.FieldInjector.inject(FieldInjector.java:32)
	at org.nutz.ioc.weaver.DefaultWeaver.fill(DefaultWeaver.java:56)
	at org.nutz.ioc.impl.ObjectMakerImpl.make(ObjectMakerImpl.java:136)
	at org.nutz.ioc.impl.NutIoc.get(NutIoc.java:210)
	at org.nutz.ioc.val.ReferValue.get(ReferValue.java:24)
	at org.nutz.ioc.impl.ObjectMakerImpl.make(ObjectMakerImpl.java:62)
	at org.nutz.ioc.impl.NutIoc.get(NutIoc.java:210)
	at org.nutz.ioc.impl.NutIoc.get(NutIoc.java:239)
	at org.nutz.dao.test.DaoCase.setUp(DaoCase.java:22)
	at sun.reflect.GeneratedMethodAccessor23.invoke(Unknown Source)
	at sun.reflect.DelegatingMethodAccessorImpl.invoke(DelegatingMethodAccessorImpl.java:43)
	at java.lang.reflect.Method.invoke(Method.java:498)
	at org.junit.runners.model.FrameworkMethod$1.runReflectiveCall(FrameworkMethod.java:44)
	at org.junit.internal.runners.model.ReflectiveCallable.run(ReflectiveCallable.java:15)
	at org.junit.runners.model.FrameworkMethod.invokeExplosively(FrameworkMethod.java:41)
	at org.junit.internal.runners.statements.RunBefores.evaluate(RunBefores.java:27)
	at org.junit.internal.runners.statements.RunAfters.evaluate(RunAfters.java:31)
	at org.junit.runners.BlockJUnit4ClassRunner.runNotIgnored(BlockJUnit4ClassRunner.java:79)
	at org.junit.runners.BlockJUnit4ClassRunner.runChild(BlockJUnit4ClassRunner.java:71)
	at org.junit.runners.BlockJUnit4ClassRunner.runChild(BlockJUnit4ClassRunner.java:49)
	at org.junit.runners.ParentRunner$3.run(ParentRunner.java:193)
	at org.junit.runners.ParentRunner$1.schedule(ParentRunner.java:52)
	at org.junit.runners.ParentRunner.runChildren(ParentRunner.java:191)
	at org.junit.runners.ParentRunner.access$000(ParentRunner.java:42)
	at org.junit.runners.ParentRunner$2.evaluate(ParentRunner.java:184)
	at org.junit.runners.ParentRunner.run(ParentRunner.java:236)
	at org.apache.maven.surefire.junit4.JUnit4Provider.execute(JUnit4Provider.java:283)
	at org.apache.maven.surefire.junit4.JUnit4Provider.executeWithRerun(JUnit4Provider.java:173)
	at org.apache.maven.surefire.junit4.JUnit4Provider.executeTestSet(JUnit4Provider.java:153)
	at org.apache.maven.surefire.junit4.JUnit4Provider.invoke(JUnit4Provider.java:128)
	at org.apache.maven.surefire.booter.ForkedBooter.invokeProviderInSameClassLoader(ForkedBooter.java:203)
	at org.apache.maven.surefire.booter.ForkedBooter.runSuitesInProcess(ForkedBooter.java:155)
	at org.apache.maven.surefire.booter.ForkedBooter.main(ForkedBooter.java:103)
Caused by: java.lang.RuntimeException: Fail to set '[nutz-test.properties]'[ [Ljava.lang.String;@523a7801 ] by setter org.nutz.ioc.impl.PropertiesProxy.'setPaths()' because [java.lang.RuntimeException: folder or file like '^.+[.]properties$' no found in nutz-test.properties]: folder or file like '^.+[.]properties$' no found in nutz-test.properties
	at org.nutz.lang.Lang.wrapThrow(Lang.java:167)
	at org.nutz.lang.inject.InjectBySetter.inject(InjectBySetter.java:62)
	at org.nutz.ioc.weaver.FieldInjector.inject(FieldInjector.java:33)
	at org.nutz.ioc.weaver.DefaultWeaver.fill(DefaultWeaver.java:56)
	at org.nutz.ioc.impl.ObjectMakerImpl.make(ObjectMakerImpl.java:136)
	at org.nutz.ioc.impl.NutIoc.get(NutIoc.java:210)
	at org.nutz.ioc.impl.NutIoc.get(NutIoc.java:239)
	at org.nutz.ioc.java.IocObjectNode.getValue(IocObjectNode.java:19)
	at org.nutz.ioc.java.ChainNode.eval(ChainNode.java:24)
	at org.nutz.ioc.java.ChainNode.eval(ChainNode.java:19)
	at org.nutz.ioc.val.JavaValue.get(JavaValue.java:69)
	at org.nutz.ioc.weaver.FieldInjector.inject(FieldInjector.java:32)
	at org.nutz.ioc.weaver.DefaultWeaver.fill(DefaultWeaver.java:56)
	at org.nutz.ioc.impl.ObjectMakerImpl.make(ObjectMakerImpl.java:136)
	at org.nutz.ioc.impl.NutIoc.get(NutIoc.java:210)
	at org.nutz.ioc.val.ReferValue.get(ReferValue.java:24)
	at org.nutz.ioc.impl.ObjectMakerImpl.make(ObjectMakerImpl.java:62)
	at org.nutz.ioc.impl.NutIoc.get(NutIoc.java:210)
	at org.nutz.ioc.impl.NutIoc.get(NutIoc.java:239)
	at org.nutz.dao.test.DaoCase.setUp(DaoCase.java:22)
	at sun.reflect.GeneratedMethodAccessor23.invoke(Unknown Source)
	at sun.reflect.DelegatingMethodAccessorImpl.invoke(DelegatingMethodAccessorImpl.java:43)
	at java.lang.reflect.Method.invoke(Method.java:498)
	at org.junit.runners.model.FrameworkMethod$1.runReflectiveCall(FrameworkMethod.java:44)
	at org.junit.internal.runners.model.ReflectiveCallable.run(ReflectiveCallable.java:15)
	at org.junit.runners.model.FrameworkMethod.invokeExplosively(FrameworkMethod.java:41)
	at org.junit.internal.runners.statements.RunBefores.evaluate(RunBefores.java:27)
	at org.junit.internal.runners.statements.RunAfters.evaluate(RunAfters.java:31)
	at org.junit.runners.BlockJUnit4ClassRunner.runNotIgnored(BlockJUnit4ClassRunner.java:79)
	at org.junit.runners.BlockJUnit4ClassRunner.runChild(BlockJUnit4ClassRunner.java:71)
	at org.junit.runners.BlockJUnit4ClassRunner.runChild(BlockJUnit4ClassRunner.java:49)
	at org.junit.runners.ParentRunner$3.run(ParentRunner.java:193)
	at org.junit.runners.ParentRunner$1.schedule(ParentRunner.java:52)
	at org.junit.runners.ParentRunner.runChildren(ParentRunner.java:191)
	at org.junit.runners.ParentRunner.access$000(ParentRunner.java:42)
	at org.junit.runners.ParentRunner$2.evaluate(ParentRunner.java:184)
	at org.junit.runners.ParentRunner.run(ParentRunner.java:236)
	at org.apache.maven.surefire.junit4.JUnit4Provider.execute(JUnit4Provider.java:283)
	at org.apache.maven.surefire.junit4.JUnit4Provider.executeWithRerun(JUnit4Provider.java:173)
	at org.apache.maven.surefire.junit4.JUnit4Provider.executeTestSet(JUnit4Provider.java:153)
	at org.apache.maven.surefire.junit4.JUnit4Provider.invoke(JUnit4Provider.java:128)
	at org.apache.maven.surefire.booter.ForkedBooter.invokeProviderInSameClassLoader(ForkedBooter.java:203)
	at org.apache.maven.surefire.booter.ForkedBooter.runSuitesInProcess(ForkedBooter.java:155)
	at org.apache.maven.surefire.booter.ForkedBooter.main(ForkedBooter.java:103)
Caused by: java.lang.RuntimeException: folder or file like '^.+[.]properties$' no found in nutz-test.properties
	at org.nutz.lang.Lang.makeThrow(Lang.java:151)
	at org.nutz.resource.Scans.loadResource(Scans.java:112)
	at org.nutz.ioc.impl.PropertiesProxy.getResources(PropertiesProxy.java:153)
	at org.nutz.ioc.impl.PropertiesProxy.setPaths(PropertiesProxy.java:109)
	at org.nutz.ioc.impl.PropertiesProxy$FM$setPaths$d0275b2b871e237a38f11859247d1599.invoke(PropertiesProxy.java)
	at org.nutz.lang.inject.InjectBySetter.inject(InjectBySetter.java:51)
	at org.nutz.ioc.weaver.FieldInjector.inject(FieldInjector.java:33)
	at org.nutz.ioc.weaver.DefaultWeaver.fill(DefaultWeaver.java:56)
	at org.nutz.ioc.impl.ObjectMakerImpl.make(ObjectMakerImpl.java:136)
	at org.nutz.ioc.impl.NutIoc.get(NutIoc.java:210)
	at org.nutz.ioc.impl.NutIoc.get(NutIoc.java:239)
	at org.nutz.ioc.java.IocObjectNode.getValue(IocObjectNode.java:19)
	at org.nutz.ioc.java.ChainNode.eval(ChainNode.java:24)
	at org.nutz.ioc.java.ChainNode.eval(ChainNode.java:19)
	at org.nutz.ioc.val.JavaValue.get(JavaValue.java:69)
	at org.nutz.ioc.weaver.FieldInjector.inject(FieldInjector.java:32)
	at org.nutz.ioc.weaver.DefaultWeaver.fill(DefaultWeaver.java:56)
	at org.nutz.ioc.impl.ObjectMakerImpl.make(ObjectMakerImpl.java:136)
	at org.nutz.ioc.impl.NutIoc.get(NutIoc.java:210)
	at org.nutz.ioc.val.ReferValue.get(ReferValue.java:24)
	at org.nutz.ioc.impl.ObjectMakerImpl.make(ObjectMakerImpl.java:62)
	at org.nutz.ioc.impl.NutIoc.get(NutIoc.java:210)
	at org.nutz.ioc.impl.NutIoc.get(NutIoc.java:239)
	at org.nutz.dao.test.DaoCase.setUp(DaoCase.java:22)
	at sun.reflect.GeneratedMethodAccessor23.invoke(Unknown Source)
	at sun.reflect.DelegatingMethodAccessorImpl.invoke(DelegatingMethodAccessorImpl.java:43)
	at java.lang.reflect.Method.invoke(Method.java:498)
	at org.junit.runners.model.FrameworkMethod$1.runReflectiveCall(FrameworkMethod.java:44)
	at org.junit.internal.runners.model.ReflectiveCallable.run(ReflectiveCallable.java:15)
	at org.junit.runners.model.FrameworkMethod.invokeExplosively(FrameworkMethod.java:41)
	at org.junit.internal.runners.statements.RunBefores.evaluate(RunBefores.java:27)
	at org.junit.internal.runners.statements.RunAfters.evaluate(RunAfters.java:31)
	at org.junit.runners.BlockJUnit4ClassRunner.runNotIgnored(BlockJUnit4ClassRunner.java:79)
	at org.junit.runners.BlockJUnit4ClassRunner.runChild(BlockJUnit4ClassRunner.java:71)
	at org.junit.runners.BlockJUnit4ClassRunner.runChild(BlockJUnit4ClassRunner.java:49)
	at org.junit.runners.ParentRunner$3.run(ParentRunner.java:193)
	at org.junit.runners.ParentRunner$1.schedule(ParentRunner.java:52)
	at org.junit.runners.ParentRunner.runChildren(ParentRunner.java:191)
	at org.junit.runners.ParentRunner.access$000(ParentRunner.java:42)
	at org.junit.runners.ParentRunner$2.evaluate(ParentRunner.java:184)
	at org.junit.runners.ParentRunner.run(ParentRunner.java:236)
	at org.apache.maven.surefire.junit4.JUnit4Provider.execute(JUnit4Provider.java:283)
	at org.apache.maven.surefire.junit4.JUnit4Provider.executeWithRerun(JUnit4Provider.java:173)
	at org.apache.maven.surefire.junit4.JUnit4Provider.executeTestSet(JUnit4Provider.java:153)
	at org.apache.maven.surefire.junit4.JUnit4Provider.invoke(JUnit4Provider.java:128)
	at org.apache.maven.surefire.booter.ForkedBooter.invokeProviderInSameClassLoader(ForkedBooter.java:203)
	at org.apache.maven.surefire.booter.ForkedBooter.runSuitesInProcess(ForkedBooter.java:155)
	at org.apache.maven.surefire.booter.ForkedBooter.main(ForkedBooter.java:103)
</error>
  </testcase>
  <testcase name="test_sql_pager" classname="org.nutz.dao.test.normal.SimpleDaoTest" time="0">
    <error message="IocBean[dao -&gt; dataSource] throw Exception when creating" type="org.nutz.ioc.IocException">org.nutz.ioc.IocException: IocBean[dao -> dataSource] throw Exception when creating
	at org.nutz.ioc.impl.ObjectMakerImpl.make(ObjectMakerImpl.java:150)
	at org.nutz.ioc.impl.NutIoc.get(NutIoc.java:210)
	at org.nutz.ioc.val.ReferValue.get(ReferValue.java:24)
	at org.nutz.ioc.impl.ObjectMakerImpl.make(ObjectMakerImpl.java:62)
	at org.nutz.ioc.impl.NutIoc.get(NutIoc.java:210)
	at org.nutz.ioc.impl.NutIoc.get(NutIoc.java:239)
	at org.nutz.dao.test.DaoCase.setUp(DaoCase.java:22)
	at sun.reflect.GeneratedMethodAccessor23.invoke(Unknown Source)
	at sun.reflect.DelegatingMethodAccessorImpl.invoke(DelegatingMethodAccessorImpl.java:43)
	at java.lang.reflect.Method.invoke(Method.java:498)
	at org.junit.runners.model.FrameworkMethod$1.runReflectiveCall(FrameworkMethod.java:44)
	at org.junit.internal.runners.model.ReflectiveCallable.run(ReflectiveCallable.java:15)
	at org.junit.runners.model.FrameworkMethod.invokeExplosively(FrameworkMethod.java:41)
	at org.junit.internal.runners.statements.RunBefores.evaluate(RunBefores.java:27)
	at org.junit.internal.runners.statements.RunAfters.evaluate(RunAfters.java:31)
	at org.junit.runners.BlockJUnit4ClassRunner.runNotIgnored(BlockJUnit4ClassRunner.java:79)
	at org.junit.runners.BlockJUnit4ClassRunner.runChild(BlockJUnit4ClassRunner.java:71)
	at org.junit.runners.BlockJUnit4ClassRunner.runChild(BlockJUnit4ClassRunner.java:49)
	at org.junit.runners.ParentRunner$3.run(ParentRunner.java:193)
	at org.junit.runners.ParentRunner$1.schedule(ParentRunner.java:52)
	at org.junit.runners.ParentRunner.runChildren(ParentRunner.java:191)
	at org.junit.runners.ParentRunner.access$000(ParentRunner.java:42)
	at org.junit.runners.ParentRunner$2.evaluate(ParentRunner.java:184)
	at org.junit.runners.ParentRunner.run(ParentRunner.java:236)
	at org.apache.maven.surefire.junit4.JUnit4Provider.execute(JUnit4Provider.java:283)
	at org.apache.maven.surefire.junit4.JUnit4Provider.executeWithRerun(JUnit4Provider.java:173)
	at org.apache.maven.surefire.junit4.JUnit4Provider.executeTestSet(JUnit4Provider.java:153)
	at org.apache.maven.surefire.junit4.JUnit4Provider.invoke(JUnit4Provider.java:128)
	at org.apache.maven.surefire.booter.ForkedBooter.invokeProviderInSameClassLoader(ForkedBooter.java:203)
	at org.apache.maven.surefire.booter.ForkedBooter.runSuitesInProcess(ForkedBooter.java:155)
	at org.apache.maven.surefire.booter.ForkedBooter.main(ForkedBooter.java:103)
Caused by: java.lang.RuntimeException: IocBean[dataSource] fail at field=[driverClassName]
	at org.nutz.ioc.weaver.FieldInjector.inject(FieldInjector.java:40)
	at org.nutz.ioc.weaver.DefaultWeaver.fill(DefaultWeaver.java:56)
	at org.nutz.ioc.impl.ObjectMakerImpl.make(ObjectMakerImpl.java:136)
	at org.nutz.ioc.impl.NutIoc.get(NutIoc.java:210)
	at org.nutz.ioc.val.ReferValue.get(ReferValue.java:24)
	at org.nutz.ioc.impl.ObjectMakerImpl.make(ObjectMakerImpl.java:62)
	at org.nutz.ioc.impl.NutIoc.get(NutIoc.java:210)
	at org.nutz.ioc.impl.NutIoc.get(NutIoc.java:239)
	at org.nutz.dao.test.DaoCase.setUp(DaoCase.java:22)
	at sun.reflect.GeneratedMethodAccessor23.invoke(Unknown Source)
	at sun.reflect.DelegatingMethodAccessorImpl.invoke(DelegatingMethodAccessorImpl.java:43)
	at java.lang.reflect.Method.invoke(Method.java:498)
	at org.junit.runners.model.FrameworkMethod$1.runReflectiveCall(FrameworkMethod.java:44)
	at org.junit.internal.runners.model.ReflectiveCallable.run(ReflectiveCallable.java:15)
	at org.junit.runners.model.FrameworkMethod.invokeExplosively(FrameworkMethod.java:41)
	at org.junit.internal.runners.statements.RunBefores.evaluate(RunBefores.java:27)
	at org.junit.internal.runners.statements.RunAfters.evaluate(RunAfters.java:31)
	at org.junit.runners.BlockJUnit4ClassRunner.runNotIgnored(BlockJUnit4ClassRunner.java:79)
	at org.junit.runners.BlockJUnit4ClassRunner.runChild(BlockJUnit4ClassRunner.java:71)
	at org.junit.runners.BlockJUnit4ClassRunner.runChild(BlockJUnit4ClassRunner.java:49)
	at org.junit.runners.ParentRunner$3.run(ParentRunner.java:193)
	at org.junit.runners.ParentRunner$1.schedule(ParentRunner.java:52)
	at org.junit.runners.ParentRunner.runChildren(ParentRunner.java:191)
	at org.junit.runners.ParentRunner.access$000(ParentRunner.java:42)
	at org.junit.runners.ParentRunner$2.evaluate(ParentRunner.java:184)
	at org.junit.runners.ParentRunner.run(ParentRunner.java:236)
	at org.apache.maven.surefire.junit4.JUnit4Provider.execute(JUnit4Provider.java:283)
	at org.apache.maven.surefire.junit4.JUnit4Provider.executeWithRerun(JUnit4Provider.java:173)
	at org.apache.maven.surefire.junit4.JUnit4Provider.executeTestSet(JUnit4Provider.java:153)
	at org.apache.maven.surefire.junit4.JUnit4Provider.invoke(JUnit4Provider.java:128)
	at org.apache.maven.surefire.booter.ForkedBooter.invokeProviderInSameClassLoader(ForkedBooter.java:203)
	at org.apache.maven.surefire.booter.ForkedBooter.runSuitesInProcess(ForkedBooter.java:155)
	at org.apache.maven.surefire.booter.ForkedBooter.main(ForkedBooter.java:103)
Caused by: org.nutz.ioc.IocException: IocBean[config] throw Exception when creating
	at org.nutz.ioc.impl.ObjectMakerImpl.make(ObjectMakerImpl.java:150)
	at org.nutz.ioc.impl.NutIoc.get(NutIoc.java:210)
	at org.nutz.ioc.impl.NutIoc.get(NutIoc.java:239)
	at org.nutz.ioc.java.IocObjectNode.getValue(IocObjectNode.java:19)
	at org.nutz.ioc.java.ChainNode.eval(ChainNode.java:24)
	at org.nutz.ioc.java.ChainNode.eval(ChainNode.java:19)
	at org.nutz.ioc.val.JavaValue.get(JavaValue.java:69)
	at org.nutz.ioc.weaver.FieldInjector.inject(FieldInjector.java:32)
	at org.nutz.ioc.weaver.DefaultWeaver.fill(DefaultWeaver.java:56)
	at org.nutz.ioc.impl.ObjectMakerImpl.make(ObjectMakerImpl.java:136)
	at org.nutz.ioc.impl.NutIoc.get(NutIoc.java:210)
	at org.nutz.ioc.val.ReferValue.get(ReferValue.java:24)
	at org.nutz.ioc.impl.ObjectMakerImpl.make(ObjectMakerImpl.java:62)
	at org.nutz.ioc.impl.NutIoc.get(NutIoc.java:210)
	at org.nutz.ioc.impl.NutIoc.get(NutIoc.java:239)
	at org.nutz.dao.test.DaoCase.setUp(DaoCase.java:22)
	at sun.reflect.GeneratedMethodAccessor23.invoke(Unknown Source)
	at sun.reflect.DelegatingMethodAccessorImpl.invoke(DelegatingMethodAccessorImpl.java:43)
	at java.lang.reflect.Method.invoke(Method.java:498)
	at org.junit.runners.model.FrameworkMethod$1.runReflectiveCall(FrameworkMethod.java:44)
	at org.junit.internal.runners.model.ReflectiveCallable.run(ReflectiveCallable.java:15)
	at org.junit.runners.model.FrameworkMethod.invokeExplosively(FrameworkMethod.java:41)
	at org.junit.internal.runners.statements.RunBefores.evaluate(RunBefores.java:27)
	at org.junit.internal.runners.statements.RunAfters.evaluate(RunAfters.java:31)
	at org.junit.runners.BlockJUnit4ClassRunner.runNotIgnored(BlockJUnit4ClassRunner.java:79)
	at org.junit.runners.BlockJUnit4ClassRunner.runChild(BlockJUnit4ClassRunner.java:71)
	at org.junit.runners.BlockJUnit4ClassRunner.runChild(BlockJUnit4ClassRunner.java:49)
	at org.junit.runners.ParentRunner$3.run(ParentRunner.java:193)
	at org.junit.runners.ParentRunner$1.schedule(ParentRunner.java:52)
	at org.junit.runners.ParentRunner.runChildren(ParentRunner.java:191)
	at org.junit.runners.ParentRunner.access$000(ParentRunner.java:42)
	at org.junit.runners.ParentRunner$2.evaluate(ParentRunner.java:184)
	at org.junit.runners.ParentRunner.run(ParentRunner.java:236)
	at org.apache.maven.surefire.junit4.JUnit4Provider.execute(JUnit4Provider.java:283)
	at org.apache.maven.surefire.junit4.JUnit4Provider.executeWithRerun(JUnit4Provider.java:173)
	at org.apache.maven.surefire.junit4.JUnit4Provider.executeTestSet(JUnit4Provider.java:153)
	at org.apache.maven.surefire.junit4.JUnit4Provider.invoke(JUnit4Provider.java:128)
	at org.apache.maven.surefire.booter.ForkedBooter.invokeProviderInSameClassLoader(ForkedBooter.java:203)
	at org.apache.maven.surefire.booter.ForkedBooter.runSuitesInProcess(ForkedBooter.java:155)
	at org.apache.maven.surefire.booter.ForkedBooter.main(ForkedBooter.java:103)
Caused by: java.lang.RuntimeException: IocBean[config] fail at field=[paths]
	at org.nutz.ioc.weaver.FieldInjector.inject(FieldInjector.java:40)
	at org.nutz.ioc.weaver.DefaultWeaver.fill(DefaultWeaver.java:56)
	at org.nutz.ioc.impl.ObjectMakerImpl.make(ObjectMakerImpl.java:136)
	at org.nutz.ioc.impl.NutIoc.get(NutIoc.java:210)
	at org.nutz.ioc.impl.NutIoc.get(NutIoc.java:239)
	at org.nutz.ioc.java.IocObjectNode.getValue(IocObjectNode.java:19)
	at org.nutz.ioc.java.ChainNode.eval(ChainNode.java:24)
	at org.nutz.ioc.java.ChainNode.eval(ChainNode.java:19)
	at org.nutz.ioc.val.JavaValue.get(JavaValue.java:69)
	at org.nutz.ioc.weaver.FieldInjector.inject(FieldInjector.java:32)
	at org.nutz.ioc.weaver.DefaultWeaver.fill(DefaultWeaver.java:56)
	at org.nutz.ioc.impl.ObjectMakerImpl.make(ObjectMakerImpl.java:136)
	at org.nutz.ioc.impl.NutIoc.get(NutIoc.java:210)
	at org.nutz.ioc.val.ReferValue.get(ReferValue.java:24)
	at org.nutz.ioc.impl.ObjectMakerImpl.make(ObjectMakerImpl.java:62)
	at org.nutz.ioc.impl.NutIoc.get(NutIoc.java:210)
	at org.nutz.ioc.impl.NutIoc.get(NutIoc.java:239)
	at org.nutz.dao.test.DaoCase.setUp(DaoCase.java:22)
	at sun.reflect.GeneratedMethodAccessor23.invoke(Unknown Source)
	at sun.reflect.DelegatingMethodAccessorImpl.invoke(DelegatingMethodAccessorImpl.java:43)
	at java.lang.reflect.Method.invoke(Method.java:498)
	at org.junit.runners.model.FrameworkMethod$1.runReflectiveCall(FrameworkMethod.java:44)
	at org.junit.internal.runners.model.ReflectiveCallable.run(ReflectiveCallable.java:15)
	at org.junit.runners.model.FrameworkMethod.invokeExplosively(FrameworkMethod.java:41)
	at org.junit.internal.runners.statements.RunBefores.evaluate(RunBefores.java:27)
	at org.junit.internal.runners.statements.RunAfters.evaluate(RunAfters.java:31)
	at org.junit.runners.BlockJUnit4ClassRunner.runNotIgnored(BlockJUnit4ClassRunner.java:79)
	at org.junit.runners.BlockJUnit4ClassRunner.runChild(BlockJUnit4ClassRunner.java:71)
	at org.junit.runners.BlockJUnit4ClassRunner.runChild(BlockJUnit4ClassRunner.java:49)
	at org.junit.runners.ParentRunner$3.run(ParentRunner.java:193)
	at org.junit.runners.ParentRunner$1.schedule(ParentRunner.java:52)
	at org.junit.runners.ParentRunner.runChildren(ParentRunner.java:191)
	at org.junit.runners.ParentRunner.access$000(ParentRunner.java:42)
	at org.junit.runners.ParentRunner$2.evaluate(ParentRunner.java:184)
	at org.junit.runners.ParentRunner.run(ParentRunner.java:236)
	at org.apache.maven.surefire.junit4.JUnit4Provider.execute(JUnit4Provider.java:283)
	at org.apache.maven.surefire.junit4.JUnit4Provider.executeWithRerun(JUnit4Provider.java:173)
	at org.apache.maven.surefire.junit4.JUnit4Provider.executeTestSet(JUnit4Provider.java:153)
	at org.apache.maven.surefire.junit4.JUnit4Provider.invoke(JUnit4Provider.java:128)
	at org.apache.maven.surefire.booter.ForkedBooter.invokeProviderInSameClassLoader(ForkedBooter.java:203)
	at org.apache.maven.surefire.booter.ForkedBooter.runSuitesInProcess(ForkedBooter.java:155)
	at org.apache.maven.surefire.booter.ForkedBooter.main(ForkedBooter.java:103)
Caused by: java.lang.RuntimeException: Fail to set '[nutz-test.properties]'[ [Ljava.lang.String;@718fd7c1 ] by setter org.nutz.ioc.impl.PropertiesProxy.'setPaths()' because [java.lang.RuntimeException: folder or file like '^.+[.]properties$' no found in nutz-test.properties]: folder or file like '^.+[.]properties$' no found in nutz-test.properties
	at org.nutz.lang.Lang.wrapThrow(Lang.java:167)
	at org.nutz.lang.inject.InjectBySetter.inject(InjectBySetter.java:62)
	at org.nutz.ioc.weaver.FieldInjector.inject(FieldInjector.java:33)
	at org.nutz.ioc.weaver.DefaultWeaver.fill(DefaultWeaver.java:56)
	at org.nutz.ioc.impl.ObjectMakerImpl.make(ObjectMakerImpl.java:136)
	at org.nutz.ioc.impl.NutIoc.get(NutIoc.java:210)
	at org.nutz.ioc.impl.NutIoc.get(NutIoc.java:239)
	at org.nutz.ioc.java.IocObjectNode.getValue(IocObjectNode.java:19)
	at org.nutz.ioc.java.ChainNode.eval(ChainNode.java:24)
	at org.nutz.ioc.java.ChainNode.eval(ChainNode.java:19)
	at org.nutz.ioc.val.JavaValue.get(JavaValue.java:69)
	at org.nutz.ioc.weaver.FieldInjector.inject(FieldInjector.java:32)
	at org.nutz.ioc.weaver.DefaultWeaver.fill(DefaultWeaver.java:56)
	at org.nutz.ioc.impl.ObjectMakerImpl.make(ObjectMakerImpl.java:136)
	at org.nutz.ioc.impl.NutIoc.get(NutIoc.java:210)
	at org.nutz.ioc.val.ReferValue.get(ReferValue.java:24)
	at org.nutz.ioc.impl.ObjectMakerImpl.make(ObjectMakerImpl.java:62)
	at org.nutz.ioc.impl.NutIoc.get(NutIoc.java:210)
	at org.nutz.ioc.impl.NutIoc.get(NutIoc.java:239)
	at org.nutz.dao.test.DaoCase.setUp(DaoCase.java:22)
	at sun.reflect.GeneratedMethodAccessor23.invoke(Unknown Source)
	at sun.reflect.DelegatingMethodAccessorImpl.invoke(DelegatingMethodAccessorImpl.java:43)
	at java.lang.reflect.Method.invoke(Method.java:498)
	at org.junit.runners.model.FrameworkMethod$1.runReflectiveCall(FrameworkMethod.java:44)
	at org.junit.internal.runners.model.ReflectiveCallable.run(ReflectiveCallable.java:15)
	at org.junit.runners.model.FrameworkMethod.invokeExplosively(FrameworkMethod.java:41)
	at org.junit.internal.runners.statements.RunBefores.evaluate(RunBefores.java:27)
	at org.junit.internal.runners.statements.RunAfters.evaluate(RunAfters.java:31)
	at org.junit.runners.BlockJUnit4ClassRunner.runNotIgnored(BlockJUnit4ClassRunner.java:79)
	at org.junit.runners.BlockJUnit4ClassRunner.runChild(BlockJUnit4ClassRunner.java:71)
	at org.junit.runners.BlockJUnit4ClassRunner.runChild(BlockJUnit4ClassRunner.java:49)
	at org.junit.runners.ParentRunner$3.run(ParentRunner.java:193)
	at org.junit.runners.ParentRunner$1.schedule(ParentRunner.java:52)
	at org.junit.runners.ParentRunner.runChildren(ParentRunner.java:191)
	at org.junit.runners.ParentRunner.access$000(ParentRunner.java:42)
	at org.junit.runners.ParentRunner$2.evaluate(ParentRunner.java:184)
	at org.junit.runners.ParentRunner.run(ParentRunner.java:236)
	at org.apache.maven.surefire.junit4.JUnit4Provider.execute(JUnit4Provider.java:283)
	at org.apache.maven.surefire.junit4.JUnit4Provider.executeWithRerun(JUnit4Provider.java:173)
	at org.apache.maven.surefire.junit4.JUnit4Provider.executeTestSet(JUnit4Provider.java:153)
	at org.apache.maven.surefire.junit4.JUnit4Provider.invoke(JUnit4Provider.java:128)
	at org.apache.maven.surefire.booter.ForkedBooter.invokeProviderInSameClassLoader(ForkedBooter.java:203)
	at org.apache.maven.surefire.booter.ForkedBooter.runSuitesInProcess(ForkedBooter.java:155)
	at org.apache.maven.surefire.booter.ForkedBooter.main(ForkedBooter.java:103)
Caused by: java.lang.RuntimeException: folder or file like '^.+[.]properties$' no found in nutz-test.properties
	at org.nutz.lang.Lang.makeThrow(Lang.java:151)
	at org.nutz.resource.Scans.loadResource(Scans.java:112)
	at org.nutz.ioc.impl.PropertiesProxy.getResources(PropertiesProxy.java:153)
	at org.nutz.ioc.impl.PropertiesProxy.setPaths(PropertiesProxy.java:109)
	at org.nutz.ioc.impl.PropertiesProxy$FM$setPaths$d0275b2b871e237a38f11859247d1599.invoke(PropertiesProxy.java)
	at org.nutz.lang.inject.InjectBySetter.inject(InjectBySetter.java:51)
	at org.nutz.ioc.weaver.FieldInjector.inject(FieldInjector.java:33)
	at org.nutz.ioc.weaver.DefaultWeaver.fill(DefaultWeaver.java:56)
	at org.nutz.ioc.impl.ObjectMakerImpl.make(ObjectMakerImpl.java:136)
	at org.nutz.ioc.impl.NutIoc.get(NutIoc.java:210)
	at org.nutz.ioc.impl.NutIoc.get(NutIoc.java:239)
	at org.nutz.ioc.java.IocObjectNode.getValue(IocObjectNode.java:19)
	at org.nutz.ioc.java.ChainNode.eval(ChainNode.java:24)
	at org.nutz.ioc.java.ChainNode.eval(ChainNode.java:19)
	at org.nutz.ioc.val.JavaValue.get(JavaValue.java:69)
	at org.nutz.ioc.weaver.FieldInjector.inject(FieldInjector.java:32)
	at org.nutz.ioc.weaver.DefaultWeaver.fill(DefaultWeaver.java:56)
	at org.nutz.ioc.impl.ObjectMakerImpl.make(ObjectMakerImpl.java:136)
	at org.nutz.ioc.impl.NutIoc.get(NutIoc.java:210)
	at org.nutz.ioc.val.ReferValue.get(ReferValue.java:24)
	at org.nutz.ioc.impl.ObjectMakerImpl.make(ObjectMakerImpl.java:62)
	at org.nutz.ioc.impl.NutIoc.get(NutIoc.java:210)
	at org.nutz.ioc.impl.NutIoc.get(NutIoc.java:239)
	at org.nutz.dao.test.DaoCase.setUp(DaoCase.java:22)
	at sun.reflect.GeneratedMethodAccessor23.invoke(Unknown Source)
	at sun.reflect.DelegatingMethodAccessorImpl.invoke(DelegatingMethodAccessorImpl.java:43)
	at java.lang.reflect.Method.invoke(Method.java:498)
	at org.junit.runners.model.FrameworkMethod$1.runReflectiveCall(FrameworkMethod.java:44)
	at org.junit.internal.runners.model.ReflectiveCallable.run(ReflectiveCallable.java:15)
	at org.junit.runners.model.FrameworkMethod.invokeExplosively(FrameworkMethod.java:41)
	at org.junit.internal.runners.statements.RunBefores.evaluate(RunBefores.java:27)
	at org.junit.internal.runners.statements.RunAfters.evaluate(RunAfters.java:31)
	at org.junit.runners.BlockJUnit4ClassRunner.runNotIgnored(BlockJUnit4ClassRunner.java:79)
	at org.junit.runners.BlockJUnit4ClassRunner.runChild(BlockJUnit4ClassRunner.java:71)
	at org.junit.runners.BlockJUnit4ClassRunner.runChild(BlockJUnit4ClassRunner.java:49)
	at org.junit.runners.ParentRunner$3.run(ParentRunner.java:193)
	at org.junit.runners.ParentRunner$1.schedule(ParentRunner.java:52)
	at org.junit.runners.ParentRunner.runChildren(ParentRunner.java:191)
	at org.junit.runners.ParentRunner.access$000(ParentRunner.java:42)
	at org.junit.runners.ParentRunner$2.evaluate(ParentRunner.java:184)
	at org.junit.runners.ParentRunner.run(ParentRunner.java:236)
	at org.apache.maven.surefire.junit4.JUnit4Provider.execute(JUnit4Provider.java:283)
	at org.apache.maven.surefire.junit4.JUnit4Provider.executeWithRerun(JUnit4Provider.java:173)
	at org.apache.maven.surefire.junit4.JUnit4Provider.executeTestSet(JUnit4Provider.java:153)
	at org.apache.maven.surefire.junit4.JUnit4Provider.invoke(JUnit4Provider.java:128)
	at org.apache.maven.surefire.booter.ForkedBooter.invokeProviderInSameClassLoader(ForkedBooter.java:203)
	at org.apache.maven.surefire.booter.ForkedBooter.runSuitesInProcess(ForkedBooter.java:155)
	at org.apache.maven.surefire.booter.ForkedBooter.main(ForkedBooter.java:103)
</error>
  </testcase>
  <testcase name="test_fetch_null_name" classname="org.nutz.dao.test.normal.SimpleDaoTest" time="0">
    <error message="IocBean[dao -&gt; dataSource] throw Exception when creating" type="org.nutz.ioc.IocException">org.nutz.ioc.IocException: IocBean[dao -> dataSource] throw Exception when creating
	at org.nutz.ioc.impl.ObjectMakerImpl.make(ObjectMakerImpl.java:150)
	at org.nutz.ioc.impl.NutIoc.get(NutIoc.java:210)
	at org.nutz.ioc.val.ReferValue.get(ReferValue.java:24)
	at org.nutz.ioc.impl.ObjectMakerImpl.make(ObjectMakerImpl.java:62)
	at org.nutz.ioc.impl.NutIoc.get(NutIoc.java:210)
	at org.nutz.ioc.impl.NutIoc.get(NutIoc.java:239)
	at org.nutz.dao.test.DaoCase.setUp(DaoCase.java:22)
	at sun.reflect.GeneratedMethodAccessor23.invoke(Unknown Source)
	at sun.reflect.DelegatingMethodAccessorImpl.invoke(DelegatingMethodAccessorImpl.java:43)
	at java.lang.reflect.Method.invoke(Method.java:498)
	at org.junit.runners.model.FrameworkMethod$1.runReflectiveCall(FrameworkMethod.java:44)
	at org.junit.internal.runners.model.ReflectiveCallable.run(ReflectiveCallable.java:15)
	at org.junit.runners.model.FrameworkMethod.invokeExplosively(FrameworkMethod.java:41)
	at org.junit.internal.runners.statements.RunBefores.evaluate(RunBefores.java:27)
	at org.junit.internal.runners.statements.RunAfters.evaluate(RunAfters.java:31)
	at org.junit.runners.BlockJUnit4ClassRunner.runNotIgnored(BlockJUnit4ClassRunner.java:79)
	at org.junit.runners.BlockJUnit4ClassRunner.runChild(BlockJUnit4ClassRunner.java:71)
	at org.junit.runners.BlockJUnit4ClassRunner.runChild(BlockJUnit4ClassRunner.java:49)
	at org.junit.runners.ParentRunner$3.run(ParentRunner.java:193)
	at org.junit.runners.ParentRunner$1.schedule(ParentRunner.java:52)
	at org.junit.runners.ParentRunner.runChildren(ParentRunner.java:191)
	at org.junit.runners.ParentRunner.access$000(ParentRunner.java:42)
	at org.junit.runners.ParentRunner$2.evaluate(ParentRunner.java:184)
	at org.junit.runners.ParentRunner.run(ParentRunner.java:236)
	at org.apache.maven.surefire.junit4.JUnit4Provider.execute(JUnit4Provider.java:283)
	at org.apache.maven.surefire.junit4.JUnit4Provider.executeWithRerun(JUnit4Provider.java:173)
	at org.apache.maven.surefire.junit4.JUnit4Provider.executeTestSet(JUnit4Provider.java:153)
	at org.apache.maven.surefire.junit4.JUnit4Provider.invoke(JUnit4Provider.java:128)
	at org.apache.maven.surefire.booter.ForkedBooter.invokeProviderInSameClassLoader(ForkedBooter.java:203)
	at org.apache.maven.surefire.booter.ForkedBooter.runSuitesInProcess(ForkedBooter.java:155)
	at org.apache.maven.surefire.booter.ForkedBooter.main(ForkedBooter.java:103)
Caused by: java.lang.RuntimeException: IocBean[dataSource] fail at field=[driverClassName]
	at org.nutz.ioc.weaver.FieldInjector.inject(FieldInjector.java:40)
	at org.nutz.ioc.weaver.DefaultWeaver.fill(DefaultWeaver.java:56)
	at org.nutz.ioc.impl.ObjectMakerImpl.make(ObjectMakerImpl.java:136)
	at org.nutz.ioc.impl.NutIoc.get(NutIoc.java:210)
	at org.nutz.ioc.val.ReferValue.get(ReferValue.java:24)
	at org.nutz.ioc.impl.ObjectMakerImpl.make(ObjectMakerImpl.java:62)
	at org.nutz.ioc.impl.NutIoc.get(NutIoc.java:210)
	at org.nutz.ioc.impl.NutIoc.get(NutIoc.java:239)
	at org.nutz.dao.test.DaoCase.setUp(DaoCase.java:22)
	at sun.reflect.GeneratedMethodAccessor23.invoke(Unknown Source)
	at sun.reflect.DelegatingMethodAccessorImpl.invoke(DelegatingMethodAccessorImpl.java:43)
	at java.lang.reflect.Method.invoke(Method.java:498)
	at org.junit.runners.model.FrameworkMethod$1.runReflectiveCall(FrameworkMethod.java:44)
	at org.junit.internal.runners.model.ReflectiveCallable.run(ReflectiveCallable.java:15)
	at org.junit.runners.model.FrameworkMethod.invokeExplosively(FrameworkMethod.java:41)
	at org.junit.internal.runners.statements.RunBefores.evaluate(RunBefores.java:27)
	at org.junit.internal.runners.statements.RunAfters.evaluate(RunAfters.java:31)
	at org.junit.runners.BlockJUnit4ClassRunner.runNotIgnored(BlockJUnit4ClassRunner.java:79)
	at org.junit.runners.BlockJUnit4ClassRunner.runChild(BlockJUnit4ClassRunner.java:71)
	at org.junit.runners.BlockJUnit4ClassRunner.runChild(BlockJUnit4ClassRunner.java:49)
	at org.junit.runners.ParentRunner$3.run(ParentRunner.java:193)
	at org.junit.runners.ParentRunner$1.schedule(ParentRunner.java:52)
	at org.junit.runners.ParentRunner.runChildren(ParentRunner.java:191)
	at org.junit.runners.ParentRunner.access$000(ParentRunner.java:42)
	at org.junit.runners.ParentRunner$2.evaluate(ParentRunner.java:184)
	at org.junit.runners.ParentRunner.run(ParentRunner.java:236)
	at org.apache.maven.surefire.junit4.JUnit4Provider.execute(JUnit4Provider.java:283)
	at org.apache.maven.surefire.junit4.JUnit4Provider.executeWithRerun(JUnit4Provider.java:173)
	at org.apache.maven.surefire.junit4.JUnit4Provider.executeTestSet(JUnit4Provider.java:153)
	at org.apache.maven.surefire.junit4.JUnit4Provider.invoke(JUnit4Provider.java:128)
	at org.apache.maven.surefire.booter.ForkedBooter.invokeProviderInSameClassLoader(ForkedBooter.java:203)
	at org.apache.maven.surefire.booter.ForkedBooter.runSuitesInProcess(ForkedBooter.java:155)
	at org.apache.maven.surefire.booter.ForkedBooter.main(ForkedBooter.java:103)
Caused by: org.nutz.ioc.IocException: IocBean[config] throw Exception when creating
	at org.nutz.ioc.impl.ObjectMakerImpl.make(ObjectMakerImpl.java:150)
	at org.nutz.ioc.impl.NutIoc.get(NutIoc.java:210)
	at org.nutz.ioc.impl.NutIoc.get(NutIoc.java:239)
	at org.nutz.ioc.java.IocObjectNode.getValue(IocObjectNode.java:19)
	at org.nutz.ioc.java.ChainNode.eval(ChainNode.java:24)
	at org.nutz.ioc.java.ChainNode.eval(ChainNode.java:19)
	at org.nutz.ioc.val.JavaValue.get(JavaValue.java:69)
	at org.nutz.ioc.weaver.FieldInjector.inject(FieldInjector.java:32)
	at org.nutz.ioc.weaver.DefaultWeaver.fill(DefaultWeaver.java:56)
	at org.nutz.ioc.impl.ObjectMakerImpl.make(ObjectMakerImpl.java:136)
	at org.nutz.ioc.impl.NutIoc.get(NutIoc.java:210)
	at org.nutz.ioc.val.ReferValue.get(ReferValue.java:24)
	at org.nutz.ioc.impl.ObjectMakerImpl.make(ObjectMakerImpl.java:62)
	at org.nutz.ioc.impl.NutIoc.get(NutIoc.java:210)
	at org.nutz.ioc.impl.NutIoc.get(NutIoc.java:239)
	at org.nutz.dao.test.DaoCase.setUp(DaoCase.java:22)
	at sun.reflect.GeneratedMethodAccessor23.invoke(Unknown Source)
	at sun.reflect.DelegatingMethodAccessorImpl.invoke(DelegatingMethodAccessorImpl.java:43)
	at java.lang.reflect.Method.invoke(Method.java:498)
	at org.junit.runners.model.FrameworkMethod$1.runReflectiveCall(FrameworkMethod.java:44)
	at org.junit.internal.runners.model.ReflectiveCallable.run(ReflectiveCallable.java:15)
	at org.junit.runners.model.FrameworkMethod.invokeExplosively(FrameworkMethod.java:41)
	at org.junit.internal.runners.statements.RunBefores.evaluate(RunBefores.java:27)
	at org.junit.internal.runners.statements.RunAfters.evaluate(RunAfters.java:31)
	at org.junit.runners.BlockJUnit4ClassRunner.runNotIgnored(BlockJUnit4ClassRunner.java:79)
	at org.junit.runners.BlockJUnit4ClassRunner.runChild(BlockJUnit4ClassRunner.java:71)
	at org.junit.runners.BlockJUnit4ClassRunner.runChild(BlockJUnit4ClassRunner.java:49)
	at org.junit.runners.ParentRunner$3.run(ParentRunner.java:193)
	at org.junit.runners.ParentRunner$1.schedule(ParentRunner.java:52)
	at org.junit.runners.ParentRunner.runChildren(ParentRunner.java:191)
	at org.junit.runners.ParentRunner.access$000(ParentRunner.java:42)
	at org.junit.runners.ParentRunner$2.evaluate(ParentRunner.java:184)
	at org.junit.runners.ParentRunner.run(ParentRunner.java:236)
	at org.apache.maven.surefire.junit4.JUnit4Provider.execute(JUnit4Provider.java:283)
	at org.apache.maven.surefire.junit4.JUnit4Provider.executeWithRerun(JUnit4Provider.java:173)
	at org.apache.maven.surefire.junit4.JUnit4Provider.executeTestSet(JUnit4Provider.java:153)
	at org.apache.maven.surefire.junit4.JUnit4Provider.invoke(JUnit4Provider.java:128)
	at org.apache.maven.surefire.booter.ForkedBooter.invokeProviderInSameClassLoader(ForkedBooter.java:203)
	at org.apache.maven.surefire.booter.ForkedBooter.runSuitesInProcess(ForkedBooter.java:155)
	at org.apache.maven.surefire.booter.ForkedBooter.main(ForkedBooter.java:103)
Caused by: java.lang.RuntimeException: IocBean[config] fail at field=[paths]
	at org.nutz.ioc.weaver.FieldInjector.inject(FieldInjector.java:40)
	at org.nutz.ioc.weaver.DefaultWeaver.fill(DefaultWeaver.java:56)
	at org.nutz.ioc.impl.ObjectMakerImpl.make(ObjectMakerImpl.java:136)
	at org.nutz.ioc.impl.NutIoc.get(NutIoc.java:210)
	at org.nutz.ioc.impl.NutIoc.get(NutIoc.java:239)
	at org.nutz.ioc.java.IocObjectNode.getValue(IocObjectNode.java:19)
	at org.nutz.ioc.java.ChainNode.eval(ChainNode.java:24)
	at org.nutz.ioc.java.ChainNode.eval(ChainNode.java:19)
	at org.nutz.ioc.val.JavaValue.get(JavaValue.java:69)
	at org.nutz.ioc.weaver.FieldInjector.inject(FieldInjector.java:32)
	at org.nutz.ioc.weaver.DefaultWeaver.fill(DefaultWeaver.java:56)
	at org.nutz.ioc.impl.ObjectMakerImpl.make(ObjectMakerImpl.java:136)
	at org.nutz.ioc.impl.NutIoc.get(NutIoc.java:210)
	at org.nutz.ioc.val.ReferValue.get(ReferValue.java:24)
	at org.nutz.ioc.impl.ObjectMakerImpl.make(ObjectMakerImpl.java:62)
	at org.nutz.ioc.impl.NutIoc.get(NutIoc.java:210)
	at org.nutz.ioc.impl.NutIoc.get(NutIoc.java:239)
	at org.nutz.dao.test.DaoCase.setUp(DaoCase.java:22)
	at sun.reflect.GeneratedMethodAccessor23.invoke(Unknown Source)
	at sun.reflect.DelegatingMethodAccessorImpl.invoke(DelegatingMethodAccessorImpl.java:43)
	at java.lang.reflect.Method.invoke(Method.java:498)
	at org.junit.runners.model.FrameworkMethod$1.runReflectiveCall(FrameworkMethod.java:44)
	at org.junit.internal.runners.model.ReflectiveCallable.run(ReflectiveCallable.java:15)
	at org.junit.runners.model.FrameworkMethod.invokeExplosively(FrameworkMethod.java:41)
	at org.junit.internal.runners.statements.RunBefores.evaluate(RunBefores.java:27)
	at org.junit.internal.runners.statements.RunAfters.evaluate(RunAfters.java:31)
	at org.junit.runners.BlockJUnit4ClassRunner.runNotIgnored(BlockJUnit4ClassRunner.java:79)
	at org.junit.runners.BlockJUnit4ClassRunner.runChild(BlockJUnit4ClassRunner.java:71)
	at org.junit.runners.BlockJUnit4ClassRunner.runChild(BlockJUnit4ClassRunner.java:49)
	at org.junit.runners.ParentRunner$3.run(ParentRunner.java:193)
	at org.junit.runners.ParentRunner$1.schedule(ParentRunner.java:52)
	at org.junit.runners.ParentRunner.runChildren(ParentRunner.java:191)
	at org.junit.runners.ParentRunner.access$000(ParentRunner.java:42)
	at org.junit.runners.ParentRunner$2.evaluate(ParentRunner.java:184)
	at org.junit.runners.ParentRunner.run(ParentRunner.java:236)
	at org.apache.maven.surefire.junit4.JUnit4Provider.execute(JUnit4Provider.java:283)
	at org.apache.maven.surefire.junit4.JUnit4Provider.executeWithRerun(JUnit4Provider.java:173)
	at org.apache.maven.surefire.junit4.JUnit4Provider.executeTestSet(JUnit4Provider.java:153)
	at org.apache.maven.surefire.junit4.JUnit4Provider.invoke(JUnit4Provider.java:128)
	at org.apache.maven.surefire.booter.ForkedBooter.invokeProviderInSameClassLoader(ForkedBooter.java:203)
	at org.apache.maven.surefire.booter.ForkedBooter.runSuitesInProcess(ForkedBooter.java:155)
	at org.apache.maven.surefire.booter.ForkedBooter.main(ForkedBooter.java:103)
Caused by: java.lang.RuntimeException: Fail to set '[nutz-test.properties]'[ [Ljava.lang.String;@4bc6da03 ] by setter org.nutz.ioc.impl.PropertiesProxy.'setPaths()' because [java.lang.RuntimeException: folder or file like '^.+[.]properties$' no found in nutz-test.properties]: folder or file like '^.+[.]properties$' no found in nutz-test.properties
	at org.nutz.lang.Lang.wrapThrow(Lang.java:167)
	at org.nutz.lang.inject.InjectBySetter.inject(InjectBySetter.java:62)
	at org.nutz.ioc.weaver.FieldInjector.inject(FieldInjector.java:33)
	at org.nutz.ioc.weaver.DefaultWeaver.fill(DefaultWeaver.java:56)
	at org.nutz.ioc.impl.ObjectMakerImpl.make(ObjectMakerImpl.java:136)
	at org.nutz.ioc.impl.NutIoc.get(NutIoc.java:210)
	at org.nutz.ioc.impl.NutIoc.get(NutIoc.java:239)
	at org.nutz.ioc.java.IocObjectNode.getValue(IocObjectNode.java:19)
	at org.nutz.ioc.java.ChainNode.eval(ChainNode.java:24)
	at org.nutz.ioc.java.ChainNode.eval(ChainNode.java:19)
	at org.nutz.ioc.val.JavaValue.get(JavaValue.java:69)
	at org.nutz.ioc.weaver.FieldInjector.inject(FieldInjector.java:32)
	at org.nutz.ioc.weaver.DefaultWeaver.fill(DefaultWeaver.java:56)
	at org.nutz.ioc.impl.ObjectMakerImpl.make(ObjectMakerImpl.java:136)
	at org.nutz.ioc.impl.NutIoc.get(NutIoc.java:210)
	at org.nutz.ioc.val.ReferValue.get(ReferValue.java:24)
	at org.nutz.ioc.impl.ObjectMakerImpl.make(ObjectMakerImpl.java:62)
	at org.nutz.ioc.impl.NutIoc.get(NutIoc.java:210)
	at org.nutz.ioc.impl.NutIoc.get(NutIoc.java:239)
	at org.nutz.dao.test.DaoCase.setUp(DaoCase.java:22)
	at sun.reflect.GeneratedMethodAccessor23.invoke(Unknown Source)
	at sun.reflect.DelegatingMethodAccessorImpl.invoke(DelegatingMethodAccessorImpl.java:43)
	at java.lang.reflect.Method.invoke(Method.java:498)
	at org.junit.runners.model.FrameworkMethod$1.runReflectiveCall(FrameworkMethod.java:44)
	at org.junit.internal.runners.model.ReflectiveCallable.run(ReflectiveCallable.java:15)
	at org.junit.runners.model.FrameworkMethod.invokeExplosively(FrameworkMethod.java:41)
	at org.junit.internal.runners.statements.RunBefores.evaluate(RunBefores.java:27)
	at org.junit.internal.runners.statements.RunAfters.evaluate(RunAfters.java:31)
	at org.junit.runners.BlockJUnit4ClassRunner.runNotIgnored(BlockJUnit4ClassRunner.java:79)
	at org.junit.runners.BlockJUnit4ClassRunner.runChild(BlockJUnit4ClassRunner.java:71)
	at org.junit.runners.BlockJUnit4ClassRunner.runChild(BlockJUnit4ClassRunner.java:49)
	at org.junit.runners.ParentRunner$3.run(ParentRunner.java:193)
	at org.junit.runners.ParentRunner$1.schedule(ParentRunner.java:52)
	at org.junit.runners.ParentRunner.runChildren(ParentRunner.java:191)
	at org.junit.runners.ParentRunner.access$000(ParentRunner.java:42)
	at org.junit.runners.ParentRunner$2.evaluate(ParentRunner.java:184)
	at org.junit.runners.ParentRunner.run(ParentRunner.java:236)
	at org.apache.maven.surefire.junit4.JUnit4Provider.execute(JUnit4Provider.java:283)
	at org.apache.maven.surefire.junit4.JUnit4Provider.executeWithRerun(JUnit4Provider.java:173)
	at org.apache.maven.surefire.junit4.JUnit4Provider.executeTestSet(JUnit4Provider.java:153)
	at org.apache.maven.surefire.junit4.JUnit4Provider.invoke(JUnit4Provider.java:128)
	at org.apache.maven.surefire.booter.ForkedBooter.invokeProviderInSameClassLoader(ForkedBooter.java:203)
	at org.apache.maven.surefire.booter.ForkedBooter.runSuitesInProcess(ForkedBooter.java:155)
	at org.apache.maven.surefire.booter.ForkedBooter.main(ForkedBooter.java:103)
Caused by: java.lang.RuntimeException: folder or file like '^.+[.]properties$' no found in nutz-test.properties
	at org.nutz.lang.Lang.makeThrow(Lang.java:151)
	at org.nutz.resource.Scans.loadResource(Scans.java:112)
	at org.nutz.ioc.impl.PropertiesProxy.getResources(PropertiesProxy.java:153)
	at org.nutz.ioc.impl.PropertiesProxy.setPaths(PropertiesProxy.java:109)
	at org.nutz.ioc.impl.PropertiesProxy$FM$setPaths$d0275b2b871e237a38f11859247d1599.invoke(PropertiesProxy.java)
	at org.nutz.lang.inject.InjectBySetter.inject(InjectBySetter.java:51)
	at org.nutz.ioc.weaver.FieldInjector.inject(FieldInjector.java:33)
	at org.nutz.ioc.weaver.DefaultWeaver.fill(DefaultWeaver.java:56)
	at org.nutz.ioc.impl.ObjectMakerImpl.make(ObjectMakerImpl.java:136)
	at org.nutz.ioc.impl.NutIoc.get(NutIoc.java:210)
	at org.nutz.ioc.impl.NutIoc.get(NutIoc.java:239)
	at org.nutz.ioc.java.IocObjectNode.getValue(IocObjectNode.java:19)
	at org.nutz.ioc.java.ChainNode.eval(ChainNode.java:24)
	at org.nutz.ioc.java.ChainNode.eval(ChainNode.java:19)
	at org.nutz.ioc.val.JavaValue.get(JavaValue.java:69)
	at org.nutz.ioc.weaver.FieldInjector.inject(FieldInjector.java:32)
	at org.nutz.ioc.weaver.DefaultWeaver.fill(DefaultWeaver.java:56)
	at org.nutz.ioc.impl.ObjectMakerImpl.make(ObjectMakerImpl.java:136)
	at org.nutz.ioc.impl.NutIoc.get(NutIoc.java:210)
	at org.nutz.ioc.val.ReferValue.get(ReferValue.java:24)
	at org.nutz.ioc.impl.ObjectMakerImpl.make(ObjectMakerImpl.java:62)
	at org.nutz.ioc.impl.NutIoc.get(NutIoc.java:210)
	at org.nutz.ioc.impl.NutIoc.get(NutIoc.java:239)
	at org.nutz.dao.test.DaoCase.setUp(DaoCase.java:22)
	at sun.reflect.GeneratedMethodAccessor23.invoke(Unknown Source)
	at sun.reflect.DelegatingMethodAccessorImpl.invoke(DelegatingMethodAccessorImpl.java:43)
	at java.lang.reflect.Method.invoke(Method.java:498)
	at org.junit.runners.model.FrameworkMethod$1.runReflectiveCall(FrameworkMethod.java:44)
	at org.junit.internal.runners.model.ReflectiveCallable.run(ReflectiveCallable.java:15)
	at org.junit.runners.model.FrameworkMethod.invokeExplosively(FrameworkMethod.java:41)
	at org.junit.internal.runners.statements.RunBefores.evaluate(RunBefores.java:27)
	at org.junit.internal.runners.statements.RunAfters.evaluate(RunAfters.java:31)
	at org.junit.runners.BlockJUnit4ClassRunner.runNotIgnored(BlockJUnit4ClassRunner.java:79)
	at org.junit.runners.BlockJUnit4ClassRunner.runChild(BlockJUnit4ClassRunner.java:71)
	at org.junit.runners.BlockJUnit4ClassRunner.runChild(BlockJUnit4ClassRunner.java:49)
	at org.junit.runners.ParentRunner$3.run(ParentRunner.java:193)
	at org.junit.runners.ParentRunner$1.schedule(ParentRunner.java:52)
	at org.junit.runners.ParentRunner.runChildren(ParentRunner.java:191)
	at org.junit.runners.ParentRunner.access$000(ParentRunner.java:42)
	at org.junit.runners.ParentRunner$2.evaluate(ParentRunner.java:184)
	at org.junit.runners.ParentRunner.run(ParentRunner.java:236)
	at org.apache.maven.surefire.junit4.JUnit4Provider.execute(JUnit4Provider.java:283)
	at org.apache.maven.surefire.junit4.JUnit4Provider.executeWithRerun(JUnit4Provider.java:173)
	at org.apache.maven.surefire.junit4.JUnit4Provider.executeTestSet(JUnit4Provider.java:153)
	at org.apache.maven.surefire.junit4.JUnit4Provider.invoke(JUnit4Provider.java:128)
	at org.apache.maven.surefire.booter.ForkedBooter.invokeProviderInSameClassLoader(ForkedBooter.java:203)
	at org.apache.maven.surefire.booter.ForkedBooter.runSuitesInProcess(ForkedBooter.java:155)
	at org.apache.maven.surefire.booter.ForkedBooter.main(ForkedBooter.java:103)
</error>
  </testcase>
  <testcase name="test_create_error_class" classname="org.nutz.dao.test.normal.SimpleDaoTest" time="0">
    <error message="IocBean[dao -&gt; dataSource] throw Exception when creating" type="org.nutz.ioc.IocException">org.nutz.ioc.IocException: IocBean[dao -> dataSource] throw Exception when creating
	at org.nutz.ioc.impl.ObjectMakerImpl.make(ObjectMakerImpl.java:150)
	at org.nutz.ioc.impl.NutIoc.get(NutIoc.java:210)
	at org.nutz.ioc.val.ReferValue.get(ReferValue.java:24)
	at org.nutz.ioc.impl.ObjectMakerImpl.make(ObjectMakerImpl.java:62)
	at org.nutz.ioc.impl.NutIoc.get(NutIoc.java:210)
	at org.nutz.ioc.impl.NutIoc.get(NutIoc.java:239)
	at org.nutz.dao.test.DaoCase.setUp(DaoCase.java:22)
	at sun.reflect.GeneratedMethodAccessor23.invoke(Unknown Source)
	at sun.reflect.DelegatingMethodAccessorImpl.invoke(DelegatingMethodAccessorImpl.java:43)
	at java.lang.reflect.Method.invoke(Method.java:498)
	at org.junit.runners.model.FrameworkMethod$1.runReflectiveCall(FrameworkMethod.java:44)
	at org.junit.internal.runners.model.ReflectiveCallable.run(ReflectiveCallable.java:15)
	at org.junit.runners.model.FrameworkMethod.invokeExplosively(FrameworkMethod.java:41)
	at org.junit.internal.runners.statements.RunBefores.evaluate(RunBefores.java:27)
	at org.junit.internal.runners.statements.RunAfters.evaluate(RunAfters.java:31)
	at org.junit.runners.BlockJUnit4ClassRunner.runNotIgnored(BlockJUnit4ClassRunner.java:79)
	at org.junit.runners.BlockJUnit4ClassRunner.runChild(BlockJUnit4ClassRunner.java:71)
	at org.junit.runners.BlockJUnit4ClassRunner.runChild(BlockJUnit4ClassRunner.java:49)
	at org.junit.runners.ParentRunner$3.run(ParentRunner.java:193)
	at org.junit.runners.ParentRunner$1.schedule(ParentRunner.java:52)
	at org.junit.runners.ParentRunner.runChildren(ParentRunner.java:191)
	at org.junit.runners.ParentRunner.access$000(ParentRunner.java:42)
	at org.junit.runners.ParentRunner$2.evaluate(ParentRunner.java:184)
	at org.junit.runners.ParentRunner.run(ParentRunner.java:236)
	at org.apache.maven.surefire.junit4.JUnit4Provider.execute(JUnit4Provider.java:283)
	at org.apache.maven.surefire.junit4.JUnit4Provider.executeWithRerun(JUnit4Provider.java:173)
	at org.apache.maven.surefire.junit4.JUnit4Provider.executeTestSet(JUnit4Provider.java:153)
	at org.apache.maven.surefire.junit4.JUnit4Provider.invoke(JUnit4Provider.java:128)
	at org.apache.maven.surefire.booter.ForkedBooter.invokeProviderInSameClassLoader(ForkedBooter.java:203)
	at org.apache.maven.surefire.booter.ForkedBooter.runSuitesInProcess(ForkedBooter.java:155)
	at org.apache.maven.surefire.booter.ForkedBooter.main(ForkedBooter.java:103)
Caused by: java.lang.RuntimeException: IocBean[dataSource] fail at field=[driverClassName]
	at org.nutz.ioc.weaver.FieldInjector.inject(FieldInjector.java:40)
	at org.nutz.ioc.weaver.DefaultWeaver.fill(DefaultWeaver.java:56)
	at org.nutz.ioc.impl.ObjectMakerImpl.make(ObjectMakerImpl.java:136)
	at org.nutz.ioc.impl.NutIoc.get(NutIoc.java:210)
	at org.nutz.ioc.val.ReferValue.get(ReferValue.java:24)
	at org.nutz.ioc.impl.ObjectMakerImpl.make(ObjectMakerImpl.java:62)
	at org.nutz.ioc.impl.NutIoc.get(NutIoc.java:210)
	at org.nutz.ioc.impl.NutIoc.get(NutIoc.java:239)
	at org.nutz.dao.test.DaoCase.setUp(DaoCase.java:22)
	at sun.reflect.GeneratedMethodAccessor23.invoke(Unknown Source)
	at sun.reflect.DelegatingMethodAccessorImpl.invoke(DelegatingMethodAccessorImpl.java:43)
	at java.lang.reflect.Method.invoke(Method.java:498)
	at org.junit.runners.model.FrameworkMethod$1.runReflectiveCall(FrameworkMethod.java:44)
	at org.junit.internal.runners.model.ReflectiveCallable.run(ReflectiveCallable.java:15)
	at org.junit.runners.model.FrameworkMethod.invokeExplosively(FrameworkMethod.java:41)
	at org.junit.internal.runners.statements.RunBefores.evaluate(RunBefores.java:27)
	at org.junit.internal.runners.statements.RunAfters.evaluate(RunAfters.java:31)
	at org.junit.runners.BlockJUnit4ClassRunner.runNotIgnored(BlockJUnit4ClassRunner.java:79)
	at org.junit.runners.BlockJUnit4ClassRunner.runChild(BlockJUnit4ClassRunner.java:71)
	at org.junit.runners.BlockJUnit4ClassRunner.runChild(BlockJUnit4ClassRunner.java:49)
	at org.junit.runners.ParentRunner$3.run(ParentRunner.java:193)
	at org.junit.runners.ParentRunner$1.schedule(ParentRunner.java:52)
	at org.junit.runners.ParentRunner.runChildren(ParentRunner.java:191)
	at org.junit.runners.ParentRunner.access$000(ParentRunner.java:42)
	at org.junit.runners.ParentRunner$2.evaluate(ParentRunner.java:184)
	at org.junit.runners.ParentRunner.run(ParentRunner.java:236)
	at org.apache.maven.surefire.junit4.JUnit4Provider.execute(JUnit4Provider.java:283)
	at org.apache.maven.surefire.junit4.JUnit4Provider.executeWithRerun(JUnit4Provider.java:173)
	at org.apache.maven.surefire.junit4.JUnit4Provider.executeTestSet(JUnit4Provider.java:153)
	at org.apache.maven.surefire.junit4.JUnit4Provider.invoke(JUnit4Provider.java:128)
	at org.apache.maven.surefire.booter.ForkedBooter.invokeProviderInSameClassLoader(ForkedBooter.java:203)
	at org.apache.maven.surefire.booter.ForkedBooter.runSuitesInProcess(ForkedBooter.java:155)
	at org.apache.maven.surefire.booter.ForkedBooter.main(ForkedBooter.java:103)
Caused by: org.nutz.ioc.IocException: IocBean[config] throw Exception when creating
	at org.nutz.ioc.impl.ObjectMakerImpl.make(ObjectMakerImpl.java:150)
	at org.nutz.ioc.impl.NutIoc.get(NutIoc.java:210)
	at org.nutz.ioc.impl.NutIoc.get(NutIoc.java:239)
	at org.nutz.ioc.java.IocObjectNode.getValue(IocObjectNode.java:19)
	at org.nutz.ioc.java.ChainNode.eval(ChainNode.java:24)
	at org.nutz.ioc.java.ChainNode.eval(ChainNode.java:19)
	at org.nutz.ioc.val.JavaValue.get(JavaValue.java:69)
	at org.nutz.ioc.weaver.FieldInjector.inject(FieldInjector.java:32)
	at org.nutz.ioc.weaver.DefaultWeaver.fill(DefaultWeaver.java:56)
	at org.nutz.ioc.impl.ObjectMakerImpl.make(ObjectMakerImpl.java:136)
	at org.nutz.ioc.impl.NutIoc.get(NutIoc.java:210)
	at org.nutz.ioc.val.ReferValue.get(ReferValue.java:24)
	at org.nutz.ioc.impl.ObjectMakerImpl.make(ObjectMakerImpl.java:62)
	at org.nutz.ioc.impl.NutIoc.get(NutIoc.java:210)
	at org.nutz.ioc.impl.NutIoc.get(NutIoc.java:239)
	at org.nutz.dao.test.DaoCase.setUp(DaoCase.java:22)
	at sun.reflect.GeneratedMethodAccessor23.invoke(Unknown Source)
	at sun.reflect.DelegatingMethodAccessorImpl.invoke(DelegatingMethodAccessorImpl.java:43)
	at java.lang.reflect.Method.invoke(Method.java:498)
	at org.junit.runners.model.FrameworkMethod$1.runReflectiveCall(FrameworkMethod.java:44)
	at org.junit.internal.runners.model.ReflectiveCallable.run(ReflectiveCallable.java:15)
	at org.junit.runners.model.FrameworkMethod.invokeExplosively(FrameworkMethod.java:41)
	at org.junit.internal.runners.statements.RunBefores.evaluate(RunBefores.java:27)
	at org.junit.internal.runners.statements.RunAfters.evaluate(RunAfters.java:31)
	at org.junit.runners.BlockJUnit4ClassRunner.runNotIgnored(BlockJUnit4ClassRunner.java:79)
	at org.junit.runners.BlockJUnit4ClassRunner.runChild(BlockJUnit4ClassRunner.java:71)
	at org.junit.runners.BlockJUnit4ClassRunner.runChild(BlockJUnit4ClassRunner.java:49)
	at org.junit.runners.ParentRunner$3.run(ParentRunner.java:193)
	at org.junit.runners.ParentRunner$1.schedule(ParentRunner.java:52)
	at org.junit.runners.ParentRunner.runChildren(ParentRunner.java:191)
	at org.junit.runners.ParentRunner.access$000(ParentRunner.java:42)
	at org.junit.runners.ParentRunner$2.evaluate(ParentRunner.java:184)
	at org.junit.runners.ParentRunner.run(ParentRunner.java:236)
	at org.apache.maven.surefire.junit4.JUnit4Provider.execute(JUnit4Provider.java:283)
	at org.apache.maven.surefire.junit4.JUnit4Provider.executeWithRerun(JUnit4Provider.java:173)
	at org.apache.maven.surefire.junit4.JUnit4Provider.executeTestSet(JUnit4Provider.java:153)
	at org.apache.maven.surefire.junit4.JUnit4Provider.invoke(JUnit4Provider.java:128)
	at org.apache.maven.surefire.booter.ForkedBooter.invokeProviderInSameClassLoader(ForkedBooter.java:203)
	at org.apache.maven.surefire.booter.ForkedBooter.runSuitesInProcess(ForkedBooter.java:155)
	at org.apache.maven.surefire.booter.ForkedBooter.main(ForkedBooter.java:103)
Caused by: java.lang.RuntimeException: IocBean[config] fail at field=[paths]
	at org.nutz.ioc.weaver.FieldInjector.inject(FieldInjector.java:40)
	at org.nutz.ioc.weaver.DefaultWeaver.fill(DefaultWeaver.java:56)
	at org.nutz.ioc.impl.ObjectMakerImpl.make(ObjectMakerImpl.java:136)
	at org.nutz.ioc.impl.NutIoc.get(NutIoc.java:210)
	at org.nutz.ioc.impl.NutIoc.get(NutIoc.java:239)
	at org.nutz.ioc.java.IocObjectNode.getValue(IocObjectNode.java:19)
	at org.nutz.ioc.java.ChainNode.eval(ChainNode.java:24)
	at org.nutz.ioc.java.ChainNode.eval(ChainNode.java:19)
	at org.nutz.ioc.val.JavaValue.get(JavaValue.java:69)
	at org.nutz.ioc.weaver.FieldInjector.inject(FieldInjector.java:32)
	at org.nutz.ioc.weaver.DefaultWeaver.fill(DefaultWeaver.java:56)
	at org.nutz.ioc.impl.ObjectMakerImpl.make(ObjectMakerImpl.java:136)
	at org.nutz.ioc.impl.NutIoc.get(NutIoc.java:210)
	at org.nutz.ioc.val.ReferValue.get(ReferValue.java:24)
	at org.nutz.ioc.impl.ObjectMakerImpl.make(ObjectMakerImpl.java:62)
	at org.nutz.ioc.impl.NutIoc.get(NutIoc.java:210)
	at org.nutz.ioc.impl.NutIoc.get(NutIoc.java:239)
	at org.nutz.dao.test.DaoCase.setUp(DaoCase.java:22)
	at sun.reflect.GeneratedMethodAccessor23.invoke(Unknown Source)
	at sun.reflect.DelegatingMethodAccessorImpl.invoke(DelegatingMethodAccessorImpl.java:43)
	at java.lang.reflect.Method.invoke(Method.java:498)
	at org.junit.runners.model.FrameworkMethod$1.runReflectiveCall(FrameworkMethod.java:44)
	at org.junit.internal.runners.model.ReflectiveCallable.run(ReflectiveCallable.java:15)
	at org.junit.runners.model.FrameworkMethod.invokeExplosively(FrameworkMethod.java:41)
	at org.junit.internal.runners.statements.RunBefores.evaluate(RunBefores.java:27)
	at org.junit.internal.runners.statements.RunAfters.evaluate(RunAfters.java:31)
	at org.junit.runners.BlockJUnit4ClassRunner.runNotIgnored(BlockJUnit4ClassRunner.java:79)
	at org.junit.runners.BlockJUnit4ClassRunner.runChild(BlockJUnit4ClassRunner.java:71)
	at org.junit.runners.BlockJUnit4ClassRunner.runChild(BlockJUnit4ClassRunner.java:49)
	at org.junit.runners.ParentRunner$3.run(ParentRunner.java:193)
	at org.junit.runners.ParentRunner$1.schedule(ParentRunner.java:52)
	at org.junit.runners.ParentRunner.runChildren(ParentRunner.java:191)
	at org.junit.runners.ParentRunner.access$000(ParentRunner.java:42)
	at org.junit.runners.ParentRunner$2.evaluate(ParentRunner.java:184)
	at org.junit.runners.ParentRunner.run(ParentRunner.java:236)
	at org.apache.maven.surefire.junit4.JUnit4Provider.execute(JUnit4Provider.java:283)
	at org.apache.maven.surefire.junit4.JUnit4Provider.executeWithRerun(JUnit4Provider.java:173)
	at org.apache.maven.surefire.junit4.JUnit4Provider.executeTestSet(JUnit4Provider.java:153)
	at org.apache.maven.surefire.junit4.JUnit4Provider.invoke(JUnit4Provider.java:128)
	at org.apache.maven.surefire.booter.ForkedBooter.invokeProviderInSameClassLoader(ForkedBooter.java:203)
	at org.apache.maven.surefire.booter.ForkedBooter.runSuitesInProcess(ForkedBooter.java:155)
	at org.apache.maven.surefire.booter.ForkedBooter.main(ForkedBooter.java:103)
Caused by: java.lang.RuntimeException: Fail to set '[nutz-test.properties]'[ [Ljava.lang.String;@4f59a516 ] by setter org.nutz.ioc.impl.PropertiesProxy.'setPaths()' because [java.lang.RuntimeException: folder or file like '^.+[.]properties$' no found in nutz-test.properties]: folder or file like '^.+[.]properties$' no found in nutz-test.properties
	at org.nutz.lang.Lang.wrapThrow(Lang.java:167)
	at org.nutz.lang.inject.InjectBySetter.inject(InjectBySetter.java:62)
	at org.nutz.ioc.weaver.FieldInjector.inject(FieldInjector.java:33)
	at org.nutz.ioc.weaver.DefaultWeaver.fill(DefaultWeaver.java:56)
	at org.nutz.ioc.impl.ObjectMakerImpl.make(ObjectMakerImpl.java:136)
	at org.nutz.ioc.impl.NutIoc.get(NutIoc.java:210)
	at org.nutz.ioc.impl.NutIoc.get(NutIoc.java:239)
	at org.nutz.ioc.java.IocObjectNode.getValue(IocObjectNode.java:19)
	at org.nutz.ioc.java.ChainNode.eval(ChainNode.java:24)
	at org.nutz.ioc.java.ChainNode.eval(ChainNode.java:19)
	at org.nutz.ioc.val.JavaValue.get(JavaValue.java:69)
	at org.nutz.ioc.weaver.FieldInjector.inject(FieldInjector.java:32)
	at org.nutz.ioc.weaver.DefaultWeaver.fill(DefaultWeaver.java:56)
	at org.nutz.ioc.impl.ObjectMakerImpl.make(ObjectMakerImpl.java:136)
	at org.nutz.ioc.impl.NutIoc.get(NutIoc.java:210)
	at org.nutz.ioc.val.ReferValue.get(ReferValue.java:24)
	at org.nutz.ioc.impl.ObjectMakerImpl.make(ObjectMakerImpl.java:62)
	at org.nutz.ioc.impl.NutIoc.get(NutIoc.java:210)
	at org.nutz.ioc.impl.NutIoc.get(NutIoc.java:239)
	at org.nutz.dao.test.DaoCase.setUp(DaoCase.java:22)
	at sun.reflect.GeneratedMethodAccessor23.invoke(Unknown Source)
	at sun.reflect.DelegatingMethodAccessorImpl.invoke(DelegatingMethodAccessorImpl.java:43)
	at java.lang.reflect.Method.invoke(Method.java:498)
	at org.junit.runners.model.FrameworkMethod$1.runReflectiveCall(FrameworkMethod.java:44)
	at org.junit.internal.runners.model.ReflectiveCallable.run(ReflectiveCallable.java:15)
	at org.junit.runners.model.FrameworkMethod.invokeExplosively(FrameworkMethod.java:41)
	at org.junit.internal.runners.statements.RunBefores.evaluate(RunBefores.java:27)
	at org.junit.internal.runners.statements.RunAfters.evaluate(RunAfters.java:31)
	at org.junit.runners.BlockJUnit4ClassRunner.runNotIgnored(BlockJUnit4ClassRunner.java:79)
	at org.junit.runners.BlockJUnit4ClassRunner.runChild(BlockJUnit4ClassRunner.java:71)
	at org.junit.runners.BlockJUnit4ClassRunner.runChild(BlockJUnit4ClassRunner.java:49)
	at org.junit.runners.ParentRunner$3.run(ParentRunner.java:193)
	at org.junit.runners.ParentRunner$1.schedule(ParentRunner.java:52)
	at org.junit.runners.ParentRunner.runChildren(ParentRunner.java:191)
	at org.junit.runners.ParentRunner.access$000(ParentRunner.java:42)
	at org.junit.runners.ParentRunner$2.evaluate(ParentRunner.java:184)
	at org.junit.runners.ParentRunner.run(ParentRunner.java:236)
	at org.apache.maven.surefire.junit4.JUnit4Provider.execute(JUnit4Provider.java:283)
	at org.apache.maven.surefire.junit4.JUnit4Provider.executeWithRerun(JUnit4Provider.java:173)
	at org.apache.maven.surefire.junit4.JUnit4Provider.executeTestSet(JUnit4Provider.java:153)
	at org.apache.maven.surefire.junit4.JUnit4Provider.invoke(JUnit4Provider.java:128)
	at org.apache.maven.surefire.booter.ForkedBooter.invokeProviderInSameClassLoader(ForkedBooter.java:203)
	at org.apache.maven.surefire.booter.ForkedBooter.runSuitesInProcess(ForkedBooter.java:155)
	at org.apache.maven.surefire.booter.ForkedBooter.main(ForkedBooter.java:103)
Caused by: java.lang.RuntimeException: folder or file like '^.+[.]properties$' no found in nutz-test.properties
	at org.nutz.lang.Lang.makeThrow(Lang.java:151)
	at org.nutz.resource.Scans.loadResource(Scans.java:112)
	at org.nutz.ioc.impl.PropertiesProxy.getResources(PropertiesProxy.java:153)
	at org.nutz.ioc.impl.PropertiesProxy.setPaths(PropertiesProxy.java:109)
	at org.nutz.ioc.impl.PropertiesProxy$FM$setPaths$d0275b2b871e237a38f11859247d1599.invoke(PropertiesProxy.java)
	at org.nutz.lang.inject.InjectBySetter.inject(InjectBySetter.java:51)
	at org.nutz.ioc.weaver.FieldInjector.inject(FieldInjector.java:33)
	at org.nutz.ioc.weaver.DefaultWeaver.fill(DefaultWeaver.java:56)
	at org.nutz.ioc.impl.ObjectMakerImpl.make(ObjectMakerImpl.java:136)
	at org.nutz.ioc.impl.NutIoc.get(NutIoc.java:210)
	at org.nutz.ioc.impl.NutIoc.get(NutIoc.java:239)
	at org.nutz.ioc.java.IocObjectNode.getValue(IocObjectNode.java:19)
	at org.nutz.ioc.java.ChainNode.eval(ChainNode.java:24)
	at org.nutz.ioc.java.ChainNode.eval(ChainNode.java:19)
	at org.nutz.ioc.val.JavaValue.get(JavaValue.java:69)
	at org.nutz.ioc.weaver.FieldInjector.inject(FieldInjector.java:32)
	at org.nutz.ioc.weaver.DefaultWeaver.fill(DefaultWeaver.java:56)
	at org.nutz.ioc.impl.ObjectMakerImpl.make(ObjectMakerImpl.java:136)
	at org.nutz.ioc.impl.NutIoc.get(NutIoc.java:210)
	at org.nutz.ioc.val.ReferValue.get(ReferValue.java:24)
	at org.nutz.ioc.impl.ObjectMakerImpl.make(ObjectMakerImpl.java:62)
	at org.nutz.ioc.impl.NutIoc.get(NutIoc.java:210)
	at org.nutz.ioc.impl.NutIoc.get(NutIoc.java:239)
	at org.nutz.dao.test.DaoCase.setUp(DaoCase.java:22)
	at sun.reflect.GeneratedMethodAccessor23.invoke(Unknown Source)
	at sun.reflect.DelegatingMethodAccessorImpl.invoke(DelegatingMethodAccessorImpl.java:43)
	at java.lang.reflect.Method.invoke(Method.java:498)
	at org.junit.runners.model.FrameworkMethod$1.runReflectiveCall(FrameworkMethod.java:44)
	at org.junit.internal.runners.model.ReflectiveCallable.run(ReflectiveCallable.java:15)
	at org.junit.runners.model.FrameworkMethod.invokeExplosively(FrameworkMethod.java:41)
	at org.junit.internal.runners.statements.RunBefores.evaluate(RunBefores.java:27)
	at org.junit.internal.runners.statements.RunAfters.evaluate(RunAfters.java:31)
	at org.junit.runners.BlockJUnit4ClassRunner.runNotIgnored(BlockJUnit4ClassRunner.java:79)
	at org.junit.runners.BlockJUnit4ClassRunner.runChild(BlockJUnit4ClassRunner.java:71)
	at org.junit.runners.BlockJUnit4ClassRunner.runChild(BlockJUnit4ClassRunner.java:49)
	at org.junit.runners.ParentRunner$3.run(ParentRunner.java:193)
	at org.junit.runners.ParentRunner$1.schedule(ParentRunner.java:52)
	at org.junit.runners.ParentRunner.runChildren(ParentRunner.java:191)
	at org.junit.runners.ParentRunner.access$000(ParentRunner.java:42)
	at org.junit.runners.ParentRunner$2.evaluate(ParentRunner.java:184)
	at org.junit.runners.ParentRunner.run(ParentRunner.java:236)
	at org.apache.maven.surefire.junit4.JUnit4Provider.execute(JUnit4Provider.java:283)
	at org.apache.maven.surefire.junit4.JUnit4Provider.executeWithRerun(JUnit4Provider.java:173)
	at org.apache.maven.surefire.junit4.JUnit4Provider.executeTestSet(JUnit4Provider.java:153)
	at org.apache.maven.surefire.junit4.JUnit4Provider.invoke(JUnit4Provider.java:128)
	at org.apache.maven.surefire.booter.ForkedBooter.invokeProviderInSameClassLoader(ForkedBooter.java:203)
	at org.apache.maven.surefire.booter.ForkedBooter.runSuitesInProcess(ForkedBooter.java:155)
	at org.apache.maven.surefire.booter.ForkedBooter.main(ForkedBooter.java:103)
</error>
  </testcase>
  <testcase name="test_delete_null_many" classname="org.nutz.dao.test.normal.SimpleDaoTest" time="0.001">
    <error message="IocBean[dao -&gt; dataSource] throw Exception when creating" type="org.nutz.ioc.IocException">org.nutz.ioc.IocException: IocBean[dao -> dataSource] throw Exception when creating
	at org.nutz.ioc.impl.ObjectMakerImpl.make(ObjectMakerImpl.java:150)
	at org.nutz.ioc.impl.NutIoc.get(NutIoc.java:210)
	at org.nutz.ioc.val.ReferValue.get(ReferValue.java:24)
	at org.nutz.ioc.impl.ObjectMakerImpl.make(ObjectMakerImpl.java:62)
	at org.nutz.ioc.impl.NutIoc.get(NutIoc.java:210)
	at org.nutz.ioc.impl.NutIoc.get(NutIoc.java:239)
	at org.nutz.dao.test.DaoCase.setUp(DaoCase.java:22)
	at sun.reflect.GeneratedMethodAccessor23.invoke(Unknown Source)
	at sun.reflect.DelegatingMethodAccessorImpl.invoke(DelegatingMethodAccessorImpl.java:43)
	at java.lang.reflect.Method.invoke(Method.java:498)
	at org.junit.runners.model.FrameworkMethod$1.runReflectiveCall(FrameworkMethod.java:44)
	at org.junit.internal.runners.model.ReflectiveCallable.run(ReflectiveCallable.java:15)
	at org.junit.runners.model.FrameworkMethod.invokeExplosively(FrameworkMethod.java:41)
	at org.junit.internal.runners.statements.RunBefores.evaluate(RunBefores.java:27)
	at org.junit.internal.runners.statements.RunAfters.evaluate(RunAfters.java:31)
	at org.junit.runners.BlockJUnit4ClassRunner.runNotIgnored(BlockJUnit4ClassRunner.java:79)
	at org.junit.runners.BlockJUnit4ClassRunner.runChild(BlockJUnit4ClassRunner.java:71)
	at org.junit.runners.BlockJUnit4ClassRunner.runChild(BlockJUnit4ClassRunner.java:49)
	at org.junit.runners.ParentRunner$3.run(ParentRunner.java:193)
	at org.junit.runners.ParentRunner$1.schedule(ParentRunner.java:52)
	at org.junit.runners.ParentRunner.runChildren(ParentRunner.java:191)
	at org.junit.runners.ParentRunner.access$000(ParentRunner.java:42)
	at org.junit.runners.ParentRunner$2.evaluate(ParentRunner.java:184)
	at org.junit.runners.ParentRunner.run(ParentRunner.java:236)
	at org.apache.maven.surefire.junit4.JUnit4Provider.execute(JUnit4Provider.java:283)
	at org.apache.maven.surefire.junit4.JUnit4Provider.executeWithRerun(JUnit4Provider.java:173)
	at org.apache.maven.surefire.junit4.JUnit4Provider.executeTestSet(JUnit4Provider.java:153)
	at org.apache.maven.surefire.junit4.JUnit4Provider.invoke(JUnit4Provider.java:128)
	at org.apache.maven.surefire.booter.ForkedBooter.invokeProviderInSameClassLoader(ForkedBooter.java:203)
	at org.apache.maven.surefire.booter.ForkedBooter.runSuitesInProcess(ForkedBooter.java:155)
	at org.apache.maven.surefire.booter.ForkedBooter.main(ForkedBooter.java:103)
Caused by: java.lang.RuntimeException: IocBean[dataSource] fail at field=[driverClassName]
	at org.nutz.ioc.weaver.FieldInjector.inject(FieldInjector.java:40)
	at org.nutz.ioc.weaver.DefaultWeaver.fill(DefaultWeaver.java:56)
	at org.nutz.ioc.impl.ObjectMakerImpl.make(ObjectMakerImpl.java:136)
	at org.nutz.ioc.impl.NutIoc.get(NutIoc.java:210)
	at org.nutz.ioc.val.ReferValue.get(ReferValue.java:24)
	at org.nutz.ioc.impl.ObjectMakerImpl.make(ObjectMakerImpl.java:62)
	at org.nutz.ioc.impl.NutIoc.get(NutIoc.java:210)
	at org.nutz.ioc.impl.NutIoc.get(NutIoc.java:239)
	at org.nutz.dao.test.DaoCase.setUp(DaoCase.java:22)
	at sun.reflect.GeneratedMethodAccessor23.invoke(Unknown Source)
	at sun.reflect.DelegatingMethodAccessorImpl.invoke(DelegatingMethodAccessorImpl.java:43)
	at java.lang.reflect.Method.invoke(Method.java:498)
	at org.junit.runners.model.FrameworkMethod$1.runReflectiveCall(FrameworkMethod.java:44)
	at org.junit.internal.runners.model.ReflectiveCallable.run(ReflectiveCallable.java:15)
	at org.junit.runners.model.FrameworkMethod.invokeExplosively(FrameworkMethod.java:41)
	at org.junit.internal.runners.statements.RunBefores.evaluate(RunBefores.java:27)
	at org.junit.internal.runners.statements.RunAfters.evaluate(RunAfters.java:31)
	at org.junit.runners.BlockJUnit4ClassRunner.runNotIgnored(BlockJUnit4ClassRunner.java:79)
	at org.junit.runners.BlockJUnit4ClassRunner.runChild(BlockJUnit4ClassRunner.java:71)
	at org.junit.runners.BlockJUnit4ClassRunner.runChild(BlockJUnit4ClassRunner.java:49)
	at org.junit.runners.ParentRunner$3.run(ParentRunner.java:193)
	at org.junit.runners.ParentRunner$1.schedule(ParentRunner.java:52)
	at org.junit.runners.ParentRunner.runChildren(ParentRunner.java:191)
	at org.junit.runners.ParentRunner.access$000(ParentRunner.java:42)
	at org.junit.runners.ParentRunner$2.evaluate(ParentRunner.java:184)
	at org.junit.runners.ParentRunner.run(ParentRunner.java:236)
	at org.apache.maven.surefire.junit4.JUnit4Provider.execute(JUnit4Provider.java:283)
	at org.apache.maven.surefire.junit4.JUnit4Provider.executeWithRerun(JUnit4Provider.java:173)
	at org.apache.maven.surefire.junit4.JUnit4Provider.executeTestSet(JUnit4Provider.java:153)
	at org.apache.maven.surefire.junit4.JUnit4Provider.invoke(JUnit4Provider.java:128)
	at org.apache.maven.surefire.booter.ForkedBooter.invokeProviderInSameClassLoader(ForkedBooter.java:203)
	at org.apache.maven.surefire.booter.ForkedBooter.runSuitesInProcess(ForkedBooter.java:155)
	at org.apache.maven.surefire.booter.ForkedBooter.main(ForkedBooter.java:103)
Caused by: org.nutz.ioc.IocException: IocBean[config] throw Exception when creating
	at org.nutz.ioc.impl.ObjectMakerImpl.make(ObjectMakerImpl.java:150)
	at org.nutz.ioc.impl.NutIoc.get(NutIoc.java:210)
	at org.nutz.ioc.impl.NutIoc.get(NutIoc.java:239)
	at org.nutz.ioc.java.IocObjectNode.getValue(IocObjectNode.java:19)
	at org.nutz.ioc.java.ChainNode.eval(ChainNode.java:24)
	at org.nutz.ioc.java.ChainNode.eval(ChainNode.java:19)
	at org.nutz.ioc.val.JavaValue.get(JavaValue.java:69)
	at org.nutz.ioc.weaver.FieldInjector.inject(FieldInjector.java:32)
	at org.nutz.ioc.weaver.DefaultWeaver.fill(DefaultWeaver.java:56)
	at org.nutz.ioc.impl.ObjectMakerImpl.make(ObjectMakerImpl.java:136)
	at org.nutz.ioc.impl.NutIoc.get(NutIoc.java:210)
	at org.nutz.ioc.val.ReferValue.get(ReferValue.java:24)
	at org.nutz.ioc.impl.ObjectMakerImpl.make(ObjectMakerImpl.java:62)
	at org.nutz.ioc.impl.NutIoc.get(NutIoc.java:210)
	at org.nutz.ioc.impl.NutIoc.get(NutIoc.java:239)
	at org.nutz.dao.test.DaoCase.setUp(DaoCase.java:22)
	at sun.reflect.GeneratedMethodAccessor23.invoke(Unknown Source)
	at sun.reflect.DelegatingMethodAccessorImpl.invoke(DelegatingMethodAccessorImpl.java:43)
	at java.lang.reflect.Method.invoke(Method.java:498)
	at org.junit.runners.model.FrameworkMethod$1.runReflectiveCall(FrameworkMethod.java:44)
	at org.junit.internal.runners.model.ReflectiveCallable.run(ReflectiveCallable.java:15)
	at org.junit.runners.model.FrameworkMethod.invokeExplosively(FrameworkMethod.java:41)
	at org.junit.internal.runners.statements.RunBefores.evaluate(RunBefores.java:27)
	at org.junit.internal.runners.statements.RunAfters.evaluate(RunAfters.java:31)
	at org.junit.runners.BlockJUnit4ClassRunner.runNotIgnored(BlockJUnit4ClassRunner.java:79)
	at org.junit.runners.BlockJUnit4ClassRunner.runChild(BlockJUnit4ClassRunner.java:71)
	at org.junit.runners.BlockJUnit4ClassRunner.runChild(BlockJUnit4ClassRunner.java:49)
	at org.junit.runners.ParentRunner$3.run(ParentRunner.java:193)
	at org.junit.runners.ParentRunner$1.schedule(ParentRunner.java:52)
	at org.junit.runners.ParentRunner.runChildren(ParentRunner.java:191)
	at org.junit.runners.ParentRunner.access$000(ParentRunner.java:42)
	at org.junit.runners.ParentRunner$2.evaluate(ParentRunner.java:184)
	at org.junit.runners.ParentRunner.run(ParentRunner.java:236)
	at org.apache.maven.surefire.junit4.JUnit4Provider.execute(JUnit4Provider.java:283)
	at org.apache.maven.surefire.junit4.JUnit4Provider.executeWithRerun(JUnit4Provider.java:173)
	at org.apache.maven.surefire.junit4.JUnit4Provider.executeTestSet(JUnit4Provider.java:153)
	at org.apache.maven.surefire.junit4.JUnit4Provider.invoke(JUnit4Provider.java:128)
	at org.apache.maven.surefire.booter.ForkedBooter.invokeProviderInSameClassLoader(ForkedBooter.java:203)
	at org.apache.maven.surefire.booter.ForkedBooter.runSuitesInProcess(ForkedBooter.java:155)
	at org.apache.maven.surefire.booter.ForkedBooter.main(ForkedBooter.java:103)
Caused by: java.lang.RuntimeException: IocBean[config] fail at field=[paths]
	at org.nutz.ioc.weaver.FieldInjector.inject(FieldInjector.java:40)
	at org.nutz.ioc.weaver.DefaultWeaver.fill(DefaultWeaver.java:56)
	at org.nutz.ioc.impl.ObjectMakerImpl.make(ObjectMakerImpl.java:136)
	at org.nutz.ioc.impl.NutIoc.get(NutIoc.java:210)
	at org.nutz.ioc.impl.NutIoc.get(NutIoc.java:239)
	at org.nutz.ioc.java.IocObjectNode.getValue(IocObjectNode.java:19)
	at org.nutz.ioc.java.ChainNode.eval(ChainNode.java:24)
	at org.nutz.ioc.java.ChainNode.eval(ChainNode.java:19)
	at org.nutz.ioc.val.JavaValue.get(JavaValue.java:69)
	at org.nutz.ioc.weaver.FieldInjector.inject(FieldInjector.java:32)
	at org.nutz.ioc.weaver.DefaultWeaver.fill(DefaultWeaver.java:56)
	at org.nutz.ioc.impl.ObjectMakerImpl.make(ObjectMakerImpl.java:136)
	at org.nutz.ioc.impl.NutIoc.get(NutIoc.java:210)
	at org.nutz.ioc.val.ReferValue.get(ReferValue.java:24)
	at org.nutz.ioc.impl.ObjectMakerImpl.make(ObjectMakerImpl.java:62)
	at org.nutz.ioc.impl.NutIoc.get(NutIoc.java:210)
	at org.nutz.ioc.impl.NutIoc.get(NutIoc.java:239)
	at org.nutz.dao.test.DaoCase.setUp(DaoCase.java:22)
	at sun.reflect.GeneratedMethodAccessor23.invoke(Unknown Source)
	at sun.reflect.DelegatingMethodAccessorImpl.invoke(DelegatingMethodAccessorImpl.java:43)
	at java.lang.reflect.Method.invoke(Method.java:498)
	at org.junit.runners.model.FrameworkMethod$1.runReflectiveCall(FrameworkMethod.java:44)
	at org.junit.internal.runners.model.ReflectiveCallable.run(ReflectiveCallable.java:15)
	at org.junit.runners.model.FrameworkMethod.invokeExplosively(FrameworkMethod.java:41)
	at org.junit.internal.runners.statements.RunBefores.evaluate(RunBefores.java:27)
	at org.junit.internal.runners.statements.RunAfters.evaluate(RunAfters.java:31)
	at org.junit.runners.BlockJUnit4ClassRunner.runNotIgnored(BlockJUnit4ClassRunner.java:79)
	at org.junit.runners.BlockJUnit4ClassRunner.runChild(BlockJUnit4ClassRunner.java:71)
	at org.junit.runners.BlockJUnit4ClassRunner.runChild(BlockJUnit4ClassRunner.java:49)
	at org.junit.runners.ParentRunner$3.run(ParentRunner.java:193)
	at org.junit.runners.ParentRunner$1.schedule(ParentRunner.java:52)
	at org.junit.runners.ParentRunner.runChildren(ParentRunner.java:191)
	at org.junit.runners.ParentRunner.access$000(ParentRunner.java:42)
	at org.junit.runners.ParentRunner$2.evaluate(ParentRunner.java:184)
	at org.junit.runners.ParentRunner.run(ParentRunner.java:236)
	at org.apache.maven.surefire.junit4.JUnit4Provider.execute(JUnit4Provider.java:283)
	at org.apache.maven.surefire.junit4.JUnit4Provider.executeWithRerun(JUnit4Provider.java:173)
	at org.apache.maven.surefire.junit4.JUnit4Provider.executeTestSet(JUnit4Provider.java:153)
	at org.apache.maven.surefire.junit4.JUnit4Provider.invoke(JUnit4Provider.java:128)
	at org.apache.maven.surefire.booter.ForkedBooter.invokeProviderInSameClassLoader(ForkedBooter.java:203)
	at org.apache.maven.surefire.booter.ForkedBooter.runSuitesInProcess(ForkedBooter.java:155)
	at org.apache.maven.surefire.booter.ForkedBooter.main(ForkedBooter.java:103)
Caused by: java.lang.RuntimeException: Fail to set '[nutz-test.properties]'[ [Ljava.lang.String;@4e22368c ] by setter org.nutz.ioc.impl.PropertiesProxy.'setPaths()' because [java.lang.RuntimeException: folder or file like '^.+[.]properties$' no found in nutz-test.properties]: folder or file like '^.+[.]properties$' no found in nutz-test.properties
	at org.nutz.lang.Lang.wrapThrow(Lang.java:167)
	at org.nutz.lang.inject.InjectBySetter.inject(InjectBySetter.java:62)
	at org.nutz.ioc.weaver.FieldInjector.inject(FieldInjector.java:33)
	at org.nutz.ioc.weaver.DefaultWeaver.fill(DefaultWeaver.java:56)
	at org.nutz.ioc.impl.ObjectMakerImpl.make(ObjectMakerImpl.java:136)
	at org.nutz.ioc.impl.NutIoc.get(NutIoc.java:210)
	at org.nutz.ioc.impl.NutIoc.get(NutIoc.java:239)
	at org.nutz.ioc.java.IocObjectNode.getValue(IocObjectNode.java:19)
	at org.nutz.ioc.java.ChainNode.eval(ChainNode.java:24)
	at org.nutz.ioc.java.ChainNode.eval(ChainNode.java:19)
	at org.nutz.ioc.val.JavaValue.get(JavaValue.java:69)
	at org.nutz.ioc.weaver.FieldInjector.inject(FieldInjector.java:32)
	at org.nutz.ioc.weaver.DefaultWeaver.fill(DefaultWeaver.java:56)
	at org.nutz.ioc.impl.ObjectMakerImpl.make(ObjectMakerImpl.java:136)
	at org.nutz.ioc.impl.NutIoc.get(NutIoc.java:210)
	at org.nutz.ioc.val.ReferValue.get(ReferValue.java:24)
	at org.nutz.ioc.impl.ObjectMakerImpl.make(ObjectMakerImpl.java:62)
	at org.nutz.ioc.impl.NutIoc.get(NutIoc.java:210)
	at org.nutz.ioc.impl.NutIoc.get(NutIoc.java:239)
	at org.nutz.dao.test.DaoCase.setUp(DaoCase.java:22)
	at sun.reflect.GeneratedMethodAccessor23.invoke(Unknown Source)
	at sun.reflect.DelegatingMethodAccessorImpl.invoke(DelegatingMethodAccessorImpl.java:43)
	at java.lang.reflect.Method.invoke(Method.java:498)
	at org.junit.runners.model.FrameworkMethod$1.runReflectiveCall(FrameworkMethod.java:44)
	at org.junit.internal.runners.model.ReflectiveCallable.run(ReflectiveCallable.java:15)
	at org.junit.runners.model.FrameworkMethod.invokeExplosively(FrameworkMethod.java:41)
	at org.junit.internal.runners.statements.RunBefores.evaluate(RunBefores.java:27)
	at org.junit.internal.runners.statements.RunAfters.evaluate(RunAfters.java:31)
	at org.junit.runners.BlockJUnit4ClassRunner.runNotIgnored(BlockJUnit4ClassRunner.java:79)
	at org.junit.runners.BlockJUnit4ClassRunner.runChild(BlockJUnit4ClassRunner.java:71)
	at org.junit.runners.BlockJUnit4ClassRunner.runChild(BlockJUnit4ClassRunner.java:49)
	at org.junit.runners.ParentRunner$3.run(ParentRunner.java:193)
	at org.junit.runners.ParentRunner$1.schedule(ParentRunner.java:52)
	at org.junit.runners.ParentRunner.runChildren(ParentRunner.java:191)
	at org.junit.runners.ParentRunner.access$000(ParentRunner.java:42)
	at org.junit.runners.ParentRunner$2.evaluate(ParentRunner.java:184)
	at org.junit.runners.ParentRunner.run(ParentRunner.java:236)
	at org.apache.maven.surefire.junit4.JUnit4Provider.execute(JUnit4Provider.java:283)
	at org.apache.maven.surefire.junit4.JUnit4Provider.executeWithRerun(JUnit4Provider.java:173)
	at org.apache.maven.surefire.junit4.JUnit4Provider.executeTestSet(JUnit4Provider.java:153)
	at org.apache.maven.surefire.junit4.JUnit4Provider.invoke(JUnit4Provider.java:128)
	at org.apache.maven.surefire.booter.ForkedBooter.invokeProviderInSameClassLoader(ForkedBooter.java:203)
	at org.apache.maven.surefire.booter.ForkedBooter.runSuitesInProcess(ForkedBooter.java:155)
	at org.apache.maven.surefire.booter.ForkedBooter.main(ForkedBooter.java:103)
Caused by: java.lang.RuntimeException: folder or file like '^.+[.]properties$' no found in nutz-test.properties
	at org.nutz.lang.Lang.makeThrow(Lang.java:151)
	at org.nutz.resource.Scans.loadResource(Scans.java:112)
	at org.nutz.ioc.impl.PropertiesProxy.getResources(PropertiesProxy.java:153)
	at org.nutz.ioc.impl.PropertiesProxy.setPaths(PropertiesProxy.java:109)
	at org.nutz.ioc.impl.PropertiesProxy$FM$setPaths$d0275b2b871e237a38f11859247d1599.invoke(PropertiesProxy.java)
	at org.nutz.lang.inject.InjectBySetter.inject(InjectBySetter.java:51)
	at org.nutz.ioc.weaver.FieldInjector.inject(FieldInjector.java:33)
	at org.nutz.ioc.weaver.DefaultWeaver.fill(DefaultWeaver.java:56)
	at org.nutz.ioc.impl.ObjectMakerImpl.make(ObjectMakerImpl.java:136)
	at org.nutz.ioc.impl.NutIoc.get(NutIoc.java:210)
	at org.nutz.ioc.impl.NutIoc.get(NutIoc.java:239)
	at org.nutz.ioc.java.IocObjectNode.getValue(IocObjectNode.java:19)
	at org.nutz.ioc.java.ChainNode.eval(ChainNode.java:24)
	at org.nutz.ioc.java.ChainNode.eval(ChainNode.java:19)
	at org.nutz.ioc.val.JavaValue.get(JavaValue.java:69)
	at org.nutz.ioc.weaver.FieldInjector.inject(FieldInjector.java:32)
	at org.nutz.ioc.weaver.DefaultWeaver.fill(DefaultWeaver.java:56)
	at org.nutz.ioc.impl.ObjectMakerImpl.make(ObjectMakerImpl.java:136)
	at org.nutz.ioc.impl.NutIoc.get(NutIoc.java:210)
	at org.nutz.ioc.val.ReferValue.get(ReferValue.java:24)
	at org.nutz.ioc.impl.ObjectMakerImpl.make(ObjectMakerImpl.java:62)
	at org.nutz.ioc.impl.NutIoc.get(NutIoc.java:210)
	at org.nutz.ioc.impl.NutIoc.get(NutIoc.java:239)
	at org.nutz.dao.test.DaoCase.setUp(DaoCase.java:22)
	at sun.reflect.GeneratedMethodAccessor23.invoke(Unknown Source)
	at sun.reflect.DelegatingMethodAccessorImpl.invoke(DelegatingMethodAccessorImpl.java:43)
	at java.lang.reflect.Method.invoke(Method.java:498)
	at org.junit.runners.model.FrameworkMethod$1.runReflectiveCall(FrameworkMethod.java:44)
	at org.junit.internal.runners.model.ReflectiveCallable.run(ReflectiveCallable.java:15)
	at org.junit.runners.model.FrameworkMethod.invokeExplosively(FrameworkMethod.java:41)
	at org.junit.internal.runners.statements.RunBefores.evaluate(RunBefores.java:27)
	at org.junit.internal.runners.statements.RunAfters.evaluate(RunAfters.java:31)
	at org.junit.runners.BlockJUnit4ClassRunner.runNotIgnored(BlockJUnit4ClassRunner.java:79)
	at org.junit.runners.BlockJUnit4ClassRunner.runChild(BlockJUnit4ClassRunner.java:71)
	at org.junit.runners.BlockJUnit4ClassRunner.runChild(BlockJUnit4ClassRunner.java:49)
	at org.junit.runners.ParentRunner$3.run(ParentRunner.java:193)
	at org.junit.runners.ParentRunner$1.schedule(ParentRunner.java:52)
	at org.junit.runners.ParentRunner.runChildren(ParentRunner.java:191)
	at org.junit.runners.ParentRunner.access$000(ParentRunner.java:42)
	at org.junit.runners.ParentRunner$2.evaluate(ParentRunner.java:184)
	at org.junit.runners.ParentRunner.run(ParentRunner.java:236)
	at org.apache.maven.surefire.junit4.JUnit4Provider.execute(JUnit4Provider.java:283)
	at org.apache.maven.surefire.junit4.JUnit4Provider.executeWithRerun(JUnit4Provider.java:173)
	at org.apache.maven.surefire.junit4.JUnit4Provider.executeTestSet(JUnit4Provider.java:153)
	at org.apache.maven.surefire.junit4.JUnit4Provider.invoke(JUnit4Provider.java:128)
	at org.apache.maven.surefire.booter.ForkedBooter.invokeProviderInSameClassLoader(ForkedBooter.java:203)
	at org.apache.maven.surefire.booter.ForkedBooter.runSuitesInProcess(ForkedBooter.java:155)
	at org.apache.maven.surefire.booter.ForkedBooter.main(ForkedBooter.java:103)
</error>
  </testcase>
  <testcase name="test_insert_with" classname="org.nutz.dao.test.normal.SimpleDaoTest" time="0">
    <error message="IocBean[dao -&gt; dataSource] throw Exception when creating" type="org.nutz.ioc.IocException">org.nutz.ioc.IocException: IocBean[dao -> dataSource] throw Exception when creating
	at org.nutz.ioc.impl.ObjectMakerImpl.make(ObjectMakerImpl.java:150)
	at org.nutz.ioc.impl.NutIoc.get(NutIoc.java:210)
	at org.nutz.ioc.val.ReferValue.get(ReferValue.java:24)
	at org.nutz.ioc.impl.ObjectMakerImpl.make(ObjectMakerImpl.java:62)
	at org.nutz.ioc.impl.NutIoc.get(NutIoc.java:210)
	at org.nutz.ioc.impl.NutIoc.get(NutIoc.java:239)
	at org.nutz.dao.test.DaoCase.setUp(DaoCase.java:22)
	at sun.reflect.GeneratedMethodAccessor23.invoke(Unknown Source)
	at sun.reflect.DelegatingMethodAccessorImpl.invoke(DelegatingMethodAccessorImpl.java:43)
	at java.lang.reflect.Method.invoke(Method.java:498)
	at org.junit.runners.model.FrameworkMethod$1.runReflectiveCall(FrameworkMethod.java:44)
	at org.junit.internal.runners.model.ReflectiveCallable.run(ReflectiveCallable.java:15)
	at org.junit.runners.model.FrameworkMethod.invokeExplosively(FrameworkMethod.java:41)
	at org.junit.internal.runners.statements.RunBefores.evaluate(RunBefores.java:27)
	at org.junit.internal.runners.statements.RunAfters.evaluate(RunAfters.java:31)
	at org.junit.runners.BlockJUnit4ClassRunner.runNotIgnored(BlockJUnit4ClassRunner.java:79)
	at org.junit.runners.BlockJUnit4ClassRunner.runChild(BlockJUnit4ClassRunner.java:71)
	at org.junit.runners.BlockJUnit4ClassRunner.runChild(BlockJUnit4ClassRunner.java:49)
	at org.junit.runners.ParentRunner$3.run(ParentRunner.java:193)
	at org.junit.runners.ParentRunner$1.schedule(ParentRunner.java:52)
	at org.junit.runners.ParentRunner.runChildren(ParentRunner.java:191)
	at org.junit.runners.ParentRunner.access$000(ParentRunner.java:42)
	at org.junit.runners.ParentRunner$2.evaluate(ParentRunner.java:184)
	at org.junit.runners.ParentRunner.run(ParentRunner.java:236)
	at org.apache.maven.surefire.junit4.JUnit4Provider.execute(JUnit4Provider.java:283)
	at org.apache.maven.surefire.junit4.JUnit4Provider.executeWithRerun(JUnit4Provider.java:173)
	at org.apache.maven.surefire.junit4.JUnit4Provider.executeTestSet(JUnit4Provider.java:153)
	at org.apache.maven.surefire.junit4.JUnit4Provider.invoke(JUnit4Provider.java:128)
	at org.apache.maven.surefire.booter.ForkedBooter.invokeProviderInSameClassLoader(ForkedBooter.java:203)
	at org.apache.maven.surefire.booter.ForkedBooter.runSuitesInProcess(ForkedBooter.java:155)
	at org.apache.maven.surefire.booter.ForkedBooter.main(ForkedBooter.java:103)
Caused by: java.lang.RuntimeException: IocBean[dataSource] fail at field=[driverClassName]
	at org.nutz.ioc.weaver.FieldInjector.inject(FieldInjector.java:40)
	at org.nutz.ioc.weaver.DefaultWeaver.fill(DefaultWeaver.java:56)
	at org.nutz.ioc.impl.ObjectMakerImpl.make(ObjectMakerImpl.java:136)
	at org.nutz.ioc.impl.NutIoc.get(NutIoc.java:210)
	at org.nutz.ioc.val.ReferValue.get(ReferValue.java:24)
	at org.nutz.ioc.impl.ObjectMakerImpl.make(ObjectMakerImpl.java:62)
	at org.nutz.ioc.impl.NutIoc.get(NutIoc.java:210)
	at org.nutz.ioc.impl.NutIoc.get(NutIoc.java:239)
	at org.nutz.dao.test.DaoCase.setUp(DaoCase.java:22)
	at sun.reflect.GeneratedMethodAccessor23.invoke(Unknown Source)
	at sun.reflect.DelegatingMethodAccessorImpl.invoke(DelegatingMethodAccessorImpl.java:43)
	at java.lang.reflect.Method.invoke(Method.java:498)
	at org.junit.runners.model.FrameworkMethod$1.runReflectiveCall(FrameworkMethod.java:44)
	at org.junit.internal.runners.model.ReflectiveCallable.run(ReflectiveCallable.java:15)
	at org.junit.runners.model.FrameworkMethod.invokeExplosively(FrameworkMethod.java:41)
	at org.junit.internal.runners.statements.RunBefores.evaluate(RunBefores.java:27)
	at org.junit.internal.runners.statements.RunAfters.evaluate(RunAfters.java:31)
	at org.junit.runners.BlockJUnit4ClassRunner.runNotIgnored(BlockJUnit4ClassRunner.java:79)
	at org.junit.runners.BlockJUnit4ClassRunner.runChild(BlockJUnit4ClassRunner.java:71)
	at org.junit.runners.BlockJUnit4ClassRunner.runChild(BlockJUnit4ClassRunner.java:49)
	at org.junit.runners.ParentRunner$3.run(ParentRunner.java:193)
	at org.junit.runners.ParentRunner$1.schedule(ParentRunner.java:52)
	at org.junit.runners.ParentRunner.runChildren(ParentRunner.java:191)
	at org.junit.runners.ParentRunner.access$000(ParentRunner.java:42)
	at org.junit.runners.ParentRunner$2.evaluate(ParentRunner.java:184)
	at org.junit.runners.ParentRunner.run(ParentRunner.java:236)
	at org.apache.maven.surefire.junit4.JUnit4Provider.execute(JUnit4Provider.java:283)
	at org.apache.maven.surefire.junit4.JUnit4Provider.executeWithRerun(JUnit4Provider.java:173)
	at org.apache.maven.surefire.junit4.JUnit4Provider.executeTestSet(JUnit4Provider.java:153)
	at org.apache.maven.surefire.junit4.JUnit4Provider.invoke(JUnit4Provider.java:128)
	at org.apache.maven.surefire.booter.ForkedBooter.invokeProviderInSameClassLoader(ForkedBooter.java:203)
	at org.apache.maven.surefire.booter.ForkedBooter.runSuitesInProcess(ForkedBooter.java:155)
	at org.apache.maven.surefire.booter.ForkedBooter.main(ForkedBooter.java:103)
Caused by: org.nutz.ioc.IocException: IocBean[config] throw Exception when creating
	at org.nutz.ioc.impl.ObjectMakerImpl.make(ObjectMakerImpl.java:150)
	at org.nutz.ioc.impl.NutIoc.get(NutIoc.java:210)
	at org.nutz.ioc.impl.NutIoc.get(NutIoc.java:239)
	at org.nutz.ioc.java.IocObjectNode.getValue(IocObjectNode.java:19)
	at org.nutz.ioc.java.ChainNode.eval(ChainNode.java:24)
	at org.nutz.ioc.java.ChainNode.eval(ChainNode.java:19)
	at org.nutz.ioc.val.JavaValue.get(JavaValue.java:69)
	at org.nutz.ioc.weaver.FieldInjector.inject(FieldInjector.java:32)
	at org.nutz.ioc.weaver.DefaultWeaver.fill(DefaultWeaver.java:56)
	at org.nutz.ioc.impl.ObjectMakerImpl.make(ObjectMakerImpl.java:136)
	at org.nutz.ioc.impl.NutIoc.get(NutIoc.java:210)
	at org.nutz.ioc.val.ReferValue.get(ReferValue.java:24)
	at org.nutz.ioc.impl.ObjectMakerImpl.make(ObjectMakerImpl.java:62)
	at org.nutz.ioc.impl.NutIoc.get(NutIoc.java:210)
	at org.nutz.ioc.impl.NutIoc.get(NutIoc.java:239)
	at org.nutz.dao.test.DaoCase.setUp(DaoCase.java:22)
	at sun.reflect.GeneratedMethodAccessor23.invoke(Unknown Source)
	at sun.reflect.DelegatingMethodAccessorImpl.invoke(DelegatingMethodAccessorImpl.java:43)
	at java.lang.reflect.Method.invoke(Method.java:498)
	at org.junit.runners.model.FrameworkMethod$1.runReflectiveCall(FrameworkMethod.java:44)
	at org.junit.internal.runners.model.ReflectiveCallable.run(ReflectiveCallable.java:15)
	at org.junit.runners.model.FrameworkMethod.invokeExplosively(FrameworkMethod.java:41)
	at org.junit.internal.runners.statements.RunBefores.evaluate(RunBefores.java:27)
	at org.junit.internal.runners.statements.RunAfters.evaluate(RunAfters.java:31)
	at org.junit.runners.BlockJUnit4ClassRunner.runNotIgnored(BlockJUnit4ClassRunner.java:79)
	at org.junit.runners.BlockJUnit4ClassRunner.runChild(BlockJUnit4ClassRunner.java:71)
	at org.junit.runners.BlockJUnit4ClassRunner.runChild(BlockJUnit4ClassRunner.java:49)
	at org.junit.runners.ParentRunner$3.run(ParentRunner.java:193)
	at org.junit.runners.ParentRunner$1.schedule(ParentRunner.java:52)
	at org.junit.runners.ParentRunner.runChildren(ParentRunner.java:191)
	at org.junit.runners.ParentRunner.access$000(ParentRunner.java:42)
	at org.junit.runners.ParentRunner$2.evaluate(ParentRunner.java:184)
	at org.junit.runners.ParentRunner.run(ParentRunner.java:236)
	at org.apache.maven.surefire.junit4.JUnit4Provider.execute(JUnit4Provider.java:283)
	at org.apache.maven.surefire.junit4.JUnit4Provider.executeWithRerun(JUnit4Provider.java:173)
	at org.apache.maven.surefire.junit4.JUnit4Provider.executeTestSet(JUnit4Provider.java:153)
	at org.apache.maven.surefire.junit4.JUnit4Provider.invoke(JUnit4Provider.java:128)
	at org.apache.maven.surefire.booter.ForkedBooter.invokeProviderInSameClassLoader(ForkedBooter.java:203)
	at org.apache.maven.surefire.booter.ForkedBooter.runSuitesInProcess(ForkedBooter.java:155)
	at org.apache.maven.surefire.booter.ForkedBooter.main(ForkedBooter.java:103)
Caused by: java.lang.RuntimeException: IocBean[config] fail at field=[paths]
	at org.nutz.ioc.weaver.FieldInjector.inject(FieldInjector.java:40)
	at org.nutz.ioc.weaver.DefaultWeaver.fill(DefaultWeaver.java:56)
	at org.nutz.ioc.impl.ObjectMakerImpl.make(ObjectMakerImpl.java:136)
	at org.nutz.ioc.impl.NutIoc.get(NutIoc.java:210)
	at org.nutz.ioc.impl.NutIoc.get(NutIoc.java:239)
	at org.nutz.ioc.java.IocObjectNode.getValue(IocObjectNode.java:19)
	at org.nutz.ioc.java.ChainNode.eval(ChainNode.java:24)
	at org.nutz.ioc.java.ChainNode.eval(ChainNode.java:19)
	at org.nutz.ioc.val.JavaValue.get(JavaValue.java:69)
	at org.nutz.ioc.weaver.FieldInjector.inject(FieldInjector.java:32)
	at org.nutz.ioc.weaver.DefaultWeaver.fill(DefaultWeaver.java:56)
	at org.nutz.ioc.impl.ObjectMakerImpl.make(ObjectMakerImpl.java:136)
	at org.nutz.ioc.impl.NutIoc.get(NutIoc.java:210)
	at org.nutz.ioc.val.ReferValue.get(ReferValue.java:24)
	at org.nutz.ioc.impl.ObjectMakerImpl.make(ObjectMakerImpl.java:62)
	at org.nutz.ioc.impl.NutIoc.get(NutIoc.java:210)
	at org.nutz.ioc.impl.NutIoc.get(NutIoc.java:239)
	at org.nutz.dao.test.DaoCase.setUp(DaoCase.java:22)
	at sun.reflect.GeneratedMethodAccessor23.invoke(Unknown Source)
	at sun.reflect.DelegatingMethodAccessorImpl.invoke(DelegatingMethodAccessorImpl.java:43)
	at java.lang.reflect.Method.invoke(Method.java:498)
	at org.junit.runners.model.FrameworkMethod$1.runReflectiveCall(FrameworkMethod.java:44)
	at org.junit.internal.runners.model.ReflectiveCallable.run(ReflectiveCallable.java:15)
	at org.junit.runners.model.FrameworkMethod.invokeExplosively(FrameworkMethod.java:41)
	at org.junit.internal.runners.statements.RunBefores.evaluate(RunBefores.java:27)
	at org.junit.internal.runners.statements.RunAfters.evaluate(RunAfters.java:31)
	at org.junit.runners.BlockJUnit4ClassRunner.runNotIgnored(BlockJUnit4ClassRunner.java:79)
	at org.junit.runners.BlockJUnit4ClassRunner.runChild(BlockJUnit4ClassRunner.java:71)
	at org.junit.runners.BlockJUnit4ClassRunner.runChild(BlockJUnit4ClassRunner.java:49)
	at org.junit.runners.ParentRunner$3.run(ParentRunner.java:193)
	at org.junit.runners.ParentRunner$1.schedule(ParentRunner.java:52)
	at org.junit.runners.ParentRunner.runChildren(ParentRunner.java:191)
	at org.junit.runners.ParentRunner.access$000(ParentRunner.java:42)
	at org.junit.runners.ParentRunner$2.evaluate(ParentRunner.java:184)
	at org.junit.runners.ParentRunner.run(ParentRunner.java:236)
	at org.apache.maven.surefire.junit4.JUnit4Provider.execute(JUnit4Provider.java:283)
	at org.apache.maven.surefire.junit4.JUnit4Provider.executeWithRerun(JUnit4Provider.java:173)
	at org.apache.maven.surefire.junit4.JUnit4Provider.executeTestSet(JUnit4Provider.java:153)
	at org.apache.maven.surefire.junit4.JUnit4Provider.invoke(JUnit4Provider.java:128)
	at org.apache.maven.surefire.booter.ForkedBooter.invokeProviderInSameClassLoader(ForkedBooter.java:203)
	at org.apache.maven.surefire.booter.ForkedBooter.runSuitesInProcess(ForkedBooter.java:155)
	at org.apache.maven.surefire.booter.ForkedBooter.main(ForkedBooter.java:103)
Caused by: java.lang.RuntimeException: Fail to set '[nutz-test.properties]'[ [Ljava.lang.String;@411cd156 ] by setter org.nutz.ioc.impl.PropertiesProxy.'setPaths()' because [java.lang.RuntimeException: folder or file like '^.+[.]properties$' no found in nutz-test.properties]: folder or file like '^.+[.]properties$' no found in nutz-test.properties
	at org.nutz.lang.Lang.wrapThrow(Lang.java:167)
	at org.nutz.lang.inject.InjectBySetter.inject(InjectBySetter.java:62)
	at org.nutz.ioc.weaver.FieldInjector.inject(FieldInjector.java:33)
	at org.nutz.ioc.weaver.DefaultWeaver.fill(DefaultWeaver.java:56)
	at org.nutz.ioc.impl.ObjectMakerImpl.make(ObjectMakerImpl.java:136)
	at org.nutz.ioc.impl.NutIoc.get(NutIoc.java:210)
	at org.nutz.ioc.impl.NutIoc.get(NutIoc.java:239)
	at org.nutz.ioc.java.IocObjectNode.getValue(IocObjectNode.java:19)
	at org.nutz.ioc.java.ChainNode.eval(ChainNode.java:24)
	at org.nutz.ioc.java.ChainNode.eval(ChainNode.java:19)
	at org.nutz.ioc.val.JavaValue.get(JavaValue.java:69)
	at org.nutz.ioc.weaver.FieldInjector.inject(FieldInjector.java:32)
	at org.nutz.ioc.weaver.DefaultWeaver.fill(DefaultWeaver.java:56)
	at org.nutz.ioc.impl.ObjectMakerImpl.make(ObjectMakerImpl.java:136)
	at org.nutz.ioc.impl.NutIoc.get(NutIoc.java:210)
	at org.nutz.ioc.val.ReferValue.get(ReferValue.java:24)
	at org.nutz.ioc.impl.ObjectMakerImpl.make(ObjectMakerImpl.java:62)
	at org.nutz.ioc.impl.NutIoc.get(NutIoc.java:210)
	at org.nutz.ioc.impl.NutIoc.get(NutIoc.java:239)
	at org.nutz.dao.test.DaoCase.setUp(DaoCase.java:22)
	at sun.reflect.GeneratedMethodAccessor23.invoke(Unknown Source)
	at sun.reflect.DelegatingMethodAccessorImpl.invoke(DelegatingMethodAccessorImpl.java:43)
	at java.lang.reflect.Method.invoke(Method.java:498)
	at org.junit.runners.model.FrameworkMethod$1.runReflectiveCall(FrameworkMethod.java:44)
	at org.junit.internal.runners.model.ReflectiveCallable.run(ReflectiveCallable.java:15)
	at org.junit.runners.model.FrameworkMethod.invokeExplosively(FrameworkMethod.java:41)
	at org.junit.internal.runners.statements.RunBefores.evaluate(RunBefores.java:27)
	at org.junit.internal.runners.statements.RunAfters.evaluate(RunAfters.java:31)
	at org.junit.runners.BlockJUnit4ClassRunner.runNotIgnored(BlockJUnit4ClassRunner.java:79)
	at org.junit.runners.BlockJUnit4ClassRunner.runChild(BlockJUnit4ClassRunner.java:71)
	at org.junit.runners.BlockJUnit4ClassRunner.runChild(BlockJUnit4ClassRunner.java:49)
	at org.junit.runners.ParentRunner$3.run(ParentRunner.java:193)
	at org.junit.runners.ParentRunner$1.schedule(ParentRunner.java:52)
	at org.junit.runners.ParentRunner.runChildren(ParentRunner.java:191)
	at org.junit.runners.ParentRunner.access$000(ParentRunner.java:42)
	at org.junit.runners.ParentRunner$2.evaluate(ParentRunner.java:184)
	at org.junit.runners.ParentRunner.run(ParentRunner.java:236)
	at org.apache.maven.surefire.junit4.JUnit4Provider.execute(JUnit4Provider.java:283)
	at org.apache.maven.surefire.junit4.JUnit4Provider.executeWithRerun(JUnit4Provider.java:173)
	at org.apache.maven.surefire.junit4.JUnit4Provider.executeTestSet(JUnit4Provider.java:153)
	at org.apache.maven.surefire.junit4.JUnit4Provider.invoke(JUnit4Provider.java:128)
	at org.apache.maven.surefire.booter.ForkedBooter.invokeProviderInSameClassLoader(ForkedBooter.java:203)
	at org.apache.maven.surefire.booter.ForkedBooter.runSuitesInProcess(ForkedBooter.java:155)
	at org.apache.maven.surefire.booter.ForkedBooter.main(ForkedBooter.java:103)
Caused by: java.lang.RuntimeException: folder or file like '^.+[.]properties$' no found in nutz-test.properties
	at org.nutz.lang.Lang.makeThrow(Lang.java:151)
	at org.nutz.resource.Scans.loadResource(Scans.java:112)
	at org.nutz.ioc.impl.PropertiesProxy.getResources(PropertiesProxy.java:153)
	at org.nutz.ioc.impl.PropertiesProxy.setPaths(PropertiesProxy.java:109)
	at org.nutz.ioc.impl.PropertiesProxy$FM$setPaths$d0275b2b871e237a38f11859247d1599.invoke(PropertiesProxy.java)
	at org.nutz.lang.inject.InjectBySetter.inject(InjectBySetter.java:51)
	at org.nutz.ioc.weaver.FieldInjector.inject(FieldInjector.java:33)
	at org.nutz.ioc.weaver.DefaultWeaver.fill(DefaultWeaver.java:56)
	at org.nutz.ioc.impl.ObjectMakerImpl.make(ObjectMakerImpl.java:136)
	at org.nutz.ioc.impl.NutIoc.get(NutIoc.java:210)
	at org.nutz.ioc.impl.NutIoc.get(NutIoc.java:239)
	at org.nutz.ioc.java.IocObjectNode.getValue(IocObjectNode.java:19)
	at org.nutz.ioc.java.ChainNode.eval(ChainNode.java:24)
	at org.nutz.ioc.java.ChainNode.eval(ChainNode.java:19)
	at org.nutz.ioc.val.JavaValue.get(JavaValue.java:69)
	at org.nutz.ioc.weaver.FieldInjector.inject(FieldInjector.java:32)
	at org.nutz.ioc.weaver.DefaultWeaver.fill(DefaultWeaver.java:56)
	at org.nutz.ioc.impl.ObjectMakerImpl.make(ObjectMakerImpl.java:136)
	at org.nutz.ioc.impl.NutIoc.get(NutIoc.java:210)
	at org.nutz.ioc.val.ReferValue.get(ReferValue.java:24)
	at org.nutz.ioc.impl.ObjectMakerImpl.make(ObjectMakerImpl.java:62)
	at org.nutz.ioc.impl.NutIoc.get(NutIoc.java:210)
	at org.nutz.ioc.impl.NutIoc.get(NutIoc.java:239)
	at org.nutz.dao.test.DaoCase.setUp(DaoCase.java:22)
	at sun.reflect.GeneratedMethodAccessor23.invoke(Unknown Source)
	at sun.reflect.DelegatingMethodAccessorImpl.invoke(DelegatingMethodAccessorImpl.java:43)
	at java.lang.reflect.Method.invoke(Method.java:498)
	at org.junit.runners.model.FrameworkMethod$1.runReflectiveCall(FrameworkMethod.java:44)
	at org.junit.internal.runners.model.ReflectiveCallable.run(ReflectiveCallable.java:15)
	at org.junit.runners.model.FrameworkMethod.invokeExplosively(FrameworkMethod.java:41)
	at org.junit.internal.runners.statements.RunBefores.evaluate(RunBefores.java:27)
	at org.junit.internal.runners.statements.RunAfters.evaluate(RunAfters.java:31)
	at org.junit.runners.BlockJUnit4ClassRunner.runNotIgnored(BlockJUnit4ClassRunner.java:79)
	at org.junit.runners.BlockJUnit4ClassRunner.runChild(BlockJUnit4ClassRunner.java:71)
	at org.junit.runners.BlockJUnit4ClassRunner.runChild(BlockJUnit4ClassRunner.java:49)
	at org.junit.runners.ParentRunner$3.run(ParentRunner.java:193)
	at org.junit.runners.ParentRunner$1.schedule(ParentRunner.java:52)
	at org.junit.runners.ParentRunner.runChildren(ParentRunner.java:191)
	at org.junit.runners.ParentRunner.access$000(ParentRunner.java:42)
	at org.junit.runners.ParentRunner$2.evaluate(ParentRunner.java:184)
	at org.junit.runners.ParentRunner.run(ParentRunner.java:236)
	at org.apache.maven.surefire.junit4.JUnit4Provider.execute(JUnit4Provider.java:283)
	at org.apache.maven.surefire.junit4.JUnit4Provider.executeWithRerun(JUnit4Provider.java:173)
	at org.apache.maven.surefire.junit4.JUnit4Provider.executeTestSet(JUnit4Provider.java:153)
	at org.apache.maven.surefire.junit4.JUnit4Provider.invoke(JUnit4Provider.java:128)
	at org.apache.maven.surefire.booter.ForkedBooter.invokeProviderInSameClassLoader(ForkedBooter.java:203)
	at org.apache.maven.surefire.booter.ForkedBooter.runSuitesInProcess(ForkedBooter.java:155)
	at org.apache.maven.surefire.booter.ForkedBooter.main(ForkedBooter.java:103)
</error>
  </testcase>
  <testcase name="test_insert_special_chain" classname="org.nutz.dao.test.normal.SimpleDaoTest" time="0">
    <error message="IocBean[dao -&gt; dataSource] throw Exception when creating" type="org.nutz.ioc.IocException">org.nutz.ioc.IocException: IocBean[dao -> dataSource] throw Exception when creating
	at org.nutz.ioc.impl.ObjectMakerImpl.make(ObjectMakerImpl.java:150)
	at org.nutz.ioc.impl.NutIoc.get(NutIoc.java:210)
	at org.nutz.ioc.val.ReferValue.get(ReferValue.java:24)
	at org.nutz.ioc.impl.ObjectMakerImpl.make(ObjectMakerImpl.java:62)
	at org.nutz.ioc.impl.NutIoc.get(NutIoc.java:210)
	at org.nutz.ioc.impl.NutIoc.get(NutIoc.java:239)
	at org.nutz.dao.test.DaoCase.setUp(DaoCase.java:22)
	at sun.reflect.GeneratedMethodAccessor23.invoke(Unknown Source)
	at sun.reflect.DelegatingMethodAccessorImpl.invoke(DelegatingMethodAccessorImpl.java:43)
	at java.lang.reflect.Method.invoke(Method.java:498)
	at org.junit.runners.model.FrameworkMethod$1.runReflectiveCall(FrameworkMethod.java:44)
	at org.junit.internal.runners.model.ReflectiveCallable.run(ReflectiveCallable.java:15)
	at org.junit.runners.model.FrameworkMethod.invokeExplosively(FrameworkMethod.java:41)
	at org.junit.internal.runners.statements.RunBefores.evaluate(RunBefores.java:27)
	at org.junit.internal.runners.statements.RunAfters.evaluate(RunAfters.java:31)
	at org.junit.runners.BlockJUnit4ClassRunner.runNotIgnored(BlockJUnit4ClassRunner.java:79)
	at org.junit.runners.BlockJUnit4ClassRunner.runChild(BlockJUnit4ClassRunner.java:71)
	at org.junit.runners.BlockJUnit4ClassRunner.runChild(BlockJUnit4ClassRunner.java:49)
	at org.junit.runners.ParentRunner$3.run(ParentRunner.java:193)
	at org.junit.runners.ParentRunner$1.schedule(ParentRunner.java:52)
	at org.junit.runners.ParentRunner.runChildren(ParentRunner.java:191)
	at org.junit.runners.ParentRunner.access$000(ParentRunner.java:42)
	at org.junit.runners.ParentRunner$2.evaluate(ParentRunner.java:184)
	at org.junit.runners.ParentRunner.run(ParentRunner.java:236)
	at org.apache.maven.surefire.junit4.JUnit4Provider.execute(JUnit4Provider.java:283)
	at org.apache.maven.surefire.junit4.JUnit4Provider.executeWithRerun(JUnit4Provider.java:173)
	at org.apache.maven.surefire.junit4.JUnit4Provider.executeTestSet(JUnit4Provider.java:153)
	at org.apache.maven.surefire.junit4.JUnit4Provider.invoke(JUnit4Provider.java:128)
	at org.apache.maven.surefire.booter.ForkedBooter.invokeProviderInSameClassLoader(ForkedBooter.java:203)
	at org.apache.maven.surefire.booter.ForkedBooter.runSuitesInProcess(ForkedBooter.java:155)
	at org.apache.maven.surefire.booter.ForkedBooter.main(ForkedBooter.java:103)
Caused by: java.lang.RuntimeException: IocBean[dataSource] fail at field=[driverClassName]
	at org.nutz.ioc.weaver.FieldInjector.inject(FieldInjector.java:40)
	at org.nutz.ioc.weaver.DefaultWeaver.fill(DefaultWeaver.java:56)
	at org.nutz.ioc.impl.ObjectMakerImpl.make(ObjectMakerImpl.java:136)
	at org.nutz.ioc.impl.NutIoc.get(NutIoc.java:210)
	at org.nutz.ioc.val.ReferValue.get(ReferValue.java:24)
	at org.nutz.ioc.impl.ObjectMakerImpl.make(ObjectMakerImpl.java:62)
	at org.nutz.ioc.impl.NutIoc.get(NutIoc.java:210)
	at org.nutz.ioc.impl.NutIoc.get(NutIoc.java:239)
	at org.nutz.dao.test.DaoCase.setUp(DaoCase.java:22)
	at sun.reflect.GeneratedMethodAccessor23.invoke(Unknown Source)
	at sun.reflect.DelegatingMethodAccessorImpl.invoke(DelegatingMethodAccessorImpl.java:43)
	at java.lang.reflect.Method.invoke(Method.java:498)
	at org.junit.runners.model.FrameworkMethod$1.runReflectiveCall(FrameworkMethod.java:44)
	at org.junit.internal.runners.model.ReflectiveCallable.run(ReflectiveCallable.java:15)
	at org.junit.runners.model.FrameworkMethod.invokeExplosively(FrameworkMethod.java:41)
	at org.junit.internal.runners.statements.RunBefores.evaluate(RunBefores.java:27)
	at org.junit.internal.runners.statements.RunAfters.evaluate(RunAfters.java:31)
	at org.junit.runners.BlockJUnit4ClassRunner.runNotIgnored(BlockJUnit4ClassRunner.java:79)
	at org.junit.runners.BlockJUnit4ClassRunner.runChild(BlockJUnit4ClassRunner.java:71)
	at org.junit.runners.BlockJUnit4ClassRunner.runChild(BlockJUnit4ClassRunner.java:49)
	at org.junit.runners.ParentRunner$3.run(ParentRunner.java:193)
	at org.junit.runners.ParentRunner$1.schedule(ParentRunner.java:52)
	at org.junit.runners.ParentRunner.runChildren(ParentRunner.java:191)
	at org.junit.runners.ParentRunner.access$000(ParentRunner.java:42)
	at org.junit.runners.ParentRunner$2.evaluate(ParentRunner.java:184)
	at org.junit.runners.ParentRunner.run(ParentRunner.java:236)
	at org.apache.maven.surefire.junit4.JUnit4Provider.execute(JUnit4Provider.java:283)
	at org.apache.maven.surefire.junit4.JUnit4Provider.executeWithRerun(JUnit4Provider.java:173)
	at org.apache.maven.surefire.junit4.JUnit4Provider.executeTestSet(JUnit4Provider.java:153)
	at org.apache.maven.surefire.junit4.JUnit4Provider.invoke(JUnit4Provider.java:128)
	at org.apache.maven.surefire.booter.ForkedBooter.invokeProviderInSameClassLoader(ForkedBooter.java:203)
	at org.apache.maven.surefire.booter.ForkedBooter.runSuitesInProcess(ForkedBooter.java:155)
	at org.apache.maven.surefire.booter.ForkedBooter.main(ForkedBooter.java:103)
Caused by: org.nutz.ioc.IocException: IocBean[config] throw Exception when creating
	at org.nutz.ioc.impl.ObjectMakerImpl.make(ObjectMakerImpl.java:150)
	at org.nutz.ioc.impl.NutIoc.get(NutIoc.java:210)
	at org.nutz.ioc.impl.NutIoc.get(NutIoc.java:239)
	at org.nutz.ioc.java.IocObjectNode.getValue(IocObjectNode.java:19)
	at org.nutz.ioc.java.ChainNode.eval(ChainNode.java:24)
	at org.nutz.ioc.java.ChainNode.eval(ChainNode.java:19)
	at org.nutz.ioc.val.JavaValue.get(JavaValue.java:69)
	at org.nutz.ioc.weaver.FieldInjector.inject(FieldInjector.java:32)
	at org.nutz.ioc.weaver.DefaultWeaver.fill(DefaultWeaver.java:56)
	at org.nutz.ioc.impl.ObjectMakerImpl.make(ObjectMakerImpl.java:136)
	at org.nutz.ioc.impl.NutIoc.get(NutIoc.java:210)
	at org.nutz.ioc.val.ReferValue.get(ReferValue.java:24)
	at org.nutz.ioc.impl.ObjectMakerImpl.make(ObjectMakerImpl.java:62)
	at org.nutz.ioc.impl.NutIoc.get(NutIoc.java:210)
	at org.nutz.ioc.impl.NutIoc.get(NutIoc.java:239)
	at org.nutz.dao.test.DaoCase.setUp(DaoCase.java:22)
	at sun.reflect.GeneratedMethodAccessor23.invoke(Unknown Source)
	at sun.reflect.DelegatingMethodAccessorImpl.invoke(DelegatingMethodAccessorImpl.java:43)
	at java.lang.reflect.Method.invoke(Method.java:498)
	at org.junit.runners.model.FrameworkMethod$1.runReflectiveCall(FrameworkMethod.java:44)
	at org.junit.internal.runners.model.ReflectiveCallable.run(ReflectiveCallable.java:15)
	at org.junit.runners.model.FrameworkMethod.invokeExplosively(FrameworkMethod.java:41)
	at org.junit.internal.runners.statements.RunBefores.evaluate(RunBefores.java:27)
	at org.junit.internal.runners.statements.RunAfters.evaluate(RunAfters.java:31)
	at org.junit.runners.BlockJUnit4ClassRunner.runNotIgnored(BlockJUnit4ClassRunner.java:79)
	at org.junit.runners.BlockJUnit4ClassRunner.runChild(BlockJUnit4ClassRunner.java:71)
	at org.junit.runners.BlockJUnit4ClassRunner.runChild(BlockJUnit4ClassRunner.java:49)
	at org.junit.runners.ParentRunner$3.run(ParentRunner.java:193)
	at org.junit.runners.ParentRunner$1.schedule(ParentRunner.java:52)
	at org.junit.runners.ParentRunner.runChildren(ParentRunner.java:191)
	at org.junit.runners.ParentRunner.access$000(ParentRunner.java:42)
	at org.junit.runners.ParentRunner$2.evaluate(ParentRunner.java:184)
	at org.junit.runners.ParentRunner.run(ParentRunner.java:236)
	at org.apache.maven.surefire.junit4.JUnit4Provider.execute(JUnit4Provider.java:283)
	at org.apache.maven.surefire.junit4.JUnit4Provider.executeWithRerun(JUnit4Provider.java:173)
	at org.apache.maven.surefire.junit4.JUnit4Provider.executeTestSet(JUnit4Provider.java:153)
	at org.apache.maven.surefire.junit4.JUnit4Provider.invoke(JUnit4Provider.java:128)
	at org.apache.maven.surefire.booter.ForkedBooter.invokeProviderInSameClassLoader(ForkedBooter.java:203)
	at org.apache.maven.surefire.booter.ForkedBooter.runSuitesInProcess(ForkedBooter.java:155)
	at org.apache.maven.surefire.booter.ForkedBooter.main(ForkedBooter.java:103)
Caused by: java.lang.RuntimeException: IocBean[config] fail at field=[paths]
	at org.nutz.ioc.weaver.FieldInjector.inject(FieldInjector.java:40)
	at org.nutz.ioc.weaver.DefaultWeaver.fill(DefaultWeaver.java:56)
	at org.nutz.ioc.impl.ObjectMakerImpl.make(ObjectMakerImpl.java:136)
	at org.nutz.ioc.impl.NutIoc.get(NutIoc.java:210)
	at org.nutz.ioc.impl.NutIoc.get(NutIoc.java:239)
	at org.nutz.ioc.java.IocObjectNode.getValue(IocObjectNode.java:19)
	at org.nutz.ioc.java.ChainNode.eval(ChainNode.java:24)
	at org.nutz.ioc.java.ChainNode.eval(ChainNode.java:19)
	at org.nutz.ioc.val.JavaValue.get(JavaValue.java:69)
	at org.nutz.ioc.weaver.FieldInjector.inject(FieldInjector.java:32)
	at org.nutz.ioc.weaver.DefaultWeaver.fill(DefaultWeaver.java:56)
	at org.nutz.ioc.impl.ObjectMakerImpl.make(ObjectMakerImpl.java:136)
	at org.nutz.ioc.impl.NutIoc.get(NutIoc.java:210)
	at org.nutz.ioc.val.ReferValue.get(ReferValue.java:24)
	at org.nutz.ioc.impl.ObjectMakerImpl.make(ObjectMakerImpl.java:62)
	at org.nutz.ioc.impl.NutIoc.get(NutIoc.java:210)
	at org.nutz.ioc.impl.NutIoc.get(NutIoc.java:239)
	at org.nutz.dao.test.DaoCase.setUp(DaoCase.java:22)
	at sun.reflect.GeneratedMethodAccessor23.invoke(Unknown Source)
	at sun.reflect.DelegatingMethodAccessorImpl.invoke(DelegatingMethodAccessorImpl.java:43)
	at java.lang.reflect.Method.invoke(Method.java:498)
	at org.junit.runners.model.FrameworkMethod$1.runReflectiveCall(FrameworkMethod.java:44)
	at org.junit.internal.runners.model.ReflectiveCallable.run(ReflectiveCallable.java:15)
	at org.junit.runners.model.FrameworkMethod.invokeExplosively(FrameworkMethod.java:41)
	at org.junit.internal.runners.statements.RunBefores.evaluate(RunBefores.java:27)
	at org.junit.internal.runners.statements.RunAfters.evaluate(RunAfters.java:31)
	at org.junit.runners.BlockJUnit4ClassRunner.runNotIgnored(BlockJUnit4ClassRunner.java:79)
	at org.junit.runners.BlockJUnit4ClassRunner.runChild(BlockJUnit4ClassRunner.java:71)
	at org.junit.runners.BlockJUnit4ClassRunner.runChild(BlockJUnit4ClassRunner.java:49)
	at org.junit.runners.ParentRunner$3.run(ParentRunner.java:193)
	at org.junit.runners.ParentRunner$1.schedule(ParentRunner.java:52)
	at org.junit.runners.ParentRunner.runChildren(ParentRunner.java:191)
	at org.junit.runners.ParentRunner.access$000(ParentRunner.java:42)
	at org.junit.runners.ParentRunner$2.evaluate(ParentRunner.java:184)
	at org.junit.runners.ParentRunner.run(ParentRunner.java:236)
	at org.apache.maven.surefire.junit4.JUnit4Provider.execute(JUnit4Provider.java:283)
	at org.apache.maven.surefire.junit4.JUnit4Provider.executeWithRerun(JUnit4Provider.java:173)
	at org.apache.maven.surefire.junit4.JUnit4Provider.executeTestSet(JUnit4Provider.java:153)
	at org.apache.maven.surefire.junit4.JUnit4Provider.invoke(JUnit4Provider.java:128)
	at org.apache.maven.surefire.booter.ForkedBooter.invokeProviderInSameClassLoader(ForkedBooter.java:203)
	at org.apache.maven.surefire.booter.ForkedBooter.runSuitesInProcess(ForkedBooter.java:155)
	at org.apache.maven.surefire.booter.ForkedBooter.main(ForkedBooter.java:103)
Caused by: java.lang.RuntimeException: Fail to set '[nutz-test.properties]'[ [Ljava.lang.String;@3c770db4 ] by setter org.nutz.ioc.impl.PropertiesProxy.'setPaths()' because [java.lang.RuntimeException: folder or file like '^.+[.]properties$' no found in nutz-test.properties]: folder or file like '^.+[.]properties$' no found in nutz-test.properties
	at org.nutz.lang.Lang.wrapThrow(Lang.java:167)
	at org.nutz.lang.inject.InjectBySetter.inject(InjectBySetter.java:62)
	at org.nutz.ioc.weaver.FieldInjector.inject(FieldInjector.java:33)
	at org.nutz.ioc.weaver.DefaultWeaver.fill(DefaultWeaver.java:56)
	at org.nutz.ioc.impl.ObjectMakerImpl.make(ObjectMakerImpl.java:136)
	at org.nutz.ioc.impl.NutIoc.get(NutIoc.java:210)
	at org.nutz.ioc.impl.NutIoc.get(NutIoc.java:239)
	at org.nutz.ioc.java.IocObjectNode.getValue(IocObjectNode.java:19)
	at org.nutz.ioc.java.ChainNode.eval(ChainNode.java:24)
	at org.nutz.ioc.java.ChainNode.eval(ChainNode.java:19)
	at org.nutz.ioc.val.JavaValue.get(JavaValue.java:69)
	at org.nutz.ioc.weaver.FieldInjector.inject(FieldInjector.java:32)
	at org.nutz.ioc.weaver.DefaultWeaver.fill(DefaultWeaver.java:56)
	at org.nutz.ioc.impl.ObjectMakerImpl.make(ObjectMakerImpl.java:136)
	at org.nutz.ioc.impl.NutIoc.get(NutIoc.java:210)
	at org.nutz.ioc.val.ReferValue.get(ReferValue.java:24)
	at org.nutz.ioc.impl.ObjectMakerImpl.make(ObjectMakerImpl.java:62)
	at org.nutz.ioc.impl.NutIoc.get(NutIoc.java:210)
	at org.nutz.ioc.impl.NutIoc.get(NutIoc.java:239)
	at org.nutz.dao.test.DaoCase.setUp(DaoCase.java:22)
	at sun.reflect.GeneratedMethodAccessor23.invoke(Unknown Source)
	at sun.reflect.DelegatingMethodAccessorImpl.invoke(DelegatingMethodAccessorImpl.java:43)
	at java.lang.reflect.Method.invoke(Method.java:498)
	at org.junit.runners.model.FrameworkMethod$1.runReflectiveCall(FrameworkMethod.java:44)
	at org.junit.internal.runners.model.ReflectiveCallable.run(ReflectiveCallable.java:15)
	at org.junit.runners.model.FrameworkMethod.invokeExplosively(FrameworkMethod.java:41)
	at org.junit.internal.runners.statements.RunBefores.evaluate(RunBefores.java:27)
	at org.junit.internal.runners.statements.RunAfters.evaluate(RunAfters.java:31)
	at org.junit.runners.BlockJUnit4ClassRunner.runNotIgnored(BlockJUnit4ClassRunner.java:79)
	at org.junit.runners.BlockJUnit4ClassRunner.runChild(BlockJUnit4ClassRunner.java:71)
	at org.junit.runners.BlockJUnit4ClassRunner.runChild(BlockJUnit4ClassRunner.java:49)
	at org.junit.runners.ParentRunner$3.run(ParentRunner.java:193)
	at org.junit.runners.ParentRunner$1.schedule(ParentRunner.java:52)
	at org.junit.runners.ParentRunner.runChildren(ParentRunner.java:191)
	at org.junit.runners.ParentRunner.access$000(ParentRunner.java:42)
	at org.junit.runners.ParentRunner$2.evaluate(ParentRunner.java:184)
	at org.junit.runners.ParentRunner.run(ParentRunner.java:236)
	at org.apache.maven.surefire.junit4.JUnit4Provider.execute(JUnit4Provider.java:283)
	at org.apache.maven.surefire.junit4.JUnit4Provider.executeWithRerun(JUnit4Provider.java:173)
	at org.apache.maven.surefire.junit4.JUnit4Provider.executeTestSet(JUnit4Provider.java:153)
	at org.apache.maven.surefire.junit4.JUnit4Provider.invoke(JUnit4Provider.java:128)
	at org.apache.maven.surefire.booter.ForkedBooter.invokeProviderInSameClassLoader(ForkedBooter.java:203)
	at org.apache.maven.surefire.booter.ForkedBooter.runSuitesInProcess(ForkedBooter.java:155)
	at org.apache.maven.surefire.booter.ForkedBooter.main(ForkedBooter.java:103)
Caused by: java.lang.RuntimeException: folder or file like '^.+[.]properties$' no found in nutz-test.properties
	at org.nutz.lang.Lang.makeThrow(Lang.java:151)
	at org.nutz.resource.Scans.loadResource(Scans.java:112)
	at org.nutz.ioc.impl.PropertiesProxy.getResources(PropertiesProxy.java:153)
	at org.nutz.ioc.impl.PropertiesProxy.setPaths(PropertiesProxy.java:109)
	at org.nutz.ioc.impl.PropertiesProxy$FM$setPaths$d0275b2b871e237a38f11859247d1599.invoke(PropertiesProxy.java)
	at org.nutz.lang.inject.InjectBySetter.inject(InjectBySetter.java:51)
	at org.nutz.ioc.weaver.FieldInjector.inject(FieldInjector.java:33)
	at org.nutz.ioc.weaver.DefaultWeaver.fill(DefaultWeaver.java:56)
	at org.nutz.ioc.impl.ObjectMakerImpl.make(ObjectMakerImpl.java:136)
	at org.nutz.ioc.impl.NutIoc.get(NutIoc.java:210)
	at org.nutz.ioc.impl.NutIoc.get(NutIoc.java:239)
	at org.nutz.ioc.java.IocObjectNode.getValue(IocObjectNode.java:19)
	at org.nutz.ioc.java.ChainNode.eval(ChainNode.java:24)
	at org.nutz.ioc.java.ChainNode.eval(ChainNode.java:19)
	at org.nutz.ioc.val.JavaValue.get(JavaValue.java:69)
	at org.nutz.ioc.weaver.FieldInjector.inject(FieldInjector.java:32)
	at org.nutz.ioc.weaver.DefaultWeaver.fill(DefaultWeaver.java:56)
	at org.nutz.ioc.impl.ObjectMakerImpl.make(ObjectMakerImpl.java:136)
	at org.nutz.ioc.impl.NutIoc.get(NutIoc.java:210)
	at org.nutz.ioc.val.ReferValue.get(ReferValue.java:24)
	at org.nutz.ioc.impl.ObjectMakerImpl.make(ObjectMakerImpl.java:62)
	at org.nutz.ioc.impl.NutIoc.get(NutIoc.java:210)
	at org.nutz.ioc.impl.NutIoc.get(NutIoc.java:239)
	at org.nutz.dao.test.DaoCase.setUp(DaoCase.java:22)
	at sun.reflect.GeneratedMethodAccessor23.invoke(Unknown Source)
	at sun.reflect.DelegatingMethodAccessorImpl.invoke(DelegatingMethodAccessorImpl.java:43)
	at java.lang.reflect.Method.invoke(Method.java:498)
	at org.junit.runners.model.FrameworkMethod$1.runReflectiveCall(FrameworkMethod.java:44)
	at org.junit.internal.runners.model.ReflectiveCallable.run(ReflectiveCallable.java:15)
	at org.junit.runners.model.FrameworkMethod.invokeExplosively(FrameworkMethod.java:41)
	at org.junit.internal.runners.statements.RunBefores.evaluate(RunBefores.java:27)
	at org.junit.internal.runners.statements.RunAfters.evaluate(RunAfters.java:31)
	at org.junit.runners.BlockJUnit4ClassRunner.runNotIgnored(BlockJUnit4ClassRunner.java:79)
	at org.junit.runners.BlockJUnit4ClassRunner.runChild(BlockJUnit4ClassRunner.java:71)
	at org.junit.runners.BlockJUnit4ClassRunner.runChild(BlockJUnit4ClassRunner.java:49)
	at org.junit.runners.ParentRunner$3.run(ParentRunner.java:193)
	at org.junit.runners.ParentRunner$1.schedule(ParentRunner.java:52)
	at org.junit.runners.ParentRunner.runChildren(ParentRunner.java:191)
	at org.junit.runners.ParentRunner.access$000(ParentRunner.java:42)
	at org.junit.runners.ParentRunner$2.evaluate(ParentRunner.java:184)
	at org.junit.runners.ParentRunner.run(ParentRunner.java:236)
	at org.apache.maven.surefire.junit4.JUnit4Provider.execute(JUnit4Provider.java:283)
	at org.apache.maven.surefire.junit4.JUnit4Provider.executeWithRerun(JUnit4Provider.java:173)
	at org.apache.maven.surefire.junit4.JUnit4Provider.executeTestSet(JUnit4Provider.java:153)
	at org.apache.maven.surefire.junit4.JUnit4Provider.invoke(JUnit4Provider.java:128)
	at org.apache.maven.surefire.booter.ForkedBooter.invokeProviderInSameClassLoader(ForkedBooter.java:203)
	at org.apache.maven.surefire.booter.ForkedBooter.runSuitesInProcess(ForkedBooter.java:155)
	at org.apache.maven.surefire.booter.ForkedBooter.main(ForkedBooter.java:103)
</error>
  </testcase>
  <testcase name="test_issue_726" classname="org.nutz.dao.test.normal.SimpleDaoTest" time="0">
    <error message="IocBean[dao -&gt; dataSource] throw Exception when creating" type="org.nutz.ioc.IocException">org.nutz.ioc.IocException: IocBean[dao -> dataSource] throw Exception when creating
	at org.nutz.ioc.impl.ObjectMakerImpl.make(ObjectMakerImpl.java:150)
	at org.nutz.ioc.impl.NutIoc.get(NutIoc.java:210)
	at org.nutz.ioc.val.ReferValue.get(ReferValue.java:24)
	at org.nutz.ioc.impl.ObjectMakerImpl.make(ObjectMakerImpl.java:62)
	at org.nutz.ioc.impl.NutIoc.get(NutIoc.java:210)
	at org.nutz.ioc.impl.NutIoc.get(NutIoc.java:239)
	at org.nutz.dao.test.DaoCase.setUp(DaoCase.java:22)
	at sun.reflect.GeneratedMethodAccessor23.invoke(Unknown Source)
	at sun.reflect.DelegatingMethodAccessorImpl.invoke(DelegatingMethodAccessorImpl.java:43)
	at java.lang.reflect.Method.invoke(Method.java:498)
	at org.junit.runners.model.FrameworkMethod$1.runReflectiveCall(FrameworkMethod.java:44)
	at org.junit.internal.runners.model.ReflectiveCallable.run(ReflectiveCallable.java:15)
	at org.junit.runners.model.FrameworkMethod.invokeExplosively(FrameworkMethod.java:41)
	at org.junit.internal.runners.statements.RunBefores.evaluate(RunBefores.java:27)
	at org.junit.internal.runners.statements.RunAfters.evaluate(RunAfters.java:31)
	at org.junit.runners.BlockJUnit4ClassRunner.runNotIgnored(BlockJUnit4ClassRunner.java:79)
	at org.junit.runners.BlockJUnit4ClassRunner.runChild(BlockJUnit4ClassRunner.java:71)
	at org.junit.runners.BlockJUnit4ClassRunner.runChild(BlockJUnit4ClassRunner.java:49)
	at org.junit.runners.ParentRunner$3.run(ParentRunner.java:193)
	at org.junit.runners.ParentRunner$1.schedule(ParentRunner.java:52)
	at org.junit.runners.ParentRunner.runChildren(ParentRunner.java:191)
	at org.junit.runners.ParentRunner.access$000(ParentRunner.java:42)
	at org.junit.runners.ParentRunner$2.evaluate(ParentRunner.java:184)
	at org.junit.runners.ParentRunner.run(ParentRunner.java:236)
	at org.apache.maven.surefire.junit4.JUnit4Provider.execute(JUnit4Provider.java:283)
	at org.apache.maven.surefire.junit4.JUnit4Provider.executeWithRerun(JUnit4Provider.java:173)
	at org.apache.maven.surefire.junit4.JUnit4Provider.executeTestSet(JUnit4Provider.java:153)
	at org.apache.maven.surefire.junit4.JUnit4Provider.invoke(JUnit4Provider.java:128)
	at org.apache.maven.surefire.booter.ForkedBooter.invokeProviderInSameClassLoader(ForkedBooter.java:203)
	at org.apache.maven.surefire.booter.ForkedBooter.runSuitesInProcess(ForkedBooter.java:155)
	at org.apache.maven.surefire.booter.ForkedBooter.main(ForkedBooter.java:103)
Caused by: java.lang.RuntimeException: IocBean[dataSource] fail at field=[driverClassName]
	at org.nutz.ioc.weaver.FieldInjector.inject(FieldInjector.java:40)
	at org.nutz.ioc.weaver.DefaultWeaver.fill(DefaultWeaver.java:56)
	at org.nutz.ioc.impl.ObjectMakerImpl.make(ObjectMakerImpl.java:136)
	at org.nutz.ioc.impl.NutIoc.get(NutIoc.java:210)
	at org.nutz.ioc.val.ReferValue.get(ReferValue.java:24)
	at org.nutz.ioc.impl.ObjectMakerImpl.make(ObjectMakerImpl.java:62)
	at org.nutz.ioc.impl.NutIoc.get(NutIoc.java:210)
	at org.nutz.ioc.impl.NutIoc.get(NutIoc.java:239)
	at org.nutz.dao.test.DaoCase.setUp(DaoCase.java:22)
	at sun.reflect.GeneratedMethodAccessor23.invoke(Unknown Source)
	at sun.reflect.DelegatingMethodAccessorImpl.invoke(DelegatingMethodAccessorImpl.java:43)
	at java.lang.reflect.Method.invoke(Method.java:498)
	at org.junit.runners.model.FrameworkMethod$1.runReflectiveCall(FrameworkMethod.java:44)
	at org.junit.internal.runners.model.ReflectiveCallable.run(ReflectiveCallable.java:15)
	at org.junit.runners.model.FrameworkMethod.invokeExplosively(FrameworkMethod.java:41)
	at org.junit.internal.runners.statements.RunBefores.evaluate(RunBefores.java:27)
	at org.junit.internal.runners.statements.RunAfters.evaluate(RunAfters.java:31)
	at org.junit.runners.BlockJUnit4ClassRunner.runNotIgnored(BlockJUnit4ClassRunner.java:79)
	at org.junit.runners.BlockJUnit4ClassRunner.runChild(BlockJUnit4ClassRunner.java:71)
	at org.junit.runners.BlockJUnit4ClassRunner.runChild(BlockJUnit4ClassRunner.java:49)
	at org.junit.runners.ParentRunner$3.run(ParentRunner.java:193)
	at org.junit.runners.ParentRunner$1.schedule(ParentRunner.java:52)
	at org.junit.runners.ParentRunner.runChildren(ParentRunner.java:191)
	at org.junit.runners.ParentRunner.access$000(ParentRunner.java:42)
	at org.junit.runners.ParentRunner$2.evaluate(ParentRunner.java:184)
	at org.junit.runners.ParentRunner.run(ParentRunner.java:236)
	at org.apache.maven.surefire.junit4.JUnit4Provider.execute(JUnit4Provider.java:283)
	at org.apache.maven.surefire.junit4.JUnit4Provider.executeWithRerun(JUnit4Provider.java:173)
	at org.apache.maven.surefire.junit4.JUnit4Provider.executeTestSet(JUnit4Provider.java:153)
	at org.apache.maven.surefire.junit4.JUnit4Provider.invoke(JUnit4Provider.java:128)
	at org.apache.maven.surefire.booter.ForkedBooter.invokeProviderInSameClassLoader(ForkedBooter.java:203)
	at org.apache.maven.surefire.booter.ForkedBooter.runSuitesInProcess(ForkedBooter.java:155)
	at org.apache.maven.surefire.booter.ForkedBooter.main(ForkedBooter.java:103)
Caused by: org.nutz.ioc.IocException: IocBean[config] throw Exception when creating
	at org.nutz.ioc.impl.ObjectMakerImpl.make(ObjectMakerImpl.java:150)
	at org.nutz.ioc.impl.NutIoc.get(NutIoc.java:210)
	at org.nutz.ioc.impl.NutIoc.get(NutIoc.java:239)
	at org.nutz.ioc.java.IocObjectNode.getValue(IocObjectNode.java:19)
	at org.nutz.ioc.java.ChainNode.eval(ChainNode.java:24)
	at org.nutz.ioc.java.ChainNode.eval(ChainNode.java:19)
	at org.nutz.ioc.val.JavaValue.get(JavaValue.java:69)
	at org.nutz.ioc.weaver.FieldInjector.inject(FieldInjector.java:32)
	at org.nutz.ioc.weaver.DefaultWeaver.fill(DefaultWeaver.java:56)
	at org.nutz.ioc.impl.ObjectMakerImpl.make(ObjectMakerImpl.java:136)
	at org.nutz.ioc.impl.NutIoc.get(NutIoc.java:210)
	at org.nutz.ioc.val.ReferValue.get(ReferValue.java:24)
	at org.nutz.ioc.impl.ObjectMakerImpl.make(ObjectMakerImpl.java:62)
	at org.nutz.ioc.impl.NutIoc.get(NutIoc.java:210)
	at org.nutz.ioc.impl.NutIoc.get(NutIoc.java:239)
	at org.nutz.dao.test.DaoCase.setUp(DaoCase.java:22)
	at sun.reflect.GeneratedMethodAccessor23.invoke(Unknown Source)
	at sun.reflect.DelegatingMethodAccessorImpl.invoke(DelegatingMethodAccessorImpl.java:43)
	at java.lang.reflect.Method.invoke(Method.java:498)
	at org.junit.runners.model.FrameworkMethod$1.runReflectiveCall(FrameworkMethod.java:44)
	at org.junit.internal.runners.model.ReflectiveCallable.run(ReflectiveCallable.java:15)
	at org.junit.runners.model.FrameworkMethod.invokeExplosively(FrameworkMethod.java:41)
	at org.junit.internal.runners.statements.RunBefores.evaluate(RunBefores.java:27)
	at org.junit.internal.runners.statements.RunAfters.evaluate(RunAfters.java:31)
	at org.junit.runners.BlockJUnit4ClassRunner.runNotIgnored(BlockJUnit4ClassRunner.java:79)
	at org.junit.runners.BlockJUnit4ClassRunner.runChild(BlockJUnit4ClassRunner.java:71)
	at org.junit.runners.BlockJUnit4ClassRunner.runChild(BlockJUnit4ClassRunner.java:49)
	at org.junit.runners.ParentRunner$3.run(ParentRunner.java:193)
	at org.junit.runners.ParentRunner$1.schedule(ParentRunner.java:52)
	at org.junit.runners.ParentRunner.runChildren(ParentRunner.java:191)
	at org.junit.runners.ParentRunner.access$000(ParentRunner.java:42)
	at org.junit.runners.ParentRunner$2.evaluate(ParentRunner.java:184)
	at org.junit.runners.ParentRunner.run(ParentRunner.java:236)
	at org.apache.maven.surefire.junit4.JUnit4Provider.execute(JUnit4Provider.java:283)
	at org.apache.maven.surefire.junit4.JUnit4Provider.executeWithRerun(JUnit4Provider.java:173)
	at org.apache.maven.surefire.junit4.JUnit4Provider.executeTestSet(JUnit4Provider.java:153)
	at org.apache.maven.surefire.junit4.JUnit4Provider.invoke(JUnit4Provider.java:128)
	at org.apache.maven.surefire.booter.ForkedBooter.invokeProviderInSameClassLoader(ForkedBooter.java:203)
	at org.apache.maven.surefire.booter.ForkedBooter.runSuitesInProcess(ForkedBooter.java:155)
	at org.apache.maven.surefire.booter.ForkedBooter.main(ForkedBooter.java:103)
Caused by: java.lang.RuntimeException: IocBean[config] fail at field=[paths]
	at org.nutz.ioc.weaver.FieldInjector.inject(FieldInjector.java:40)
	at org.nutz.ioc.weaver.DefaultWeaver.fill(DefaultWeaver.java:56)
	at org.nutz.ioc.impl.ObjectMakerImpl.make(ObjectMakerImpl.java:136)
	at org.nutz.ioc.impl.NutIoc.get(NutIoc.java:210)
	at org.nutz.ioc.impl.NutIoc.get(NutIoc.java:239)
	at org.nutz.ioc.java.IocObjectNode.getValue(IocObjectNode.java:19)
	at org.nutz.ioc.java.ChainNode.eval(ChainNode.java:24)
	at org.nutz.ioc.java.ChainNode.eval(ChainNode.java:19)
	at org.nutz.ioc.val.JavaValue.get(JavaValue.java:69)
	at org.nutz.ioc.weaver.FieldInjector.inject(FieldInjector.java:32)
	at org.nutz.ioc.weaver.DefaultWeaver.fill(DefaultWeaver.java:56)
	at org.nutz.ioc.impl.ObjectMakerImpl.make(ObjectMakerImpl.java:136)
	at org.nutz.ioc.impl.NutIoc.get(NutIoc.java:210)
	at org.nutz.ioc.val.ReferValue.get(ReferValue.java:24)
	at org.nutz.ioc.impl.ObjectMakerImpl.make(ObjectMakerImpl.java:62)
	at org.nutz.ioc.impl.NutIoc.get(NutIoc.java:210)
	at org.nutz.ioc.impl.NutIoc.get(NutIoc.java:239)
	at org.nutz.dao.test.DaoCase.setUp(DaoCase.java:22)
	at sun.reflect.GeneratedMethodAccessor23.invoke(Unknown Source)
	at sun.reflect.DelegatingMethodAccessorImpl.invoke(DelegatingMethodAccessorImpl.java:43)
	at java.lang.reflect.Method.invoke(Method.java:498)
	at org.junit.runners.model.FrameworkMethod$1.runReflectiveCall(FrameworkMethod.java:44)
	at org.junit.internal.runners.model.ReflectiveCallable.run(ReflectiveCallable.java:15)
	at org.junit.runners.model.FrameworkMethod.invokeExplosively(FrameworkMethod.java:41)
	at org.junit.internal.runners.statements.RunBefores.evaluate(RunBefores.java:27)
	at org.junit.internal.runners.statements.RunAfters.evaluate(RunAfters.java:31)
	at org.junit.runners.BlockJUnit4ClassRunner.runNotIgnored(BlockJUnit4ClassRunner.java:79)
	at org.junit.runners.BlockJUnit4ClassRunner.runChild(BlockJUnit4ClassRunner.java:71)
	at org.junit.runners.BlockJUnit4ClassRunner.runChild(BlockJUnit4ClassRunner.java:49)
	at org.junit.runners.ParentRunner$3.run(ParentRunner.java:193)
	at org.junit.runners.ParentRunner$1.schedule(ParentRunner.java:52)
	at org.junit.runners.ParentRunner.runChildren(ParentRunner.java:191)
	at org.junit.runners.ParentRunner.access$000(ParentRunner.java:42)
	at org.junit.runners.ParentRunner$2.evaluate(ParentRunner.java:184)
	at org.junit.runners.ParentRunner.run(ParentRunner.java:236)
	at org.apache.maven.surefire.junit4.JUnit4Provider.execute(JUnit4Provider.java:283)
	at org.apache.maven.surefire.junit4.JUnit4Provider.executeWithRerun(JUnit4Provider.java:173)
	at org.apache.maven.surefire.junit4.JUnit4Provider.executeTestSet(JUnit4Provider.java:153)
	at org.apache.maven.surefire.junit4.JUnit4Provider.invoke(JUnit4Provider.java:128)
	at org.apache.maven.surefire.booter.ForkedBooter.invokeProviderInSameClassLoader(ForkedBooter.java:203)
	at org.apache.maven.surefire.booter.ForkedBooter.runSuitesInProcess(ForkedBooter.java:155)
	at org.apache.maven.surefire.booter.ForkedBooter.main(ForkedBooter.java:103)
Caused by: java.lang.RuntimeException: Fail to set '[nutz-test.properties]'[ [Ljava.lang.String;@3e046e39 ] by setter org.nutz.ioc.impl.PropertiesProxy.'setPaths()' because [java.lang.RuntimeException: folder or file like '^.+[.]properties$' no found in nutz-test.properties]: folder or file like '^.+[.]properties$' no found in nutz-test.properties
	at org.nutz.lang.Lang.wrapThrow(Lang.java:167)
	at org.nutz.lang.inject.InjectBySetter.inject(InjectBySetter.java:62)
	at org.nutz.ioc.weaver.FieldInjector.inject(FieldInjector.java:33)
	at org.nutz.ioc.weaver.DefaultWeaver.fill(DefaultWeaver.java:56)
	at org.nutz.ioc.impl.ObjectMakerImpl.make(ObjectMakerImpl.java:136)
	at org.nutz.ioc.impl.NutIoc.get(NutIoc.java:210)
	at org.nutz.ioc.impl.NutIoc.get(NutIoc.java:239)
	at org.nutz.ioc.java.IocObjectNode.getValue(IocObjectNode.java:19)
	at org.nutz.ioc.java.ChainNode.eval(ChainNode.java:24)
	at org.nutz.ioc.java.ChainNode.eval(ChainNode.java:19)
	at org.nutz.ioc.val.JavaValue.get(JavaValue.java:69)
	at org.nutz.ioc.weaver.FieldInjector.inject(FieldInjector.java:32)
	at org.nutz.ioc.weaver.DefaultWeaver.fill(DefaultWeaver.java:56)
	at org.nutz.ioc.impl.ObjectMakerImpl.make(ObjectMakerImpl.java:136)
	at org.nutz.ioc.impl.NutIoc.get(NutIoc.java:210)
	at org.nutz.ioc.val.ReferValue.get(ReferValue.java:24)
	at org.nutz.ioc.impl.ObjectMakerImpl.make(ObjectMakerImpl.java:62)
	at org.nutz.ioc.impl.NutIoc.get(NutIoc.java:210)
	at org.nutz.ioc.impl.NutIoc.get(NutIoc.java:239)
	at org.nutz.dao.test.DaoCase.setUp(DaoCase.java:22)
	at sun.reflect.GeneratedMethodAccessor23.invoke(Unknown Source)
	at sun.reflect.DelegatingMethodAccessorImpl.invoke(DelegatingMethodAccessorImpl.java:43)
	at java.lang.reflect.Method.invoke(Method.java:498)
	at org.junit.runners.model.FrameworkMethod$1.runReflectiveCall(FrameworkMethod.java:44)
	at org.junit.internal.runners.model.ReflectiveCallable.run(ReflectiveCallable.java:15)
	at org.junit.runners.model.FrameworkMethod.invokeExplosively(FrameworkMethod.java:41)
	at org.junit.internal.runners.statements.RunBefores.evaluate(RunBefores.java:27)
	at org.junit.internal.runners.statements.RunAfters.evaluate(RunAfters.java:31)
	at org.junit.runners.BlockJUnit4ClassRunner.runNotIgnored(BlockJUnit4ClassRunner.java:79)
	at org.junit.runners.BlockJUnit4ClassRunner.runChild(BlockJUnit4ClassRunner.java:71)
	at org.junit.runners.BlockJUnit4ClassRunner.runChild(BlockJUnit4ClassRunner.java:49)
	at org.junit.runners.ParentRunner$3.run(ParentRunner.java:193)
	at org.junit.runners.ParentRunner$1.schedule(ParentRunner.java:52)
	at org.junit.runners.ParentRunner.runChildren(ParentRunner.java:191)
	at org.junit.runners.ParentRunner.access$000(ParentRunner.java:42)
	at org.junit.runners.ParentRunner$2.evaluate(ParentRunner.java:184)
	at org.junit.runners.ParentRunner.run(ParentRunner.java:236)
	at org.apache.maven.surefire.junit4.JUnit4Provider.execute(JUnit4Provider.java:283)
	at org.apache.maven.surefire.junit4.JUnit4Provider.executeWithRerun(JUnit4Provider.java:173)
	at org.apache.maven.surefire.junit4.JUnit4Provider.executeTestSet(JUnit4Provider.java:153)
	at org.apache.maven.surefire.junit4.JUnit4Provider.invoke(JUnit4Provider.java:128)
	at org.apache.maven.surefire.booter.ForkedBooter.invokeProviderInSameClassLoader(ForkedBooter.java:203)
	at org.apache.maven.surefire.booter.ForkedBooter.runSuitesInProcess(ForkedBooter.java:155)
	at org.apache.maven.surefire.booter.ForkedBooter.main(ForkedBooter.java:103)
Caused by: java.lang.RuntimeException: folder or file like '^.+[.]properties$' no found in nutz-test.properties
	at org.nutz.lang.Lang.makeThrow(Lang.java:151)
	at org.nutz.resource.Scans.loadResource(Scans.java:112)
	at org.nutz.ioc.impl.PropertiesProxy.getResources(PropertiesProxy.java:153)
	at org.nutz.ioc.impl.PropertiesProxy.setPaths(PropertiesProxy.java:109)
	at org.nutz.ioc.impl.PropertiesProxy$FM$setPaths$d0275b2b871e237a38f11859247d1599.invoke(PropertiesProxy.java)
	at org.nutz.lang.inject.InjectBySetter.inject(InjectBySetter.java:51)
	at org.nutz.ioc.weaver.FieldInjector.inject(FieldInjector.java:33)
	at org.nutz.ioc.weaver.DefaultWeaver.fill(DefaultWeaver.java:56)
	at org.nutz.ioc.impl.ObjectMakerImpl.make(ObjectMakerImpl.java:136)
	at org.nutz.ioc.impl.NutIoc.get(NutIoc.java:210)
	at org.nutz.ioc.impl.NutIoc.get(NutIoc.java:239)
	at org.nutz.ioc.java.IocObjectNode.getValue(IocObjectNode.java:19)
	at org.nutz.ioc.java.ChainNode.eval(ChainNode.java:24)
	at org.nutz.ioc.java.ChainNode.eval(ChainNode.java:19)
	at org.nutz.ioc.val.JavaValue.get(JavaValue.java:69)
	at org.nutz.ioc.weaver.FieldInjector.inject(FieldInjector.java:32)
	at org.nutz.ioc.weaver.DefaultWeaver.fill(DefaultWeaver.java:56)
	at org.nutz.ioc.impl.ObjectMakerImpl.make(ObjectMakerImpl.java:136)
	at org.nutz.ioc.impl.NutIoc.get(NutIoc.java:210)
	at org.nutz.ioc.val.ReferValue.get(ReferValue.java:24)
	at org.nutz.ioc.impl.ObjectMakerImpl.make(ObjectMakerImpl.java:62)
	at org.nutz.ioc.impl.NutIoc.get(NutIoc.java:210)
	at org.nutz.ioc.impl.NutIoc.get(NutIoc.java:239)
	at org.nutz.dao.test.DaoCase.setUp(DaoCase.java:22)
	at sun.reflect.GeneratedMethodAccessor23.invoke(Unknown Source)
	at sun.reflect.DelegatingMethodAccessorImpl.invoke(DelegatingMethodAccessorImpl.java:43)
	at java.lang.reflect.Method.invoke(Method.java:498)
	at org.junit.runners.model.FrameworkMethod$1.runReflectiveCall(FrameworkMethod.java:44)
	at org.junit.internal.runners.model.ReflectiveCallable.run(ReflectiveCallable.java:15)
	at org.junit.runners.model.FrameworkMethod.invokeExplosively(FrameworkMethod.java:41)
	at org.junit.internal.runners.statements.RunBefores.evaluate(RunBefores.java:27)
	at org.junit.internal.runners.statements.RunAfters.evaluate(RunAfters.java:31)
	at org.junit.runners.BlockJUnit4ClassRunner.runNotIgnored(BlockJUnit4ClassRunner.java:79)
	at org.junit.runners.BlockJUnit4ClassRunner.runChild(BlockJUnit4ClassRunner.java:71)
	at org.junit.runners.BlockJUnit4ClassRunner.runChild(BlockJUnit4ClassRunner.java:49)
	at org.junit.runners.ParentRunner$3.run(ParentRunner.java:193)
	at org.junit.runners.ParentRunner$1.schedule(ParentRunner.java:52)
	at org.junit.runners.ParentRunner.runChildren(ParentRunner.java:191)
	at org.junit.runners.ParentRunner.access$000(ParentRunner.java:42)
	at org.junit.runners.ParentRunner$2.evaluate(ParentRunner.java:184)
	at org.junit.runners.ParentRunner.run(ParentRunner.java:236)
	at org.apache.maven.surefire.junit4.JUnit4Provider.execute(JUnit4Provider.java:283)
	at org.apache.maven.surefire.junit4.JUnit4Provider.executeWithRerun(JUnit4Provider.java:173)
	at org.apache.maven.surefire.junit4.JUnit4Provider.executeTestSet(JUnit4Provider.java:153)
	at org.apache.maven.surefire.junit4.JUnit4Provider.invoke(JUnit4Provider.java:128)
	at org.apache.maven.surefire.booter.ForkedBooter.invokeProviderInSameClassLoader(ForkedBooter.java:203)
	at org.apache.maven.surefire.booter.ForkedBooter.runSuitesInProcess(ForkedBooter.java:155)
	at org.apache.maven.surefire.booter.ForkedBooter.main(ForkedBooter.java:103)
</error>
  </testcase>
  <testcase name="test_daoex_update" classname="org.nutz.dao.test.normal.SimpleDaoTest" time="0">
    <error message="IocBean[dao -&gt; dataSource] throw Exception when creating" type="org.nutz.ioc.IocException">org.nutz.ioc.IocException: IocBean[dao -> dataSource] throw Exception when creating
	at org.nutz.ioc.impl.ObjectMakerImpl.make(ObjectMakerImpl.java:150)
	at org.nutz.ioc.impl.NutIoc.get(NutIoc.java:210)
	at org.nutz.ioc.val.ReferValue.get(ReferValue.java:24)
	at org.nutz.ioc.impl.ObjectMakerImpl.make(ObjectMakerImpl.java:62)
	at org.nutz.ioc.impl.NutIoc.get(NutIoc.java:210)
	at org.nutz.ioc.impl.NutIoc.get(NutIoc.java:239)
	at org.nutz.dao.test.DaoCase.setUp(DaoCase.java:22)
	at sun.reflect.GeneratedMethodAccessor23.invoke(Unknown Source)
	at sun.reflect.DelegatingMethodAccessorImpl.invoke(DelegatingMethodAccessorImpl.java:43)
	at java.lang.reflect.Method.invoke(Method.java:498)
	at org.junit.runners.model.FrameworkMethod$1.runReflectiveCall(FrameworkMethod.java:44)
	at org.junit.internal.runners.model.ReflectiveCallable.run(ReflectiveCallable.java:15)
	at org.junit.runners.model.FrameworkMethod.invokeExplosively(FrameworkMethod.java:41)
	at org.junit.internal.runners.statements.RunBefores.evaluate(RunBefores.java:27)
	at org.junit.internal.runners.statements.RunAfters.evaluate(RunAfters.java:31)
	at org.junit.runners.BlockJUnit4ClassRunner.runNotIgnored(BlockJUnit4ClassRunner.java:79)
	at org.junit.runners.BlockJUnit4ClassRunner.runChild(BlockJUnit4ClassRunner.java:71)
	at org.junit.runners.BlockJUnit4ClassRunner.runChild(BlockJUnit4ClassRunner.java:49)
	at org.junit.runners.ParentRunner$3.run(ParentRunner.java:193)
	at org.junit.runners.ParentRunner$1.schedule(ParentRunner.java:52)
	at org.junit.runners.ParentRunner.runChildren(ParentRunner.java:191)
	at org.junit.runners.ParentRunner.access$000(ParentRunner.java:42)
	at org.junit.runners.ParentRunner$2.evaluate(ParentRunner.java:184)
	at org.junit.runners.ParentRunner.run(ParentRunner.java:236)
	at org.apache.maven.surefire.junit4.JUnit4Provider.execute(JUnit4Provider.java:283)
	at org.apache.maven.surefire.junit4.JUnit4Provider.executeWithRerun(JUnit4Provider.java:173)
	at org.apache.maven.surefire.junit4.JUnit4Provider.executeTestSet(JUnit4Provider.java:153)
	at org.apache.maven.surefire.junit4.JUnit4Provider.invoke(JUnit4Provider.java:128)
	at org.apache.maven.surefire.booter.ForkedBooter.invokeProviderInSameClassLoader(ForkedBooter.java:203)
	at org.apache.maven.surefire.booter.ForkedBooter.runSuitesInProcess(ForkedBooter.java:155)
	at org.apache.maven.surefire.booter.ForkedBooter.main(ForkedBooter.java:103)
Caused by: java.lang.RuntimeException: IocBean[dataSource] fail at field=[driverClassName]
	at org.nutz.ioc.weaver.FieldInjector.inject(FieldInjector.java:40)
	at org.nutz.ioc.weaver.DefaultWeaver.fill(DefaultWeaver.java:56)
	at org.nutz.ioc.impl.ObjectMakerImpl.make(ObjectMakerImpl.java:136)
	at org.nutz.ioc.impl.NutIoc.get(NutIoc.java:210)
	at org.nutz.ioc.val.ReferValue.get(ReferValue.java:24)
	at org.nutz.ioc.impl.ObjectMakerImpl.make(ObjectMakerImpl.java:62)
	at org.nutz.ioc.impl.NutIoc.get(NutIoc.java:210)
	at org.nutz.ioc.impl.NutIoc.get(NutIoc.java:239)
	at org.nutz.dao.test.DaoCase.setUp(DaoCase.java:22)
	at sun.reflect.GeneratedMethodAccessor23.invoke(Unknown Source)
	at sun.reflect.DelegatingMethodAccessorImpl.invoke(DelegatingMethodAccessorImpl.java:43)
	at java.lang.reflect.Method.invoke(Method.java:498)
	at org.junit.runners.model.FrameworkMethod$1.runReflectiveCall(FrameworkMethod.java:44)
	at org.junit.internal.runners.model.ReflectiveCallable.run(ReflectiveCallable.java:15)
	at org.junit.runners.model.FrameworkMethod.invokeExplosively(FrameworkMethod.java:41)
	at org.junit.internal.runners.statements.RunBefores.evaluate(RunBefores.java:27)
	at org.junit.internal.runners.statements.RunAfters.evaluate(RunAfters.java:31)
	at org.junit.runners.BlockJUnit4ClassRunner.runNotIgnored(BlockJUnit4ClassRunner.java:79)
	at org.junit.runners.BlockJUnit4ClassRunner.runChild(BlockJUnit4ClassRunner.java:71)
	at org.junit.runners.BlockJUnit4ClassRunner.runChild(BlockJUnit4ClassRunner.java:49)
	at org.junit.runners.ParentRunner$3.run(ParentRunner.java:193)
	at org.junit.runners.ParentRunner$1.schedule(ParentRunner.java:52)
	at org.junit.runners.ParentRunner.runChildren(ParentRunner.java:191)
	at org.junit.runners.ParentRunner.access$000(ParentRunner.java:42)
	at org.junit.runners.ParentRunner$2.evaluate(ParentRunner.java:184)
	at org.junit.runners.ParentRunner.run(ParentRunner.java:236)
	at org.apache.maven.surefire.junit4.JUnit4Provider.execute(JUnit4Provider.java:283)
	at org.apache.maven.surefire.junit4.JUnit4Provider.executeWithRerun(JUnit4Provider.java:173)
	at org.apache.maven.surefire.junit4.JUnit4Provider.executeTestSet(JUnit4Provider.java:153)
	at org.apache.maven.surefire.junit4.JUnit4Provider.invoke(JUnit4Provider.java:128)
	at org.apache.maven.surefire.booter.ForkedBooter.invokeProviderInSameClassLoader(ForkedBooter.java:203)
	at org.apache.maven.surefire.booter.ForkedBooter.runSuitesInProcess(ForkedBooter.java:155)
	at org.apache.maven.surefire.booter.ForkedBooter.main(ForkedBooter.java:103)
Caused by: org.nutz.ioc.IocException: IocBean[config] throw Exception when creating
	at org.nutz.ioc.impl.ObjectMakerImpl.make(ObjectMakerImpl.java:150)
	at org.nutz.ioc.impl.NutIoc.get(NutIoc.java:210)
	at org.nutz.ioc.impl.NutIoc.get(NutIoc.java:239)
	at org.nutz.ioc.java.IocObjectNode.getValue(IocObjectNode.java:19)
	at org.nutz.ioc.java.ChainNode.eval(ChainNode.java:24)
	at org.nutz.ioc.java.ChainNode.eval(ChainNode.java:19)
	at org.nutz.ioc.val.JavaValue.get(JavaValue.java:69)
	at org.nutz.ioc.weaver.FieldInjector.inject(FieldInjector.java:32)
	at org.nutz.ioc.weaver.DefaultWeaver.fill(DefaultWeaver.java:56)
	at org.nutz.ioc.impl.ObjectMakerImpl.make(ObjectMakerImpl.java:136)
	at org.nutz.ioc.impl.NutIoc.get(NutIoc.java:210)
	at org.nutz.ioc.val.ReferValue.get(ReferValue.java:24)
	at org.nutz.ioc.impl.ObjectMakerImpl.make(ObjectMakerImpl.java:62)
	at org.nutz.ioc.impl.NutIoc.get(NutIoc.java:210)
	at org.nutz.ioc.impl.NutIoc.get(NutIoc.java:239)
	at org.nutz.dao.test.DaoCase.setUp(DaoCase.java:22)
	at sun.reflect.GeneratedMethodAccessor23.invoke(Unknown Source)
	at sun.reflect.DelegatingMethodAccessorImpl.invoke(DelegatingMethodAccessorImpl.java:43)
	at java.lang.reflect.Method.invoke(Method.java:498)
	at org.junit.runners.model.FrameworkMethod$1.runReflectiveCall(FrameworkMethod.java:44)
	at org.junit.internal.runners.model.ReflectiveCallable.run(ReflectiveCallable.java:15)
	at org.junit.runners.model.FrameworkMethod.invokeExplosively(FrameworkMethod.java:41)
	at org.junit.internal.runners.statements.RunBefores.evaluate(RunBefores.java:27)
	at org.junit.internal.runners.statements.RunAfters.evaluate(RunAfters.java:31)
	at org.junit.runners.BlockJUnit4ClassRunner.runNotIgnored(BlockJUnit4ClassRunner.java:79)
	at org.junit.runners.BlockJUnit4ClassRunner.runChild(BlockJUnit4ClassRunner.java:71)
	at org.junit.runners.BlockJUnit4ClassRunner.runChild(BlockJUnit4ClassRunner.java:49)
	at org.junit.runners.ParentRunner$3.run(ParentRunner.java:193)
	at org.junit.runners.ParentRunner$1.schedule(ParentRunner.java:52)
	at org.junit.runners.ParentRunner.runChildren(ParentRunner.java:191)
	at org.junit.runners.ParentRunner.access$000(ParentRunner.java:42)
	at org.junit.runners.ParentRunner$2.evaluate(ParentRunner.java:184)
	at org.junit.runners.ParentRunner.run(ParentRunner.java:236)
	at org.apache.maven.surefire.junit4.JUnit4Provider.execute(JUnit4Provider.java:283)
	at org.apache.maven.surefire.junit4.JUnit4Provider.executeWithRerun(JUnit4Provider.java:173)
	at org.apache.maven.surefire.junit4.JUnit4Provider.executeTestSet(JUnit4Provider.java:153)
	at org.apache.maven.surefire.junit4.JUnit4Provider.invoke(JUnit4Provider.java:128)
	at org.apache.maven.surefire.booter.ForkedBooter.invokeProviderInSameClassLoader(ForkedBooter.java:203)
	at org.apache.maven.surefire.booter.ForkedBooter.runSuitesInProcess(ForkedBooter.java:155)
	at org.apache.maven.surefire.booter.ForkedBooter.main(ForkedBooter.java:103)
Caused by: java.lang.RuntimeException: IocBean[config] fail at field=[paths]
	at org.nutz.ioc.weaver.FieldInjector.inject(FieldInjector.java:40)
	at org.nutz.ioc.weaver.DefaultWeaver.fill(DefaultWeaver.java:56)
	at org.nutz.ioc.impl.ObjectMakerImpl.make(ObjectMakerImpl.java:136)
	at org.nutz.ioc.impl.NutIoc.get(NutIoc.java:210)
	at org.nutz.ioc.impl.NutIoc.get(NutIoc.java:239)
	at org.nutz.ioc.java.IocObjectNode.getValue(IocObjectNode.java:19)
	at org.nutz.ioc.java.ChainNode.eval(ChainNode.java:24)
	at org.nutz.ioc.java.ChainNode.eval(ChainNode.java:19)
	at org.nutz.ioc.val.JavaValue.get(JavaValue.java:69)
	at org.nutz.ioc.weaver.FieldInjector.inject(FieldInjector.java:32)
	at org.nutz.ioc.weaver.DefaultWeaver.fill(DefaultWeaver.java:56)
	at org.nutz.ioc.impl.ObjectMakerImpl.make(ObjectMakerImpl.java:136)
	at org.nutz.ioc.impl.NutIoc.get(NutIoc.java:210)
	at org.nutz.ioc.val.ReferValue.get(ReferValue.java:24)
	at org.nutz.ioc.impl.ObjectMakerImpl.make(ObjectMakerImpl.java:62)
	at org.nutz.ioc.impl.NutIoc.get(NutIoc.java:210)
	at org.nutz.ioc.impl.NutIoc.get(NutIoc.java:239)
	at org.nutz.dao.test.DaoCase.setUp(DaoCase.java:22)
	at sun.reflect.GeneratedMethodAccessor23.invoke(Unknown Source)
	at sun.reflect.DelegatingMethodAccessorImpl.invoke(DelegatingMethodAccessorImpl.java:43)
	at java.lang.reflect.Method.invoke(Method.java:498)
	at org.junit.runners.model.FrameworkMethod$1.runReflectiveCall(FrameworkMethod.java:44)
	at org.junit.internal.runners.model.ReflectiveCallable.run(ReflectiveCallable.java:15)
	at org.junit.runners.model.FrameworkMethod.invokeExplosively(FrameworkMethod.java:41)
	at org.junit.internal.runners.statements.RunBefores.evaluate(RunBefores.java:27)
	at org.junit.internal.runners.statements.RunAfters.evaluate(RunAfters.java:31)
	at org.junit.runners.BlockJUnit4ClassRunner.runNotIgnored(BlockJUnit4ClassRunner.java:79)
	at org.junit.runners.BlockJUnit4ClassRunner.runChild(BlockJUnit4ClassRunner.java:71)
	at org.junit.runners.BlockJUnit4ClassRunner.runChild(BlockJUnit4ClassRunner.java:49)
	at org.junit.runners.ParentRunner$3.run(ParentRunner.java:193)
	at org.junit.runners.ParentRunner$1.schedule(ParentRunner.java:52)
	at org.junit.runners.ParentRunner.runChildren(ParentRunner.java:191)
	at org.junit.runners.ParentRunner.access$000(ParentRunner.java:42)
	at org.junit.runners.ParentRunner$2.evaluate(ParentRunner.java:184)
	at org.junit.runners.ParentRunner.run(ParentRunner.java:236)
	at org.apache.maven.surefire.junit4.JUnit4Provider.execute(JUnit4Provider.java:283)
	at org.apache.maven.surefire.junit4.JUnit4Provider.executeWithRerun(JUnit4Provider.java:173)
	at org.apache.maven.surefire.junit4.JUnit4Provider.executeTestSet(JUnit4Provider.java:153)
	at org.apache.maven.surefire.junit4.JUnit4Provider.invoke(JUnit4Provider.java:128)
	at org.apache.maven.surefire.booter.ForkedBooter.invokeProviderInSameClassLoader(ForkedBooter.java:203)
	at org.apache.maven.surefire.booter.ForkedBooter.runSuitesInProcess(ForkedBooter.java:155)
	at org.apache.maven.surefire.booter.ForkedBooter.main(ForkedBooter.java:103)
Caused by: java.lang.RuntimeException: Fail to set '[nutz-test.properties]'[ [Ljava.lang.String;@61cda923 ] by setter org.nutz.ioc.impl.PropertiesProxy.'setPaths()' because [java.lang.RuntimeException: folder or file like '^.+[.]properties$' no found in nutz-test.properties]: folder or file like '^.+[.]properties$' no found in nutz-test.properties
	at org.nutz.lang.Lang.wrapThrow(Lang.java:167)
	at org.nutz.lang.inject.InjectBySetter.inject(InjectBySetter.java:62)
	at org.nutz.ioc.weaver.FieldInjector.inject(FieldInjector.java:33)
	at org.nutz.ioc.weaver.DefaultWeaver.fill(DefaultWeaver.java:56)
	at org.nutz.ioc.impl.ObjectMakerImpl.make(ObjectMakerImpl.java:136)
	at org.nutz.ioc.impl.NutIoc.get(NutIoc.java:210)
	at org.nutz.ioc.impl.NutIoc.get(NutIoc.java:239)
	at org.nutz.ioc.java.IocObjectNode.getValue(IocObjectNode.java:19)
	at org.nutz.ioc.java.ChainNode.eval(ChainNode.java:24)
	at org.nutz.ioc.java.ChainNode.eval(ChainNode.java:19)
	at org.nutz.ioc.val.JavaValue.get(JavaValue.java:69)
	at org.nutz.ioc.weaver.FieldInjector.inject(FieldInjector.java:32)
	at org.nutz.ioc.weaver.DefaultWeaver.fill(DefaultWeaver.java:56)
	at org.nutz.ioc.impl.ObjectMakerImpl.make(ObjectMakerImpl.java:136)
	at org.nutz.ioc.impl.NutIoc.get(NutIoc.java:210)
	at org.nutz.ioc.val.ReferValue.get(ReferValue.java:24)
	at org.nutz.ioc.impl.ObjectMakerImpl.make(ObjectMakerImpl.java:62)
	at org.nutz.ioc.impl.NutIoc.get(NutIoc.java:210)
	at org.nutz.ioc.impl.NutIoc.get(NutIoc.java:239)
	at org.nutz.dao.test.DaoCase.setUp(DaoCase.java:22)
	at sun.reflect.GeneratedMethodAccessor23.invoke(Unknown Source)
	at sun.reflect.DelegatingMethodAccessorImpl.invoke(DelegatingMethodAccessorImpl.java:43)
	at java.lang.reflect.Method.invoke(Method.java:498)
	at org.junit.runners.model.FrameworkMethod$1.runReflectiveCall(FrameworkMethod.java:44)
	at org.junit.internal.runners.model.ReflectiveCallable.run(ReflectiveCallable.java:15)
	at org.junit.runners.model.FrameworkMethod.invokeExplosively(FrameworkMethod.java:41)
	at org.junit.internal.runners.statements.RunBefores.evaluate(RunBefores.java:27)
	at org.junit.internal.runners.statements.RunAfters.evaluate(RunAfters.java:31)
	at org.junit.runners.BlockJUnit4ClassRunner.runNotIgnored(BlockJUnit4ClassRunner.java:79)
	at org.junit.runners.BlockJUnit4ClassRunner.runChild(BlockJUnit4ClassRunner.java:71)
	at org.junit.runners.BlockJUnit4ClassRunner.runChild(BlockJUnit4ClassRunner.java:49)
	at org.junit.runners.ParentRunner$3.run(ParentRunner.java:193)
	at org.junit.runners.ParentRunner$1.schedule(ParentRunner.java:52)
	at org.junit.runners.ParentRunner.runChildren(ParentRunner.java:191)
	at org.junit.runners.ParentRunner.access$000(ParentRunner.java:42)
	at org.junit.runners.ParentRunner$2.evaluate(ParentRunner.java:184)
	at org.junit.runners.ParentRunner.run(ParentRunner.java:236)
	at org.apache.maven.surefire.junit4.JUnit4Provider.execute(JUnit4Provider.java:283)
	at org.apache.maven.surefire.junit4.JUnit4Provider.executeWithRerun(JUnit4Provider.java:173)
	at org.apache.maven.surefire.junit4.JUnit4Provider.executeTestSet(JUnit4Provider.java:153)
	at org.apache.maven.surefire.junit4.JUnit4Provider.invoke(JUnit4Provider.java:128)
	at org.apache.maven.surefire.booter.ForkedBooter.invokeProviderInSameClassLoader(ForkedBooter.java:203)
	at org.apache.maven.surefire.booter.ForkedBooter.runSuitesInProcess(ForkedBooter.java:155)
	at org.apache.maven.surefire.booter.ForkedBooter.main(ForkedBooter.java:103)
Caused by: java.lang.RuntimeException: folder or file like '^.+[.]properties$' no found in nutz-test.properties
	at org.nutz.lang.Lang.makeThrow(Lang.java:151)
	at org.nutz.resource.Scans.loadResource(Scans.java:112)
	at org.nutz.ioc.impl.PropertiesProxy.getResources(PropertiesProxy.java:153)
	at org.nutz.ioc.impl.PropertiesProxy.setPaths(PropertiesProxy.java:109)
	at org.nutz.ioc.impl.PropertiesProxy$FM$setPaths$d0275b2b871e237a38f11859247d1599.invoke(PropertiesProxy.java)
	at org.nutz.lang.inject.InjectBySetter.inject(InjectBySetter.java:51)
	at org.nutz.ioc.weaver.FieldInjector.inject(FieldInjector.java:33)
	at org.nutz.ioc.weaver.DefaultWeaver.fill(DefaultWeaver.java:56)
	at org.nutz.ioc.impl.ObjectMakerImpl.make(ObjectMakerImpl.java:136)
	at org.nutz.ioc.impl.NutIoc.get(NutIoc.java:210)
	at org.nutz.ioc.impl.NutIoc.get(NutIoc.java:239)
	at org.nutz.ioc.java.IocObjectNode.getValue(IocObjectNode.java:19)
	at org.nutz.ioc.java.ChainNode.eval(ChainNode.java:24)
	at org.nutz.ioc.java.ChainNode.eval(ChainNode.java:19)
	at org.nutz.ioc.val.JavaValue.get(JavaValue.java:69)
	at org.nutz.ioc.weaver.FieldInjector.inject(FieldInjector.java:32)
	at org.nutz.ioc.weaver.DefaultWeaver.fill(DefaultWeaver.java:56)
	at org.nutz.ioc.impl.ObjectMakerImpl.make(ObjectMakerImpl.java:136)
	at org.nutz.ioc.impl.NutIoc.get(NutIoc.java:210)
	at org.nutz.ioc.val.ReferValue.get(ReferValue.java:24)
	at org.nutz.ioc.impl.ObjectMakerImpl.make(ObjectMakerImpl.java:62)
	at org.nutz.ioc.impl.NutIoc.get(NutIoc.java:210)
	at org.nutz.ioc.impl.NutIoc.get(NutIoc.java:239)
	at org.nutz.dao.test.DaoCase.setUp(DaoCase.java:22)
	at sun.reflect.GeneratedMethodAccessor23.invoke(Unknown Source)
	at sun.reflect.DelegatingMethodAccessorImpl.invoke(DelegatingMethodAccessorImpl.java:43)
	at java.lang.reflect.Method.invoke(Method.java:498)
	at org.junit.runners.model.FrameworkMethod$1.runReflectiveCall(FrameworkMethod.java:44)
	at org.junit.internal.runners.model.ReflectiveCallable.run(ReflectiveCallable.java:15)
	at org.junit.runners.model.FrameworkMethod.invokeExplosively(FrameworkMethod.java:41)
	at org.junit.internal.runners.statements.RunBefores.evaluate(RunBefores.java:27)
	at org.junit.internal.runners.statements.RunAfters.evaluate(RunAfters.java:31)
	at org.junit.runners.BlockJUnit4ClassRunner.runNotIgnored(BlockJUnit4ClassRunner.java:79)
	at org.junit.runners.BlockJUnit4ClassRunner.runChild(BlockJUnit4ClassRunner.java:71)
	at org.junit.runners.BlockJUnit4ClassRunner.runChild(BlockJUnit4ClassRunner.java:49)
	at org.junit.runners.ParentRunner$3.run(ParentRunner.java:193)
	at org.junit.runners.ParentRunner$1.schedule(ParentRunner.java:52)
	at org.junit.runners.ParentRunner.runChildren(ParentRunner.java:191)
	at org.junit.runners.ParentRunner.access$000(ParentRunner.java:42)
	at org.junit.runners.ParentRunner$2.evaluate(ParentRunner.java:184)
	at org.junit.runners.ParentRunner.run(ParentRunner.java:236)
	at org.apache.maven.surefire.junit4.JUnit4Provider.execute(JUnit4Provider.java:283)
	at org.apache.maven.surefire.junit4.JUnit4Provider.executeWithRerun(JUnit4Provider.java:173)
	at org.apache.maven.surefire.junit4.JUnit4Provider.executeTestSet(JUnit4Provider.java:153)
	at org.apache.maven.surefire.junit4.JUnit4Provider.invoke(JUnit4Provider.java:128)
	at org.apache.maven.surefire.booter.ForkedBooter.invokeProviderInSameClassLoader(ForkedBooter.java:203)
	at org.apache.maven.surefire.booter.ForkedBooter.runSuitesInProcess(ForkedBooter.java:155)
	at org.apache.maven.surefire.booter.ForkedBooter.main(ForkedBooter.java:103)
</error>
  </testcase>
  <testcase name="test_bean_uuid" classname="org.nutz.dao.test.normal.SimpleDaoTest" time="0">
    <error message="IocBean[dao -&gt; dataSource] throw Exception when creating" type="org.nutz.ioc.IocException">org.nutz.ioc.IocException: IocBean[dao -> dataSource] throw Exception when creating
	at org.nutz.ioc.impl.ObjectMakerImpl.make(ObjectMakerImpl.java:150)
	at org.nutz.ioc.impl.NutIoc.get(NutIoc.java:210)
	at org.nutz.ioc.val.ReferValue.get(ReferValue.java:24)
	at org.nutz.ioc.impl.ObjectMakerImpl.make(ObjectMakerImpl.java:62)
	at org.nutz.ioc.impl.NutIoc.get(NutIoc.java:210)
	at org.nutz.ioc.impl.NutIoc.get(NutIoc.java:239)
	at org.nutz.dao.test.DaoCase.setUp(DaoCase.java:22)
	at sun.reflect.GeneratedMethodAccessor23.invoke(Unknown Source)
	at sun.reflect.DelegatingMethodAccessorImpl.invoke(DelegatingMethodAccessorImpl.java:43)
	at java.lang.reflect.Method.invoke(Method.java:498)
	at org.junit.runners.model.FrameworkMethod$1.runReflectiveCall(FrameworkMethod.java:44)
	at org.junit.internal.runners.model.ReflectiveCallable.run(ReflectiveCallable.java:15)
	at org.junit.runners.model.FrameworkMethod.invokeExplosively(FrameworkMethod.java:41)
	at org.junit.internal.runners.statements.RunBefores.evaluate(RunBefores.java:27)
	at org.junit.internal.runners.statements.RunAfters.evaluate(RunAfters.java:31)
	at org.junit.runners.BlockJUnit4ClassRunner.runNotIgnored(BlockJUnit4ClassRunner.java:79)
	at org.junit.runners.BlockJUnit4ClassRunner.runChild(BlockJUnit4ClassRunner.java:71)
	at org.junit.runners.BlockJUnit4ClassRunner.runChild(BlockJUnit4ClassRunner.java:49)
	at org.junit.runners.ParentRunner$3.run(ParentRunner.java:193)
	at org.junit.runners.ParentRunner$1.schedule(ParentRunner.java:52)
	at org.junit.runners.ParentRunner.runChildren(ParentRunner.java:191)
	at org.junit.runners.ParentRunner.access$000(ParentRunner.java:42)
	at org.junit.runners.ParentRunner$2.evaluate(ParentRunner.java:184)
	at org.junit.runners.ParentRunner.run(ParentRunner.java:236)
	at org.apache.maven.surefire.junit4.JUnit4Provider.execute(JUnit4Provider.java:283)
	at org.apache.maven.surefire.junit4.JUnit4Provider.executeWithRerun(JUnit4Provider.java:173)
	at org.apache.maven.surefire.junit4.JUnit4Provider.executeTestSet(JUnit4Provider.java:153)
	at org.apache.maven.surefire.junit4.JUnit4Provider.invoke(JUnit4Provider.java:128)
	at org.apache.maven.surefire.booter.ForkedBooter.invokeProviderInSameClassLoader(ForkedBooter.java:203)
	at org.apache.maven.surefire.booter.ForkedBooter.runSuitesInProcess(ForkedBooter.java:155)
	at org.apache.maven.surefire.booter.ForkedBooter.main(ForkedBooter.java:103)
Caused by: java.lang.RuntimeException: IocBean[dataSource] fail at field=[driverClassName]
	at org.nutz.ioc.weaver.FieldInjector.inject(FieldInjector.java:40)
	at org.nutz.ioc.weaver.DefaultWeaver.fill(DefaultWeaver.java:56)
	at org.nutz.ioc.impl.ObjectMakerImpl.make(ObjectMakerImpl.java:136)
	at org.nutz.ioc.impl.NutIoc.get(NutIoc.java:210)
	at org.nutz.ioc.val.ReferValue.get(ReferValue.java:24)
	at org.nutz.ioc.impl.ObjectMakerImpl.make(ObjectMakerImpl.java:62)
	at org.nutz.ioc.impl.NutIoc.get(NutIoc.java:210)
	at org.nutz.ioc.impl.NutIoc.get(NutIoc.java:239)
	at org.nutz.dao.test.DaoCase.setUp(DaoCase.java:22)
	at sun.reflect.GeneratedMethodAccessor23.invoke(Unknown Source)
	at sun.reflect.DelegatingMethodAccessorImpl.invoke(DelegatingMethodAccessorImpl.java:43)
	at java.lang.reflect.Method.invoke(Method.java:498)
	at org.junit.runners.model.FrameworkMethod$1.runReflectiveCall(FrameworkMethod.java:44)
	at org.junit.internal.runners.model.ReflectiveCallable.run(ReflectiveCallable.java:15)
	at org.junit.runners.model.FrameworkMethod.invokeExplosively(FrameworkMethod.java:41)
	at org.junit.internal.runners.statements.RunBefores.evaluate(RunBefores.java:27)
	at org.junit.internal.runners.statements.RunAfters.evaluate(RunAfters.java:31)
	at org.junit.runners.BlockJUnit4ClassRunner.runNotIgnored(BlockJUnit4ClassRunner.java:79)
	at org.junit.runners.BlockJUnit4ClassRunner.runChild(BlockJUnit4ClassRunner.java:71)
	at org.junit.runners.BlockJUnit4ClassRunner.runChild(BlockJUnit4ClassRunner.java:49)
	at org.junit.runners.ParentRunner$3.run(ParentRunner.java:193)
	at org.junit.runners.ParentRunner$1.schedule(ParentRunner.java:52)
	at org.junit.runners.ParentRunner.runChildren(ParentRunner.java:191)
	at org.junit.runners.ParentRunner.access$000(ParentRunner.java:42)
	at org.junit.runners.ParentRunner$2.evaluate(ParentRunner.java:184)
	at org.junit.runners.ParentRunner.run(ParentRunner.java:236)
	at org.apache.maven.surefire.junit4.JUnit4Provider.execute(JUnit4Provider.java:283)
	at org.apache.maven.surefire.junit4.JUnit4Provider.executeWithRerun(JUnit4Provider.java:173)
	at org.apache.maven.surefire.junit4.JUnit4Provider.executeTestSet(JUnit4Provider.java:153)
	at org.apache.maven.surefire.junit4.JUnit4Provider.invoke(JUnit4Provider.java:128)
	at org.apache.maven.surefire.booter.ForkedBooter.invokeProviderInSameClassLoader(ForkedBooter.java:203)
	at org.apache.maven.surefire.booter.ForkedBooter.runSuitesInProcess(ForkedBooter.java:155)
	at org.apache.maven.surefire.booter.ForkedBooter.main(ForkedBooter.java:103)
Caused by: org.nutz.ioc.IocException: IocBean[config] throw Exception when creating
	at org.nutz.ioc.impl.ObjectMakerImpl.make(ObjectMakerImpl.java:150)
	at org.nutz.ioc.impl.NutIoc.get(NutIoc.java:210)
	at org.nutz.ioc.impl.NutIoc.get(NutIoc.java:239)
	at org.nutz.ioc.java.IocObjectNode.getValue(IocObjectNode.java:19)
	at org.nutz.ioc.java.ChainNode.eval(ChainNode.java:24)
	at org.nutz.ioc.java.ChainNode.eval(ChainNode.java:19)
	at org.nutz.ioc.val.JavaValue.get(JavaValue.java:69)
	at org.nutz.ioc.weaver.FieldInjector.inject(FieldInjector.java:32)
	at org.nutz.ioc.weaver.DefaultWeaver.fill(DefaultWeaver.java:56)
	at org.nutz.ioc.impl.ObjectMakerImpl.make(ObjectMakerImpl.java:136)
	at org.nutz.ioc.impl.NutIoc.get(NutIoc.java:210)
	at org.nutz.ioc.val.ReferValue.get(ReferValue.java:24)
	at org.nutz.ioc.impl.ObjectMakerImpl.make(ObjectMakerImpl.java:62)
	at org.nutz.ioc.impl.NutIoc.get(NutIoc.java:210)
	at org.nutz.ioc.impl.NutIoc.get(NutIoc.java:239)
	at org.nutz.dao.test.DaoCase.setUp(DaoCase.java:22)
	at sun.reflect.GeneratedMethodAccessor23.invoke(Unknown Source)
	at sun.reflect.DelegatingMethodAccessorImpl.invoke(DelegatingMethodAccessorImpl.java:43)
	at java.lang.reflect.Method.invoke(Method.java:498)
	at org.junit.runners.model.FrameworkMethod$1.runReflectiveCall(FrameworkMethod.java:44)
	at org.junit.internal.runners.model.ReflectiveCallable.run(ReflectiveCallable.java:15)
	at org.junit.runners.model.FrameworkMethod.invokeExplosively(FrameworkMethod.java:41)
	at org.junit.internal.runners.statements.RunBefores.evaluate(RunBefores.java:27)
	at org.junit.internal.runners.statements.RunAfters.evaluate(RunAfters.java:31)
	at org.junit.runners.BlockJUnit4ClassRunner.runNotIgnored(BlockJUnit4ClassRunner.java:79)
	at org.junit.runners.BlockJUnit4ClassRunner.runChild(BlockJUnit4ClassRunner.java:71)
	at org.junit.runners.BlockJUnit4ClassRunner.runChild(BlockJUnit4ClassRunner.java:49)
	at org.junit.runners.ParentRunner$3.run(ParentRunner.java:193)
	at org.junit.runners.ParentRunner$1.schedule(ParentRunner.java:52)
	at org.junit.runners.ParentRunner.runChildren(ParentRunner.java:191)
	at org.junit.runners.ParentRunner.access$000(ParentRunner.java:42)
	at org.junit.runners.ParentRunner$2.evaluate(ParentRunner.java:184)
	at org.junit.runners.ParentRunner.run(ParentRunner.java:236)
	at org.apache.maven.surefire.junit4.JUnit4Provider.execute(JUnit4Provider.java:283)
	at org.apache.maven.surefire.junit4.JUnit4Provider.executeWithRerun(JUnit4Provider.java:173)
	at org.apache.maven.surefire.junit4.JUnit4Provider.executeTestSet(JUnit4Provider.java:153)
	at org.apache.maven.surefire.junit4.JUnit4Provider.invoke(JUnit4Provider.java:128)
	at org.apache.maven.surefire.booter.ForkedBooter.invokeProviderInSameClassLoader(ForkedBooter.java:203)
	at org.apache.maven.surefire.booter.ForkedBooter.runSuitesInProcess(ForkedBooter.java:155)
	at org.apache.maven.surefire.booter.ForkedBooter.main(ForkedBooter.java:103)
Caused by: java.lang.RuntimeException: IocBean[config] fail at field=[paths]
	at org.nutz.ioc.weaver.FieldInjector.inject(FieldInjector.java:40)
	at org.nutz.ioc.weaver.DefaultWeaver.fill(DefaultWeaver.java:56)
	at org.nutz.ioc.impl.ObjectMakerImpl.make(ObjectMakerImpl.java:136)
	at org.nutz.ioc.impl.NutIoc.get(NutIoc.java:210)
	at org.nutz.ioc.impl.NutIoc.get(NutIoc.java:239)
	at org.nutz.ioc.java.IocObjectNode.getValue(IocObjectNode.java:19)
	at org.nutz.ioc.java.ChainNode.eval(ChainNode.java:24)
	at org.nutz.ioc.java.ChainNode.eval(ChainNode.java:19)
	at org.nutz.ioc.val.JavaValue.get(JavaValue.java:69)
	at org.nutz.ioc.weaver.FieldInjector.inject(FieldInjector.java:32)
	at org.nutz.ioc.weaver.DefaultWeaver.fill(DefaultWeaver.java:56)
	at org.nutz.ioc.impl.ObjectMakerImpl.make(ObjectMakerImpl.java:136)
	at org.nutz.ioc.impl.NutIoc.get(NutIoc.java:210)
	at org.nutz.ioc.val.ReferValue.get(ReferValue.java:24)
	at org.nutz.ioc.impl.ObjectMakerImpl.make(ObjectMakerImpl.java:62)
	at org.nutz.ioc.impl.NutIoc.get(NutIoc.java:210)
	at org.nutz.ioc.impl.NutIoc.get(NutIoc.java:239)
	at org.nutz.dao.test.DaoCase.setUp(DaoCase.java:22)
	at sun.reflect.GeneratedMethodAccessor23.invoke(Unknown Source)
	at sun.reflect.DelegatingMethodAccessorImpl.invoke(DelegatingMethodAccessorImpl.java:43)
	at java.lang.reflect.Method.invoke(Method.java:498)
	at org.junit.runners.model.FrameworkMethod$1.runReflectiveCall(FrameworkMethod.java:44)
	at org.junit.internal.runners.model.ReflectiveCallable.run(ReflectiveCallable.java:15)
	at org.junit.runners.model.FrameworkMethod.invokeExplosively(FrameworkMethod.java:41)
	at org.junit.internal.runners.statements.RunBefores.evaluate(RunBefores.java:27)
	at org.junit.internal.runners.statements.RunAfters.evaluate(RunAfters.java:31)
	at org.junit.runners.BlockJUnit4ClassRunner.runNotIgnored(BlockJUnit4ClassRunner.java:79)
	at org.junit.runners.BlockJUnit4ClassRunner.runChild(BlockJUnit4ClassRunner.java:71)
	at org.junit.runners.BlockJUnit4ClassRunner.runChild(BlockJUnit4ClassRunner.java:49)
	at org.junit.runners.ParentRunner$3.run(ParentRunner.java:193)
	at org.junit.runners.ParentRunner$1.schedule(ParentRunner.java:52)
	at org.junit.runners.ParentRunner.runChildren(ParentRunner.java:191)
	at org.junit.runners.ParentRunner.access$000(ParentRunner.java:42)
	at org.junit.runners.ParentRunner$2.evaluate(ParentRunner.java:184)
	at org.junit.runners.ParentRunner.run(ParentRunner.java:236)
	at org.apache.maven.surefire.junit4.JUnit4Provider.execute(JUnit4Provider.java:283)
	at org.apache.maven.surefire.junit4.JUnit4Provider.executeWithRerun(JUnit4Provider.java:173)
	at org.apache.maven.surefire.junit4.JUnit4Provider.executeTestSet(JUnit4Provider.java:153)
	at org.apache.maven.surefire.junit4.JUnit4Provider.invoke(JUnit4Provider.java:128)
	at org.apache.maven.surefire.booter.ForkedBooter.invokeProviderInSameClassLoader(ForkedBooter.java:203)
	at org.apache.maven.surefire.booter.ForkedBooter.runSuitesInProcess(ForkedBooter.java:155)
	at org.apache.maven.surefire.booter.ForkedBooter.main(ForkedBooter.java:103)
Caused by: java.lang.RuntimeException: Fail to set '[nutz-test.properties]'[ [Ljava.lang.String;@46fc522d ] by setter org.nutz.ioc.impl.PropertiesProxy.'setPaths()' because [java.lang.RuntimeException: folder or file like '^.+[.]properties$' no found in nutz-test.properties]: folder or file like '^.+[.]properties$' no found in nutz-test.properties
	at org.nutz.lang.Lang.wrapThrow(Lang.java:167)
	at org.nutz.lang.inject.InjectBySetter.inject(InjectBySetter.java:62)
	at org.nutz.ioc.weaver.FieldInjector.inject(FieldInjector.java:33)
	at org.nutz.ioc.weaver.DefaultWeaver.fill(DefaultWeaver.java:56)
	at org.nutz.ioc.impl.ObjectMakerImpl.make(ObjectMakerImpl.java:136)
	at org.nutz.ioc.impl.NutIoc.get(NutIoc.java:210)
	at org.nutz.ioc.impl.NutIoc.get(NutIoc.java:239)
	at org.nutz.ioc.java.IocObjectNode.getValue(IocObjectNode.java:19)
	at org.nutz.ioc.java.ChainNode.eval(ChainNode.java:24)
	at org.nutz.ioc.java.ChainNode.eval(ChainNode.java:19)
	at org.nutz.ioc.val.JavaValue.get(JavaValue.java:69)
	at org.nutz.ioc.weaver.FieldInjector.inject(FieldInjector.java:32)
	at org.nutz.ioc.weaver.DefaultWeaver.fill(DefaultWeaver.java:56)
	at org.nutz.ioc.impl.ObjectMakerImpl.make(ObjectMakerImpl.java:136)
	at org.nutz.ioc.impl.NutIoc.get(NutIoc.java:210)
	at org.nutz.ioc.val.ReferValue.get(ReferValue.java:24)
	at org.nutz.ioc.impl.ObjectMakerImpl.make(ObjectMakerImpl.java:62)
	at org.nutz.ioc.impl.NutIoc.get(NutIoc.java:210)
	at org.nutz.ioc.impl.NutIoc.get(NutIoc.java:239)
	at org.nutz.dao.test.DaoCase.setUp(DaoCase.java:22)
	at sun.reflect.GeneratedMethodAccessor23.invoke(Unknown Source)
	at sun.reflect.DelegatingMethodAccessorImpl.invoke(DelegatingMethodAccessorImpl.java:43)
	at java.lang.reflect.Method.invoke(Method.java:498)
	at org.junit.runners.model.FrameworkMethod$1.runReflectiveCall(FrameworkMethod.java:44)
	at org.junit.internal.runners.model.ReflectiveCallable.run(ReflectiveCallable.java:15)
	at org.junit.runners.model.FrameworkMethod.invokeExplosively(FrameworkMethod.java:41)
	at org.junit.internal.runners.statements.RunBefores.evaluate(RunBefores.java:27)
	at org.junit.internal.runners.statements.RunAfters.evaluate(RunAfters.java:31)
	at org.junit.runners.BlockJUnit4ClassRunner.runNotIgnored(BlockJUnit4ClassRunner.java:79)
	at org.junit.runners.BlockJUnit4ClassRunner.runChild(BlockJUnit4ClassRunner.java:71)
	at org.junit.runners.BlockJUnit4ClassRunner.runChild(BlockJUnit4ClassRunner.java:49)
	at org.junit.runners.ParentRunner$3.run(ParentRunner.java:193)
	at org.junit.runners.ParentRunner$1.schedule(ParentRunner.java:52)
	at org.junit.runners.ParentRunner.runChildren(ParentRunner.java:191)
	at org.junit.runners.ParentRunner.access$000(ParentRunner.java:42)
	at org.junit.runners.ParentRunner$2.evaluate(ParentRunner.java:184)
	at org.junit.runners.ParentRunner.run(ParentRunner.java:236)
	at org.apache.maven.surefire.junit4.JUnit4Provider.execute(JUnit4Provider.java:283)
	at org.apache.maven.surefire.junit4.JUnit4Provider.executeWithRerun(JUnit4Provider.java:173)
	at org.apache.maven.surefire.junit4.JUnit4Provider.executeTestSet(JUnit4Provider.java:153)
	at org.apache.maven.surefire.junit4.JUnit4Provider.invoke(JUnit4Provider.java:128)
	at org.apache.maven.surefire.booter.ForkedBooter.invokeProviderInSameClassLoader(ForkedBooter.java:203)
	at org.apache.maven.surefire.booter.ForkedBooter.runSuitesInProcess(ForkedBooter.java:155)
	at org.apache.maven.surefire.booter.ForkedBooter.main(ForkedBooter.java:103)
Caused by: java.lang.RuntimeException: folder or file like '^.+[.]properties$' no found in nutz-test.properties
	at org.nutz.lang.Lang.makeThrow(Lang.java:151)
	at org.nutz.resource.Scans.loadResource(Scans.java:112)
	at org.nutz.ioc.impl.PropertiesProxy.getResources(PropertiesProxy.java:153)
	at org.nutz.ioc.impl.PropertiesProxy.setPaths(PropertiesProxy.java:109)
	at org.nutz.ioc.impl.PropertiesProxy$FM$setPaths$d0275b2b871e237a38f11859247d1599.invoke(PropertiesProxy.java)
	at org.nutz.lang.inject.InjectBySetter.inject(InjectBySetter.java:51)
	at org.nutz.ioc.weaver.FieldInjector.inject(FieldInjector.java:33)
	at org.nutz.ioc.weaver.DefaultWeaver.fill(DefaultWeaver.java:56)
	at org.nutz.ioc.impl.ObjectMakerImpl.make(ObjectMakerImpl.java:136)
	at org.nutz.ioc.impl.NutIoc.get(NutIoc.java:210)
	at org.nutz.ioc.impl.NutIoc.get(NutIoc.java:239)
	at org.nutz.ioc.java.IocObjectNode.getValue(IocObjectNode.java:19)
	at org.nutz.ioc.java.ChainNode.eval(ChainNode.java:24)
	at org.nutz.ioc.java.ChainNode.eval(ChainNode.java:19)
	at org.nutz.ioc.val.JavaValue.get(JavaValue.java:69)
	at org.nutz.ioc.weaver.FieldInjector.inject(FieldInjector.java:32)
	at org.nutz.ioc.weaver.DefaultWeaver.fill(DefaultWeaver.java:56)
	at org.nutz.ioc.impl.ObjectMakerImpl.make(ObjectMakerImpl.java:136)
	at org.nutz.ioc.impl.NutIoc.get(NutIoc.java:210)
	at org.nutz.ioc.val.ReferValue.get(ReferValue.java:24)
	at org.nutz.ioc.impl.ObjectMakerImpl.make(ObjectMakerImpl.java:62)
	at org.nutz.ioc.impl.NutIoc.get(NutIoc.java:210)
	at org.nutz.ioc.impl.NutIoc.get(NutIoc.java:239)
	at org.nutz.dao.test.DaoCase.setUp(DaoCase.java:22)
	at sun.reflect.GeneratedMethodAccessor23.invoke(Unknown Source)
	at sun.reflect.DelegatingMethodAccessorImpl.invoke(DelegatingMethodAccessorImpl.java:43)
	at java.lang.reflect.Method.invoke(Method.java:498)
	at org.junit.runners.model.FrameworkMethod$1.runReflectiveCall(FrameworkMethod.java:44)
	at org.junit.internal.runners.model.ReflectiveCallable.run(ReflectiveCallable.java:15)
	at org.junit.runners.model.FrameworkMethod.invokeExplosively(FrameworkMethod.java:41)
	at org.junit.internal.runners.statements.RunBefores.evaluate(RunBefores.java:27)
	at org.junit.internal.runners.statements.RunAfters.evaluate(RunAfters.java:31)
	at org.junit.runners.BlockJUnit4ClassRunner.runNotIgnored(BlockJUnit4ClassRunner.java:79)
	at org.junit.runners.BlockJUnit4ClassRunner.runChild(BlockJUnit4ClassRunner.java:71)
	at org.junit.runners.BlockJUnit4ClassRunner.runChild(BlockJUnit4ClassRunner.java:49)
	at org.junit.runners.ParentRunner$3.run(ParentRunner.java:193)
	at org.junit.runners.ParentRunner$1.schedule(ParentRunner.java:52)
	at org.junit.runners.ParentRunner.runChildren(ParentRunner.java:191)
	at org.junit.runners.ParentRunner.access$000(ParentRunner.java:42)
	at org.junit.runners.ParentRunner$2.evaluate(ParentRunner.java:184)
	at org.junit.runners.ParentRunner.run(ParentRunner.java:236)
	at org.apache.maven.surefire.junit4.JUnit4Provider.execute(JUnit4Provider.java:283)
	at org.apache.maven.surefire.junit4.JUnit4Provider.executeWithRerun(JUnit4Provider.java:173)
	at org.apache.maven.surefire.junit4.JUnit4Provider.executeTestSet(JUnit4Provider.java:153)
	at org.apache.maven.surefire.junit4.JUnit4Provider.invoke(JUnit4Provider.java:128)
	at org.apache.maven.surefire.booter.ForkedBooter.invokeProviderInSameClassLoader(ForkedBooter.java:203)
	at org.apache.maven.surefire.booter.ForkedBooter.runSuitesInProcess(ForkedBooter.java:155)
	at org.apache.maven.surefire.booter.ForkedBooter.main(ForkedBooter.java:103)
</error>
  </testcase>
  <testcase name="test_fetchLinks" classname="org.nutz.dao.test.normal.SimpleDaoTest" time="0">
    <error message="IocBean[dao -&gt; dataSource] throw Exception when creating" type="org.nutz.ioc.IocException">org.nutz.ioc.IocException: IocBean[dao -> dataSource] throw Exception when creating
	at org.nutz.ioc.impl.ObjectMakerImpl.make(ObjectMakerImpl.java:150)
	at org.nutz.ioc.impl.NutIoc.get(NutIoc.java:210)
	at org.nutz.ioc.val.ReferValue.get(ReferValue.java:24)
	at org.nutz.ioc.impl.ObjectMakerImpl.make(ObjectMakerImpl.java:62)
	at org.nutz.ioc.impl.NutIoc.get(NutIoc.java:210)
	at org.nutz.ioc.impl.NutIoc.get(NutIoc.java:239)
	at org.nutz.dao.test.DaoCase.setUp(DaoCase.java:22)
	at sun.reflect.GeneratedMethodAccessor23.invoke(Unknown Source)
	at sun.reflect.DelegatingMethodAccessorImpl.invoke(DelegatingMethodAccessorImpl.java:43)
	at java.lang.reflect.Method.invoke(Method.java:498)
	at org.junit.runners.model.FrameworkMethod$1.runReflectiveCall(FrameworkMethod.java:44)
	at org.junit.internal.runners.model.ReflectiveCallable.run(ReflectiveCallable.java:15)
	at org.junit.runners.model.FrameworkMethod.invokeExplosively(FrameworkMethod.java:41)
	at org.junit.internal.runners.statements.RunBefores.evaluate(RunBefores.java:27)
	at org.junit.internal.runners.statements.RunAfters.evaluate(RunAfters.java:31)
	at org.junit.runners.BlockJUnit4ClassRunner.runNotIgnored(BlockJUnit4ClassRunner.java:79)
	at org.junit.runners.BlockJUnit4ClassRunner.runChild(BlockJUnit4ClassRunner.java:71)
	at org.junit.runners.BlockJUnit4ClassRunner.runChild(BlockJUnit4ClassRunner.java:49)
	at org.junit.runners.ParentRunner$3.run(ParentRunner.java:193)
	at org.junit.runners.ParentRunner$1.schedule(ParentRunner.java:52)
	at org.junit.runners.ParentRunner.runChildren(ParentRunner.java:191)
	at org.junit.runners.ParentRunner.access$000(ParentRunner.java:42)
	at org.junit.runners.ParentRunner$2.evaluate(ParentRunner.java:184)
	at org.junit.runners.ParentRunner.run(ParentRunner.java:236)
	at org.apache.maven.surefire.junit4.JUnit4Provider.execute(JUnit4Provider.java:283)
	at org.apache.maven.surefire.junit4.JUnit4Provider.executeWithRerun(JUnit4Provider.java:173)
	at org.apache.maven.surefire.junit4.JUnit4Provider.executeTestSet(JUnit4Provider.java:153)
	at org.apache.maven.surefire.junit4.JUnit4Provider.invoke(JUnit4Provider.java:128)
	at org.apache.maven.surefire.booter.ForkedBooter.invokeProviderInSameClassLoader(ForkedBooter.java:203)
	at org.apache.maven.surefire.booter.ForkedBooter.runSuitesInProcess(ForkedBooter.java:155)
	at org.apache.maven.surefire.booter.ForkedBooter.main(ForkedBooter.java:103)
Caused by: java.lang.RuntimeException: IocBean[dataSource] fail at field=[driverClassName]
	at org.nutz.ioc.weaver.FieldInjector.inject(FieldInjector.java:40)
	at org.nutz.ioc.weaver.DefaultWeaver.fill(DefaultWeaver.java:56)
	at org.nutz.ioc.impl.ObjectMakerImpl.make(ObjectMakerImpl.java:136)
	at org.nutz.ioc.impl.NutIoc.get(NutIoc.java:210)
	at org.nutz.ioc.val.ReferValue.get(ReferValue.java:24)
	at org.nutz.ioc.impl.ObjectMakerImpl.make(ObjectMakerImpl.java:62)
	at org.nutz.ioc.impl.NutIoc.get(NutIoc.java:210)
	at org.nutz.ioc.impl.NutIoc.get(NutIoc.java:239)
	at org.nutz.dao.test.DaoCase.setUp(DaoCase.java:22)
	at sun.reflect.GeneratedMethodAccessor23.invoke(Unknown Source)
	at sun.reflect.DelegatingMethodAccessorImpl.invoke(DelegatingMethodAccessorImpl.java:43)
	at java.lang.reflect.Method.invoke(Method.java:498)
	at org.junit.runners.model.FrameworkMethod$1.runReflectiveCall(FrameworkMethod.java:44)
	at org.junit.internal.runners.model.ReflectiveCallable.run(ReflectiveCallable.java:15)
	at org.junit.runners.model.FrameworkMethod.invokeExplosively(FrameworkMethod.java:41)
	at org.junit.internal.runners.statements.RunBefores.evaluate(RunBefores.java:27)
	at org.junit.internal.runners.statements.RunAfters.evaluate(RunAfters.java:31)
	at org.junit.runners.BlockJUnit4ClassRunner.runNotIgnored(BlockJUnit4ClassRunner.java:79)
	at org.junit.runners.BlockJUnit4ClassRunner.runChild(BlockJUnit4ClassRunner.java:71)
	at org.junit.runners.BlockJUnit4ClassRunner.runChild(BlockJUnit4ClassRunner.java:49)
	at org.junit.runners.ParentRunner$3.run(ParentRunner.java:193)
	at org.junit.runners.ParentRunner$1.schedule(ParentRunner.java:52)
	at org.junit.runners.ParentRunner.runChildren(ParentRunner.java:191)
	at org.junit.runners.ParentRunner.access$000(ParentRunner.java:42)
	at org.junit.runners.ParentRunner$2.evaluate(ParentRunner.java:184)
	at org.junit.runners.ParentRunner.run(ParentRunner.java:236)
	at org.apache.maven.surefire.junit4.JUnit4Provider.execute(JUnit4Provider.java:283)
	at org.apache.maven.surefire.junit4.JUnit4Provider.executeWithRerun(JUnit4Provider.java:173)
	at org.apache.maven.surefire.junit4.JUnit4Provider.executeTestSet(JUnit4Provider.java:153)
	at org.apache.maven.surefire.junit4.JUnit4Provider.invoke(JUnit4Provider.java:128)
	at org.apache.maven.surefire.booter.ForkedBooter.invokeProviderInSameClassLoader(ForkedBooter.java:203)
	at org.apache.maven.surefire.booter.ForkedBooter.runSuitesInProcess(ForkedBooter.java:155)
	at org.apache.maven.surefire.booter.ForkedBooter.main(ForkedBooter.java:103)
Caused by: org.nutz.ioc.IocException: IocBean[config] throw Exception when creating
	at org.nutz.ioc.impl.ObjectMakerImpl.make(ObjectMakerImpl.java:150)
	at org.nutz.ioc.impl.NutIoc.get(NutIoc.java:210)
	at org.nutz.ioc.impl.NutIoc.get(NutIoc.java:239)
	at org.nutz.ioc.java.IocObjectNode.getValue(IocObjectNode.java:19)
	at org.nutz.ioc.java.ChainNode.eval(ChainNode.java:24)
	at org.nutz.ioc.java.ChainNode.eval(ChainNode.java:19)
	at org.nutz.ioc.val.JavaValue.get(JavaValue.java:69)
	at org.nutz.ioc.weaver.FieldInjector.inject(FieldInjector.java:32)
	at org.nutz.ioc.weaver.DefaultWeaver.fill(DefaultWeaver.java:56)
	at org.nutz.ioc.impl.ObjectMakerImpl.make(ObjectMakerImpl.java:136)
	at org.nutz.ioc.impl.NutIoc.get(NutIoc.java:210)
	at org.nutz.ioc.val.ReferValue.get(ReferValue.java:24)
	at org.nutz.ioc.impl.ObjectMakerImpl.make(ObjectMakerImpl.java:62)
	at org.nutz.ioc.impl.NutIoc.get(NutIoc.java:210)
	at org.nutz.ioc.impl.NutIoc.get(NutIoc.java:239)
	at org.nutz.dao.test.DaoCase.setUp(DaoCase.java:22)
	at sun.reflect.GeneratedMethodAccessor23.invoke(Unknown Source)
	at sun.reflect.DelegatingMethodAccessorImpl.invoke(DelegatingMethodAccessorImpl.java:43)
	at java.lang.reflect.Method.invoke(Method.java:498)
	at org.junit.runners.model.FrameworkMethod$1.runReflectiveCall(FrameworkMethod.java:44)
	at org.junit.internal.runners.model.ReflectiveCallable.run(ReflectiveCallable.java:15)
	at org.junit.runners.model.FrameworkMethod.invokeExplosively(FrameworkMethod.java:41)
	at org.junit.internal.runners.statements.RunBefores.evaluate(RunBefores.java:27)
	at org.junit.internal.runners.statements.RunAfters.evaluate(RunAfters.java:31)
	at org.junit.runners.BlockJUnit4ClassRunner.runNotIgnored(BlockJUnit4ClassRunner.java:79)
	at org.junit.runners.BlockJUnit4ClassRunner.runChild(BlockJUnit4ClassRunner.java:71)
	at org.junit.runners.BlockJUnit4ClassRunner.runChild(BlockJUnit4ClassRunner.java:49)
	at org.junit.runners.ParentRunner$3.run(ParentRunner.java:193)
	at org.junit.runners.ParentRunner$1.schedule(ParentRunner.java:52)
	at org.junit.runners.ParentRunner.runChildren(ParentRunner.java:191)
	at org.junit.runners.ParentRunner.access$000(ParentRunner.java:42)
	at org.junit.runners.ParentRunner$2.evaluate(ParentRunner.java:184)
	at org.junit.runners.ParentRunner.run(ParentRunner.java:236)
	at org.apache.maven.surefire.junit4.JUnit4Provider.execute(JUnit4Provider.java:283)
	at org.apache.maven.surefire.junit4.JUnit4Provider.executeWithRerun(JUnit4Provider.java:173)
	at org.apache.maven.surefire.junit4.JUnit4Provider.executeTestSet(JUnit4Provider.java:153)
	at org.apache.maven.surefire.junit4.JUnit4Provider.invoke(JUnit4Provider.java:128)
	at org.apache.maven.surefire.booter.ForkedBooter.invokeProviderInSameClassLoader(ForkedBooter.java:203)
	at org.apache.maven.surefire.booter.ForkedBooter.runSuitesInProcess(ForkedBooter.java:155)
	at org.apache.maven.surefire.booter.ForkedBooter.main(ForkedBooter.java:103)
Caused by: java.lang.RuntimeException: IocBean[config] fail at field=[paths]
	at org.nutz.ioc.weaver.FieldInjector.inject(FieldInjector.java:40)
	at org.nutz.ioc.weaver.DefaultWeaver.fill(DefaultWeaver.java:56)
	at org.nutz.ioc.impl.ObjectMakerImpl.make(ObjectMakerImpl.java:136)
	at org.nutz.ioc.impl.NutIoc.get(NutIoc.java:210)
	at org.nutz.ioc.impl.NutIoc.get(NutIoc.java:239)
	at org.nutz.ioc.java.IocObjectNode.getValue(IocObjectNode.java:19)
	at org.nutz.ioc.java.ChainNode.eval(ChainNode.java:24)
	at org.nutz.ioc.java.ChainNode.eval(ChainNode.java:19)
	at org.nutz.ioc.val.JavaValue.get(JavaValue.java:69)
	at org.nutz.ioc.weaver.FieldInjector.inject(FieldInjector.java:32)
	at org.nutz.ioc.weaver.DefaultWeaver.fill(DefaultWeaver.java:56)
	at org.nutz.ioc.impl.ObjectMakerImpl.make(ObjectMakerImpl.java:136)
	at org.nutz.ioc.impl.NutIoc.get(NutIoc.java:210)
	at org.nutz.ioc.val.ReferValue.get(ReferValue.java:24)
	at org.nutz.ioc.impl.ObjectMakerImpl.make(ObjectMakerImpl.java:62)
	at org.nutz.ioc.impl.NutIoc.get(NutIoc.java:210)
	at org.nutz.ioc.impl.NutIoc.get(NutIoc.java:239)
	at org.nutz.dao.test.DaoCase.setUp(DaoCase.java:22)
	at sun.reflect.GeneratedMethodAccessor23.invoke(Unknown Source)
	at sun.reflect.DelegatingMethodAccessorImpl.invoke(DelegatingMethodAccessorImpl.java:43)
	at java.lang.reflect.Method.invoke(Method.java:498)
	at org.junit.runners.model.FrameworkMethod$1.runReflectiveCall(FrameworkMethod.java:44)
	at org.junit.internal.runners.model.ReflectiveCallable.run(ReflectiveCallable.java:15)
	at org.junit.runners.model.FrameworkMethod.invokeExplosively(FrameworkMethod.java:41)
	at org.junit.internal.runners.statements.RunBefores.evaluate(RunBefores.java:27)
	at org.junit.internal.runners.statements.RunAfters.evaluate(RunAfters.java:31)
	at org.junit.runners.BlockJUnit4ClassRunner.runNotIgnored(BlockJUnit4ClassRunner.java:79)
	at org.junit.runners.BlockJUnit4ClassRunner.runChild(BlockJUnit4ClassRunner.java:71)
	at org.junit.runners.BlockJUnit4ClassRunner.runChild(BlockJUnit4ClassRunner.java:49)
	at org.junit.runners.ParentRunner$3.run(ParentRunner.java:193)
	at org.junit.runners.ParentRunner$1.schedule(ParentRunner.java:52)
	at org.junit.runners.ParentRunner.runChildren(ParentRunner.java:191)
	at org.junit.runners.ParentRunner.access$000(ParentRunner.java:42)
	at org.junit.runners.ParentRunner$2.evaluate(ParentRunner.java:184)
	at org.junit.runners.ParentRunner.run(ParentRunner.java:236)
	at org.apache.maven.surefire.junit4.JUnit4Provider.execute(JUnit4Provider.java:283)
	at org.apache.maven.surefire.junit4.JUnit4Provider.executeWithRerun(JUnit4Provider.java:173)
	at org.apache.maven.surefire.junit4.JUnit4Provider.executeTestSet(JUnit4Provider.java:153)
	at org.apache.maven.surefire.junit4.JUnit4Provider.invoke(JUnit4Provider.java:128)
	at org.apache.maven.surefire.booter.ForkedBooter.invokeProviderInSameClassLoader(ForkedBooter.java:203)
	at org.apache.maven.surefire.booter.ForkedBooter.runSuitesInProcess(ForkedBooter.java:155)
	at org.apache.maven.surefire.booter.ForkedBooter.main(ForkedBooter.java:103)
Caused by: java.lang.RuntimeException: Fail to set '[nutz-test.properties]'[ [Ljava.lang.String;@4262fdeb ] by setter org.nutz.ioc.impl.PropertiesProxy.'setPaths()' because [java.lang.RuntimeException: folder or file like '^.+[.]properties$' no found in nutz-test.properties]: folder or file like '^.+[.]properties$' no found in nutz-test.properties
	at org.nutz.lang.Lang.wrapThrow(Lang.java:167)
	at org.nutz.lang.inject.InjectBySetter.inject(InjectBySetter.java:62)
	at org.nutz.ioc.weaver.FieldInjector.inject(FieldInjector.java:33)
	at org.nutz.ioc.weaver.DefaultWeaver.fill(DefaultWeaver.java:56)
	at org.nutz.ioc.impl.ObjectMakerImpl.make(ObjectMakerImpl.java:136)
	at org.nutz.ioc.impl.NutIoc.get(NutIoc.java:210)
	at org.nutz.ioc.impl.NutIoc.get(NutIoc.java:239)
	at org.nutz.ioc.java.IocObjectNode.getValue(IocObjectNode.java:19)
	at org.nutz.ioc.java.ChainNode.eval(ChainNode.java:24)
	at org.nutz.ioc.java.ChainNode.eval(ChainNode.java:19)
	at org.nutz.ioc.val.JavaValue.get(JavaValue.java:69)
	at org.nutz.ioc.weaver.FieldInjector.inject(FieldInjector.java:32)
	at org.nutz.ioc.weaver.DefaultWeaver.fill(DefaultWeaver.java:56)
	at org.nutz.ioc.impl.ObjectMakerImpl.make(ObjectMakerImpl.java:136)
	at org.nutz.ioc.impl.NutIoc.get(NutIoc.java:210)
	at org.nutz.ioc.val.ReferValue.get(ReferValue.java:24)
	at org.nutz.ioc.impl.ObjectMakerImpl.make(ObjectMakerImpl.java:62)
	at org.nutz.ioc.impl.NutIoc.get(NutIoc.java:210)
	at org.nutz.ioc.impl.NutIoc.get(NutIoc.java:239)
	at org.nutz.dao.test.DaoCase.setUp(DaoCase.java:22)
	at sun.reflect.GeneratedMethodAccessor23.invoke(Unknown Source)
	at sun.reflect.DelegatingMethodAccessorImpl.invoke(DelegatingMethodAccessorImpl.java:43)
	at java.lang.reflect.Method.invoke(Method.java:498)
	at org.junit.runners.model.FrameworkMethod$1.runReflectiveCall(FrameworkMethod.java:44)
	at org.junit.internal.runners.model.ReflectiveCallable.run(ReflectiveCallable.java:15)
	at org.junit.runners.model.FrameworkMethod.invokeExplosively(FrameworkMethod.java:41)
	at org.junit.internal.runners.statements.RunBefores.evaluate(RunBefores.java:27)
	at org.junit.internal.runners.statements.RunAfters.evaluate(RunAfters.java:31)
	at org.junit.runners.BlockJUnit4ClassRunner.runNotIgnored(BlockJUnit4ClassRunner.java:79)
	at org.junit.runners.BlockJUnit4ClassRunner.runChild(BlockJUnit4ClassRunner.java:71)
	at org.junit.runners.BlockJUnit4ClassRunner.runChild(BlockJUnit4ClassRunner.java:49)
	at org.junit.runners.ParentRunner$3.run(ParentRunner.java:193)
	at org.junit.runners.ParentRunner$1.schedule(ParentRunner.java:52)
	at org.junit.runners.ParentRunner.runChildren(ParentRunner.java:191)
	at org.junit.runners.ParentRunner.access$000(ParentRunner.java:42)
	at org.junit.runners.ParentRunner$2.evaluate(ParentRunner.java:184)
	at org.junit.runners.ParentRunner.run(ParentRunner.java:236)
	at org.apache.maven.surefire.junit4.JUnit4Provider.execute(JUnit4Provider.java:283)
	at org.apache.maven.surefire.junit4.JUnit4Provider.executeWithRerun(JUnit4Provider.java:173)
	at org.apache.maven.surefire.junit4.JUnit4Provider.executeTestSet(JUnit4Provider.java:153)
	at org.apache.maven.surefire.junit4.JUnit4Provider.invoke(JUnit4Provider.java:128)
	at org.apache.maven.surefire.booter.ForkedBooter.invokeProviderInSameClassLoader(ForkedBooter.java:203)
	at org.apache.maven.surefire.booter.ForkedBooter.runSuitesInProcess(ForkedBooter.java:155)
	at org.apache.maven.surefire.booter.ForkedBooter.main(ForkedBooter.java:103)
Caused by: java.lang.RuntimeException: folder or file like '^.+[.]properties$' no found in nutz-test.properties
	at org.nutz.lang.Lang.makeThrow(Lang.java:151)
	at org.nutz.resource.Scans.loadResource(Scans.java:112)
	at org.nutz.ioc.impl.PropertiesProxy.getResources(PropertiesProxy.java:153)
	at org.nutz.ioc.impl.PropertiesProxy.setPaths(PropertiesProxy.java:109)
	at org.nutz.ioc.impl.PropertiesProxy$FM$setPaths$d0275b2b871e237a38f11859247d1599.invoke(PropertiesProxy.java)
	at org.nutz.lang.inject.InjectBySetter.inject(InjectBySetter.java:51)
	at org.nutz.ioc.weaver.FieldInjector.inject(FieldInjector.java:33)
	at org.nutz.ioc.weaver.DefaultWeaver.fill(DefaultWeaver.java:56)
	at org.nutz.ioc.impl.ObjectMakerImpl.make(ObjectMakerImpl.java:136)
	at org.nutz.ioc.impl.NutIoc.get(NutIoc.java:210)
	at org.nutz.ioc.impl.NutIoc.get(NutIoc.java:239)
	at org.nutz.ioc.java.IocObjectNode.getValue(IocObjectNode.java:19)
	at org.nutz.ioc.java.ChainNode.eval(ChainNode.java:24)
	at org.nutz.ioc.java.ChainNode.eval(ChainNode.java:19)
	at org.nutz.ioc.val.JavaValue.get(JavaValue.java:69)
	at org.nutz.ioc.weaver.FieldInjector.inject(FieldInjector.java:32)
	at org.nutz.ioc.weaver.DefaultWeaver.fill(DefaultWeaver.java:56)
	at org.nutz.ioc.impl.ObjectMakerImpl.make(ObjectMakerImpl.java:136)
	at org.nutz.ioc.impl.NutIoc.get(NutIoc.java:210)
	at org.nutz.ioc.val.ReferValue.get(ReferValue.java:24)
	at org.nutz.ioc.impl.ObjectMakerImpl.make(ObjectMakerImpl.java:62)
	at org.nutz.ioc.impl.NutIoc.get(NutIoc.java:210)
	at org.nutz.ioc.impl.NutIoc.get(NutIoc.java:239)
	at org.nutz.dao.test.DaoCase.setUp(DaoCase.java:22)
	at sun.reflect.GeneratedMethodAccessor23.invoke(Unknown Source)
	at sun.reflect.DelegatingMethodAccessorImpl.invoke(DelegatingMethodAccessorImpl.java:43)
	at java.lang.reflect.Method.invoke(Method.java:498)
	at org.junit.runners.model.FrameworkMethod$1.runReflectiveCall(FrameworkMethod.java:44)
	at org.junit.internal.runners.model.ReflectiveCallable.run(ReflectiveCallable.java:15)
	at org.junit.runners.model.FrameworkMethod.invokeExplosively(FrameworkMethod.java:41)
	at org.junit.internal.runners.statements.RunBefores.evaluate(RunBefores.java:27)
	at org.junit.internal.runners.statements.RunAfters.evaluate(RunAfters.java:31)
	at org.junit.runners.BlockJUnit4ClassRunner.runNotIgnored(BlockJUnit4ClassRunner.java:79)
	at org.junit.runners.BlockJUnit4ClassRunner.runChild(BlockJUnit4ClassRunner.java:71)
	at org.junit.runners.BlockJUnit4ClassRunner.runChild(BlockJUnit4ClassRunner.java:49)
	at org.junit.runners.ParentRunner$3.run(ParentRunner.java:193)
	at org.junit.runners.ParentRunner$1.schedule(ParentRunner.java:52)
	at org.junit.runners.ParentRunner.runChildren(ParentRunner.java:191)
	at org.junit.runners.ParentRunner.access$000(ParentRunner.java:42)
	at org.junit.runners.ParentRunner$2.evaluate(ParentRunner.java:184)
	at org.junit.runners.ParentRunner.run(ParentRunner.java:236)
	at org.apache.maven.surefire.junit4.JUnit4Provider.execute(JUnit4Provider.java:283)
	at org.apache.maven.surefire.junit4.JUnit4Provider.executeWithRerun(JUnit4Provider.java:173)
	at org.apache.maven.surefire.junit4.JUnit4Provider.executeTestSet(JUnit4Provider.java:153)
	at org.apache.maven.surefire.junit4.JUnit4Provider.invoke(JUnit4Provider.java:128)
	at org.apache.maven.surefire.booter.ForkedBooter.invokeProviderInSameClassLoader(ForkedBooter.java:203)
	at org.apache.maven.surefire.booter.ForkedBooter.runSuitesInProcess(ForkedBooter.java:155)
	at org.apache.maven.surefire.booter.ForkedBooter.main(ForkedBooter.java:103)
</error>
  </testcase>
  <testcase name="test_insert_with_id" classname="org.nutz.dao.test.normal.SimpleDaoTest" time="0">
    <error message="IocBean[dao -&gt; dataSource] throw Exception when creating" type="org.nutz.ioc.IocException">org.nutz.ioc.IocException: IocBean[dao -> dataSource] throw Exception when creating
	at org.nutz.ioc.impl.ObjectMakerImpl.make(ObjectMakerImpl.java:150)
	at org.nutz.ioc.impl.NutIoc.get(NutIoc.java:210)
	at org.nutz.ioc.val.ReferValue.get(ReferValue.java:24)
	at org.nutz.ioc.impl.ObjectMakerImpl.make(ObjectMakerImpl.java:62)
	at org.nutz.ioc.impl.NutIoc.get(NutIoc.java:210)
	at org.nutz.ioc.impl.NutIoc.get(NutIoc.java:239)
	at org.nutz.dao.test.DaoCase.setUp(DaoCase.java:22)
	at sun.reflect.GeneratedMethodAccessor23.invoke(Unknown Source)
	at sun.reflect.DelegatingMethodAccessorImpl.invoke(DelegatingMethodAccessorImpl.java:43)
	at java.lang.reflect.Method.invoke(Method.java:498)
	at org.junit.runners.model.FrameworkMethod$1.runReflectiveCall(FrameworkMethod.java:44)
	at org.junit.internal.runners.model.ReflectiveCallable.run(ReflectiveCallable.java:15)
	at org.junit.runners.model.FrameworkMethod.invokeExplosively(FrameworkMethod.java:41)
	at org.junit.internal.runners.statements.RunBefores.evaluate(RunBefores.java:27)
	at org.junit.internal.runners.statements.RunAfters.evaluate(RunAfters.java:31)
	at org.junit.runners.BlockJUnit4ClassRunner.runNotIgnored(BlockJUnit4ClassRunner.java:79)
	at org.junit.runners.BlockJUnit4ClassRunner.runChild(BlockJUnit4ClassRunner.java:71)
	at org.junit.runners.BlockJUnit4ClassRunner.runChild(BlockJUnit4ClassRunner.java:49)
	at org.junit.runners.ParentRunner$3.run(ParentRunner.java:193)
	at org.junit.runners.ParentRunner$1.schedule(ParentRunner.java:52)
	at org.junit.runners.ParentRunner.runChildren(ParentRunner.java:191)
	at org.junit.runners.ParentRunner.access$000(ParentRunner.java:42)
	at org.junit.runners.ParentRunner$2.evaluate(ParentRunner.java:184)
	at org.junit.runners.ParentRunner.run(ParentRunner.java:236)
	at org.apache.maven.surefire.junit4.JUnit4Provider.execute(JUnit4Provider.java:283)
	at org.apache.maven.surefire.junit4.JUnit4Provider.executeWithRerun(JUnit4Provider.java:173)
	at org.apache.maven.surefire.junit4.JUnit4Provider.executeTestSet(JUnit4Provider.java:153)
	at org.apache.maven.surefire.junit4.JUnit4Provider.invoke(JUnit4Provider.java:128)
	at org.apache.maven.surefire.booter.ForkedBooter.invokeProviderInSameClassLoader(ForkedBooter.java:203)
	at org.apache.maven.surefire.booter.ForkedBooter.runSuitesInProcess(ForkedBooter.java:155)
	at org.apache.maven.surefire.booter.ForkedBooter.main(ForkedBooter.java:103)
Caused by: java.lang.RuntimeException: IocBean[dataSource] fail at field=[driverClassName]
	at org.nutz.ioc.weaver.FieldInjector.inject(FieldInjector.java:40)
	at org.nutz.ioc.weaver.DefaultWeaver.fill(DefaultWeaver.java:56)
	at org.nutz.ioc.impl.ObjectMakerImpl.make(ObjectMakerImpl.java:136)
	at org.nutz.ioc.impl.NutIoc.get(NutIoc.java:210)
	at org.nutz.ioc.val.ReferValue.get(ReferValue.java:24)
	at org.nutz.ioc.impl.ObjectMakerImpl.make(ObjectMakerImpl.java:62)
	at org.nutz.ioc.impl.NutIoc.get(NutIoc.java:210)
	at org.nutz.ioc.impl.NutIoc.get(NutIoc.java:239)
	at org.nutz.dao.test.DaoCase.setUp(DaoCase.java:22)
	at sun.reflect.GeneratedMethodAccessor23.invoke(Unknown Source)
	at sun.reflect.DelegatingMethodAccessorImpl.invoke(DelegatingMethodAccessorImpl.java:43)
	at java.lang.reflect.Method.invoke(Method.java:498)
	at org.junit.runners.model.FrameworkMethod$1.runReflectiveCall(FrameworkMethod.java:44)
	at org.junit.internal.runners.model.ReflectiveCallable.run(ReflectiveCallable.java:15)
	at org.junit.runners.model.FrameworkMethod.invokeExplosively(FrameworkMethod.java:41)
	at org.junit.internal.runners.statements.RunBefores.evaluate(RunBefores.java:27)
	at org.junit.internal.runners.statements.RunAfters.evaluate(RunAfters.java:31)
	at org.junit.runners.BlockJUnit4ClassRunner.runNotIgnored(BlockJUnit4ClassRunner.java:79)
	at org.junit.runners.BlockJUnit4ClassRunner.runChild(BlockJUnit4ClassRunner.java:71)
	at org.junit.runners.BlockJUnit4ClassRunner.runChild(BlockJUnit4ClassRunner.java:49)
	at org.junit.runners.ParentRunner$3.run(ParentRunner.java:193)
	at org.junit.runners.ParentRunner$1.schedule(ParentRunner.java:52)
	at org.junit.runners.ParentRunner.runChildren(ParentRunner.java:191)
	at org.junit.runners.ParentRunner.access$000(ParentRunner.java:42)
	at org.junit.runners.ParentRunner$2.evaluate(ParentRunner.java:184)
	at org.junit.runners.ParentRunner.run(ParentRunner.java:236)
	at org.apache.maven.surefire.junit4.JUnit4Provider.execute(JUnit4Provider.java:283)
	at org.apache.maven.surefire.junit4.JUnit4Provider.executeWithRerun(JUnit4Provider.java:173)
	at org.apache.maven.surefire.junit4.JUnit4Provider.executeTestSet(JUnit4Provider.java:153)
	at org.apache.maven.surefire.junit4.JUnit4Provider.invoke(JUnit4Provider.java:128)
	at org.apache.maven.surefire.booter.ForkedBooter.invokeProviderInSameClassLoader(ForkedBooter.java:203)
	at org.apache.maven.surefire.booter.ForkedBooter.runSuitesInProcess(ForkedBooter.java:155)
	at org.apache.maven.surefire.booter.ForkedBooter.main(ForkedBooter.java:103)
Caused by: org.nutz.ioc.IocException: IocBean[config] throw Exception when creating
	at org.nutz.ioc.impl.ObjectMakerImpl.make(ObjectMakerImpl.java:150)
	at org.nutz.ioc.impl.NutIoc.get(NutIoc.java:210)
	at org.nutz.ioc.impl.NutIoc.get(NutIoc.java:239)
	at org.nutz.ioc.java.IocObjectNode.getValue(IocObjectNode.java:19)
	at org.nutz.ioc.java.ChainNode.eval(ChainNode.java:24)
	at org.nutz.ioc.java.ChainNode.eval(ChainNode.java:19)
	at org.nutz.ioc.val.JavaValue.get(JavaValue.java:69)
	at org.nutz.ioc.weaver.FieldInjector.inject(FieldInjector.java:32)
	at org.nutz.ioc.weaver.DefaultWeaver.fill(DefaultWeaver.java:56)
	at org.nutz.ioc.impl.ObjectMakerImpl.make(ObjectMakerImpl.java:136)
	at org.nutz.ioc.impl.NutIoc.get(NutIoc.java:210)
	at org.nutz.ioc.val.ReferValue.get(ReferValue.java:24)
	at org.nutz.ioc.impl.ObjectMakerImpl.make(ObjectMakerImpl.java:62)
	at org.nutz.ioc.impl.NutIoc.get(NutIoc.java:210)
	at org.nutz.ioc.impl.NutIoc.get(NutIoc.java:239)
	at org.nutz.dao.test.DaoCase.setUp(DaoCase.java:22)
	at sun.reflect.GeneratedMethodAccessor23.invoke(Unknown Source)
	at sun.reflect.DelegatingMethodAccessorImpl.invoke(DelegatingMethodAccessorImpl.java:43)
	at java.lang.reflect.Method.invoke(Method.java:498)
	at org.junit.runners.model.FrameworkMethod$1.runReflectiveCall(FrameworkMethod.java:44)
	at org.junit.internal.runners.model.ReflectiveCallable.run(ReflectiveCallable.java:15)
	at org.junit.runners.model.FrameworkMethod.invokeExplosively(FrameworkMethod.java:41)
	at org.junit.internal.runners.statements.RunBefores.evaluate(RunBefores.java:27)
	at org.junit.internal.runners.statements.RunAfters.evaluate(RunAfters.java:31)
	at org.junit.runners.BlockJUnit4ClassRunner.runNotIgnored(BlockJUnit4ClassRunner.java:79)
	at org.junit.runners.BlockJUnit4ClassRunner.runChild(BlockJUnit4ClassRunner.java:71)
	at org.junit.runners.BlockJUnit4ClassRunner.runChild(BlockJUnit4ClassRunner.java:49)
	at org.junit.runners.ParentRunner$3.run(ParentRunner.java:193)
	at org.junit.runners.ParentRunner$1.schedule(ParentRunner.java:52)
	at org.junit.runners.ParentRunner.runChildren(ParentRunner.java:191)
	at org.junit.runners.ParentRunner.access$000(ParentRunner.java:42)
	at org.junit.runners.ParentRunner$2.evaluate(ParentRunner.java:184)
	at org.junit.runners.ParentRunner.run(ParentRunner.java:236)
	at org.apache.maven.surefire.junit4.JUnit4Provider.execute(JUnit4Provider.java:283)
	at org.apache.maven.surefire.junit4.JUnit4Provider.executeWithRerun(JUnit4Provider.java:173)
	at org.apache.maven.surefire.junit4.JUnit4Provider.executeTestSet(JUnit4Provider.java:153)
	at org.apache.maven.surefire.junit4.JUnit4Provider.invoke(JUnit4Provider.java:128)
	at org.apache.maven.surefire.booter.ForkedBooter.invokeProviderInSameClassLoader(ForkedBooter.java:203)
	at org.apache.maven.surefire.booter.ForkedBooter.runSuitesInProcess(ForkedBooter.java:155)
	at org.apache.maven.surefire.booter.ForkedBooter.main(ForkedBooter.java:103)
Caused by: java.lang.RuntimeException: IocBean[config] fail at field=[paths]
	at org.nutz.ioc.weaver.FieldInjector.inject(FieldInjector.java:40)
	at org.nutz.ioc.weaver.DefaultWeaver.fill(DefaultWeaver.java:56)
	at org.nutz.ioc.impl.ObjectMakerImpl.make(ObjectMakerImpl.java:136)
	at org.nutz.ioc.impl.NutIoc.get(NutIoc.java:210)
	at org.nutz.ioc.impl.NutIoc.get(NutIoc.java:239)
	at org.nutz.ioc.java.IocObjectNode.getValue(IocObjectNode.java:19)
	at org.nutz.ioc.java.ChainNode.eval(ChainNode.java:24)
	at org.nutz.ioc.java.ChainNode.eval(ChainNode.java:19)
	at org.nutz.ioc.val.JavaValue.get(JavaValue.java:69)
	at org.nutz.ioc.weaver.FieldInjector.inject(FieldInjector.java:32)
	at org.nutz.ioc.weaver.DefaultWeaver.fill(DefaultWeaver.java:56)
	at org.nutz.ioc.impl.ObjectMakerImpl.make(ObjectMakerImpl.java:136)
	at org.nutz.ioc.impl.NutIoc.get(NutIoc.java:210)
	at org.nutz.ioc.val.ReferValue.get(ReferValue.java:24)
	at org.nutz.ioc.impl.ObjectMakerImpl.make(ObjectMakerImpl.java:62)
	at org.nutz.ioc.impl.NutIoc.get(NutIoc.java:210)
	at org.nutz.ioc.impl.NutIoc.get(NutIoc.java:239)
	at org.nutz.dao.test.DaoCase.setUp(DaoCase.java:22)
	at sun.reflect.GeneratedMethodAccessor23.invoke(Unknown Source)
	at sun.reflect.DelegatingMethodAccessorImpl.invoke(DelegatingMethodAccessorImpl.java:43)
	at java.lang.reflect.Method.invoke(Method.java:498)
	at org.junit.runners.model.FrameworkMethod$1.runReflectiveCall(FrameworkMethod.java:44)
	at org.junit.internal.runners.model.ReflectiveCallable.run(ReflectiveCallable.java:15)
	at org.junit.runners.model.FrameworkMethod.invokeExplosively(FrameworkMethod.java:41)
	at org.junit.internal.runners.statements.RunBefores.evaluate(RunBefores.java:27)
	at org.junit.internal.runners.statements.RunAfters.evaluate(RunAfters.java:31)
	at org.junit.runners.BlockJUnit4ClassRunner.runNotIgnored(BlockJUnit4ClassRunner.java:79)
	at org.junit.runners.BlockJUnit4ClassRunner.runChild(BlockJUnit4ClassRunner.java:71)
	at org.junit.runners.BlockJUnit4ClassRunner.runChild(BlockJUnit4ClassRunner.java:49)
	at org.junit.runners.ParentRunner$3.run(ParentRunner.java:193)
	at org.junit.runners.ParentRunner$1.schedule(ParentRunner.java:52)
	at org.junit.runners.ParentRunner.runChildren(ParentRunner.java:191)
	at org.junit.runners.ParentRunner.access$000(ParentRunner.java:42)
	at org.junit.runners.ParentRunner$2.evaluate(ParentRunner.java:184)
	at org.junit.runners.ParentRunner.run(ParentRunner.java:236)
	at org.apache.maven.surefire.junit4.JUnit4Provider.execute(JUnit4Provider.java:283)
	at org.apache.maven.surefire.junit4.JUnit4Provider.executeWithRerun(JUnit4Provider.java:173)
	at org.apache.maven.surefire.junit4.JUnit4Provider.executeTestSet(JUnit4Provider.java:153)
	at org.apache.maven.surefire.junit4.JUnit4Provider.invoke(JUnit4Provider.java:128)
	at org.apache.maven.surefire.booter.ForkedBooter.invokeProviderInSameClassLoader(ForkedBooter.java:203)
	at org.apache.maven.surefire.booter.ForkedBooter.runSuitesInProcess(ForkedBooter.java:155)
	at org.apache.maven.surefire.booter.ForkedBooter.main(ForkedBooter.java:103)
Caused by: java.lang.RuntimeException: Fail to set '[nutz-test.properties]'[ [Ljava.lang.String;@5f0a2638 ] by setter org.nutz.ioc.impl.PropertiesProxy.'setPaths()' because [java.lang.RuntimeException: folder or file like '^.+[.]properties$' no found in nutz-test.properties]: folder or file like '^.+[.]properties$' no found in nutz-test.properties
	at org.nutz.lang.Lang.wrapThrow(Lang.java:167)
	at org.nutz.lang.inject.InjectBySetter.inject(InjectBySetter.java:62)
	at org.nutz.ioc.weaver.FieldInjector.inject(FieldInjector.java:33)
	at org.nutz.ioc.weaver.DefaultWeaver.fill(DefaultWeaver.java:56)
	at org.nutz.ioc.impl.ObjectMakerImpl.make(ObjectMakerImpl.java:136)
	at org.nutz.ioc.impl.NutIoc.get(NutIoc.java:210)
	at org.nutz.ioc.impl.NutIoc.get(NutIoc.java:239)
	at org.nutz.ioc.java.IocObjectNode.getValue(IocObjectNode.java:19)
	at org.nutz.ioc.java.ChainNode.eval(ChainNode.java:24)
	at org.nutz.ioc.java.ChainNode.eval(ChainNode.java:19)
	at org.nutz.ioc.val.JavaValue.get(JavaValue.java:69)
	at org.nutz.ioc.weaver.FieldInjector.inject(FieldInjector.java:32)
	at org.nutz.ioc.weaver.DefaultWeaver.fill(DefaultWeaver.java:56)
	at org.nutz.ioc.impl.ObjectMakerImpl.make(ObjectMakerImpl.java:136)
	at org.nutz.ioc.impl.NutIoc.get(NutIoc.java:210)
	at org.nutz.ioc.val.ReferValue.get(ReferValue.java:24)
	at org.nutz.ioc.impl.ObjectMakerImpl.make(ObjectMakerImpl.java:62)
	at org.nutz.ioc.impl.NutIoc.get(NutIoc.java:210)
	at org.nutz.ioc.impl.NutIoc.get(NutIoc.java:239)
	at org.nutz.dao.test.DaoCase.setUp(DaoCase.java:22)
	at sun.reflect.GeneratedMethodAccessor23.invoke(Unknown Source)
	at sun.reflect.DelegatingMethodAccessorImpl.invoke(DelegatingMethodAccessorImpl.java:43)
	at java.lang.reflect.Method.invoke(Method.java:498)
	at org.junit.runners.model.FrameworkMethod$1.runReflectiveCall(FrameworkMethod.java:44)
	at org.junit.internal.runners.model.ReflectiveCallable.run(ReflectiveCallable.java:15)
	at org.junit.runners.model.FrameworkMethod.invokeExplosively(FrameworkMethod.java:41)
	at org.junit.internal.runners.statements.RunBefores.evaluate(RunBefores.java:27)
	at org.junit.internal.runners.statements.RunAfters.evaluate(RunAfters.java:31)
	at org.junit.runners.BlockJUnit4ClassRunner.runNotIgnored(BlockJUnit4ClassRunner.java:79)
	at org.junit.runners.BlockJUnit4ClassRunner.runChild(BlockJUnit4ClassRunner.java:71)
	at org.junit.runners.BlockJUnit4ClassRunner.runChild(BlockJUnit4ClassRunner.java:49)
	at org.junit.runners.ParentRunner$3.run(ParentRunner.java:193)
	at org.junit.runners.ParentRunner$1.schedule(ParentRunner.java:52)
	at org.junit.runners.ParentRunner.runChildren(ParentRunner.java:191)
	at org.junit.runners.ParentRunner.access$000(ParentRunner.java:42)
	at org.junit.runners.ParentRunner$2.evaluate(ParentRunner.java:184)
	at org.junit.runners.ParentRunner.run(ParentRunner.java:236)
	at org.apache.maven.surefire.junit4.JUnit4Provider.execute(JUnit4Provider.java:283)
	at org.apache.maven.surefire.junit4.JUnit4Provider.executeWithRerun(JUnit4Provider.java:173)
	at org.apache.maven.surefire.junit4.JUnit4Provider.executeTestSet(JUnit4Provider.java:153)
	at org.apache.maven.surefire.junit4.JUnit4Provider.invoke(JUnit4Provider.java:128)
	at org.apache.maven.surefire.booter.ForkedBooter.invokeProviderInSameClassLoader(ForkedBooter.java:203)
	at org.apache.maven.surefire.booter.ForkedBooter.runSuitesInProcess(ForkedBooter.java:155)
	at org.apache.maven.surefire.booter.ForkedBooter.main(ForkedBooter.java:103)
Caused by: java.lang.RuntimeException: folder or file like '^.+[.]properties$' no found in nutz-test.properties
	at org.nutz.lang.Lang.makeThrow(Lang.java:151)
	at org.nutz.resource.Scans.loadResource(Scans.java:112)
	at org.nutz.ioc.impl.PropertiesProxy.getResources(PropertiesProxy.java:153)
	at org.nutz.ioc.impl.PropertiesProxy.setPaths(PropertiesProxy.java:109)
	at org.nutz.ioc.impl.PropertiesProxy$FM$setPaths$d0275b2b871e237a38f11859247d1599.invoke(PropertiesProxy.java)
	at org.nutz.lang.inject.InjectBySetter.inject(InjectBySetter.java:51)
	at org.nutz.ioc.weaver.FieldInjector.inject(FieldInjector.java:33)
	at org.nutz.ioc.weaver.DefaultWeaver.fill(DefaultWeaver.java:56)
	at org.nutz.ioc.impl.ObjectMakerImpl.make(ObjectMakerImpl.java:136)
	at org.nutz.ioc.impl.NutIoc.get(NutIoc.java:210)
	at org.nutz.ioc.impl.NutIoc.get(NutIoc.java:239)
	at org.nutz.ioc.java.IocObjectNode.getValue(IocObjectNode.java:19)
	at org.nutz.ioc.java.ChainNode.eval(ChainNode.java:24)
	at org.nutz.ioc.java.ChainNode.eval(ChainNode.java:19)
	at org.nutz.ioc.val.JavaValue.get(JavaValue.java:69)
	at org.nutz.ioc.weaver.FieldInjector.inject(FieldInjector.java:32)
	at org.nutz.ioc.weaver.DefaultWeaver.fill(DefaultWeaver.java:56)
	at org.nutz.ioc.impl.ObjectMakerImpl.make(ObjectMakerImpl.java:136)
	at org.nutz.ioc.impl.NutIoc.get(NutIoc.java:210)
	at org.nutz.ioc.val.ReferValue.get(ReferValue.java:24)
	at org.nutz.ioc.impl.ObjectMakerImpl.make(ObjectMakerImpl.java:62)
	at org.nutz.ioc.impl.NutIoc.get(NutIoc.java:210)
	at org.nutz.ioc.impl.NutIoc.get(NutIoc.java:239)
	at org.nutz.dao.test.DaoCase.setUp(DaoCase.java:22)
	at sun.reflect.GeneratedMethodAccessor23.invoke(Unknown Source)
	at sun.reflect.DelegatingMethodAccessorImpl.invoke(DelegatingMethodAccessorImpl.java:43)
	at java.lang.reflect.Method.invoke(Method.java:498)
	at org.junit.runners.model.FrameworkMethod$1.runReflectiveCall(FrameworkMethod.java:44)
	at org.junit.internal.runners.model.ReflectiveCallable.run(ReflectiveCallable.java:15)
	at org.junit.runners.model.FrameworkMethod.invokeExplosively(FrameworkMethod.java:41)
	at org.junit.internal.runners.statements.RunBefores.evaluate(RunBefores.java:27)
	at org.junit.internal.runners.statements.RunAfters.evaluate(RunAfters.java:31)
	at org.junit.runners.BlockJUnit4ClassRunner.runNotIgnored(BlockJUnit4ClassRunner.java:79)
	at org.junit.runners.BlockJUnit4ClassRunner.runChild(BlockJUnit4ClassRunner.java:71)
	at org.junit.runners.BlockJUnit4ClassRunner.runChild(BlockJUnit4ClassRunner.java:49)
	at org.junit.runners.ParentRunner$3.run(ParentRunner.java:193)
	at org.junit.runners.ParentRunner$1.schedule(ParentRunner.java:52)
	at org.junit.runners.ParentRunner.runChildren(ParentRunner.java:191)
	at org.junit.runners.ParentRunner.access$000(ParentRunner.java:42)
	at org.junit.runners.ParentRunner$2.evaluate(ParentRunner.java:184)
	at org.junit.runners.ParentRunner.run(ParentRunner.java:236)
	at org.apache.maven.surefire.junit4.JUnit4Provider.execute(JUnit4Provider.java:283)
	at org.apache.maven.surefire.junit4.JUnit4Provider.executeWithRerun(JUnit4Provider.java:173)
	at org.apache.maven.surefire.junit4.JUnit4Provider.executeTestSet(JUnit4Provider.java:153)
	at org.apache.maven.surefire.junit4.JUnit4Provider.invoke(JUnit4Provider.java:128)
	at org.apache.maven.surefire.booter.ForkedBooter.invokeProviderInSameClassLoader(ForkedBooter.java:203)
	at org.apache.maven.surefire.booter.ForkedBooter.runSuitesInProcess(ForkedBooter.java:155)
	at org.apache.maven.surefire.booter.ForkedBooter.main(ForkedBooter.java:103)
</error>
  </testcase>
  <testcase name="test_use_blob_clob" classname="org.nutz.dao.test.normal.SimpleDaoTest" time="0">
    <error message="IocBean[dao -&gt; dataSource] throw Exception when creating" type="org.nutz.ioc.IocException">org.nutz.ioc.IocException: IocBean[dao -> dataSource] throw Exception when creating
	at org.nutz.ioc.impl.ObjectMakerImpl.make(ObjectMakerImpl.java:150)
	at org.nutz.ioc.impl.NutIoc.get(NutIoc.java:210)
	at org.nutz.ioc.val.ReferValue.get(ReferValue.java:24)
	at org.nutz.ioc.impl.ObjectMakerImpl.make(ObjectMakerImpl.java:62)
	at org.nutz.ioc.impl.NutIoc.get(NutIoc.java:210)
	at org.nutz.ioc.impl.NutIoc.get(NutIoc.java:239)
	at org.nutz.dao.test.DaoCase.setUp(DaoCase.java:22)
	at sun.reflect.GeneratedMethodAccessor23.invoke(Unknown Source)
	at sun.reflect.DelegatingMethodAccessorImpl.invoke(DelegatingMethodAccessorImpl.java:43)
	at java.lang.reflect.Method.invoke(Method.java:498)
	at org.junit.runners.model.FrameworkMethod$1.runReflectiveCall(FrameworkMethod.java:44)
	at org.junit.internal.runners.model.ReflectiveCallable.run(ReflectiveCallable.java:15)
	at org.junit.runners.model.FrameworkMethod.invokeExplosively(FrameworkMethod.java:41)
	at org.junit.internal.runners.statements.RunBefores.evaluate(RunBefores.java:27)
	at org.junit.internal.runners.statements.RunAfters.evaluate(RunAfters.java:31)
	at org.junit.runners.BlockJUnit4ClassRunner.runNotIgnored(BlockJUnit4ClassRunner.java:79)
	at org.junit.runners.BlockJUnit4ClassRunner.runChild(BlockJUnit4ClassRunner.java:71)
	at org.junit.runners.BlockJUnit4ClassRunner.runChild(BlockJUnit4ClassRunner.java:49)
	at org.junit.runners.ParentRunner$3.run(ParentRunner.java:193)
	at org.junit.runners.ParentRunner$1.schedule(ParentRunner.java:52)
	at org.junit.runners.ParentRunner.runChildren(ParentRunner.java:191)
	at org.junit.runners.ParentRunner.access$000(ParentRunner.java:42)
	at org.junit.runners.ParentRunner$2.evaluate(ParentRunner.java:184)
	at org.junit.runners.ParentRunner.run(ParentRunner.java:236)
	at org.apache.maven.surefire.junit4.JUnit4Provider.execute(JUnit4Provider.java:283)
	at org.apache.maven.surefire.junit4.JUnit4Provider.executeWithRerun(JUnit4Provider.java:173)
	at org.apache.maven.surefire.junit4.JUnit4Provider.executeTestSet(JUnit4Provider.java:153)
	at org.apache.maven.surefire.junit4.JUnit4Provider.invoke(JUnit4Provider.java:128)
	at org.apache.maven.surefire.booter.ForkedBooter.invokeProviderInSameClassLoader(ForkedBooter.java:203)
	at org.apache.maven.surefire.booter.ForkedBooter.runSuitesInProcess(ForkedBooter.java:155)
	at org.apache.maven.surefire.booter.ForkedBooter.main(ForkedBooter.java:103)
Caused by: java.lang.RuntimeException: IocBean[dataSource] fail at field=[driverClassName]
	at org.nutz.ioc.weaver.FieldInjector.inject(FieldInjector.java:40)
	at org.nutz.ioc.weaver.DefaultWeaver.fill(DefaultWeaver.java:56)
	at org.nutz.ioc.impl.ObjectMakerImpl.make(ObjectMakerImpl.java:136)
	at org.nutz.ioc.impl.NutIoc.get(NutIoc.java:210)
	at org.nutz.ioc.val.ReferValue.get(ReferValue.java:24)
	at org.nutz.ioc.impl.ObjectMakerImpl.make(ObjectMakerImpl.java:62)
	at org.nutz.ioc.impl.NutIoc.get(NutIoc.java:210)
	at org.nutz.ioc.impl.NutIoc.get(NutIoc.java:239)
	at org.nutz.dao.test.DaoCase.setUp(DaoCase.java:22)
	at sun.reflect.GeneratedMethodAccessor23.invoke(Unknown Source)
	at sun.reflect.DelegatingMethodAccessorImpl.invoke(DelegatingMethodAccessorImpl.java:43)
	at java.lang.reflect.Method.invoke(Method.java:498)
	at org.junit.runners.model.FrameworkMethod$1.runReflectiveCall(FrameworkMethod.java:44)
	at org.junit.internal.runners.model.ReflectiveCallable.run(ReflectiveCallable.java:15)
	at org.junit.runners.model.FrameworkMethod.invokeExplosively(FrameworkMethod.java:41)
	at org.junit.internal.runners.statements.RunBefores.evaluate(RunBefores.java:27)
	at org.junit.internal.runners.statements.RunAfters.evaluate(RunAfters.java:31)
	at org.junit.runners.BlockJUnit4ClassRunner.runNotIgnored(BlockJUnit4ClassRunner.java:79)
	at org.junit.runners.BlockJUnit4ClassRunner.runChild(BlockJUnit4ClassRunner.java:71)
	at org.junit.runners.BlockJUnit4ClassRunner.runChild(BlockJUnit4ClassRunner.java:49)
	at org.junit.runners.ParentRunner$3.run(ParentRunner.java:193)
	at org.junit.runners.ParentRunner$1.schedule(ParentRunner.java:52)
	at org.junit.runners.ParentRunner.runChildren(ParentRunner.java:191)
	at org.junit.runners.ParentRunner.access$000(ParentRunner.java:42)
	at org.junit.runners.ParentRunner$2.evaluate(ParentRunner.java:184)
	at org.junit.runners.ParentRunner.run(ParentRunner.java:236)
	at org.apache.maven.surefire.junit4.JUnit4Provider.execute(JUnit4Provider.java:283)
	at org.apache.maven.surefire.junit4.JUnit4Provider.executeWithRerun(JUnit4Provider.java:173)
	at org.apache.maven.surefire.junit4.JUnit4Provider.executeTestSet(JUnit4Provider.java:153)
	at org.apache.maven.surefire.junit4.JUnit4Provider.invoke(JUnit4Provider.java:128)
	at org.apache.maven.surefire.booter.ForkedBooter.invokeProviderInSameClassLoader(ForkedBooter.java:203)
	at org.apache.maven.surefire.booter.ForkedBooter.runSuitesInProcess(ForkedBooter.java:155)
	at org.apache.maven.surefire.booter.ForkedBooter.main(ForkedBooter.java:103)
Caused by: org.nutz.ioc.IocException: IocBean[config] throw Exception when creating
	at org.nutz.ioc.impl.ObjectMakerImpl.make(ObjectMakerImpl.java:150)
	at org.nutz.ioc.impl.NutIoc.get(NutIoc.java:210)
	at org.nutz.ioc.impl.NutIoc.get(NutIoc.java:239)
	at org.nutz.ioc.java.IocObjectNode.getValue(IocObjectNode.java:19)
	at org.nutz.ioc.java.ChainNode.eval(ChainNode.java:24)
	at org.nutz.ioc.java.ChainNode.eval(ChainNode.java:19)
	at org.nutz.ioc.val.JavaValue.get(JavaValue.java:69)
	at org.nutz.ioc.weaver.FieldInjector.inject(FieldInjector.java:32)
	at org.nutz.ioc.weaver.DefaultWeaver.fill(DefaultWeaver.java:56)
	at org.nutz.ioc.impl.ObjectMakerImpl.make(ObjectMakerImpl.java:136)
	at org.nutz.ioc.impl.NutIoc.get(NutIoc.java:210)
	at org.nutz.ioc.val.ReferValue.get(ReferValue.java:24)
	at org.nutz.ioc.impl.ObjectMakerImpl.make(ObjectMakerImpl.java:62)
	at org.nutz.ioc.impl.NutIoc.get(NutIoc.java:210)
	at org.nutz.ioc.impl.NutIoc.get(NutIoc.java:239)
	at org.nutz.dao.test.DaoCase.setUp(DaoCase.java:22)
	at sun.reflect.GeneratedMethodAccessor23.invoke(Unknown Source)
	at sun.reflect.DelegatingMethodAccessorImpl.invoke(DelegatingMethodAccessorImpl.java:43)
	at java.lang.reflect.Method.invoke(Method.java:498)
	at org.junit.runners.model.FrameworkMethod$1.runReflectiveCall(FrameworkMethod.java:44)
	at org.junit.internal.runners.model.ReflectiveCallable.run(ReflectiveCallable.java:15)
	at org.junit.runners.model.FrameworkMethod.invokeExplosively(FrameworkMethod.java:41)
	at org.junit.internal.runners.statements.RunBefores.evaluate(RunBefores.java:27)
	at org.junit.internal.runners.statements.RunAfters.evaluate(RunAfters.java:31)
	at org.junit.runners.BlockJUnit4ClassRunner.runNotIgnored(BlockJUnit4ClassRunner.java:79)
	at org.junit.runners.BlockJUnit4ClassRunner.runChild(BlockJUnit4ClassRunner.java:71)
	at org.junit.runners.BlockJUnit4ClassRunner.runChild(BlockJUnit4ClassRunner.java:49)
	at org.junit.runners.ParentRunner$3.run(ParentRunner.java:193)
	at org.junit.runners.ParentRunner$1.schedule(ParentRunner.java:52)
	at org.junit.runners.ParentRunner.runChildren(ParentRunner.java:191)
	at org.junit.runners.ParentRunner.access$000(ParentRunner.java:42)
	at org.junit.runners.ParentRunner$2.evaluate(ParentRunner.java:184)
	at org.junit.runners.ParentRunner.run(ParentRunner.java:236)
	at org.apache.maven.surefire.junit4.JUnit4Provider.execute(JUnit4Provider.java:283)
	at org.apache.maven.surefire.junit4.JUnit4Provider.executeWithRerun(JUnit4Provider.java:173)
	at org.apache.maven.surefire.junit4.JUnit4Provider.executeTestSet(JUnit4Provider.java:153)
	at org.apache.maven.surefire.junit4.JUnit4Provider.invoke(JUnit4Provider.java:128)
	at org.apache.maven.surefire.booter.ForkedBooter.invokeProviderInSameClassLoader(ForkedBooter.java:203)
	at org.apache.maven.surefire.booter.ForkedBooter.runSuitesInProcess(ForkedBooter.java:155)
	at org.apache.maven.surefire.booter.ForkedBooter.main(ForkedBooter.java:103)
Caused by: java.lang.RuntimeException: IocBean[config] fail at field=[paths]
	at org.nutz.ioc.weaver.FieldInjector.inject(FieldInjector.java:40)
	at org.nutz.ioc.weaver.DefaultWeaver.fill(DefaultWeaver.java:56)
	at org.nutz.ioc.impl.ObjectMakerImpl.make(ObjectMakerImpl.java:136)
	at org.nutz.ioc.impl.NutIoc.get(NutIoc.java:210)
	at org.nutz.ioc.impl.NutIoc.get(NutIoc.java:239)
	at org.nutz.ioc.java.IocObjectNode.getValue(IocObjectNode.java:19)
	at org.nutz.ioc.java.ChainNode.eval(ChainNode.java:24)
	at org.nutz.ioc.java.ChainNode.eval(ChainNode.java:19)
	at org.nutz.ioc.val.JavaValue.get(JavaValue.java:69)
	at org.nutz.ioc.weaver.FieldInjector.inject(FieldInjector.java:32)
	at org.nutz.ioc.weaver.DefaultWeaver.fill(DefaultWeaver.java:56)
	at org.nutz.ioc.impl.ObjectMakerImpl.make(ObjectMakerImpl.java:136)
	at org.nutz.ioc.impl.NutIoc.get(NutIoc.java:210)
	at org.nutz.ioc.val.ReferValue.get(ReferValue.java:24)
	at org.nutz.ioc.impl.ObjectMakerImpl.make(ObjectMakerImpl.java:62)
	at org.nutz.ioc.impl.NutIoc.get(NutIoc.java:210)
	at org.nutz.ioc.impl.NutIoc.get(NutIoc.java:239)
	at org.nutz.dao.test.DaoCase.setUp(DaoCase.java:22)
	at sun.reflect.GeneratedMethodAccessor23.invoke(Unknown Source)
	at sun.reflect.DelegatingMethodAccessorImpl.invoke(DelegatingMethodAccessorImpl.java:43)
	at java.lang.reflect.Method.invoke(Method.java:498)
	at org.junit.runners.model.FrameworkMethod$1.runReflectiveCall(FrameworkMethod.java:44)
	at org.junit.internal.runners.model.ReflectiveCallable.run(ReflectiveCallable.java:15)
	at org.junit.runners.model.FrameworkMethod.invokeExplosively(FrameworkMethod.java:41)
	at org.junit.internal.runners.statements.RunBefores.evaluate(RunBefores.java:27)
	at org.junit.internal.runners.statements.RunAfters.evaluate(RunAfters.java:31)
	at org.junit.runners.BlockJUnit4ClassRunner.runNotIgnored(BlockJUnit4ClassRunner.java:79)
	at org.junit.runners.BlockJUnit4ClassRunner.runChild(BlockJUnit4ClassRunner.java:71)
	at org.junit.runners.BlockJUnit4ClassRunner.runChild(BlockJUnit4ClassRunner.java:49)
	at org.junit.runners.ParentRunner$3.run(ParentRunner.java:193)
	at org.junit.runners.ParentRunner$1.schedule(ParentRunner.java:52)
	at org.junit.runners.ParentRunner.runChildren(ParentRunner.java:191)
	at org.junit.runners.ParentRunner.access$000(ParentRunner.java:42)
	at org.junit.runners.ParentRunner$2.evaluate(ParentRunner.java:184)
	at org.junit.runners.ParentRunner.run(ParentRunner.java:236)
	at org.apache.maven.surefire.junit4.JUnit4Provider.execute(JUnit4Provider.java:283)
	at org.apache.maven.surefire.junit4.JUnit4Provider.executeWithRerun(JUnit4Provider.java:173)
	at org.apache.maven.surefire.junit4.JUnit4Provider.executeTestSet(JUnit4Provider.java:153)
	at org.apache.maven.surefire.junit4.JUnit4Provider.invoke(JUnit4Provider.java:128)
	at org.apache.maven.surefire.booter.ForkedBooter.invokeProviderInSameClassLoader(ForkedBooter.java:203)
	at org.apache.maven.surefire.booter.ForkedBooter.runSuitesInProcess(ForkedBooter.java:155)
	at org.apache.maven.surefire.booter.ForkedBooter.main(ForkedBooter.java:103)
Caused by: java.lang.RuntimeException: Fail to set '[nutz-test.properties]'[ [Ljava.lang.String;@5382184b ] by setter org.nutz.ioc.impl.PropertiesProxy.'setPaths()' because [java.lang.RuntimeException: folder or file like '^.+[.]properties$' no found in nutz-test.properties]: folder or file like '^.+[.]properties$' no found in nutz-test.properties
	at org.nutz.lang.Lang.wrapThrow(Lang.java:167)
	at org.nutz.lang.inject.InjectBySetter.inject(InjectBySetter.java:62)
	at org.nutz.ioc.weaver.FieldInjector.inject(FieldInjector.java:33)
	at org.nutz.ioc.weaver.DefaultWeaver.fill(DefaultWeaver.java:56)
	at org.nutz.ioc.impl.ObjectMakerImpl.make(ObjectMakerImpl.java:136)
	at org.nutz.ioc.impl.NutIoc.get(NutIoc.java:210)
	at org.nutz.ioc.impl.NutIoc.get(NutIoc.java:239)
	at org.nutz.ioc.java.IocObjectNode.getValue(IocObjectNode.java:19)
	at org.nutz.ioc.java.ChainNode.eval(ChainNode.java:24)
	at org.nutz.ioc.java.ChainNode.eval(ChainNode.java:19)
	at org.nutz.ioc.val.JavaValue.get(JavaValue.java:69)
	at org.nutz.ioc.weaver.FieldInjector.inject(FieldInjector.java:32)
	at org.nutz.ioc.weaver.DefaultWeaver.fill(DefaultWeaver.java:56)
	at org.nutz.ioc.impl.ObjectMakerImpl.make(ObjectMakerImpl.java:136)
	at org.nutz.ioc.impl.NutIoc.get(NutIoc.java:210)
	at org.nutz.ioc.val.ReferValue.get(ReferValue.java:24)
	at org.nutz.ioc.impl.ObjectMakerImpl.make(ObjectMakerImpl.java:62)
	at org.nutz.ioc.impl.NutIoc.get(NutIoc.java:210)
	at org.nutz.ioc.impl.NutIoc.get(NutIoc.java:239)
	at org.nutz.dao.test.DaoCase.setUp(DaoCase.java:22)
	at sun.reflect.GeneratedMethodAccessor23.invoke(Unknown Source)
	at sun.reflect.DelegatingMethodAccessorImpl.invoke(DelegatingMethodAccessorImpl.java:43)
	at java.lang.reflect.Method.invoke(Method.java:498)
	at org.junit.runners.model.FrameworkMethod$1.runReflectiveCall(FrameworkMethod.java:44)
	at org.junit.internal.runners.model.ReflectiveCallable.run(ReflectiveCallable.java:15)
	at org.junit.runners.model.FrameworkMethod.invokeExplosively(FrameworkMethod.java:41)
	at org.junit.internal.runners.statements.RunBefores.evaluate(RunBefores.java:27)
	at org.junit.internal.runners.statements.RunAfters.evaluate(RunAfters.java:31)
	at org.junit.runners.BlockJUnit4ClassRunner.runNotIgnored(BlockJUnit4ClassRunner.java:79)
	at org.junit.runners.BlockJUnit4ClassRunner.runChild(BlockJUnit4ClassRunner.java:71)
	at org.junit.runners.BlockJUnit4ClassRunner.runChild(BlockJUnit4ClassRunner.java:49)
	at org.junit.runners.ParentRunner$3.run(ParentRunner.java:193)
	at org.junit.runners.ParentRunner$1.schedule(ParentRunner.java:52)
	at org.junit.runners.ParentRunner.runChildren(ParentRunner.java:191)
	at org.junit.runners.ParentRunner.access$000(ParentRunner.java:42)
	at org.junit.runners.ParentRunner$2.evaluate(ParentRunner.java:184)
	at org.junit.runners.ParentRunner.run(ParentRunner.java:236)
	at org.apache.maven.surefire.junit4.JUnit4Provider.execute(JUnit4Provider.java:283)
	at org.apache.maven.surefire.junit4.JUnit4Provider.executeWithRerun(JUnit4Provider.java:173)
	at org.apache.maven.surefire.junit4.JUnit4Provider.executeTestSet(JUnit4Provider.java:153)
	at org.apache.maven.surefire.junit4.JUnit4Provider.invoke(JUnit4Provider.java:128)
	at org.apache.maven.surefire.booter.ForkedBooter.invokeProviderInSameClassLoader(ForkedBooter.java:203)
	at org.apache.maven.surefire.booter.ForkedBooter.runSuitesInProcess(ForkedBooter.java:155)
	at org.apache.maven.surefire.booter.ForkedBooter.main(ForkedBooter.java:103)
Caused by: java.lang.RuntimeException: folder or file like '^.+[.]properties$' no found in nutz-test.properties
	at org.nutz.lang.Lang.makeThrow(Lang.java:151)
	at org.nutz.resource.Scans.loadResource(Scans.java:112)
	at org.nutz.ioc.impl.PropertiesProxy.getResources(PropertiesProxy.java:153)
	at org.nutz.ioc.impl.PropertiesProxy.setPaths(PropertiesProxy.java:109)
	at org.nutz.ioc.impl.PropertiesProxy$FM$setPaths$d0275b2b871e237a38f11859247d1599.invoke(PropertiesProxy.java)
	at org.nutz.lang.inject.InjectBySetter.inject(InjectBySetter.java:51)
	at org.nutz.ioc.weaver.FieldInjector.inject(FieldInjector.java:33)
	at org.nutz.ioc.weaver.DefaultWeaver.fill(DefaultWeaver.java:56)
	at org.nutz.ioc.impl.ObjectMakerImpl.make(ObjectMakerImpl.java:136)
	at org.nutz.ioc.impl.NutIoc.get(NutIoc.java:210)
	at org.nutz.ioc.impl.NutIoc.get(NutIoc.java:239)
	at org.nutz.ioc.java.IocObjectNode.getValue(IocObjectNode.java:19)
	at org.nutz.ioc.java.ChainNode.eval(ChainNode.java:24)
	at org.nutz.ioc.java.ChainNode.eval(ChainNode.java:19)
	at org.nutz.ioc.val.JavaValue.get(JavaValue.java:69)
	at org.nutz.ioc.weaver.FieldInjector.inject(FieldInjector.java:32)
	at org.nutz.ioc.weaver.DefaultWeaver.fill(DefaultWeaver.java:56)
	at org.nutz.ioc.impl.ObjectMakerImpl.make(ObjectMakerImpl.java:136)
	at org.nutz.ioc.impl.NutIoc.get(NutIoc.java:210)
	at org.nutz.ioc.val.ReferValue.get(ReferValue.java:24)
	at org.nutz.ioc.impl.ObjectMakerImpl.make(ObjectMakerImpl.java:62)
	at org.nutz.ioc.impl.NutIoc.get(NutIoc.java:210)
	at org.nutz.ioc.impl.NutIoc.get(NutIoc.java:239)
	at org.nutz.dao.test.DaoCase.setUp(DaoCase.java:22)
	at sun.reflect.GeneratedMethodAccessor23.invoke(Unknown Source)
	at sun.reflect.DelegatingMethodAccessorImpl.invoke(DelegatingMethodAccessorImpl.java:43)
	at java.lang.reflect.Method.invoke(Method.java:498)
	at org.junit.runners.model.FrameworkMethod$1.runReflectiveCall(FrameworkMethod.java:44)
	at org.junit.internal.runners.model.ReflectiveCallable.run(ReflectiveCallable.java:15)
	at org.junit.runners.model.FrameworkMethod.invokeExplosively(FrameworkMethod.java:41)
	at org.junit.internal.runners.statements.RunBefores.evaluate(RunBefores.java:27)
	at org.junit.internal.runners.statements.RunAfters.evaluate(RunAfters.java:31)
	at org.junit.runners.BlockJUnit4ClassRunner.runNotIgnored(BlockJUnit4ClassRunner.java:79)
	at org.junit.runners.BlockJUnit4ClassRunner.runChild(BlockJUnit4ClassRunner.java:71)
	at org.junit.runners.BlockJUnit4ClassRunner.runChild(BlockJUnit4ClassRunner.java:49)
	at org.junit.runners.ParentRunner$3.run(ParentRunner.java:193)
	at org.junit.runners.ParentRunner$1.schedule(ParentRunner.java:52)
	at org.junit.runners.ParentRunner.runChildren(ParentRunner.java:191)
	at org.junit.runners.ParentRunner.access$000(ParentRunner.java:42)
	at org.junit.runners.ParentRunner$2.evaluate(ParentRunner.java:184)
	at org.junit.runners.ParentRunner.run(ParentRunner.java:236)
	at org.apache.maven.surefire.junit4.JUnit4Provider.execute(JUnit4Provider.java:283)
	at org.apache.maven.surefire.junit4.JUnit4Provider.executeWithRerun(JUnit4Provider.java:173)
	at org.apache.maven.surefire.junit4.JUnit4Provider.executeTestSet(JUnit4Provider.java:153)
	at org.apache.maven.surefire.junit4.JUnit4Provider.invoke(JUnit4Provider.java:128)
	at org.apache.maven.surefire.booter.ForkedBooter.invokeProviderInSameClassLoader(ForkedBooter.java:203)
	at org.apache.maven.surefire.booter.ForkedBooter.runSuitesInProcess(ForkedBooter.java:155)
	at org.apache.maven.surefire.booter.ForkedBooter.main(ForkedBooter.java:103)
</error>
  </testcase>
  <testcase name="test_migration" classname="org.nutz.dao.test.normal.SimpleDaoTest" time="0.001">
    <error message="IocBean[dao -&gt; dataSource] throw Exception when creating" type="org.nutz.ioc.IocException">org.nutz.ioc.IocException: IocBean[dao -> dataSource] throw Exception when creating
	at org.nutz.ioc.impl.ObjectMakerImpl.make(ObjectMakerImpl.java:150)
	at org.nutz.ioc.impl.NutIoc.get(NutIoc.java:210)
	at org.nutz.ioc.val.ReferValue.get(ReferValue.java:24)
	at org.nutz.ioc.impl.ObjectMakerImpl.make(ObjectMakerImpl.java:62)
	at org.nutz.ioc.impl.NutIoc.get(NutIoc.java:210)
	at org.nutz.ioc.impl.NutIoc.get(NutIoc.java:239)
	at org.nutz.dao.test.DaoCase.setUp(DaoCase.java:22)
	at sun.reflect.GeneratedMethodAccessor23.invoke(Unknown Source)
	at sun.reflect.DelegatingMethodAccessorImpl.invoke(DelegatingMethodAccessorImpl.java:43)
	at java.lang.reflect.Method.invoke(Method.java:498)
	at org.junit.runners.model.FrameworkMethod$1.runReflectiveCall(FrameworkMethod.java:44)
	at org.junit.internal.runners.model.ReflectiveCallable.run(ReflectiveCallable.java:15)
	at org.junit.runners.model.FrameworkMethod.invokeExplosively(FrameworkMethod.java:41)
	at org.junit.internal.runners.statements.RunBefores.evaluate(RunBefores.java:27)
	at org.junit.internal.runners.statements.RunAfters.evaluate(RunAfters.java:31)
	at org.junit.runners.BlockJUnit4ClassRunner.runNotIgnored(BlockJUnit4ClassRunner.java:79)
	at org.junit.runners.BlockJUnit4ClassRunner.runChild(BlockJUnit4ClassRunner.java:71)
	at org.junit.runners.BlockJUnit4ClassRunner.runChild(BlockJUnit4ClassRunner.java:49)
	at org.junit.runners.ParentRunner$3.run(ParentRunner.java:193)
	at org.junit.runners.ParentRunner$1.schedule(ParentRunner.java:52)
	at org.junit.runners.ParentRunner.runChildren(ParentRunner.java:191)
	at org.junit.runners.ParentRunner.access$000(ParentRunner.java:42)
	at org.junit.runners.ParentRunner$2.evaluate(ParentRunner.java:184)
	at org.junit.runners.ParentRunner.run(ParentRunner.java:236)
	at org.apache.maven.surefire.junit4.JUnit4Provider.execute(JUnit4Provider.java:283)
	at org.apache.maven.surefire.junit4.JUnit4Provider.executeWithRerun(JUnit4Provider.java:173)
	at org.apache.maven.surefire.junit4.JUnit4Provider.executeTestSet(JUnit4Provider.java:153)
	at org.apache.maven.surefire.junit4.JUnit4Provider.invoke(JUnit4Provider.java:128)
	at org.apache.maven.surefire.booter.ForkedBooter.invokeProviderInSameClassLoader(ForkedBooter.java:203)
	at org.apache.maven.surefire.booter.ForkedBooter.runSuitesInProcess(ForkedBooter.java:155)
	at org.apache.maven.surefire.booter.ForkedBooter.main(ForkedBooter.java:103)
Caused by: java.lang.RuntimeException: IocBean[dataSource] fail at field=[driverClassName]
	at org.nutz.ioc.weaver.FieldInjector.inject(FieldInjector.java:40)
	at org.nutz.ioc.weaver.DefaultWeaver.fill(DefaultWeaver.java:56)
	at org.nutz.ioc.impl.ObjectMakerImpl.make(ObjectMakerImpl.java:136)
	at org.nutz.ioc.impl.NutIoc.get(NutIoc.java:210)
	at org.nutz.ioc.val.ReferValue.get(ReferValue.java:24)
	at org.nutz.ioc.impl.ObjectMakerImpl.make(ObjectMakerImpl.java:62)
	at org.nutz.ioc.impl.NutIoc.get(NutIoc.java:210)
	at org.nutz.ioc.impl.NutIoc.get(NutIoc.java:239)
	at org.nutz.dao.test.DaoCase.setUp(DaoCase.java:22)
	at sun.reflect.GeneratedMethodAccessor23.invoke(Unknown Source)
	at sun.reflect.DelegatingMethodAccessorImpl.invoke(DelegatingMethodAccessorImpl.java:43)
	at java.lang.reflect.Method.invoke(Method.java:498)
	at org.junit.runners.model.FrameworkMethod$1.runReflectiveCall(FrameworkMethod.java:44)
	at org.junit.internal.runners.model.ReflectiveCallable.run(ReflectiveCallable.java:15)
	at org.junit.runners.model.FrameworkMethod.invokeExplosively(FrameworkMethod.java:41)
	at org.junit.internal.runners.statements.RunBefores.evaluate(RunBefores.java:27)
	at org.junit.internal.runners.statements.RunAfters.evaluate(RunAfters.java:31)
	at org.junit.runners.BlockJUnit4ClassRunner.runNotIgnored(BlockJUnit4ClassRunner.java:79)
	at org.junit.runners.BlockJUnit4ClassRunner.runChild(BlockJUnit4ClassRunner.java:71)
	at org.junit.runners.BlockJUnit4ClassRunner.runChild(BlockJUnit4ClassRunner.java:49)
	at org.junit.runners.ParentRunner$3.run(ParentRunner.java:193)
	at org.junit.runners.ParentRunner$1.schedule(ParentRunner.java:52)
	at org.junit.runners.ParentRunner.runChildren(ParentRunner.java:191)
	at org.junit.runners.ParentRunner.access$000(ParentRunner.java:42)
	at org.junit.runners.ParentRunner$2.evaluate(ParentRunner.java:184)
	at org.junit.runners.ParentRunner.run(ParentRunner.java:236)
	at org.apache.maven.surefire.junit4.JUnit4Provider.execute(JUnit4Provider.java:283)
	at org.apache.maven.surefire.junit4.JUnit4Provider.executeWithRerun(JUnit4Provider.java:173)
	at org.apache.maven.surefire.junit4.JUnit4Provider.executeTestSet(JUnit4Provider.java:153)
	at org.apache.maven.surefire.junit4.JUnit4Provider.invoke(JUnit4Provider.java:128)
	at org.apache.maven.surefire.booter.ForkedBooter.invokeProviderInSameClassLoader(ForkedBooter.java:203)
	at org.apache.maven.surefire.booter.ForkedBooter.runSuitesInProcess(ForkedBooter.java:155)
	at org.apache.maven.surefire.booter.ForkedBooter.main(ForkedBooter.java:103)
Caused by: org.nutz.ioc.IocException: IocBean[config] throw Exception when creating
	at org.nutz.ioc.impl.ObjectMakerImpl.make(ObjectMakerImpl.java:150)
	at org.nutz.ioc.impl.NutIoc.get(NutIoc.java:210)
	at org.nutz.ioc.impl.NutIoc.get(NutIoc.java:239)
	at org.nutz.ioc.java.IocObjectNode.getValue(IocObjectNode.java:19)
	at org.nutz.ioc.java.ChainNode.eval(ChainNode.java:24)
	at org.nutz.ioc.java.ChainNode.eval(ChainNode.java:19)
	at org.nutz.ioc.val.JavaValue.get(JavaValue.java:69)
	at org.nutz.ioc.weaver.FieldInjector.inject(FieldInjector.java:32)
	at org.nutz.ioc.weaver.DefaultWeaver.fill(DefaultWeaver.java:56)
	at org.nutz.ioc.impl.ObjectMakerImpl.make(ObjectMakerImpl.java:136)
	at org.nutz.ioc.impl.NutIoc.get(NutIoc.java:210)
	at org.nutz.ioc.val.ReferValue.get(ReferValue.java:24)
	at org.nutz.ioc.impl.ObjectMakerImpl.make(ObjectMakerImpl.java:62)
	at org.nutz.ioc.impl.NutIoc.get(NutIoc.java:210)
	at org.nutz.ioc.impl.NutIoc.get(NutIoc.java:239)
	at org.nutz.dao.test.DaoCase.setUp(DaoCase.java:22)
	at sun.reflect.GeneratedMethodAccessor23.invoke(Unknown Source)
	at sun.reflect.DelegatingMethodAccessorImpl.invoke(DelegatingMethodAccessorImpl.java:43)
	at java.lang.reflect.Method.invoke(Method.java:498)
	at org.junit.runners.model.FrameworkMethod$1.runReflectiveCall(FrameworkMethod.java:44)
	at org.junit.internal.runners.model.ReflectiveCallable.run(ReflectiveCallable.java:15)
	at org.junit.runners.model.FrameworkMethod.invokeExplosively(FrameworkMethod.java:41)
	at org.junit.internal.runners.statements.RunBefores.evaluate(RunBefores.java:27)
	at org.junit.internal.runners.statements.RunAfters.evaluate(RunAfters.java:31)
	at org.junit.runners.BlockJUnit4ClassRunner.runNotIgnored(BlockJUnit4ClassRunner.java:79)
	at org.junit.runners.BlockJUnit4ClassRunner.runChild(BlockJUnit4ClassRunner.java:71)
	at org.junit.runners.BlockJUnit4ClassRunner.runChild(BlockJUnit4ClassRunner.java:49)
	at org.junit.runners.ParentRunner$3.run(ParentRunner.java:193)
	at org.junit.runners.ParentRunner$1.schedule(ParentRunner.java:52)
	at org.junit.runners.ParentRunner.runChildren(ParentRunner.java:191)
	at org.junit.runners.ParentRunner.access$000(ParentRunner.java:42)
	at org.junit.runners.ParentRunner$2.evaluate(ParentRunner.java:184)
	at org.junit.runners.ParentRunner.run(ParentRunner.java:236)
	at org.apache.maven.surefire.junit4.JUnit4Provider.execute(JUnit4Provider.java:283)
	at org.apache.maven.surefire.junit4.JUnit4Provider.executeWithRerun(JUnit4Provider.java:173)
	at org.apache.maven.surefire.junit4.JUnit4Provider.executeTestSet(JUnit4Provider.java:153)
	at org.apache.maven.surefire.junit4.JUnit4Provider.invoke(JUnit4Provider.java:128)
	at org.apache.maven.surefire.booter.ForkedBooter.invokeProviderInSameClassLoader(ForkedBooter.java:203)
	at org.apache.maven.surefire.booter.ForkedBooter.runSuitesInProcess(ForkedBooter.java:155)
	at org.apache.maven.surefire.booter.ForkedBooter.main(ForkedBooter.java:103)
Caused by: java.lang.RuntimeException: IocBean[config] fail at field=[paths]
	at org.nutz.ioc.weaver.FieldInjector.inject(FieldInjector.java:40)
	at org.nutz.ioc.weaver.DefaultWeaver.fill(DefaultWeaver.java:56)
	at org.nutz.ioc.impl.ObjectMakerImpl.make(ObjectMakerImpl.java:136)
	at org.nutz.ioc.impl.NutIoc.get(NutIoc.java:210)
	at org.nutz.ioc.impl.NutIoc.get(NutIoc.java:239)
	at org.nutz.ioc.java.IocObjectNode.getValue(IocObjectNode.java:19)
	at org.nutz.ioc.java.ChainNode.eval(ChainNode.java:24)
	at org.nutz.ioc.java.ChainNode.eval(ChainNode.java:19)
	at org.nutz.ioc.val.JavaValue.get(JavaValue.java:69)
	at org.nutz.ioc.weaver.FieldInjector.inject(FieldInjector.java:32)
	at org.nutz.ioc.weaver.DefaultWeaver.fill(DefaultWeaver.java:56)
	at org.nutz.ioc.impl.ObjectMakerImpl.make(ObjectMakerImpl.java:136)
	at org.nutz.ioc.impl.NutIoc.get(NutIoc.java:210)
	at org.nutz.ioc.val.ReferValue.get(ReferValue.java:24)
	at org.nutz.ioc.impl.ObjectMakerImpl.make(ObjectMakerImpl.java:62)
	at org.nutz.ioc.impl.NutIoc.get(NutIoc.java:210)
	at org.nutz.ioc.impl.NutIoc.get(NutIoc.java:239)
	at org.nutz.dao.test.DaoCase.setUp(DaoCase.java:22)
	at sun.reflect.GeneratedMethodAccessor23.invoke(Unknown Source)
	at sun.reflect.DelegatingMethodAccessorImpl.invoke(DelegatingMethodAccessorImpl.java:43)
	at java.lang.reflect.Method.invoke(Method.java:498)
	at org.junit.runners.model.FrameworkMethod$1.runReflectiveCall(FrameworkMethod.java:44)
	at org.junit.internal.runners.model.ReflectiveCallable.run(ReflectiveCallable.java:15)
	at org.junit.runners.model.FrameworkMethod.invokeExplosively(FrameworkMethod.java:41)
	at org.junit.internal.runners.statements.RunBefores.evaluate(RunBefores.java:27)
	at org.junit.internal.runners.statements.RunAfters.evaluate(RunAfters.java:31)
	at org.junit.runners.BlockJUnit4ClassRunner.runNotIgnored(BlockJUnit4ClassRunner.java:79)
	at org.junit.runners.BlockJUnit4ClassRunner.runChild(BlockJUnit4ClassRunner.java:71)
	at org.junit.runners.BlockJUnit4ClassRunner.runChild(BlockJUnit4ClassRunner.java:49)
	at org.junit.runners.ParentRunner$3.run(ParentRunner.java:193)
	at org.junit.runners.ParentRunner$1.schedule(ParentRunner.java:52)
	at org.junit.runners.ParentRunner.runChildren(ParentRunner.java:191)
	at org.junit.runners.ParentRunner.access$000(ParentRunner.java:42)
	at org.junit.runners.ParentRunner$2.evaluate(ParentRunner.java:184)
	at org.junit.runners.ParentRunner.run(ParentRunner.java:236)
	at org.apache.maven.surefire.junit4.JUnit4Provider.execute(JUnit4Provider.java:283)
	at org.apache.maven.surefire.junit4.JUnit4Provider.executeWithRerun(JUnit4Provider.java:173)
	at org.apache.maven.surefire.junit4.JUnit4Provider.executeTestSet(JUnit4Provider.java:153)
	at org.apache.maven.surefire.junit4.JUnit4Provider.invoke(JUnit4Provider.java:128)
	at org.apache.maven.surefire.booter.ForkedBooter.invokeProviderInSameClassLoader(ForkedBooter.java:203)
	at org.apache.maven.surefire.booter.ForkedBooter.runSuitesInProcess(ForkedBooter.java:155)
	at org.apache.maven.surefire.booter.ForkedBooter.main(ForkedBooter.java:103)
Caused by: java.lang.RuntimeException: Fail to set '[nutz-test.properties]'[ [Ljava.lang.String;@77cb452c ] by setter org.nutz.ioc.impl.PropertiesProxy.'setPaths()' because [java.lang.RuntimeException: folder or file like '^.+[.]properties$' no found in nutz-test.properties]: folder or file like '^.+[.]properties$' no found in nutz-test.properties
	at org.nutz.lang.Lang.wrapThrow(Lang.java:167)
	at org.nutz.lang.inject.InjectBySetter.inject(InjectBySetter.java:62)
	at org.nutz.ioc.weaver.FieldInjector.inject(FieldInjector.java:33)
	at org.nutz.ioc.weaver.DefaultWeaver.fill(DefaultWeaver.java:56)
	at org.nutz.ioc.impl.ObjectMakerImpl.make(ObjectMakerImpl.java:136)
	at org.nutz.ioc.impl.NutIoc.get(NutIoc.java:210)
	at org.nutz.ioc.impl.NutIoc.get(NutIoc.java:239)
	at org.nutz.ioc.java.IocObjectNode.getValue(IocObjectNode.java:19)
	at org.nutz.ioc.java.ChainNode.eval(ChainNode.java:24)
	at org.nutz.ioc.java.ChainNode.eval(ChainNode.java:19)
	at org.nutz.ioc.val.JavaValue.get(JavaValue.java:69)
	at org.nutz.ioc.weaver.FieldInjector.inject(FieldInjector.java:32)
	at org.nutz.ioc.weaver.DefaultWeaver.fill(DefaultWeaver.java:56)
	at org.nutz.ioc.impl.ObjectMakerImpl.make(ObjectMakerImpl.java:136)
	at org.nutz.ioc.impl.NutIoc.get(NutIoc.java:210)
	at org.nutz.ioc.val.ReferValue.get(ReferValue.java:24)
	at org.nutz.ioc.impl.ObjectMakerImpl.make(ObjectMakerImpl.java:62)
	at org.nutz.ioc.impl.NutIoc.get(NutIoc.java:210)
	at org.nutz.ioc.impl.NutIoc.get(NutIoc.java:239)
	at org.nutz.dao.test.DaoCase.setUp(DaoCase.java:22)
	at sun.reflect.GeneratedMethodAccessor23.invoke(Unknown Source)
	at sun.reflect.DelegatingMethodAccessorImpl.invoke(DelegatingMethodAccessorImpl.java:43)
	at java.lang.reflect.Method.invoke(Method.java:498)
	at org.junit.runners.model.FrameworkMethod$1.runReflectiveCall(FrameworkMethod.java:44)
	at org.junit.internal.runners.model.ReflectiveCallable.run(ReflectiveCallable.java:15)
	at org.junit.runners.model.FrameworkMethod.invokeExplosively(FrameworkMethod.java:41)
	at org.junit.internal.runners.statements.RunBefores.evaluate(RunBefores.java:27)
	at org.junit.internal.runners.statements.RunAfters.evaluate(RunAfters.java:31)
	at org.junit.runners.BlockJUnit4ClassRunner.runNotIgnored(BlockJUnit4ClassRunner.java:79)
	at org.junit.runners.BlockJUnit4ClassRunner.runChild(BlockJUnit4ClassRunner.java:71)
	at org.junit.runners.BlockJUnit4ClassRunner.runChild(BlockJUnit4ClassRunner.java:49)
	at org.junit.runners.ParentRunner$3.run(ParentRunner.java:193)
	at org.junit.runners.ParentRunner$1.schedule(ParentRunner.java:52)
	at org.junit.runners.ParentRunner.runChildren(ParentRunner.java:191)
	at org.junit.runners.ParentRunner.access$000(ParentRunner.java:42)
	at org.junit.runners.ParentRunner$2.evaluate(ParentRunner.java:184)
	at org.junit.runners.ParentRunner.run(ParentRunner.java:236)
	at org.apache.maven.surefire.junit4.JUnit4Provider.execute(JUnit4Provider.java:283)
	at org.apache.maven.surefire.junit4.JUnit4Provider.executeWithRerun(JUnit4Provider.java:173)
	at org.apache.maven.surefire.junit4.JUnit4Provider.executeTestSet(JUnit4Provider.java:153)
	at org.apache.maven.surefire.junit4.JUnit4Provider.invoke(JUnit4Provider.java:128)
	at org.apache.maven.surefire.booter.ForkedBooter.invokeProviderInSameClassLoader(ForkedBooter.java:203)
	at org.apache.maven.surefire.booter.ForkedBooter.runSuitesInProcess(ForkedBooter.java:155)
	at org.apache.maven.surefire.booter.ForkedBooter.main(ForkedBooter.java:103)
Caused by: java.lang.RuntimeException: folder or file like '^.+[.]properties$' no found in nutz-test.properties
	at org.nutz.lang.Lang.makeThrow(Lang.java:151)
	at org.nutz.resource.Scans.loadResource(Scans.java:112)
	at org.nutz.ioc.impl.PropertiesProxy.getResources(PropertiesProxy.java:153)
	at org.nutz.ioc.impl.PropertiesProxy.setPaths(PropertiesProxy.java:109)
	at org.nutz.ioc.impl.PropertiesProxy$FM$setPaths$d0275b2b871e237a38f11859247d1599.invoke(PropertiesProxy.java)
	at org.nutz.lang.inject.InjectBySetter.inject(InjectBySetter.java:51)
	at org.nutz.ioc.weaver.FieldInjector.inject(FieldInjector.java:33)
	at org.nutz.ioc.weaver.DefaultWeaver.fill(DefaultWeaver.java:56)
	at org.nutz.ioc.impl.ObjectMakerImpl.make(ObjectMakerImpl.java:136)
	at org.nutz.ioc.impl.NutIoc.get(NutIoc.java:210)
	at org.nutz.ioc.impl.NutIoc.get(NutIoc.java:239)
	at org.nutz.ioc.java.IocObjectNode.getValue(IocObjectNode.java:19)
	at org.nutz.ioc.java.ChainNode.eval(ChainNode.java:24)
	at org.nutz.ioc.java.ChainNode.eval(ChainNode.java:19)
	at org.nutz.ioc.val.JavaValue.get(JavaValue.java:69)
	at org.nutz.ioc.weaver.FieldInjector.inject(FieldInjector.java:32)
	at org.nutz.ioc.weaver.DefaultWeaver.fill(DefaultWeaver.java:56)
	at org.nutz.ioc.impl.ObjectMakerImpl.make(ObjectMakerImpl.java:136)
	at org.nutz.ioc.impl.NutIoc.get(NutIoc.java:210)
	at org.nutz.ioc.val.ReferValue.get(ReferValue.java:24)
	at org.nutz.ioc.impl.ObjectMakerImpl.make(ObjectMakerImpl.java:62)
	at org.nutz.ioc.impl.NutIoc.get(NutIoc.java:210)
	at org.nutz.ioc.impl.NutIoc.get(NutIoc.java:239)
	at org.nutz.dao.test.DaoCase.setUp(DaoCase.java:22)
	at sun.reflect.GeneratedMethodAccessor23.invoke(Unknown Source)
	at sun.reflect.DelegatingMethodAccessorImpl.invoke(DelegatingMethodAccessorImpl.java:43)
	at java.lang.reflect.Method.invoke(Method.java:498)
	at org.junit.runners.model.FrameworkMethod$1.runReflectiveCall(FrameworkMethod.java:44)
	at org.junit.internal.runners.model.ReflectiveCallable.run(ReflectiveCallable.java:15)
	at org.junit.runners.model.FrameworkMethod.invokeExplosively(FrameworkMethod.java:41)
	at org.junit.internal.runners.statements.RunBefores.evaluate(RunBefores.java:27)
	at org.junit.internal.runners.statements.RunAfters.evaluate(RunAfters.java:31)
	at org.junit.runners.BlockJUnit4ClassRunner.runNotIgnored(BlockJUnit4ClassRunner.java:79)
	at org.junit.runners.BlockJUnit4ClassRunner.runChild(BlockJUnit4ClassRunner.java:71)
	at org.junit.runners.BlockJUnit4ClassRunner.runChild(BlockJUnit4ClassRunner.java:49)
	at org.junit.runners.ParentRunner$3.run(ParentRunner.java:193)
	at org.junit.runners.ParentRunner$1.schedule(ParentRunner.java:52)
	at org.junit.runners.ParentRunner.runChildren(ParentRunner.java:191)
	at org.junit.runners.ParentRunner.access$000(ParentRunner.java:42)
	at org.junit.runners.ParentRunner$2.evaluate(ParentRunner.java:184)
	at org.junit.runners.ParentRunner.run(ParentRunner.java:236)
	at org.apache.maven.surefire.junit4.JUnit4Provider.execute(JUnit4Provider.java:283)
	at org.apache.maven.surefire.junit4.JUnit4Provider.executeWithRerun(JUnit4Provider.java:173)
	at org.apache.maven.surefire.junit4.JUnit4Provider.executeTestSet(JUnit4Provider.java:153)
	at org.apache.maven.surefire.junit4.JUnit4Provider.invoke(JUnit4Provider.java:128)
	at org.apache.maven.surefire.booter.ForkedBooter.invokeProviderInSameClassLoader(ForkedBooter.java:203)
	at org.apache.maven.surefire.booter.ForkedBooter.runSuitesInProcess(ForkedBooter.java:155)
	at org.apache.maven.surefire.booter.ForkedBooter.main(ForkedBooter.java:103)
</error>
  </testcase>
  <testcase name="test_dynamic_migration" classname="org.nutz.dao.test.normal.SimpleDaoTest" time="0">
    <error message="IocBean[dao -&gt; dataSource] throw Exception when creating" type="org.nutz.ioc.IocException">org.nutz.ioc.IocException: IocBean[dao -> dataSource] throw Exception when creating
	at org.nutz.ioc.impl.ObjectMakerImpl.make(ObjectMakerImpl.java:150)
	at org.nutz.ioc.impl.NutIoc.get(NutIoc.java:210)
	at org.nutz.ioc.val.ReferValue.get(ReferValue.java:24)
	at org.nutz.ioc.impl.ObjectMakerImpl.make(ObjectMakerImpl.java:62)
	at org.nutz.ioc.impl.NutIoc.get(NutIoc.java:210)
	at org.nutz.ioc.impl.NutIoc.get(NutIoc.java:239)
	at org.nutz.dao.test.DaoCase.setUp(DaoCase.java:22)
	at sun.reflect.GeneratedMethodAccessor23.invoke(Unknown Source)
	at sun.reflect.DelegatingMethodAccessorImpl.invoke(DelegatingMethodAccessorImpl.java:43)
	at java.lang.reflect.Method.invoke(Method.java:498)
	at org.junit.runners.model.FrameworkMethod$1.runReflectiveCall(FrameworkMethod.java:44)
	at org.junit.internal.runners.model.ReflectiveCallable.run(ReflectiveCallable.java:15)
	at org.junit.runners.model.FrameworkMethod.invokeExplosively(FrameworkMethod.java:41)
	at org.junit.internal.runners.statements.RunBefores.evaluate(RunBefores.java:27)
	at org.junit.internal.runners.statements.RunAfters.evaluate(RunAfters.java:31)
	at org.junit.runners.BlockJUnit4ClassRunner.runNotIgnored(BlockJUnit4ClassRunner.java:79)
	at org.junit.runners.BlockJUnit4ClassRunner.runChild(BlockJUnit4ClassRunner.java:71)
	at org.junit.runners.BlockJUnit4ClassRunner.runChild(BlockJUnit4ClassRunner.java:49)
	at org.junit.runners.ParentRunner$3.run(ParentRunner.java:193)
	at org.junit.runners.ParentRunner$1.schedule(ParentRunner.java:52)
	at org.junit.runners.ParentRunner.runChildren(ParentRunner.java:191)
	at org.junit.runners.ParentRunner.access$000(ParentRunner.java:42)
	at org.junit.runners.ParentRunner$2.evaluate(ParentRunner.java:184)
	at org.junit.runners.ParentRunner.run(ParentRunner.java:236)
	at org.apache.maven.surefire.junit4.JUnit4Provider.execute(JUnit4Provider.java:283)
	at org.apache.maven.surefire.junit4.JUnit4Provider.executeWithRerun(JUnit4Provider.java:173)
	at org.apache.maven.surefire.junit4.JUnit4Provider.executeTestSet(JUnit4Provider.java:153)
	at org.apache.maven.surefire.junit4.JUnit4Provider.invoke(JUnit4Provider.java:128)
	at org.apache.maven.surefire.booter.ForkedBooter.invokeProviderInSameClassLoader(ForkedBooter.java:203)
	at org.apache.maven.surefire.booter.ForkedBooter.runSuitesInProcess(ForkedBooter.java:155)
	at org.apache.maven.surefire.booter.ForkedBooter.main(ForkedBooter.java:103)
Caused by: java.lang.RuntimeException: IocBean[dataSource] fail at field=[driverClassName]
	at org.nutz.ioc.weaver.FieldInjector.inject(FieldInjector.java:40)
	at org.nutz.ioc.weaver.DefaultWeaver.fill(DefaultWeaver.java:56)
	at org.nutz.ioc.impl.ObjectMakerImpl.make(ObjectMakerImpl.java:136)
	at org.nutz.ioc.impl.NutIoc.get(NutIoc.java:210)
	at org.nutz.ioc.val.ReferValue.get(ReferValue.java:24)
	at org.nutz.ioc.impl.ObjectMakerImpl.make(ObjectMakerImpl.java:62)
	at org.nutz.ioc.impl.NutIoc.get(NutIoc.java:210)
	at org.nutz.ioc.impl.NutIoc.get(NutIoc.java:239)
	at org.nutz.dao.test.DaoCase.setUp(DaoCase.java:22)
	at sun.reflect.GeneratedMethodAccessor23.invoke(Unknown Source)
	at sun.reflect.DelegatingMethodAccessorImpl.invoke(DelegatingMethodAccessorImpl.java:43)
	at java.lang.reflect.Method.invoke(Method.java:498)
	at org.junit.runners.model.FrameworkMethod$1.runReflectiveCall(FrameworkMethod.java:44)
	at org.junit.internal.runners.model.ReflectiveCallable.run(ReflectiveCallable.java:15)
	at org.junit.runners.model.FrameworkMethod.invokeExplosively(FrameworkMethod.java:41)
	at org.junit.internal.runners.statements.RunBefores.evaluate(RunBefores.java:27)
	at org.junit.internal.runners.statements.RunAfters.evaluate(RunAfters.java:31)
	at org.junit.runners.BlockJUnit4ClassRunner.runNotIgnored(BlockJUnit4ClassRunner.java:79)
	at org.junit.runners.BlockJUnit4ClassRunner.runChild(BlockJUnit4ClassRunner.java:71)
	at org.junit.runners.BlockJUnit4ClassRunner.runChild(BlockJUnit4ClassRunner.java:49)
	at org.junit.runners.ParentRunner$3.run(ParentRunner.java:193)
	at org.junit.runners.ParentRunner$1.schedule(ParentRunner.java:52)
	at org.junit.runners.ParentRunner.runChildren(ParentRunner.java:191)
	at org.junit.runners.ParentRunner.access$000(ParentRunner.java:42)
	at org.junit.runners.ParentRunner$2.evaluate(ParentRunner.java:184)
	at org.junit.runners.ParentRunner.run(ParentRunner.java:236)
	at org.apache.maven.surefire.junit4.JUnit4Provider.execute(JUnit4Provider.java:283)
	at org.apache.maven.surefire.junit4.JUnit4Provider.executeWithRerun(JUnit4Provider.java:173)
	at org.apache.maven.surefire.junit4.JUnit4Provider.executeTestSet(JUnit4Provider.java:153)
	at org.apache.maven.surefire.junit4.JUnit4Provider.invoke(JUnit4Provider.java:128)
	at org.apache.maven.surefire.booter.ForkedBooter.invokeProviderInSameClassLoader(ForkedBooter.java:203)
	at org.apache.maven.surefire.booter.ForkedBooter.runSuitesInProcess(ForkedBooter.java:155)
	at org.apache.maven.surefire.booter.ForkedBooter.main(ForkedBooter.java:103)
Caused by: org.nutz.ioc.IocException: IocBean[config] throw Exception when creating
	at org.nutz.ioc.impl.ObjectMakerImpl.make(ObjectMakerImpl.java:150)
	at org.nutz.ioc.impl.NutIoc.get(NutIoc.java:210)
	at org.nutz.ioc.impl.NutIoc.get(NutIoc.java:239)
	at org.nutz.ioc.java.IocObjectNode.getValue(IocObjectNode.java:19)
	at org.nutz.ioc.java.ChainNode.eval(ChainNode.java:24)
	at org.nutz.ioc.java.ChainNode.eval(ChainNode.java:19)
	at org.nutz.ioc.val.JavaValue.get(JavaValue.java:69)
	at org.nutz.ioc.weaver.FieldInjector.inject(FieldInjector.java:32)
	at org.nutz.ioc.weaver.DefaultWeaver.fill(DefaultWeaver.java:56)
	at org.nutz.ioc.impl.ObjectMakerImpl.make(ObjectMakerImpl.java:136)
	at org.nutz.ioc.impl.NutIoc.get(NutIoc.java:210)
	at org.nutz.ioc.val.ReferValue.get(ReferValue.java:24)
	at org.nutz.ioc.impl.ObjectMakerImpl.make(ObjectMakerImpl.java:62)
	at org.nutz.ioc.impl.NutIoc.get(NutIoc.java:210)
	at org.nutz.ioc.impl.NutIoc.get(NutIoc.java:239)
	at org.nutz.dao.test.DaoCase.setUp(DaoCase.java:22)
	at sun.reflect.GeneratedMethodAccessor23.invoke(Unknown Source)
	at sun.reflect.DelegatingMethodAccessorImpl.invoke(DelegatingMethodAccessorImpl.java:43)
	at java.lang.reflect.Method.invoke(Method.java:498)
	at org.junit.runners.model.FrameworkMethod$1.runReflectiveCall(FrameworkMethod.java:44)
	at org.junit.internal.runners.model.ReflectiveCallable.run(ReflectiveCallable.java:15)
	at org.junit.runners.model.FrameworkMethod.invokeExplosively(FrameworkMethod.java:41)
	at org.junit.internal.runners.statements.RunBefores.evaluate(RunBefores.java:27)
	at org.junit.internal.runners.statements.RunAfters.evaluate(RunAfters.java:31)
	at org.junit.runners.BlockJUnit4ClassRunner.runNotIgnored(BlockJUnit4ClassRunner.java:79)
	at org.junit.runners.BlockJUnit4ClassRunner.runChild(BlockJUnit4ClassRunner.java:71)
	at org.junit.runners.BlockJUnit4ClassRunner.runChild(BlockJUnit4ClassRunner.java:49)
	at org.junit.runners.ParentRunner$3.run(ParentRunner.java:193)
	at org.junit.runners.ParentRunner$1.schedule(ParentRunner.java:52)
	at org.junit.runners.ParentRunner.runChildren(ParentRunner.java:191)
	at org.junit.runners.ParentRunner.access$000(ParentRunner.java:42)
	at org.junit.runners.ParentRunner$2.evaluate(ParentRunner.java:184)
	at org.junit.runners.ParentRunner.run(ParentRunner.java:236)
	at org.apache.maven.surefire.junit4.JUnit4Provider.execute(JUnit4Provider.java:283)
	at org.apache.maven.surefire.junit4.JUnit4Provider.executeWithRerun(JUnit4Provider.java:173)
	at org.apache.maven.surefire.junit4.JUnit4Provider.executeTestSet(JUnit4Provider.java:153)
	at org.apache.maven.surefire.junit4.JUnit4Provider.invoke(JUnit4Provider.java:128)
	at org.apache.maven.surefire.booter.ForkedBooter.invokeProviderInSameClassLoader(ForkedBooter.java:203)
	at org.apache.maven.surefire.booter.ForkedBooter.runSuitesInProcess(ForkedBooter.java:155)
	at org.apache.maven.surefire.booter.ForkedBooter.main(ForkedBooter.java:103)
Caused by: java.lang.RuntimeException: IocBean[config] fail at field=[paths]
	at org.nutz.ioc.weaver.FieldInjector.inject(FieldInjector.java:40)
	at org.nutz.ioc.weaver.DefaultWeaver.fill(DefaultWeaver.java:56)
	at org.nutz.ioc.impl.ObjectMakerImpl.make(ObjectMakerImpl.java:136)
	at org.nutz.ioc.impl.NutIoc.get(NutIoc.java:210)
	at org.nutz.ioc.impl.NutIoc.get(NutIoc.java:239)
	at org.nutz.ioc.java.IocObjectNode.getValue(IocObjectNode.java:19)
	at org.nutz.ioc.java.ChainNode.eval(ChainNode.java:24)
	at org.nutz.ioc.java.ChainNode.eval(ChainNode.java:19)
	at org.nutz.ioc.val.JavaValue.get(JavaValue.java:69)
	at org.nutz.ioc.weaver.FieldInjector.inject(FieldInjector.java:32)
	at org.nutz.ioc.weaver.DefaultWeaver.fill(DefaultWeaver.java:56)
	at org.nutz.ioc.impl.ObjectMakerImpl.make(ObjectMakerImpl.java:136)
	at org.nutz.ioc.impl.NutIoc.get(NutIoc.java:210)
	at org.nutz.ioc.val.ReferValue.get(ReferValue.java:24)
	at org.nutz.ioc.impl.ObjectMakerImpl.make(ObjectMakerImpl.java:62)
	at org.nutz.ioc.impl.NutIoc.get(NutIoc.java:210)
	at org.nutz.ioc.impl.NutIoc.get(NutIoc.java:239)
	at org.nutz.dao.test.DaoCase.setUp(DaoCase.java:22)
	at sun.reflect.GeneratedMethodAccessor23.invoke(Unknown Source)
	at sun.reflect.DelegatingMethodAccessorImpl.invoke(DelegatingMethodAccessorImpl.java:43)
	at java.lang.reflect.Method.invoke(Method.java:498)
	at org.junit.runners.model.FrameworkMethod$1.runReflectiveCall(FrameworkMethod.java:44)
	at org.junit.internal.runners.model.ReflectiveCallable.run(ReflectiveCallable.java:15)
	at org.junit.runners.model.FrameworkMethod.invokeExplosively(FrameworkMethod.java:41)
	at org.junit.internal.runners.statements.RunBefores.evaluate(RunBefores.java:27)
	at org.junit.internal.runners.statements.RunAfters.evaluate(RunAfters.java:31)
	at org.junit.runners.BlockJUnit4ClassRunner.runNotIgnored(BlockJUnit4ClassRunner.java:79)
	at org.junit.runners.BlockJUnit4ClassRunner.runChild(BlockJUnit4ClassRunner.java:71)
	at org.junit.runners.BlockJUnit4ClassRunner.runChild(BlockJUnit4ClassRunner.java:49)
	at org.junit.runners.ParentRunner$3.run(ParentRunner.java:193)
	at org.junit.runners.ParentRunner$1.schedule(ParentRunner.java:52)
	at org.junit.runners.ParentRunner.runChildren(ParentRunner.java:191)
	at org.junit.runners.ParentRunner.access$000(ParentRunner.java:42)
	at org.junit.runners.ParentRunner$2.evaluate(ParentRunner.java:184)
	at org.junit.runners.ParentRunner.run(ParentRunner.java:236)
	at org.apache.maven.surefire.junit4.JUnit4Provider.execute(JUnit4Provider.java:283)
	at org.apache.maven.surefire.junit4.JUnit4Provider.executeWithRerun(JUnit4Provider.java:173)
	at org.apache.maven.surefire.junit4.JUnit4Provider.executeTestSet(JUnit4Provider.java:153)
	at org.apache.maven.surefire.junit4.JUnit4Provider.invoke(JUnit4Provider.java:128)
	at org.apache.maven.surefire.booter.ForkedBooter.invokeProviderInSameClassLoader(ForkedBooter.java:203)
	at org.apache.maven.surefire.booter.ForkedBooter.runSuitesInProcess(ForkedBooter.java:155)
	at org.apache.maven.surefire.booter.ForkedBooter.main(ForkedBooter.java:103)
Caused by: java.lang.RuntimeException: Fail to set '[nutz-test.properties]'[ [Ljava.lang.String;@2213639b ] by setter org.nutz.ioc.impl.PropertiesProxy.'setPaths()' because [java.lang.RuntimeException: folder or file like '^.+[.]properties$' no found in nutz-test.properties]: folder or file like '^.+[.]properties$' no found in nutz-test.properties
	at org.nutz.lang.Lang.wrapThrow(Lang.java:167)
	at org.nutz.lang.inject.InjectBySetter.inject(InjectBySetter.java:62)
	at org.nutz.ioc.weaver.FieldInjector.inject(FieldInjector.java:33)
	at org.nutz.ioc.weaver.DefaultWeaver.fill(DefaultWeaver.java:56)
	at org.nutz.ioc.impl.ObjectMakerImpl.make(ObjectMakerImpl.java:136)
	at org.nutz.ioc.impl.NutIoc.get(NutIoc.java:210)
	at org.nutz.ioc.impl.NutIoc.get(NutIoc.java:239)
	at org.nutz.ioc.java.IocObjectNode.getValue(IocObjectNode.java:19)
	at org.nutz.ioc.java.ChainNode.eval(ChainNode.java:24)
	at org.nutz.ioc.java.ChainNode.eval(ChainNode.java:19)
	at org.nutz.ioc.val.JavaValue.get(JavaValue.java:69)
	at org.nutz.ioc.weaver.FieldInjector.inject(FieldInjector.java:32)
	at org.nutz.ioc.weaver.DefaultWeaver.fill(DefaultWeaver.java:56)
	at org.nutz.ioc.impl.ObjectMakerImpl.make(ObjectMakerImpl.java:136)
	at org.nutz.ioc.impl.NutIoc.get(NutIoc.java:210)
	at org.nutz.ioc.val.ReferValue.get(ReferValue.java:24)
	at org.nutz.ioc.impl.ObjectMakerImpl.make(ObjectMakerImpl.java:62)
	at org.nutz.ioc.impl.NutIoc.get(NutIoc.java:210)
	at org.nutz.ioc.impl.NutIoc.get(NutIoc.java:239)
	at org.nutz.dao.test.DaoCase.setUp(DaoCase.java:22)
	at sun.reflect.GeneratedMethodAccessor23.invoke(Unknown Source)
	at sun.reflect.DelegatingMethodAccessorImpl.invoke(DelegatingMethodAccessorImpl.java:43)
	at java.lang.reflect.Method.invoke(Method.java:498)
	at org.junit.runners.model.FrameworkMethod$1.runReflectiveCall(FrameworkMethod.java:44)
	at org.junit.internal.runners.model.ReflectiveCallable.run(ReflectiveCallable.java:15)
	at org.junit.runners.model.FrameworkMethod.invokeExplosively(FrameworkMethod.java:41)
	at org.junit.internal.runners.statements.RunBefores.evaluate(RunBefores.java:27)
	at org.junit.internal.runners.statements.RunAfters.evaluate(RunAfters.java:31)
	at org.junit.runners.BlockJUnit4ClassRunner.runNotIgnored(BlockJUnit4ClassRunner.java:79)
	at org.junit.runners.BlockJUnit4ClassRunner.runChild(BlockJUnit4ClassRunner.java:71)
	at org.junit.runners.BlockJUnit4ClassRunner.runChild(BlockJUnit4ClassRunner.java:49)
	at org.junit.runners.ParentRunner$3.run(ParentRunner.java:193)
	at org.junit.runners.ParentRunner$1.schedule(ParentRunner.java:52)
	at org.junit.runners.ParentRunner.runChildren(ParentRunner.java:191)
	at org.junit.runners.ParentRunner.access$000(ParentRunner.java:42)
	at org.junit.runners.ParentRunner$2.evaluate(ParentRunner.java:184)
	at org.junit.runners.ParentRunner.run(ParentRunner.java:236)
	at org.apache.maven.surefire.junit4.JUnit4Provider.execute(JUnit4Provider.java:283)
	at org.apache.maven.surefire.junit4.JUnit4Provider.executeWithRerun(JUnit4Provider.java:173)
	at org.apache.maven.surefire.junit4.JUnit4Provider.executeTestSet(JUnit4Provider.java:153)
	at org.apache.maven.surefire.junit4.JUnit4Provider.invoke(JUnit4Provider.java:128)
	at org.apache.maven.surefire.booter.ForkedBooter.invokeProviderInSameClassLoader(ForkedBooter.java:203)
	at org.apache.maven.surefire.booter.ForkedBooter.runSuitesInProcess(ForkedBooter.java:155)
	at org.apache.maven.surefire.booter.ForkedBooter.main(ForkedBooter.java:103)
Caused by: java.lang.RuntimeException: folder or file like '^.+[.]properties$' no found in nutz-test.properties
	at org.nutz.lang.Lang.makeThrow(Lang.java:151)
	at org.nutz.resource.Scans.loadResource(Scans.java:112)
	at org.nutz.ioc.impl.PropertiesProxy.getResources(PropertiesProxy.java:153)
	at org.nutz.ioc.impl.PropertiesProxy.setPaths(PropertiesProxy.java:109)
	at org.nutz.ioc.impl.PropertiesProxy$FM$setPaths$d0275b2b871e237a38f11859247d1599.invoke(PropertiesProxy.java)
	at org.nutz.lang.inject.InjectBySetter.inject(InjectBySetter.java:51)
	at org.nutz.ioc.weaver.FieldInjector.inject(FieldInjector.java:33)
	at org.nutz.ioc.weaver.DefaultWeaver.fill(DefaultWeaver.java:56)
	at org.nutz.ioc.impl.ObjectMakerImpl.make(ObjectMakerImpl.java:136)
	at org.nutz.ioc.impl.NutIoc.get(NutIoc.java:210)
	at org.nutz.ioc.impl.NutIoc.get(NutIoc.java:239)
	at org.nutz.ioc.java.IocObjectNode.getValue(IocObjectNode.java:19)
	at org.nutz.ioc.java.ChainNode.eval(ChainNode.java:24)
	at org.nutz.ioc.java.ChainNode.eval(ChainNode.java:19)
	at org.nutz.ioc.val.JavaValue.get(JavaValue.java:69)
	at org.nutz.ioc.weaver.FieldInjector.inject(FieldInjector.java:32)
	at org.nutz.ioc.weaver.DefaultWeaver.fill(DefaultWeaver.java:56)
	at org.nutz.ioc.impl.ObjectMakerImpl.make(ObjectMakerImpl.java:136)
	at org.nutz.ioc.impl.NutIoc.get(NutIoc.java:210)
	at org.nutz.ioc.val.ReferValue.get(ReferValue.java:24)
	at org.nutz.ioc.impl.ObjectMakerImpl.make(ObjectMakerImpl.java:62)
	at org.nutz.ioc.impl.NutIoc.get(NutIoc.java:210)
	at org.nutz.ioc.impl.NutIoc.get(NutIoc.java:239)
	at org.nutz.dao.test.DaoCase.setUp(DaoCase.java:22)
	at sun.reflect.GeneratedMethodAccessor23.invoke(Unknown Source)
	at sun.reflect.DelegatingMethodAccessorImpl.invoke(DelegatingMethodAccessorImpl.java:43)
	at java.lang.reflect.Method.invoke(Method.java:498)
	at org.junit.runners.model.FrameworkMethod$1.runReflectiveCall(FrameworkMethod.java:44)
	at org.junit.internal.runners.model.ReflectiveCallable.run(ReflectiveCallable.java:15)
	at org.junit.runners.model.FrameworkMethod.invokeExplosively(FrameworkMethod.java:41)
	at org.junit.internal.runners.statements.RunBefores.evaluate(RunBefores.java:27)
	at org.junit.internal.runners.statements.RunAfters.evaluate(RunAfters.java:31)
	at org.junit.runners.BlockJUnit4ClassRunner.runNotIgnored(BlockJUnit4ClassRunner.java:79)
	at org.junit.runners.BlockJUnit4ClassRunner.runChild(BlockJUnit4ClassRunner.java:71)
	at org.junit.runners.BlockJUnit4ClassRunner.runChild(BlockJUnit4ClassRunner.java:49)
	at org.junit.runners.ParentRunner$3.run(ParentRunner.java:193)
	at org.junit.runners.ParentRunner$1.schedule(ParentRunner.java:52)
	at org.junit.runners.ParentRunner.runChildren(ParentRunner.java:191)
	at org.junit.runners.ParentRunner.access$000(ParentRunner.java:42)
	at org.junit.runners.ParentRunner$2.evaluate(ParentRunner.java:184)
	at org.junit.runners.ParentRunner.run(ParentRunner.java:236)
	at org.apache.maven.surefire.junit4.JUnit4Provider.execute(JUnit4Provider.java:283)
	at org.apache.maven.surefire.junit4.JUnit4Provider.executeWithRerun(JUnit4Provider.java:173)
	at org.apache.maven.surefire.junit4.JUnit4Provider.executeTestSet(JUnit4Provider.java:153)
	at org.apache.maven.surefire.junit4.JUnit4Provider.invoke(JUnit4Provider.java:128)
	at org.apache.maven.surefire.booter.ForkedBooter.invokeProviderInSameClassLoader(ForkedBooter.java:203)
	at org.apache.maven.surefire.booter.ForkedBooter.runSuitesInProcess(ForkedBooter.java:155)
	at org.apache.maven.surefire.booter.ForkedBooter.main(ForkedBooter.java:103)
</error>
  </testcase>
  <testcase name="test_varchar_BigDecimal" classname="org.nutz.dao.test.normal.SimpleDaoTest" time="0">
    <error message="IocBean[dao -&gt; dataSource] throw Exception when creating" type="org.nutz.ioc.IocException">org.nutz.ioc.IocException: IocBean[dao -> dataSource] throw Exception when creating
	at org.nutz.ioc.impl.ObjectMakerImpl.make(ObjectMakerImpl.java:150)
	at org.nutz.ioc.impl.NutIoc.get(NutIoc.java:210)
	at org.nutz.ioc.val.ReferValue.get(ReferValue.java:24)
	at org.nutz.ioc.impl.ObjectMakerImpl.make(ObjectMakerImpl.java:62)
	at org.nutz.ioc.impl.NutIoc.get(NutIoc.java:210)
	at org.nutz.ioc.impl.NutIoc.get(NutIoc.java:239)
	at org.nutz.dao.test.DaoCase.setUp(DaoCase.java:22)
	at sun.reflect.GeneratedMethodAccessor23.invoke(Unknown Source)
	at sun.reflect.DelegatingMethodAccessorImpl.invoke(DelegatingMethodAccessorImpl.java:43)
	at java.lang.reflect.Method.invoke(Method.java:498)
	at org.junit.runners.model.FrameworkMethod$1.runReflectiveCall(FrameworkMethod.java:44)
	at org.junit.internal.runners.model.ReflectiveCallable.run(ReflectiveCallable.java:15)
	at org.junit.runners.model.FrameworkMethod.invokeExplosively(FrameworkMethod.java:41)
	at org.junit.internal.runners.statements.RunBefores.evaluate(RunBefores.java:27)
	at org.junit.internal.runners.statements.RunAfters.evaluate(RunAfters.java:31)
	at org.junit.runners.BlockJUnit4ClassRunner.runNotIgnored(BlockJUnit4ClassRunner.java:79)
	at org.junit.runners.BlockJUnit4ClassRunner.runChild(BlockJUnit4ClassRunner.java:71)
	at org.junit.runners.BlockJUnit4ClassRunner.runChild(BlockJUnit4ClassRunner.java:49)
	at org.junit.runners.ParentRunner$3.run(ParentRunner.java:193)
	at org.junit.runners.ParentRunner$1.schedule(ParentRunner.java:52)
	at org.junit.runners.ParentRunner.runChildren(ParentRunner.java:191)
	at org.junit.runners.ParentRunner.access$000(ParentRunner.java:42)
	at org.junit.runners.ParentRunner$2.evaluate(ParentRunner.java:184)
	at org.junit.runners.ParentRunner.run(ParentRunner.java:236)
	at org.apache.maven.surefire.junit4.JUnit4Provider.execute(JUnit4Provider.java:283)
	at org.apache.maven.surefire.junit4.JUnit4Provider.executeWithRerun(JUnit4Provider.java:173)
	at org.apache.maven.surefire.junit4.JUnit4Provider.executeTestSet(JUnit4Provider.java:153)
	at org.apache.maven.surefire.junit4.JUnit4Provider.invoke(JUnit4Provider.java:128)
	at org.apache.maven.surefire.booter.ForkedBooter.invokeProviderInSameClassLoader(ForkedBooter.java:203)
	at org.apache.maven.surefire.booter.ForkedBooter.runSuitesInProcess(ForkedBooter.java:155)
	at org.apache.maven.surefire.booter.ForkedBooter.main(ForkedBooter.java:103)
Caused by: java.lang.RuntimeException: IocBean[dataSource] fail at field=[driverClassName]
	at org.nutz.ioc.weaver.FieldInjector.inject(FieldInjector.java:40)
	at org.nutz.ioc.weaver.DefaultWeaver.fill(DefaultWeaver.java:56)
	at org.nutz.ioc.impl.ObjectMakerImpl.make(ObjectMakerImpl.java:136)
	at org.nutz.ioc.impl.NutIoc.get(NutIoc.java:210)
	at org.nutz.ioc.val.ReferValue.get(ReferValue.java:24)
	at org.nutz.ioc.impl.ObjectMakerImpl.make(ObjectMakerImpl.java:62)
	at org.nutz.ioc.impl.NutIoc.get(NutIoc.java:210)
	at org.nutz.ioc.impl.NutIoc.get(NutIoc.java:239)
	at org.nutz.dao.test.DaoCase.setUp(DaoCase.java:22)
	at sun.reflect.GeneratedMethodAccessor23.invoke(Unknown Source)
	at sun.reflect.DelegatingMethodAccessorImpl.invoke(DelegatingMethodAccessorImpl.java:43)
	at java.lang.reflect.Method.invoke(Method.java:498)
	at org.junit.runners.model.FrameworkMethod$1.runReflectiveCall(FrameworkMethod.java:44)
	at org.junit.internal.runners.model.ReflectiveCallable.run(ReflectiveCallable.java:15)
	at org.junit.runners.model.FrameworkMethod.invokeExplosively(FrameworkMethod.java:41)
	at org.junit.internal.runners.statements.RunBefores.evaluate(RunBefores.java:27)
	at org.junit.internal.runners.statements.RunAfters.evaluate(RunAfters.java:31)
	at org.junit.runners.BlockJUnit4ClassRunner.runNotIgnored(BlockJUnit4ClassRunner.java:79)
	at org.junit.runners.BlockJUnit4ClassRunner.runChild(BlockJUnit4ClassRunner.java:71)
	at org.junit.runners.BlockJUnit4ClassRunner.runChild(BlockJUnit4ClassRunner.java:49)
	at org.junit.runners.ParentRunner$3.run(ParentRunner.java:193)
	at org.junit.runners.ParentRunner$1.schedule(ParentRunner.java:52)
	at org.junit.runners.ParentRunner.runChildren(ParentRunner.java:191)
	at org.junit.runners.ParentRunner.access$000(ParentRunner.java:42)
	at org.junit.runners.ParentRunner$2.evaluate(ParentRunner.java:184)
	at org.junit.runners.ParentRunner.run(ParentRunner.java:236)
	at org.apache.maven.surefire.junit4.JUnit4Provider.execute(JUnit4Provider.java:283)
	at org.apache.maven.surefire.junit4.JUnit4Provider.executeWithRerun(JUnit4Provider.java:173)
	at org.apache.maven.surefire.junit4.JUnit4Provider.executeTestSet(JUnit4Provider.java:153)
	at org.apache.maven.surefire.junit4.JUnit4Provider.invoke(JUnit4Provider.java:128)
	at org.apache.maven.surefire.booter.ForkedBooter.invokeProviderInSameClassLoader(ForkedBooter.java:203)
	at org.apache.maven.surefire.booter.ForkedBooter.runSuitesInProcess(ForkedBooter.java:155)
	at org.apache.maven.surefire.booter.ForkedBooter.main(ForkedBooter.java:103)
Caused by: org.nutz.ioc.IocException: IocBean[config] throw Exception when creating
	at org.nutz.ioc.impl.ObjectMakerImpl.make(ObjectMakerImpl.java:150)
	at org.nutz.ioc.impl.NutIoc.get(NutIoc.java:210)
	at org.nutz.ioc.impl.NutIoc.get(NutIoc.java:239)
	at org.nutz.ioc.java.IocObjectNode.getValue(IocObjectNode.java:19)
	at org.nutz.ioc.java.ChainNode.eval(ChainNode.java:24)
	at org.nutz.ioc.java.ChainNode.eval(ChainNode.java:19)
	at org.nutz.ioc.val.JavaValue.get(JavaValue.java:69)
	at org.nutz.ioc.weaver.FieldInjector.inject(FieldInjector.java:32)
	at org.nutz.ioc.weaver.DefaultWeaver.fill(DefaultWeaver.java:56)
	at org.nutz.ioc.impl.ObjectMakerImpl.make(ObjectMakerImpl.java:136)
	at org.nutz.ioc.impl.NutIoc.get(NutIoc.java:210)
	at org.nutz.ioc.val.ReferValue.get(ReferValue.java:24)
	at org.nutz.ioc.impl.ObjectMakerImpl.make(ObjectMakerImpl.java:62)
	at org.nutz.ioc.impl.NutIoc.get(NutIoc.java:210)
	at org.nutz.ioc.impl.NutIoc.get(NutIoc.java:239)
	at org.nutz.dao.test.DaoCase.setUp(DaoCase.java:22)
	at sun.reflect.GeneratedMethodAccessor23.invoke(Unknown Source)
	at sun.reflect.DelegatingMethodAccessorImpl.invoke(DelegatingMethodAccessorImpl.java:43)
	at java.lang.reflect.Method.invoke(Method.java:498)
	at org.junit.runners.model.FrameworkMethod$1.runReflectiveCall(FrameworkMethod.java:44)
	at org.junit.internal.runners.model.ReflectiveCallable.run(ReflectiveCallable.java:15)
	at org.junit.runners.model.FrameworkMethod.invokeExplosively(FrameworkMethod.java:41)
	at org.junit.internal.runners.statements.RunBefores.evaluate(RunBefores.java:27)
	at org.junit.internal.runners.statements.RunAfters.evaluate(RunAfters.java:31)
	at org.junit.runners.BlockJUnit4ClassRunner.runNotIgnored(BlockJUnit4ClassRunner.java:79)
	at org.junit.runners.BlockJUnit4ClassRunner.runChild(BlockJUnit4ClassRunner.java:71)
	at org.junit.runners.BlockJUnit4ClassRunner.runChild(BlockJUnit4ClassRunner.java:49)
	at org.junit.runners.ParentRunner$3.run(ParentRunner.java:193)
	at org.junit.runners.ParentRunner$1.schedule(ParentRunner.java:52)
	at org.junit.runners.ParentRunner.runChildren(ParentRunner.java:191)
	at org.junit.runners.ParentRunner.access$000(ParentRunner.java:42)
	at org.junit.runners.ParentRunner$2.evaluate(ParentRunner.java:184)
	at org.junit.runners.ParentRunner.run(ParentRunner.java:236)
	at org.apache.maven.surefire.junit4.JUnit4Provider.execute(JUnit4Provider.java:283)
	at org.apache.maven.surefire.junit4.JUnit4Provider.executeWithRerun(JUnit4Provider.java:173)
	at org.apache.maven.surefire.junit4.JUnit4Provider.executeTestSet(JUnit4Provider.java:153)
	at org.apache.maven.surefire.junit4.JUnit4Provider.invoke(JUnit4Provider.java:128)
	at org.apache.maven.surefire.booter.ForkedBooter.invokeProviderInSameClassLoader(ForkedBooter.java:203)
	at org.apache.maven.surefire.booter.ForkedBooter.runSuitesInProcess(ForkedBooter.java:155)
	at org.apache.maven.surefire.booter.ForkedBooter.main(ForkedBooter.java:103)
Caused by: java.lang.RuntimeException: IocBean[config] fail at field=[paths]
	at org.nutz.ioc.weaver.FieldInjector.inject(FieldInjector.java:40)
	at org.nutz.ioc.weaver.DefaultWeaver.fill(DefaultWeaver.java:56)
	at org.nutz.ioc.impl.ObjectMakerImpl.make(ObjectMakerImpl.java:136)
	at org.nutz.ioc.impl.NutIoc.get(NutIoc.java:210)
	at org.nutz.ioc.impl.NutIoc.get(NutIoc.java:239)
	at org.nutz.ioc.java.IocObjectNode.getValue(IocObjectNode.java:19)
	at org.nutz.ioc.java.ChainNode.eval(ChainNode.java:24)
	at org.nutz.ioc.java.ChainNode.eval(ChainNode.java:19)
	at org.nutz.ioc.val.JavaValue.get(JavaValue.java:69)
	at org.nutz.ioc.weaver.FieldInjector.inject(FieldInjector.java:32)
	at org.nutz.ioc.weaver.DefaultWeaver.fill(DefaultWeaver.java:56)
	at org.nutz.ioc.impl.ObjectMakerImpl.make(ObjectMakerImpl.java:136)
	at org.nutz.ioc.impl.NutIoc.get(NutIoc.java:210)
	at org.nutz.ioc.val.ReferValue.get(ReferValue.java:24)
	at org.nutz.ioc.impl.ObjectMakerImpl.make(ObjectMakerImpl.java:62)
	at org.nutz.ioc.impl.NutIoc.get(NutIoc.java:210)
	at org.nutz.ioc.impl.NutIoc.get(NutIoc.java:239)
	at org.nutz.dao.test.DaoCase.setUp(DaoCase.java:22)
	at sun.reflect.GeneratedMethodAccessor23.invoke(Unknown Source)
	at sun.reflect.DelegatingMethodAccessorImpl.invoke(DelegatingMethodAccessorImpl.java:43)
	at java.lang.reflect.Method.invoke(Method.java:498)
	at org.junit.runners.model.FrameworkMethod$1.runReflectiveCall(FrameworkMethod.java:44)
	at org.junit.internal.runners.model.ReflectiveCallable.run(ReflectiveCallable.java:15)
	at org.junit.runners.model.FrameworkMethod.invokeExplosively(FrameworkMethod.java:41)
	at org.junit.internal.runners.statements.RunBefores.evaluate(RunBefores.java:27)
	at org.junit.internal.runners.statements.RunAfters.evaluate(RunAfters.java:31)
	at org.junit.runners.BlockJUnit4ClassRunner.runNotIgnored(BlockJUnit4ClassRunner.java:79)
	at org.junit.runners.BlockJUnit4ClassRunner.runChild(BlockJUnit4ClassRunner.java:71)
	at org.junit.runners.BlockJUnit4ClassRunner.runChild(BlockJUnit4ClassRunner.java:49)
	at org.junit.runners.ParentRunner$3.run(ParentRunner.java:193)
	at org.junit.runners.ParentRunner$1.schedule(ParentRunner.java:52)
	at org.junit.runners.ParentRunner.runChildren(ParentRunner.java:191)
	at org.junit.runners.ParentRunner.access$000(ParentRunner.java:42)
	at org.junit.runners.ParentRunner$2.evaluate(ParentRunner.java:184)
	at org.junit.runners.ParentRunner.run(ParentRunner.java:236)
	at org.apache.maven.surefire.junit4.JUnit4Provider.execute(JUnit4Provider.java:283)
	at org.apache.maven.surefire.junit4.JUnit4Provider.executeWithRerun(JUnit4Provider.java:173)
	at org.apache.maven.surefire.junit4.JUnit4Provider.executeTestSet(JUnit4Provider.java:153)
	at org.apache.maven.surefire.junit4.JUnit4Provider.invoke(JUnit4Provider.java:128)
	at org.apache.maven.surefire.booter.ForkedBooter.invokeProviderInSameClassLoader(ForkedBooter.java:203)
	at org.apache.maven.surefire.booter.ForkedBooter.runSuitesInProcess(ForkedBooter.java:155)
	at org.apache.maven.surefire.booter.ForkedBooter.main(ForkedBooter.java:103)
Caused by: java.lang.RuntimeException: Fail to set '[nutz-test.properties]'[ [Ljava.lang.String;@2c26ba07 ] by setter org.nutz.ioc.impl.PropertiesProxy.'setPaths()' because [java.lang.RuntimeException: folder or file like '^.+[.]properties$' no found in nutz-test.properties]: folder or file like '^.+[.]properties$' no found in nutz-test.properties
	at org.nutz.lang.Lang.wrapThrow(Lang.java:167)
	at org.nutz.lang.inject.InjectBySetter.inject(InjectBySetter.java:62)
	at org.nutz.ioc.weaver.FieldInjector.inject(FieldInjector.java:33)
	at org.nutz.ioc.weaver.DefaultWeaver.fill(DefaultWeaver.java:56)
	at org.nutz.ioc.impl.ObjectMakerImpl.make(ObjectMakerImpl.java:136)
	at org.nutz.ioc.impl.NutIoc.get(NutIoc.java:210)
	at org.nutz.ioc.impl.NutIoc.get(NutIoc.java:239)
	at org.nutz.ioc.java.IocObjectNode.getValue(IocObjectNode.java:19)
	at org.nutz.ioc.java.ChainNode.eval(ChainNode.java:24)
	at org.nutz.ioc.java.ChainNode.eval(ChainNode.java:19)
	at org.nutz.ioc.val.JavaValue.get(JavaValue.java:69)
	at org.nutz.ioc.weaver.FieldInjector.inject(FieldInjector.java:32)
	at org.nutz.ioc.weaver.DefaultWeaver.fill(DefaultWeaver.java:56)
	at org.nutz.ioc.impl.ObjectMakerImpl.make(ObjectMakerImpl.java:136)
	at org.nutz.ioc.impl.NutIoc.get(NutIoc.java:210)
	at org.nutz.ioc.val.ReferValue.get(ReferValue.java:24)
	at org.nutz.ioc.impl.ObjectMakerImpl.make(ObjectMakerImpl.java:62)
	at org.nutz.ioc.impl.NutIoc.get(NutIoc.java:210)
	at org.nutz.ioc.impl.NutIoc.get(NutIoc.java:239)
	at org.nutz.dao.test.DaoCase.setUp(DaoCase.java:22)
	at sun.reflect.GeneratedMethodAccessor23.invoke(Unknown Source)
	at sun.reflect.DelegatingMethodAccessorImpl.invoke(DelegatingMethodAccessorImpl.java:43)
	at java.lang.reflect.Method.invoke(Method.java:498)
	at org.junit.runners.model.FrameworkMethod$1.runReflectiveCall(FrameworkMethod.java:44)
	at org.junit.internal.runners.model.ReflectiveCallable.run(ReflectiveCallable.java:15)
	at org.junit.runners.model.FrameworkMethod.invokeExplosively(FrameworkMethod.java:41)
	at org.junit.internal.runners.statements.RunBefores.evaluate(RunBefores.java:27)
	at org.junit.internal.runners.statements.RunAfters.evaluate(RunAfters.java:31)
	at org.junit.runners.BlockJUnit4ClassRunner.runNotIgnored(BlockJUnit4ClassRunner.java:79)
	at org.junit.runners.BlockJUnit4ClassRunner.runChild(BlockJUnit4ClassRunner.java:71)
	at org.junit.runners.BlockJUnit4ClassRunner.runChild(BlockJUnit4ClassRunner.java:49)
	at org.junit.runners.ParentRunner$3.run(ParentRunner.java:193)
	at org.junit.runners.ParentRunner$1.schedule(ParentRunner.java:52)
	at org.junit.runners.ParentRunner.runChildren(ParentRunner.java:191)
	at org.junit.runners.ParentRunner.access$000(ParentRunner.java:42)
	at org.junit.runners.ParentRunner$2.evaluate(ParentRunner.java:184)
	at org.junit.runners.ParentRunner.run(ParentRunner.java:236)
	at org.apache.maven.surefire.junit4.JUnit4Provider.execute(JUnit4Provider.java:283)
	at org.apache.maven.surefire.junit4.JUnit4Provider.executeWithRerun(JUnit4Provider.java:173)
	at org.apache.maven.surefire.junit4.JUnit4Provider.executeTestSet(JUnit4Provider.java:153)
	at org.apache.maven.surefire.junit4.JUnit4Provider.invoke(JUnit4Provider.java:128)
	at org.apache.maven.surefire.booter.ForkedBooter.invokeProviderInSameClassLoader(ForkedBooter.java:203)
	at org.apache.maven.surefire.booter.ForkedBooter.runSuitesInProcess(ForkedBooter.java:155)
	at org.apache.maven.surefire.booter.ForkedBooter.main(ForkedBooter.java:103)
Caused by: java.lang.RuntimeException: folder or file like '^.+[.]properties$' no found in nutz-test.properties
	at org.nutz.lang.Lang.makeThrow(Lang.java:151)
	at org.nutz.resource.Scans.loadResource(Scans.java:112)
	at org.nutz.ioc.impl.PropertiesProxy.getResources(PropertiesProxy.java:153)
	at org.nutz.ioc.impl.PropertiesProxy.setPaths(PropertiesProxy.java:109)
	at org.nutz.ioc.impl.PropertiesProxy$FM$setPaths$d0275b2b871e237a38f11859247d1599.invoke(PropertiesProxy.java)
	at org.nutz.lang.inject.InjectBySetter.inject(InjectBySetter.java:51)
	at org.nutz.ioc.weaver.FieldInjector.inject(FieldInjector.java:33)
	at org.nutz.ioc.weaver.DefaultWeaver.fill(DefaultWeaver.java:56)
	at org.nutz.ioc.impl.ObjectMakerImpl.make(ObjectMakerImpl.java:136)
	at org.nutz.ioc.impl.NutIoc.get(NutIoc.java:210)
	at org.nutz.ioc.impl.NutIoc.get(NutIoc.java:239)
	at org.nutz.ioc.java.IocObjectNode.getValue(IocObjectNode.java:19)
	at org.nutz.ioc.java.ChainNode.eval(ChainNode.java:24)
	at org.nutz.ioc.java.ChainNode.eval(ChainNode.java:19)
	at org.nutz.ioc.val.JavaValue.get(JavaValue.java:69)
	at org.nutz.ioc.weaver.FieldInjector.inject(FieldInjector.java:32)
	at org.nutz.ioc.weaver.DefaultWeaver.fill(DefaultWeaver.java:56)
	at org.nutz.ioc.impl.ObjectMakerImpl.make(ObjectMakerImpl.java:136)
	at org.nutz.ioc.impl.NutIoc.get(NutIoc.java:210)
	at org.nutz.ioc.val.ReferValue.get(ReferValue.java:24)
	at org.nutz.ioc.impl.ObjectMakerImpl.make(ObjectMakerImpl.java:62)
	at org.nutz.ioc.impl.NutIoc.get(NutIoc.java:210)
	at org.nutz.ioc.impl.NutIoc.get(NutIoc.java:239)
	at org.nutz.dao.test.DaoCase.setUp(DaoCase.java:22)
	at sun.reflect.GeneratedMethodAccessor23.invoke(Unknown Source)
	at sun.reflect.DelegatingMethodAccessorImpl.invoke(DelegatingMethodAccessorImpl.java:43)
	at java.lang.reflect.Method.invoke(Method.java:498)
	at org.junit.runners.model.FrameworkMethod$1.runReflectiveCall(FrameworkMethod.java:44)
	at org.junit.internal.runners.model.ReflectiveCallable.run(ReflectiveCallable.java:15)
	at org.junit.runners.model.FrameworkMethod.invokeExplosively(FrameworkMethod.java:41)
	at org.junit.internal.runners.statements.RunBefores.evaluate(RunBefores.java:27)
	at org.junit.internal.runners.statements.RunAfters.evaluate(RunAfters.java:31)
	at org.junit.runners.BlockJUnit4ClassRunner.runNotIgnored(BlockJUnit4ClassRunner.java:79)
	at org.junit.runners.BlockJUnit4ClassRunner.runChild(BlockJUnit4ClassRunner.java:71)
	at org.junit.runners.BlockJUnit4ClassRunner.runChild(BlockJUnit4ClassRunner.java:49)
	at org.junit.runners.ParentRunner$3.run(ParentRunner.java:193)
	at org.junit.runners.ParentRunner$1.schedule(ParentRunner.java:52)
	at org.junit.runners.ParentRunner.runChildren(ParentRunner.java:191)
	at org.junit.runners.ParentRunner.access$000(ParentRunner.java:42)
	at org.junit.runners.ParentRunner$2.evaluate(ParentRunner.java:184)
	at org.junit.runners.ParentRunner.run(ParentRunner.java:236)
	at org.apache.maven.surefire.junit4.JUnit4Provider.execute(JUnit4Provider.java:283)
	at org.apache.maven.surefire.junit4.JUnit4Provider.executeWithRerun(JUnit4Provider.java:173)
	at org.apache.maven.surefire.junit4.JUnit4Provider.executeTestSet(JUnit4Provider.java:153)
	at org.apache.maven.surefire.junit4.JUnit4Provider.invoke(JUnit4Provider.java:128)
	at org.apache.maven.surefire.booter.ForkedBooter.invokeProviderInSameClassLoader(ForkedBooter.java:203)
	at org.apache.maven.surefire.booter.ForkedBooter.runSuitesInProcess(ForkedBooter.java:155)
	at org.apache.maven.surefire.booter.ForkedBooter.main(ForkedBooter.java:103)
</error>
  </testcase>
  <testcase name="test_xxx" classname="org.nutz.dao.test.normal.SimpleDaoTest" time="0">
    <error message="IocBean[dao -&gt; dataSource] throw Exception when creating" type="org.nutz.ioc.IocException">org.nutz.ioc.IocException: IocBean[dao -> dataSource] throw Exception when creating
	at org.nutz.ioc.impl.ObjectMakerImpl.make(ObjectMakerImpl.java:150)
	at org.nutz.ioc.impl.NutIoc.get(NutIoc.java:210)
	at org.nutz.ioc.val.ReferValue.get(ReferValue.java:24)
	at org.nutz.ioc.impl.ObjectMakerImpl.make(ObjectMakerImpl.java:62)
	at org.nutz.ioc.impl.NutIoc.get(NutIoc.java:210)
	at org.nutz.ioc.impl.NutIoc.get(NutIoc.java:239)
	at org.nutz.dao.test.DaoCase.setUp(DaoCase.java:22)
	at sun.reflect.GeneratedMethodAccessor23.invoke(Unknown Source)
	at sun.reflect.DelegatingMethodAccessorImpl.invoke(DelegatingMethodAccessorImpl.java:43)
	at java.lang.reflect.Method.invoke(Method.java:498)
	at org.junit.runners.model.FrameworkMethod$1.runReflectiveCall(FrameworkMethod.java:44)
	at org.junit.internal.runners.model.ReflectiveCallable.run(ReflectiveCallable.java:15)
	at org.junit.runners.model.FrameworkMethod.invokeExplosively(FrameworkMethod.java:41)
	at org.junit.internal.runners.statements.RunBefores.evaluate(RunBefores.java:27)
	at org.junit.internal.runners.statements.RunAfters.evaluate(RunAfters.java:31)
	at org.junit.runners.BlockJUnit4ClassRunner.runNotIgnored(BlockJUnit4ClassRunner.java:79)
	at org.junit.runners.BlockJUnit4ClassRunner.runChild(BlockJUnit4ClassRunner.java:71)
	at org.junit.runners.BlockJUnit4ClassRunner.runChild(BlockJUnit4ClassRunner.java:49)
	at org.junit.runners.ParentRunner$3.run(ParentRunner.java:193)
	at org.junit.runners.ParentRunner$1.schedule(ParentRunner.java:52)
	at org.junit.runners.ParentRunner.runChildren(ParentRunner.java:191)
	at org.junit.runners.ParentRunner.access$000(ParentRunner.java:42)
	at org.junit.runners.ParentRunner$2.evaluate(ParentRunner.java:184)
	at org.junit.runners.ParentRunner.run(ParentRunner.java:236)
	at org.apache.maven.surefire.junit4.JUnit4Provider.execute(JUnit4Provider.java:283)
	at org.apache.maven.surefire.junit4.JUnit4Provider.executeWithRerun(JUnit4Provider.java:173)
	at org.apache.maven.surefire.junit4.JUnit4Provider.executeTestSet(JUnit4Provider.java:153)
	at org.apache.maven.surefire.junit4.JUnit4Provider.invoke(JUnit4Provider.java:128)
	at org.apache.maven.surefire.booter.ForkedBooter.invokeProviderInSameClassLoader(ForkedBooter.java:203)
	at org.apache.maven.surefire.booter.ForkedBooter.runSuitesInProcess(ForkedBooter.java:155)
	at org.apache.maven.surefire.booter.ForkedBooter.main(ForkedBooter.java:103)
Caused by: java.lang.RuntimeException: IocBean[dataSource] fail at field=[driverClassName]
	at org.nutz.ioc.weaver.FieldInjector.inject(FieldInjector.java:40)
	at org.nutz.ioc.weaver.DefaultWeaver.fill(DefaultWeaver.java:56)
	at org.nutz.ioc.impl.ObjectMakerImpl.make(ObjectMakerImpl.java:136)
	at org.nutz.ioc.impl.NutIoc.get(NutIoc.java:210)
	at org.nutz.ioc.val.ReferValue.get(ReferValue.java:24)
	at org.nutz.ioc.impl.ObjectMakerImpl.make(ObjectMakerImpl.java:62)
	at org.nutz.ioc.impl.NutIoc.get(NutIoc.java:210)
	at org.nutz.ioc.impl.NutIoc.get(NutIoc.java:239)
	at org.nutz.dao.test.DaoCase.setUp(DaoCase.java:22)
	at sun.reflect.GeneratedMethodAccessor23.invoke(Unknown Source)
	at sun.reflect.DelegatingMethodAccessorImpl.invoke(DelegatingMethodAccessorImpl.java:43)
	at java.lang.reflect.Method.invoke(Method.java:498)
	at org.junit.runners.model.FrameworkMethod$1.runReflectiveCall(FrameworkMethod.java:44)
	at org.junit.internal.runners.model.ReflectiveCallable.run(ReflectiveCallable.java:15)
	at org.junit.runners.model.FrameworkMethod.invokeExplosively(FrameworkMethod.java:41)
	at org.junit.internal.runners.statements.RunBefores.evaluate(RunBefores.java:27)
	at org.junit.internal.runners.statements.RunAfters.evaluate(RunAfters.java:31)
	at org.junit.runners.BlockJUnit4ClassRunner.runNotIgnored(BlockJUnit4ClassRunner.java:79)
	at org.junit.runners.BlockJUnit4ClassRunner.runChild(BlockJUnit4ClassRunner.java:71)
	at org.junit.runners.BlockJUnit4ClassRunner.runChild(BlockJUnit4ClassRunner.java:49)
	at org.junit.runners.ParentRunner$3.run(ParentRunner.java:193)
	at org.junit.runners.ParentRunner$1.schedule(ParentRunner.java:52)
	at org.junit.runners.ParentRunner.runChildren(ParentRunner.java:191)
	at org.junit.runners.ParentRunner.access$000(ParentRunner.java:42)
	at org.junit.runners.ParentRunner$2.evaluate(ParentRunner.java:184)
	at org.junit.runners.ParentRunner.run(ParentRunner.java:236)
	at org.apache.maven.surefire.junit4.JUnit4Provider.execute(JUnit4Provider.java:283)
	at org.apache.maven.surefire.junit4.JUnit4Provider.executeWithRerun(JUnit4Provider.java:173)
	at org.apache.maven.surefire.junit4.JUnit4Provider.executeTestSet(JUnit4Provider.java:153)
	at org.apache.maven.surefire.junit4.JUnit4Provider.invoke(JUnit4Provider.java:128)
	at org.apache.maven.surefire.booter.ForkedBooter.invokeProviderInSameClassLoader(ForkedBooter.java:203)
	at org.apache.maven.surefire.booter.ForkedBooter.runSuitesInProcess(ForkedBooter.java:155)
	at org.apache.maven.surefire.booter.ForkedBooter.main(ForkedBooter.java:103)
Caused by: org.nutz.ioc.IocException: IocBean[config] throw Exception when creating
	at org.nutz.ioc.impl.ObjectMakerImpl.make(ObjectMakerImpl.java:150)
	at org.nutz.ioc.impl.NutIoc.get(NutIoc.java:210)
	at org.nutz.ioc.impl.NutIoc.get(NutIoc.java:239)
	at org.nutz.ioc.java.IocObjectNode.getValue(IocObjectNode.java:19)
	at org.nutz.ioc.java.ChainNode.eval(ChainNode.java:24)
	at org.nutz.ioc.java.ChainNode.eval(ChainNode.java:19)
	at org.nutz.ioc.val.JavaValue.get(JavaValue.java:69)
	at org.nutz.ioc.weaver.FieldInjector.inject(FieldInjector.java:32)
	at org.nutz.ioc.weaver.DefaultWeaver.fill(DefaultWeaver.java:56)
	at org.nutz.ioc.impl.ObjectMakerImpl.make(ObjectMakerImpl.java:136)
	at org.nutz.ioc.impl.NutIoc.get(NutIoc.java:210)
	at org.nutz.ioc.val.ReferValue.get(ReferValue.java:24)
	at org.nutz.ioc.impl.ObjectMakerImpl.make(ObjectMakerImpl.java:62)
	at org.nutz.ioc.impl.NutIoc.get(NutIoc.java:210)
	at org.nutz.ioc.impl.NutIoc.get(NutIoc.java:239)
	at org.nutz.dao.test.DaoCase.setUp(DaoCase.java:22)
	at sun.reflect.GeneratedMethodAccessor23.invoke(Unknown Source)
	at sun.reflect.DelegatingMethodAccessorImpl.invoke(DelegatingMethodAccessorImpl.java:43)
	at java.lang.reflect.Method.invoke(Method.java:498)
	at org.junit.runners.model.FrameworkMethod$1.runReflectiveCall(FrameworkMethod.java:44)
	at org.junit.internal.runners.model.ReflectiveCallable.run(ReflectiveCallable.java:15)
	at org.junit.runners.model.FrameworkMethod.invokeExplosively(FrameworkMethod.java:41)
	at org.junit.internal.runners.statements.RunBefores.evaluate(RunBefores.java:27)
	at org.junit.internal.runners.statements.RunAfters.evaluate(RunAfters.java:31)
	at org.junit.runners.BlockJUnit4ClassRunner.runNotIgnored(BlockJUnit4ClassRunner.java:79)
	at org.junit.runners.BlockJUnit4ClassRunner.runChild(BlockJUnit4ClassRunner.java:71)
	at org.junit.runners.BlockJUnit4ClassRunner.runChild(BlockJUnit4ClassRunner.java:49)
	at org.junit.runners.ParentRunner$3.run(ParentRunner.java:193)
	at org.junit.runners.ParentRunner$1.schedule(ParentRunner.java:52)
	at org.junit.runners.ParentRunner.runChildren(ParentRunner.java:191)
	at org.junit.runners.ParentRunner.access$000(ParentRunner.java:42)
	at org.junit.runners.ParentRunner$2.evaluate(ParentRunner.java:184)
	at org.junit.runners.ParentRunner.run(ParentRunner.java:236)
	at org.apache.maven.surefire.junit4.JUnit4Provider.execute(JUnit4Provider.java:283)
	at org.apache.maven.surefire.junit4.JUnit4Provider.executeWithRerun(JUnit4Provider.java:173)
	at org.apache.maven.surefire.junit4.JUnit4Provider.executeTestSet(JUnit4Provider.java:153)
	at org.apache.maven.surefire.junit4.JUnit4Provider.invoke(JUnit4Provider.java:128)
	at org.apache.maven.surefire.booter.ForkedBooter.invokeProviderInSameClassLoader(ForkedBooter.java:203)
	at org.apache.maven.surefire.booter.ForkedBooter.runSuitesInProcess(ForkedBooter.java:155)
	at org.apache.maven.surefire.booter.ForkedBooter.main(ForkedBooter.java:103)
Caused by: java.lang.RuntimeException: IocBean[config] fail at field=[paths]
	at org.nutz.ioc.weaver.FieldInjector.inject(FieldInjector.java:40)
	at org.nutz.ioc.weaver.DefaultWeaver.fill(DefaultWeaver.java:56)
	at org.nutz.ioc.impl.ObjectMakerImpl.make(ObjectMakerImpl.java:136)
	at org.nutz.ioc.impl.NutIoc.get(NutIoc.java:210)
	at org.nutz.ioc.impl.NutIoc.get(NutIoc.java:239)
	at org.nutz.ioc.java.IocObjectNode.getValue(IocObjectNode.java:19)
	at org.nutz.ioc.java.ChainNode.eval(ChainNode.java:24)
	at org.nutz.ioc.java.ChainNode.eval(ChainNode.java:19)
	at org.nutz.ioc.val.JavaValue.get(JavaValue.java:69)
	at org.nutz.ioc.weaver.FieldInjector.inject(FieldInjector.java:32)
	at org.nutz.ioc.weaver.DefaultWeaver.fill(DefaultWeaver.java:56)
	at org.nutz.ioc.impl.ObjectMakerImpl.make(ObjectMakerImpl.java:136)
	at org.nutz.ioc.impl.NutIoc.get(NutIoc.java:210)
	at org.nutz.ioc.val.ReferValue.get(ReferValue.java:24)
	at org.nutz.ioc.impl.ObjectMakerImpl.make(ObjectMakerImpl.java:62)
	at org.nutz.ioc.impl.NutIoc.get(NutIoc.java:210)
	at org.nutz.ioc.impl.NutIoc.get(NutIoc.java:239)
	at org.nutz.dao.test.DaoCase.setUp(DaoCase.java:22)
	at sun.reflect.GeneratedMethodAccessor23.invoke(Unknown Source)
	at sun.reflect.DelegatingMethodAccessorImpl.invoke(DelegatingMethodAccessorImpl.java:43)
	at java.lang.reflect.Method.invoke(Method.java:498)
	at org.junit.runners.model.FrameworkMethod$1.runReflectiveCall(FrameworkMethod.java:44)
	at org.junit.internal.runners.model.ReflectiveCallable.run(ReflectiveCallable.java:15)
	at org.junit.runners.model.FrameworkMethod.invokeExplosively(FrameworkMethod.java:41)
	at org.junit.internal.runners.statements.RunBefores.evaluate(RunBefores.java:27)
	at org.junit.internal.runners.statements.RunAfters.evaluate(RunAfters.java:31)
	at org.junit.runners.BlockJUnit4ClassRunner.runNotIgnored(BlockJUnit4ClassRunner.java:79)
	at org.junit.runners.BlockJUnit4ClassRunner.runChild(BlockJUnit4ClassRunner.java:71)
	at org.junit.runners.BlockJUnit4ClassRunner.runChild(BlockJUnit4ClassRunner.java:49)
	at org.junit.runners.ParentRunner$3.run(ParentRunner.java:193)
	at org.junit.runners.ParentRunner$1.schedule(ParentRunner.java:52)
	at org.junit.runners.ParentRunner.runChildren(ParentRunner.java:191)
	at org.junit.runners.ParentRunner.access$000(ParentRunner.java:42)
	at org.junit.runners.ParentRunner$2.evaluate(ParentRunner.java:184)
	at org.junit.runners.ParentRunner.run(ParentRunner.java:236)
	at org.apache.maven.surefire.junit4.JUnit4Provider.execute(JUnit4Provider.java:283)
	at org.apache.maven.surefire.junit4.JUnit4Provider.executeWithRerun(JUnit4Provider.java:173)
	at org.apache.maven.surefire.junit4.JUnit4Provider.executeTestSet(JUnit4Provider.java:153)
	at org.apache.maven.surefire.junit4.JUnit4Provider.invoke(JUnit4Provider.java:128)
	at org.apache.maven.surefire.booter.ForkedBooter.invokeProviderInSameClassLoader(ForkedBooter.java:203)
	at org.apache.maven.surefire.booter.ForkedBooter.runSuitesInProcess(ForkedBooter.java:155)
	at org.apache.maven.surefire.booter.ForkedBooter.main(ForkedBooter.java:103)
Caused by: java.lang.RuntimeException: Fail to set '[nutz-test.properties]'[ [Ljava.lang.String;@6f25bf88 ] by setter org.nutz.ioc.impl.PropertiesProxy.'setPaths()' because [java.lang.RuntimeException: folder or file like '^.+[.]properties$' no found in nutz-test.properties]: folder or file like '^.+[.]properties$' no found in nutz-test.properties
	at org.nutz.lang.Lang.wrapThrow(Lang.java:167)
	at org.nutz.lang.inject.InjectBySetter.inject(InjectBySetter.java:62)
	at org.nutz.ioc.weaver.FieldInjector.inject(FieldInjector.java:33)
	at org.nutz.ioc.weaver.DefaultWeaver.fill(DefaultWeaver.java:56)
	at org.nutz.ioc.impl.ObjectMakerImpl.make(ObjectMakerImpl.java:136)
	at org.nutz.ioc.impl.NutIoc.get(NutIoc.java:210)
	at org.nutz.ioc.impl.NutIoc.get(NutIoc.java:239)
	at org.nutz.ioc.java.IocObjectNode.getValue(IocObjectNode.java:19)
	at org.nutz.ioc.java.ChainNode.eval(ChainNode.java:24)
	at org.nutz.ioc.java.ChainNode.eval(ChainNode.java:19)
	at org.nutz.ioc.val.JavaValue.get(JavaValue.java:69)
	at org.nutz.ioc.weaver.FieldInjector.inject(FieldInjector.java:32)
	at org.nutz.ioc.weaver.DefaultWeaver.fill(DefaultWeaver.java:56)
	at org.nutz.ioc.impl.ObjectMakerImpl.make(ObjectMakerImpl.java:136)
	at org.nutz.ioc.impl.NutIoc.get(NutIoc.java:210)
	at org.nutz.ioc.val.ReferValue.get(ReferValue.java:24)
	at org.nutz.ioc.impl.ObjectMakerImpl.make(ObjectMakerImpl.java:62)
	at org.nutz.ioc.impl.NutIoc.get(NutIoc.java:210)
	at org.nutz.ioc.impl.NutIoc.get(NutIoc.java:239)
	at org.nutz.dao.test.DaoCase.setUp(DaoCase.java:22)
	at sun.reflect.GeneratedMethodAccessor23.invoke(Unknown Source)
	at sun.reflect.DelegatingMethodAccessorImpl.invoke(DelegatingMethodAccessorImpl.java:43)
	at java.lang.reflect.Method.invoke(Method.java:498)
	at org.junit.runners.model.FrameworkMethod$1.runReflectiveCall(FrameworkMethod.java:44)
	at org.junit.internal.runners.model.ReflectiveCallable.run(ReflectiveCallable.java:15)
	at org.junit.runners.model.FrameworkMethod.invokeExplosively(FrameworkMethod.java:41)
	at org.junit.internal.runners.statements.RunBefores.evaluate(RunBefores.java:27)
	at org.junit.internal.runners.statements.RunAfters.evaluate(RunAfters.java:31)
	at org.junit.runners.BlockJUnit4ClassRunner.runNotIgnored(BlockJUnit4ClassRunner.java:79)
	at org.junit.runners.BlockJUnit4ClassRunner.runChild(BlockJUnit4ClassRunner.java:71)
	at org.junit.runners.BlockJUnit4ClassRunner.runChild(BlockJUnit4ClassRunner.java:49)
	at org.junit.runners.ParentRunner$3.run(ParentRunner.java:193)
	at org.junit.runners.ParentRunner$1.schedule(ParentRunner.java:52)
	at org.junit.runners.ParentRunner.runChildren(ParentRunner.java:191)
	at org.junit.runners.ParentRunner.access$000(ParentRunner.java:42)
	at org.junit.runners.ParentRunner$2.evaluate(ParentRunner.java:184)
	at org.junit.runners.ParentRunner.run(ParentRunner.java:236)
	at org.apache.maven.surefire.junit4.JUnit4Provider.execute(JUnit4Provider.java:283)
	at org.apache.maven.surefire.junit4.JUnit4Provider.executeWithRerun(JUnit4Provider.java:173)
	at org.apache.maven.surefire.junit4.JUnit4Provider.executeTestSet(JUnit4Provider.java:153)
	at org.apache.maven.surefire.junit4.JUnit4Provider.invoke(JUnit4Provider.java:128)
	at org.apache.maven.surefire.booter.ForkedBooter.invokeProviderInSameClassLoader(ForkedBooter.java:203)
	at org.apache.maven.surefire.booter.ForkedBooter.runSuitesInProcess(ForkedBooter.java:155)
	at org.apache.maven.surefire.booter.ForkedBooter.main(ForkedBooter.java:103)
Caused by: java.lang.RuntimeException: folder or file like '^.+[.]properties$' no found in nutz-test.properties
	at org.nutz.lang.Lang.makeThrow(Lang.java:151)
	at org.nutz.resource.Scans.loadResource(Scans.java:112)
	at org.nutz.ioc.impl.PropertiesProxy.getResources(PropertiesProxy.java:153)
	at org.nutz.ioc.impl.PropertiesProxy.setPaths(PropertiesProxy.java:109)
	at org.nutz.ioc.impl.PropertiesProxy$FM$setPaths$d0275b2b871e237a38f11859247d1599.invoke(PropertiesProxy.java)
	at org.nutz.lang.inject.InjectBySetter.inject(InjectBySetter.java:51)
	at org.nutz.ioc.weaver.FieldInjector.inject(FieldInjector.java:33)
	at org.nutz.ioc.weaver.DefaultWeaver.fill(DefaultWeaver.java:56)
	at org.nutz.ioc.impl.ObjectMakerImpl.make(ObjectMakerImpl.java:136)
	at org.nutz.ioc.impl.NutIoc.get(NutIoc.java:210)
	at org.nutz.ioc.impl.NutIoc.get(NutIoc.java:239)
	at org.nutz.ioc.java.IocObjectNode.getValue(IocObjectNode.java:19)
	at org.nutz.ioc.java.ChainNode.eval(ChainNode.java:24)
	at org.nutz.ioc.java.ChainNode.eval(ChainNode.java:19)
	at org.nutz.ioc.val.JavaValue.get(JavaValue.java:69)
	at org.nutz.ioc.weaver.FieldInjector.inject(FieldInjector.java:32)
	at org.nutz.ioc.weaver.DefaultWeaver.fill(DefaultWeaver.java:56)
	at org.nutz.ioc.impl.ObjectMakerImpl.make(ObjectMakerImpl.java:136)
	at org.nutz.ioc.impl.NutIoc.get(NutIoc.java:210)
	at org.nutz.ioc.val.ReferValue.get(ReferValue.java:24)
	at org.nutz.ioc.impl.ObjectMakerImpl.make(ObjectMakerImpl.java:62)
	at org.nutz.ioc.impl.NutIoc.get(NutIoc.java:210)
	at org.nutz.ioc.impl.NutIoc.get(NutIoc.java:239)
	at org.nutz.dao.test.DaoCase.setUp(DaoCase.java:22)
	at sun.reflect.GeneratedMethodAccessor23.invoke(Unknown Source)
	at sun.reflect.DelegatingMethodAccessorImpl.invoke(DelegatingMethodAccessorImpl.java:43)
	at java.lang.reflect.Method.invoke(Method.java:498)
	at org.junit.runners.model.FrameworkMethod$1.runReflectiveCall(FrameworkMethod.java:44)
	at org.junit.internal.runners.model.ReflectiveCallable.run(ReflectiveCallable.java:15)
	at org.junit.runners.model.FrameworkMethod.invokeExplosively(FrameworkMethod.java:41)
	at org.junit.internal.runners.statements.RunBefores.evaluate(RunBefores.java:27)
	at org.junit.internal.runners.statements.RunAfters.evaluate(RunAfters.java:31)
	at org.junit.runners.BlockJUnit4ClassRunner.runNotIgnored(BlockJUnit4ClassRunner.java:79)
	at org.junit.runners.BlockJUnit4ClassRunner.runChild(BlockJUnit4ClassRunner.java:71)
	at org.junit.runners.BlockJUnit4ClassRunner.runChild(BlockJUnit4ClassRunner.java:49)
	at org.junit.runners.ParentRunner$3.run(ParentRunner.java:193)
	at org.junit.runners.ParentRunner$1.schedule(ParentRunner.java:52)
	at org.junit.runners.ParentRunner.runChildren(ParentRunner.java:191)
	at org.junit.runners.ParentRunner.access$000(ParentRunner.java:42)
	at org.junit.runners.ParentRunner$2.evaluate(ParentRunner.java:184)
	at org.junit.runners.ParentRunner.run(ParentRunner.java:236)
	at org.apache.maven.surefire.junit4.JUnit4Provider.execute(JUnit4Provider.java:283)
	at org.apache.maven.surefire.junit4.JUnit4Provider.executeWithRerun(JUnit4Provider.java:173)
	at org.apache.maven.surefire.junit4.JUnit4Provider.executeTestSet(JUnit4Provider.java:153)
	at org.apache.maven.surefire.junit4.JUnit4Provider.invoke(JUnit4Provider.java:128)
	at org.apache.maven.surefire.booter.ForkedBooter.invokeProviderInSameClassLoader(ForkedBooter.java:203)
	at org.apache.maven.surefire.booter.ForkedBooter.runSuitesInProcess(ForkedBooter.java:155)
	at org.apache.maven.surefire.booter.ForkedBooter.main(ForkedBooter.java:103)
</error>
  </testcase>
  <testcase name="test_issue_918" classname="org.nutz.dao.test.normal.SimpleDaoTest" time="0">
    <error message="IocBean[dao -&gt; dataSource] throw Exception when creating" type="org.nutz.ioc.IocException">org.nutz.ioc.IocException: IocBean[dao -> dataSource] throw Exception when creating
	at org.nutz.ioc.impl.ObjectMakerImpl.make(ObjectMakerImpl.java:150)
	at org.nutz.ioc.impl.NutIoc.get(NutIoc.java:210)
	at org.nutz.ioc.val.ReferValue.get(ReferValue.java:24)
	at org.nutz.ioc.impl.ObjectMakerImpl.make(ObjectMakerImpl.java:62)
	at org.nutz.ioc.impl.NutIoc.get(NutIoc.java:210)
	at org.nutz.ioc.impl.NutIoc.get(NutIoc.java:239)
	at org.nutz.dao.test.DaoCase.setUp(DaoCase.java:22)
	at sun.reflect.GeneratedMethodAccessor23.invoke(Unknown Source)
	at sun.reflect.DelegatingMethodAccessorImpl.invoke(DelegatingMethodAccessorImpl.java:43)
	at java.lang.reflect.Method.invoke(Method.java:498)
	at org.junit.runners.model.FrameworkMethod$1.runReflectiveCall(FrameworkMethod.java:44)
	at org.junit.internal.runners.model.ReflectiveCallable.run(ReflectiveCallable.java:15)
	at org.junit.runners.model.FrameworkMethod.invokeExplosively(FrameworkMethod.java:41)
	at org.junit.internal.runners.statements.RunBefores.evaluate(RunBefores.java:27)
	at org.junit.internal.runners.statements.RunAfters.evaluate(RunAfters.java:31)
	at org.junit.runners.BlockJUnit4ClassRunner.runNotIgnored(BlockJUnit4ClassRunner.java:79)
	at org.junit.runners.BlockJUnit4ClassRunner.runChild(BlockJUnit4ClassRunner.java:71)
	at org.junit.runners.BlockJUnit4ClassRunner.runChild(BlockJUnit4ClassRunner.java:49)
	at org.junit.runners.ParentRunner$3.run(ParentRunner.java:193)
	at org.junit.runners.ParentRunner$1.schedule(ParentRunner.java:52)
	at org.junit.runners.ParentRunner.runChildren(ParentRunner.java:191)
	at org.junit.runners.ParentRunner.access$000(ParentRunner.java:42)
	at org.junit.runners.ParentRunner$2.evaluate(ParentRunner.java:184)
	at org.junit.runners.ParentRunner.run(ParentRunner.java:236)
	at org.apache.maven.surefire.junit4.JUnit4Provider.execute(JUnit4Provider.java:283)
	at org.apache.maven.surefire.junit4.JUnit4Provider.executeWithRerun(JUnit4Provider.java:173)
	at org.apache.maven.surefire.junit4.JUnit4Provider.executeTestSet(JUnit4Provider.java:153)
	at org.apache.maven.surefire.junit4.JUnit4Provider.invoke(JUnit4Provider.java:128)
	at org.apache.maven.surefire.booter.ForkedBooter.invokeProviderInSameClassLoader(ForkedBooter.java:203)
	at org.apache.maven.surefire.booter.ForkedBooter.runSuitesInProcess(ForkedBooter.java:155)
	at org.apache.maven.surefire.booter.ForkedBooter.main(ForkedBooter.java:103)
Caused by: java.lang.RuntimeException: IocBean[dataSource] fail at field=[driverClassName]
	at org.nutz.ioc.weaver.FieldInjector.inject(FieldInjector.java:40)
	at org.nutz.ioc.weaver.DefaultWeaver.fill(DefaultWeaver.java:56)
	at org.nutz.ioc.impl.ObjectMakerImpl.make(ObjectMakerImpl.java:136)
	at org.nutz.ioc.impl.NutIoc.get(NutIoc.java:210)
	at org.nutz.ioc.val.ReferValue.get(ReferValue.java:24)
	at org.nutz.ioc.impl.ObjectMakerImpl.make(ObjectMakerImpl.java:62)
	at org.nutz.ioc.impl.NutIoc.get(NutIoc.java:210)
	at org.nutz.ioc.impl.NutIoc.get(NutIoc.java:239)
	at org.nutz.dao.test.DaoCase.setUp(DaoCase.java:22)
	at sun.reflect.GeneratedMethodAccessor23.invoke(Unknown Source)
	at sun.reflect.DelegatingMethodAccessorImpl.invoke(DelegatingMethodAccessorImpl.java:43)
	at java.lang.reflect.Method.invoke(Method.java:498)
	at org.junit.runners.model.FrameworkMethod$1.runReflectiveCall(FrameworkMethod.java:44)
	at org.junit.internal.runners.model.ReflectiveCallable.run(ReflectiveCallable.java:15)
	at org.junit.runners.model.FrameworkMethod.invokeExplosively(FrameworkMethod.java:41)
	at org.junit.internal.runners.statements.RunBefores.evaluate(RunBefores.java:27)
	at org.junit.internal.runners.statements.RunAfters.evaluate(RunAfters.java:31)
	at org.junit.runners.BlockJUnit4ClassRunner.runNotIgnored(BlockJUnit4ClassRunner.java:79)
	at org.junit.runners.BlockJUnit4ClassRunner.runChild(BlockJUnit4ClassRunner.java:71)
	at org.junit.runners.BlockJUnit4ClassRunner.runChild(BlockJUnit4ClassRunner.java:49)
	at org.junit.runners.ParentRunner$3.run(ParentRunner.java:193)
	at org.junit.runners.ParentRunner$1.schedule(ParentRunner.java:52)
	at org.junit.runners.ParentRunner.runChildren(ParentRunner.java:191)
	at org.junit.runners.ParentRunner.access$000(ParentRunner.java:42)
	at org.junit.runners.ParentRunner$2.evaluate(ParentRunner.java:184)
	at org.junit.runners.ParentRunner.run(ParentRunner.java:236)
	at org.apache.maven.surefire.junit4.JUnit4Provider.execute(JUnit4Provider.java:283)
	at org.apache.maven.surefire.junit4.JUnit4Provider.executeWithRerun(JUnit4Provider.java:173)
	at org.apache.maven.surefire.junit4.JUnit4Provider.executeTestSet(JUnit4Provider.java:153)
	at org.apache.maven.surefire.junit4.JUnit4Provider.invoke(JUnit4Provider.java:128)
	at org.apache.maven.surefire.booter.ForkedBooter.invokeProviderInSameClassLoader(ForkedBooter.java:203)
	at org.apache.maven.surefire.booter.ForkedBooter.runSuitesInProcess(ForkedBooter.java:155)
	at org.apache.maven.surefire.booter.ForkedBooter.main(ForkedBooter.java:103)
Caused by: org.nutz.ioc.IocException: IocBean[config] throw Exception when creating
	at org.nutz.ioc.impl.ObjectMakerImpl.make(ObjectMakerImpl.java:150)
	at org.nutz.ioc.impl.NutIoc.get(NutIoc.java:210)
	at org.nutz.ioc.impl.NutIoc.get(NutIoc.java:239)
	at org.nutz.ioc.java.IocObjectNode.getValue(IocObjectNode.java:19)
	at org.nutz.ioc.java.ChainNode.eval(ChainNode.java:24)
	at org.nutz.ioc.java.ChainNode.eval(ChainNode.java:19)
	at org.nutz.ioc.val.JavaValue.get(JavaValue.java:69)
	at org.nutz.ioc.weaver.FieldInjector.inject(FieldInjector.java:32)
	at org.nutz.ioc.weaver.DefaultWeaver.fill(DefaultWeaver.java:56)
	at org.nutz.ioc.impl.ObjectMakerImpl.make(ObjectMakerImpl.java:136)
	at org.nutz.ioc.impl.NutIoc.get(NutIoc.java:210)
	at org.nutz.ioc.val.ReferValue.get(ReferValue.java:24)
	at org.nutz.ioc.impl.ObjectMakerImpl.make(ObjectMakerImpl.java:62)
	at org.nutz.ioc.impl.NutIoc.get(NutIoc.java:210)
	at org.nutz.ioc.impl.NutIoc.get(NutIoc.java:239)
	at org.nutz.dao.test.DaoCase.setUp(DaoCase.java:22)
	at sun.reflect.GeneratedMethodAccessor23.invoke(Unknown Source)
	at sun.reflect.DelegatingMethodAccessorImpl.invoke(DelegatingMethodAccessorImpl.java:43)
	at java.lang.reflect.Method.invoke(Method.java:498)
	at org.junit.runners.model.FrameworkMethod$1.runReflectiveCall(FrameworkMethod.java:44)
	at org.junit.internal.runners.model.ReflectiveCallable.run(ReflectiveCallable.java:15)
	at org.junit.runners.model.FrameworkMethod.invokeExplosively(FrameworkMethod.java:41)
	at org.junit.internal.runners.statements.RunBefores.evaluate(RunBefores.java:27)
	at org.junit.internal.runners.statements.RunAfters.evaluate(RunAfters.java:31)
	at org.junit.runners.BlockJUnit4ClassRunner.runNotIgnored(BlockJUnit4ClassRunner.java:79)
	at org.junit.runners.BlockJUnit4ClassRunner.runChild(BlockJUnit4ClassRunner.java:71)
	at org.junit.runners.BlockJUnit4ClassRunner.runChild(BlockJUnit4ClassRunner.java:49)
	at org.junit.runners.ParentRunner$3.run(ParentRunner.java:193)
	at org.junit.runners.ParentRunner$1.schedule(ParentRunner.java:52)
	at org.junit.runners.ParentRunner.runChildren(ParentRunner.java:191)
	at org.junit.runners.ParentRunner.access$000(ParentRunner.java:42)
	at org.junit.runners.ParentRunner$2.evaluate(ParentRunner.java:184)
	at org.junit.runners.ParentRunner.run(ParentRunner.java:236)
	at org.apache.maven.surefire.junit4.JUnit4Provider.execute(JUnit4Provider.java:283)
	at org.apache.maven.surefire.junit4.JUnit4Provider.executeWithRerun(JUnit4Provider.java:173)
	at org.apache.maven.surefire.junit4.JUnit4Provider.executeTestSet(JUnit4Provider.java:153)
	at org.apache.maven.surefire.junit4.JUnit4Provider.invoke(JUnit4Provider.java:128)
	at org.apache.maven.surefire.booter.ForkedBooter.invokeProviderInSameClassLoader(ForkedBooter.java:203)
	at org.apache.maven.surefire.booter.ForkedBooter.runSuitesInProcess(ForkedBooter.java:155)
	at org.apache.maven.surefire.booter.ForkedBooter.main(ForkedBooter.java:103)
Caused by: java.lang.RuntimeException: IocBean[config] fail at field=[paths]
	at org.nutz.ioc.weaver.FieldInjector.inject(FieldInjector.java:40)
	at org.nutz.ioc.weaver.DefaultWeaver.fill(DefaultWeaver.java:56)
	at org.nutz.ioc.impl.ObjectMakerImpl.make(ObjectMakerImpl.java:136)
	at org.nutz.ioc.impl.NutIoc.get(NutIoc.java:210)
	at org.nutz.ioc.impl.NutIoc.get(NutIoc.java:239)
	at org.nutz.ioc.java.IocObjectNode.getValue(IocObjectNode.java:19)
	at org.nutz.ioc.java.ChainNode.eval(ChainNode.java:24)
	at org.nutz.ioc.java.ChainNode.eval(ChainNode.java:19)
	at org.nutz.ioc.val.JavaValue.get(JavaValue.java:69)
	at org.nutz.ioc.weaver.FieldInjector.inject(FieldInjector.java:32)
	at org.nutz.ioc.weaver.DefaultWeaver.fill(DefaultWeaver.java:56)
	at org.nutz.ioc.impl.ObjectMakerImpl.make(ObjectMakerImpl.java:136)
	at org.nutz.ioc.impl.NutIoc.get(NutIoc.java:210)
	at org.nutz.ioc.val.ReferValue.get(ReferValue.java:24)
	at org.nutz.ioc.impl.ObjectMakerImpl.make(ObjectMakerImpl.java:62)
	at org.nutz.ioc.impl.NutIoc.get(NutIoc.java:210)
	at org.nutz.ioc.impl.NutIoc.get(NutIoc.java:239)
	at org.nutz.dao.test.DaoCase.setUp(DaoCase.java:22)
	at sun.reflect.GeneratedMethodAccessor23.invoke(Unknown Source)
	at sun.reflect.DelegatingMethodAccessorImpl.invoke(DelegatingMethodAccessorImpl.java:43)
	at java.lang.reflect.Method.invoke(Method.java:498)
	at org.junit.runners.model.FrameworkMethod$1.runReflectiveCall(FrameworkMethod.java:44)
	at org.junit.internal.runners.model.ReflectiveCallable.run(ReflectiveCallable.java:15)
	at org.junit.runners.model.FrameworkMethod.invokeExplosively(FrameworkMethod.java:41)
	at org.junit.internal.runners.statements.RunBefores.evaluate(RunBefores.java:27)
	at org.junit.internal.runners.statements.RunAfters.evaluate(RunAfters.java:31)
	at org.junit.runners.BlockJUnit4ClassRunner.runNotIgnored(BlockJUnit4ClassRunner.java:79)
	at org.junit.runners.BlockJUnit4ClassRunner.runChild(BlockJUnit4ClassRunner.java:71)
	at org.junit.runners.BlockJUnit4ClassRunner.runChild(BlockJUnit4ClassRunner.java:49)
	at org.junit.runners.ParentRunner$3.run(ParentRunner.java:193)
	at org.junit.runners.ParentRunner$1.schedule(ParentRunner.java:52)
	at org.junit.runners.ParentRunner.runChildren(ParentRunner.java:191)
	at org.junit.runners.ParentRunner.access$000(ParentRunner.java:42)
	at org.junit.runners.ParentRunner$2.evaluate(ParentRunner.java:184)
	at org.junit.runners.ParentRunner.run(ParentRunner.java:236)
	at org.apache.maven.surefire.junit4.JUnit4Provider.execute(JUnit4Provider.java:283)
	at org.apache.maven.surefire.junit4.JUnit4Provider.executeWithRerun(JUnit4Provider.java:173)
	at org.apache.maven.surefire.junit4.JUnit4Provider.executeTestSet(JUnit4Provider.java:153)
	at org.apache.maven.surefire.junit4.JUnit4Provider.invoke(JUnit4Provider.java:128)
	at org.apache.maven.surefire.booter.ForkedBooter.invokeProviderInSameClassLoader(ForkedBooter.java:203)
	at org.apache.maven.surefire.booter.ForkedBooter.runSuitesInProcess(ForkedBooter.java:155)
	at org.apache.maven.surefire.booter.ForkedBooter.main(ForkedBooter.java:103)
Caused by: java.lang.RuntimeException: Fail to set '[nutz-test.properties]'[ [Ljava.lang.String;@42ea7565 ] by setter org.nutz.ioc.impl.PropertiesProxy.'setPaths()' because [java.lang.RuntimeException: folder or file like '^.+[.]properties$' no found in nutz-test.properties]: folder or file like '^.+[.]properties$' no found in nutz-test.properties
	at org.nutz.lang.Lang.wrapThrow(Lang.java:167)
	at org.nutz.lang.inject.InjectBySetter.inject(InjectBySetter.java:62)
	at org.nutz.ioc.weaver.FieldInjector.inject(FieldInjector.java:33)
	at org.nutz.ioc.weaver.DefaultWeaver.fill(DefaultWeaver.java:56)
	at org.nutz.ioc.impl.ObjectMakerImpl.make(ObjectMakerImpl.java:136)
	at org.nutz.ioc.impl.NutIoc.get(NutIoc.java:210)
	at org.nutz.ioc.impl.NutIoc.get(NutIoc.java:239)
	at org.nutz.ioc.java.IocObjectNode.getValue(IocObjectNode.java:19)
	at org.nutz.ioc.java.ChainNode.eval(ChainNode.java:24)
	at org.nutz.ioc.java.ChainNode.eval(ChainNode.java:19)
	at org.nutz.ioc.val.JavaValue.get(JavaValue.java:69)
	at org.nutz.ioc.weaver.FieldInjector.inject(FieldInjector.java:32)
	at org.nutz.ioc.weaver.DefaultWeaver.fill(DefaultWeaver.java:56)
	at org.nutz.ioc.impl.ObjectMakerImpl.make(ObjectMakerImpl.java:136)
	at org.nutz.ioc.impl.NutIoc.get(NutIoc.java:210)
	at org.nutz.ioc.val.ReferValue.get(ReferValue.java:24)
	at org.nutz.ioc.impl.ObjectMakerImpl.make(ObjectMakerImpl.java:62)
	at org.nutz.ioc.impl.NutIoc.get(NutIoc.java:210)
	at org.nutz.ioc.impl.NutIoc.get(NutIoc.java:239)
	at org.nutz.dao.test.DaoCase.setUp(DaoCase.java:22)
	at sun.reflect.GeneratedMethodAccessor23.invoke(Unknown Source)
	at sun.reflect.DelegatingMethodAccessorImpl.invoke(DelegatingMethodAccessorImpl.java:43)
	at java.lang.reflect.Method.invoke(Method.java:498)
	at org.junit.runners.model.FrameworkMethod$1.runReflectiveCall(FrameworkMethod.java:44)
	at org.junit.internal.runners.model.ReflectiveCallable.run(ReflectiveCallable.java:15)
	at org.junit.runners.model.FrameworkMethod.invokeExplosively(FrameworkMethod.java:41)
	at org.junit.internal.runners.statements.RunBefores.evaluate(RunBefores.java:27)
	at org.junit.internal.runners.statements.RunAfters.evaluate(RunAfters.java:31)
	at org.junit.runners.BlockJUnit4ClassRunner.runNotIgnored(BlockJUnit4ClassRunner.java:79)
	at org.junit.runners.BlockJUnit4ClassRunner.runChild(BlockJUnit4ClassRunner.java:71)
	at org.junit.runners.BlockJUnit4ClassRunner.runChild(BlockJUnit4ClassRunner.java:49)
	at org.junit.runners.ParentRunner$3.run(ParentRunner.java:193)
	at org.junit.runners.ParentRunner$1.schedule(ParentRunner.java:52)
	at org.junit.runners.ParentRunner.runChildren(ParentRunner.java:191)
	at org.junit.runners.ParentRunner.access$000(ParentRunner.java:42)
	at org.junit.runners.ParentRunner$2.evaluate(ParentRunner.java:184)
	at org.junit.runners.ParentRunner.run(ParentRunner.java:236)
	at org.apache.maven.surefire.junit4.JUnit4Provider.execute(JUnit4Provider.java:283)
	at org.apache.maven.surefire.junit4.JUnit4Provider.executeWithRerun(JUnit4Provider.java:173)
	at org.apache.maven.surefire.junit4.JUnit4Provider.executeTestSet(JUnit4Provider.java:153)
	at org.apache.maven.surefire.junit4.JUnit4Provider.invoke(JUnit4Provider.java:128)
	at org.apache.maven.surefire.booter.ForkedBooter.invokeProviderInSameClassLoader(ForkedBooter.java:203)
	at org.apache.maven.surefire.booter.ForkedBooter.runSuitesInProcess(ForkedBooter.java:155)
	at org.apache.maven.surefire.booter.ForkedBooter.main(ForkedBooter.java:103)
Caused by: java.lang.RuntimeException: folder or file like '^.+[.]properties$' no found in nutz-test.properties
	at org.nutz.lang.Lang.makeThrow(Lang.java:151)
	at org.nutz.resource.Scans.loadResource(Scans.java:112)
	at org.nutz.ioc.impl.PropertiesProxy.getResources(PropertiesProxy.java:153)
	at org.nutz.ioc.impl.PropertiesProxy.setPaths(PropertiesProxy.java:109)
	at org.nutz.ioc.impl.PropertiesProxy$FM$setPaths$d0275b2b871e237a38f11859247d1599.invoke(PropertiesProxy.java)
	at org.nutz.lang.inject.InjectBySetter.inject(InjectBySetter.java:51)
	at org.nutz.ioc.weaver.FieldInjector.inject(FieldInjector.java:33)
	at org.nutz.ioc.weaver.DefaultWeaver.fill(DefaultWeaver.java:56)
	at org.nutz.ioc.impl.ObjectMakerImpl.make(ObjectMakerImpl.java:136)
	at org.nutz.ioc.impl.NutIoc.get(NutIoc.java:210)
	at org.nutz.ioc.impl.NutIoc.get(NutIoc.java:239)
	at org.nutz.ioc.java.IocObjectNode.getValue(IocObjectNode.java:19)
	at org.nutz.ioc.java.ChainNode.eval(ChainNode.java:24)
	at org.nutz.ioc.java.ChainNode.eval(ChainNode.java:19)
	at org.nutz.ioc.val.JavaValue.get(JavaValue.java:69)
	at org.nutz.ioc.weaver.FieldInjector.inject(FieldInjector.java:32)
	at org.nutz.ioc.weaver.DefaultWeaver.fill(DefaultWeaver.java:56)
	at org.nutz.ioc.impl.ObjectMakerImpl.make(ObjectMakerImpl.java:136)
	at org.nutz.ioc.impl.NutIoc.get(NutIoc.java:210)
	at org.nutz.ioc.val.ReferValue.get(ReferValue.java:24)
	at org.nutz.ioc.impl.ObjectMakerImpl.make(ObjectMakerImpl.java:62)
	at org.nutz.ioc.impl.NutIoc.get(NutIoc.java:210)
	at org.nutz.ioc.impl.NutIoc.get(NutIoc.java:239)
	at org.nutz.dao.test.DaoCase.setUp(DaoCase.java:22)
	at sun.reflect.GeneratedMethodAccessor23.invoke(Unknown Source)
	at sun.reflect.DelegatingMethodAccessorImpl.invoke(DelegatingMethodAccessorImpl.java:43)
	at java.lang.reflect.Method.invoke(Method.java:498)
	at org.junit.runners.model.FrameworkMethod$1.runReflectiveCall(FrameworkMethod.java:44)
	at org.junit.internal.runners.model.ReflectiveCallable.run(ReflectiveCallable.java:15)
	at org.junit.runners.model.FrameworkMethod.invokeExplosively(FrameworkMethod.java:41)
	at org.junit.internal.runners.statements.RunBefores.evaluate(RunBefores.java:27)
	at org.junit.internal.runners.statements.RunAfters.evaluate(RunAfters.java:31)
	at org.junit.runners.BlockJUnit4ClassRunner.runNotIgnored(BlockJUnit4ClassRunner.java:79)
	at org.junit.runners.BlockJUnit4ClassRunner.runChild(BlockJUnit4ClassRunner.java:71)
	at org.junit.runners.BlockJUnit4ClassRunner.runChild(BlockJUnit4ClassRunner.java:49)
	at org.junit.runners.ParentRunner$3.run(ParentRunner.java:193)
	at org.junit.runners.ParentRunner$1.schedule(ParentRunner.java:52)
	at org.junit.runners.ParentRunner.runChildren(ParentRunner.java:191)
	at org.junit.runners.ParentRunner.access$000(ParentRunner.java:42)
	at org.junit.runners.ParentRunner$2.evaluate(ParentRunner.java:184)
	at org.junit.runners.ParentRunner.run(ParentRunner.java:236)
	at org.apache.maven.surefire.junit4.JUnit4Provider.execute(JUnit4Provider.java:283)
	at org.apache.maven.surefire.junit4.JUnit4Provider.executeWithRerun(JUnit4Provider.java:173)
	at org.apache.maven.surefire.junit4.JUnit4Provider.executeTestSet(JUnit4Provider.java:153)
	at org.apache.maven.surefire.junit4.JUnit4Provider.invoke(JUnit4Provider.java:128)
	at org.apache.maven.surefire.booter.ForkedBooter.invokeProviderInSameClassLoader(ForkedBooter.java:203)
	at org.apache.maven.surefire.booter.ForkedBooter.runSuitesInProcess(ForkedBooter.java:155)
	at org.apache.maven.surefire.booter.ForkedBooter.main(ForkedBooter.java:103)
</error>
  </testcase>
  <testcase name="test_issue_928" classname="org.nutz.dao.test.normal.SimpleDaoTest" time="0">
    <error message="IocBean[dao -&gt; dataSource] throw Exception when creating" type="org.nutz.ioc.IocException">org.nutz.ioc.IocException: IocBean[dao -> dataSource] throw Exception when creating
	at org.nutz.ioc.impl.ObjectMakerImpl.make(ObjectMakerImpl.java:150)
	at org.nutz.ioc.impl.NutIoc.get(NutIoc.java:210)
	at org.nutz.ioc.val.ReferValue.get(ReferValue.java:24)
	at org.nutz.ioc.impl.ObjectMakerImpl.make(ObjectMakerImpl.java:62)
	at org.nutz.ioc.impl.NutIoc.get(NutIoc.java:210)
	at org.nutz.ioc.impl.NutIoc.get(NutIoc.java:239)
	at org.nutz.dao.test.DaoCase.setUp(DaoCase.java:22)
	at sun.reflect.GeneratedMethodAccessor23.invoke(Unknown Source)
	at sun.reflect.DelegatingMethodAccessorImpl.invoke(DelegatingMethodAccessorImpl.java:43)
	at java.lang.reflect.Method.invoke(Method.java:498)
	at org.junit.runners.model.FrameworkMethod$1.runReflectiveCall(FrameworkMethod.java:44)
	at org.junit.internal.runners.model.ReflectiveCallable.run(ReflectiveCallable.java:15)
	at org.junit.runners.model.FrameworkMethod.invokeExplosively(FrameworkMethod.java:41)
	at org.junit.internal.runners.statements.RunBefores.evaluate(RunBefores.java:27)
	at org.junit.internal.runners.statements.RunAfters.evaluate(RunAfters.java:31)
	at org.junit.runners.BlockJUnit4ClassRunner.runNotIgnored(BlockJUnit4ClassRunner.java:79)
	at org.junit.runners.BlockJUnit4ClassRunner.runChild(BlockJUnit4ClassRunner.java:71)
	at org.junit.runners.BlockJUnit4ClassRunner.runChild(BlockJUnit4ClassRunner.java:49)
	at org.junit.runners.ParentRunner$3.run(ParentRunner.java:193)
	at org.junit.runners.ParentRunner$1.schedule(ParentRunner.java:52)
	at org.junit.runners.ParentRunner.runChildren(ParentRunner.java:191)
	at org.junit.runners.ParentRunner.access$000(ParentRunner.java:42)
	at org.junit.runners.ParentRunner$2.evaluate(ParentRunner.java:184)
	at org.junit.runners.ParentRunner.run(ParentRunner.java:236)
	at org.apache.maven.surefire.junit4.JUnit4Provider.execute(JUnit4Provider.java:283)
	at org.apache.maven.surefire.junit4.JUnit4Provider.executeWithRerun(JUnit4Provider.java:173)
	at org.apache.maven.surefire.junit4.JUnit4Provider.executeTestSet(JUnit4Provider.java:153)
	at org.apache.maven.surefire.junit4.JUnit4Provider.invoke(JUnit4Provider.java:128)
	at org.apache.maven.surefire.booter.ForkedBooter.invokeProviderInSameClassLoader(ForkedBooter.java:203)
	at org.apache.maven.surefire.booter.ForkedBooter.runSuitesInProcess(ForkedBooter.java:155)
	at org.apache.maven.surefire.booter.ForkedBooter.main(ForkedBooter.java:103)
Caused by: java.lang.RuntimeException: IocBean[dataSource] fail at field=[driverClassName]
	at org.nutz.ioc.weaver.FieldInjector.inject(FieldInjector.java:40)
	at org.nutz.ioc.weaver.DefaultWeaver.fill(DefaultWeaver.java:56)
	at org.nutz.ioc.impl.ObjectMakerImpl.make(ObjectMakerImpl.java:136)
	at org.nutz.ioc.impl.NutIoc.get(NutIoc.java:210)
	at org.nutz.ioc.val.ReferValue.get(ReferValue.java:24)
	at org.nutz.ioc.impl.ObjectMakerImpl.make(ObjectMakerImpl.java:62)
	at org.nutz.ioc.impl.NutIoc.get(NutIoc.java:210)
	at org.nutz.ioc.impl.NutIoc.get(NutIoc.java:239)
	at org.nutz.dao.test.DaoCase.setUp(DaoCase.java:22)
	at sun.reflect.GeneratedMethodAccessor23.invoke(Unknown Source)
	at sun.reflect.DelegatingMethodAccessorImpl.invoke(DelegatingMethodAccessorImpl.java:43)
	at java.lang.reflect.Method.invoke(Method.java:498)
	at org.junit.runners.model.FrameworkMethod$1.runReflectiveCall(FrameworkMethod.java:44)
	at org.junit.internal.runners.model.ReflectiveCallable.run(ReflectiveCallable.java:15)
	at org.junit.runners.model.FrameworkMethod.invokeExplosively(FrameworkMethod.java:41)
	at org.junit.internal.runners.statements.RunBefores.evaluate(RunBefores.java:27)
	at org.junit.internal.runners.statements.RunAfters.evaluate(RunAfters.java:31)
	at org.junit.runners.BlockJUnit4ClassRunner.runNotIgnored(BlockJUnit4ClassRunner.java:79)
	at org.junit.runners.BlockJUnit4ClassRunner.runChild(BlockJUnit4ClassRunner.java:71)
	at org.junit.runners.BlockJUnit4ClassRunner.runChild(BlockJUnit4ClassRunner.java:49)
	at org.junit.runners.ParentRunner$3.run(ParentRunner.java:193)
	at org.junit.runners.ParentRunner$1.schedule(ParentRunner.java:52)
	at org.junit.runners.ParentRunner.runChildren(ParentRunner.java:191)
	at org.junit.runners.ParentRunner.access$000(ParentRunner.java:42)
	at org.junit.runners.ParentRunner$2.evaluate(ParentRunner.java:184)
	at org.junit.runners.ParentRunner.run(ParentRunner.java:236)
	at org.apache.maven.surefire.junit4.JUnit4Provider.execute(JUnit4Provider.java:283)
	at org.apache.maven.surefire.junit4.JUnit4Provider.executeWithRerun(JUnit4Provider.java:173)
	at org.apache.maven.surefire.junit4.JUnit4Provider.executeTestSet(JUnit4Provider.java:153)
	at org.apache.maven.surefire.junit4.JUnit4Provider.invoke(JUnit4Provider.java:128)
	at org.apache.maven.surefire.booter.ForkedBooter.invokeProviderInSameClassLoader(ForkedBooter.java:203)
	at org.apache.maven.surefire.booter.ForkedBooter.runSuitesInProcess(ForkedBooter.java:155)
	at org.apache.maven.surefire.booter.ForkedBooter.main(ForkedBooter.java:103)
Caused by: org.nutz.ioc.IocException: IocBean[config] throw Exception when creating
	at org.nutz.ioc.impl.ObjectMakerImpl.make(ObjectMakerImpl.java:150)
	at org.nutz.ioc.impl.NutIoc.get(NutIoc.java:210)
	at org.nutz.ioc.impl.NutIoc.get(NutIoc.java:239)
	at org.nutz.ioc.java.IocObjectNode.getValue(IocObjectNode.java:19)
	at org.nutz.ioc.java.ChainNode.eval(ChainNode.java:24)
	at org.nutz.ioc.java.ChainNode.eval(ChainNode.java:19)
	at org.nutz.ioc.val.JavaValue.get(JavaValue.java:69)
	at org.nutz.ioc.weaver.FieldInjector.inject(FieldInjector.java:32)
	at org.nutz.ioc.weaver.DefaultWeaver.fill(DefaultWeaver.java:56)
	at org.nutz.ioc.impl.ObjectMakerImpl.make(ObjectMakerImpl.java:136)
	at org.nutz.ioc.impl.NutIoc.get(NutIoc.java:210)
	at org.nutz.ioc.val.ReferValue.get(ReferValue.java:24)
	at org.nutz.ioc.impl.ObjectMakerImpl.make(ObjectMakerImpl.java:62)
	at org.nutz.ioc.impl.NutIoc.get(NutIoc.java:210)
	at org.nutz.ioc.impl.NutIoc.get(NutIoc.java:239)
	at org.nutz.dao.test.DaoCase.setUp(DaoCase.java:22)
	at sun.reflect.GeneratedMethodAccessor23.invoke(Unknown Source)
	at sun.reflect.DelegatingMethodAccessorImpl.invoke(DelegatingMethodAccessorImpl.java:43)
	at java.lang.reflect.Method.invoke(Method.java:498)
	at org.junit.runners.model.FrameworkMethod$1.runReflectiveCall(FrameworkMethod.java:44)
	at org.junit.internal.runners.model.ReflectiveCallable.run(ReflectiveCallable.java:15)
	at org.junit.runners.model.FrameworkMethod.invokeExplosively(FrameworkMethod.java:41)
	at org.junit.internal.runners.statements.RunBefores.evaluate(RunBefores.java:27)
	at org.junit.internal.runners.statements.RunAfters.evaluate(RunAfters.java:31)
	at org.junit.runners.BlockJUnit4ClassRunner.runNotIgnored(BlockJUnit4ClassRunner.java:79)
	at org.junit.runners.BlockJUnit4ClassRunner.runChild(BlockJUnit4ClassRunner.java:71)
	at org.junit.runners.BlockJUnit4ClassRunner.runChild(BlockJUnit4ClassRunner.java:49)
	at org.junit.runners.ParentRunner$3.run(ParentRunner.java:193)
	at org.junit.runners.ParentRunner$1.schedule(ParentRunner.java:52)
	at org.junit.runners.ParentRunner.runChildren(ParentRunner.java:191)
	at org.junit.runners.ParentRunner.access$000(ParentRunner.java:42)
	at org.junit.runners.ParentRunner$2.evaluate(ParentRunner.java:184)
	at org.junit.runners.ParentRunner.run(ParentRunner.java:236)
	at org.apache.maven.surefire.junit4.JUnit4Provider.execute(JUnit4Provider.java:283)
	at org.apache.maven.surefire.junit4.JUnit4Provider.executeWithRerun(JUnit4Provider.java:173)
	at org.apache.maven.surefire.junit4.JUnit4Provider.executeTestSet(JUnit4Provider.java:153)
	at org.apache.maven.surefire.junit4.JUnit4Provider.invoke(JUnit4Provider.java:128)
	at org.apache.maven.surefire.booter.ForkedBooter.invokeProviderInSameClassLoader(ForkedBooter.java:203)
	at org.apache.maven.surefire.booter.ForkedBooter.runSuitesInProcess(ForkedBooter.java:155)
	at org.apache.maven.surefire.booter.ForkedBooter.main(ForkedBooter.java:103)
Caused by: java.lang.RuntimeException: IocBean[config] fail at field=[paths]
	at org.nutz.ioc.weaver.FieldInjector.inject(FieldInjector.java:40)
	at org.nutz.ioc.weaver.DefaultWeaver.fill(DefaultWeaver.java:56)
	at org.nutz.ioc.impl.ObjectMakerImpl.make(ObjectMakerImpl.java:136)
	at org.nutz.ioc.impl.NutIoc.get(NutIoc.java:210)
	at org.nutz.ioc.impl.NutIoc.get(NutIoc.java:239)
	at org.nutz.ioc.java.IocObjectNode.getValue(IocObjectNode.java:19)
	at org.nutz.ioc.java.ChainNode.eval(ChainNode.java:24)
	at org.nutz.ioc.java.ChainNode.eval(ChainNode.java:19)
	at org.nutz.ioc.val.JavaValue.get(JavaValue.java:69)
	at org.nutz.ioc.weaver.FieldInjector.inject(FieldInjector.java:32)
	at org.nutz.ioc.weaver.DefaultWeaver.fill(DefaultWeaver.java:56)
	at org.nutz.ioc.impl.ObjectMakerImpl.make(ObjectMakerImpl.java:136)
	at org.nutz.ioc.impl.NutIoc.get(NutIoc.java:210)
	at org.nutz.ioc.val.ReferValue.get(ReferValue.java:24)
	at org.nutz.ioc.impl.ObjectMakerImpl.make(ObjectMakerImpl.java:62)
	at org.nutz.ioc.impl.NutIoc.get(NutIoc.java:210)
	at org.nutz.ioc.impl.NutIoc.get(NutIoc.java:239)
	at org.nutz.dao.test.DaoCase.setUp(DaoCase.java:22)
	at sun.reflect.GeneratedMethodAccessor23.invoke(Unknown Source)
	at sun.reflect.DelegatingMethodAccessorImpl.invoke(DelegatingMethodAccessorImpl.java:43)
	at java.lang.reflect.Method.invoke(Method.java:498)
	at org.junit.runners.model.FrameworkMethod$1.runReflectiveCall(FrameworkMethod.java:44)
	at org.junit.internal.runners.model.ReflectiveCallable.run(ReflectiveCallable.java:15)
	at org.junit.runners.model.FrameworkMethod.invokeExplosively(FrameworkMethod.java:41)
	at org.junit.internal.runners.statements.RunBefores.evaluate(RunBefores.java:27)
	at org.junit.internal.runners.statements.RunAfters.evaluate(RunAfters.java:31)
	at org.junit.runners.BlockJUnit4ClassRunner.runNotIgnored(BlockJUnit4ClassRunner.java:79)
	at org.junit.runners.BlockJUnit4ClassRunner.runChild(BlockJUnit4ClassRunner.java:71)
	at org.junit.runners.BlockJUnit4ClassRunner.runChild(BlockJUnit4ClassRunner.java:49)
	at org.junit.runners.ParentRunner$3.run(ParentRunner.java:193)
	at org.junit.runners.ParentRunner$1.schedule(ParentRunner.java:52)
	at org.junit.runners.ParentRunner.runChildren(ParentRunner.java:191)
	at org.junit.runners.ParentRunner.access$000(ParentRunner.java:42)
	at org.junit.runners.ParentRunner$2.evaluate(ParentRunner.java:184)
	at org.junit.runners.ParentRunner.run(ParentRunner.java:236)
	at org.apache.maven.surefire.junit4.JUnit4Provider.execute(JUnit4Provider.java:283)
	at org.apache.maven.surefire.junit4.JUnit4Provider.executeWithRerun(JUnit4Provider.java:173)
	at org.apache.maven.surefire.junit4.JUnit4Provider.executeTestSet(JUnit4Provider.java:153)
	at org.apache.maven.surefire.junit4.JUnit4Provider.invoke(JUnit4Provider.java:128)
	at org.apache.maven.surefire.booter.ForkedBooter.invokeProviderInSameClassLoader(ForkedBooter.java:203)
	at org.apache.maven.surefire.booter.ForkedBooter.runSuitesInProcess(ForkedBooter.java:155)
	at org.apache.maven.surefire.booter.ForkedBooter.main(ForkedBooter.java:103)
Caused by: java.lang.RuntimeException: Fail to set '[nutz-test.properties]'[ [Ljava.lang.String;@7b5cc918 ] by setter org.nutz.ioc.impl.PropertiesProxy.'setPaths()' because [java.lang.RuntimeException: folder or file like '^.+[.]properties$' no found in nutz-test.properties]: folder or file like '^.+[.]properties$' no found in nutz-test.properties
	at org.nutz.lang.Lang.wrapThrow(Lang.java:167)
	at org.nutz.lang.inject.InjectBySetter.inject(InjectBySetter.java:62)
	at org.nutz.ioc.weaver.FieldInjector.inject(FieldInjector.java:33)
	at org.nutz.ioc.weaver.DefaultWeaver.fill(DefaultWeaver.java:56)
	at org.nutz.ioc.impl.ObjectMakerImpl.make(ObjectMakerImpl.java:136)
	at org.nutz.ioc.impl.NutIoc.get(NutIoc.java:210)
	at org.nutz.ioc.impl.NutIoc.get(NutIoc.java:239)
	at org.nutz.ioc.java.IocObjectNode.getValue(IocObjectNode.java:19)
	at org.nutz.ioc.java.ChainNode.eval(ChainNode.java:24)
	at org.nutz.ioc.java.ChainNode.eval(ChainNode.java:19)
	at org.nutz.ioc.val.JavaValue.get(JavaValue.java:69)
	at org.nutz.ioc.weaver.FieldInjector.inject(FieldInjector.java:32)
	at org.nutz.ioc.weaver.DefaultWeaver.fill(DefaultWeaver.java:56)
	at org.nutz.ioc.impl.ObjectMakerImpl.make(ObjectMakerImpl.java:136)
	at org.nutz.ioc.impl.NutIoc.get(NutIoc.java:210)
	at org.nutz.ioc.val.ReferValue.get(ReferValue.java:24)
	at org.nutz.ioc.impl.ObjectMakerImpl.make(ObjectMakerImpl.java:62)
	at org.nutz.ioc.impl.NutIoc.get(NutIoc.java:210)
	at org.nutz.ioc.impl.NutIoc.get(NutIoc.java:239)
	at org.nutz.dao.test.DaoCase.setUp(DaoCase.java:22)
	at sun.reflect.GeneratedMethodAccessor23.invoke(Unknown Source)
	at sun.reflect.DelegatingMethodAccessorImpl.invoke(DelegatingMethodAccessorImpl.java:43)
	at java.lang.reflect.Method.invoke(Method.java:498)
	at org.junit.runners.model.FrameworkMethod$1.runReflectiveCall(FrameworkMethod.java:44)
	at org.junit.internal.runners.model.ReflectiveCallable.run(ReflectiveCallable.java:15)
	at org.junit.runners.model.FrameworkMethod.invokeExplosively(FrameworkMethod.java:41)
	at org.junit.internal.runners.statements.RunBefores.evaluate(RunBefores.java:27)
	at org.junit.internal.runners.statements.RunAfters.evaluate(RunAfters.java:31)
	at org.junit.runners.BlockJUnit4ClassRunner.runNotIgnored(BlockJUnit4ClassRunner.java:79)
	at org.junit.runners.BlockJUnit4ClassRunner.runChild(BlockJUnit4ClassRunner.java:71)
	at org.junit.runners.BlockJUnit4ClassRunner.runChild(BlockJUnit4ClassRunner.java:49)
	at org.junit.runners.ParentRunner$3.run(ParentRunner.java:193)
	at org.junit.runners.ParentRunner$1.schedule(ParentRunner.java:52)
	at org.junit.runners.ParentRunner.runChildren(ParentRunner.java:191)
	at org.junit.runners.ParentRunner.access$000(ParentRunner.java:42)
	at org.junit.runners.ParentRunner$2.evaluate(ParentRunner.java:184)
	at org.junit.runners.ParentRunner.run(ParentRunner.java:236)
	at org.apache.maven.surefire.junit4.JUnit4Provider.execute(JUnit4Provider.java:283)
	at org.apache.maven.surefire.junit4.JUnit4Provider.executeWithRerun(JUnit4Provider.java:173)
	at org.apache.maven.surefire.junit4.JUnit4Provider.executeTestSet(JUnit4Provider.java:153)
	at org.apache.maven.surefire.junit4.JUnit4Provider.invoke(JUnit4Provider.java:128)
	at org.apache.maven.surefire.booter.ForkedBooter.invokeProviderInSameClassLoader(ForkedBooter.java:203)
	at org.apache.maven.surefire.booter.ForkedBooter.runSuitesInProcess(ForkedBooter.java:155)
	at org.apache.maven.surefire.booter.ForkedBooter.main(ForkedBooter.java:103)
Caused by: java.lang.RuntimeException: folder or file like '^.+[.]properties$' no found in nutz-test.properties
	at org.nutz.lang.Lang.makeThrow(Lang.java:151)
	at org.nutz.resource.Scans.loadResource(Scans.java:112)
	at org.nutz.ioc.impl.PropertiesProxy.getResources(PropertiesProxy.java:153)
	at org.nutz.ioc.impl.PropertiesProxy.setPaths(PropertiesProxy.java:109)
	at org.nutz.ioc.impl.PropertiesProxy$FM$setPaths$d0275b2b871e237a38f11859247d1599.invoke(PropertiesProxy.java)
	at org.nutz.lang.inject.InjectBySetter.inject(InjectBySetter.java:51)
	at org.nutz.ioc.weaver.FieldInjector.inject(FieldInjector.java:33)
	at org.nutz.ioc.weaver.DefaultWeaver.fill(DefaultWeaver.java:56)
	at org.nutz.ioc.impl.ObjectMakerImpl.make(ObjectMakerImpl.java:136)
	at org.nutz.ioc.impl.NutIoc.get(NutIoc.java:210)
	at org.nutz.ioc.impl.NutIoc.get(NutIoc.java:239)
	at org.nutz.ioc.java.IocObjectNode.getValue(IocObjectNode.java:19)
	at org.nutz.ioc.java.ChainNode.eval(ChainNode.java:24)
	at org.nutz.ioc.java.ChainNode.eval(ChainNode.java:19)
	at org.nutz.ioc.val.JavaValue.get(JavaValue.java:69)
	at org.nutz.ioc.weaver.FieldInjector.inject(FieldInjector.java:32)
	at org.nutz.ioc.weaver.DefaultWeaver.fill(DefaultWeaver.java:56)
	at org.nutz.ioc.impl.ObjectMakerImpl.make(ObjectMakerImpl.java:136)
	at org.nutz.ioc.impl.NutIoc.get(NutIoc.java:210)
	at org.nutz.ioc.val.ReferValue.get(ReferValue.java:24)
	at org.nutz.ioc.impl.ObjectMakerImpl.make(ObjectMakerImpl.java:62)
	at org.nutz.ioc.impl.NutIoc.get(NutIoc.java:210)
	at org.nutz.ioc.impl.NutIoc.get(NutIoc.java:239)
	at org.nutz.dao.test.DaoCase.setUp(DaoCase.java:22)
	at sun.reflect.GeneratedMethodAccessor23.invoke(Unknown Source)
	at sun.reflect.DelegatingMethodAccessorImpl.invoke(DelegatingMethodAccessorImpl.java:43)
	at java.lang.reflect.Method.invoke(Method.java:498)
	at org.junit.runners.model.FrameworkMethod$1.runReflectiveCall(FrameworkMethod.java:44)
	at org.junit.internal.runners.model.ReflectiveCallable.run(ReflectiveCallable.java:15)
	at org.junit.runners.model.FrameworkMethod.invokeExplosively(FrameworkMethod.java:41)
	at org.junit.internal.runners.statements.RunBefores.evaluate(RunBefores.java:27)
	at org.junit.internal.runners.statements.RunAfters.evaluate(RunAfters.java:31)
	at org.junit.runners.BlockJUnit4ClassRunner.runNotIgnored(BlockJUnit4ClassRunner.java:79)
	at org.junit.runners.BlockJUnit4ClassRunner.runChild(BlockJUnit4ClassRunner.java:71)
	at org.junit.runners.BlockJUnit4ClassRunner.runChild(BlockJUnit4ClassRunner.java:49)
	at org.junit.runners.ParentRunner$3.run(ParentRunner.java:193)
	at org.junit.runners.ParentRunner$1.schedule(ParentRunner.java:52)
	at org.junit.runners.ParentRunner.runChildren(ParentRunner.java:191)
	at org.junit.runners.ParentRunner.access$000(ParentRunner.java:42)
	at org.junit.runners.ParentRunner$2.evaluate(ParentRunner.java:184)
	at org.junit.runners.ParentRunner.run(ParentRunner.java:236)
	at org.apache.maven.surefire.junit4.JUnit4Provider.execute(JUnit4Provider.java:283)
	at org.apache.maven.surefire.junit4.JUnit4Provider.executeWithRerun(JUnit4Provider.java:173)
	at org.apache.maven.surefire.junit4.JUnit4Provider.executeTestSet(JUnit4Provider.java:153)
	at org.apache.maven.surefire.junit4.JUnit4Provider.invoke(JUnit4Provider.java:128)
	at org.apache.maven.surefire.booter.ForkedBooter.invokeProviderInSameClassLoader(ForkedBooter.java:203)
	at org.apache.maven.surefire.booter.ForkedBooter.runSuitesInProcess(ForkedBooter.java:155)
	at org.apache.maven.surefire.booter.ForkedBooter.main(ForkedBooter.java:103)
</error>
  </testcase>
  <testcase name="test_query_2" classname="org.nutz.dao.test.normal.SimpleDaoTest" time="0">
    <error message="IocBean[dao -&gt; dataSource] throw Exception when creating" type="org.nutz.ioc.IocException">org.nutz.ioc.IocException: IocBean[dao -> dataSource] throw Exception when creating
	at org.nutz.ioc.impl.ObjectMakerImpl.make(ObjectMakerImpl.java:150)
	at org.nutz.ioc.impl.NutIoc.get(NutIoc.java:210)
	at org.nutz.ioc.val.ReferValue.get(ReferValue.java:24)
	at org.nutz.ioc.impl.ObjectMakerImpl.make(ObjectMakerImpl.java:62)
	at org.nutz.ioc.impl.NutIoc.get(NutIoc.java:210)
	at org.nutz.ioc.impl.NutIoc.get(NutIoc.java:239)
	at org.nutz.dao.test.DaoCase.setUp(DaoCase.java:22)
	at sun.reflect.GeneratedMethodAccessor23.invoke(Unknown Source)
	at sun.reflect.DelegatingMethodAccessorImpl.invoke(DelegatingMethodAccessorImpl.java:43)
	at java.lang.reflect.Method.invoke(Method.java:498)
	at org.junit.runners.model.FrameworkMethod$1.runReflectiveCall(FrameworkMethod.java:44)
	at org.junit.internal.runners.model.ReflectiveCallable.run(ReflectiveCallable.java:15)
	at org.junit.runners.model.FrameworkMethod.invokeExplosively(FrameworkMethod.java:41)
	at org.junit.internal.runners.statements.RunBefores.evaluate(RunBefores.java:27)
	at org.junit.internal.runners.statements.RunAfters.evaluate(RunAfters.java:31)
	at org.junit.runners.BlockJUnit4ClassRunner.runNotIgnored(BlockJUnit4ClassRunner.java:79)
	at org.junit.runners.BlockJUnit4ClassRunner.runChild(BlockJUnit4ClassRunner.java:71)
	at org.junit.runners.BlockJUnit4ClassRunner.runChild(BlockJUnit4ClassRunner.java:49)
	at org.junit.runners.ParentRunner$3.run(ParentRunner.java:193)
	at org.junit.runners.ParentRunner$1.schedule(ParentRunner.java:52)
	at org.junit.runners.ParentRunner.runChildren(ParentRunner.java:191)
	at org.junit.runners.ParentRunner.access$000(ParentRunner.java:42)
	at org.junit.runners.ParentRunner$2.evaluate(ParentRunner.java:184)
	at org.junit.runners.ParentRunner.run(ParentRunner.java:236)
	at org.apache.maven.surefire.junit4.JUnit4Provider.execute(JUnit4Provider.java:283)
	at org.apache.maven.surefire.junit4.JUnit4Provider.executeWithRerun(JUnit4Provider.java:173)
	at org.apache.maven.surefire.junit4.JUnit4Provider.executeTestSet(JUnit4Provider.java:153)
	at org.apache.maven.surefire.junit4.JUnit4Provider.invoke(JUnit4Provider.java:128)
	at org.apache.maven.surefire.booter.ForkedBooter.invokeProviderInSameClassLoader(ForkedBooter.java:203)
	at org.apache.maven.surefire.booter.ForkedBooter.runSuitesInProcess(ForkedBooter.java:155)
	at org.apache.maven.surefire.booter.ForkedBooter.main(ForkedBooter.java:103)
Caused by: java.lang.RuntimeException: IocBean[dataSource] fail at field=[driverClassName]
	at org.nutz.ioc.weaver.FieldInjector.inject(FieldInjector.java:40)
	at org.nutz.ioc.weaver.DefaultWeaver.fill(DefaultWeaver.java:56)
	at org.nutz.ioc.impl.ObjectMakerImpl.make(ObjectMakerImpl.java:136)
	at org.nutz.ioc.impl.NutIoc.get(NutIoc.java:210)
	at org.nutz.ioc.val.ReferValue.get(ReferValue.java:24)
	at org.nutz.ioc.impl.ObjectMakerImpl.make(ObjectMakerImpl.java:62)
	at org.nutz.ioc.impl.NutIoc.get(NutIoc.java:210)
	at org.nutz.ioc.impl.NutIoc.get(NutIoc.java:239)
	at org.nutz.dao.test.DaoCase.setUp(DaoCase.java:22)
	at sun.reflect.GeneratedMethodAccessor23.invoke(Unknown Source)
	at sun.reflect.DelegatingMethodAccessorImpl.invoke(DelegatingMethodAccessorImpl.java:43)
	at java.lang.reflect.Method.invoke(Method.java:498)
	at org.junit.runners.model.FrameworkMethod$1.runReflectiveCall(FrameworkMethod.java:44)
	at org.junit.internal.runners.model.ReflectiveCallable.run(ReflectiveCallable.java:15)
	at org.junit.runners.model.FrameworkMethod.invokeExplosively(FrameworkMethod.java:41)
	at org.junit.internal.runners.statements.RunBefores.evaluate(RunBefores.java:27)
	at org.junit.internal.runners.statements.RunAfters.evaluate(RunAfters.java:31)
	at org.junit.runners.BlockJUnit4ClassRunner.runNotIgnored(BlockJUnit4ClassRunner.java:79)
	at org.junit.runners.BlockJUnit4ClassRunner.runChild(BlockJUnit4ClassRunner.java:71)
	at org.junit.runners.BlockJUnit4ClassRunner.runChild(BlockJUnit4ClassRunner.java:49)
	at org.junit.runners.ParentRunner$3.run(ParentRunner.java:193)
	at org.junit.runners.ParentRunner$1.schedule(ParentRunner.java:52)
	at org.junit.runners.ParentRunner.runChildren(ParentRunner.java:191)
	at org.junit.runners.ParentRunner.access$000(ParentRunner.java:42)
	at org.junit.runners.ParentRunner$2.evaluate(ParentRunner.java:184)
	at org.junit.runners.ParentRunner.run(ParentRunner.java:236)
	at org.apache.maven.surefire.junit4.JUnit4Provider.execute(JUnit4Provider.java:283)
	at org.apache.maven.surefire.junit4.JUnit4Provider.executeWithRerun(JUnit4Provider.java:173)
	at org.apache.maven.surefire.junit4.JUnit4Provider.executeTestSet(JUnit4Provider.java:153)
	at org.apache.maven.surefire.junit4.JUnit4Provider.invoke(JUnit4Provider.java:128)
	at org.apache.maven.surefire.booter.ForkedBooter.invokeProviderInSameClassLoader(ForkedBooter.java:203)
	at org.apache.maven.surefire.booter.ForkedBooter.runSuitesInProcess(ForkedBooter.java:155)
	at org.apache.maven.surefire.booter.ForkedBooter.main(ForkedBooter.java:103)
Caused by: org.nutz.ioc.IocException: IocBean[config] throw Exception when creating
	at org.nutz.ioc.impl.ObjectMakerImpl.make(ObjectMakerImpl.java:150)
	at org.nutz.ioc.impl.NutIoc.get(NutIoc.java:210)
	at org.nutz.ioc.impl.NutIoc.get(NutIoc.java:239)
	at org.nutz.ioc.java.IocObjectNode.getValue(IocObjectNode.java:19)
	at org.nutz.ioc.java.ChainNode.eval(ChainNode.java:24)
	at org.nutz.ioc.java.ChainNode.eval(ChainNode.java:19)
	at org.nutz.ioc.val.JavaValue.get(JavaValue.java:69)
	at org.nutz.ioc.weaver.FieldInjector.inject(FieldInjector.java:32)
	at org.nutz.ioc.weaver.DefaultWeaver.fill(DefaultWeaver.java:56)
	at org.nutz.ioc.impl.ObjectMakerImpl.make(ObjectMakerImpl.java:136)
	at org.nutz.ioc.impl.NutIoc.get(NutIoc.java:210)
	at org.nutz.ioc.val.ReferValue.get(ReferValue.java:24)
	at org.nutz.ioc.impl.ObjectMakerImpl.make(ObjectMakerImpl.java:62)
	at org.nutz.ioc.impl.NutIoc.get(NutIoc.java:210)
	at org.nutz.ioc.impl.NutIoc.get(NutIoc.java:239)
	at org.nutz.dao.test.DaoCase.setUp(DaoCase.java:22)
	at sun.reflect.GeneratedMethodAccessor23.invoke(Unknown Source)
	at sun.reflect.DelegatingMethodAccessorImpl.invoke(DelegatingMethodAccessorImpl.java:43)
	at java.lang.reflect.Method.invoke(Method.java:498)
	at org.junit.runners.model.FrameworkMethod$1.runReflectiveCall(FrameworkMethod.java:44)
	at org.junit.internal.runners.model.ReflectiveCallable.run(ReflectiveCallable.java:15)
	at org.junit.runners.model.FrameworkMethod.invokeExplosively(FrameworkMethod.java:41)
	at org.junit.internal.runners.statements.RunBefores.evaluate(RunBefores.java:27)
	at org.junit.internal.runners.statements.RunAfters.evaluate(RunAfters.java:31)
	at org.junit.runners.BlockJUnit4ClassRunner.runNotIgnored(BlockJUnit4ClassRunner.java:79)
	at org.junit.runners.BlockJUnit4ClassRunner.runChild(BlockJUnit4ClassRunner.java:71)
	at org.junit.runners.BlockJUnit4ClassRunner.runChild(BlockJUnit4ClassRunner.java:49)
	at org.junit.runners.ParentRunner$3.run(ParentRunner.java:193)
	at org.junit.runners.ParentRunner$1.schedule(ParentRunner.java:52)
	at org.junit.runners.ParentRunner.runChildren(ParentRunner.java:191)
	at org.junit.runners.ParentRunner.access$000(ParentRunner.java:42)
	at org.junit.runners.ParentRunner$2.evaluate(ParentRunner.java:184)
	at org.junit.runners.ParentRunner.run(ParentRunner.java:236)
	at org.apache.maven.surefire.junit4.JUnit4Provider.execute(JUnit4Provider.java:283)
	at org.apache.maven.surefire.junit4.JUnit4Provider.executeWithRerun(JUnit4Provider.java:173)
	at org.apache.maven.surefire.junit4.JUnit4Provider.executeTestSet(JUnit4Provider.java:153)
	at org.apache.maven.surefire.junit4.JUnit4Provider.invoke(JUnit4Provider.java:128)
	at org.apache.maven.surefire.booter.ForkedBooter.invokeProviderInSameClassLoader(ForkedBooter.java:203)
	at org.apache.maven.surefire.booter.ForkedBooter.runSuitesInProcess(ForkedBooter.java:155)
	at org.apache.maven.surefire.booter.ForkedBooter.main(ForkedBooter.java:103)
Caused by: java.lang.RuntimeException: IocBean[config] fail at field=[paths]
	at org.nutz.ioc.weaver.FieldInjector.inject(FieldInjector.java:40)
	at org.nutz.ioc.weaver.DefaultWeaver.fill(DefaultWeaver.java:56)
	at org.nutz.ioc.impl.ObjectMakerImpl.make(ObjectMakerImpl.java:136)
	at org.nutz.ioc.impl.NutIoc.get(NutIoc.java:210)
	at org.nutz.ioc.impl.NutIoc.get(NutIoc.java:239)
	at org.nutz.ioc.java.IocObjectNode.getValue(IocObjectNode.java:19)
	at org.nutz.ioc.java.ChainNode.eval(ChainNode.java:24)
	at org.nutz.ioc.java.ChainNode.eval(ChainNode.java:19)
	at org.nutz.ioc.val.JavaValue.get(JavaValue.java:69)
	at org.nutz.ioc.weaver.FieldInjector.inject(FieldInjector.java:32)
	at org.nutz.ioc.weaver.DefaultWeaver.fill(DefaultWeaver.java:56)
	at org.nutz.ioc.impl.ObjectMakerImpl.make(ObjectMakerImpl.java:136)
	at org.nutz.ioc.impl.NutIoc.get(NutIoc.java:210)
	at org.nutz.ioc.val.ReferValue.get(ReferValue.java:24)
	at org.nutz.ioc.impl.ObjectMakerImpl.make(ObjectMakerImpl.java:62)
	at org.nutz.ioc.impl.NutIoc.get(NutIoc.java:210)
	at org.nutz.ioc.impl.NutIoc.get(NutIoc.java:239)
	at org.nutz.dao.test.DaoCase.setUp(DaoCase.java:22)
	at sun.reflect.GeneratedMethodAccessor23.invoke(Unknown Source)
	at sun.reflect.DelegatingMethodAccessorImpl.invoke(DelegatingMethodAccessorImpl.java:43)
	at java.lang.reflect.Method.invoke(Method.java:498)
	at org.junit.runners.model.FrameworkMethod$1.runReflectiveCall(FrameworkMethod.java:44)
	at org.junit.internal.runners.model.ReflectiveCallable.run(ReflectiveCallable.java:15)
	at org.junit.runners.model.FrameworkMethod.invokeExplosively(FrameworkMethod.java:41)
	at org.junit.internal.runners.statements.RunBefores.evaluate(RunBefores.java:27)
	at org.junit.internal.runners.statements.RunAfters.evaluate(RunAfters.java:31)
	at org.junit.runners.BlockJUnit4ClassRunner.runNotIgnored(BlockJUnit4ClassRunner.java:79)
	at org.junit.runners.BlockJUnit4ClassRunner.runChild(BlockJUnit4ClassRunner.java:71)
	at org.junit.runners.BlockJUnit4ClassRunner.runChild(BlockJUnit4ClassRunner.java:49)
	at org.junit.runners.ParentRunner$3.run(ParentRunner.java:193)
	at org.junit.runners.ParentRunner$1.schedule(ParentRunner.java:52)
	at org.junit.runners.ParentRunner.runChildren(ParentRunner.java:191)
	at org.junit.runners.ParentRunner.access$000(ParentRunner.java:42)
	at org.junit.runners.ParentRunner$2.evaluate(ParentRunner.java:184)
	at org.junit.runners.ParentRunner.run(ParentRunner.java:236)
	at org.apache.maven.surefire.junit4.JUnit4Provider.execute(JUnit4Provider.java:283)
	at org.apache.maven.surefire.junit4.JUnit4Provider.executeWithRerun(JUnit4Provider.java:173)
	at org.apache.maven.surefire.junit4.JUnit4Provider.executeTestSet(JUnit4Provider.java:153)
	at org.apache.maven.surefire.junit4.JUnit4Provider.invoke(JUnit4Provider.java:128)
	at org.apache.maven.surefire.booter.ForkedBooter.invokeProviderInSameClassLoader(ForkedBooter.java:203)
	at org.apache.maven.surefire.booter.ForkedBooter.runSuitesInProcess(ForkedBooter.java:155)
	at org.apache.maven.surefire.booter.ForkedBooter.main(ForkedBooter.java:103)
Caused by: java.lang.RuntimeException: Fail to set '[nutz-test.properties]'[ [Ljava.lang.String;@62b3a2f6 ] by setter org.nutz.ioc.impl.PropertiesProxy.'setPaths()' because [java.lang.RuntimeException: folder or file like '^.+[.]properties$' no found in nutz-test.properties]: folder or file like '^.+[.]properties$' no found in nutz-test.properties
	at org.nutz.lang.Lang.wrapThrow(Lang.java:167)
	at org.nutz.lang.inject.InjectBySetter.inject(InjectBySetter.java:62)
	at org.nutz.ioc.weaver.FieldInjector.inject(FieldInjector.java:33)
	at org.nutz.ioc.weaver.DefaultWeaver.fill(DefaultWeaver.java:56)
	at org.nutz.ioc.impl.ObjectMakerImpl.make(ObjectMakerImpl.java:136)
	at org.nutz.ioc.impl.NutIoc.get(NutIoc.java:210)
	at org.nutz.ioc.impl.NutIoc.get(NutIoc.java:239)
	at org.nutz.ioc.java.IocObjectNode.getValue(IocObjectNode.java:19)
	at org.nutz.ioc.java.ChainNode.eval(ChainNode.java:24)
	at org.nutz.ioc.java.ChainNode.eval(ChainNode.java:19)
	at org.nutz.ioc.val.JavaValue.get(JavaValue.java:69)
	at org.nutz.ioc.weaver.FieldInjector.inject(FieldInjector.java:32)
	at org.nutz.ioc.weaver.DefaultWeaver.fill(DefaultWeaver.java:56)
	at org.nutz.ioc.impl.ObjectMakerImpl.make(ObjectMakerImpl.java:136)
	at org.nutz.ioc.impl.NutIoc.get(NutIoc.java:210)
	at org.nutz.ioc.val.ReferValue.get(ReferValue.java:24)
	at org.nutz.ioc.impl.ObjectMakerImpl.make(ObjectMakerImpl.java:62)
	at org.nutz.ioc.impl.NutIoc.get(NutIoc.java:210)
	at org.nutz.ioc.impl.NutIoc.get(NutIoc.java:239)
	at org.nutz.dao.test.DaoCase.setUp(DaoCase.java:22)
	at sun.reflect.GeneratedMethodAccessor23.invoke(Unknown Source)
	at sun.reflect.DelegatingMethodAccessorImpl.invoke(DelegatingMethodAccessorImpl.java:43)
	at java.lang.reflect.Method.invoke(Method.java:498)
	at org.junit.runners.model.FrameworkMethod$1.runReflectiveCall(FrameworkMethod.java:44)
	at org.junit.internal.runners.model.ReflectiveCallable.run(ReflectiveCallable.java:15)
	at org.junit.runners.model.FrameworkMethod.invokeExplosively(FrameworkMethod.java:41)
	at org.junit.internal.runners.statements.RunBefores.evaluate(RunBefores.java:27)
	at org.junit.internal.runners.statements.RunAfters.evaluate(RunAfters.java:31)
	at org.junit.runners.BlockJUnit4ClassRunner.runNotIgnored(BlockJUnit4ClassRunner.java:79)
	at org.junit.runners.BlockJUnit4ClassRunner.runChild(BlockJUnit4ClassRunner.java:71)
	at org.junit.runners.BlockJUnit4ClassRunner.runChild(BlockJUnit4ClassRunner.java:49)
	at org.junit.runners.ParentRunner$3.run(ParentRunner.java:193)
	at org.junit.runners.ParentRunner$1.schedule(ParentRunner.java:52)
	at org.junit.runners.ParentRunner.runChildren(ParentRunner.java:191)
	at org.junit.runners.ParentRunner.access$000(ParentRunner.java:42)
	at org.junit.runners.ParentRunner$2.evaluate(ParentRunner.java:184)
	at org.junit.runners.ParentRunner.run(ParentRunner.java:236)
	at org.apache.maven.surefire.junit4.JUnit4Provider.execute(JUnit4Provider.java:283)
	at org.apache.maven.surefire.junit4.JUnit4Provider.executeWithRerun(JUnit4Provider.java:173)
	at org.apache.maven.surefire.junit4.JUnit4Provider.executeTestSet(JUnit4Provider.java:153)
	at org.apache.maven.surefire.junit4.JUnit4Provider.invoke(JUnit4Provider.java:128)
	at org.apache.maven.surefire.booter.ForkedBooter.invokeProviderInSameClassLoader(ForkedBooter.java:203)
	at org.apache.maven.surefire.booter.ForkedBooter.runSuitesInProcess(ForkedBooter.java:155)
	at org.apache.maven.surefire.booter.ForkedBooter.main(ForkedBooter.java:103)
Caused by: java.lang.RuntimeException: folder or file like '^.+[.]properties$' no found in nutz-test.properties
	at org.nutz.lang.Lang.makeThrow(Lang.java:151)
	at org.nutz.resource.Scans.loadResource(Scans.java:112)
	at org.nutz.ioc.impl.PropertiesProxy.getResources(PropertiesProxy.java:153)
	at org.nutz.ioc.impl.PropertiesProxy.setPaths(PropertiesProxy.java:109)
	at org.nutz.ioc.impl.PropertiesProxy$FM$setPaths$d0275b2b871e237a38f11859247d1599.invoke(PropertiesProxy.java)
	at org.nutz.lang.inject.InjectBySetter.inject(InjectBySetter.java:51)
	at org.nutz.ioc.weaver.FieldInjector.inject(FieldInjector.java:33)
	at org.nutz.ioc.weaver.DefaultWeaver.fill(DefaultWeaver.java:56)
	at org.nutz.ioc.impl.ObjectMakerImpl.make(ObjectMakerImpl.java:136)
	at org.nutz.ioc.impl.NutIoc.get(NutIoc.java:210)
	at org.nutz.ioc.impl.NutIoc.get(NutIoc.java:239)
	at org.nutz.ioc.java.IocObjectNode.getValue(IocObjectNode.java:19)
	at org.nutz.ioc.java.ChainNode.eval(ChainNode.java:24)
	at org.nutz.ioc.java.ChainNode.eval(ChainNode.java:19)
	at org.nutz.ioc.val.JavaValue.get(JavaValue.java:69)
	at org.nutz.ioc.weaver.FieldInjector.inject(FieldInjector.java:32)
	at org.nutz.ioc.weaver.DefaultWeaver.fill(DefaultWeaver.java:56)
	at org.nutz.ioc.impl.ObjectMakerImpl.make(ObjectMakerImpl.java:136)
	at org.nutz.ioc.impl.NutIoc.get(NutIoc.java:210)
	at org.nutz.ioc.val.ReferValue.get(ReferValue.java:24)
	at org.nutz.ioc.impl.ObjectMakerImpl.make(ObjectMakerImpl.java:62)
	at org.nutz.ioc.impl.NutIoc.get(NutIoc.java:210)
	at org.nutz.ioc.impl.NutIoc.get(NutIoc.java:239)
	at org.nutz.dao.test.DaoCase.setUp(DaoCase.java:22)
	at sun.reflect.GeneratedMethodAccessor23.invoke(Unknown Source)
	at sun.reflect.DelegatingMethodAccessorImpl.invoke(DelegatingMethodAccessorImpl.java:43)
	at java.lang.reflect.Method.invoke(Method.java:498)
	at org.junit.runners.model.FrameworkMethod$1.runReflectiveCall(FrameworkMethod.java:44)
	at org.junit.internal.runners.model.ReflectiveCallable.run(ReflectiveCallable.java:15)
	at org.junit.runners.model.FrameworkMethod.invokeExplosively(FrameworkMethod.java:41)
	at org.junit.internal.runners.statements.RunBefores.evaluate(RunBefores.java:27)
	at org.junit.internal.runners.statements.RunAfters.evaluate(RunAfters.java:31)
	at org.junit.runners.BlockJUnit4ClassRunner.runNotIgnored(BlockJUnit4ClassRunner.java:79)
	at org.junit.runners.BlockJUnit4ClassRunner.runChild(BlockJUnit4ClassRunner.java:71)
	at org.junit.runners.BlockJUnit4ClassRunner.runChild(BlockJUnit4ClassRunner.java:49)
	at org.junit.runners.ParentRunner$3.run(ParentRunner.java:193)
	at org.junit.runners.ParentRunner$1.schedule(ParentRunner.java:52)
	at org.junit.runners.ParentRunner.runChildren(ParentRunner.java:191)
	at org.junit.runners.ParentRunner.access$000(ParentRunner.java:42)
	at org.junit.runners.ParentRunner$2.evaluate(ParentRunner.java:184)
	at org.junit.runners.ParentRunner.run(ParentRunner.java:236)
	at org.apache.maven.surefire.junit4.JUnit4Provider.execute(JUnit4Provider.java:283)
	at org.apache.maven.surefire.junit4.JUnit4Provider.executeWithRerun(JUnit4Provider.java:173)
	at org.apache.maven.surefire.junit4.JUnit4Provider.executeTestSet(JUnit4Provider.java:153)
	at org.apache.maven.surefire.junit4.JUnit4Provider.invoke(JUnit4Provider.java:128)
	at org.apache.maven.surefire.booter.ForkedBooter.invokeProviderInSameClassLoader(ForkedBooter.java:203)
	at org.apache.maven.surefire.booter.ForkedBooter.runSuitesInProcess(ForkedBooter.java:155)
	at org.apache.maven.surefire.booter.ForkedBooter.main(ForkedBooter.java:103)
</error>
  </testcase>
  <testcase name="test_get_sql" classname="org.nutz.dao.test.normal.SimpleDaoTest" time="0">
    <error message="IocBean[dao -&gt; dataSource] throw Exception when creating" type="org.nutz.ioc.IocException">org.nutz.ioc.IocException: IocBean[dao -> dataSource] throw Exception when creating
	at org.nutz.ioc.impl.ObjectMakerImpl.make(ObjectMakerImpl.java:150)
	at org.nutz.ioc.impl.NutIoc.get(NutIoc.java:210)
	at org.nutz.ioc.val.ReferValue.get(ReferValue.java:24)
	at org.nutz.ioc.impl.ObjectMakerImpl.make(ObjectMakerImpl.java:62)
	at org.nutz.ioc.impl.NutIoc.get(NutIoc.java:210)
	at org.nutz.ioc.impl.NutIoc.get(NutIoc.java:239)
	at org.nutz.dao.test.DaoCase.setUp(DaoCase.java:22)
	at sun.reflect.GeneratedMethodAccessor23.invoke(Unknown Source)
	at sun.reflect.DelegatingMethodAccessorImpl.invoke(DelegatingMethodAccessorImpl.java:43)
	at java.lang.reflect.Method.invoke(Method.java:498)
	at org.junit.runners.model.FrameworkMethod$1.runReflectiveCall(FrameworkMethod.java:44)
	at org.junit.internal.runners.model.ReflectiveCallable.run(ReflectiveCallable.java:15)
	at org.junit.runners.model.FrameworkMethod.invokeExplosively(FrameworkMethod.java:41)
	at org.junit.internal.runners.statements.RunBefores.evaluate(RunBefores.java:27)
	at org.junit.internal.runners.statements.RunAfters.evaluate(RunAfters.java:31)
	at org.junit.runners.BlockJUnit4ClassRunner.runNotIgnored(BlockJUnit4ClassRunner.java:79)
	at org.junit.runners.BlockJUnit4ClassRunner.runChild(BlockJUnit4ClassRunner.java:71)
	at org.junit.runners.BlockJUnit4ClassRunner.runChild(BlockJUnit4ClassRunner.java:49)
	at org.junit.runners.ParentRunner$3.run(ParentRunner.java:193)
	at org.junit.runners.ParentRunner$1.schedule(ParentRunner.java:52)
	at org.junit.runners.ParentRunner.runChildren(ParentRunner.java:191)
	at org.junit.runners.ParentRunner.access$000(ParentRunner.java:42)
	at org.junit.runners.ParentRunner$2.evaluate(ParentRunner.java:184)
	at org.junit.runners.ParentRunner.run(ParentRunner.java:236)
	at org.apache.maven.surefire.junit4.JUnit4Provider.execute(JUnit4Provider.java:283)
	at org.apache.maven.surefire.junit4.JUnit4Provider.executeWithRerun(JUnit4Provider.java:173)
	at org.apache.maven.surefire.junit4.JUnit4Provider.executeTestSet(JUnit4Provider.java:153)
	at org.apache.maven.surefire.junit4.JUnit4Provider.invoke(JUnit4Provider.java:128)
	at org.apache.maven.surefire.booter.ForkedBooter.invokeProviderInSameClassLoader(ForkedBooter.java:203)
	at org.apache.maven.surefire.booter.ForkedBooter.runSuitesInProcess(ForkedBooter.java:155)
	at org.apache.maven.surefire.booter.ForkedBooter.main(ForkedBooter.java:103)
Caused by: java.lang.RuntimeException: IocBean[dataSource] fail at field=[driverClassName]
	at org.nutz.ioc.weaver.FieldInjector.inject(FieldInjector.java:40)
	at org.nutz.ioc.weaver.DefaultWeaver.fill(DefaultWeaver.java:56)
	at org.nutz.ioc.impl.ObjectMakerImpl.make(ObjectMakerImpl.java:136)
	at org.nutz.ioc.impl.NutIoc.get(NutIoc.java:210)
	at org.nutz.ioc.val.ReferValue.get(ReferValue.java:24)
	at org.nutz.ioc.impl.ObjectMakerImpl.make(ObjectMakerImpl.java:62)
	at org.nutz.ioc.impl.NutIoc.get(NutIoc.java:210)
	at org.nutz.ioc.impl.NutIoc.get(NutIoc.java:239)
	at org.nutz.dao.test.DaoCase.setUp(DaoCase.java:22)
	at sun.reflect.GeneratedMethodAccessor23.invoke(Unknown Source)
	at sun.reflect.DelegatingMethodAccessorImpl.invoke(DelegatingMethodAccessorImpl.java:43)
	at java.lang.reflect.Method.invoke(Method.java:498)
	at org.junit.runners.model.FrameworkMethod$1.runReflectiveCall(FrameworkMethod.java:44)
	at org.junit.internal.runners.model.ReflectiveCallable.run(ReflectiveCallable.java:15)
	at org.junit.runners.model.FrameworkMethod.invokeExplosively(FrameworkMethod.java:41)
	at org.junit.internal.runners.statements.RunBefores.evaluate(RunBefores.java:27)
	at org.junit.internal.runners.statements.RunAfters.evaluate(RunAfters.java:31)
	at org.junit.runners.BlockJUnit4ClassRunner.runNotIgnored(BlockJUnit4ClassRunner.java:79)
	at org.junit.runners.BlockJUnit4ClassRunner.runChild(BlockJUnit4ClassRunner.java:71)
	at org.junit.runners.BlockJUnit4ClassRunner.runChild(BlockJUnit4ClassRunner.java:49)
	at org.junit.runners.ParentRunner$3.run(ParentRunner.java:193)
	at org.junit.runners.ParentRunner$1.schedule(ParentRunner.java:52)
	at org.junit.runners.ParentRunner.runChildren(ParentRunner.java:191)
	at org.junit.runners.ParentRunner.access$000(ParentRunner.java:42)
	at org.junit.runners.ParentRunner$2.evaluate(ParentRunner.java:184)
	at org.junit.runners.ParentRunner.run(ParentRunner.java:236)
	at org.apache.maven.surefire.junit4.JUnit4Provider.execute(JUnit4Provider.java:283)
	at org.apache.maven.surefire.junit4.JUnit4Provider.executeWithRerun(JUnit4Provider.java:173)
	at org.apache.maven.surefire.junit4.JUnit4Provider.executeTestSet(JUnit4Provider.java:153)
	at org.apache.maven.surefire.junit4.JUnit4Provider.invoke(JUnit4Provider.java:128)
	at org.apache.maven.surefire.booter.ForkedBooter.invokeProviderInSameClassLoader(ForkedBooter.java:203)
	at org.apache.maven.surefire.booter.ForkedBooter.runSuitesInProcess(ForkedBooter.java:155)
	at org.apache.maven.surefire.booter.ForkedBooter.main(ForkedBooter.java:103)
Caused by: org.nutz.ioc.IocException: IocBean[config] throw Exception when creating
	at org.nutz.ioc.impl.ObjectMakerImpl.make(ObjectMakerImpl.java:150)
	at org.nutz.ioc.impl.NutIoc.get(NutIoc.java:210)
	at org.nutz.ioc.impl.NutIoc.get(NutIoc.java:239)
	at org.nutz.ioc.java.IocObjectNode.getValue(IocObjectNode.java:19)
	at org.nutz.ioc.java.ChainNode.eval(ChainNode.java:24)
	at org.nutz.ioc.java.ChainNode.eval(ChainNode.java:19)
	at org.nutz.ioc.val.JavaValue.get(JavaValue.java:69)
	at org.nutz.ioc.weaver.FieldInjector.inject(FieldInjector.java:32)
	at org.nutz.ioc.weaver.DefaultWeaver.fill(DefaultWeaver.java:56)
	at org.nutz.ioc.impl.ObjectMakerImpl.make(ObjectMakerImpl.java:136)
	at org.nutz.ioc.impl.NutIoc.get(NutIoc.java:210)
	at org.nutz.ioc.val.ReferValue.get(ReferValue.java:24)
	at org.nutz.ioc.impl.ObjectMakerImpl.make(ObjectMakerImpl.java:62)
	at org.nutz.ioc.impl.NutIoc.get(NutIoc.java:210)
	at org.nutz.ioc.impl.NutIoc.get(NutIoc.java:239)
	at org.nutz.dao.test.DaoCase.setUp(DaoCase.java:22)
	at sun.reflect.GeneratedMethodAccessor23.invoke(Unknown Source)
	at sun.reflect.DelegatingMethodAccessorImpl.invoke(DelegatingMethodAccessorImpl.java:43)
	at java.lang.reflect.Method.invoke(Method.java:498)
	at org.junit.runners.model.FrameworkMethod$1.runReflectiveCall(FrameworkMethod.java:44)
	at org.junit.internal.runners.model.ReflectiveCallable.run(ReflectiveCallable.java:15)
	at org.junit.runners.model.FrameworkMethod.invokeExplosively(FrameworkMethod.java:41)
	at org.junit.internal.runners.statements.RunBefores.evaluate(RunBefores.java:27)
	at org.junit.internal.runners.statements.RunAfters.evaluate(RunAfters.java:31)
	at org.junit.runners.BlockJUnit4ClassRunner.runNotIgnored(BlockJUnit4ClassRunner.java:79)
	at org.junit.runners.BlockJUnit4ClassRunner.runChild(BlockJUnit4ClassRunner.java:71)
	at org.junit.runners.BlockJUnit4ClassRunner.runChild(BlockJUnit4ClassRunner.java:49)
	at org.junit.runners.ParentRunner$3.run(ParentRunner.java:193)
	at org.junit.runners.ParentRunner$1.schedule(ParentRunner.java:52)
	at org.junit.runners.ParentRunner.runChildren(ParentRunner.java:191)
	at org.junit.runners.ParentRunner.access$000(ParentRunner.java:42)
	at org.junit.runners.ParentRunner$2.evaluate(ParentRunner.java:184)
	at org.junit.runners.ParentRunner.run(ParentRunner.java:236)
	at org.apache.maven.surefire.junit4.JUnit4Provider.execute(JUnit4Provider.java:283)
	at org.apache.maven.surefire.junit4.JUnit4Provider.executeWithRerun(JUnit4Provider.java:173)
	at org.apache.maven.surefire.junit4.JUnit4Provider.executeTestSet(JUnit4Provider.java:153)
	at org.apache.maven.surefire.junit4.JUnit4Provider.invoke(JUnit4Provider.java:128)
	at org.apache.maven.surefire.booter.ForkedBooter.invokeProviderInSameClassLoader(ForkedBooter.java:203)
	at org.apache.maven.surefire.booter.ForkedBooter.runSuitesInProcess(ForkedBooter.java:155)
	at org.apache.maven.surefire.booter.ForkedBooter.main(ForkedBooter.java:103)
Caused by: java.lang.RuntimeException: IocBean[config] fail at field=[paths]
	at org.nutz.ioc.weaver.FieldInjector.inject(FieldInjector.java:40)
	at org.nutz.ioc.weaver.DefaultWeaver.fill(DefaultWeaver.java:56)
	at org.nutz.ioc.impl.ObjectMakerImpl.make(ObjectMakerImpl.java:136)
	at org.nutz.ioc.impl.NutIoc.get(NutIoc.java:210)
	at org.nutz.ioc.impl.NutIoc.get(NutIoc.java:239)
	at org.nutz.ioc.java.IocObjectNode.getValue(IocObjectNode.java:19)
	at org.nutz.ioc.java.ChainNode.eval(ChainNode.java:24)
	at org.nutz.ioc.java.ChainNode.eval(ChainNode.java:19)
	at org.nutz.ioc.val.JavaValue.get(JavaValue.java:69)
	at org.nutz.ioc.weaver.FieldInjector.inject(FieldInjector.java:32)
	at org.nutz.ioc.weaver.DefaultWeaver.fill(DefaultWeaver.java:56)
	at org.nutz.ioc.impl.ObjectMakerImpl.make(ObjectMakerImpl.java:136)
	at org.nutz.ioc.impl.NutIoc.get(NutIoc.java:210)
	at org.nutz.ioc.val.ReferValue.get(ReferValue.java:24)
	at org.nutz.ioc.impl.ObjectMakerImpl.make(ObjectMakerImpl.java:62)
	at org.nutz.ioc.impl.NutIoc.get(NutIoc.java:210)
	at org.nutz.ioc.impl.NutIoc.get(NutIoc.java:239)
	at org.nutz.dao.test.DaoCase.setUp(DaoCase.java:22)
	at sun.reflect.GeneratedMethodAccessor23.invoke(Unknown Source)
	at sun.reflect.DelegatingMethodAccessorImpl.invoke(DelegatingMethodAccessorImpl.java:43)
	at java.lang.reflect.Method.invoke(Method.java:498)
	at org.junit.runners.model.FrameworkMethod$1.runReflectiveCall(FrameworkMethod.java:44)
	at org.junit.internal.runners.model.ReflectiveCallable.run(ReflectiveCallable.java:15)
	at org.junit.runners.model.FrameworkMethod.invokeExplosively(FrameworkMethod.java:41)
	at org.junit.internal.runners.statements.RunBefores.evaluate(RunBefores.java:27)
	at org.junit.internal.runners.statements.RunAfters.evaluate(RunAfters.java:31)
	at org.junit.runners.BlockJUnit4ClassRunner.runNotIgnored(BlockJUnit4ClassRunner.java:79)
	at org.junit.runners.BlockJUnit4ClassRunner.runChild(BlockJUnit4ClassRunner.java:71)
	at org.junit.runners.BlockJUnit4ClassRunner.runChild(BlockJUnit4ClassRunner.java:49)
	at org.junit.runners.ParentRunner$3.run(ParentRunner.java:193)
	at org.junit.runners.ParentRunner$1.schedule(ParentRunner.java:52)
	at org.junit.runners.ParentRunner.runChildren(ParentRunner.java:191)
	at org.junit.runners.ParentRunner.access$000(ParentRunner.java:42)
	at org.junit.runners.ParentRunner$2.evaluate(ParentRunner.java:184)
	at org.junit.runners.ParentRunner.run(ParentRunner.java:236)
	at org.apache.maven.surefire.junit4.JUnit4Provider.execute(JUnit4Provider.java:283)
	at org.apache.maven.surefire.junit4.JUnit4Provider.executeWithRerun(JUnit4Provider.java:173)
	at org.apache.maven.surefire.junit4.JUnit4Provider.executeTestSet(JUnit4Provider.java:153)
	at org.apache.maven.surefire.junit4.JUnit4Provider.invoke(JUnit4Provider.java:128)
	at org.apache.maven.surefire.booter.ForkedBooter.invokeProviderInSameClassLoader(ForkedBooter.java:203)
	at org.apache.maven.surefire.booter.ForkedBooter.runSuitesInProcess(ForkedBooter.java:155)
	at org.apache.maven.surefire.booter.ForkedBooter.main(ForkedBooter.java:103)
Caused by: java.lang.RuntimeException: Fail to set '[nutz-test.properties]'[ [Ljava.lang.String;@202898d7 ] by setter org.nutz.ioc.impl.PropertiesProxy.'setPaths()' because [java.lang.RuntimeException: folder or file like '^.+[.]properties$' no found in nutz-test.properties]: folder or file like '^.+[.]properties$' no found in nutz-test.properties
	at org.nutz.lang.Lang.wrapThrow(Lang.java:167)
	at org.nutz.lang.inject.InjectBySetter.inject(InjectBySetter.java:62)
	at org.nutz.ioc.weaver.FieldInjector.inject(FieldInjector.java:33)
	at org.nutz.ioc.weaver.DefaultWeaver.fill(DefaultWeaver.java:56)
	at org.nutz.ioc.impl.ObjectMakerImpl.make(ObjectMakerImpl.java:136)
	at org.nutz.ioc.impl.NutIoc.get(NutIoc.java:210)
	at org.nutz.ioc.impl.NutIoc.get(NutIoc.java:239)
	at org.nutz.ioc.java.IocObjectNode.getValue(IocObjectNode.java:19)
	at org.nutz.ioc.java.ChainNode.eval(ChainNode.java:24)
	at org.nutz.ioc.java.ChainNode.eval(ChainNode.java:19)
	at org.nutz.ioc.val.JavaValue.get(JavaValue.java:69)
	at org.nutz.ioc.weaver.FieldInjector.inject(FieldInjector.java:32)
	at org.nutz.ioc.weaver.DefaultWeaver.fill(DefaultWeaver.java:56)
	at org.nutz.ioc.impl.ObjectMakerImpl.make(ObjectMakerImpl.java:136)
	at org.nutz.ioc.impl.NutIoc.get(NutIoc.java:210)
	at org.nutz.ioc.val.ReferValue.get(ReferValue.java:24)
	at org.nutz.ioc.impl.ObjectMakerImpl.make(ObjectMakerImpl.java:62)
	at org.nutz.ioc.impl.NutIoc.get(NutIoc.java:210)
	at org.nutz.ioc.impl.NutIoc.get(NutIoc.java:239)
	at org.nutz.dao.test.DaoCase.setUp(DaoCase.java:22)
	at sun.reflect.GeneratedMethodAccessor23.invoke(Unknown Source)
	at sun.reflect.DelegatingMethodAccessorImpl.invoke(DelegatingMethodAccessorImpl.java:43)
	at java.lang.reflect.Method.invoke(Method.java:498)
	at org.junit.runners.model.FrameworkMethod$1.runReflectiveCall(FrameworkMethod.java:44)
	at org.junit.internal.runners.model.ReflectiveCallable.run(ReflectiveCallable.java:15)
	at org.junit.runners.model.FrameworkMethod.invokeExplosively(FrameworkMethod.java:41)
	at org.junit.internal.runners.statements.RunBefores.evaluate(RunBefores.java:27)
	at org.junit.internal.runners.statements.RunAfters.evaluate(RunAfters.java:31)
	at org.junit.runners.BlockJUnit4ClassRunner.runNotIgnored(BlockJUnit4ClassRunner.java:79)
	at org.junit.runners.BlockJUnit4ClassRunner.runChild(BlockJUnit4ClassRunner.java:71)
	at org.junit.runners.BlockJUnit4ClassRunner.runChild(BlockJUnit4ClassRunner.java:49)
	at org.junit.runners.ParentRunner$3.run(ParentRunner.java:193)
	at org.junit.runners.ParentRunner$1.schedule(ParentRunner.java:52)
	at org.junit.runners.ParentRunner.runChildren(ParentRunner.java:191)
	at org.junit.runners.ParentRunner.access$000(ParentRunner.java:42)
	at org.junit.runners.ParentRunner$2.evaluate(ParentRunner.java:184)
	at org.junit.runners.ParentRunner.run(ParentRunner.java:236)
	at org.apache.maven.surefire.junit4.JUnit4Provider.execute(JUnit4Provider.java:283)
	at org.apache.maven.surefire.junit4.JUnit4Provider.executeWithRerun(JUnit4Provider.java:173)
	at org.apache.maven.surefire.junit4.JUnit4Provider.executeTestSet(JUnit4Provider.java:153)
	at org.apache.maven.surefire.junit4.JUnit4Provider.invoke(JUnit4Provider.java:128)
	at org.apache.maven.surefire.booter.ForkedBooter.invokeProviderInSameClassLoader(ForkedBooter.java:203)
	at org.apache.maven.surefire.booter.ForkedBooter.runSuitesInProcess(ForkedBooter.java:155)
	at org.apache.maven.surefire.booter.ForkedBooter.main(ForkedBooter.java:103)
Caused by: java.lang.RuntimeException: folder or file like '^.+[.]properties$' no found in nutz-test.properties
	at org.nutz.lang.Lang.makeThrow(Lang.java:151)
	at org.nutz.resource.Scans.loadResource(Scans.java:112)
	at org.nutz.ioc.impl.PropertiesProxy.getResources(PropertiesProxy.java:153)
	at org.nutz.ioc.impl.PropertiesProxy.setPaths(PropertiesProxy.java:109)
	at org.nutz.ioc.impl.PropertiesProxy$FM$setPaths$d0275b2b871e237a38f11859247d1599.invoke(PropertiesProxy.java)
	at org.nutz.lang.inject.InjectBySetter.inject(InjectBySetter.java:51)
	at org.nutz.ioc.weaver.FieldInjector.inject(FieldInjector.java:33)
	at org.nutz.ioc.weaver.DefaultWeaver.fill(DefaultWeaver.java:56)
	at org.nutz.ioc.impl.ObjectMakerImpl.make(ObjectMakerImpl.java:136)
	at org.nutz.ioc.impl.NutIoc.get(NutIoc.java:210)
	at org.nutz.ioc.impl.NutIoc.get(NutIoc.java:239)
	at org.nutz.ioc.java.IocObjectNode.getValue(IocObjectNode.java:19)
	at org.nutz.ioc.java.ChainNode.eval(ChainNode.java:24)
	at org.nutz.ioc.java.ChainNode.eval(ChainNode.java:19)
	at org.nutz.ioc.val.JavaValue.get(JavaValue.java:69)
	at org.nutz.ioc.weaver.FieldInjector.inject(FieldInjector.java:32)
	at org.nutz.ioc.weaver.DefaultWeaver.fill(DefaultWeaver.java:56)
	at org.nutz.ioc.impl.ObjectMakerImpl.make(ObjectMakerImpl.java:136)
	at org.nutz.ioc.impl.NutIoc.get(NutIoc.java:210)
	at org.nutz.ioc.val.ReferValue.get(ReferValue.java:24)
	at org.nutz.ioc.impl.ObjectMakerImpl.make(ObjectMakerImpl.java:62)
	at org.nutz.ioc.impl.NutIoc.get(NutIoc.java:210)
	at org.nutz.ioc.impl.NutIoc.get(NutIoc.java:239)
	at org.nutz.dao.test.DaoCase.setUp(DaoCase.java:22)
	at sun.reflect.GeneratedMethodAccessor23.invoke(Unknown Source)
	at sun.reflect.DelegatingMethodAccessorImpl.invoke(DelegatingMethodAccessorImpl.java:43)
	at java.lang.reflect.Method.invoke(Method.java:498)
	at org.junit.runners.model.FrameworkMethod$1.runReflectiveCall(FrameworkMethod.java:44)
	at org.junit.internal.runners.model.ReflectiveCallable.run(ReflectiveCallable.java:15)
	at org.junit.runners.model.FrameworkMethod.invokeExplosively(FrameworkMethod.java:41)
	at org.junit.internal.runners.statements.RunBefores.evaluate(RunBefores.java:27)
	at org.junit.internal.runners.statements.RunAfters.evaluate(RunAfters.java:31)
	at org.junit.runners.BlockJUnit4ClassRunner.runNotIgnored(BlockJUnit4ClassRunner.java:79)
	at org.junit.runners.BlockJUnit4ClassRunner.runChild(BlockJUnit4ClassRunner.java:71)
	at org.junit.runners.BlockJUnit4ClassRunner.runChild(BlockJUnit4ClassRunner.java:49)
	at org.junit.runners.ParentRunner$3.run(ParentRunner.java:193)
	at org.junit.runners.ParentRunner$1.schedule(ParentRunner.java:52)
	at org.junit.runners.ParentRunner.runChildren(ParentRunner.java:191)
	at org.junit.runners.ParentRunner.access$000(ParentRunner.java:42)
	at org.junit.runners.ParentRunner$2.evaluate(ParentRunner.java:184)
	at org.junit.runners.ParentRunner.run(ParentRunner.java:236)
	at org.apache.maven.surefire.junit4.JUnit4Provider.execute(JUnit4Provider.java:283)
	at org.apache.maven.surefire.junit4.JUnit4Provider.executeWithRerun(JUnit4Provider.java:173)
	at org.apache.maven.surefire.junit4.JUnit4Provider.executeTestSet(JUnit4Provider.java:153)
	at org.apache.maven.surefire.junit4.JUnit4Provider.invoke(JUnit4Provider.java:128)
	at org.apache.maven.surefire.booter.ForkedBooter.invokeProviderInSameClassLoader(ForkedBooter.java:203)
	at org.apache.maven.surefire.booter.ForkedBooter.runSuitesInProcess(ForkedBooter.java:155)
	at org.apache.maven.surefire.booter.ForkedBooter.main(ForkedBooter.java:103)
</error>
  </testcase>
  <testcase name="test_daos_ext_insert_without_null" classname="org.nutz.dao.test.normal.SimpleDaoTest" time="0">
    <error message="IocBean[dao -&gt; dataSource] throw Exception when creating" type="org.nutz.ioc.IocException">org.nutz.ioc.IocException: IocBean[dao -> dataSource] throw Exception when creating
	at org.nutz.ioc.impl.ObjectMakerImpl.make(ObjectMakerImpl.java:150)
	at org.nutz.ioc.impl.NutIoc.get(NutIoc.java:210)
	at org.nutz.ioc.val.ReferValue.get(ReferValue.java:24)
	at org.nutz.ioc.impl.ObjectMakerImpl.make(ObjectMakerImpl.java:62)
	at org.nutz.ioc.impl.NutIoc.get(NutIoc.java:210)
	at org.nutz.ioc.impl.NutIoc.get(NutIoc.java:239)
	at org.nutz.dao.test.DaoCase.setUp(DaoCase.java:22)
	at sun.reflect.GeneratedMethodAccessor23.invoke(Unknown Source)
	at sun.reflect.DelegatingMethodAccessorImpl.invoke(DelegatingMethodAccessorImpl.java:43)
	at java.lang.reflect.Method.invoke(Method.java:498)
	at org.junit.runners.model.FrameworkMethod$1.runReflectiveCall(FrameworkMethod.java:44)
	at org.junit.internal.runners.model.ReflectiveCallable.run(ReflectiveCallable.java:15)
	at org.junit.runners.model.FrameworkMethod.invokeExplosively(FrameworkMethod.java:41)
	at org.junit.internal.runners.statements.RunBefores.evaluate(RunBefores.java:27)
	at org.junit.internal.runners.statements.RunAfters.evaluate(RunAfters.java:31)
	at org.junit.runners.BlockJUnit4ClassRunner.runNotIgnored(BlockJUnit4ClassRunner.java:79)
	at org.junit.runners.BlockJUnit4ClassRunner.runChild(BlockJUnit4ClassRunner.java:71)
	at org.junit.runners.BlockJUnit4ClassRunner.runChild(BlockJUnit4ClassRunner.java:49)
	at org.junit.runners.ParentRunner$3.run(ParentRunner.java:193)
	at org.junit.runners.ParentRunner$1.schedule(ParentRunner.java:52)
	at org.junit.runners.ParentRunner.runChildren(ParentRunner.java:191)
	at org.junit.runners.ParentRunner.access$000(ParentRunner.java:42)
	at org.junit.runners.ParentRunner$2.evaluate(ParentRunner.java:184)
	at org.junit.runners.ParentRunner.run(ParentRunner.java:236)
	at org.apache.maven.surefire.junit4.JUnit4Provider.execute(JUnit4Provider.java:283)
	at org.apache.maven.surefire.junit4.JUnit4Provider.executeWithRerun(JUnit4Provider.java:173)
	at org.apache.maven.surefire.junit4.JUnit4Provider.executeTestSet(JUnit4Provider.java:153)
	at org.apache.maven.surefire.junit4.JUnit4Provider.invoke(JUnit4Provider.java:128)
	at org.apache.maven.surefire.booter.ForkedBooter.invokeProviderInSameClassLoader(ForkedBooter.java:203)
	at org.apache.maven.surefire.booter.ForkedBooter.runSuitesInProcess(ForkedBooter.java:155)
	at org.apache.maven.surefire.booter.ForkedBooter.main(ForkedBooter.java:103)
Caused by: java.lang.RuntimeException: IocBean[dataSource] fail at field=[driverClassName]
	at org.nutz.ioc.weaver.FieldInjector.inject(FieldInjector.java:40)
	at org.nutz.ioc.weaver.DefaultWeaver.fill(DefaultWeaver.java:56)
	at org.nutz.ioc.impl.ObjectMakerImpl.make(ObjectMakerImpl.java:136)
	at org.nutz.ioc.impl.NutIoc.get(NutIoc.java:210)
	at org.nutz.ioc.val.ReferValue.get(ReferValue.java:24)
	at org.nutz.ioc.impl.ObjectMakerImpl.make(ObjectMakerImpl.java:62)
	at org.nutz.ioc.impl.NutIoc.get(NutIoc.java:210)
	at org.nutz.ioc.impl.NutIoc.get(NutIoc.java:239)
	at org.nutz.dao.test.DaoCase.setUp(DaoCase.java:22)
	at sun.reflect.GeneratedMethodAccessor23.invoke(Unknown Source)
	at sun.reflect.DelegatingMethodAccessorImpl.invoke(DelegatingMethodAccessorImpl.java:43)
	at java.lang.reflect.Method.invoke(Method.java:498)
	at org.junit.runners.model.FrameworkMethod$1.runReflectiveCall(FrameworkMethod.java:44)
	at org.junit.internal.runners.model.ReflectiveCallable.run(ReflectiveCallable.java:15)
	at org.junit.runners.model.FrameworkMethod.invokeExplosively(FrameworkMethod.java:41)
	at org.junit.internal.runners.statements.RunBefores.evaluate(RunBefores.java:27)
	at org.junit.internal.runners.statements.RunAfters.evaluate(RunAfters.java:31)
	at org.junit.runners.BlockJUnit4ClassRunner.runNotIgnored(BlockJUnit4ClassRunner.java:79)
	at org.junit.runners.BlockJUnit4ClassRunner.runChild(BlockJUnit4ClassRunner.java:71)
	at org.junit.runners.BlockJUnit4ClassRunner.runChild(BlockJUnit4ClassRunner.java:49)
	at org.junit.runners.ParentRunner$3.run(ParentRunner.java:193)
	at org.junit.runners.ParentRunner$1.schedule(ParentRunner.java:52)
	at org.junit.runners.ParentRunner.runChildren(ParentRunner.java:191)
	at org.junit.runners.ParentRunner.access$000(ParentRunner.java:42)
	at org.junit.runners.ParentRunner$2.evaluate(ParentRunner.java:184)
	at org.junit.runners.ParentRunner.run(ParentRunner.java:236)
	at org.apache.maven.surefire.junit4.JUnit4Provider.execute(JUnit4Provider.java:283)
	at org.apache.maven.surefire.junit4.JUnit4Provider.executeWithRerun(JUnit4Provider.java:173)
	at org.apache.maven.surefire.junit4.JUnit4Provider.executeTestSet(JUnit4Provider.java:153)
	at org.apache.maven.surefire.junit4.JUnit4Provider.invoke(JUnit4Provider.java:128)
	at org.apache.maven.surefire.booter.ForkedBooter.invokeProviderInSameClassLoader(ForkedBooter.java:203)
	at org.apache.maven.surefire.booter.ForkedBooter.runSuitesInProcess(ForkedBooter.java:155)
	at org.apache.maven.surefire.booter.ForkedBooter.main(ForkedBooter.java:103)
Caused by: org.nutz.ioc.IocException: IocBean[config] throw Exception when creating
	at org.nutz.ioc.impl.ObjectMakerImpl.make(ObjectMakerImpl.java:150)
	at org.nutz.ioc.impl.NutIoc.get(NutIoc.java:210)
	at org.nutz.ioc.impl.NutIoc.get(NutIoc.java:239)
	at org.nutz.ioc.java.IocObjectNode.getValue(IocObjectNode.java:19)
	at org.nutz.ioc.java.ChainNode.eval(ChainNode.java:24)
	at org.nutz.ioc.java.ChainNode.eval(ChainNode.java:19)
	at org.nutz.ioc.val.JavaValue.get(JavaValue.java:69)
	at org.nutz.ioc.weaver.FieldInjector.inject(FieldInjector.java:32)
	at org.nutz.ioc.weaver.DefaultWeaver.fill(DefaultWeaver.java:56)
	at org.nutz.ioc.impl.ObjectMakerImpl.make(ObjectMakerImpl.java:136)
	at org.nutz.ioc.impl.NutIoc.get(NutIoc.java:210)
	at org.nutz.ioc.val.ReferValue.get(ReferValue.java:24)
	at org.nutz.ioc.impl.ObjectMakerImpl.make(ObjectMakerImpl.java:62)
	at org.nutz.ioc.impl.NutIoc.get(NutIoc.java:210)
	at org.nutz.ioc.impl.NutIoc.get(NutIoc.java:239)
	at org.nutz.dao.test.DaoCase.setUp(DaoCase.java:22)
	at sun.reflect.GeneratedMethodAccessor23.invoke(Unknown Source)
	at sun.reflect.DelegatingMethodAccessorImpl.invoke(DelegatingMethodAccessorImpl.java:43)
	at java.lang.reflect.Method.invoke(Method.java:498)
	at org.junit.runners.model.FrameworkMethod$1.runReflectiveCall(FrameworkMethod.java:44)
	at org.junit.internal.runners.model.ReflectiveCallable.run(ReflectiveCallable.java:15)
	at org.junit.runners.model.FrameworkMethod.invokeExplosively(FrameworkMethod.java:41)
	at org.junit.internal.runners.statements.RunBefores.evaluate(RunBefores.java:27)
	at org.junit.internal.runners.statements.RunAfters.evaluate(RunAfters.java:31)
	at org.junit.runners.BlockJUnit4ClassRunner.runNotIgnored(BlockJUnit4ClassRunner.java:79)
	at org.junit.runners.BlockJUnit4ClassRunner.runChild(BlockJUnit4ClassRunner.java:71)
	at org.junit.runners.BlockJUnit4ClassRunner.runChild(BlockJUnit4ClassRunner.java:49)
	at org.junit.runners.ParentRunner$3.run(ParentRunner.java:193)
	at org.junit.runners.ParentRunner$1.schedule(ParentRunner.java:52)
	at org.junit.runners.ParentRunner.runChildren(ParentRunner.java:191)
	at org.junit.runners.ParentRunner.access$000(ParentRunner.java:42)
	at org.junit.runners.ParentRunner$2.evaluate(ParentRunner.java:184)
	at org.junit.runners.ParentRunner.run(ParentRunner.java:236)
	at org.apache.maven.surefire.junit4.JUnit4Provider.execute(JUnit4Provider.java:283)
	at org.apache.maven.surefire.junit4.JUnit4Provider.executeWithRerun(JUnit4Provider.java:173)
	at org.apache.maven.surefire.junit4.JUnit4Provider.executeTestSet(JUnit4Provider.java:153)
	at org.apache.maven.surefire.junit4.JUnit4Provider.invoke(JUnit4Provider.java:128)
	at org.apache.maven.surefire.booter.ForkedBooter.invokeProviderInSameClassLoader(ForkedBooter.java:203)
	at org.apache.maven.surefire.booter.ForkedBooter.runSuitesInProcess(ForkedBooter.java:155)
	at org.apache.maven.surefire.booter.ForkedBooter.main(ForkedBooter.java:103)
Caused by: java.lang.RuntimeException: IocBean[config] fail at field=[paths]
	at org.nutz.ioc.weaver.FieldInjector.inject(FieldInjector.java:40)
	at org.nutz.ioc.weaver.DefaultWeaver.fill(DefaultWeaver.java:56)
	at org.nutz.ioc.impl.ObjectMakerImpl.make(ObjectMakerImpl.java:136)
	at org.nutz.ioc.impl.NutIoc.get(NutIoc.java:210)
	at org.nutz.ioc.impl.NutIoc.get(NutIoc.java:239)
	at org.nutz.ioc.java.IocObjectNode.getValue(IocObjectNode.java:19)
	at org.nutz.ioc.java.ChainNode.eval(ChainNode.java:24)
	at org.nutz.ioc.java.ChainNode.eval(ChainNode.java:19)
	at org.nutz.ioc.val.JavaValue.get(JavaValue.java:69)
	at org.nutz.ioc.weaver.FieldInjector.inject(FieldInjector.java:32)
	at org.nutz.ioc.weaver.DefaultWeaver.fill(DefaultWeaver.java:56)
	at org.nutz.ioc.impl.ObjectMakerImpl.make(ObjectMakerImpl.java:136)
	at org.nutz.ioc.impl.NutIoc.get(NutIoc.java:210)
	at org.nutz.ioc.val.ReferValue.get(ReferValue.java:24)
	at org.nutz.ioc.impl.ObjectMakerImpl.make(ObjectMakerImpl.java:62)
	at org.nutz.ioc.impl.NutIoc.get(NutIoc.java:210)
	at org.nutz.ioc.impl.NutIoc.get(NutIoc.java:239)
	at org.nutz.dao.test.DaoCase.setUp(DaoCase.java:22)
	at sun.reflect.GeneratedMethodAccessor23.invoke(Unknown Source)
	at sun.reflect.DelegatingMethodAccessorImpl.invoke(DelegatingMethodAccessorImpl.java:43)
	at java.lang.reflect.Method.invoke(Method.java:498)
	at org.junit.runners.model.FrameworkMethod$1.runReflectiveCall(FrameworkMethod.java:44)
	at org.junit.internal.runners.model.ReflectiveCallable.run(ReflectiveCallable.java:15)
	at org.junit.runners.model.FrameworkMethod.invokeExplosively(FrameworkMethod.java:41)
	at org.junit.internal.runners.statements.RunBefores.evaluate(RunBefores.java:27)
	at org.junit.internal.runners.statements.RunAfters.evaluate(RunAfters.java:31)
	at org.junit.runners.BlockJUnit4ClassRunner.runNotIgnored(BlockJUnit4ClassRunner.java:79)
	at org.junit.runners.BlockJUnit4ClassRunner.runChild(BlockJUnit4ClassRunner.java:71)
	at org.junit.runners.BlockJUnit4ClassRunner.runChild(BlockJUnit4ClassRunner.java:49)
	at org.junit.runners.ParentRunner$3.run(ParentRunner.java:193)
	at org.junit.runners.ParentRunner$1.schedule(ParentRunner.java:52)
	at org.junit.runners.ParentRunner.runChildren(ParentRunner.java:191)
	at org.junit.runners.ParentRunner.access$000(ParentRunner.java:42)
	at org.junit.runners.ParentRunner$2.evaluate(ParentRunner.java:184)
	at org.junit.runners.ParentRunner.run(ParentRunner.java:236)
	at org.apache.maven.surefire.junit4.JUnit4Provider.execute(JUnit4Provider.java:283)
	at org.apache.maven.surefire.junit4.JUnit4Provider.executeWithRerun(JUnit4Provider.java:173)
	at org.apache.maven.surefire.junit4.JUnit4Provider.executeTestSet(JUnit4Provider.java:153)
	at org.apache.maven.surefire.junit4.JUnit4Provider.invoke(JUnit4Provider.java:128)
	at org.apache.maven.surefire.booter.ForkedBooter.invokeProviderInSameClassLoader(ForkedBooter.java:203)
	at org.apache.maven.surefire.booter.ForkedBooter.runSuitesInProcess(ForkedBooter.java:155)
	at org.apache.maven.surefire.booter.ForkedBooter.main(ForkedBooter.java:103)
Caused by: java.lang.RuntimeException: Fail to set '[nutz-test.properties]'[ [Ljava.lang.String;@317890ea ] by setter org.nutz.ioc.impl.PropertiesProxy.'setPaths()' because [java.lang.RuntimeException: folder or file like '^.+[.]properties$' no found in nutz-test.properties]: folder or file like '^.+[.]properties$' no found in nutz-test.properties
	at org.nutz.lang.Lang.wrapThrow(Lang.java:167)
	at org.nutz.lang.inject.InjectBySetter.inject(InjectBySetter.java:62)
	at org.nutz.ioc.weaver.FieldInjector.inject(FieldInjector.java:33)
	at org.nutz.ioc.weaver.DefaultWeaver.fill(DefaultWeaver.java:56)
	at org.nutz.ioc.impl.ObjectMakerImpl.make(ObjectMakerImpl.java:136)
	at org.nutz.ioc.impl.NutIoc.get(NutIoc.java:210)
	at org.nutz.ioc.impl.NutIoc.get(NutIoc.java:239)
	at org.nutz.ioc.java.IocObjectNode.getValue(IocObjectNode.java:19)
	at org.nutz.ioc.java.ChainNode.eval(ChainNode.java:24)
	at org.nutz.ioc.java.ChainNode.eval(ChainNode.java:19)
	at org.nutz.ioc.val.JavaValue.get(JavaValue.java:69)
	at org.nutz.ioc.weaver.FieldInjector.inject(FieldInjector.java:32)
	at org.nutz.ioc.weaver.DefaultWeaver.fill(DefaultWeaver.java:56)
	at org.nutz.ioc.impl.ObjectMakerImpl.make(ObjectMakerImpl.java:136)
	at org.nutz.ioc.impl.NutIoc.get(NutIoc.java:210)
	at org.nutz.ioc.val.ReferValue.get(ReferValue.java:24)
	at org.nutz.ioc.impl.ObjectMakerImpl.make(ObjectMakerImpl.java:62)
	at org.nutz.ioc.impl.NutIoc.get(NutIoc.java:210)
	at org.nutz.ioc.impl.NutIoc.get(NutIoc.java:239)
	at org.nutz.dao.test.DaoCase.setUp(DaoCase.java:22)
	at sun.reflect.GeneratedMethodAccessor23.invoke(Unknown Source)
	at sun.reflect.DelegatingMethodAccessorImpl.invoke(DelegatingMethodAccessorImpl.java:43)
	at java.lang.reflect.Method.invoke(Method.java:498)
	at org.junit.runners.model.FrameworkMethod$1.runReflectiveCall(FrameworkMethod.java:44)
	at org.junit.internal.runners.model.ReflectiveCallable.run(ReflectiveCallable.java:15)
	at org.junit.runners.model.FrameworkMethod.invokeExplosively(FrameworkMethod.java:41)
	at org.junit.internal.runners.statements.RunBefores.evaluate(RunBefores.java:27)
	at org.junit.internal.runners.statements.RunAfters.evaluate(RunAfters.java:31)
	at org.junit.runners.BlockJUnit4ClassRunner.runNotIgnored(BlockJUnit4ClassRunner.java:79)
	at org.junit.runners.BlockJUnit4ClassRunner.runChild(BlockJUnit4ClassRunner.java:71)
	at org.junit.runners.BlockJUnit4ClassRunner.runChild(BlockJUnit4ClassRunner.java:49)
	at org.junit.runners.ParentRunner$3.run(ParentRunner.java:193)
	at org.junit.runners.ParentRunner$1.schedule(ParentRunner.java:52)
	at org.junit.runners.ParentRunner.runChildren(ParentRunner.java:191)
	at org.junit.runners.ParentRunner.access$000(ParentRunner.java:42)
	at org.junit.runners.ParentRunner$2.evaluate(ParentRunner.java:184)
	at org.junit.runners.ParentRunner.run(ParentRunner.java:236)
	at org.apache.maven.surefire.junit4.JUnit4Provider.execute(JUnit4Provider.java:283)
	at org.apache.maven.surefire.junit4.JUnit4Provider.executeWithRerun(JUnit4Provider.java:173)
	at org.apache.maven.surefire.junit4.JUnit4Provider.executeTestSet(JUnit4Provider.java:153)
	at org.apache.maven.surefire.junit4.JUnit4Provider.invoke(JUnit4Provider.java:128)
	at org.apache.maven.surefire.booter.ForkedBooter.invokeProviderInSameClassLoader(ForkedBooter.java:203)
	at org.apache.maven.surefire.booter.ForkedBooter.runSuitesInProcess(ForkedBooter.java:155)
	at org.apache.maven.surefire.booter.ForkedBooter.main(ForkedBooter.java:103)
Caused by: java.lang.RuntimeException: folder or file like '^.+[.]properties$' no found in nutz-test.properties
	at org.nutz.lang.Lang.makeThrow(Lang.java:151)
	at org.nutz.resource.Scans.loadResource(Scans.java:112)
	at org.nutz.ioc.impl.PropertiesProxy.getResources(PropertiesProxy.java:153)
	at org.nutz.ioc.impl.PropertiesProxy.setPaths(PropertiesProxy.java:109)
	at org.nutz.ioc.impl.PropertiesProxy$FM$setPaths$d0275b2b871e237a38f11859247d1599.invoke(PropertiesProxy.java)
	at org.nutz.lang.inject.InjectBySetter.inject(InjectBySetter.java:51)
	at org.nutz.ioc.weaver.FieldInjector.inject(FieldInjector.java:33)
	at org.nutz.ioc.weaver.DefaultWeaver.fill(DefaultWeaver.java:56)
	at org.nutz.ioc.impl.ObjectMakerImpl.make(ObjectMakerImpl.java:136)
	at org.nutz.ioc.impl.NutIoc.get(NutIoc.java:210)
	at org.nutz.ioc.impl.NutIoc.get(NutIoc.java:239)
	at org.nutz.ioc.java.IocObjectNode.getValue(IocObjectNode.java:19)
	at org.nutz.ioc.java.ChainNode.eval(ChainNode.java:24)
	at org.nutz.ioc.java.ChainNode.eval(ChainNode.java:19)
	at org.nutz.ioc.val.JavaValue.get(JavaValue.java:69)
	at org.nutz.ioc.weaver.FieldInjector.inject(FieldInjector.java:32)
	at org.nutz.ioc.weaver.DefaultWeaver.fill(DefaultWeaver.java:56)
	at org.nutz.ioc.impl.ObjectMakerImpl.make(ObjectMakerImpl.java:136)
	at org.nutz.ioc.impl.NutIoc.get(NutIoc.java:210)
	at org.nutz.ioc.val.ReferValue.get(ReferValue.java:24)
	at org.nutz.ioc.impl.ObjectMakerImpl.make(ObjectMakerImpl.java:62)
	at org.nutz.ioc.impl.NutIoc.get(NutIoc.java:210)
	at org.nutz.ioc.impl.NutIoc.get(NutIoc.java:239)
	at org.nutz.dao.test.DaoCase.setUp(DaoCase.java:22)
	at sun.reflect.GeneratedMethodAccessor23.invoke(Unknown Source)
	at sun.reflect.DelegatingMethodAccessorImpl.invoke(DelegatingMethodAccessorImpl.java:43)
	at java.lang.reflect.Method.invoke(Method.java:498)
	at org.junit.runners.model.FrameworkMethod$1.runReflectiveCall(FrameworkMethod.java:44)
	at org.junit.internal.runners.model.ReflectiveCallable.run(ReflectiveCallable.java:15)
	at org.junit.runners.model.FrameworkMethod.invokeExplosively(FrameworkMethod.java:41)
	at org.junit.internal.runners.statements.RunBefores.evaluate(RunBefores.java:27)
	at org.junit.internal.runners.statements.RunAfters.evaluate(RunAfters.java:31)
	at org.junit.runners.BlockJUnit4ClassRunner.runNotIgnored(BlockJUnit4ClassRunner.java:79)
	at org.junit.runners.BlockJUnit4ClassRunner.runChild(BlockJUnit4ClassRunner.java:71)
	at org.junit.runners.BlockJUnit4ClassRunner.runChild(BlockJUnit4ClassRunner.java:49)
	at org.junit.runners.ParentRunner$3.run(ParentRunner.java:193)
	at org.junit.runners.ParentRunner$1.schedule(ParentRunner.java:52)
	at org.junit.runners.ParentRunner.runChildren(ParentRunner.java:191)
	at org.junit.runners.ParentRunner.access$000(ParentRunner.java:42)
	at org.junit.runners.ParentRunner$2.evaluate(ParentRunner.java:184)
	at org.junit.runners.ParentRunner.run(ParentRunner.java:236)
	at org.apache.maven.surefire.junit4.JUnit4Provider.execute(JUnit4Provider.java:283)
	at org.apache.maven.surefire.junit4.JUnit4Provider.executeWithRerun(JUnit4Provider.java:173)
	at org.apache.maven.surefire.junit4.JUnit4Provider.executeTestSet(JUnit4Provider.java:153)
	at org.apache.maven.surefire.junit4.JUnit4Provider.invoke(JUnit4Provider.java:128)
	at org.apache.maven.surefire.booter.ForkedBooter.invokeProviderInSameClassLoader(ForkedBooter.java:203)
	at org.apache.maven.surefire.booter.ForkedBooter.runSuitesInProcess(ForkedBooter.java:155)
	at org.apache.maven.surefire.booter.ForkedBooter.main(ForkedBooter.java:103)
</error>
  </testcase>
  <testcase name="test_insert_ignore_null" classname="org.nutz.dao.test.normal.SimpleDaoTest" time="0.001">
    <error message="IocBean[dao -&gt; dataSource] throw Exception when creating" type="org.nutz.ioc.IocException">org.nutz.ioc.IocException: IocBean[dao -> dataSource] throw Exception when creating
	at org.nutz.ioc.impl.ObjectMakerImpl.make(ObjectMakerImpl.java:150)
	at org.nutz.ioc.impl.NutIoc.get(NutIoc.java:210)
	at org.nutz.ioc.val.ReferValue.get(ReferValue.java:24)
	at org.nutz.ioc.impl.ObjectMakerImpl.make(ObjectMakerImpl.java:62)
	at org.nutz.ioc.impl.NutIoc.get(NutIoc.java:210)
	at org.nutz.ioc.impl.NutIoc.get(NutIoc.java:239)
	at org.nutz.dao.test.DaoCase.setUp(DaoCase.java:22)
	at sun.reflect.GeneratedMethodAccessor23.invoke(Unknown Source)
	at sun.reflect.DelegatingMethodAccessorImpl.invoke(DelegatingMethodAccessorImpl.java:43)
	at java.lang.reflect.Method.invoke(Method.java:498)
	at org.junit.runners.model.FrameworkMethod$1.runReflectiveCall(FrameworkMethod.java:44)
	at org.junit.internal.runners.model.ReflectiveCallable.run(ReflectiveCallable.java:15)
	at org.junit.runners.model.FrameworkMethod.invokeExplosively(FrameworkMethod.java:41)
	at org.junit.internal.runners.statements.RunBefores.evaluate(RunBefores.java:27)
	at org.junit.internal.runners.statements.RunAfters.evaluate(RunAfters.java:31)
	at org.junit.runners.BlockJUnit4ClassRunner.runNotIgnored(BlockJUnit4ClassRunner.java:79)
	at org.junit.runners.BlockJUnit4ClassRunner.runChild(BlockJUnit4ClassRunner.java:71)
	at org.junit.runners.BlockJUnit4ClassRunner.runChild(BlockJUnit4ClassRunner.java:49)
	at org.junit.runners.ParentRunner$3.run(ParentRunner.java:193)
	at org.junit.runners.ParentRunner$1.schedule(ParentRunner.java:52)
	at org.junit.runners.ParentRunner.runChildren(ParentRunner.java:191)
	at org.junit.runners.ParentRunner.access$000(ParentRunner.java:42)
	at org.junit.runners.ParentRunner$2.evaluate(ParentRunner.java:184)
	at org.junit.runners.ParentRunner.run(ParentRunner.java:236)
	at org.apache.maven.surefire.junit4.JUnit4Provider.execute(JUnit4Provider.java:283)
	at org.apache.maven.surefire.junit4.JUnit4Provider.executeWithRerun(JUnit4Provider.java:173)
	at org.apache.maven.surefire.junit4.JUnit4Provider.executeTestSet(JUnit4Provider.java:153)
	at org.apache.maven.surefire.junit4.JUnit4Provider.invoke(JUnit4Provider.java:128)
	at org.apache.maven.surefire.booter.ForkedBooter.invokeProviderInSameClassLoader(ForkedBooter.java:203)
	at org.apache.maven.surefire.booter.ForkedBooter.runSuitesInProcess(ForkedBooter.java:155)
	at org.apache.maven.surefire.booter.ForkedBooter.main(ForkedBooter.java:103)
Caused by: java.lang.RuntimeException: IocBean[dataSource] fail at field=[driverClassName]
	at org.nutz.ioc.weaver.FieldInjector.inject(FieldInjector.java:40)
	at org.nutz.ioc.weaver.DefaultWeaver.fill(DefaultWeaver.java:56)
	at org.nutz.ioc.impl.ObjectMakerImpl.make(ObjectMakerImpl.java:136)
	at org.nutz.ioc.impl.NutIoc.get(NutIoc.java:210)
	at org.nutz.ioc.val.ReferValue.get(ReferValue.java:24)
	at org.nutz.ioc.impl.ObjectMakerImpl.make(ObjectMakerImpl.java:62)
	at org.nutz.ioc.impl.NutIoc.get(NutIoc.java:210)
	at org.nutz.ioc.impl.NutIoc.get(NutIoc.java:239)
	at org.nutz.dao.test.DaoCase.setUp(DaoCase.java:22)
	at sun.reflect.GeneratedMethodAccessor23.invoke(Unknown Source)
	at sun.reflect.DelegatingMethodAccessorImpl.invoke(DelegatingMethodAccessorImpl.java:43)
	at java.lang.reflect.Method.invoke(Method.java:498)
	at org.junit.runners.model.FrameworkMethod$1.runReflectiveCall(FrameworkMethod.java:44)
	at org.junit.internal.runners.model.ReflectiveCallable.run(ReflectiveCallable.java:15)
	at org.junit.runners.model.FrameworkMethod.invokeExplosively(FrameworkMethod.java:41)
	at org.junit.internal.runners.statements.RunBefores.evaluate(RunBefores.java:27)
	at org.junit.internal.runners.statements.RunAfters.evaluate(RunAfters.java:31)
	at org.junit.runners.BlockJUnit4ClassRunner.runNotIgnored(BlockJUnit4ClassRunner.java:79)
	at org.junit.runners.BlockJUnit4ClassRunner.runChild(BlockJUnit4ClassRunner.java:71)
	at org.junit.runners.BlockJUnit4ClassRunner.runChild(BlockJUnit4ClassRunner.java:49)
	at org.junit.runners.ParentRunner$3.run(ParentRunner.java:193)
	at org.junit.runners.ParentRunner$1.schedule(ParentRunner.java:52)
	at org.junit.runners.ParentRunner.runChildren(ParentRunner.java:191)
	at org.junit.runners.ParentRunner.access$000(ParentRunner.java:42)
	at org.junit.runners.ParentRunner$2.evaluate(ParentRunner.java:184)
	at org.junit.runners.ParentRunner.run(ParentRunner.java:236)
	at org.apache.maven.surefire.junit4.JUnit4Provider.execute(JUnit4Provider.java:283)
	at org.apache.maven.surefire.junit4.JUnit4Provider.executeWithRerun(JUnit4Provider.java:173)
	at org.apache.maven.surefire.junit4.JUnit4Provider.executeTestSet(JUnit4Provider.java:153)
	at org.apache.maven.surefire.junit4.JUnit4Provider.invoke(JUnit4Provider.java:128)
	at org.apache.maven.surefire.booter.ForkedBooter.invokeProviderInSameClassLoader(ForkedBooter.java:203)
	at org.apache.maven.surefire.booter.ForkedBooter.runSuitesInProcess(ForkedBooter.java:155)
	at org.apache.maven.surefire.booter.ForkedBooter.main(ForkedBooter.java:103)
Caused by: org.nutz.ioc.IocException: IocBean[config] throw Exception when creating
	at org.nutz.ioc.impl.ObjectMakerImpl.make(ObjectMakerImpl.java:150)
	at org.nutz.ioc.impl.NutIoc.get(NutIoc.java:210)
	at org.nutz.ioc.impl.NutIoc.get(NutIoc.java:239)
	at org.nutz.ioc.java.IocObjectNode.getValue(IocObjectNode.java:19)
	at org.nutz.ioc.java.ChainNode.eval(ChainNode.java:24)
	at org.nutz.ioc.java.ChainNode.eval(ChainNode.java:19)
	at org.nutz.ioc.val.JavaValue.get(JavaValue.java:69)
	at org.nutz.ioc.weaver.FieldInjector.inject(FieldInjector.java:32)
	at org.nutz.ioc.weaver.DefaultWeaver.fill(DefaultWeaver.java:56)
	at org.nutz.ioc.impl.ObjectMakerImpl.make(ObjectMakerImpl.java:136)
	at org.nutz.ioc.impl.NutIoc.get(NutIoc.java:210)
	at org.nutz.ioc.val.ReferValue.get(ReferValue.java:24)
	at org.nutz.ioc.impl.ObjectMakerImpl.make(ObjectMakerImpl.java:62)
	at org.nutz.ioc.impl.NutIoc.get(NutIoc.java:210)
	at org.nutz.ioc.impl.NutIoc.get(NutIoc.java:239)
	at org.nutz.dao.test.DaoCase.setUp(DaoCase.java:22)
	at sun.reflect.GeneratedMethodAccessor23.invoke(Unknown Source)
	at sun.reflect.DelegatingMethodAccessorImpl.invoke(DelegatingMethodAccessorImpl.java:43)
	at java.lang.reflect.Method.invoke(Method.java:498)
	at org.junit.runners.model.FrameworkMethod$1.runReflectiveCall(FrameworkMethod.java:44)
	at org.junit.internal.runners.model.ReflectiveCallable.run(ReflectiveCallable.java:15)
	at org.junit.runners.model.FrameworkMethod.invokeExplosively(FrameworkMethod.java:41)
	at org.junit.internal.runners.statements.RunBefores.evaluate(RunBefores.java:27)
	at org.junit.internal.runners.statements.RunAfters.evaluate(RunAfters.java:31)
	at org.junit.runners.BlockJUnit4ClassRunner.runNotIgnored(BlockJUnit4ClassRunner.java:79)
	at org.junit.runners.BlockJUnit4ClassRunner.runChild(BlockJUnit4ClassRunner.java:71)
	at org.junit.runners.BlockJUnit4ClassRunner.runChild(BlockJUnit4ClassRunner.java:49)
	at org.junit.runners.ParentRunner$3.run(ParentRunner.java:193)
	at org.junit.runners.ParentRunner$1.schedule(ParentRunner.java:52)
	at org.junit.runners.ParentRunner.runChildren(ParentRunner.java:191)
	at org.junit.runners.ParentRunner.access$000(ParentRunner.java:42)
	at org.junit.runners.ParentRunner$2.evaluate(ParentRunner.java:184)
	at org.junit.runners.ParentRunner.run(ParentRunner.java:236)
	at org.apache.maven.surefire.junit4.JUnit4Provider.execute(JUnit4Provider.java:283)
	at org.apache.maven.surefire.junit4.JUnit4Provider.executeWithRerun(JUnit4Provider.java:173)
	at org.apache.maven.surefire.junit4.JUnit4Provider.executeTestSet(JUnit4Provider.java:153)
	at org.apache.maven.surefire.junit4.JUnit4Provider.invoke(JUnit4Provider.java:128)
	at org.apache.maven.surefire.booter.ForkedBooter.invokeProviderInSameClassLoader(ForkedBooter.java:203)
	at org.apache.maven.surefire.booter.ForkedBooter.runSuitesInProcess(ForkedBooter.java:155)
	at org.apache.maven.surefire.booter.ForkedBooter.main(ForkedBooter.java:103)
Caused by: java.lang.RuntimeException: IocBean[config] fail at field=[paths]
	at org.nutz.ioc.weaver.FieldInjector.inject(FieldInjector.java:40)
	at org.nutz.ioc.weaver.DefaultWeaver.fill(DefaultWeaver.java:56)
	at org.nutz.ioc.impl.ObjectMakerImpl.make(ObjectMakerImpl.java:136)
	at org.nutz.ioc.impl.NutIoc.get(NutIoc.java:210)
	at org.nutz.ioc.impl.NutIoc.get(NutIoc.java:239)
	at org.nutz.ioc.java.IocObjectNode.getValue(IocObjectNode.java:19)
	at org.nutz.ioc.java.ChainNode.eval(ChainNode.java:24)
	at org.nutz.ioc.java.ChainNode.eval(ChainNode.java:19)
	at org.nutz.ioc.val.JavaValue.get(JavaValue.java:69)
	at org.nutz.ioc.weaver.FieldInjector.inject(FieldInjector.java:32)
	at org.nutz.ioc.weaver.DefaultWeaver.fill(DefaultWeaver.java:56)
	at org.nutz.ioc.impl.ObjectMakerImpl.make(ObjectMakerImpl.java:136)
	at org.nutz.ioc.impl.NutIoc.get(NutIoc.java:210)
	at org.nutz.ioc.val.ReferValue.get(ReferValue.java:24)
	at org.nutz.ioc.impl.ObjectMakerImpl.make(ObjectMakerImpl.java:62)
	at org.nutz.ioc.impl.NutIoc.get(NutIoc.java:210)
	at org.nutz.ioc.impl.NutIoc.get(NutIoc.java:239)
	at org.nutz.dao.test.DaoCase.setUp(DaoCase.java:22)
	at sun.reflect.GeneratedMethodAccessor23.invoke(Unknown Source)
	at sun.reflect.DelegatingMethodAccessorImpl.invoke(DelegatingMethodAccessorImpl.java:43)
	at java.lang.reflect.Method.invoke(Method.java:498)
	at org.junit.runners.model.FrameworkMethod$1.runReflectiveCall(FrameworkMethod.java:44)
	at org.junit.internal.runners.model.ReflectiveCallable.run(ReflectiveCallable.java:15)
	at org.junit.runners.model.FrameworkMethod.invokeExplosively(FrameworkMethod.java:41)
	at org.junit.internal.runners.statements.RunBefores.evaluate(RunBefores.java:27)
	at org.junit.internal.runners.statements.RunAfters.evaluate(RunAfters.java:31)
	at org.junit.runners.BlockJUnit4ClassRunner.runNotIgnored(BlockJUnit4ClassRunner.java:79)
	at org.junit.runners.BlockJUnit4ClassRunner.runChild(BlockJUnit4ClassRunner.java:71)
	at org.junit.runners.BlockJUnit4ClassRunner.runChild(BlockJUnit4ClassRunner.java:49)
	at org.junit.runners.ParentRunner$3.run(ParentRunner.java:193)
	at org.junit.runners.ParentRunner$1.schedule(ParentRunner.java:52)
	at org.junit.runners.ParentRunner.runChildren(ParentRunner.java:191)
	at org.junit.runners.ParentRunner.access$000(ParentRunner.java:42)
	at org.junit.runners.ParentRunner$2.evaluate(ParentRunner.java:184)
	at org.junit.runners.ParentRunner.run(ParentRunner.java:236)
	at org.apache.maven.surefire.junit4.JUnit4Provider.execute(JUnit4Provider.java:283)
	at org.apache.maven.surefire.junit4.JUnit4Provider.executeWithRerun(JUnit4Provider.java:173)
	at org.apache.maven.surefire.junit4.JUnit4Provider.executeTestSet(JUnit4Provider.java:153)
	at org.apache.maven.surefire.junit4.JUnit4Provider.invoke(JUnit4Provider.java:128)
	at org.apache.maven.surefire.booter.ForkedBooter.invokeProviderInSameClassLoader(ForkedBooter.java:203)
	at org.apache.maven.surefire.booter.ForkedBooter.runSuitesInProcess(ForkedBooter.java:155)
	at org.apache.maven.surefire.booter.ForkedBooter.main(ForkedBooter.java:103)
Caused by: java.lang.RuntimeException: Fail to set '[nutz-test.properties]'[ [Ljava.lang.String;@2c719bd4 ] by setter org.nutz.ioc.impl.PropertiesProxy.'setPaths()' because [java.lang.RuntimeException: folder or file like '^.+[.]properties$' no found in nutz-test.properties]: folder or file like '^.+[.]properties$' no found in nutz-test.properties
	at org.nutz.lang.Lang.wrapThrow(Lang.java:167)
	at org.nutz.lang.inject.InjectBySetter.inject(InjectBySetter.java:62)
	at org.nutz.ioc.weaver.FieldInjector.inject(FieldInjector.java:33)
	at org.nutz.ioc.weaver.DefaultWeaver.fill(DefaultWeaver.java:56)
	at org.nutz.ioc.impl.ObjectMakerImpl.make(ObjectMakerImpl.java:136)
	at org.nutz.ioc.impl.NutIoc.get(NutIoc.java:210)
	at org.nutz.ioc.impl.NutIoc.get(NutIoc.java:239)
	at org.nutz.ioc.java.IocObjectNode.getValue(IocObjectNode.java:19)
	at org.nutz.ioc.java.ChainNode.eval(ChainNode.java:24)
	at org.nutz.ioc.java.ChainNode.eval(ChainNode.java:19)
	at org.nutz.ioc.val.JavaValue.get(JavaValue.java:69)
	at org.nutz.ioc.weaver.FieldInjector.inject(FieldInjector.java:32)
	at org.nutz.ioc.weaver.DefaultWeaver.fill(DefaultWeaver.java:56)
	at org.nutz.ioc.impl.ObjectMakerImpl.make(ObjectMakerImpl.java:136)
	at org.nutz.ioc.impl.NutIoc.get(NutIoc.java:210)
	at org.nutz.ioc.val.ReferValue.get(ReferValue.java:24)
	at org.nutz.ioc.impl.ObjectMakerImpl.make(ObjectMakerImpl.java:62)
	at org.nutz.ioc.impl.NutIoc.get(NutIoc.java:210)
	at org.nutz.ioc.impl.NutIoc.get(NutIoc.java:239)
	at org.nutz.dao.test.DaoCase.setUp(DaoCase.java:22)
	at sun.reflect.GeneratedMethodAccessor23.invoke(Unknown Source)
	at sun.reflect.DelegatingMethodAccessorImpl.invoke(DelegatingMethodAccessorImpl.java:43)
	at java.lang.reflect.Method.invoke(Method.java:498)
	at org.junit.runners.model.FrameworkMethod$1.runReflectiveCall(FrameworkMethod.java:44)
	at org.junit.internal.runners.model.ReflectiveCallable.run(ReflectiveCallable.java:15)
	at org.junit.runners.model.FrameworkMethod.invokeExplosively(FrameworkMethod.java:41)
	at org.junit.internal.runners.statements.RunBefores.evaluate(RunBefores.java:27)
	at org.junit.internal.runners.statements.RunAfters.evaluate(RunAfters.java:31)
	at org.junit.runners.BlockJUnit4ClassRunner.runNotIgnored(BlockJUnit4ClassRunner.java:79)
	at org.junit.runners.BlockJUnit4ClassRunner.runChild(BlockJUnit4ClassRunner.java:71)
	at org.junit.runners.BlockJUnit4ClassRunner.runChild(BlockJUnit4ClassRunner.java:49)
	at org.junit.runners.ParentRunner$3.run(ParentRunner.java:193)
	at org.junit.runners.ParentRunner$1.schedule(ParentRunner.java:52)
	at org.junit.runners.ParentRunner.runChildren(ParentRunner.java:191)
	at org.junit.runners.ParentRunner.access$000(ParentRunner.java:42)
	at org.junit.runners.ParentRunner$2.evaluate(ParentRunner.java:184)
	at org.junit.runners.ParentRunner.run(ParentRunner.java:236)
	at org.apache.maven.surefire.junit4.JUnit4Provider.execute(JUnit4Provider.java:283)
	at org.apache.maven.surefire.junit4.JUnit4Provider.executeWithRerun(JUnit4Provider.java:173)
	at org.apache.maven.surefire.junit4.JUnit4Provider.executeTestSet(JUnit4Provider.java:153)
	at org.apache.maven.surefire.junit4.JUnit4Provider.invoke(JUnit4Provider.java:128)
	at org.apache.maven.surefire.booter.ForkedBooter.invokeProviderInSameClassLoader(ForkedBooter.java:203)
	at org.apache.maven.surefire.booter.ForkedBooter.runSuitesInProcess(ForkedBooter.java:155)
	at org.apache.maven.surefire.booter.ForkedBooter.main(ForkedBooter.java:103)
Caused by: java.lang.RuntimeException: folder or file like '^.+[.]properties$' no found in nutz-test.properties
	at org.nutz.lang.Lang.makeThrow(Lang.java:151)
	at org.nutz.resource.Scans.loadResource(Scans.java:112)
	at org.nutz.ioc.impl.PropertiesProxy.getResources(PropertiesProxy.java:153)
	at org.nutz.ioc.impl.PropertiesProxy.setPaths(PropertiesProxy.java:109)
	at org.nutz.ioc.impl.PropertiesProxy$FM$setPaths$d0275b2b871e237a38f11859247d1599.invoke(PropertiesProxy.java)
	at org.nutz.lang.inject.InjectBySetter.inject(InjectBySetter.java:51)
	at org.nutz.ioc.weaver.FieldInjector.inject(FieldInjector.java:33)
	at org.nutz.ioc.weaver.DefaultWeaver.fill(DefaultWeaver.java:56)
	at org.nutz.ioc.impl.ObjectMakerImpl.make(ObjectMakerImpl.java:136)
	at org.nutz.ioc.impl.NutIoc.get(NutIoc.java:210)
	at org.nutz.ioc.impl.NutIoc.get(NutIoc.java:239)
	at org.nutz.ioc.java.IocObjectNode.getValue(IocObjectNode.java:19)
	at org.nutz.ioc.java.ChainNode.eval(ChainNode.java:24)
	at org.nutz.ioc.java.ChainNode.eval(ChainNode.java:19)
	at org.nutz.ioc.val.JavaValue.get(JavaValue.java:69)
	at org.nutz.ioc.weaver.FieldInjector.inject(FieldInjector.java:32)
	at org.nutz.ioc.weaver.DefaultWeaver.fill(DefaultWeaver.java:56)
	at org.nutz.ioc.impl.ObjectMakerImpl.make(ObjectMakerImpl.java:136)
	at org.nutz.ioc.impl.NutIoc.get(NutIoc.java:210)
	at org.nutz.ioc.val.ReferValue.get(ReferValue.java:24)
	at org.nutz.ioc.impl.ObjectMakerImpl.make(ObjectMakerImpl.java:62)
	at org.nutz.ioc.impl.NutIoc.get(NutIoc.java:210)
	at org.nutz.ioc.impl.NutIoc.get(NutIoc.java:239)
	at org.nutz.dao.test.DaoCase.setUp(DaoCase.java:22)
	at sun.reflect.GeneratedMethodAccessor23.invoke(Unknown Source)
	at sun.reflect.DelegatingMethodAccessorImpl.invoke(DelegatingMethodAccessorImpl.java:43)
	at java.lang.reflect.Method.invoke(Method.java:498)
	at org.junit.runners.model.FrameworkMethod$1.runReflectiveCall(FrameworkMethod.java:44)
	at org.junit.internal.runners.model.ReflectiveCallable.run(ReflectiveCallable.java:15)
	at org.junit.runners.model.FrameworkMethod.invokeExplosively(FrameworkMethod.java:41)
	at org.junit.internal.runners.statements.RunBefores.evaluate(RunBefores.java:27)
	at org.junit.internal.runners.statements.RunAfters.evaluate(RunAfters.java:31)
	at org.junit.runners.BlockJUnit4ClassRunner.runNotIgnored(BlockJUnit4ClassRunner.java:79)
	at org.junit.runners.BlockJUnit4ClassRunner.runChild(BlockJUnit4ClassRunner.java:71)
	at org.junit.runners.BlockJUnit4ClassRunner.runChild(BlockJUnit4ClassRunner.java:49)
	at org.junit.runners.ParentRunner$3.run(ParentRunner.java:193)
	at org.junit.runners.ParentRunner$1.schedule(ParentRunner.java:52)
	at org.junit.runners.ParentRunner.runChildren(ParentRunner.java:191)
	at org.junit.runners.ParentRunner.access$000(ParentRunner.java:42)
	at org.junit.runners.ParentRunner$2.evaluate(ParentRunner.java:184)
	at org.junit.runners.ParentRunner.run(ParentRunner.java:236)
	at org.apache.maven.surefire.junit4.JUnit4Provider.execute(JUnit4Provider.java:283)
	at org.apache.maven.surefire.junit4.JUnit4Provider.executeWithRerun(JUnit4Provider.java:173)
	at org.apache.maven.surefire.junit4.JUnit4Provider.executeTestSet(JUnit4Provider.java:153)
	at org.apache.maven.surefire.junit4.JUnit4Provider.invoke(JUnit4Provider.java:128)
	at org.apache.maven.surefire.booter.ForkedBooter.invokeProviderInSameClassLoader(ForkedBooter.java:203)
	at org.apache.maven.surefire.booter.ForkedBooter.runSuitesInProcess(ForkedBooter.java:155)
	at org.apache.maven.surefire.booter.ForkedBooter.main(ForkedBooter.java:103)
</error>
  </testcase>
  <testcase name="test_daos_queryCount" classname="org.nutz.dao.test.normal.SimpleDaoTest" time="0">
    <error message="IocBean[dao -&gt; dataSource] throw Exception when creating" type="org.nutz.ioc.IocException">org.nutz.ioc.IocException: IocBean[dao -> dataSource] throw Exception when creating
	at org.nutz.ioc.impl.ObjectMakerImpl.make(ObjectMakerImpl.java:150)
	at org.nutz.ioc.impl.NutIoc.get(NutIoc.java:210)
	at org.nutz.ioc.val.ReferValue.get(ReferValue.java:24)
	at org.nutz.ioc.impl.ObjectMakerImpl.make(ObjectMakerImpl.java:62)
	at org.nutz.ioc.impl.NutIoc.get(NutIoc.java:210)
	at org.nutz.ioc.impl.NutIoc.get(NutIoc.java:239)
	at org.nutz.dao.test.DaoCase.setUp(DaoCase.java:22)
	at sun.reflect.GeneratedMethodAccessor23.invoke(Unknown Source)
	at sun.reflect.DelegatingMethodAccessorImpl.invoke(DelegatingMethodAccessorImpl.java:43)
	at java.lang.reflect.Method.invoke(Method.java:498)
	at org.junit.runners.model.FrameworkMethod$1.runReflectiveCall(FrameworkMethod.java:44)
	at org.junit.internal.runners.model.ReflectiveCallable.run(ReflectiveCallable.java:15)
	at org.junit.runners.model.FrameworkMethod.invokeExplosively(FrameworkMethod.java:41)
	at org.junit.internal.runners.statements.RunBefores.evaluate(RunBefores.java:27)
	at org.junit.internal.runners.statements.RunAfters.evaluate(RunAfters.java:31)
	at org.junit.runners.BlockJUnit4ClassRunner.runNotIgnored(BlockJUnit4ClassRunner.java:79)
	at org.junit.runners.BlockJUnit4ClassRunner.runChild(BlockJUnit4ClassRunner.java:71)
	at org.junit.runners.BlockJUnit4ClassRunner.runChild(BlockJUnit4ClassRunner.java:49)
	at org.junit.runners.ParentRunner$3.run(ParentRunner.java:193)
	at org.junit.runners.ParentRunner$1.schedule(ParentRunner.java:52)
	at org.junit.runners.ParentRunner.runChildren(ParentRunner.java:191)
	at org.junit.runners.ParentRunner.access$000(ParentRunner.java:42)
	at org.junit.runners.ParentRunner$2.evaluate(ParentRunner.java:184)
	at org.junit.runners.ParentRunner.run(ParentRunner.java:236)
	at org.apache.maven.surefire.junit4.JUnit4Provider.execute(JUnit4Provider.java:283)
	at org.apache.maven.surefire.junit4.JUnit4Provider.executeWithRerun(JUnit4Provider.java:173)
	at org.apache.maven.surefire.junit4.JUnit4Provider.executeTestSet(JUnit4Provider.java:153)
	at org.apache.maven.surefire.junit4.JUnit4Provider.invoke(JUnit4Provider.java:128)
	at org.apache.maven.surefire.booter.ForkedBooter.invokeProviderInSameClassLoader(ForkedBooter.java:203)
	at org.apache.maven.surefire.booter.ForkedBooter.runSuitesInProcess(ForkedBooter.java:155)
	at org.apache.maven.surefire.booter.ForkedBooter.main(ForkedBooter.java:103)
Caused by: java.lang.RuntimeException: IocBean[dataSource] fail at field=[driverClassName]
	at org.nutz.ioc.weaver.FieldInjector.inject(FieldInjector.java:40)
	at org.nutz.ioc.weaver.DefaultWeaver.fill(DefaultWeaver.java:56)
	at org.nutz.ioc.impl.ObjectMakerImpl.make(ObjectMakerImpl.java:136)
	at org.nutz.ioc.impl.NutIoc.get(NutIoc.java:210)
	at org.nutz.ioc.val.ReferValue.get(ReferValue.java:24)
	at org.nutz.ioc.impl.ObjectMakerImpl.make(ObjectMakerImpl.java:62)
	at org.nutz.ioc.impl.NutIoc.get(NutIoc.java:210)
	at org.nutz.ioc.impl.NutIoc.get(NutIoc.java:239)
	at org.nutz.dao.test.DaoCase.setUp(DaoCase.java:22)
	at sun.reflect.GeneratedMethodAccessor23.invoke(Unknown Source)
	at sun.reflect.DelegatingMethodAccessorImpl.invoke(DelegatingMethodAccessorImpl.java:43)
	at java.lang.reflect.Method.invoke(Method.java:498)
	at org.junit.runners.model.FrameworkMethod$1.runReflectiveCall(FrameworkMethod.java:44)
	at org.junit.internal.runners.model.ReflectiveCallable.run(ReflectiveCallable.java:15)
	at org.junit.runners.model.FrameworkMethod.invokeExplosively(FrameworkMethod.java:41)
	at org.junit.internal.runners.statements.RunBefores.evaluate(RunBefores.java:27)
	at org.junit.internal.runners.statements.RunAfters.evaluate(RunAfters.java:31)
	at org.junit.runners.BlockJUnit4ClassRunner.runNotIgnored(BlockJUnit4ClassRunner.java:79)
	at org.junit.runners.BlockJUnit4ClassRunner.runChild(BlockJUnit4ClassRunner.java:71)
	at org.junit.runners.BlockJUnit4ClassRunner.runChild(BlockJUnit4ClassRunner.java:49)
	at org.junit.runners.ParentRunner$3.run(ParentRunner.java:193)
	at org.junit.runners.ParentRunner$1.schedule(ParentRunner.java:52)
	at org.junit.runners.ParentRunner.runChildren(ParentRunner.java:191)
	at org.junit.runners.ParentRunner.access$000(ParentRunner.java:42)
	at org.junit.runners.ParentRunner$2.evaluate(ParentRunner.java:184)
	at org.junit.runners.ParentRunner.run(ParentRunner.java:236)
	at org.apache.maven.surefire.junit4.JUnit4Provider.execute(JUnit4Provider.java:283)
	at org.apache.maven.surefire.junit4.JUnit4Provider.executeWithRerun(JUnit4Provider.java:173)
	at org.apache.maven.surefire.junit4.JUnit4Provider.executeTestSet(JUnit4Provider.java:153)
	at org.apache.maven.surefire.junit4.JUnit4Provider.invoke(JUnit4Provider.java:128)
	at org.apache.maven.surefire.booter.ForkedBooter.invokeProviderInSameClassLoader(ForkedBooter.java:203)
	at org.apache.maven.surefire.booter.ForkedBooter.runSuitesInProcess(ForkedBooter.java:155)
	at org.apache.maven.surefire.booter.ForkedBooter.main(ForkedBooter.java:103)
Caused by: org.nutz.ioc.IocException: IocBean[config] throw Exception when creating
	at org.nutz.ioc.impl.ObjectMakerImpl.make(ObjectMakerImpl.java:150)
	at org.nutz.ioc.impl.NutIoc.get(NutIoc.java:210)
	at org.nutz.ioc.impl.NutIoc.get(NutIoc.java:239)
	at org.nutz.ioc.java.IocObjectNode.getValue(IocObjectNode.java:19)
	at org.nutz.ioc.java.ChainNode.eval(ChainNode.java:24)
	at org.nutz.ioc.java.ChainNode.eval(ChainNode.java:19)
	at org.nutz.ioc.val.JavaValue.get(JavaValue.java:69)
	at org.nutz.ioc.weaver.FieldInjector.inject(FieldInjector.java:32)
	at org.nutz.ioc.weaver.DefaultWeaver.fill(DefaultWeaver.java:56)
	at org.nutz.ioc.impl.ObjectMakerImpl.make(ObjectMakerImpl.java:136)
	at org.nutz.ioc.impl.NutIoc.get(NutIoc.java:210)
	at org.nutz.ioc.val.ReferValue.get(ReferValue.java:24)
	at org.nutz.ioc.impl.ObjectMakerImpl.make(ObjectMakerImpl.java:62)
	at org.nutz.ioc.impl.NutIoc.get(NutIoc.java:210)
	at org.nutz.ioc.impl.NutIoc.get(NutIoc.java:239)
	at org.nutz.dao.test.DaoCase.setUp(DaoCase.java:22)
	at sun.reflect.GeneratedMethodAccessor23.invoke(Unknown Source)
	at sun.reflect.DelegatingMethodAccessorImpl.invoke(DelegatingMethodAccessorImpl.java:43)
	at java.lang.reflect.Method.invoke(Method.java:498)
	at org.junit.runners.model.FrameworkMethod$1.runReflectiveCall(FrameworkMethod.java:44)
	at org.junit.internal.runners.model.ReflectiveCallable.run(ReflectiveCallable.java:15)
	at org.junit.runners.model.FrameworkMethod.invokeExplosively(FrameworkMethod.java:41)
	at org.junit.internal.runners.statements.RunBefores.evaluate(RunBefores.java:27)
	at org.junit.internal.runners.statements.RunAfters.evaluate(RunAfters.java:31)
	at org.junit.runners.BlockJUnit4ClassRunner.runNotIgnored(BlockJUnit4ClassRunner.java:79)
	at org.junit.runners.BlockJUnit4ClassRunner.runChild(BlockJUnit4ClassRunner.java:71)
	at org.junit.runners.BlockJUnit4ClassRunner.runChild(BlockJUnit4ClassRunner.java:49)
	at org.junit.runners.ParentRunner$3.run(ParentRunner.java:193)
	at org.junit.runners.ParentRunner$1.schedule(ParentRunner.java:52)
	at org.junit.runners.ParentRunner.runChildren(ParentRunner.java:191)
	at org.junit.runners.ParentRunner.access$000(ParentRunner.java:42)
	at org.junit.runners.ParentRunner$2.evaluate(ParentRunner.java:184)
	at org.junit.runners.ParentRunner.run(ParentRunner.java:236)
	at org.apache.maven.surefire.junit4.JUnit4Provider.execute(JUnit4Provider.java:283)
	at org.apache.maven.surefire.junit4.JUnit4Provider.executeWithRerun(JUnit4Provider.java:173)
	at org.apache.maven.surefire.junit4.JUnit4Provider.executeTestSet(JUnit4Provider.java:153)
	at org.apache.maven.surefire.junit4.JUnit4Provider.invoke(JUnit4Provider.java:128)
	at org.apache.maven.surefire.booter.ForkedBooter.invokeProviderInSameClassLoader(ForkedBooter.java:203)
	at org.apache.maven.surefire.booter.ForkedBooter.runSuitesInProcess(ForkedBooter.java:155)
	at org.apache.maven.surefire.booter.ForkedBooter.main(ForkedBooter.java:103)
Caused by: java.lang.RuntimeException: IocBean[config] fail at field=[paths]
	at org.nutz.ioc.weaver.FieldInjector.inject(FieldInjector.java:40)
	at org.nutz.ioc.weaver.DefaultWeaver.fill(DefaultWeaver.java:56)
	at org.nutz.ioc.impl.ObjectMakerImpl.make(ObjectMakerImpl.java:136)
	at org.nutz.ioc.impl.NutIoc.get(NutIoc.java:210)
	at org.nutz.ioc.impl.NutIoc.get(NutIoc.java:239)
	at org.nutz.ioc.java.IocObjectNode.getValue(IocObjectNode.java:19)
	at org.nutz.ioc.java.ChainNode.eval(ChainNode.java:24)
	at org.nutz.ioc.java.ChainNode.eval(ChainNode.java:19)
	at org.nutz.ioc.val.JavaValue.get(JavaValue.java:69)
	at org.nutz.ioc.weaver.FieldInjector.inject(FieldInjector.java:32)
	at org.nutz.ioc.weaver.DefaultWeaver.fill(DefaultWeaver.java:56)
	at org.nutz.ioc.impl.ObjectMakerImpl.make(ObjectMakerImpl.java:136)
	at org.nutz.ioc.impl.NutIoc.get(NutIoc.java:210)
	at org.nutz.ioc.val.ReferValue.get(ReferValue.java:24)
	at org.nutz.ioc.impl.ObjectMakerImpl.make(ObjectMakerImpl.java:62)
	at org.nutz.ioc.impl.NutIoc.get(NutIoc.java:210)
	at org.nutz.ioc.impl.NutIoc.get(NutIoc.java:239)
	at org.nutz.dao.test.DaoCase.setUp(DaoCase.java:22)
	at sun.reflect.GeneratedMethodAccessor23.invoke(Unknown Source)
	at sun.reflect.DelegatingMethodAccessorImpl.invoke(DelegatingMethodAccessorImpl.java:43)
	at java.lang.reflect.Method.invoke(Method.java:498)
	at org.junit.runners.model.FrameworkMethod$1.runReflectiveCall(FrameworkMethod.java:44)
	at org.junit.internal.runners.model.ReflectiveCallable.run(ReflectiveCallable.java:15)
	at org.junit.runners.model.FrameworkMethod.invokeExplosively(FrameworkMethod.java:41)
	at org.junit.internal.runners.statements.RunBefores.evaluate(RunBefores.java:27)
	at org.junit.internal.runners.statements.RunAfters.evaluate(RunAfters.java:31)
	at org.junit.runners.BlockJUnit4ClassRunner.runNotIgnored(BlockJUnit4ClassRunner.java:79)
	at org.junit.runners.BlockJUnit4ClassRunner.runChild(BlockJUnit4ClassRunner.java:71)
	at org.junit.runners.BlockJUnit4ClassRunner.runChild(BlockJUnit4ClassRunner.java:49)
	at org.junit.runners.ParentRunner$3.run(ParentRunner.java:193)
	at org.junit.runners.ParentRunner$1.schedule(ParentRunner.java:52)
	at org.junit.runners.ParentRunner.runChildren(ParentRunner.java:191)
	at org.junit.runners.ParentRunner.access$000(ParentRunner.java:42)
	at org.junit.runners.ParentRunner$2.evaluate(ParentRunner.java:184)
	at org.junit.runners.ParentRunner.run(ParentRunner.java:236)
	at org.apache.maven.surefire.junit4.JUnit4Provider.execute(JUnit4Provider.java:283)
	at org.apache.maven.surefire.junit4.JUnit4Provider.executeWithRerun(JUnit4Provider.java:173)
	at org.apache.maven.surefire.junit4.JUnit4Provider.executeTestSet(JUnit4Provider.java:153)
	at org.apache.maven.surefire.junit4.JUnit4Provider.invoke(JUnit4Provider.java:128)
	at org.apache.maven.surefire.booter.ForkedBooter.invokeProviderInSameClassLoader(ForkedBooter.java:203)
	at org.apache.maven.surefire.booter.ForkedBooter.runSuitesInProcess(ForkedBooter.java:155)
	at org.apache.maven.surefire.booter.ForkedBooter.main(ForkedBooter.java:103)
Caused by: java.lang.RuntimeException: Fail to set '[nutz-test.properties]'[ [Ljava.lang.String;@53aa38be ] by setter org.nutz.ioc.impl.PropertiesProxy.'setPaths()' because [java.lang.RuntimeException: folder or file like '^.+[.]properties$' no found in nutz-test.properties]: folder or file like '^.+[.]properties$' no found in nutz-test.properties
	at org.nutz.lang.Lang.wrapThrow(Lang.java:167)
	at org.nutz.lang.inject.InjectBySetter.inject(InjectBySetter.java:62)
	at org.nutz.ioc.weaver.FieldInjector.inject(FieldInjector.java:33)
	at org.nutz.ioc.weaver.DefaultWeaver.fill(DefaultWeaver.java:56)
	at org.nutz.ioc.impl.ObjectMakerImpl.make(ObjectMakerImpl.java:136)
	at org.nutz.ioc.impl.NutIoc.get(NutIoc.java:210)
	at org.nutz.ioc.impl.NutIoc.get(NutIoc.java:239)
	at org.nutz.ioc.java.IocObjectNode.getValue(IocObjectNode.java:19)
	at org.nutz.ioc.java.ChainNode.eval(ChainNode.java:24)
	at org.nutz.ioc.java.ChainNode.eval(ChainNode.java:19)
	at org.nutz.ioc.val.JavaValue.get(JavaValue.java:69)
	at org.nutz.ioc.weaver.FieldInjector.inject(FieldInjector.java:32)
	at org.nutz.ioc.weaver.DefaultWeaver.fill(DefaultWeaver.java:56)
	at org.nutz.ioc.impl.ObjectMakerImpl.make(ObjectMakerImpl.java:136)
	at org.nutz.ioc.impl.NutIoc.get(NutIoc.java:210)
	at org.nutz.ioc.val.ReferValue.get(ReferValue.java:24)
	at org.nutz.ioc.impl.ObjectMakerImpl.make(ObjectMakerImpl.java:62)
	at org.nutz.ioc.impl.NutIoc.get(NutIoc.java:210)
	at org.nutz.ioc.impl.NutIoc.get(NutIoc.java:239)
	at org.nutz.dao.test.DaoCase.setUp(DaoCase.java:22)
	at sun.reflect.GeneratedMethodAccessor23.invoke(Unknown Source)
	at sun.reflect.DelegatingMethodAccessorImpl.invoke(DelegatingMethodAccessorImpl.java:43)
	at java.lang.reflect.Method.invoke(Method.java:498)
	at org.junit.runners.model.FrameworkMethod$1.runReflectiveCall(FrameworkMethod.java:44)
	at org.junit.internal.runners.model.ReflectiveCallable.run(ReflectiveCallable.java:15)
	at org.junit.runners.model.FrameworkMethod.invokeExplosively(FrameworkMethod.java:41)
	at org.junit.internal.runners.statements.RunBefores.evaluate(RunBefores.java:27)
	at org.junit.internal.runners.statements.RunAfters.evaluate(RunAfters.java:31)
	at org.junit.runners.BlockJUnit4ClassRunner.runNotIgnored(BlockJUnit4ClassRunner.java:79)
	at org.junit.runners.BlockJUnit4ClassRunner.runChild(BlockJUnit4ClassRunner.java:71)
	at org.junit.runners.BlockJUnit4ClassRunner.runChild(BlockJUnit4ClassRunner.java:49)
	at org.junit.runners.ParentRunner$3.run(ParentRunner.java:193)
	at org.junit.runners.ParentRunner$1.schedule(ParentRunner.java:52)
	at org.junit.runners.ParentRunner.runChildren(ParentRunner.java:191)
	at org.junit.runners.ParentRunner.access$000(ParentRunner.java:42)
	at org.junit.runners.ParentRunner$2.evaluate(ParentRunner.java:184)
	at org.junit.runners.ParentRunner.run(ParentRunner.java:236)
	at org.apache.maven.surefire.junit4.JUnit4Provider.execute(JUnit4Provider.java:283)
	at org.apache.maven.surefire.junit4.JUnit4Provider.executeWithRerun(JUnit4Provider.java:173)
	at org.apache.maven.surefire.junit4.JUnit4Provider.executeTestSet(JUnit4Provider.java:153)
	at org.apache.maven.surefire.junit4.JUnit4Provider.invoke(JUnit4Provider.java:128)
	at org.apache.maven.surefire.booter.ForkedBooter.invokeProviderInSameClassLoader(ForkedBooter.java:203)
	at org.apache.maven.surefire.booter.ForkedBooter.runSuitesInProcess(ForkedBooter.java:155)
	at org.apache.maven.surefire.booter.ForkedBooter.main(ForkedBooter.java:103)
Caused by: java.lang.RuntimeException: folder or file like '^.+[.]properties$' no found in nutz-test.properties
	at org.nutz.lang.Lang.makeThrow(Lang.java:151)
	at org.nutz.resource.Scans.loadResource(Scans.java:112)
	at org.nutz.ioc.impl.PropertiesProxy.getResources(PropertiesProxy.java:153)
	at org.nutz.ioc.impl.PropertiesProxy.setPaths(PropertiesProxy.java:109)
	at org.nutz.ioc.impl.PropertiesProxy$FM$setPaths$d0275b2b871e237a38f11859247d1599.invoke(PropertiesProxy.java)
	at org.nutz.lang.inject.InjectBySetter.inject(InjectBySetter.java:51)
	at org.nutz.ioc.weaver.FieldInjector.inject(FieldInjector.java:33)
	at org.nutz.ioc.weaver.DefaultWeaver.fill(DefaultWeaver.java:56)
	at org.nutz.ioc.impl.ObjectMakerImpl.make(ObjectMakerImpl.java:136)
	at org.nutz.ioc.impl.NutIoc.get(NutIoc.java:210)
	at org.nutz.ioc.impl.NutIoc.get(NutIoc.java:239)
	at org.nutz.ioc.java.IocObjectNode.getValue(IocObjectNode.java:19)
	at org.nutz.ioc.java.ChainNode.eval(ChainNode.java:24)
	at org.nutz.ioc.java.ChainNode.eval(ChainNode.java:19)
	at org.nutz.ioc.val.JavaValue.get(JavaValue.java:69)
	at org.nutz.ioc.weaver.FieldInjector.inject(FieldInjector.java:32)
	at org.nutz.ioc.weaver.DefaultWeaver.fill(DefaultWeaver.java:56)
	at org.nutz.ioc.impl.ObjectMakerImpl.make(ObjectMakerImpl.java:136)
	at org.nutz.ioc.impl.NutIoc.get(NutIoc.java:210)
	at org.nutz.ioc.val.ReferValue.get(ReferValue.java:24)
	at org.nutz.ioc.impl.ObjectMakerImpl.make(ObjectMakerImpl.java:62)
	at org.nutz.ioc.impl.NutIoc.get(NutIoc.java:210)
	at org.nutz.ioc.impl.NutIoc.get(NutIoc.java:239)
	at org.nutz.dao.test.DaoCase.setUp(DaoCase.java:22)
	at sun.reflect.GeneratedMethodAccessor23.invoke(Unknown Source)
	at sun.reflect.DelegatingMethodAccessorImpl.invoke(DelegatingMethodAccessorImpl.java:43)
	at java.lang.reflect.Method.invoke(Method.java:498)
	at org.junit.runners.model.FrameworkMethod$1.runReflectiveCall(FrameworkMethod.java:44)
	at org.junit.internal.runners.model.ReflectiveCallable.run(ReflectiveCallable.java:15)
	at org.junit.runners.model.FrameworkMethod.invokeExplosively(FrameworkMethod.java:41)
	at org.junit.internal.runners.statements.RunBefores.evaluate(RunBefores.java:27)
	at org.junit.internal.runners.statements.RunAfters.evaluate(RunAfters.java:31)
	at org.junit.runners.BlockJUnit4ClassRunner.runNotIgnored(BlockJUnit4ClassRunner.java:79)
	at org.junit.runners.BlockJUnit4ClassRunner.runChild(BlockJUnit4ClassRunner.java:71)
	at org.junit.runners.BlockJUnit4ClassRunner.runChild(BlockJUnit4ClassRunner.java:49)
	at org.junit.runners.ParentRunner$3.run(ParentRunner.java:193)
	at org.junit.runners.ParentRunner$1.schedule(ParentRunner.java:52)
	at org.junit.runners.ParentRunner.runChildren(ParentRunner.java:191)
	at org.junit.runners.ParentRunner.access$000(ParentRunner.java:42)
	at org.junit.runners.ParentRunner$2.evaluate(ParentRunner.java:184)
	at org.junit.runners.ParentRunner.run(ParentRunner.java:236)
	at org.apache.maven.surefire.junit4.JUnit4Provider.execute(JUnit4Provider.java:283)
	at org.apache.maven.surefire.junit4.JUnit4Provider.executeWithRerun(JUnit4Provider.java:173)
	at org.apache.maven.surefire.junit4.JUnit4Provider.executeTestSet(JUnit4Provider.java:153)
	at org.apache.maven.surefire.junit4.JUnit4Provider.invoke(JUnit4Provider.java:128)
	at org.apache.maven.surefire.booter.ForkedBooter.invokeProviderInSameClassLoader(ForkedBooter.java:203)
	at org.apache.maven.surefire.booter.ForkedBooter.runSuitesInProcess(ForkedBooter.java:155)
	at org.apache.maven.surefire.booter.ForkedBooter.main(ForkedBooter.java:103)
</error>
  </testcase>
  <testcase name="test_cnd_andEX_orEX" classname="org.nutz.dao.test.normal.SimpleDaoTest" time="0">
    <error message="IocBean[dao -&gt; dataSource] throw Exception when creating" type="org.nutz.ioc.IocException">org.nutz.ioc.IocException: IocBean[dao -> dataSource] throw Exception when creating
	at org.nutz.ioc.impl.ObjectMakerImpl.make(ObjectMakerImpl.java:150)
	at org.nutz.ioc.impl.NutIoc.get(NutIoc.java:210)
	at org.nutz.ioc.val.ReferValue.get(ReferValue.java:24)
	at org.nutz.ioc.impl.ObjectMakerImpl.make(ObjectMakerImpl.java:62)
	at org.nutz.ioc.impl.NutIoc.get(NutIoc.java:210)
	at org.nutz.ioc.impl.NutIoc.get(NutIoc.java:239)
	at org.nutz.dao.test.DaoCase.setUp(DaoCase.java:22)
	at sun.reflect.GeneratedMethodAccessor23.invoke(Unknown Source)
	at sun.reflect.DelegatingMethodAccessorImpl.invoke(DelegatingMethodAccessorImpl.java:43)
	at java.lang.reflect.Method.invoke(Method.java:498)
	at org.junit.runners.model.FrameworkMethod$1.runReflectiveCall(FrameworkMethod.java:44)
	at org.junit.internal.runners.model.ReflectiveCallable.run(ReflectiveCallable.java:15)
	at org.junit.runners.model.FrameworkMethod.invokeExplosively(FrameworkMethod.java:41)
	at org.junit.internal.runners.statements.RunBefores.evaluate(RunBefores.java:27)
	at org.junit.internal.runners.statements.RunAfters.evaluate(RunAfters.java:31)
	at org.junit.runners.BlockJUnit4ClassRunner.runNotIgnored(BlockJUnit4ClassRunner.java:79)
	at org.junit.runners.BlockJUnit4ClassRunner.runChild(BlockJUnit4ClassRunner.java:71)
	at org.junit.runners.BlockJUnit4ClassRunner.runChild(BlockJUnit4ClassRunner.java:49)
	at org.junit.runners.ParentRunner$3.run(ParentRunner.java:193)
	at org.junit.runners.ParentRunner$1.schedule(ParentRunner.java:52)
	at org.junit.runners.ParentRunner.runChildren(ParentRunner.java:191)
	at org.junit.runners.ParentRunner.access$000(ParentRunner.java:42)
	at org.junit.runners.ParentRunner$2.evaluate(ParentRunner.java:184)
	at org.junit.runners.ParentRunner.run(ParentRunner.java:236)
	at org.apache.maven.surefire.junit4.JUnit4Provider.execute(JUnit4Provider.java:283)
	at org.apache.maven.surefire.junit4.JUnit4Provider.executeWithRerun(JUnit4Provider.java:173)
	at org.apache.maven.surefire.junit4.JUnit4Provider.executeTestSet(JUnit4Provider.java:153)
	at org.apache.maven.surefire.junit4.JUnit4Provider.invoke(JUnit4Provider.java:128)
	at org.apache.maven.surefire.booter.ForkedBooter.invokeProviderInSameClassLoader(ForkedBooter.java:203)
	at org.apache.maven.surefire.booter.ForkedBooter.runSuitesInProcess(ForkedBooter.java:155)
	at org.apache.maven.surefire.booter.ForkedBooter.main(ForkedBooter.java:103)
Caused by: java.lang.RuntimeException: IocBean[dataSource] fail at field=[driverClassName]
	at org.nutz.ioc.weaver.FieldInjector.inject(FieldInjector.java:40)
	at org.nutz.ioc.weaver.DefaultWeaver.fill(DefaultWeaver.java:56)
	at org.nutz.ioc.impl.ObjectMakerImpl.make(ObjectMakerImpl.java:136)
	at org.nutz.ioc.impl.NutIoc.get(NutIoc.java:210)
	at org.nutz.ioc.val.ReferValue.get(ReferValue.java:24)
	at org.nutz.ioc.impl.ObjectMakerImpl.make(ObjectMakerImpl.java:62)
	at org.nutz.ioc.impl.NutIoc.get(NutIoc.java:210)
	at org.nutz.ioc.impl.NutIoc.get(NutIoc.java:239)
	at org.nutz.dao.test.DaoCase.setUp(DaoCase.java:22)
	at sun.reflect.GeneratedMethodAccessor23.invoke(Unknown Source)
	at sun.reflect.DelegatingMethodAccessorImpl.invoke(DelegatingMethodAccessorImpl.java:43)
	at java.lang.reflect.Method.invoke(Method.java:498)
	at org.junit.runners.model.FrameworkMethod$1.runReflectiveCall(FrameworkMethod.java:44)
	at org.junit.internal.runners.model.ReflectiveCallable.run(ReflectiveCallable.java:15)
	at org.junit.runners.model.FrameworkMethod.invokeExplosively(FrameworkMethod.java:41)
	at org.junit.internal.runners.statements.RunBefores.evaluate(RunBefores.java:27)
	at org.junit.internal.runners.statements.RunAfters.evaluate(RunAfters.java:31)
	at org.junit.runners.BlockJUnit4ClassRunner.runNotIgnored(BlockJUnit4ClassRunner.java:79)
	at org.junit.runners.BlockJUnit4ClassRunner.runChild(BlockJUnit4ClassRunner.java:71)
	at org.junit.runners.BlockJUnit4ClassRunner.runChild(BlockJUnit4ClassRunner.java:49)
	at org.junit.runners.ParentRunner$3.run(ParentRunner.java:193)
	at org.junit.runners.ParentRunner$1.schedule(ParentRunner.java:52)
	at org.junit.runners.ParentRunner.runChildren(ParentRunner.java:191)
	at org.junit.runners.ParentRunner.access$000(ParentRunner.java:42)
	at org.junit.runners.ParentRunner$2.evaluate(ParentRunner.java:184)
	at org.junit.runners.ParentRunner.run(ParentRunner.java:236)
	at org.apache.maven.surefire.junit4.JUnit4Provider.execute(JUnit4Provider.java:283)
	at org.apache.maven.surefire.junit4.JUnit4Provider.executeWithRerun(JUnit4Provider.java:173)
	at org.apache.maven.surefire.junit4.JUnit4Provider.executeTestSet(JUnit4Provider.java:153)
	at org.apache.maven.surefire.junit4.JUnit4Provider.invoke(JUnit4Provider.java:128)
	at org.apache.maven.surefire.booter.ForkedBooter.invokeProviderInSameClassLoader(ForkedBooter.java:203)
	at org.apache.maven.surefire.booter.ForkedBooter.runSuitesInProcess(ForkedBooter.java:155)
	at org.apache.maven.surefire.booter.ForkedBooter.main(ForkedBooter.java:103)
Caused by: org.nutz.ioc.IocException: IocBean[config] throw Exception when creating
	at org.nutz.ioc.impl.ObjectMakerImpl.make(ObjectMakerImpl.java:150)
	at org.nutz.ioc.impl.NutIoc.get(NutIoc.java:210)
	at org.nutz.ioc.impl.NutIoc.get(NutIoc.java:239)
	at org.nutz.ioc.java.IocObjectNode.getValue(IocObjectNode.java:19)
	at org.nutz.ioc.java.ChainNode.eval(ChainNode.java:24)
	at org.nutz.ioc.java.ChainNode.eval(ChainNode.java:19)
	at org.nutz.ioc.val.JavaValue.get(JavaValue.java:69)
	at org.nutz.ioc.weaver.FieldInjector.inject(FieldInjector.java:32)
	at org.nutz.ioc.weaver.DefaultWeaver.fill(DefaultWeaver.java:56)
	at org.nutz.ioc.impl.ObjectMakerImpl.make(ObjectMakerImpl.java:136)
	at org.nutz.ioc.impl.NutIoc.get(NutIoc.java:210)
	at org.nutz.ioc.val.ReferValue.get(ReferValue.java:24)
	at org.nutz.ioc.impl.ObjectMakerImpl.make(ObjectMakerImpl.java:62)
	at org.nutz.ioc.impl.NutIoc.get(NutIoc.java:210)
	at org.nutz.ioc.impl.NutIoc.get(NutIoc.java:239)
	at org.nutz.dao.test.DaoCase.setUp(DaoCase.java:22)
	at sun.reflect.GeneratedMethodAccessor23.invoke(Unknown Source)
	at sun.reflect.DelegatingMethodAccessorImpl.invoke(DelegatingMethodAccessorImpl.java:43)
	at java.lang.reflect.Method.invoke(Method.java:498)
	at org.junit.runners.model.FrameworkMethod$1.runReflectiveCall(FrameworkMethod.java:44)
	at org.junit.internal.runners.model.ReflectiveCallable.run(ReflectiveCallable.java:15)
	at org.junit.runners.model.FrameworkMethod.invokeExplosively(FrameworkMethod.java:41)
	at org.junit.internal.runners.statements.RunBefores.evaluate(RunBefores.java:27)
	at org.junit.internal.runners.statements.RunAfters.evaluate(RunAfters.java:31)
	at org.junit.runners.BlockJUnit4ClassRunner.runNotIgnored(BlockJUnit4ClassRunner.java:79)
	at org.junit.runners.BlockJUnit4ClassRunner.runChild(BlockJUnit4ClassRunner.java:71)
	at org.junit.runners.BlockJUnit4ClassRunner.runChild(BlockJUnit4ClassRunner.java:49)
	at org.junit.runners.ParentRunner$3.run(ParentRunner.java:193)
	at org.junit.runners.ParentRunner$1.schedule(ParentRunner.java:52)
	at org.junit.runners.ParentRunner.runChildren(ParentRunner.java:191)
	at org.junit.runners.ParentRunner.access$000(ParentRunner.java:42)
	at org.junit.runners.ParentRunner$2.evaluate(ParentRunner.java:184)
	at org.junit.runners.ParentRunner.run(ParentRunner.java:236)
	at org.apache.maven.surefire.junit4.JUnit4Provider.execute(JUnit4Provider.java:283)
	at org.apache.maven.surefire.junit4.JUnit4Provider.executeWithRerun(JUnit4Provider.java:173)
	at org.apache.maven.surefire.junit4.JUnit4Provider.executeTestSet(JUnit4Provider.java:153)
	at org.apache.maven.surefire.junit4.JUnit4Provider.invoke(JUnit4Provider.java:128)
	at org.apache.maven.surefire.booter.ForkedBooter.invokeProviderInSameClassLoader(ForkedBooter.java:203)
	at org.apache.maven.surefire.booter.ForkedBooter.runSuitesInProcess(ForkedBooter.java:155)
	at org.apache.maven.surefire.booter.ForkedBooter.main(ForkedBooter.java:103)
Caused by: java.lang.RuntimeException: IocBean[config] fail at field=[paths]
	at org.nutz.ioc.weaver.FieldInjector.inject(FieldInjector.java:40)
	at org.nutz.ioc.weaver.DefaultWeaver.fill(DefaultWeaver.java:56)
	at org.nutz.ioc.impl.ObjectMakerImpl.make(ObjectMakerImpl.java:136)
	at org.nutz.ioc.impl.NutIoc.get(NutIoc.java:210)
	at org.nutz.ioc.impl.NutIoc.get(NutIoc.java:239)
	at org.nutz.ioc.java.IocObjectNode.getValue(IocObjectNode.java:19)
	at org.nutz.ioc.java.ChainNode.eval(ChainNode.java:24)
	at org.nutz.ioc.java.ChainNode.eval(ChainNode.java:19)
	at org.nutz.ioc.val.JavaValue.get(JavaValue.java:69)
	at org.nutz.ioc.weaver.FieldInjector.inject(FieldInjector.java:32)
	at org.nutz.ioc.weaver.DefaultWeaver.fill(DefaultWeaver.java:56)
	at org.nutz.ioc.impl.ObjectMakerImpl.make(ObjectMakerImpl.java:136)
	at org.nutz.ioc.impl.NutIoc.get(NutIoc.java:210)
	at org.nutz.ioc.val.ReferValue.get(ReferValue.java:24)
	at org.nutz.ioc.impl.ObjectMakerImpl.make(ObjectMakerImpl.java:62)
	at org.nutz.ioc.impl.NutIoc.get(NutIoc.java:210)
	at org.nutz.ioc.impl.NutIoc.get(NutIoc.java:239)
	at org.nutz.dao.test.DaoCase.setUp(DaoCase.java:22)
	at sun.reflect.GeneratedMethodAccessor23.invoke(Unknown Source)
	at sun.reflect.DelegatingMethodAccessorImpl.invoke(DelegatingMethodAccessorImpl.java:43)
	at java.lang.reflect.Method.invoke(Method.java:498)
	at org.junit.runners.model.FrameworkMethod$1.runReflectiveCall(FrameworkMethod.java:44)
	at org.junit.internal.runners.model.ReflectiveCallable.run(ReflectiveCallable.java:15)
	at org.junit.runners.model.FrameworkMethod.invokeExplosively(FrameworkMethod.java:41)
	at org.junit.internal.runners.statements.RunBefores.evaluate(RunBefores.java:27)
	at org.junit.internal.runners.statements.RunAfters.evaluate(RunAfters.java:31)
	at org.junit.runners.BlockJUnit4ClassRunner.runNotIgnored(BlockJUnit4ClassRunner.java:79)
	at org.junit.runners.BlockJUnit4ClassRunner.runChild(BlockJUnit4ClassRunner.java:71)
	at org.junit.runners.BlockJUnit4ClassRunner.runChild(BlockJUnit4ClassRunner.java:49)
	at org.junit.runners.ParentRunner$3.run(ParentRunner.java:193)
	at org.junit.runners.ParentRunner$1.schedule(ParentRunner.java:52)
	at org.junit.runners.ParentRunner.runChildren(ParentRunner.java:191)
	at org.junit.runners.ParentRunner.access$000(ParentRunner.java:42)
	at org.junit.runners.ParentRunner$2.evaluate(ParentRunner.java:184)
	at org.junit.runners.ParentRunner.run(ParentRunner.java:236)
	at org.apache.maven.surefire.junit4.JUnit4Provider.execute(JUnit4Provider.java:283)
	at org.apache.maven.surefire.junit4.JUnit4Provider.executeWithRerun(JUnit4Provider.java:173)
	at org.apache.maven.surefire.junit4.JUnit4Provider.executeTestSet(JUnit4Provider.java:153)
	at org.apache.maven.surefire.junit4.JUnit4Provider.invoke(JUnit4Provider.java:128)
	at org.apache.maven.surefire.booter.ForkedBooter.invokeProviderInSameClassLoader(ForkedBooter.java:203)
	at org.apache.maven.surefire.booter.ForkedBooter.runSuitesInProcess(ForkedBooter.java:155)
	at org.apache.maven.surefire.booter.ForkedBooter.main(ForkedBooter.java:103)
Caused by: java.lang.RuntimeException: Fail to set '[nutz-test.properties]'[ [Ljava.lang.String;@37a0ec3c ] by setter org.nutz.ioc.impl.PropertiesProxy.'setPaths()' because [java.lang.RuntimeException: folder or file like '^.+[.]properties$' no found in nutz-test.properties]: folder or file like '^.+[.]properties$' no found in nutz-test.properties
	at org.nutz.lang.Lang.wrapThrow(Lang.java:167)
	at org.nutz.lang.inject.InjectBySetter.inject(InjectBySetter.java:62)
	at org.nutz.ioc.weaver.FieldInjector.inject(FieldInjector.java:33)
	at org.nutz.ioc.weaver.DefaultWeaver.fill(DefaultWeaver.java:56)
	at org.nutz.ioc.impl.ObjectMakerImpl.make(ObjectMakerImpl.java:136)
	at org.nutz.ioc.impl.NutIoc.get(NutIoc.java:210)
	at org.nutz.ioc.impl.NutIoc.get(NutIoc.java:239)
	at org.nutz.ioc.java.IocObjectNode.getValue(IocObjectNode.java:19)
	at org.nutz.ioc.java.ChainNode.eval(ChainNode.java:24)
	at org.nutz.ioc.java.ChainNode.eval(ChainNode.java:19)
	at org.nutz.ioc.val.JavaValue.get(JavaValue.java:69)
	at org.nutz.ioc.weaver.FieldInjector.inject(FieldInjector.java:32)
	at org.nutz.ioc.weaver.DefaultWeaver.fill(DefaultWeaver.java:56)
	at org.nutz.ioc.impl.ObjectMakerImpl.make(ObjectMakerImpl.java:136)
	at org.nutz.ioc.impl.NutIoc.get(NutIoc.java:210)
	at org.nutz.ioc.val.ReferValue.get(ReferValue.java:24)
	at org.nutz.ioc.impl.ObjectMakerImpl.make(ObjectMakerImpl.java:62)
	at org.nutz.ioc.impl.NutIoc.get(NutIoc.java:210)
	at org.nutz.ioc.impl.NutIoc.get(NutIoc.java:239)
	at org.nutz.dao.test.DaoCase.setUp(DaoCase.java:22)
	at sun.reflect.GeneratedMethodAccessor23.invoke(Unknown Source)
	at sun.reflect.DelegatingMethodAccessorImpl.invoke(DelegatingMethodAccessorImpl.java:43)
	at java.lang.reflect.Method.invoke(Method.java:498)
	at org.junit.runners.model.FrameworkMethod$1.runReflectiveCall(FrameworkMethod.java:44)
	at org.junit.internal.runners.model.ReflectiveCallable.run(ReflectiveCallable.java:15)
	at org.junit.runners.model.FrameworkMethod.invokeExplosively(FrameworkMethod.java:41)
	at org.junit.internal.runners.statements.RunBefores.evaluate(RunBefores.java:27)
	at org.junit.internal.runners.statements.RunAfters.evaluate(RunAfters.java:31)
	at org.junit.runners.BlockJUnit4ClassRunner.runNotIgnored(BlockJUnit4ClassRunner.java:79)
	at org.junit.runners.BlockJUnit4ClassRunner.runChild(BlockJUnit4ClassRunner.java:71)
	at org.junit.runners.BlockJUnit4ClassRunner.runChild(BlockJUnit4ClassRunner.java:49)
	at org.junit.runners.ParentRunner$3.run(ParentRunner.java:193)
	at org.junit.runners.ParentRunner$1.schedule(ParentRunner.java:52)
	at org.junit.runners.ParentRunner.runChildren(ParentRunner.java:191)
	at org.junit.runners.ParentRunner.access$000(ParentRunner.java:42)
	at org.junit.runners.ParentRunner$2.evaluate(ParentRunner.java:184)
	at org.junit.runners.ParentRunner.run(ParentRunner.java:236)
	at org.apache.maven.surefire.junit4.JUnit4Provider.execute(JUnit4Provider.java:283)
	at org.apache.maven.surefire.junit4.JUnit4Provider.executeWithRerun(JUnit4Provider.java:173)
	at org.apache.maven.surefire.junit4.JUnit4Provider.executeTestSet(JUnit4Provider.java:153)
	at org.apache.maven.surefire.junit4.JUnit4Provider.invoke(JUnit4Provider.java:128)
	at org.apache.maven.surefire.booter.ForkedBooter.invokeProviderInSameClassLoader(ForkedBooter.java:203)
	at org.apache.maven.surefire.booter.ForkedBooter.runSuitesInProcess(ForkedBooter.java:155)
	at org.apache.maven.surefire.booter.ForkedBooter.main(ForkedBooter.java:103)
Caused by: java.lang.RuntimeException: folder or file like '^.+[.]properties$' no found in nutz-test.properties
	at org.nutz.lang.Lang.makeThrow(Lang.java:151)
	at org.nutz.resource.Scans.loadResource(Scans.java:112)
	at org.nutz.ioc.impl.PropertiesProxy.getResources(PropertiesProxy.java:153)
	at org.nutz.ioc.impl.PropertiesProxy.setPaths(PropertiesProxy.java:109)
	at org.nutz.ioc.impl.PropertiesProxy$FM$setPaths$d0275b2b871e237a38f11859247d1599.invoke(PropertiesProxy.java)
	at org.nutz.lang.inject.InjectBySetter.inject(InjectBySetter.java:51)
	at org.nutz.ioc.weaver.FieldInjector.inject(FieldInjector.java:33)
	at org.nutz.ioc.weaver.DefaultWeaver.fill(DefaultWeaver.java:56)
	at org.nutz.ioc.impl.ObjectMakerImpl.make(ObjectMakerImpl.java:136)
	at org.nutz.ioc.impl.NutIoc.get(NutIoc.java:210)
	at org.nutz.ioc.impl.NutIoc.get(NutIoc.java:239)
	at org.nutz.ioc.java.IocObjectNode.getValue(IocObjectNode.java:19)
	at org.nutz.ioc.java.ChainNode.eval(ChainNode.java:24)
	at org.nutz.ioc.java.ChainNode.eval(ChainNode.java:19)
	at org.nutz.ioc.val.JavaValue.get(JavaValue.java:69)
	at org.nutz.ioc.weaver.FieldInjector.inject(FieldInjector.java:32)
	at org.nutz.ioc.weaver.DefaultWeaver.fill(DefaultWeaver.java:56)
	at org.nutz.ioc.impl.ObjectMakerImpl.make(ObjectMakerImpl.java:136)
	at org.nutz.ioc.impl.NutIoc.get(NutIoc.java:210)
	at org.nutz.ioc.val.ReferValue.get(ReferValue.java:24)
	at org.nutz.ioc.impl.ObjectMakerImpl.make(ObjectMakerImpl.java:62)
	at org.nutz.ioc.impl.NutIoc.get(NutIoc.java:210)
	at org.nutz.ioc.impl.NutIoc.get(NutIoc.java:239)
	at org.nutz.dao.test.DaoCase.setUp(DaoCase.java:22)
	at sun.reflect.GeneratedMethodAccessor23.invoke(Unknown Source)
	at sun.reflect.DelegatingMethodAccessorImpl.invoke(DelegatingMethodAccessorImpl.java:43)
	at java.lang.reflect.Method.invoke(Method.java:498)
	at org.junit.runners.model.FrameworkMethod$1.runReflectiveCall(FrameworkMethod.java:44)
	at org.junit.internal.runners.model.ReflectiveCallable.run(ReflectiveCallable.java:15)
	at org.junit.runners.model.FrameworkMethod.invokeExplosively(FrameworkMethod.java:41)
	at org.junit.internal.runners.statements.RunBefores.evaluate(RunBefores.java:27)
	at org.junit.internal.runners.statements.RunAfters.evaluate(RunAfters.java:31)
	at org.junit.runners.BlockJUnit4ClassRunner.runNotIgnored(BlockJUnit4ClassRunner.java:79)
	at org.junit.runners.BlockJUnit4ClassRunner.runChild(BlockJUnit4ClassRunner.java:71)
	at org.junit.runners.BlockJUnit4ClassRunner.runChild(BlockJUnit4ClassRunner.java:49)
	at org.junit.runners.ParentRunner$3.run(ParentRunner.java:193)
	at org.junit.runners.ParentRunner$1.schedule(ParentRunner.java:52)
	at org.junit.runners.ParentRunner.runChildren(ParentRunner.java:191)
	at org.junit.runners.ParentRunner.access$000(ParentRunner.java:42)
	at org.junit.runners.ParentRunner$2.evaluate(ParentRunner.java:184)
	at org.junit.runners.ParentRunner.run(ParentRunner.java:236)
	at org.apache.maven.surefire.junit4.JUnit4Provider.execute(JUnit4Provider.java:283)
	at org.apache.maven.surefire.junit4.JUnit4Provider.executeWithRerun(JUnit4Provider.java:173)
	at org.apache.maven.surefire.junit4.JUnit4Provider.executeTestSet(JUnit4Provider.java:153)
	at org.apache.maven.surefire.junit4.JUnit4Provider.invoke(JUnit4Provider.java:128)
	at org.apache.maven.surefire.booter.ForkedBooter.invokeProviderInSameClassLoader(ForkedBooter.java:203)
	at org.apache.maven.surefire.booter.ForkedBooter.runSuitesInProcess(ForkedBooter.java:155)
	at org.apache.maven.surefire.booter.ForkedBooter.main(ForkedBooter.java:103)
</error>
  </testcase>
  <testcase name="test_insert_chain_with_null" classname="org.nutz.dao.test.normal.SimpleDaoTest" time="0">
    <error message="IocBean[dao -&gt; dataSource] throw Exception when creating" type="org.nutz.ioc.IocException">org.nutz.ioc.IocException: IocBean[dao -> dataSource] throw Exception when creating
	at org.nutz.ioc.impl.ObjectMakerImpl.make(ObjectMakerImpl.java:150)
	at org.nutz.ioc.impl.NutIoc.get(NutIoc.java:210)
	at org.nutz.ioc.val.ReferValue.get(ReferValue.java:24)
	at org.nutz.ioc.impl.ObjectMakerImpl.make(ObjectMakerImpl.java:62)
	at org.nutz.ioc.impl.NutIoc.get(NutIoc.java:210)
	at org.nutz.ioc.impl.NutIoc.get(NutIoc.java:239)
	at org.nutz.dao.test.DaoCase.setUp(DaoCase.java:22)
	at sun.reflect.GeneratedMethodAccessor23.invoke(Unknown Source)
	at sun.reflect.DelegatingMethodAccessorImpl.invoke(DelegatingMethodAccessorImpl.java:43)
	at java.lang.reflect.Method.invoke(Method.java:498)
	at org.junit.runners.model.FrameworkMethod$1.runReflectiveCall(FrameworkMethod.java:44)
	at org.junit.internal.runners.model.ReflectiveCallable.run(ReflectiveCallable.java:15)
	at org.junit.runners.model.FrameworkMethod.invokeExplosively(FrameworkMethod.java:41)
	at org.junit.internal.runners.statements.RunBefores.evaluate(RunBefores.java:27)
	at org.junit.internal.runners.statements.RunAfters.evaluate(RunAfters.java:31)
	at org.junit.runners.BlockJUnit4ClassRunner.runNotIgnored(BlockJUnit4ClassRunner.java:79)
	at org.junit.runners.BlockJUnit4ClassRunner.runChild(BlockJUnit4ClassRunner.java:71)
	at org.junit.runners.BlockJUnit4ClassRunner.runChild(BlockJUnit4ClassRunner.java:49)
	at org.junit.runners.ParentRunner$3.run(ParentRunner.java:193)
	at org.junit.runners.ParentRunner$1.schedule(ParentRunner.java:52)
	at org.junit.runners.ParentRunner.runChildren(ParentRunner.java:191)
	at org.junit.runners.ParentRunner.access$000(ParentRunner.java:42)
	at org.junit.runners.ParentRunner$2.evaluate(ParentRunner.java:184)
	at org.junit.runners.ParentRunner.run(ParentRunner.java:236)
	at org.apache.maven.surefire.junit4.JUnit4Provider.execute(JUnit4Provider.java:283)
	at org.apache.maven.surefire.junit4.JUnit4Provider.executeWithRerun(JUnit4Provider.java:173)
	at org.apache.maven.surefire.junit4.JUnit4Provider.executeTestSet(JUnit4Provider.java:153)
	at org.apache.maven.surefire.junit4.JUnit4Provider.invoke(JUnit4Provider.java:128)
	at org.apache.maven.surefire.booter.ForkedBooter.invokeProviderInSameClassLoader(ForkedBooter.java:203)
	at org.apache.maven.surefire.booter.ForkedBooter.runSuitesInProcess(ForkedBooter.java:155)
	at org.apache.maven.surefire.booter.ForkedBooter.main(ForkedBooter.java:103)
Caused by: java.lang.RuntimeException: IocBean[dataSource] fail at field=[driverClassName]
	at org.nutz.ioc.weaver.FieldInjector.inject(FieldInjector.java:40)
	at org.nutz.ioc.weaver.DefaultWeaver.fill(DefaultWeaver.java:56)
	at org.nutz.ioc.impl.ObjectMakerImpl.make(ObjectMakerImpl.java:136)
	at org.nutz.ioc.impl.NutIoc.get(NutIoc.java:210)
	at org.nutz.ioc.val.ReferValue.get(ReferValue.java:24)
	at org.nutz.ioc.impl.ObjectMakerImpl.make(ObjectMakerImpl.java:62)
	at org.nutz.ioc.impl.NutIoc.get(NutIoc.java:210)
	at org.nutz.ioc.impl.NutIoc.get(NutIoc.java:239)
	at org.nutz.dao.test.DaoCase.setUp(DaoCase.java:22)
	at sun.reflect.GeneratedMethodAccessor23.invoke(Unknown Source)
	at sun.reflect.DelegatingMethodAccessorImpl.invoke(DelegatingMethodAccessorImpl.java:43)
	at java.lang.reflect.Method.invoke(Method.java:498)
	at org.junit.runners.model.FrameworkMethod$1.runReflectiveCall(FrameworkMethod.java:44)
	at org.junit.internal.runners.model.ReflectiveCallable.run(ReflectiveCallable.java:15)
	at org.junit.runners.model.FrameworkMethod.invokeExplosively(FrameworkMethod.java:41)
	at org.junit.internal.runners.statements.RunBefores.evaluate(RunBefores.java:27)
	at org.junit.internal.runners.statements.RunAfters.evaluate(RunAfters.java:31)
	at org.junit.runners.BlockJUnit4ClassRunner.runNotIgnored(BlockJUnit4ClassRunner.java:79)
	at org.junit.runners.BlockJUnit4ClassRunner.runChild(BlockJUnit4ClassRunner.java:71)
	at org.junit.runners.BlockJUnit4ClassRunner.runChild(BlockJUnit4ClassRunner.java:49)
	at org.junit.runners.ParentRunner$3.run(ParentRunner.java:193)
	at org.junit.runners.ParentRunner$1.schedule(ParentRunner.java:52)
	at org.junit.runners.ParentRunner.runChildren(ParentRunner.java:191)
	at org.junit.runners.ParentRunner.access$000(ParentRunner.java:42)
	at org.junit.runners.ParentRunner$2.evaluate(ParentRunner.java:184)
	at org.junit.runners.ParentRunner.run(ParentRunner.java:236)
	at org.apache.maven.surefire.junit4.JUnit4Provider.execute(JUnit4Provider.java:283)
	at org.apache.maven.surefire.junit4.JUnit4Provider.executeWithRerun(JUnit4Provider.java:173)
	at org.apache.maven.surefire.junit4.JUnit4Provider.executeTestSet(JUnit4Provider.java:153)
	at org.apache.maven.surefire.junit4.JUnit4Provider.invoke(JUnit4Provider.java:128)
	at org.apache.maven.surefire.booter.ForkedBooter.invokeProviderInSameClassLoader(ForkedBooter.java:203)
	at org.apache.maven.surefire.booter.ForkedBooter.runSuitesInProcess(ForkedBooter.java:155)
	at org.apache.maven.surefire.booter.ForkedBooter.main(ForkedBooter.java:103)
Caused by: org.nutz.ioc.IocException: IocBean[config] throw Exception when creating
	at org.nutz.ioc.impl.ObjectMakerImpl.make(ObjectMakerImpl.java:150)
	at org.nutz.ioc.impl.NutIoc.get(NutIoc.java:210)
	at org.nutz.ioc.impl.NutIoc.get(NutIoc.java:239)
	at org.nutz.ioc.java.IocObjectNode.getValue(IocObjectNode.java:19)
	at org.nutz.ioc.java.ChainNode.eval(ChainNode.java:24)
	at org.nutz.ioc.java.ChainNode.eval(ChainNode.java:19)
	at org.nutz.ioc.val.JavaValue.get(JavaValue.java:69)
	at org.nutz.ioc.weaver.FieldInjector.inject(FieldInjector.java:32)
	at org.nutz.ioc.weaver.DefaultWeaver.fill(DefaultWeaver.java:56)
	at org.nutz.ioc.impl.ObjectMakerImpl.make(ObjectMakerImpl.java:136)
	at org.nutz.ioc.impl.NutIoc.get(NutIoc.java:210)
	at org.nutz.ioc.val.ReferValue.get(ReferValue.java:24)
	at org.nutz.ioc.impl.ObjectMakerImpl.make(ObjectMakerImpl.java:62)
	at org.nutz.ioc.impl.NutIoc.get(NutIoc.java:210)
	at org.nutz.ioc.impl.NutIoc.get(NutIoc.java:239)
	at org.nutz.dao.test.DaoCase.setUp(DaoCase.java:22)
	at sun.reflect.GeneratedMethodAccessor23.invoke(Unknown Source)
	at sun.reflect.DelegatingMethodAccessorImpl.invoke(DelegatingMethodAccessorImpl.java:43)
	at java.lang.reflect.Method.invoke(Method.java:498)
	at org.junit.runners.model.FrameworkMethod$1.runReflectiveCall(FrameworkMethod.java:44)
	at org.junit.internal.runners.model.ReflectiveCallable.run(ReflectiveCallable.java:15)
	at org.junit.runners.model.FrameworkMethod.invokeExplosively(FrameworkMethod.java:41)
	at org.junit.internal.runners.statements.RunBefores.evaluate(RunBefores.java:27)
	at org.junit.internal.runners.statements.RunAfters.evaluate(RunAfters.java:31)
	at org.junit.runners.BlockJUnit4ClassRunner.runNotIgnored(BlockJUnit4ClassRunner.java:79)
	at org.junit.runners.BlockJUnit4ClassRunner.runChild(BlockJUnit4ClassRunner.java:71)
	at org.junit.runners.BlockJUnit4ClassRunner.runChild(BlockJUnit4ClassRunner.java:49)
	at org.junit.runners.ParentRunner$3.run(ParentRunner.java:193)
	at org.junit.runners.ParentRunner$1.schedule(ParentRunner.java:52)
	at org.junit.runners.ParentRunner.runChildren(ParentRunner.java:191)
	at org.junit.runners.ParentRunner.access$000(ParentRunner.java:42)
	at org.junit.runners.ParentRunner$2.evaluate(ParentRunner.java:184)
	at org.junit.runners.ParentRunner.run(ParentRunner.java:236)
	at org.apache.maven.surefire.junit4.JUnit4Provider.execute(JUnit4Provider.java:283)
	at org.apache.maven.surefire.junit4.JUnit4Provider.executeWithRerun(JUnit4Provider.java:173)
	at org.apache.maven.surefire.junit4.JUnit4Provider.executeTestSet(JUnit4Provider.java:153)
	at org.apache.maven.surefire.junit4.JUnit4Provider.invoke(JUnit4Provider.java:128)
	at org.apache.maven.surefire.booter.ForkedBooter.invokeProviderInSameClassLoader(ForkedBooter.java:203)
	at org.apache.maven.surefire.booter.ForkedBooter.runSuitesInProcess(ForkedBooter.java:155)
	at org.apache.maven.surefire.booter.ForkedBooter.main(ForkedBooter.java:103)
Caused by: java.lang.RuntimeException: IocBean[config] fail at field=[paths]
	at org.nutz.ioc.weaver.FieldInjector.inject(FieldInjector.java:40)
	at org.nutz.ioc.weaver.DefaultWeaver.fill(DefaultWeaver.java:56)
	at org.nutz.ioc.impl.ObjectMakerImpl.make(ObjectMakerImpl.java:136)
	at org.nutz.ioc.impl.NutIoc.get(NutIoc.java:210)
	at org.nutz.ioc.impl.NutIoc.get(NutIoc.java:239)
	at org.nutz.ioc.java.IocObjectNode.getValue(IocObjectNode.java:19)
	at org.nutz.ioc.java.ChainNode.eval(ChainNode.java:24)
	at org.nutz.ioc.java.ChainNode.eval(ChainNode.java:19)
	at org.nutz.ioc.val.JavaValue.get(JavaValue.java:69)
	at org.nutz.ioc.weaver.FieldInjector.inject(FieldInjector.java:32)
	at org.nutz.ioc.weaver.DefaultWeaver.fill(DefaultWeaver.java:56)
	at org.nutz.ioc.impl.ObjectMakerImpl.make(ObjectMakerImpl.java:136)
	at org.nutz.ioc.impl.NutIoc.get(NutIoc.java:210)
	at org.nutz.ioc.val.ReferValue.get(ReferValue.java:24)
	at org.nutz.ioc.impl.ObjectMakerImpl.make(ObjectMakerImpl.java:62)
	at org.nutz.ioc.impl.NutIoc.get(NutIoc.java:210)
	at org.nutz.ioc.impl.NutIoc.get(NutIoc.java:239)
	at org.nutz.dao.test.DaoCase.setUp(DaoCase.java:22)
	at sun.reflect.GeneratedMethodAccessor23.invoke(Unknown Source)
	at sun.reflect.DelegatingMethodAccessorImpl.invoke(DelegatingMethodAccessorImpl.java:43)
	at java.lang.reflect.Method.invoke(Method.java:498)
	at org.junit.runners.model.FrameworkMethod$1.runReflectiveCall(FrameworkMethod.java:44)
	at org.junit.internal.runners.model.ReflectiveCallable.run(ReflectiveCallable.java:15)
	at org.junit.runners.model.FrameworkMethod.invokeExplosively(FrameworkMethod.java:41)
	at org.junit.internal.runners.statements.RunBefores.evaluate(RunBefores.java:27)
	at org.junit.internal.runners.statements.RunAfters.evaluate(RunAfters.java:31)
	at org.junit.runners.BlockJUnit4ClassRunner.runNotIgnored(BlockJUnit4ClassRunner.java:79)
	at org.junit.runners.BlockJUnit4ClassRunner.runChild(BlockJUnit4ClassRunner.java:71)
	at org.junit.runners.BlockJUnit4ClassRunner.runChild(BlockJUnit4ClassRunner.java:49)
	at org.junit.runners.ParentRunner$3.run(ParentRunner.java:193)
	at org.junit.runners.ParentRunner$1.schedule(ParentRunner.java:52)
	at org.junit.runners.ParentRunner.runChildren(ParentRunner.java:191)
	at org.junit.runners.ParentRunner.access$000(ParentRunner.java:42)
	at org.junit.runners.ParentRunner$2.evaluate(ParentRunner.java:184)
	at org.junit.runners.ParentRunner.run(ParentRunner.java:236)
	at org.apache.maven.surefire.junit4.JUnit4Provider.execute(JUnit4Provider.java:283)
	at org.apache.maven.surefire.junit4.JUnit4Provider.executeWithRerun(JUnit4Provider.java:173)
	at org.apache.maven.surefire.junit4.JUnit4Provider.executeTestSet(JUnit4Provider.java:153)
	at org.apache.maven.surefire.junit4.JUnit4Provider.invoke(JUnit4Provider.java:128)
	at org.apache.maven.surefire.booter.ForkedBooter.invokeProviderInSameClassLoader(ForkedBooter.java:203)
	at org.apache.maven.surefire.booter.ForkedBooter.runSuitesInProcess(ForkedBooter.java:155)
	at org.apache.maven.surefire.booter.ForkedBooter.main(ForkedBooter.java:103)
Caused by: java.lang.RuntimeException: Fail to set '[nutz-test.properties]'[ [Ljava.lang.String;@422ad5e2 ] by setter org.nutz.ioc.impl.PropertiesProxy.'setPaths()' because [java.lang.RuntimeException: folder or file like '^.+[.]properties$' no found in nutz-test.properties]: folder or file like '^.+[.]properties$' no found in nutz-test.properties
	at org.nutz.lang.Lang.wrapThrow(Lang.java:167)
	at org.nutz.lang.inject.InjectBySetter.inject(InjectBySetter.java:62)
	at org.nutz.ioc.weaver.FieldInjector.inject(FieldInjector.java:33)
	at org.nutz.ioc.weaver.DefaultWeaver.fill(DefaultWeaver.java:56)
	at org.nutz.ioc.impl.ObjectMakerImpl.make(ObjectMakerImpl.java:136)
	at org.nutz.ioc.impl.NutIoc.get(NutIoc.java:210)
	at org.nutz.ioc.impl.NutIoc.get(NutIoc.java:239)
	at org.nutz.ioc.java.IocObjectNode.getValue(IocObjectNode.java:19)
	at org.nutz.ioc.java.ChainNode.eval(ChainNode.java:24)
	at org.nutz.ioc.java.ChainNode.eval(ChainNode.java:19)
	at org.nutz.ioc.val.JavaValue.get(JavaValue.java:69)
	at org.nutz.ioc.weaver.FieldInjector.inject(FieldInjector.java:32)
	at org.nutz.ioc.weaver.DefaultWeaver.fill(DefaultWeaver.java:56)
	at org.nutz.ioc.impl.ObjectMakerImpl.make(ObjectMakerImpl.java:136)
	at org.nutz.ioc.impl.NutIoc.get(NutIoc.java:210)
	at org.nutz.ioc.val.ReferValue.get(ReferValue.java:24)
	at org.nutz.ioc.impl.ObjectMakerImpl.make(ObjectMakerImpl.java:62)
	at org.nutz.ioc.impl.NutIoc.get(NutIoc.java:210)
	at org.nutz.ioc.impl.NutIoc.get(NutIoc.java:239)
	at org.nutz.dao.test.DaoCase.setUp(DaoCase.java:22)
	at sun.reflect.GeneratedMethodAccessor23.invoke(Unknown Source)
	at sun.reflect.DelegatingMethodAccessorImpl.invoke(DelegatingMethodAccessorImpl.java:43)
	at java.lang.reflect.Method.invoke(Method.java:498)
	at org.junit.runners.model.FrameworkMethod$1.runReflectiveCall(FrameworkMethod.java:44)
	at org.junit.internal.runners.model.ReflectiveCallable.run(ReflectiveCallable.java:15)
	at org.junit.runners.model.FrameworkMethod.invokeExplosively(FrameworkMethod.java:41)
	at org.junit.internal.runners.statements.RunBefores.evaluate(RunBefores.java:27)
	at org.junit.internal.runners.statements.RunAfters.evaluate(RunAfters.java:31)
	at org.junit.runners.BlockJUnit4ClassRunner.runNotIgnored(BlockJUnit4ClassRunner.java:79)
	at org.junit.runners.BlockJUnit4ClassRunner.runChild(BlockJUnit4ClassRunner.java:71)
	at org.junit.runners.BlockJUnit4ClassRunner.runChild(BlockJUnit4ClassRunner.java:49)
	at org.junit.runners.ParentRunner$3.run(ParentRunner.java:193)
	at org.junit.runners.ParentRunner$1.schedule(ParentRunner.java:52)
	at org.junit.runners.ParentRunner.runChildren(ParentRunner.java:191)
	at org.junit.runners.ParentRunner.access$000(ParentRunner.java:42)
	at org.junit.runners.ParentRunner$2.evaluate(ParentRunner.java:184)
	at org.junit.runners.ParentRunner.run(ParentRunner.java:236)
	at org.apache.maven.surefire.junit4.JUnit4Provider.execute(JUnit4Provider.java:283)
	at org.apache.maven.surefire.junit4.JUnit4Provider.executeWithRerun(JUnit4Provider.java:173)
	at org.apache.maven.surefire.junit4.JUnit4Provider.executeTestSet(JUnit4Provider.java:153)
	at org.apache.maven.surefire.junit4.JUnit4Provider.invoke(JUnit4Provider.java:128)
	at org.apache.maven.surefire.booter.ForkedBooter.invokeProviderInSameClassLoader(ForkedBooter.java:203)
	at org.apache.maven.surefire.booter.ForkedBooter.runSuitesInProcess(ForkedBooter.java:155)
	at org.apache.maven.surefire.booter.ForkedBooter.main(ForkedBooter.java:103)
Caused by: java.lang.RuntimeException: folder or file like '^.+[.]properties$' no found in nutz-test.properties
	at org.nutz.lang.Lang.makeThrow(Lang.java:151)
	at org.nutz.resource.Scans.loadResource(Scans.java:112)
	at org.nutz.ioc.impl.PropertiesProxy.getResources(PropertiesProxy.java:153)
	at org.nutz.ioc.impl.PropertiesProxy.setPaths(PropertiesProxy.java:109)
	at org.nutz.ioc.impl.PropertiesProxy$FM$setPaths$d0275b2b871e237a38f11859247d1599.invoke(PropertiesProxy.java)
	at org.nutz.lang.inject.InjectBySetter.inject(InjectBySetter.java:51)
	at org.nutz.ioc.weaver.FieldInjector.inject(FieldInjector.java:33)
	at org.nutz.ioc.weaver.DefaultWeaver.fill(DefaultWeaver.java:56)
	at org.nutz.ioc.impl.ObjectMakerImpl.make(ObjectMakerImpl.java:136)
	at org.nutz.ioc.impl.NutIoc.get(NutIoc.java:210)
	at org.nutz.ioc.impl.NutIoc.get(NutIoc.java:239)
	at org.nutz.ioc.java.IocObjectNode.getValue(IocObjectNode.java:19)
	at org.nutz.ioc.java.ChainNode.eval(ChainNode.java:24)
	at org.nutz.ioc.java.ChainNode.eval(ChainNode.java:19)
	at org.nutz.ioc.val.JavaValue.get(JavaValue.java:69)
	at org.nutz.ioc.weaver.FieldInjector.inject(FieldInjector.java:32)
	at org.nutz.ioc.weaver.DefaultWeaver.fill(DefaultWeaver.java:56)
	at org.nutz.ioc.impl.ObjectMakerImpl.make(ObjectMakerImpl.java:136)
	at org.nutz.ioc.impl.NutIoc.get(NutIoc.java:210)
	at org.nutz.ioc.val.ReferValue.get(ReferValue.java:24)
	at org.nutz.ioc.impl.ObjectMakerImpl.make(ObjectMakerImpl.java:62)
	at org.nutz.ioc.impl.NutIoc.get(NutIoc.java:210)
	at org.nutz.ioc.impl.NutIoc.get(NutIoc.java:239)
	at org.nutz.dao.test.DaoCase.setUp(DaoCase.java:22)
	at sun.reflect.GeneratedMethodAccessor23.invoke(Unknown Source)
	at sun.reflect.DelegatingMethodAccessorImpl.invoke(DelegatingMethodAccessorImpl.java:43)
	at java.lang.reflect.Method.invoke(Method.java:498)
	at org.junit.runners.model.FrameworkMethod$1.runReflectiveCall(FrameworkMethod.java:44)
	at org.junit.internal.runners.model.ReflectiveCallable.run(ReflectiveCallable.java:15)
	at org.junit.runners.model.FrameworkMethod.invokeExplosively(FrameworkMethod.java:41)
	at org.junit.internal.runners.statements.RunBefores.evaluate(RunBefores.java:27)
	at org.junit.internal.runners.statements.RunAfters.evaluate(RunAfters.java:31)
	at org.junit.runners.BlockJUnit4ClassRunner.runNotIgnored(BlockJUnit4ClassRunner.java:79)
	at org.junit.runners.BlockJUnit4ClassRunner.runChild(BlockJUnit4ClassRunner.java:71)
	at org.junit.runners.BlockJUnit4ClassRunner.runChild(BlockJUnit4ClassRunner.java:49)
	at org.junit.runners.ParentRunner$3.run(ParentRunner.java:193)
	at org.junit.runners.ParentRunner$1.schedule(ParentRunner.java:52)
	at org.junit.runners.ParentRunner.runChildren(ParentRunner.java:191)
	at org.junit.runners.ParentRunner.access$000(ParentRunner.java:42)
	at org.junit.runners.ParentRunner$2.evaluate(ParentRunner.java:184)
	at org.junit.runners.ParentRunner.run(ParentRunner.java:236)
	at org.apache.maven.surefire.junit4.JUnit4Provider.execute(JUnit4Provider.java:283)
	at org.apache.maven.surefire.junit4.JUnit4Provider.executeWithRerun(JUnit4Provider.java:173)
	at org.apache.maven.surefire.junit4.JUnit4Provider.executeTestSet(JUnit4Provider.java:153)
	at org.apache.maven.surefire.junit4.JUnit4Provider.invoke(JUnit4Provider.java:128)
	at org.apache.maven.surefire.booter.ForkedBooter.invokeProviderInSameClassLoader(ForkedBooter.java:203)
	at org.apache.maven.surefire.booter.ForkedBooter.runSuitesInProcess(ForkedBooter.java:155)
	at org.apache.maven.surefire.booter.ForkedBooter.main(ForkedBooter.java:103)
</error>
  </testcase>
  <testcase name="test_cnd_emtry_in" classname="org.nutz.dao.test.normal.SimpleDaoTest" time="0">
    <error message="IocBean[dao -&gt; dataSource] throw Exception when creating" type="org.nutz.ioc.IocException">org.nutz.ioc.IocException: IocBean[dao -> dataSource] throw Exception when creating
	at org.nutz.ioc.impl.ObjectMakerImpl.make(ObjectMakerImpl.java:150)
	at org.nutz.ioc.impl.NutIoc.get(NutIoc.java:210)
	at org.nutz.ioc.val.ReferValue.get(ReferValue.java:24)
	at org.nutz.ioc.impl.ObjectMakerImpl.make(ObjectMakerImpl.java:62)
	at org.nutz.ioc.impl.NutIoc.get(NutIoc.java:210)
	at org.nutz.ioc.impl.NutIoc.get(NutIoc.java:239)
	at org.nutz.dao.test.DaoCase.setUp(DaoCase.java:22)
	at sun.reflect.GeneratedMethodAccessor23.invoke(Unknown Source)
	at sun.reflect.DelegatingMethodAccessorImpl.invoke(DelegatingMethodAccessorImpl.java:43)
	at java.lang.reflect.Method.invoke(Method.java:498)
	at org.junit.runners.model.FrameworkMethod$1.runReflectiveCall(FrameworkMethod.java:44)
	at org.junit.internal.runners.model.ReflectiveCallable.run(ReflectiveCallable.java:15)
	at org.junit.runners.model.FrameworkMethod.invokeExplosively(FrameworkMethod.java:41)
	at org.junit.internal.runners.statements.RunBefores.evaluate(RunBefores.java:27)
	at org.junit.internal.runners.statements.RunAfters.evaluate(RunAfters.java:31)
	at org.junit.runners.BlockJUnit4ClassRunner.runNotIgnored(BlockJUnit4ClassRunner.java:79)
	at org.junit.runners.BlockJUnit4ClassRunner.runChild(BlockJUnit4ClassRunner.java:71)
	at org.junit.runners.BlockJUnit4ClassRunner.runChild(BlockJUnit4ClassRunner.java:49)
	at org.junit.runners.ParentRunner$3.run(ParentRunner.java:193)
	at org.junit.runners.ParentRunner$1.schedule(ParentRunner.java:52)
	at org.junit.runners.ParentRunner.runChildren(ParentRunner.java:191)
	at org.junit.runners.ParentRunner.access$000(ParentRunner.java:42)
	at org.junit.runners.ParentRunner$2.evaluate(ParentRunner.java:184)
	at org.junit.runners.ParentRunner.run(ParentRunner.java:236)
	at org.apache.maven.surefire.junit4.JUnit4Provider.execute(JUnit4Provider.java:283)
	at org.apache.maven.surefire.junit4.JUnit4Provider.executeWithRerun(JUnit4Provider.java:173)
	at org.apache.maven.surefire.junit4.JUnit4Provider.executeTestSet(JUnit4Provider.java:153)
	at org.apache.maven.surefire.junit4.JUnit4Provider.invoke(JUnit4Provider.java:128)
	at org.apache.maven.surefire.booter.ForkedBooter.invokeProviderInSameClassLoader(ForkedBooter.java:203)
	at org.apache.maven.surefire.booter.ForkedBooter.runSuitesInProcess(ForkedBooter.java:155)
	at org.apache.maven.surefire.booter.ForkedBooter.main(ForkedBooter.java:103)
Caused by: java.lang.RuntimeException: IocBean[dataSource] fail at field=[driverClassName]
	at org.nutz.ioc.weaver.FieldInjector.inject(FieldInjector.java:40)
	at org.nutz.ioc.weaver.DefaultWeaver.fill(DefaultWeaver.java:56)
	at org.nutz.ioc.impl.ObjectMakerImpl.make(ObjectMakerImpl.java:136)
	at org.nutz.ioc.impl.NutIoc.get(NutIoc.java:210)
	at org.nutz.ioc.val.ReferValue.get(ReferValue.java:24)
	at org.nutz.ioc.impl.ObjectMakerImpl.make(ObjectMakerImpl.java:62)
	at org.nutz.ioc.impl.NutIoc.get(NutIoc.java:210)
	at org.nutz.ioc.impl.NutIoc.get(NutIoc.java:239)
	at org.nutz.dao.test.DaoCase.setUp(DaoCase.java:22)
	at sun.reflect.GeneratedMethodAccessor23.invoke(Unknown Source)
	at sun.reflect.DelegatingMethodAccessorImpl.invoke(DelegatingMethodAccessorImpl.java:43)
	at java.lang.reflect.Method.invoke(Method.java:498)
	at org.junit.runners.model.FrameworkMethod$1.runReflectiveCall(FrameworkMethod.java:44)
	at org.junit.internal.runners.model.ReflectiveCallable.run(ReflectiveCallable.java:15)
	at org.junit.runners.model.FrameworkMethod.invokeExplosively(FrameworkMethod.java:41)
	at org.junit.internal.runners.statements.RunBefores.evaluate(RunBefores.java:27)
	at org.junit.internal.runners.statements.RunAfters.evaluate(RunAfters.java:31)
	at org.junit.runners.BlockJUnit4ClassRunner.runNotIgnored(BlockJUnit4ClassRunner.java:79)
	at org.junit.runners.BlockJUnit4ClassRunner.runChild(BlockJUnit4ClassRunner.java:71)
	at org.junit.runners.BlockJUnit4ClassRunner.runChild(BlockJUnit4ClassRunner.java:49)
	at org.junit.runners.ParentRunner$3.run(ParentRunner.java:193)
	at org.junit.runners.ParentRunner$1.schedule(ParentRunner.java:52)
	at org.junit.runners.ParentRunner.runChildren(ParentRunner.java:191)
	at org.junit.runners.ParentRunner.access$000(ParentRunner.java:42)
	at org.junit.runners.ParentRunner$2.evaluate(ParentRunner.java:184)
	at org.junit.runners.ParentRunner.run(ParentRunner.java:236)
	at org.apache.maven.surefire.junit4.JUnit4Provider.execute(JUnit4Provider.java:283)
	at org.apache.maven.surefire.junit4.JUnit4Provider.executeWithRerun(JUnit4Provider.java:173)
	at org.apache.maven.surefire.junit4.JUnit4Provider.executeTestSet(JUnit4Provider.java:153)
	at org.apache.maven.surefire.junit4.JUnit4Provider.invoke(JUnit4Provider.java:128)
	at org.apache.maven.surefire.booter.ForkedBooter.invokeProviderInSameClassLoader(ForkedBooter.java:203)
	at org.apache.maven.surefire.booter.ForkedBooter.runSuitesInProcess(ForkedBooter.java:155)
	at org.apache.maven.surefire.booter.ForkedBooter.main(ForkedBooter.java:103)
Caused by: org.nutz.ioc.IocException: IocBean[config] throw Exception when creating
	at org.nutz.ioc.impl.ObjectMakerImpl.make(ObjectMakerImpl.java:150)
	at org.nutz.ioc.impl.NutIoc.get(NutIoc.java:210)
	at org.nutz.ioc.impl.NutIoc.get(NutIoc.java:239)
	at org.nutz.ioc.java.IocObjectNode.getValue(IocObjectNode.java:19)
	at org.nutz.ioc.java.ChainNode.eval(ChainNode.java:24)
	at org.nutz.ioc.java.ChainNode.eval(ChainNode.java:19)
	at org.nutz.ioc.val.JavaValue.get(JavaValue.java:69)
	at org.nutz.ioc.weaver.FieldInjector.inject(FieldInjector.java:32)
	at org.nutz.ioc.weaver.DefaultWeaver.fill(DefaultWeaver.java:56)
	at org.nutz.ioc.impl.ObjectMakerImpl.make(ObjectMakerImpl.java:136)
	at org.nutz.ioc.impl.NutIoc.get(NutIoc.java:210)
	at org.nutz.ioc.val.ReferValue.get(ReferValue.java:24)
	at org.nutz.ioc.impl.ObjectMakerImpl.make(ObjectMakerImpl.java:62)
	at org.nutz.ioc.impl.NutIoc.get(NutIoc.java:210)
	at org.nutz.ioc.impl.NutIoc.get(NutIoc.java:239)
	at org.nutz.dao.test.DaoCase.setUp(DaoCase.java:22)
	at sun.reflect.GeneratedMethodAccessor23.invoke(Unknown Source)
	at sun.reflect.DelegatingMethodAccessorImpl.invoke(DelegatingMethodAccessorImpl.java:43)
	at java.lang.reflect.Method.invoke(Method.java:498)
	at org.junit.runners.model.FrameworkMethod$1.runReflectiveCall(FrameworkMethod.java:44)
	at org.junit.internal.runners.model.ReflectiveCallable.run(ReflectiveCallable.java:15)
	at org.junit.runners.model.FrameworkMethod.invokeExplosively(FrameworkMethod.java:41)
	at org.junit.internal.runners.statements.RunBefores.evaluate(RunBefores.java:27)
	at org.junit.internal.runners.statements.RunAfters.evaluate(RunAfters.java:31)
	at org.junit.runners.BlockJUnit4ClassRunner.runNotIgnored(BlockJUnit4ClassRunner.java:79)
	at org.junit.runners.BlockJUnit4ClassRunner.runChild(BlockJUnit4ClassRunner.java:71)
	at org.junit.runners.BlockJUnit4ClassRunner.runChild(BlockJUnit4ClassRunner.java:49)
	at org.junit.runners.ParentRunner$3.run(ParentRunner.java:193)
	at org.junit.runners.ParentRunner$1.schedule(ParentRunner.java:52)
	at org.junit.runners.ParentRunner.runChildren(ParentRunner.java:191)
	at org.junit.runners.ParentRunner.access$000(ParentRunner.java:42)
	at org.junit.runners.ParentRunner$2.evaluate(ParentRunner.java:184)
	at org.junit.runners.ParentRunner.run(ParentRunner.java:236)
	at org.apache.maven.surefire.junit4.JUnit4Provider.execute(JUnit4Provider.java:283)
	at org.apache.maven.surefire.junit4.JUnit4Provider.executeWithRerun(JUnit4Provider.java:173)
	at org.apache.maven.surefire.junit4.JUnit4Provider.executeTestSet(JUnit4Provider.java:153)
	at org.apache.maven.surefire.junit4.JUnit4Provider.invoke(JUnit4Provider.java:128)
	at org.apache.maven.surefire.booter.ForkedBooter.invokeProviderInSameClassLoader(ForkedBooter.java:203)
	at org.apache.maven.surefire.booter.ForkedBooter.runSuitesInProcess(ForkedBooter.java:155)
	at org.apache.maven.surefire.booter.ForkedBooter.main(ForkedBooter.java:103)
Caused by: java.lang.RuntimeException: IocBean[config] fail at field=[paths]
	at org.nutz.ioc.weaver.FieldInjector.inject(FieldInjector.java:40)
	at org.nutz.ioc.weaver.DefaultWeaver.fill(DefaultWeaver.java:56)
	at org.nutz.ioc.impl.ObjectMakerImpl.make(ObjectMakerImpl.java:136)
	at org.nutz.ioc.impl.NutIoc.get(NutIoc.java:210)
	at org.nutz.ioc.impl.NutIoc.get(NutIoc.java:239)
	at org.nutz.ioc.java.IocObjectNode.getValue(IocObjectNode.java:19)
	at org.nutz.ioc.java.ChainNode.eval(ChainNode.java:24)
	at org.nutz.ioc.java.ChainNode.eval(ChainNode.java:19)
	at org.nutz.ioc.val.JavaValue.get(JavaValue.java:69)
	at org.nutz.ioc.weaver.FieldInjector.inject(FieldInjector.java:32)
	at org.nutz.ioc.weaver.DefaultWeaver.fill(DefaultWeaver.java:56)
	at org.nutz.ioc.impl.ObjectMakerImpl.make(ObjectMakerImpl.java:136)
	at org.nutz.ioc.impl.NutIoc.get(NutIoc.java:210)
	at org.nutz.ioc.val.ReferValue.get(ReferValue.java:24)
	at org.nutz.ioc.impl.ObjectMakerImpl.make(ObjectMakerImpl.java:62)
	at org.nutz.ioc.impl.NutIoc.get(NutIoc.java:210)
	at org.nutz.ioc.impl.NutIoc.get(NutIoc.java:239)
	at org.nutz.dao.test.DaoCase.setUp(DaoCase.java:22)
	at sun.reflect.GeneratedMethodAccessor23.invoke(Unknown Source)
	at sun.reflect.DelegatingMethodAccessorImpl.invoke(DelegatingMethodAccessorImpl.java:43)
	at java.lang.reflect.Method.invoke(Method.java:498)
	at org.junit.runners.model.FrameworkMethod$1.runReflectiveCall(FrameworkMethod.java:44)
	at org.junit.internal.runners.model.ReflectiveCallable.run(ReflectiveCallable.java:15)
	at org.junit.runners.model.FrameworkMethod.invokeExplosively(FrameworkMethod.java:41)
	at org.junit.internal.runners.statements.RunBefores.evaluate(RunBefores.java:27)
	at org.junit.internal.runners.statements.RunAfters.evaluate(RunAfters.java:31)
	at org.junit.runners.BlockJUnit4ClassRunner.runNotIgnored(BlockJUnit4ClassRunner.java:79)
	at org.junit.runners.BlockJUnit4ClassRunner.runChild(BlockJUnit4ClassRunner.java:71)
	at org.junit.runners.BlockJUnit4ClassRunner.runChild(BlockJUnit4ClassRunner.java:49)
	at org.junit.runners.ParentRunner$3.run(ParentRunner.java:193)
	at org.junit.runners.ParentRunner$1.schedule(ParentRunner.java:52)
	at org.junit.runners.ParentRunner.runChildren(ParentRunner.java:191)
	at org.junit.runners.ParentRunner.access$000(ParentRunner.java:42)
	at org.junit.runners.ParentRunner$2.evaluate(ParentRunner.java:184)
	at org.junit.runners.ParentRunner.run(ParentRunner.java:236)
	at org.apache.maven.surefire.junit4.JUnit4Provider.execute(JUnit4Provider.java:283)
	at org.apache.maven.surefire.junit4.JUnit4Provider.executeWithRerun(JUnit4Provider.java:173)
	at org.apache.maven.surefire.junit4.JUnit4Provider.executeTestSet(JUnit4Provider.java:153)
	at org.apache.maven.surefire.junit4.JUnit4Provider.invoke(JUnit4Provider.java:128)
	at org.apache.maven.surefire.booter.ForkedBooter.invokeProviderInSameClassLoader(ForkedBooter.java:203)
	at org.apache.maven.surefire.booter.ForkedBooter.runSuitesInProcess(ForkedBooter.java:155)
	at org.apache.maven.surefire.booter.ForkedBooter.main(ForkedBooter.java:103)
Caused by: java.lang.RuntimeException: Fail to set '[nutz-test.properties]'[ [Ljava.lang.String;@62a54948 ] by setter org.nutz.ioc.impl.PropertiesProxy.'setPaths()' because [java.lang.RuntimeException: folder or file like '^.+[.]properties$' no found in nutz-test.properties]: folder or file like '^.+[.]properties$' no found in nutz-test.properties
	at org.nutz.lang.Lang.wrapThrow(Lang.java:167)
	at org.nutz.lang.inject.InjectBySetter.inject(InjectBySetter.java:62)
	at org.nutz.ioc.weaver.FieldInjector.inject(FieldInjector.java:33)
	at org.nutz.ioc.weaver.DefaultWeaver.fill(DefaultWeaver.java:56)
	at org.nutz.ioc.impl.ObjectMakerImpl.make(ObjectMakerImpl.java:136)
	at org.nutz.ioc.impl.NutIoc.get(NutIoc.java:210)
	at org.nutz.ioc.impl.NutIoc.get(NutIoc.java:239)
	at org.nutz.ioc.java.IocObjectNode.getValue(IocObjectNode.java:19)
	at org.nutz.ioc.java.ChainNode.eval(ChainNode.java:24)
	at org.nutz.ioc.java.ChainNode.eval(ChainNode.java:19)
	at org.nutz.ioc.val.JavaValue.get(JavaValue.java:69)
	at org.nutz.ioc.weaver.FieldInjector.inject(FieldInjector.java:32)
	at org.nutz.ioc.weaver.DefaultWeaver.fill(DefaultWeaver.java:56)
	at org.nutz.ioc.impl.ObjectMakerImpl.make(ObjectMakerImpl.java:136)
	at org.nutz.ioc.impl.NutIoc.get(NutIoc.java:210)
	at org.nutz.ioc.val.ReferValue.get(ReferValue.java:24)
	at org.nutz.ioc.impl.ObjectMakerImpl.make(ObjectMakerImpl.java:62)
	at org.nutz.ioc.impl.NutIoc.get(NutIoc.java:210)
	at org.nutz.ioc.impl.NutIoc.get(NutIoc.java:239)
	at org.nutz.dao.test.DaoCase.setUp(DaoCase.java:22)
	at sun.reflect.GeneratedMethodAccessor23.invoke(Unknown Source)
	at sun.reflect.DelegatingMethodAccessorImpl.invoke(DelegatingMethodAccessorImpl.java:43)
	at java.lang.reflect.Method.invoke(Method.java:498)
	at org.junit.runners.model.FrameworkMethod$1.runReflectiveCall(FrameworkMethod.java:44)
	at org.junit.internal.runners.model.ReflectiveCallable.run(ReflectiveCallable.java:15)
	at org.junit.runners.model.FrameworkMethod.invokeExplosively(FrameworkMethod.java:41)
	at org.junit.internal.runners.statements.RunBefores.evaluate(RunBefores.java:27)
	at org.junit.internal.runners.statements.RunAfters.evaluate(RunAfters.java:31)
	at org.junit.runners.BlockJUnit4ClassRunner.runNotIgnored(BlockJUnit4ClassRunner.java:79)
	at org.junit.runners.BlockJUnit4ClassRunner.runChild(BlockJUnit4ClassRunner.java:71)
	at org.junit.runners.BlockJUnit4ClassRunner.runChild(BlockJUnit4ClassRunner.java:49)
	at org.junit.runners.ParentRunner$3.run(ParentRunner.java:193)
	at org.junit.runners.ParentRunner$1.schedule(ParentRunner.java:52)
	at org.junit.runners.ParentRunner.runChildren(ParentRunner.java:191)
	at org.junit.runners.ParentRunner.access$000(ParentRunner.java:42)
	at org.junit.runners.ParentRunner$2.evaluate(ParentRunner.java:184)
	at org.junit.runners.ParentRunner.run(ParentRunner.java:236)
	at org.apache.maven.surefire.junit4.JUnit4Provider.execute(JUnit4Provider.java:283)
	at org.apache.maven.surefire.junit4.JUnit4Provider.executeWithRerun(JUnit4Provider.java:173)
	at org.apache.maven.surefire.junit4.JUnit4Provider.executeTestSet(JUnit4Provider.java:153)
	at org.apache.maven.surefire.junit4.JUnit4Provider.invoke(JUnit4Provider.java:128)
	at org.apache.maven.surefire.booter.ForkedBooter.invokeProviderInSameClassLoader(ForkedBooter.java:203)
	at org.apache.maven.surefire.booter.ForkedBooter.runSuitesInProcess(ForkedBooter.java:155)
	at org.apache.maven.surefire.booter.ForkedBooter.main(ForkedBooter.java:103)
Caused by: java.lang.RuntimeException: folder or file like '^.+[.]properties$' no found in nutz-test.properties
	at org.nutz.lang.Lang.makeThrow(Lang.java:151)
	at org.nutz.resource.Scans.loadResource(Scans.java:112)
	at org.nutz.ioc.impl.PropertiesProxy.getResources(PropertiesProxy.java:153)
	at org.nutz.ioc.impl.PropertiesProxy.setPaths(PropertiesProxy.java:109)
	at org.nutz.ioc.impl.PropertiesProxy$FM$setPaths$d0275b2b871e237a38f11859247d1599.invoke(PropertiesProxy.java)
	at org.nutz.lang.inject.InjectBySetter.inject(InjectBySetter.java:51)
	at org.nutz.ioc.weaver.FieldInjector.inject(FieldInjector.java:33)
	at org.nutz.ioc.weaver.DefaultWeaver.fill(DefaultWeaver.java:56)
	at org.nutz.ioc.impl.ObjectMakerImpl.make(ObjectMakerImpl.java:136)
	at org.nutz.ioc.impl.NutIoc.get(NutIoc.java:210)
	at org.nutz.ioc.impl.NutIoc.get(NutIoc.java:239)
	at org.nutz.ioc.java.IocObjectNode.getValue(IocObjectNode.java:19)
	at org.nutz.ioc.java.ChainNode.eval(ChainNode.java:24)
	at org.nutz.ioc.java.ChainNode.eval(ChainNode.java:19)
	at org.nutz.ioc.val.JavaValue.get(JavaValue.java:69)
	at org.nutz.ioc.weaver.FieldInjector.inject(FieldInjector.java:32)
	at org.nutz.ioc.weaver.DefaultWeaver.fill(DefaultWeaver.java:56)
	at org.nutz.ioc.impl.ObjectMakerImpl.make(ObjectMakerImpl.java:136)
	at org.nutz.ioc.impl.NutIoc.get(NutIoc.java:210)
	at org.nutz.ioc.val.ReferValue.get(ReferValue.java:24)
	at org.nutz.ioc.impl.ObjectMakerImpl.make(ObjectMakerImpl.java:62)
	at org.nutz.ioc.impl.NutIoc.get(NutIoc.java:210)
	at org.nutz.ioc.impl.NutIoc.get(NutIoc.java:239)
	at org.nutz.dao.test.DaoCase.setUp(DaoCase.java:22)
	at sun.reflect.GeneratedMethodAccessor23.invoke(Unknown Source)
	at sun.reflect.DelegatingMethodAccessorImpl.invoke(DelegatingMethodAccessorImpl.java:43)
	at java.lang.reflect.Method.invoke(Method.java:498)
	at org.junit.runners.model.FrameworkMethod$1.runReflectiveCall(FrameworkMethod.java:44)
	at org.junit.internal.runners.model.ReflectiveCallable.run(ReflectiveCallable.java:15)
	at org.junit.runners.model.FrameworkMethod.invokeExplosively(FrameworkMethod.java:41)
	at org.junit.internal.runners.statements.RunBefores.evaluate(RunBefores.java:27)
	at org.junit.internal.runners.statements.RunAfters.evaluate(RunAfters.java:31)
	at org.junit.runners.BlockJUnit4ClassRunner.runNotIgnored(BlockJUnit4ClassRunner.java:79)
	at org.junit.runners.BlockJUnit4ClassRunner.runChild(BlockJUnit4ClassRunner.java:71)
	at org.junit.runners.BlockJUnit4ClassRunner.runChild(BlockJUnit4ClassRunner.java:49)
	at org.junit.runners.ParentRunner$3.run(ParentRunner.java:193)
	at org.junit.runners.ParentRunner$1.schedule(ParentRunner.java:52)
	at org.junit.runners.ParentRunner.runChildren(ParentRunner.java:191)
	at org.junit.runners.ParentRunner.access$000(ParentRunner.java:42)
	at org.junit.runners.ParentRunner$2.evaluate(ParentRunner.java:184)
	at org.junit.runners.ParentRunner.run(ParentRunner.java:236)
	at org.apache.maven.surefire.junit4.JUnit4Provider.execute(JUnit4Provider.java:283)
	at org.apache.maven.surefire.junit4.JUnit4Provider.executeWithRerun(JUnit4Provider.java:173)
	at org.apache.maven.surefire.junit4.JUnit4Provider.executeTestSet(JUnit4Provider.java:153)
	at org.apache.maven.surefire.junit4.JUnit4Provider.invoke(JUnit4Provider.java:128)
	at org.apache.maven.surefire.booter.ForkedBooter.invokeProviderInSameClassLoader(ForkedBooter.java:203)
	at org.apache.maven.surefire.booter.ForkedBooter.runSuitesInProcess(ForkedBooter.java:155)
	at org.apache.maven.surefire.booter.ForkedBooter.main(ForkedBooter.java:103)
</error>
  </testcase>
  <testcase name="new_nutdao_inside_trans" classname="org.nutz.dao.test.normal.SimpleDaoTest" time="0">
    <error message="IocBean[dao -&gt; dataSource] throw Exception when creating" type="org.nutz.ioc.IocException">org.nutz.ioc.IocException: IocBean[dao -> dataSource] throw Exception when creating
	at org.nutz.ioc.impl.ObjectMakerImpl.make(ObjectMakerImpl.java:150)
	at org.nutz.ioc.impl.NutIoc.get(NutIoc.java:210)
	at org.nutz.ioc.val.ReferValue.get(ReferValue.java:24)
	at org.nutz.ioc.impl.ObjectMakerImpl.make(ObjectMakerImpl.java:62)
	at org.nutz.ioc.impl.NutIoc.get(NutIoc.java:210)
	at org.nutz.ioc.impl.NutIoc.get(NutIoc.java:239)
	at org.nutz.dao.test.DaoCase.setUp(DaoCase.java:22)
	at sun.reflect.GeneratedMethodAccessor23.invoke(Unknown Source)
	at sun.reflect.DelegatingMethodAccessorImpl.invoke(DelegatingMethodAccessorImpl.java:43)
	at java.lang.reflect.Method.invoke(Method.java:498)
	at org.junit.runners.model.FrameworkMethod$1.runReflectiveCall(FrameworkMethod.java:44)
	at org.junit.internal.runners.model.ReflectiveCallable.run(ReflectiveCallable.java:15)
	at org.junit.runners.model.FrameworkMethod.invokeExplosively(FrameworkMethod.java:41)
	at org.junit.internal.runners.statements.RunBefores.evaluate(RunBefores.java:27)
	at org.junit.internal.runners.statements.RunAfters.evaluate(RunAfters.java:31)
	at org.junit.runners.BlockJUnit4ClassRunner.runNotIgnored(BlockJUnit4ClassRunner.java:79)
	at org.junit.runners.BlockJUnit4ClassRunner.runChild(BlockJUnit4ClassRunner.java:71)
	at org.junit.runners.BlockJUnit4ClassRunner.runChild(BlockJUnit4ClassRunner.java:49)
	at org.junit.runners.ParentRunner$3.run(ParentRunner.java:193)
	at org.junit.runners.ParentRunner$1.schedule(ParentRunner.java:52)
	at org.junit.runners.ParentRunner.runChildren(ParentRunner.java:191)
	at org.junit.runners.ParentRunner.access$000(ParentRunner.java:42)
	at org.junit.runners.ParentRunner$2.evaluate(ParentRunner.java:184)
	at org.junit.runners.ParentRunner.run(ParentRunner.java:236)
	at org.apache.maven.surefire.junit4.JUnit4Provider.execute(JUnit4Provider.java:283)
	at org.apache.maven.surefire.junit4.JUnit4Provider.executeWithRerun(JUnit4Provider.java:173)
	at org.apache.maven.surefire.junit4.JUnit4Provider.executeTestSet(JUnit4Provider.java:153)
	at org.apache.maven.surefire.junit4.JUnit4Provider.invoke(JUnit4Provider.java:128)
	at org.apache.maven.surefire.booter.ForkedBooter.invokeProviderInSameClassLoader(ForkedBooter.java:203)
	at org.apache.maven.surefire.booter.ForkedBooter.runSuitesInProcess(ForkedBooter.java:155)
	at org.apache.maven.surefire.booter.ForkedBooter.main(ForkedBooter.java:103)
Caused by: java.lang.RuntimeException: IocBean[dataSource] fail at field=[driverClassName]
	at org.nutz.ioc.weaver.FieldInjector.inject(FieldInjector.java:40)
	at org.nutz.ioc.weaver.DefaultWeaver.fill(DefaultWeaver.java:56)
	at org.nutz.ioc.impl.ObjectMakerImpl.make(ObjectMakerImpl.java:136)
	at org.nutz.ioc.impl.NutIoc.get(NutIoc.java:210)
	at org.nutz.ioc.val.ReferValue.get(ReferValue.java:24)
	at org.nutz.ioc.impl.ObjectMakerImpl.make(ObjectMakerImpl.java:62)
	at org.nutz.ioc.impl.NutIoc.get(NutIoc.java:210)
	at org.nutz.ioc.impl.NutIoc.get(NutIoc.java:239)
	at org.nutz.dao.test.DaoCase.setUp(DaoCase.java:22)
	at sun.reflect.GeneratedMethodAccessor23.invoke(Unknown Source)
	at sun.reflect.DelegatingMethodAccessorImpl.invoke(DelegatingMethodAccessorImpl.java:43)
	at java.lang.reflect.Method.invoke(Method.java:498)
	at org.junit.runners.model.FrameworkMethod$1.runReflectiveCall(FrameworkMethod.java:44)
	at org.junit.internal.runners.model.ReflectiveCallable.run(ReflectiveCallable.java:15)
	at org.junit.runners.model.FrameworkMethod.invokeExplosively(FrameworkMethod.java:41)
	at org.junit.internal.runners.statements.RunBefores.evaluate(RunBefores.java:27)
	at org.junit.internal.runners.statements.RunAfters.evaluate(RunAfters.java:31)
	at org.junit.runners.BlockJUnit4ClassRunner.runNotIgnored(BlockJUnit4ClassRunner.java:79)
	at org.junit.runners.BlockJUnit4ClassRunner.runChild(BlockJUnit4ClassRunner.java:71)
	at org.junit.runners.BlockJUnit4ClassRunner.runChild(BlockJUnit4ClassRunner.java:49)
	at org.junit.runners.ParentRunner$3.run(ParentRunner.java:193)
	at org.junit.runners.ParentRunner$1.schedule(ParentRunner.java:52)
	at org.junit.runners.ParentRunner.runChildren(ParentRunner.java:191)
	at org.junit.runners.ParentRunner.access$000(ParentRunner.java:42)
	at org.junit.runners.ParentRunner$2.evaluate(ParentRunner.java:184)
	at org.junit.runners.ParentRunner.run(ParentRunner.java:236)
	at org.apache.maven.surefire.junit4.JUnit4Provider.execute(JUnit4Provider.java:283)
	at org.apache.maven.surefire.junit4.JUnit4Provider.executeWithRerun(JUnit4Provider.java:173)
	at org.apache.maven.surefire.junit4.JUnit4Provider.executeTestSet(JUnit4Provider.java:153)
	at org.apache.maven.surefire.junit4.JUnit4Provider.invoke(JUnit4Provider.java:128)
	at org.apache.maven.surefire.booter.ForkedBooter.invokeProviderInSameClassLoader(ForkedBooter.java:203)
	at org.apache.maven.surefire.booter.ForkedBooter.runSuitesInProcess(ForkedBooter.java:155)
	at org.apache.maven.surefire.booter.ForkedBooter.main(ForkedBooter.java:103)
Caused by: org.nutz.ioc.IocException: IocBean[config] throw Exception when creating
	at org.nutz.ioc.impl.ObjectMakerImpl.make(ObjectMakerImpl.java:150)
	at org.nutz.ioc.impl.NutIoc.get(NutIoc.java:210)
	at org.nutz.ioc.impl.NutIoc.get(NutIoc.java:239)
	at org.nutz.ioc.java.IocObjectNode.getValue(IocObjectNode.java:19)
	at org.nutz.ioc.java.ChainNode.eval(ChainNode.java:24)
	at org.nutz.ioc.java.ChainNode.eval(ChainNode.java:19)
	at org.nutz.ioc.val.JavaValue.get(JavaValue.java:69)
	at org.nutz.ioc.weaver.FieldInjector.inject(FieldInjector.java:32)
	at org.nutz.ioc.weaver.DefaultWeaver.fill(DefaultWeaver.java:56)
	at org.nutz.ioc.impl.ObjectMakerImpl.make(ObjectMakerImpl.java:136)
	at org.nutz.ioc.impl.NutIoc.get(NutIoc.java:210)
	at org.nutz.ioc.val.ReferValue.get(ReferValue.java:24)
	at org.nutz.ioc.impl.ObjectMakerImpl.make(ObjectMakerImpl.java:62)
	at org.nutz.ioc.impl.NutIoc.get(NutIoc.java:210)
	at org.nutz.ioc.impl.NutIoc.get(NutIoc.java:239)
	at org.nutz.dao.test.DaoCase.setUp(DaoCase.java:22)
	at sun.reflect.GeneratedMethodAccessor23.invoke(Unknown Source)
	at sun.reflect.DelegatingMethodAccessorImpl.invoke(DelegatingMethodAccessorImpl.java:43)
	at java.lang.reflect.Method.invoke(Method.java:498)
	at org.junit.runners.model.FrameworkMethod$1.runReflectiveCall(FrameworkMethod.java:44)
	at org.junit.internal.runners.model.ReflectiveCallable.run(ReflectiveCallable.java:15)
	at org.junit.runners.model.FrameworkMethod.invokeExplosively(FrameworkMethod.java:41)
	at org.junit.internal.runners.statements.RunBefores.evaluate(RunBefores.java:27)
	at org.junit.internal.runners.statements.RunAfters.evaluate(RunAfters.java:31)
	at org.junit.runners.BlockJUnit4ClassRunner.runNotIgnored(BlockJUnit4ClassRunner.java:79)
	at org.junit.runners.BlockJUnit4ClassRunner.runChild(BlockJUnit4ClassRunner.java:71)
	at org.junit.runners.BlockJUnit4ClassRunner.runChild(BlockJUnit4ClassRunner.java:49)
	at org.junit.runners.ParentRunner$3.run(ParentRunner.java:193)
	at org.junit.runners.ParentRunner$1.schedule(ParentRunner.java:52)
	at org.junit.runners.ParentRunner.runChildren(ParentRunner.java:191)
	at org.junit.runners.ParentRunner.access$000(ParentRunner.java:42)
	at org.junit.runners.ParentRunner$2.evaluate(ParentRunner.java:184)
	at org.junit.runners.ParentRunner.run(ParentRunner.java:236)
	at org.apache.maven.surefire.junit4.JUnit4Provider.execute(JUnit4Provider.java:283)
	at org.apache.maven.surefire.junit4.JUnit4Provider.executeWithRerun(JUnit4Provider.java:173)
	at org.apache.maven.surefire.junit4.JUnit4Provider.executeTestSet(JUnit4Provider.java:153)
	at org.apache.maven.surefire.junit4.JUnit4Provider.invoke(JUnit4Provider.java:128)
	at org.apache.maven.surefire.booter.ForkedBooter.invokeProviderInSameClassLoader(ForkedBooter.java:203)
	at org.apache.maven.surefire.booter.ForkedBooter.runSuitesInProcess(ForkedBooter.java:155)
	at org.apache.maven.surefire.booter.ForkedBooter.main(ForkedBooter.java:103)
Caused by: java.lang.RuntimeException: IocBean[config] fail at field=[paths]
	at org.nutz.ioc.weaver.FieldInjector.inject(FieldInjector.java:40)
	at org.nutz.ioc.weaver.DefaultWeaver.fill(DefaultWeaver.java:56)
	at org.nutz.ioc.impl.ObjectMakerImpl.make(ObjectMakerImpl.java:136)
	at org.nutz.ioc.impl.NutIoc.get(NutIoc.java:210)
	at org.nutz.ioc.impl.NutIoc.get(NutIoc.java:239)
	at org.nutz.ioc.java.IocObjectNode.getValue(IocObjectNode.java:19)
	at org.nutz.ioc.java.ChainNode.eval(ChainNode.java:24)
	at org.nutz.ioc.java.ChainNode.eval(ChainNode.java:19)
	at org.nutz.ioc.val.JavaValue.get(JavaValue.java:69)
	at org.nutz.ioc.weaver.FieldInjector.inject(FieldInjector.java:32)
	at org.nutz.ioc.weaver.DefaultWeaver.fill(DefaultWeaver.java:56)
	at org.nutz.ioc.impl.ObjectMakerImpl.make(ObjectMakerImpl.java:136)
	at org.nutz.ioc.impl.NutIoc.get(NutIoc.java:210)
	at org.nutz.ioc.val.ReferValue.get(ReferValue.java:24)
	at org.nutz.ioc.impl.ObjectMakerImpl.make(ObjectMakerImpl.java:62)
	at org.nutz.ioc.impl.NutIoc.get(NutIoc.java:210)
	at org.nutz.ioc.impl.NutIoc.get(NutIoc.java:239)
	at org.nutz.dao.test.DaoCase.setUp(DaoCase.java:22)
	at sun.reflect.GeneratedMethodAccessor23.invoke(Unknown Source)
	at sun.reflect.DelegatingMethodAccessorImpl.invoke(DelegatingMethodAccessorImpl.java:43)
	at java.lang.reflect.Method.invoke(Method.java:498)
	at org.junit.runners.model.FrameworkMethod$1.runReflectiveCall(FrameworkMethod.java:44)
	at org.junit.internal.runners.model.ReflectiveCallable.run(ReflectiveCallable.java:15)
	at org.junit.runners.model.FrameworkMethod.invokeExplosively(FrameworkMethod.java:41)
	at org.junit.internal.runners.statements.RunBefores.evaluate(RunBefores.java:27)
	at org.junit.internal.runners.statements.RunAfters.evaluate(RunAfters.java:31)
	at org.junit.runners.BlockJUnit4ClassRunner.runNotIgnored(BlockJUnit4ClassRunner.java:79)
	at org.junit.runners.BlockJUnit4ClassRunner.runChild(BlockJUnit4ClassRunner.java:71)
	at org.junit.runners.BlockJUnit4ClassRunner.runChild(BlockJUnit4ClassRunner.java:49)
	at org.junit.runners.ParentRunner$3.run(ParentRunner.java:193)
	at org.junit.runners.ParentRunner$1.schedule(ParentRunner.java:52)
	at org.junit.runners.ParentRunner.runChildren(ParentRunner.java:191)
	at org.junit.runners.ParentRunner.access$000(ParentRunner.java:42)
	at org.junit.runners.ParentRunner$2.evaluate(ParentRunner.java:184)
	at org.junit.runners.ParentRunner.run(ParentRunner.java:236)
	at org.apache.maven.surefire.junit4.JUnit4Provider.execute(JUnit4Provider.java:283)
	at org.apache.maven.surefire.junit4.JUnit4Provider.executeWithRerun(JUnit4Provider.java:173)
	at org.apache.maven.surefire.junit4.JUnit4Provider.executeTestSet(JUnit4Provider.java:153)
	at org.apache.maven.surefire.junit4.JUnit4Provider.invoke(JUnit4Provider.java:128)
	at org.apache.maven.surefire.booter.ForkedBooter.invokeProviderInSameClassLoader(ForkedBooter.java:203)
	at org.apache.maven.surefire.booter.ForkedBooter.runSuitesInProcess(ForkedBooter.java:155)
	at org.apache.maven.surefire.booter.ForkedBooter.main(ForkedBooter.java:103)
Caused by: java.lang.RuntimeException: Fail to set '[nutz-test.properties]'[ [Ljava.lang.String;@6048e26a ] by setter org.nutz.ioc.impl.PropertiesProxy.'setPaths()' because [java.lang.RuntimeException: folder or file like '^.+[.]properties$' no found in nutz-test.properties]: folder or file like '^.+[.]properties$' no found in nutz-test.properties
	at org.nutz.lang.Lang.wrapThrow(Lang.java:167)
	at org.nutz.lang.inject.InjectBySetter.inject(InjectBySetter.java:62)
	at org.nutz.ioc.weaver.FieldInjector.inject(FieldInjector.java:33)
	at org.nutz.ioc.weaver.DefaultWeaver.fill(DefaultWeaver.java:56)
	at org.nutz.ioc.impl.ObjectMakerImpl.make(ObjectMakerImpl.java:136)
	at org.nutz.ioc.impl.NutIoc.get(NutIoc.java:210)
	at org.nutz.ioc.impl.NutIoc.get(NutIoc.java:239)
	at org.nutz.ioc.java.IocObjectNode.getValue(IocObjectNode.java:19)
	at org.nutz.ioc.java.ChainNode.eval(ChainNode.java:24)
	at org.nutz.ioc.java.ChainNode.eval(ChainNode.java:19)
	at org.nutz.ioc.val.JavaValue.get(JavaValue.java:69)
	at org.nutz.ioc.weaver.FieldInjector.inject(FieldInjector.java:32)
	at org.nutz.ioc.weaver.DefaultWeaver.fill(DefaultWeaver.java:56)
	at org.nutz.ioc.impl.ObjectMakerImpl.make(ObjectMakerImpl.java:136)
	at org.nutz.ioc.impl.NutIoc.get(NutIoc.java:210)
	at org.nutz.ioc.val.ReferValue.get(ReferValue.java:24)
	at org.nutz.ioc.impl.ObjectMakerImpl.make(ObjectMakerImpl.java:62)
	at org.nutz.ioc.impl.NutIoc.get(NutIoc.java:210)
	at org.nutz.ioc.impl.NutIoc.get(NutIoc.java:239)
	at org.nutz.dao.test.DaoCase.setUp(DaoCase.java:22)
	at sun.reflect.GeneratedMethodAccessor23.invoke(Unknown Source)
	at sun.reflect.DelegatingMethodAccessorImpl.invoke(DelegatingMethodAccessorImpl.java:43)
	at java.lang.reflect.Method.invoke(Method.java:498)
	at org.junit.runners.model.FrameworkMethod$1.runReflectiveCall(FrameworkMethod.java:44)
	at org.junit.internal.runners.model.ReflectiveCallable.run(ReflectiveCallable.java:15)
	at org.junit.runners.model.FrameworkMethod.invokeExplosively(FrameworkMethod.java:41)
	at org.junit.internal.runners.statements.RunBefores.evaluate(RunBefores.java:27)
	at org.junit.internal.runners.statements.RunAfters.evaluate(RunAfters.java:31)
	at org.junit.runners.BlockJUnit4ClassRunner.runNotIgnored(BlockJUnit4ClassRunner.java:79)
	at org.junit.runners.BlockJUnit4ClassRunner.runChild(BlockJUnit4ClassRunner.java:71)
	at org.junit.runners.BlockJUnit4ClassRunner.runChild(BlockJUnit4ClassRunner.java:49)
	at org.junit.runners.ParentRunner$3.run(ParentRunner.java:193)
	at org.junit.runners.ParentRunner$1.schedule(ParentRunner.java:52)
	at org.junit.runners.ParentRunner.runChildren(ParentRunner.java:191)
	at org.junit.runners.ParentRunner.access$000(ParentRunner.java:42)
	at org.junit.runners.ParentRunner$2.evaluate(ParentRunner.java:184)
	at org.junit.runners.ParentRunner.run(ParentRunner.java:236)
	at org.apache.maven.surefire.junit4.JUnit4Provider.execute(JUnit4Provider.java:283)
	at org.apache.maven.surefire.junit4.JUnit4Provider.executeWithRerun(JUnit4Provider.java:173)
	at org.apache.maven.surefire.junit4.JUnit4Provider.executeTestSet(JUnit4Provider.java:153)
	at org.apache.maven.surefire.junit4.JUnit4Provider.invoke(JUnit4Provider.java:128)
	at org.apache.maven.surefire.booter.ForkedBooter.invokeProviderInSameClassLoader(ForkedBooter.java:203)
	at org.apache.maven.surefire.booter.ForkedBooter.runSuitesInProcess(ForkedBooter.java:155)
	at org.apache.maven.surefire.booter.ForkedBooter.main(ForkedBooter.java:103)
Caused by: java.lang.RuntimeException: folder or file like '^.+[.]properties$' no found in nutz-test.properties
	at org.nutz.lang.Lang.makeThrow(Lang.java:151)
	at org.nutz.resource.Scans.loadResource(Scans.java:112)
	at org.nutz.ioc.impl.PropertiesProxy.getResources(PropertiesProxy.java:153)
	at org.nutz.ioc.impl.PropertiesProxy.setPaths(PropertiesProxy.java:109)
	at org.nutz.ioc.impl.PropertiesProxy$FM$setPaths$d0275b2b871e237a38f11859247d1599.invoke(PropertiesProxy.java)
	at org.nutz.lang.inject.InjectBySetter.inject(InjectBySetter.java:51)
	at org.nutz.ioc.weaver.FieldInjector.inject(FieldInjector.java:33)
	at org.nutz.ioc.weaver.DefaultWeaver.fill(DefaultWeaver.java:56)
	at org.nutz.ioc.impl.ObjectMakerImpl.make(ObjectMakerImpl.java:136)
	at org.nutz.ioc.impl.NutIoc.get(NutIoc.java:210)
	at org.nutz.ioc.impl.NutIoc.get(NutIoc.java:239)
	at org.nutz.ioc.java.IocObjectNode.getValue(IocObjectNode.java:19)
	at org.nutz.ioc.java.ChainNode.eval(ChainNode.java:24)
	at org.nutz.ioc.java.ChainNode.eval(ChainNode.java:19)
	at org.nutz.ioc.val.JavaValue.get(JavaValue.java:69)
	at org.nutz.ioc.weaver.FieldInjector.inject(FieldInjector.java:32)
	at org.nutz.ioc.weaver.DefaultWeaver.fill(DefaultWeaver.java:56)
	at org.nutz.ioc.impl.ObjectMakerImpl.make(ObjectMakerImpl.java:136)
	at org.nutz.ioc.impl.NutIoc.get(NutIoc.java:210)
	at org.nutz.ioc.val.ReferValue.get(ReferValue.java:24)
	at org.nutz.ioc.impl.ObjectMakerImpl.make(ObjectMakerImpl.java:62)
	at org.nutz.ioc.impl.NutIoc.get(NutIoc.java:210)
	at org.nutz.ioc.impl.NutIoc.get(NutIoc.java:239)
	at org.nutz.dao.test.DaoCase.setUp(DaoCase.java:22)
	at sun.reflect.GeneratedMethodAccessor23.invoke(Unknown Source)
	at sun.reflect.DelegatingMethodAccessorImpl.invoke(DelegatingMethodAccessorImpl.java:43)
	at java.lang.reflect.Method.invoke(Method.java:498)
	at org.junit.runners.model.FrameworkMethod$1.runReflectiveCall(FrameworkMethod.java:44)
	at org.junit.internal.runners.model.ReflectiveCallable.run(ReflectiveCallable.java:15)
	at org.junit.runners.model.FrameworkMethod.invokeExplosively(FrameworkMethod.java:41)
	at org.junit.internal.runners.statements.RunBefores.evaluate(RunBefores.java:27)
	at org.junit.internal.runners.statements.RunAfters.evaluate(RunAfters.java:31)
	at org.junit.runners.BlockJUnit4ClassRunner.runNotIgnored(BlockJUnit4ClassRunner.java:79)
	at org.junit.runners.BlockJUnit4ClassRunner.runChild(BlockJUnit4ClassRunner.java:71)
	at org.junit.runners.BlockJUnit4ClassRunner.runChild(BlockJUnit4ClassRunner.java:49)
	at org.junit.runners.ParentRunner$3.run(ParentRunner.java:193)
	at org.junit.runners.ParentRunner$1.schedule(ParentRunner.java:52)
	at org.junit.runners.ParentRunner.runChildren(ParentRunner.java:191)
	at org.junit.runners.ParentRunner.access$000(ParentRunner.java:42)
	at org.junit.runners.ParentRunner$2.evaluate(ParentRunner.java:184)
	at org.junit.runners.ParentRunner.run(ParentRunner.java:236)
	at org.apache.maven.surefire.junit4.JUnit4Provider.execute(JUnit4Provider.java:283)
	at org.apache.maven.surefire.junit4.JUnit4Provider.executeWithRerun(JUnit4Provider.java:173)
	at org.apache.maven.surefire.junit4.JUnit4Provider.executeTestSet(JUnit4Provider.java:153)
	at org.apache.maven.surefire.junit4.JUnit4Provider.invoke(JUnit4Provider.java:128)
	at org.apache.maven.surefire.booter.ForkedBooter.invokeProviderInSameClassLoader(ForkedBooter.java:203)
	at org.apache.maven.surefire.booter.ForkedBooter.runSuitesInProcess(ForkedBooter.java:155)
	at org.apache.maven.surefire.booter.ForkedBooter.main(ForkedBooter.java:103)
</error>
  </testcase>
  <testcase name="test_pojo_sql_params" classname="org.nutz.dao.test.normal.SimpleDaoTest" time="0">
    <error message="IocBean[dao -&gt; dataSource] throw Exception when creating" type="org.nutz.ioc.IocException">org.nutz.ioc.IocException: IocBean[dao -> dataSource] throw Exception when creating
	at org.nutz.ioc.impl.ObjectMakerImpl.make(ObjectMakerImpl.java:150)
	at org.nutz.ioc.impl.NutIoc.get(NutIoc.java:210)
	at org.nutz.ioc.val.ReferValue.get(ReferValue.java:24)
	at org.nutz.ioc.impl.ObjectMakerImpl.make(ObjectMakerImpl.java:62)
	at org.nutz.ioc.impl.NutIoc.get(NutIoc.java:210)
	at org.nutz.ioc.impl.NutIoc.get(NutIoc.java:239)
	at org.nutz.dao.test.DaoCase.setUp(DaoCase.java:22)
	at sun.reflect.GeneratedMethodAccessor23.invoke(Unknown Source)
	at sun.reflect.DelegatingMethodAccessorImpl.invoke(DelegatingMethodAccessorImpl.java:43)
	at java.lang.reflect.Method.invoke(Method.java:498)
	at org.junit.runners.model.FrameworkMethod$1.runReflectiveCall(FrameworkMethod.java:44)
	at org.junit.internal.runners.model.ReflectiveCallable.run(ReflectiveCallable.java:15)
	at org.junit.runners.model.FrameworkMethod.invokeExplosively(FrameworkMethod.java:41)
	at org.junit.internal.runners.statements.RunBefores.evaluate(RunBefores.java:27)
	at org.junit.internal.runners.statements.RunAfters.evaluate(RunAfters.java:31)
	at org.junit.runners.BlockJUnit4ClassRunner.runNotIgnored(BlockJUnit4ClassRunner.java:79)
	at org.junit.runners.BlockJUnit4ClassRunner.runChild(BlockJUnit4ClassRunner.java:71)
	at org.junit.runners.BlockJUnit4ClassRunner.runChild(BlockJUnit4ClassRunner.java:49)
	at org.junit.runners.ParentRunner$3.run(ParentRunner.java:193)
	at org.junit.runners.ParentRunner$1.schedule(ParentRunner.java:52)
	at org.junit.runners.ParentRunner.runChildren(ParentRunner.java:191)
	at org.junit.runners.ParentRunner.access$000(ParentRunner.java:42)
	at org.junit.runners.ParentRunner$2.evaluate(ParentRunner.java:184)
	at org.junit.runners.ParentRunner.run(ParentRunner.java:236)
	at org.apache.maven.surefire.junit4.JUnit4Provider.execute(JUnit4Provider.java:283)
	at org.apache.maven.surefire.junit4.JUnit4Provider.executeWithRerun(JUnit4Provider.java:173)
	at org.apache.maven.surefire.junit4.JUnit4Provider.executeTestSet(JUnit4Provider.java:153)
	at org.apache.maven.surefire.junit4.JUnit4Provider.invoke(JUnit4Provider.java:128)
	at org.apache.maven.surefire.booter.ForkedBooter.invokeProviderInSameClassLoader(ForkedBooter.java:203)
	at org.apache.maven.surefire.booter.ForkedBooter.runSuitesInProcess(ForkedBooter.java:155)
	at org.apache.maven.surefire.booter.ForkedBooter.main(ForkedBooter.java:103)
Caused by: java.lang.RuntimeException: IocBean[dataSource] fail at field=[driverClassName]
	at org.nutz.ioc.weaver.FieldInjector.inject(FieldInjector.java:40)
	at org.nutz.ioc.weaver.DefaultWeaver.fill(DefaultWeaver.java:56)
	at org.nutz.ioc.impl.ObjectMakerImpl.make(ObjectMakerImpl.java:136)
	at org.nutz.ioc.impl.NutIoc.get(NutIoc.java:210)
	at org.nutz.ioc.val.ReferValue.get(ReferValue.java:24)
	at org.nutz.ioc.impl.ObjectMakerImpl.make(ObjectMakerImpl.java:62)
	at org.nutz.ioc.impl.NutIoc.get(NutIoc.java:210)
	at org.nutz.ioc.impl.NutIoc.get(NutIoc.java:239)
	at org.nutz.dao.test.DaoCase.setUp(DaoCase.java:22)
	at sun.reflect.GeneratedMethodAccessor23.invoke(Unknown Source)
	at sun.reflect.DelegatingMethodAccessorImpl.invoke(DelegatingMethodAccessorImpl.java:43)
	at java.lang.reflect.Method.invoke(Method.java:498)
	at org.junit.runners.model.FrameworkMethod$1.runReflectiveCall(FrameworkMethod.java:44)
	at org.junit.internal.runners.model.ReflectiveCallable.run(ReflectiveCallable.java:15)
	at org.junit.runners.model.FrameworkMethod.invokeExplosively(FrameworkMethod.java:41)
	at org.junit.internal.runners.statements.RunBefores.evaluate(RunBefores.java:27)
	at org.junit.internal.runners.statements.RunAfters.evaluate(RunAfters.java:31)
	at org.junit.runners.BlockJUnit4ClassRunner.runNotIgnored(BlockJUnit4ClassRunner.java:79)
	at org.junit.runners.BlockJUnit4ClassRunner.runChild(BlockJUnit4ClassRunner.java:71)
	at org.junit.runners.BlockJUnit4ClassRunner.runChild(BlockJUnit4ClassRunner.java:49)
	at org.junit.runners.ParentRunner$3.run(ParentRunner.java:193)
	at org.junit.runners.ParentRunner$1.schedule(ParentRunner.java:52)
	at org.junit.runners.ParentRunner.runChildren(ParentRunner.java:191)
	at org.junit.runners.ParentRunner.access$000(ParentRunner.java:42)
	at org.junit.runners.ParentRunner$2.evaluate(ParentRunner.java:184)
	at org.junit.runners.ParentRunner.run(ParentRunner.java:236)
	at org.apache.maven.surefire.junit4.JUnit4Provider.execute(JUnit4Provider.java:283)
	at org.apache.maven.surefire.junit4.JUnit4Provider.executeWithRerun(JUnit4Provider.java:173)
	at org.apache.maven.surefire.junit4.JUnit4Provider.executeTestSet(JUnit4Provider.java:153)
	at org.apache.maven.surefire.junit4.JUnit4Provider.invoke(JUnit4Provider.java:128)
	at org.apache.maven.surefire.booter.ForkedBooter.invokeProviderInSameClassLoader(ForkedBooter.java:203)
	at org.apache.maven.surefire.booter.ForkedBooter.runSuitesInProcess(ForkedBooter.java:155)
	at org.apache.maven.surefire.booter.ForkedBooter.main(ForkedBooter.java:103)
Caused by: org.nutz.ioc.IocException: IocBean[config] throw Exception when creating
	at org.nutz.ioc.impl.ObjectMakerImpl.make(ObjectMakerImpl.java:150)
	at org.nutz.ioc.impl.NutIoc.get(NutIoc.java:210)
	at org.nutz.ioc.impl.NutIoc.get(NutIoc.java:239)
	at org.nutz.ioc.java.IocObjectNode.getValue(IocObjectNode.java:19)
	at org.nutz.ioc.java.ChainNode.eval(ChainNode.java:24)
	at org.nutz.ioc.java.ChainNode.eval(ChainNode.java:19)
	at org.nutz.ioc.val.JavaValue.get(JavaValue.java:69)
	at org.nutz.ioc.weaver.FieldInjector.inject(FieldInjector.java:32)
	at org.nutz.ioc.weaver.DefaultWeaver.fill(DefaultWeaver.java:56)
	at org.nutz.ioc.impl.ObjectMakerImpl.make(ObjectMakerImpl.java:136)
	at org.nutz.ioc.impl.NutIoc.get(NutIoc.java:210)
	at org.nutz.ioc.val.ReferValue.get(ReferValue.java:24)
	at org.nutz.ioc.impl.ObjectMakerImpl.make(ObjectMakerImpl.java:62)
	at org.nutz.ioc.impl.NutIoc.get(NutIoc.java:210)
	at org.nutz.ioc.impl.NutIoc.get(NutIoc.java:239)
	at org.nutz.dao.test.DaoCase.setUp(DaoCase.java:22)
	at sun.reflect.GeneratedMethodAccessor23.invoke(Unknown Source)
	at sun.reflect.DelegatingMethodAccessorImpl.invoke(DelegatingMethodAccessorImpl.java:43)
	at java.lang.reflect.Method.invoke(Method.java:498)
	at org.junit.runners.model.FrameworkMethod$1.runReflectiveCall(FrameworkMethod.java:44)
	at org.junit.internal.runners.model.ReflectiveCallable.run(ReflectiveCallable.java:15)
	at org.junit.runners.model.FrameworkMethod.invokeExplosively(FrameworkMethod.java:41)
	at org.junit.internal.runners.statements.RunBefores.evaluate(RunBefores.java:27)
	at org.junit.internal.runners.statements.RunAfters.evaluate(RunAfters.java:31)
	at org.junit.runners.BlockJUnit4ClassRunner.runNotIgnored(BlockJUnit4ClassRunner.java:79)
	at org.junit.runners.BlockJUnit4ClassRunner.runChild(BlockJUnit4ClassRunner.java:71)
	at org.junit.runners.BlockJUnit4ClassRunner.runChild(BlockJUnit4ClassRunner.java:49)
	at org.junit.runners.ParentRunner$3.run(ParentRunner.java:193)
	at org.junit.runners.ParentRunner$1.schedule(ParentRunner.java:52)
	at org.junit.runners.ParentRunner.runChildren(ParentRunner.java:191)
	at org.junit.runners.ParentRunner.access$000(ParentRunner.java:42)
	at org.junit.runners.ParentRunner$2.evaluate(ParentRunner.java:184)
	at org.junit.runners.ParentRunner.run(ParentRunner.java:236)
	at org.apache.maven.surefire.junit4.JUnit4Provider.execute(JUnit4Provider.java:283)
	at org.apache.maven.surefire.junit4.JUnit4Provider.executeWithRerun(JUnit4Provider.java:173)
	at org.apache.maven.surefire.junit4.JUnit4Provider.executeTestSet(JUnit4Provider.java:153)
	at org.apache.maven.surefire.junit4.JUnit4Provider.invoke(JUnit4Provider.java:128)
	at org.apache.maven.surefire.booter.ForkedBooter.invokeProviderInSameClassLoader(ForkedBooter.java:203)
	at org.apache.maven.surefire.booter.ForkedBooter.runSuitesInProcess(ForkedBooter.java:155)
	at org.apache.maven.surefire.booter.ForkedBooter.main(ForkedBooter.java:103)
Caused by: java.lang.RuntimeException: IocBean[config] fail at field=[paths]
	at org.nutz.ioc.weaver.FieldInjector.inject(FieldInjector.java:40)
	at org.nutz.ioc.weaver.DefaultWeaver.fill(DefaultWeaver.java:56)
	at org.nutz.ioc.impl.ObjectMakerImpl.make(ObjectMakerImpl.java:136)
	at org.nutz.ioc.impl.NutIoc.get(NutIoc.java:210)
	at org.nutz.ioc.impl.NutIoc.get(NutIoc.java:239)
	at org.nutz.ioc.java.IocObjectNode.getValue(IocObjectNode.java:19)
	at org.nutz.ioc.java.ChainNode.eval(ChainNode.java:24)
	at org.nutz.ioc.java.ChainNode.eval(ChainNode.java:19)
	at org.nutz.ioc.val.JavaValue.get(JavaValue.java:69)
	at org.nutz.ioc.weaver.FieldInjector.inject(FieldInjector.java:32)
	at org.nutz.ioc.weaver.DefaultWeaver.fill(DefaultWeaver.java:56)
	at org.nutz.ioc.impl.ObjectMakerImpl.make(ObjectMakerImpl.java:136)
	at org.nutz.ioc.impl.NutIoc.get(NutIoc.java:210)
	at org.nutz.ioc.val.ReferValue.get(ReferValue.java:24)
	at org.nutz.ioc.impl.ObjectMakerImpl.make(ObjectMakerImpl.java:62)
	at org.nutz.ioc.impl.NutIoc.get(NutIoc.java:210)
	at org.nutz.ioc.impl.NutIoc.get(NutIoc.java:239)
	at org.nutz.dao.test.DaoCase.setUp(DaoCase.java:22)
	at sun.reflect.GeneratedMethodAccessor23.invoke(Unknown Source)
	at sun.reflect.DelegatingMethodAccessorImpl.invoke(DelegatingMethodAccessorImpl.java:43)
	at java.lang.reflect.Method.invoke(Method.java:498)
	at org.junit.runners.model.FrameworkMethod$1.runReflectiveCall(FrameworkMethod.java:44)
	at org.junit.internal.runners.model.ReflectiveCallable.run(ReflectiveCallable.java:15)
	at org.junit.runners.model.FrameworkMethod.invokeExplosively(FrameworkMethod.java:41)
	at org.junit.internal.runners.statements.RunBefores.evaluate(RunBefores.java:27)
	at org.junit.internal.runners.statements.RunAfters.evaluate(RunAfters.java:31)
	at org.junit.runners.BlockJUnit4ClassRunner.runNotIgnored(BlockJUnit4ClassRunner.java:79)
	at org.junit.runners.BlockJUnit4ClassRunner.runChild(BlockJUnit4ClassRunner.java:71)
	at org.junit.runners.BlockJUnit4ClassRunner.runChild(BlockJUnit4ClassRunner.java:49)
	at org.junit.runners.ParentRunner$3.run(ParentRunner.java:193)
	at org.junit.runners.ParentRunner$1.schedule(ParentRunner.java:52)
	at org.junit.runners.ParentRunner.runChildren(ParentRunner.java:191)
	at org.junit.runners.ParentRunner.access$000(ParentRunner.java:42)
	at org.junit.runners.ParentRunner$2.evaluate(ParentRunner.java:184)
	at org.junit.runners.ParentRunner.run(ParentRunner.java:236)
	at org.apache.maven.surefire.junit4.JUnit4Provider.execute(JUnit4Provider.java:283)
	at org.apache.maven.surefire.junit4.JUnit4Provider.executeWithRerun(JUnit4Provider.java:173)
	at org.apache.maven.surefire.junit4.JUnit4Provider.executeTestSet(JUnit4Provider.java:153)
	at org.apache.maven.surefire.junit4.JUnit4Provider.invoke(JUnit4Provider.java:128)
	at org.apache.maven.surefire.booter.ForkedBooter.invokeProviderInSameClassLoader(ForkedBooter.java:203)
	at org.apache.maven.surefire.booter.ForkedBooter.runSuitesInProcess(ForkedBooter.java:155)
	at org.apache.maven.surefire.booter.ForkedBooter.main(ForkedBooter.java:103)
Caused by: java.lang.RuntimeException: Fail to set '[nutz-test.properties]'[ [Ljava.lang.String;@50b93353 ] by setter org.nutz.ioc.impl.PropertiesProxy.'setPaths()' because [java.lang.RuntimeException: folder or file like '^.+[.]properties$' no found in nutz-test.properties]: folder or file like '^.+[.]properties$' no found in nutz-test.properties
	at org.nutz.lang.Lang.wrapThrow(Lang.java:167)
	at org.nutz.lang.inject.InjectBySetter.inject(InjectBySetter.java:62)
	at org.nutz.ioc.weaver.FieldInjector.inject(FieldInjector.java:33)
	at org.nutz.ioc.weaver.DefaultWeaver.fill(DefaultWeaver.java:56)
	at org.nutz.ioc.impl.ObjectMakerImpl.make(ObjectMakerImpl.java:136)
	at org.nutz.ioc.impl.NutIoc.get(NutIoc.java:210)
	at org.nutz.ioc.impl.NutIoc.get(NutIoc.java:239)
	at org.nutz.ioc.java.IocObjectNode.getValue(IocObjectNode.java:19)
	at org.nutz.ioc.java.ChainNode.eval(ChainNode.java:24)
	at org.nutz.ioc.java.ChainNode.eval(ChainNode.java:19)
	at org.nutz.ioc.val.JavaValue.get(JavaValue.java:69)
	at org.nutz.ioc.weaver.FieldInjector.inject(FieldInjector.java:32)
	at org.nutz.ioc.weaver.DefaultWeaver.fill(DefaultWeaver.java:56)
	at org.nutz.ioc.impl.ObjectMakerImpl.make(ObjectMakerImpl.java:136)
	at org.nutz.ioc.impl.NutIoc.get(NutIoc.java:210)
	at org.nutz.ioc.val.ReferValue.get(ReferValue.java:24)
	at org.nutz.ioc.impl.ObjectMakerImpl.make(ObjectMakerImpl.java:62)
	at org.nutz.ioc.impl.NutIoc.get(NutIoc.java:210)
	at org.nutz.ioc.impl.NutIoc.get(NutIoc.java:239)
	at org.nutz.dao.test.DaoCase.setUp(DaoCase.java:22)
	at sun.reflect.GeneratedMethodAccessor23.invoke(Unknown Source)
	at sun.reflect.DelegatingMethodAccessorImpl.invoke(DelegatingMethodAccessorImpl.java:43)
	at java.lang.reflect.Method.invoke(Method.java:498)
	at org.junit.runners.model.FrameworkMethod$1.runReflectiveCall(FrameworkMethod.java:44)
	at org.junit.internal.runners.model.ReflectiveCallable.run(ReflectiveCallable.java:15)
	at org.junit.runners.model.FrameworkMethod.invokeExplosively(FrameworkMethod.java:41)
	at org.junit.internal.runners.statements.RunBefores.evaluate(RunBefores.java:27)
	at org.junit.internal.runners.statements.RunAfters.evaluate(RunAfters.java:31)
	at org.junit.runners.BlockJUnit4ClassRunner.runNotIgnored(BlockJUnit4ClassRunner.java:79)
	at org.junit.runners.BlockJUnit4ClassRunner.runChild(BlockJUnit4ClassRunner.java:71)
	at org.junit.runners.BlockJUnit4ClassRunner.runChild(BlockJUnit4ClassRunner.java:49)
	at org.junit.runners.ParentRunner$3.run(ParentRunner.java:193)
	at org.junit.runners.ParentRunner$1.schedule(ParentRunner.java:52)
	at org.junit.runners.ParentRunner.runChildren(ParentRunner.java:191)
	at org.junit.runners.ParentRunner.access$000(ParentRunner.java:42)
	at org.junit.runners.ParentRunner$2.evaluate(ParentRunner.java:184)
	at org.junit.runners.ParentRunner.run(ParentRunner.java:236)
	at org.apache.maven.surefire.junit4.JUnit4Provider.execute(JUnit4Provider.java:283)
	at org.apache.maven.surefire.junit4.JUnit4Provider.executeWithRerun(JUnit4Provider.java:173)
	at org.apache.maven.surefire.junit4.JUnit4Provider.executeTestSet(JUnit4Provider.java:153)
	at org.apache.maven.surefire.junit4.JUnit4Provider.invoke(JUnit4Provider.java:128)
	at org.apache.maven.surefire.booter.ForkedBooter.invokeProviderInSameClassLoader(ForkedBooter.java:203)
	at org.apache.maven.surefire.booter.ForkedBooter.runSuitesInProcess(ForkedBooter.java:155)
	at org.apache.maven.surefire.booter.ForkedBooter.main(ForkedBooter.java:103)
Caused by: java.lang.RuntimeException: folder or file like '^.+[.]properties$' no found in nutz-test.properties
	at org.nutz.lang.Lang.makeThrow(Lang.java:151)
	at org.nutz.resource.Scans.loadResource(Scans.java:112)
	at org.nutz.ioc.impl.PropertiesProxy.getResources(PropertiesProxy.java:153)
	at org.nutz.ioc.impl.PropertiesProxy.setPaths(PropertiesProxy.java:109)
	at org.nutz.ioc.impl.PropertiesProxy$FM$setPaths$d0275b2b871e237a38f11859247d1599.invoke(PropertiesProxy.java)
	at org.nutz.lang.inject.InjectBySetter.inject(InjectBySetter.java:51)
	at org.nutz.ioc.weaver.FieldInjector.inject(FieldInjector.java:33)
	at org.nutz.ioc.weaver.DefaultWeaver.fill(DefaultWeaver.java:56)
	at org.nutz.ioc.impl.ObjectMakerImpl.make(ObjectMakerImpl.java:136)
	at org.nutz.ioc.impl.NutIoc.get(NutIoc.java:210)
	at org.nutz.ioc.impl.NutIoc.get(NutIoc.java:239)
	at org.nutz.ioc.java.IocObjectNode.getValue(IocObjectNode.java:19)
	at org.nutz.ioc.java.ChainNode.eval(ChainNode.java:24)
	at org.nutz.ioc.java.ChainNode.eval(ChainNode.java:19)
	at org.nutz.ioc.val.JavaValue.get(JavaValue.java:69)
	at org.nutz.ioc.weaver.FieldInjector.inject(FieldInjector.java:32)
	at org.nutz.ioc.weaver.DefaultWeaver.fill(DefaultWeaver.java:56)
	at org.nutz.ioc.impl.ObjectMakerImpl.make(ObjectMakerImpl.java:136)
	at org.nutz.ioc.impl.NutIoc.get(NutIoc.java:210)
	at org.nutz.ioc.val.ReferValue.get(ReferValue.java:24)
	at org.nutz.ioc.impl.ObjectMakerImpl.make(ObjectMakerImpl.java:62)
	at org.nutz.ioc.impl.NutIoc.get(NutIoc.java:210)
	at org.nutz.ioc.impl.NutIoc.get(NutIoc.java:239)
	at org.nutz.dao.test.DaoCase.setUp(DaoCase.java:22)
	at sun.reflect.GeneratedMethodAccessor23.invoke(Unknown Source)
	at sun.reflect.DelegatingMethodAccessorImpl.invoke(DelegatingMethodAccessorImpl.java:43)
	at java.lang.reflect.Method.invoke(Method.java:498)
	at org.junit.runners.model.FrameworkMethod$1.runReflectiveCall(FrameworkMethod.java:44)
	at org.junit.internal.runners.model.ReflectiveCallable.run(ReflectiveCallable.java:15)
	at org.junit.runners.model.FrameworkMethod.invokeExplosively(FrameworkMethod.java:41)
	at org.junit.internal.runners.statements.RunBefores.evaluate(RunBefores.java:27)
	at org.junit.internal.runners.statements.RunAfters.evaluate(RunAfters.java:31)
	at org.junit.runners.BlockJUnit4ClassRunner.runNotIgnored(BlockJUnit4ClassRunner.java:79)
	at org.junit.runners.BlockJUnit4ClassRunner.runChild(BlockJUnit4ClassRunner.java:71)
	at org.junit.runners.BlockJUnit4ClassRunner.runChild(BlockJUnit4ClassRunner.java:49)
	at org.junit.runners.ParentRunner$3.run(ParentRunner.java:193)
	at org.junit.runners.ParentRunner$1.schedule(ParentRunner.java:52)
	at org.junit.runners.ParentRunner.runChildren(ParentRunner.java:191)
	at org.junit.runners.ParentRunner.access$000(ParentRunner.java:42)
	at org.junit.runners.ParentRunner$2.evaluate(ParentRunner.java:184)
	at org.junit.runners.ParentRunner.run(ParentRunner.java:236)
	at org.apache.maven.surefire.junit4.JUnit4Provider.execute(JUnit4Provider.java:283)
	at org.apache.maven.surefire.junit4.JUnit4Provider.executeWithRerun(JUnit4Provider.java:173)
	at org.apache.maven.surefire.junit4.JUnit4Provider.executeTestSet(JUnit4Provider.java:153)
	at org.apache.maven.surefire.junit4.JUnit4Provider.invoke(JUnit4Provider.java:128)
	at org.apache.maven.surefire.booter.ForkedBooter.invokeProviderInSameClassLoader(ForkedBooter.java:203)
	at org.apache.maven.surefire.booter.ForkedBooter.runSuitesInProcess(ForkedBooter.java:155)
	at org.apache.maven.surefire.booter.ForkedBooter.main(ForkedBooter.java:103)
</error>
  </testcase>
  <testcase name="test_record_treemap" classname="org.nutz.dao.test.normal.SimpleDaoTest" time="0">
    <error message="IocBean[dao -&gt; dataSource] throw Exception when creating" type="org.nutz.ioc.IocException">org.nutz.ioc.IocException: IocBean[dao -> dataSource] throw Exception when creating
	at org.nutz.ioc.impl.ObjectMakerImpl.make(ObjectMakerImpl.java:150)
	at org.nutz.ioc.impl.NutIoc.get(NutIoc.java:210)
	at org.nutz.ioc.val.ReferValue.get(ReferValue.java:24)
	at org.nutz.ioc.impl.ObjectMakerImpl.make(ObjectMakerImpl.java:62)
	at org.nutz.ioc.impl.NutIoc.get(NutIoc.java:210)
	at org.nutz.ioc.impl.NutIoc.get(NutIoc.java:239)
	at org.nutz.dao.test.DaoCase.setUp(DaoCase.java:22)
	at sun.reflect.GeneratedMethodAccessor23.invoke(Unknown Source)
	at sun.reflect.DelegatingMethodAccessorImpl.invoke(DelegatingMethodAccessorImpl.java:43)
	at java.lang.reflect.Method.invoke(Method.java:498)
	at org.junit.runners.model.FrameworkMethod$1.runReflectiveCall(FrameworkMethod.java:44)
	at org.junit.internal.runners.model.ReflectiveCallable.run(ReflectiveCallable.java:15)
	at org.junit.runners.model.FrameworkMethod.invokeExplosively(FrameworkMethod.java:41)
	at org.junit.internal.runners.statements.RunBefores.evaluate(RunBefores.java:27)
	at org.junit.internal.runners.statements.RunAfters.evaluate(RunAfters.java:31)
	at org.junit.runners.BlockJUnit4ClassRunner.runNotIgnored(BlockJUnit4ClassRunner.java:79)
	at org.junit.runners.BlockJUnit4ClassRunner.runChild(BlockJUnit4ClassRunner.java:71)
	at org.junit.runners.BlockJUnit4ClassRunner.runChild(BlockJUnit4ClassRunner.java:49)
	at org.junit.runners.ParentRunner$3.run(ParentRunner.java:193)
	at org.junit.runners.ParentRunner$1.schedule(ParentRunner.java:52)
	at org.junit.runners.ParentRunner.runChildren(ParentRunner.java:191)
	at org.junit.runners.ParentRunner.access$000(ParentRunner.java:42)
	at org.junit.runners.ParentRunner$2.evaluate(ParentRunner.java:184)
	at org.junit.runners.ParentRunner.run(ParentRunner.java:236)
	at org.apache.maven.surefire.junit4.JUnit4Provider.execute(JUnit4Provider.java:283)
	at org.apache.maven.surefire.junit4.JUnit4Provider.executeWithRerun(JUnit4Provider.java:173)
	at org.apache.maven.surefire.junit4.JUnit4Provider.executeTestSet(JUnit4Provider.java:153)
	at org.apache.maven.surefire.junit4.JUnit4Provider.invoke(JUnit4Provider.java:128)
	at org.apache.maven.surefire.booter.ForkedBooter.invokeProviderInSameClassLoader(ForkedBooter.java:203)
	at org.apache.maven.surefire.booter.ForkedBooter.runSuitesInProcess(ForkedBooter.java:155)
	at org.apache.maven.surefire.booter.ForkedBooter.main(ForkedBooter.java:103)
Caused by: java.lang.RuntimeException: IocBean[dataSource] fail at field=[driverClassName]
	at org.nutz.ioc.weaver.FieldInjector.inject(FieldInjector.java:40)
	at org.nutz.ioc.weaver.DefaultWeaver.fill(DefaultWeaver.java:56)
	at org.nutz.ioc.impl.ObjectMakerImpl.make(ObjectMakerImpl.java:136)
	at org.nutz.ioc.impl.NutIoc.get(NutIoc.java:210)
	at org.nutz.ioc.val.ReferValue.get(ReferValue.java:24)
	at org.nutz.ioc.impl.ObjectMakerImpl.make(ObjectMakerImpl.java:62)
	at org.nutz.ioc.impl.NutIoc.get(NutIoc.java:210)
	at org.nutz.ioc.impl.NutIoc.get(NutIoc.java:239)
	at org.nutz.dao.test.DaoCase.setUp(DaoCase.java:22)
	at sun.reflect.GeneratedMethodAccessor23.invoke(Unknown Source)
	at sun.reflect.DelegatingMethodAccessorImpl.invoke(DelegatingMethodAccessorImpl.java:43)
	at java.lang.reflect.Method.invoke(Method.java:498)
	at org.junit.runners.model.FrameworkMethod$1.runReflectiveCall(FrameworkMethod.java:44)
	at org.junit.internal.runners.model.ReflectiveCallable.run(ReflectiveCallable.java:15)
	at org.junit.runners.model.FrameworkMethod.invokeExplosively(FrameworkMethod.java:41)
	at org.junit.internal.runners.statements.RunBefores.evaluate(RunBefores.java:27)
	at org.junit.internal.runners.statements.RunAfters.evaluate(RunAfters.java:31)
	at org.junit.runners.BlockJUnit4ClassRunner.runNotIgnored(BlockJUnit4ClassRunner.java:79)
	at org.junit.runners.BlockJUnit4ClassRunner.runChild(BlockJUnit4ClassRunner.java:71)
	at org.junit.runners.BlockJUnit4ClassRunner.runChild(BlockJUnit4ClassRunner.java:49)
	at org.junit.runners.ParentRunner$3.run(ParentRunner.java:193)
	at org.junit.runners.ParentRunner$1.schedule(ParentRunner.java:52)
	at org.junit.runners.ParentRunner.runChildren(ParentRunner.java:191)
	at org.junit.runners.ParentRunner.access$000(ParentRunner.java:42)
	at org.junit.runners.ParentRunner$2.evaluate(ParentRunner.java:184)
	at org.junit.runners.ParentRunner.run(ParentRunner.java:236)
	at org.apache.maven.surefire.junit4.JUnit4Provider.execute(JUnit4Provider.java:283)
	at org.apache.maven.surefire.junit4.JUnit4Provider.executeWithRerun(JUnit4Provider.java:173)
	at org.apache.maven.surefire.junit4.JUnit4Provider.executeTestSet(JUnit4Provider.java:153)
	at org.apache.maven.surefire.junit4.JUnit4Provider.invoke(JUnit4Provider.java:128)
	at org.apache.maven.surefire.booter.ForkedBooter.invokeProviderInSameClassLoader(ForkedBooter.java:203)
	at org.apache.maven.surefire.booter.ForkedBooter.runSuitesInProcess(ForkedBooter.java:155)
	at org.apache.maven.surefire.booter.ForkedBooter.main(ForkedBooter.java:103)
Caused by: org.nutz.ioc.IocException: IocBean[config] throw Exception when creating
	at org.nutz.ioc.impl.ObjectMakerImpl.make(ObjectMakerImpl.java:150)
	at org.nutz.ioc.impl.NutIoc.get(NutIoc.java:210)
	at org.nutz.ioc.impl.NutIoc.get(NutIoc.java:239)
	at org.nutz.ioc.java.IocObjectNode.getValue(IocObjectNode.java:19)
	at org.nutz.ioc.java.ChainNode.eval(ChainNode.java:24)
	at org.nutz.ioc.java.ChainNode.eval(ChainNode.java:19)
	at org.nutz.ioc.val.JavaValue.get(JavaValue.java:69)
	at org.nutz.ioc.weaver.FieldInjector.inject(FieldInjector.java:32)
	at org.nutz.ioc.weaver.DefaultWeaver.fill(DefaultWeaver.java:56)
	at org.nutz.ioc.impl.ObjectMakerImpl.make(ObjectMakerImpl.java:136)
	at org.nutz.ioc.impl.NutIoc.get(NutIoc.java:210)
	at org.nutz.ioc.val.ReferValue.get(ReferValue.java:24)
	at org.nutz.ioc.impl.ObjectMakerImpl.make(ObjectMakerImpl.java:62)
	at org.nutz.ioc.impl.NutIoc.get(NutIoc.java:210)
	at org.nutz.ioc.impl.NutIoc.get(NutIoc.java:239)
	at org.nutz.dao.test.DaoCase.setUp(DaoCase.java:22)
	at sun.reflect.GeneratedMethodAccessor23.invoke(Unknown Source)
	at sun.reflect.DelegatingMethodAccessorImpl.invoke(DelegatingMethodAccessorImpl.java:43)
	at java.lang.reflect.Method.invoke(Method.java:498)
	at org.junit.runners.model.FrameworkMethod$1.runReflectiveCall(FrameworkMethod.java:44)
	at org.junit.internal.runners.model.ReflectiveCallable.run(ReflectiveCallable.java:15)
	at org.junit.runners.model.FrameworkMethod.invokeExplosively(FrameworkMethod.java:41)
	at org.junit.internal.runners.statements.RunBefores.evaluate(RunBefores.java:27)
	at org.junit.internal.runners.statements.RunAfters.evaluate(RunAfters.java:31)
	at org.junit.runners.BlockJUnit4ClassRunner.runNotIgnored(BlockJUnit4ClassRunner.java:79)
	at org.junit.runners.BlockJUnit4ClassRunner.runChild(BlockJUnit4ClassRunner.java:71)
	at org.junit.runners.BlockJUnit4ClassRunner.runChild(BlockJUnit4ClassRunner.java:49)
	at org.junit.runners.ParentRunner$3.run(ParentRunner.java:193)
	at org.junit.runners.ParentRunner$1.schedule(ParentRunner.java:52)
	at org.junit.runners.ParentRunner.runChildren(ParentRunner.java:191)
	at org.junit.runners.ParentRunner.access$000(ParentRunner.java:42)
	at org.junit.runners.ParentRunner$2.evaluate(ParentRunner.java:184)
	at org.junit.runners.ParentRunner.run(ParentRunner.java:236)
	at org.apache.maven.surefire.junit4.JUnit4Provider.execute(JUnit4Provider.java:283)
	at org.apache.maven.surefire.junit4.JUnit4Provider.executeWithRerun(JUnit4Provider.java:173)
	at org.apache.maven.surefire.junit4.JUnit4Provider.executeTestSet(JUnit4Provider.java:153)
	at org.apache.maven.surefire.junit4.JUnit4Provider.invoke(JUnit4Provider.java:128)
	at org.apache.maven.surefire.booter.ForkedBooter.invokeProviderInSameClassLoader(ForkedBooter.java:203)
	at org.apache.maven.surefire.booter.ForkedBooter.runSuitesInProcess(ForkedBooter.java:155)
	at org.apache.maven.surefire.booter.ForkedBooter.main(ForkedBooter.java:103)
Caused by: java.lang.RuntimeException: IocBean[config] fail at field=[paths]
	at org.nutz.ioc.weaver.FieldInjector.inject(FieldInjector.java:40)
	at org.nutz.ioc.weaver.DefaultWeaver.fill(DefaultWeaver.java:56)
	at org.nutz.ioc.impl.ObjectMakerImpl.make(ObjectMakerImpl.java:136)
	at org.nutz.ioc.impl.NutIoc.get(NutIoc.java:210)
	at org.nutz.ioc.impl.NutIoc.get(NutIoc.java:239)
	at org.nutz.ioc.java.IocObjectNode.getValue(IocObjectNode.java:19)
	at org.nutz.ioc.java.ChainNode.eval(ChainNode.java:24)
	at org.nutz.ioc.java.ChainNode.eval(ChainNode.java:19)
	at org.nutz.ioc.val.JavaValue.get(JavaValue.java:69)
	at org.nutz.ioc.weaver.FieldInjector.inject(FieldInjector.java:32)
	at org.nutz.ioc.weaver.DefaultWeaver.fill(DefaultWeaver.java:56)
	at org.nutz.ioc.impl.ObjectMakerImpl.make(ObjectMakerImpl.java:136)
	at org.nutz.ioc.impl.NutIoc.get(NutIoc.java:210)
	at org.nutz.ioc.val.ReferValue.get(ReferValue.java:24)
	at org.nutz.ioc.impl.ObjectMakerImpl.make(ObjectMakerImpl.java:62)
	at org.nutz.ioc.impl.NutIoc.get(NutIoc.java:210)
	at org.nutz.ioc.impl.NutIoc.get(NutIoc.java:239)
	at org.nutz.dao.test.DaoCase.setUp(DaoCase.java:22)
	at sun.reflect.GeneratedMethodAccessor23.invoke(Unknown Source)
	at sun.reflect.DelegatingMethodAccessorImpl.invoke(DelegatingMethodAccessorImpl.java:43)
	at java.lang.reflect.Method.invoke(Method.java:498)
	at org.junit.runners.model.FrameworkMethod$1.runReflectiveCall(FrameworkMethod.java:44)
	at org.junit.internal.runners.model.ReflectiveCallable.run(ReflectiveCallable.java:15)
	at org.junit.runners.model.FrameworkMethod.invokeExplosively(FrameworkMethod.java:41)
	at org.junit.internal.runners.statements.RunBefores.evaluate(RunBefores.java:27)
	at org.junit.internal.runners.statements.RunAfters.evaluate(RunAfters.java:31)
	at org.junit.runners.BlockJUnit4ClassRunner.runNotIgnored(BlockJUnit4ClassRunner.java:79)
	at org.junit.runners.BlockJUnit4ClassRunner.runChild(BlockJUnit4ClassRunner.java:71)
	at org.junit.runners.BlockJUnit4ClassRunner.runChild(BlockJUnit4ClassRunner.java:49)
	at org.junit.runners.ParentRunner$3.run(ParentRunner.java:193)
	at org.junit.runners.ParentRunner$1.schedule(ParentRunner.java:52)
	at org.junit.runners.ParentRunner.runChildren(ParentRunner.java:191)
	at org.junit.runners.ParentRunner.access$000(ParentRunner.java:42)
	at org.junit.runners.ParentRunner$2.evaluate(ParentRunner.java:184)
	at org.junit.runners.ParentRunner.run(ParentRunner.java:236)
	at org.apache.maven.surefire.junit4.JUnit4Provider.execute(JUnit4Provider.java:283)
	at org.apache.maven.surefire.junit4.JUnit4Provider.executeWithRerun(JUnit4Provider.java:173)
	at org.apache.maven.surefire.junit4.JUnit4Provider.executeTestSet(JUnit4Provider.java:153)
	at org.apache.maven.surefire.junit4.JUnit4Provider.invoke(JUnit4Provider.java:128)
	at org.apache.maven.surefire.booter.ForkedBooter.invokeProviderInSameClassLoader(ForkedBooter.java:203)
	at org.apache.maven.surefire.booter.ForkedBooter.runSuitesInProcess(ForkedBooter.java:155)
	at org.apache.maven.surefire.booter.ForkedBooter.main(ForkedBooter.java:103)
Caused by: java.lang.RuntimeException: Fail to set '[nutz-test.properties]'[ [Ljava.lang.String;@44286963 ] by setter org.nutz.ioc.impl.PropertiesProxy.'setPaths()' because [java.lang.RuntimeException: folder or file like '^.+[.]properties$' no found in nutz-test.properties]: folder or file like '^.+[.]properties$' no found in nutz-test.properties
	at org.nutz.lang.Lang.wrapThrow(Lang.java:167)
	at org.nutz.lang.inject.InjectBySetter.inject(InjectBySetter.java:62)
	at org.nutz.ioc.weaver.FieldInjector.inject(FieldInjector.java:33)
	at org.nutz.ioc.weaver.DefaultWeaver.fill(DefaultWeaver.java:56)
	at org.nutz.ioc.impl.ObjectMakerImpl.make(ObjectMakerImpl.java:136)
	at org.nutz.ioc.impl.NutIoc.get(NutIoc.java:210)
	at org.nutz.ioc.impl.NutIoc.get(NutIoc.java:239)
	at org.nutz.ioc.java.IocObjectNode.getValue(IocObjectNode.java:19)
	at org.nutz.ioc.java.ChainNode.eval(ChainNode.java:24)
	at org.nutz.ioc.java.ChainNode.eval(ChainNode.java:19)
	at org.nutz.ioc.val.JavaValue.get(JavaValue.java:69)
	at org.nutz.ioc.weaver.FieldInjector.inject(FieldInjector.java:32)
	at org.nutz.ioc.weaver.DefaultWeaver.fill(DefaultWeaver.java:56)
	at org.nutz.ioc.impl.ObjectMakerImpl.make(ObjectMakerImpl.java:136)
	at org.nutz.ioc.impl.NutIoc.get(NutIoc.java:210)
	at org.nutz.ioc.val.ReferValue.get(ReferValue.java:24)
	at org.nutz.ioc.impl.ObjectMakerImpl.make(ObjectMakerImpl.java:62)
	at org.nutz.ioc.impl.NutIoc.get(NutIoc.java:210)
	at org.nutz.ioc.impl.NutIoc.get(NutIoc.java:239)
	at org.nutz.dao.test.DaoCase.setUp(DaoCase.java:22)
	at sun.reflect.GeneratedMethodAccessor23.invoke(Unknown Source)
	at sun.reflect.DelegatingMethodAccessorImpl.invoke(DelegatingMethodAccessorImpl.java:43)
	at java.lang.reflect.Method.invoke(Method.java:498)
	at org.junit.runners.model.FrameworkMethod$1.runReflectiveCall(FrameworkMethod.java:44)
	at org.junit.internal.runners.model.ReflectiveCallable.run(ReflectiveCallable.java:15)
	at org.junit.runners.model.FrameworkMethod.invokeExplosively(FrameworkMethod.java:41)
	at org.junit.internal.runners.statements.RunBefores.evaluate(RunBefores.java:27)
	at org.junit.internal.runners.statements.RunAfters.evaluate(RunAfters.java:31)
	at org.junit.runners.BlockJUnit4ClassRunner.runNotIgnored(BlockJUnit4ClassRunner.java:79)
	at org.junit.runners.BlockJUnit4ClassRunner.runChild(BlockJUnit4ClassRunner.java:71)
	at org.junit.runners.BlockJUnit4ClassRunner.runChild(BlockJUnit4ClassRunner.java:49)
	at org.junit.runners.ParentRunner$3.run(ParentRunner.java:193)
	at org.junit.runners.ParentRunner$1.schedule(ParentRunner.java:52)
	at org.junit.runners.ParentRunner.runChildren(ParentRunner.java:191)
	at org.junit.runners.ParentRunner.access$000(ParentRunner.java:42)
	at org.junit.runners.ParentRunner$2.evaluate(ParentRunner.java:184)
	at org.junit.runners.ParentRunner.run(ParentRunner.java:236)
	at org.apache.maven.surefire.junit4.JUnit4Provider.execute(JUnit4Provider.java:283)
	at org.apache.maven.surefire.junit4.JUnit4Provider.executeWithRerun(JUnit4Provider.java:173)
	at org.apache.maven.surefire.junit4.JUnit4Provider.executeTestSet(JUnit4Provider.java:153)
	at org.apache.maven.surefire.junit4.JUnit4Provider.invoke(JUnit4Provider.java:128)
	at org.apache.maven.surefire.booter.ForkedBooter.invokeProviderInSameClassLoader(ForkedBooter.java:203)
	at org.apache.maven.surefire.booter.ForkedBooter.runSuitesInProcess(ForkedBooter.java:155)
	at org.apache.maven.surefire.booter.ForkedBooter.main(ForkedBooter.java:103)
Caused by: java.lang.RuntimeException: folder or file like '^.+[.]properties$' no found in nutz-test.properties
	at org.nutz.lang.Lang.makeThrow(Lang.java:151)
	at org.nutz.resource.Scans.loadResource(Scans.java:112)
	at org.nutz.ioc.impl.PropertiesProxy.getResources(PropertiesProxy.java:153)
	at org.nutz.ioc.impl.PropertiesProxy.setPaths(PropertiesProxy.java:109)
	at org.nutz.ioc.impl.PropertiesProxy$FM$setPaths$d0275b2b871e237a38f11859247d1599.invoke(PropertiesProxy.java)
	at org.nutz.lang.inject.InjectBySetter.inject(InjectBySetter.java:51)
	at org.nutz.ioc.weaver.FieldInjector.inject(FieldInjector.java:33)
	at org.nutz.ioc.weaver.DefaultWeaver.fill(DefaultWeaver.java:56)
	at org.nutz.ioc.impl.ObjectMakerImpl.make(ObjectMakerImpl.java:136)
	at org.nutz.ioc.impl.NutIoc.get(NutIoc.java:210)
	at org.nutz.ioc.impl.NutIoc.get(NutIoc.java:239)
	at org.nutz.ioc.java.IocObjectNode.getValue(IocObjectNode.java:19)
	at org.nutz.ioc.java.ChainNode.eval(ChainNode.java:24)
	at org.nutz.ioc.java.ChainNode.eval(ChainNode.java:19)
	at org.nutz.ioc.val.JavaValue.get(JavaValue.java:69)
	at org.nutz.ioc.weaver.FieldInjector.inject(FieldInjector.java:32)
	at org.nutz.ioc.weaver.DefaultWeaver.fill(DefaultWeaver.java:56)
	at org.nutz.ioc.impl.ObjectMakerImpl.make(ObjectMakerImpl.java:136)
	at org.nutz.ioc.impl.NutIoc.get(NutIoc.java:210)
	at org.nutz.ioc.val.ReferValue.get(ReferValue.java:24)
	at org.nutz.ioc.impl.ObjectMakerImpl.make(ObjectMakerImpl.java:62)
	at org.nutz.ioc.impl.NutIoc.get(NutIoc.java:210)
	at org.nutz.ioc.impl.NutIoc.get(NutIoc.java:239)
	at org.nutz.dao.test.DaoCase.setUp(DaoCase.java:22)
	at sun.reflect.GeneratedMethodAccessor23.invoke(Unknown Source)
	at sun.reflect.DelegatingMethodAccessorImpl.invoke(DelegatingMethodAccessorImpl.java:43)
	at java.lang.reflect.Method.invoke(Method.java:498)
	at org.junit.runners.model.FrameworkMethod$1.runReflectiveCall(FrameworkMethod.java:44)
	at org.junit.internal.runners.model.ReflectiveCallable.run(ReflectiveCallable.java:15)
	at org.junit.runners.model.FrameworkMethod.invokeExplosively(FrameworkMethod.java:41)
	at org.junit.internal.runners.statements.RunBefores.evaluate(RunBefores.java:27)
	at org.junit.internal.runners.statements.RunAfters.evaluate(RunAfters.java:31)
	at org.junit.runners.BlockJUnit4ClassRunner.runNotIgnored(BlockJUnit4ClassRunner.java:79)
	at org.junit.runners.BlockJUnit4ClassRunner.runChild(BlockJUnit4ClassRunner.java:71)
	at org.junit.runners.BlockJUnit4ClassRunner.runChild(BlockJUnit4ClassRunner.java:49)
	at org.junit.runners.ParentRunner$3.run(ParentRunner.java:193)
	at org.junit.runners.ParentRunner$1.schedule(ParentRunner.java:52)
	at org.junit.runners.ParentRunner.runChildren(ParentRunner.java:191)
	at org.junit.runners.ParentRunner.access$000(ParentRunner.java:42)
	at org.junit.runners.ParentRunner$2.evaluate(ParentRunner.java:184)
	at org.junit.runners.ParentRunner.run(ParentRunner.java:236)
	at org.apache.maven.surefire.junit4.JUnit4Provider.execute(JUnit4Provider.java:283)
	at org.apache.maven.surefire.junit4.JUnit4Provider.executeWithRerun(JUnit4Provider.java:173)
	at org.apache.maven.surefire.junit4.JUnit4Provider.executeTestSet(JUnit4Provider.java:153)
	at org.apache.maven.surefire.junit4.JUnit4Provider.invoke(JUnit4Provider.java:128)
	at org.apache.maven.surefire.booter.ForkedBooter.invokeProviderInSameClassLoader(ForkedBooter.java:203)
	at org.apache.maven.surefire.booter.ForkedBooter.runSuitesInProcess(ForkedBooter.java:155)
	at org.apache.maven.surefire.booter.ForkedBooter.main(ForkedBooter.java:103)
</error>
  </testcase>
  <testcase name="test_issue_1163" classname="org.nutz.dao.test.normal.SimpleDaoTest" time="0">
    <error message="IocBean[dao -&gt; dataSource] throw Exception when creating" type="org.nutz.ioc.IocException">org.nutz.ioc.IocException: IocBean[dao -> dataSource] throw Exception when creating
	at org.nutz.ioc.impl.ObjectMakerImpl.make(ObjectMakerImpl.java:150)
	at org.nutz.ioc.impl.NutIoc.get(NutIoc.java:210)
	at org.nutz.ioc.val.ReferValue.get(ReferValue.java:24)
	at org.nutz.ioc.impl.ObjectMakerImpl.make(ObjectMakerImpl.java:62)
	at org.nutz.ioc.impl.NutIoc.get(NutIoc.java:210)
	at org.nutz.ioc.impl.NutIoc.get(NutIoc.java:239)
	at org.nutz.dao.test.DaoCase.setUp(DaoCase.java:22)
	at sun.reflect.GeneratedMethodAccessor23.invoke(Unknown Source)
	at sun.reflect.DelegatingMethodAccessorImpl.invoke(DelegatingMethodAccessorImpl.java:43)
	at java.lang.reflect.Method.invoke(Method.java:498)
	at org.junit.runners.model.FrameworkMethod$1.runReflectiveCall(FrameworkMethod.java:44)
	at org.junit.internal.runners.model.ReflectiveCallable.run(ReflectiveCallable.java:15)
	at org.junit.runners.model.FrameworkMethod.invokeExplosively(FrameworkMethod.java:41)
	at org.junit.internal.runners.statements.RunBefores.evaluate(RunBefores.java:27)
	at org.junit.internal.runners.statements.RunAfters.evaluate(RunAfters.java:31)
	at org.junit.runners.BlockJUnit4ClassRunner.runNotIgnored(BlockJUnit4ClassRunner.java:79)
	at org.junit.runners.BlockJUnit4ClassRunner.runChild(BlockJUnit4ClassRunner.java:71)
	at org.junit.runners.BlockJUnit4ClassRunner.runChild(BlockJUnit4ClassRunner.java:49)
	at org.junit.runners.ParentRunner$3.run(ParentRunner.java:193)
	at org.junit.runners.ParentRunner$1.schedule(ParentRunner.java:52)
	at org.junit.runners.ParentRunner.runChildren(ParentRunner.java:191)
	at org.junit.runners.ParentRunner.access$000(ParentRunner.java:42)
	at org.junit.runners.ParentRunner$2.evaluate(ParentRunner.java:184)
	at org.junit.runners.ParentRunner.run(ParentRunner.java:236)
	at org.apache.maven.surefire.junit4.JUnit4Provider.execute(JUnit4Provider.java:283)
	at org.apache.maven.surefire.junit4.JUnit4Provider.executeWithRerun(JUnit4Provider.java:173)
	at org.apache.maven.surefire.junit4.JUnit4Provider.executeTestSet(JUnit4Provider.java:153)
	at org.apache.maven.surefire.junit4.JUnit4Provider.invoke(JUnit4Provider.java:128)
	at org.apache.maven.surefire.booter.ForkedBooter.invokeProviderInSameClassLoader(ForkedBooter.java:203)
	at org.apache.maven.surefire.booter.ForkedBooter.runSuitesInProcess(ForkedBooter.java:155)
	at org.apache.maven.surefire.booter.ForkedBooter.main(ForkedBooter.java:103)
Caused by: java.lang.RuntimeException: IocBean[dataSource] fail at field=[driverClassName]
	at org.nutz.ioc.weaver.FieldInjector.inject(FieldInjector.java:40)
	at org.nutz.ioc.weaver.DefaultWeaver.fill(DefaultWeaver.java:56)
	at org.nutz.ioc.impl.ObjectMakerImpl.make(ObjectMakerImpl.java:136)
	at org.nutz.ioc.impl.NutIoc.get(NutIoc.java:210)
	at org.nutz.ioc.val.ReferValue.get(ReferValue.java:24)
	at org.nutz.ioc.impl.ObjectMakerImpl.make(ObjectMakerImpl.java:62)
	at org.nutz.ioc.impl.NutIoc.get(NutIoc.java:210)
	at org.nutz.ioc.impl.NutIoc.get(NutIoc.java:239)
	at org.nutz.dao.test.DaoCase.setUp(DaoCase.java:22)
	at sun.reflect.GeneratedMethodAccessor23.invoke(Unknown Source)
	at sun.reflect.DelegatingMethodAccessorImpl.invoke(DelegatingMethodAccessorImpl.java:43)
	at java.lang.reflect.Method.invoke(Method.java:498)
	at org.junit.runners.model.FrameworkMethod$1.runReflectiveCall(FrameworkMethod.java:44)
	at org.junit.internal.runners.model.ReflectiveCallable.run(ReflectiveCallable.java:15)
	at org.junit.runners.model.FrameworkMethod.invokeExplosively(FrameworkMethod.java:41)
	at org.junit.internal.runners.statements.RunBefores.evaluate(RunBefores.java:27)
	at org.junit.internal.runners.statements.RunAfters.evaluate(RunAfters.java:31)
	at org.junit.runners.BlockJUnit4ClassRunner.runNotIgnored(BlockJUnit4ClassRunner.java:79)
	at org.junit.runners.BlockJUnit4ClassRunner.runChild(BlockJUnit4ClassRunner.java:71)
	at org.junit.runners.BlockJUnit4ClassRunner.runChild(BlockJUnit4ClassRunner.java:49)
	at org.junit.runners.ParentRunner$3.run(ParentRunner.java:193)
	at org.junit.runners.ParentRunner$1.schedule(ParentRunner.java:52)
	at org.junit.runners.ParentRunner.runChildren(ParentRunner.java:191)
	at org.junit.runners.ParentRunner.access$000(ParentRunner.java:42)
	at org.junit.runners.ParentRunner$2.evaluate(ParentRunner.java:184)
	at org.junit.runners.ParentRunner.run(ParentRunner.java:236)
	at org.apache.maven.surefire.junit4.JUnit4Provider.execute(JUnit4Provider.java:283)
	at org.apache.maven.surefire.junit4.JUnit4Provider.executeWithRerun(JUnit4Provider.java:173)
	at org.apache.maven.surefire.junit4.JUnit4Provider.executeTestSet(JUnit4Provider.java:153)
	at org.apache.maven.surefire.junit4.JUnit4Provider.invoke(JUnit4Provider.java:128)
	at org.apache.maven.surefire.booter.ForkedBooter.invokeProviderInSameClassLoader(ForkedBooter.java:203)
	at org.apache.maven.surefire.booter.ForkedBooter.runSuitesInProcess(ForkedBooter.java:155)
	at org.apache.maven.surefire.booter.ForkedBooter.main(ForkedBooter.java:103)
Caused by: org.nutz.ioc.IocException: IocBean[config] throw Exception when creating
	at org.nutz.ioc.impl.ObjectMakerImpl.make(ObjectMakerImpl.java:150)
	at org.nutz.ioc.impl.NutIoc.get(NutIoc.java:210)
	at org.nutz.ioc.impl.NutIoc.get(NutIoc.java:239)
	at org.nutz.ioc.java.IocObjectNode.getValue(IocObjectNode.java:19)
	at org.nutz.ioc.java.ChainNode.eval(ChainNode.java:24)
	at org.nutz.ioc.java.ChainNode.eval(ChainNode.java:19)
	at org.nutz.ioc.val.JavaValue.get(JavaValue.java:69)
	at org.nutz.ioc.weaver.FieldInjector.inject(FieldInjector.java:32)
	at org.nutz.ioc.weaver.DefaultWeaver.fill(DefaultWeaver.java:56)
	at org.nutz.ioc.impl.ObjectMakerImpl.make(ObjectMakerImpl.java:136)
	at org.nutz.ioc.impl.NutIoc.get(NutIoc.java:210)
	at org.nutz.ioc.val.ReferValue.get(ReferValue.java:24)
	at org.nutz.ioc.impl.ObjectMakerImpl.make(ObjectMakerImpl.java:62)
	at org.nutz.ioc.impl.NutIoc.get(NutIoc.java:210)
	at org.nutz.ioc.impl.NutIoc.get(NutIoc.java:239)
	at org.nutz.dao.test.DaoCase.setUp(DaoCase.java:22)
	at sun.reflect.GeneratedMethodAccessor23.invoke(Unknown Source)
	at sun.reflect.DelegatingMethodAccessorImpl.invoke(DelegatingMethodAccessorImpl.java:43)
	at java.lang.reflect.Method.invoke(Method.java:498)
	at org.junit.runners.model.FrameworkMethod$1.runReflectiveCall(FrameworkMethod.java:44)
	at org.junit.internal.runners.model.ReflectiveCallable.run(ReflectiveCallable.java:15)
	at org.junit.runners.model.FrameworkMethod.invokeExplosively(FrameworkMethod.java:41)
	at org.junit.internal.runners.statements.RunBefores.evaluate(RunBefores.java:27)
	at org.junit.internal.runners.statements.RunAfters.evaluate(RunAfters.java:31)
	at org.junit.runners.BlockJUnit4ClassRunner.runNotIgnored(BlockJUnit4ClassRunner.java:79)
	at org.junit.runners.BlockJUnit4ClassRunner.runChild(BlockJUnit4ClassRunner.java:71)
	at org.junit.runners.BlockJUnit4ClassRunner.runChild(BlockJUnit4ClassRunner.java:49)
	at org.junit.runners.ParentRunner$3.run(ParentRunner.java:193)
	at org.junit.runners.ParentRunner$1.schedule(ParentRunner.java:52)
	at org.junit.runners.ParentRunner.runChildren(ParentRunner.java:191)
	at org.junit.runners.ParentRunner.access$000(ParentRunner.java:42)
	at org.junit.runners.ParentRunner$2.evaluate(ParentRunner.java:184)
	at org.junit.runners.ParentRunner.run(ParentRunner.java:236)
	at org.apache.maven.surefire.junit4.JUnit4Provider.execute(JUnit4Provider.java:283)
	at org.apache.maven.surefire.junit4.JUnit4Provider.executeWithRerun(JUnit4Provider.java:173)
	at org.apache.maven.surefire.junit4.JUnit4Provider.executeTestSet(JUnit4Provider.java:153)
	at org.apache.maven.surefire.junit4.JUnit4Provider.invoke(JUnit4Provider.java:128)
	at org.apache.maven.surefire.booter.ForkedBooter.invokeProviderInSameClassLoader(ForkedBooter.java:203)
	at org.apache.maven.surefire.booter.ForkedBooter.runSuitesInProcess(ForkedBooter.java:155)
	at org.apache.maven.surefire.booter.ForkedBooter.main(ForkedBooter.java:103)
Caused by: java.lang.RuntimeException: IocBean[config] fail at field=[paths]
	at org.nutz.ioc.weaver.FieldInjector.inject(FieldInjector.java:40)
	at org.nutz.ioc.weaver.DefaultWeaver.fill(DefaultWeaver.java:56)
	at org.nutz.ioc.impl.ObjectMakerImpl.make(ObjectMakerImpl.java:136)
	at org.nutz.ioc.impl.NutIoc.get(NutIoc.java:210)
	at org.nutz.ioc.impl.NutIoc.get(NutIoc.java:239)
	at org.nutz.ioc.java.IocObjectNode.getValue(IocObjectNode.java:19)
	at org.nutz.ioc.java.ChainNode.eval(ChainNode.java:24)
	at org.nutz.ioc.java.ChainNode.eval(ChainNode.java:19)
	at org.nutz.ioc.val.JavaValue.get(JavaValue.java:69)
	at org.nutz.ioc.weaver.FieldInjector.inject(FieldInjector.java:32)
	at org.nutz.ioc.weaver.DefaultWeaver.fill(DefaultWeaver.java:56)
	at org.nutz.ioc.impl.ObjectMakerImpl.make(ObjectMakerImpl.java:136)
	at org.nutz.ioc.impl.NutIoc.get(NutIoc.java:210)
	at org.nutz.ioc.val.ReferValue.get(ReferValue.java:24)
	at org.nutz.ioc.impl.ObjectMakerImpl.make(ObjectMakerImpl.java:62)
	at org.nutz.ioc.impl.NutIoc.get(NutIoc.java:210)
	at org.nutz.ioc.impl.NutIoc.get(NutIoc.java:239)
	at org.nutz.dao.test.DaoCase.setUp(DaoCase.java:22)
	at sun.reflect.GeneratedMethodAccessor23.invoke(Unknown Source)
	at sun.reflect.DelegatingMethodAccessorImpl.invoke(DelegatingMethodAccessorImpl.java:43)
	at java.lang.reflect.Method.invoke(Method.java:498)
	at org.junit.runners.model.FrameworkMethod$1.runReflectiveCall(FrameworkMethod.java:44)
	at org.junit.internal.runners.model.ReflectiveCallable.run(ReflectiveCallable.java:15)
	at org.junit.runners.model.FrameworkMethod.invokeExplosively(FrameworkMethod.java:41)
	at org.junit.internal.runners.statements.RunBefores.evaluate(RunBefores.java:27)
	at org.junit.internal.runners.statements.RunAfters.evaluate(RunAfters.java:31)
	at org.junit.runners.BlockJUnit4ClassRunner.runNotIgnored(BlockJUnit4ClassRunner.java:79)
	at org.junit.runners.BlockJUnit4ClassRunner.runChild(BlockJUnit4ClassRunner.java:71)
	at org.junit.runners.BlockJUnit4ClassRunner.runChild(BlockJUnit4ClassRunner.java:49)
	at org.junit.runners.ParentRunner$3.run(ParentRunner.java:193)
	at org.junit.runners.ParentRunner$1.schedule(ParentRunner.java:52)
	at org.junit.runners.ParentRunner.runChildren(ParentRunner.java:191)
	at org.junit.runners.ParentRunner.access$000(ParentRunner.java:42)
	at org.junit.runners.ParentRunner$2.evaluate(ParentRunner.java:184)
	at org.junit.runners.ParentRunner.run(ParentRunner.java:236)
	at org.apache.maven.surefire.junit4.JUnit4Provider.execute(JUnit4Provider.java:283)
	at org.apache.maven.surefire.junit4.JUnit4Provider.executeWithRerun(JUnit4Provider.java:173)
	at org.apache.maven.surefire.junit4.JUnit4Provider.executeTestSet(JUnit4Provider.java:153)
	at org.apache.maven.surefire.junit4.JUnit4Provider.invoke(JUnit4Provider.java:128)
	at org.apache.maven.surefire.booter.ForkedBooter.invokeProviderInSameClassLoader(ForkedBooter.java:203)
	at org.apache.maven.surefire.booter.ForkedBooter.runSuitesInProcess(ForkedBooter.java:155)
	at org.apache.maven.surefire.booter.ForkedBooter.main(ForkedBooter.java:103)
Caused by: java.lang.RuntimeException: Fail to set '[nutz-test.properties]'[ [Ljava.lang.String;@c8f97a7 ] by setter org.nutz.ioc.impl.PropertiesProxy.'setPaths()' because [java.lang.RuntimeException: folder or file like '^.+[.]properties$' no found in nutz-test.properties]: folder or file like '^.+[.]properties$' no found in nutz-test.properties
	at org.nutz.lang.Lang.wrapThrow(Lang.java:167)
	at org.nutz.lang.inject.InjectBySetter.inject(InjectBySetter.java:62)
	at org.nutz.ioc.weaver.FieldInjector.inject(FieldInjector.java:33)
	at org.nutz.ioc.weaver.DefaultWeaver.fill(DefaultWeaver.java:56)
	at org.nutz.ioc.impl.ObjectMakerImpl.make(ObjectMakerImpl.java:136)
	at org.nutz.ioc.impl.NutIoc.get(NutIoc.java:210)
	at org.nutz.ioc.impl.NutIoc.get(NutIoc.java:239)
	at org.nutz.ioc.java.IocObjectNode.getValue(IocObjectNode.java:19)
	at org.nutz.ioc.java.ChainNode.eval(ChainNode.java:24)
	at org.nutz.ioc.java.ChainNode.eval(ChainNode.java:19)
	at org.nutz.ioc.val.JavaValue.get(JavaValue.java:69)
	at org.nutz.ioc.weaver.FieldInjector.inject(FieldInjector.java:32)
	at org.nutz.ioc.weaver.DefaultWeaver.fill(DefaultWeaver.java:56)
	at org.nutz.ioc.impl.ObjectMakerImpl.make(ObjectMakerImpl.java:136)
	at org.nutz.ioc.impl.NutIoc.get(NutIoc.java:210)
	at org.nutz.ioc.val.ReferValue.get(ReferValue.java:24)
	at org.nutz.ioc.impl.ObjectMakerImpl.make(ObjectMakerImpl.java:62)
	at org.nutz.ioc.impl.NutIoc.get(NutIoc.java:210)
	at org.nutz.ioc.impl.NutIoc.get(NutIoc.java:239)
	at org.nutz.dao.test.DaoCase.setUp(DaoCase.java:22)
	at sun.reflect.GeneratedMethodAccessor23.invoke(Unknown Source)
	at sun.reflect.DelegatingMethodAccessorImpl.invoke(DelegatingMethodAccessorImpl.java:43)
	at java.lang.reflect.Method.invoke(Method.java:498)
	at org.junit.runners.model.FrameworkMethod$1.runReflectiveCall(FrameworkMethod.java:44)
	at org.junit.internal.runners.model.ReflectiveCallable.run(ReflectiveCallable.java:15)
	at org.junit.runners.model.FrameworkMethod.invokeExplosively(FrameworkMethod.java:41)
	at org.junit.internal.runners.statements.RunBefores.evaluate(RunBefores.java:27)
	at org.junit.internal.runners.statements.RunAfters.evaluate(RunAfters.java:31)
	at org.junit.runners.BlockJUnit4ClassRunner.runNotIgnored(BlockJUnit4ClassRunner.java:79)
	at org.junit.runners.BlockJUnit4ClassRunner.runChild(BlockJUnit4ClassRunner.java:71)
	at org.junit.runners.BlockJUnit4ClassRunner.runChild(BlockJUnit4ClassRunner.java:49)
	at org.junit.runners.ParentRunner$3.run(ParentRunner.java:193)
	at org.junit.runners.ParentRunner$1.schedule(ParentRunner.java:52)
	at org.junit.runners.ParentRunner.runChildren(ParentRunner.java:191)
	at org.junit.runners.ParentRunner.access$000(ParentRunner.java:42)
	at org.junit.runners.ParentRunner$2.evaluate(ParentRunner.java:184)
	at org.junit.runners.ParentRunner.run(ParentRunner.java:236)
	at org.apache.maven.surefire.junit4.JUnit4Provider.execute(JUnit4Provider.java:283)
	at org.apache.maven.surefire.junit4.JUnit4Provider.executeWithRerun(JUnit4Provider.java:173)
	at org.apache.maven.surefire.junit4.JUnit4Provider.executeTestSet(JUnit4Provider.java:153)
	at org.apache.maven.surefire.junit4.JUnit4Provider.invoke(JUnit4Provider.java:128)
	at org.apache.maven.surefire.booter.ForkedBooter.invokeProviderInSameClassLoader(ForkedBooter.java:203)
	at org.apache.maven.surefire.booter.ForkedBooter.runSuitesInProcess(ForkedBooter.java:155)
	at org.apache.maven.surefire.booter.ForkedBooter.main(ForkedBooter.java:103)
Caused by: java.lang.RuntimeException: folder or file like '^.+[.]properties$' no found in nutz-test.properties
	at org.nutz.lang.Lang.makeThrow(Lang.java:151)
	at org.nutz.resource.Scans.loadResource(Scans.java:112)
	at org.nutz.ioc.impl.PropertiesProxy.getResources(PropertiesProxy.java:153)
	at org.nutz.ioc.impl.PropertiesProxy.setPaths(PropertiesProxy.java:109)
	at org.nutz.ioc.impl.PropertiesProxy$FM$setPaths$d0275b2b871e237a38f11859247d1599.invoke(PropertiesProxy.java)
	at org.nutz.lang.inject.InjectBySetter.inject(InjectBySetter.java:51)
	at org.nutz.ioc.weaver.FieldInjector.inject(FieldInjector.java:33)
	at org.nutz.ioc.weaver.DefaultWeaver.fill(DefaultWeaver.java:56)
	at org.nutz.ioc.impl.ObjectMakerImpl.make(ObjectMakerImpl.java:136)
	at org.nutz.ioc.impl.NutIoc.get(NutIoc.java:210)
	at org.nutz.ioc.impl.NutIoc.get(NutIoc.java:239)
	at org.nutz.ioc.java.IocObjectNode.getValue(IocObjectNode.java:19)
	at org.nutz.ioc.java.ChainNode.eval(ChainNode.java:24)
	at org.nutz.ioc.java.ChainNode.eval(ChainNode.java:19)
	at org.nutz.ioc.val.JavaValue.get(JavaValue.java:69)
	at org.nutz.ioc.weaver.FieldInjector.inject(FieldInjector.java:32)
	at org.nutz.ioc.weaver.DefaultWeaver.fill(DefaultWeaver.java:56)
	at org.nutz.ioc.impl.ObjectMakerImpl.make(ObjectMakerImpl.java:136)
	at org.nutz.ioc.impl.NutIoc.get(NutIoc.java:210)
	at org.nutz.ioc.val.ReferValue.get(ReferValue.java:24)
	at org.nutz.ioc.impl.ObjectMakerImpl.make(ObjectMakerImpl.java:62)
	at org.nutz.ioc.impl.NutIoc.get(NutIoc.java:210)
	at org.nutz.ioc.impl.NutIoc.get(NutIoc.java:239)
	at org.nutz.dao.test.DaoCase.setUp(DaoCase.java:22)
	at sun.reflect.GeneratedMethodAccessor23.invoke(Unknown Source)
	at sun.reflect.DelegatingMethodAccessorImpl.invoke(DelegatingMethodAccessorImpl.java:43)
	at java.lang.reflect.Method.invoke(Method.java:498)
	at org.junit.runners.model.FrameworkMethod$1.runReflectiveCall(FrameworkMethod.java:44)
	at org.junit.internal.runners.model.ReflectiveCallable.run(ReflectiveCallable.java:15)
	at org.junit.runners.model.FrameworkMethod.invokeExplosively(FrameworkMethod.java:41)
	at org.junit.internal.runners.statements.RunBefores.evaluate(RunBefores.java:27)
	at org.junit.internal.runners.statements.RunAfters.evaluate(RunAfters.java:31)
	at org.junit.runners.BlockJUnit4ClassRunner.runNotIgnored(BlockJUnit4ClassRunner.java:79)
	at org.junit.runners.BlockJUnit4ClassRunner.runChild(BlockJUnit4ClassRunner.java:71)
	at org.junit.runners.BlockJUnit4ClassRunner.runChild(BlockJUnit4ClassRunner.java:49)
	at org.junit.runners.ParentRunner$3.run(ParentRunner.java:193)
	at org.junit.runners.ParentRunner$1.schedule(ParentRunner.java:52)
	at org.junit.runners.ParentRunner.runChildren(ParentRunner.java:191)
	at org.junit.runners.ParentRunner.access$000(ParentRunner.java:42)
	at org.junit.runners.ParentRunner$2.evaluate(ParentRunner.java:184)
	at org.junit.runners.ParentRunner.run(ParentRunner.java:236)
	at org.apache.maven.surefire.junit4.JUnit4Provider.execute(JUnit4Provider.java:283)
	at org.apache.maven.surefire.junit4.JUnit4Provider.executeWithRerun(JUnit4Provider.java:173)
	at org.apache.maven.surefire.junit4.JUnit4Provider.executeTestSet(JUnit4Provider.java:153)
	at org.apache.maven.surefire.junit4.JUnit4Provider.invoke(JUnit4Provider.java:128)
	at org.apache.maven.surefire.booter.ForkedBooter.invokeProviderInSameClassLoader(ForkedBooter.java:203)
	at org.apache.maven.surefire.booter.ForkedBooter.runSuitesInProcess(ForkedBooter.java:155)
	at org.apache.maven.surefire.booter.ForkedBooter.main(ForkedBooter.java:103)
</error>
  </testcase>
  <testcase name="test_count_groupby" classname="org.nutz.dao.test.normal.SimpleDaoTest" time="0.001">
    <error message="IocBean[dao -&gt; dataSource] throw Exception when creating" type="org.nutz.ioc.IocException">org.nutz.ioc.IocException: IocBean[dao -> dataSource] throw Exception when creating
	at org.nutz.ioc.impl.ObjectMakerImpl.make(ObjectMakerImpl.java:150)
	at org.nutz.ioc.impl.NutIoc.get(NutIoc.java:210)
	at org.nutz.ioc.val.ReferValue.get(ReferValue.java:24)
	at org.nutz.ioc.impl.ObjectMakerImpl.make(ObjectMakerImpl.java:62)
	at org.nutz.ioc.impl.NutIoc.get(NutIoc.java:210)
	at org.nutz.ioc.impl.NutIoc.get(NutIoc.java:239)
	at org.nutz.dao.test.DaoCase.setUp(DaoCase.java:22)
	at sun.reflect.GeneratedMethodAccessor23.invoke(Unknown Source)
	at sun.reflect.DelegatingMethodAccessorImpl.invoke(DelegatingMethodAccessorImpl.java:43)
	at java.lang.reflect.Method.invoke(Method.java:498)
	at org.junit.runners.model.FrameworkMethod$1.runReflectiveCall(FrameworkMethod.java:44)
	at org.junit.internal.runners.model.ReflectiveCallable.run(ReflectiveCallable.java:15)
	at org.junit.runners.model.FrameworkMethod.invokeExplosively(FrameworkMethod.java:41)
	at org.junit.internal.runners.statements.RunBefores.evaluate(RunBefores.java:27)
	at org.junit.internal.runners.statements.RunAfters.evaluate(RunAfters.java:31)
	at org.junit.runners.BlockJUnit4ClassRunner.runNotIgnored(BlockJUnit4ClassRunner.java:79)
	at org.junit.runners.BlockJUnit4ClassRunner.runChild(BlockJUnit4ClassRunner.java:71)
	at org.junit.runners.BlockJUnit4ClassRunner.runChild(BlockJUnit4ClassRunner.java:49)
	at org.junit.runners.ParentRunner$3.run(ParentRunner.java:193)
	at org.junit.runners.ParentRunner$1.schedule(ParentRunner.java:52)
	at org.junit.runners.ParentRunner.runChildren(ParentRunner.java:191)
	at org.junit.runners.ParentRunner.access$000(ParentRunner.java:42)
	at org.junit.runners.ParentRunner$2.evaluate(ParentRunner.java:184)
	at org.junit.runners.ParentRunner.run(ParentRunner.java:236)
	at org.apache.maven.surefire.junit4.JUnit4Provider.execute(JUnit4Provider.java:283)
	at org.apache.maven.surefire.junit4.JUnit4Provider.executeWithRerun(JUnit4Provider.java:173)
	at org.apache.maven.surefire.junit4.JUnit4Provider.executeTestSet(JUnit4Provider.java:153)
	at org.apache.maven.surefire.junit4.JUnit4Provider.invoke(JUnit4Provider.java:128)
	at org.apache.maven.surefire.booter.ForkedBooter.invokeProviderInSameClassLoader(ForkedBooter.java:203)
	at org.apache.maven.surefire.booter.ForkedBooter.runSuitesInProcess(ForkedBooter.java:155)
	at org.apache.maven.surefire.booter.ForkedBooter.main(ForkedBooter.java:103)
Caused by: java.lang.RuntimeException: IocBean[dataSource] fail at field=[driverClassName]
	at org.nutz.ioc.weaver.FieldInjector.inject(FieldInjector.java:40)
	at org.nutz.ioc.weaver.DefaultWeaver.fill(DefaultWeaver.java:56)
	at org.nutz.ioc.impl.ObjectMakerImpl.make(ObjectMakerImpl.java:136)
	at org.nutz.ioc.impl.NutIoc.get(NutIoc.java:210)
	at org.nutz.ioc.val.ReferValue.get(ReferValue.java:24)
	at org.nutz.ioc.impl.ObjectMakerImpl.make(ObjectMakerImpl.java:62)
	at org.nutz.ioc.impl.NutIoc.get(NutIoc.java:210)
	at org.nutz.ioc.impl.NutIoc.get(NutIoc.java:239)
	at org.nutz.dao.test.DaoCase.setUp(DaoCase.java:22)
	at sun.reflect.GeneratedMethodAccessor23.invoke(Unknown Source)
	at sun.reflect.DelegatingMethodAccessorImpl.invoke(DelegatingMethodAccessorImpl.java:43)
	at java.lang.reflect.Method.invoke(Method.java:498)
	at org.junit.runners.model.FrameworkMethod$1.runReflectiveCall(FrameworkMethod.java:44)
	at org.junit.internal.runners.model.ReflectiveCallable.run(ReflectiveCallable.java:15)
	at org.junit.runners.model.FrameworkMethod.invokeExplosively(FrameworkMethod.java:41)
	at org.junit.internal.runners.statements.RunBefores.evaluate(RunBefores.java:27)
	at org.junit.internal.runners.statements.RunAfters.evaluate(RunAfters.java:31)
	at org.junit.runners.BlockJUnit4ClassRunner.runNotIgnored(BlockJUnit4ClassRunner.java:79)
	at org.junit.runners.BlockJUnit4ClassRunner.runChild(BlockJUnit4ClassRunner.java:71)
	at org.junit.runners.BlockJUnit4ClassRunner.runChild(BlockJUnit4ClassRunner.java:49)
	at org.junit.runners.ParentRunner$3.run(ParentRunner.java:193)
	at org.junit.runners.ParentRunner$1.schedule(ParentRunner.java:52)
	at org.junit.runners.ParentRunner.runChildren(ParentRunner.java:191)
	at org.junit.runners.ParentRunner.access$000(ParentRunner.java:42)
	at org.junit.runners.ParentRunner$2.evaluate(ParentRunner.java:184)
	at org.junit.runners.ParentRunner.run(ParentRunner.java:236)
	at org.apache.maven.surefire.junit4.JUnit4Provider.execute(JUnit4Provider.java:283)
	at org.apache.maven.surefire.junit4.JUnit4Provider.executeWithRerun(JUnit4Provider.java:173)
	at org.apache.maven.surefire.junit4.JUnit4Provider.executeTestSet(JUnit4Provider.java:153)
	at org.apache.maven.surefire.junit4.JUnit4Provider.invoke(JUnit4Provider.java:128)
	at org.apache.maven.surefire.booter.ForkedBooter.invokeProviderInSameClassLoader(ForkedBooter.java:203)
	at org.apache.maven.surefire.booter.ForkedBooter.runSuitesInProcess(ForkedBooter.java:155)
	at org.apache.maven.surefire.booter.ForkedBooter.main(ForkedBooter.java:103)
Caused by: org.nutz.ioc.IocException: IocBean[config] throw Exception when creating
	at org.nutz.ioc.impl.ObjectMakerImpl.make(ObjectMakerImpl.java:150)
	at org.nutz.ioc.impl.NutIoc.get(NutIoc.java:210)
	at org.nutz.ioc.impl.NutIoc.get(NutIoc.java:239)
	at org.nutz.ioc.java.IocObjectNode.getValue(IocObjectNode.java:19)
	at org.nutz.ioc.java.ChainNode.eval(ChainNode.java:24)
	at org.nutz.ioc.java.ChainNode.eval(ChainNode.java:19)
	at org.nutz.ioc.val.JavaValue.get(JavaValue.java:69)
	at org.nutz.ioc.weaver.FieldInjector.inject(FieldInjector.java:32)
	at org.nutz.ioc.weaver.DefaultWeaver.fill(DefaultWeaver.java:56)
	at org.nutz.ioc.impl.ObjectMakerImpl.make(ObjectMakerImpl.java:136)
	at org.nutz.ioc.impl.NutIoc.get(NutIoc.java:210)
	at org.nutz.ioc.val.ReferValue.get(ReferValue.java:24)
	at org.nutz.ioc.impl.ObjectMakerImpl.make(ObjectMakerImpl.java:62)
	at org.nutz.ioc.impl.NutIoc.get(NutIoc.java:210)
	at org.nutz.ioc.impl.NutIoc.get(NutIoc.java:239)
	at org.nutz.dao.test.DaoCase.setUp(DaoCase.java:22)
	at sun.reflect.GeneratedMethodAccessor23.invoke(Unknown Source)
	at sun.reflect.DelegatingMethodAccessorImpl.invoke(DelegatingMethodAccessorImpl.java:43)
	at java.lang.reflect.Method.invoke(Method.java:498)
	at org.junit.runners.model.FrameworkMethod$1.runReflectiveCall(FrameworkMethod.java:44)
	at org.junit.internal.runners.model.ReflectiveCallable.run(ReflectiveCallable.java:15)
	at org.junit.runners.model.FrameworkMethod.invokeExplosively(FrameworkMethod.java:41)
	at org.junit.internal.runners.statements.RunBefores.evaluate(RunBefores.java:27)
	at org.junit.internal.runners.statements.RunAfters.evaluate(RunAfters.java:31)
	at org.junit.runners.BlockJUnit4ClassRunner.runNotIgnored(BlockJUnit4ClassRunner.java:79)
	at org.junit.runners.BlockJUnit4ClassRunner.runChild(BlockJUnit4ClassRunner.java:71)
	at org.junit.runners.BlockJUnit4ClassRunner.runChild(BlockJUnit4ClassRunner.java:49)
	at org.junit.runners.ParentRunner$3.run(ParentRunner.java:193)
	at org.junit.runners.ParentRunner$1.schedule(ParentRunner.java:52)
	at org.junit.runners.ParentRunner.runChildren(ParentRunner.java:191)
	at org.junit.runners.ParentRunner.access$000(ParentRunner.java:42)
	at org.junit.runners.ParentRunner$2.evaluate(ParentRunner.java:184)
	at org.junit.runners.ParentRunner.run(ParentRunner.java:236)
	at org.apache.maven.surefire.junit4.JUnit4Provider.execute(JUnit4Provider.java:283)
	at org.apache.maven.surefire.junit4.JUnit4Provider.executeWithRerun(JUnit4Provider.java:173)
	at org.apache.maven.surefire.junit4.JUnit4Provider.executeTestSet(JUnit4Provider.java:153)
	at org.apache.maven.surefire.junit4.JUnit4Provider.invoke(JUnit4Provider.java:128)
	at org.apache.maven.surefire.booter.ForkedBooter.invokeProviderInSameClassLoader(ForkedBooter.java:203)
	at org.apache.maven.surefire.booter.ForkedBooter.runSuitesInProcess(ForkedBooter.java:155)
	at org.apache.maven.surefire.booter.ForkedBooter.main(ForkedBooter.java:103)
Caused by: java.lang.RuntimeException: IocBean[config] fail at field=[paths]
	at org.nutz.ioc.weaver.FieldInjector.inject(FieldInjector.java:40)
	at org.nutz.ioc.weaver.DefaultWeaver.fill(DefaultWeaver.java:56)
	at org.nutz.ioc.impl.ObjectMakerImpl.make(ObjectMakerImpl.java:136)
	at org.nutz.ioc.impl.NutIoc.get(NutIoc.java:210)
	at org.nutz.ioc.impl.NutIoc.get(NutIoc.java:239)
	at org.nutz.ioc.java.IocObjectNode.getValue(IocObjectNode.java:19)
	at org.nutz.ioc.java.ChainNode.eval(ChainNode.java:24)
	at org.nutz.ioc.java.ChainNode.eval(ChainNode.java:19)
	at org.nutz.ioc.val.JavaValue.get(JavaValue.java:69)
	at org.nutz.ioc.weaver.FieldInjector.inject(FieldInjector.java:32)
	at org.nutz.ioc.weaver.DefaultWeaver.fill(DefaultWeaver.java:56)
	at org.nutz.ioc.impl.ObjectMakerImpl.make(ObjectMakerImpl.java:136)
	at org.nutz.ioc.impl.NutIoc.get(NutIoc.java:210)
	at org.nutz.ioc.val.ReferValue.get(ReferValue.java:24)
	at org.nutz.ioc.impl.ObjectMakerImpl.make(ObjectMakerImpl.java:62)
	at org.nutz.ioc.impl.NutIoc.get(NutIoc.java:210)
	at org.nutz.ioc.impl.NutIoc.get(NutIoc.java:239)
	at org.nutz.dao.test.DaoCase.setUp(DaoCase.java:22)
	at sun.reflect.GeneratedMethodAccessor23.invoke(Unknown Source)
	at sun.reflect.DelegatingMethodAccessorImpl.invoke(DelegatingMethodAccessorImpl.java:43)
	at java.lang.reflect.Method.invoke(Method.java:498)
	at org.junit.runners.model.FrameworkMethod$1.runReflectiveCall(FrameworkMethod.java:44)
	at org.junit.internal.runners.model.ReflectiveCallable.run(ReflectiveCallable.java:15)
	at org.junit.runners.model.FrameworkMethod.invokeExplosively(FrameworkMethod.java:41)
	at org.junit.internal.runners.statements.RunBefores.evaluate(RunBefores.java:27)
	at org.junit.internal.runners.statements.RunAfters.evaluate(RunAfters.java:31)
	at org.junit.runners.BlockJUnit4ClassRunner.runNotIgnored(BlockJUnit4ClassRunner.java:79)
	at org.junit.runners.BlockJUnit4ClassRunner.runChild(BlockJUnit4ClassRunner.java:71)
	at org.junit.runners.BlockJUnit4ClassRunner.runChild(BlockJUnit4ClassRunner.java:49)
	at org.junit.runners.ParentRunner$3.run(ParentRunner.java:193)
	at org.junit.runners.ParentRunner$1.schedule(ParentRunner.java:52)
	at org.junit.runners.ParentRunner.runChildren(ParentRunner.java:191)
	at org.junit.runners.ParentRunner.access$000(ParentRunner.java:42)
	at org.junit.runners.ParentRunner$2.evaluate(ParentRunner.java:184)
	at org.junit.runners.ParentRunner.run(ParentRunner.java:236)
	at org.apache.maven.surefire.junit4.JUnit4Provider.execute(JUnit4Provider.java:283)
	at org.apache.maven.surefire.junit4.JUnit4Provider.executeWithRerun(JUnit4Provider.java:173)
	at org.apache.maven.surefire.junit4.JUnit4Provider.executeTestSet(JUnit4Provider.java:153)
	at org.apache.maven.surefire.junit4.JUnit4Provider.invoke(JUnit4Provider.java:128)
	at org.apache.maven.surefire.booter.ForkedBooter.invokeProviderInSameClassLoader(ForkedBooter.java:203)
	at org.apache.maven.surefire.booter.ForkedBooter.runSuitesInProcess(ForkedBooter.java:155)
	at org.apache.maven.surefire.booter.ForkedBooter.main(ForkedBooter.java:103)
Caused by: java.lang.RuntimeException: Fail to set '[nutz-test.properties]'[ [Ljava.lang.String;@2b736fee ] by setter org.nutz.ioc.impl.PropertiesProxy.'setPaths()' because [java.lang.RuntimeException: folder or file like '^.+[.]properties$' no found in nutz-test.properties]: folder or file like '^.+[.]properties$' no found in nutz-test.properties
	at org.nutz.lang.Lang.wrapThrow(Lang.java:167)
	at org.nutz.lang.inject.InjectBySetter.inject(InjectBySetter.java:62)
	at org.nutz.ioc.weaver.FieldInjector.inject(FieldInjector.java:33)
	at org.nutz.ioc.weaver.DefaultWeaver.fill(DefaultWeaver.java:56)
	at org.nutz.ioc.impl.ObjectMakerImpl.make(ObjectMakerImpl.java:136)
	at org.nutz.ioc.impl.NutIoc.get(NutIoc.java:210)
	at org.nutz.ioc.impl.NutIoc.get(NutIoc.java:239)
	at org.nutz.ioc.java.IocObjectNode.getValue(IocObjectNode.java:19)
	at org.nutz.ioc.java.ChainNode.eval(ChainNode.java:24)
	at org.nutz.ioc.java.ChainNode.eval(ChainNode.java:19)
	at org.nutz.ioc.val.JavaValue.get(JavaValue.java:69)
	at org.nutz.ioc.weaver.FieldInjector.inject(FieldInjector.java:32)
	at org.nutz.ioc.weaver.DefaultWeaver.fill(DefaultWeaver.java:56)
	at org.nutz.ioc.impl.ObjectMakerImpl.make(ObjectMakerImpl.java:136)
	at org.nutz.ioc.impl.NutIoc.get(NutIoc.java:210)
	at org.nutz.ioc.val.ReferValue.get(ReferValue.java:24)
	at org.nutz.ioc.impl.ObjectMakerImpl.make(ObjectMakerImpl.java:62)
	at org.nutz.ioc.impl.NutIoc.get(NutIoc.java:210)
	at org.nutz.ioc.impl.NutIoc.get(NutIoc.java:239)
	at org.nutz.dao.test.DaoCase.setUp(DaoCase.java:22)
	at sun.reflect.GeneratedMethodAccessor23.invoke(Unknown Source)
	at sun.reflect.DelegatingMethodAccessorImpl.invoke(DelegatingMethodAccessorImpl.java:43)
	at java.lang.reflect.Method.invoke(Method.java:498)
	at org.junit.runners.model.FrameworkMethod$1.runReflectiveCall(FrameworkMethod.java:44)
	at org.junit.internal.runners.model.ReflectiveCallable.run(ReflectiveCallable.java:15)
	at org.junit.runners.model.FrameworkMethod.invokeExplosively(FrameworkMethod.java:41)
	at org.junit.internal.runners.statements.RunBefores.evaluate(RunBefores.java:27)
	at org.junit.internal.runners.statements.RunAfters.evaluate(RunAfters.java:31)
	at org.junit.runners.BlockJUnit4ClassRunner.runNotIgnored(BlockJUnit4ClassRunner.java:79)
	at org.junit.runners.BlockJUnit4ClassRunner.runChild(BlockJUnit4ClassRunner.java:71)
	at org.junit.runners.BlockJUnit4ClassRunner.runChild(BlockJUnit4ClassRunner.java:49)
	at org.junit.runners.ParentRunner$3.run(ParentRunner.java:193)
	at org.junit.runners.ParentRunner$1.schedule(ParentRunner.java:52)
	at org.junit.runners.ParentRunner.runChildren(ParentRunner.java:191)
	at org.junit.runners.ParentRunner.access$000(ParentRunner.java:42)
	at org.junit.runners.ParentRunner$2.evaluate(ParentRunner.java:184)
	at org.junit.runners.ParentRunner.run(ParentRunner.java:236)
	at org.apache.maven.surefire.junit4.JUnit4Provider.execute(JUnit4Provider.java:283)
	at org.apache.maven.surefire.junit4.JUnit4Provider.executeWithRerun(JUnit4Provider.java:173)
	at org.apache.maven.surefire.junit4.JUnit4Provider.executeTestSet(JUnit4Provider.java:153)
	at org.apache.maven.surefire.junit4.JUnit4Provider.invoke(JUnit4Provider.java:128)
	at org.apache.maven.surefire.booter.ForkedBooter.invokeProviderInSameClassLoader(ForkedBooter.java:203)
	at org.apache.maven.surefire.booter.ForkedBooter.runSuitesInProcess(ForkedBooter.java:155)
	at org.apache.maven.surefire.booter.ForkedBooter.main(ForkedBooter.java:103)
Caused by: java.lang.RuntimeException: folder or file like '^.+[.]properties$' no found in nutz-test.properties
	at org.nutz.lang.Lang.makeThrow(Lang.java:151)
	at org.nutz.resource.Scans.loadResource(Scans.java:112)
	at org.nutz.ioc.impl.PropertiesProxy.getResources(PropertiesProxy.java:153)
	at org.nutz.ioc.impl.PropertiesProxy.setPaths(PropertiesProxy.java:109)
	at org.nutz.ioc.impl.PropertiesProxy$FM$setPaths$d0275b2b871e237a38f11859247d1599.invoke(PropertiesProxy.java)
	at org.nutz.lang.inject.InjectBySetter.inject(InjectBySetter.java:51)
	at org.nutz.ioc.weaver.FieldInjector.inject(FieldInjector.java:33)
	at org.nutz.ioc.weaver.DefaultWeaver.fill(DefaultWeaver.java:56)
	at org.nutz.ioc.impl.ObjectMakerImpl.make(ObjectMakerImpl.java:136)
	at org.nutz.ioc.impl.NutIoc.get(NutIoc.java:210)
	at org.nutz.ioc.impl.NutIoc.get(NutIoc.java:239)
	at org.nutz.ioc.java.IocObjectNode.getValue(IocObjectNode.java:19)
	at org.nutz.ioc.java.ChainNode.eval(ChainNode.java:24)
	at org.nutz.ioc.java.ChainNode.eval(ChainNode.java:19)
	at org.nutz.ioc.val.JavaValue.get(JavaValue.java:69)
	at org.nutz.ioc.weaver.FieldInjector.inject(FieldInjector.java:32)
	at org.nutz.ioc.weaver.DefaultWeaver.fill(DefaultWeaver.java:56)
	at org.nutz.ioc.impl.ObjectMakerImpl.make(ObjectMakerImpl.java:136)
	at org.nutz.ioc.impl.NutIoc.get(NutIoc.java:210)
	at org.nutz.ioc.val.ReferValue.get(ReferValue.java:24)
	at org.nutz.ioc.impl.ObjectMakerImpl.make(ObjectMakerImpl.java:62)
	at org.nutz.ioc.impl.NutIoc.get(NutIoc.java:210)
	at org.nutz.ioc.impl.NutIoc.get(NutIoc.java:239)
	at org.nutz.dao.test.DaoCase.setUp(DaoCase.java:22)
	at sun.reflect.GeneratedMethodAccessor23.invoke(Unknown Source)
	at sun.reflect.DelegatingMethodAccessorImpl.invoke(DelegatingMethodAccessorImpl.java:43)
	at java.lang.reflect.Method.invoke(Method.java:498)
	at org.junit.runners.model.FrameworkMethod$1.runReflectiveCall(FrameworkMethod.java:44)
	at org.junit.internal.runners.model.ReflectiveCallable.run(ReflectiveCallable.java:15)
	at org.junit.runners.model.FrameworkMethod.invokeExplosively(FrameworkMethod.java:41)
	at org.junit.internal.runners.statements.RunBefores.evaluate(RunBefores.java:27)
	at org.junit.internal.runners.statements.RunAfters.evaluate(RunAfters.java:31)
	at org.junit.runners.BlockJUnit4ClassRunner.runNotIgnored(BlockJUnit4ClassRunner.java:79)
	at org.junit.runners.BlockJUnit4ClassRunner.runChild(BlockJUnit4ClassRunner.java:71)
	at org.junit.runners.BlockJUnit4ClassRunner.runChild(BlockJUnit4ClassRunner.java:49)
	at org.junit.runners.ParentRunner$3.run(ParentRunner.java:193)
	at org.junit.runners.ParentRunner$1.schedule(ParentRunner.java:52)
	at org.junit.runners.ParentRunner.runChildren(ParentRunner.java:191)
	at org.junit.runners.ParentRunner.access$000(ParentRunner.java:42)
	at org.junit.runners.ParentRunner$2.evaluate(ParentRunner.java:184)
	at org.junit.runners.ParentRunner.run(ParentRunner.java:236)
	at org.apache.maven.surefire.junit4.JUnit4Provider.execute(JUnit4Provider.java:283)
	at org.apache.maven.surefire.junit4.JUnit4Provider.executeWithRerun(JUnit4Provider.java:173)
	at org.apache.maven.surefire.junit4.JUnit4Provider.executeTestSet(JUnit4Provider.java:153)
	at org.apache.maven.surefire.junit4.JUnit4Provider.invoke(JUnit4Provider.java:128)
	at org.apache.maven.surefire.booter.ForkedBooter.invokeProviderInSameClassLoader(ForkedBooter.java:203)
	at org.apache.maven.surefire.booter.ForkedBooter.runSuitesInProcess(ForkedBooter.java:155)
	at org.apache.maven.surefire.booter.ForkedBooter.main(ForkedBooter.java:103)
</error>
  </testcase>
  <testcase name="test_issue_1166" classname="org.nutz.dao.test.normal.SimpleDaoTest" time="0">
    <error message="IocBean[dao -&gt; dataSource] throw Exception when creating" type="org.nutz.ioc.IocException">org.nutz.ioc.IocException: IocBean[dao -> dataSource] throw Exception when creating
	at org.nutz.ioc.impl.ObjectMakerImpl.make(ObjectMakerImpl.java:150)
	at org.nutz.ioc.impl.NutIoc.get(NutIoc.java:210)
	at org.nutz.ioc.val.ReferValue.get(ReferValue.java:24)
	at org.nutz.ioc.impl.ObjectMakerImpl.make(ObjectMakerImpl.java:62)
	at org.nutz.ioc.impl.NutIoc.get(NutIoc.java:210)
	at org.nutz.ioc.impl.NutIoc.get(NutIoc.java:239)
	at org.nutz.dao.test.DaoCase.setUp(DaoCase.java:22)
	at sun.reflect.GeneratedMethodAccessor23.invoke(Unknown Source)
	at sun.reflect.DelegatingMethodAccessorImpl.invoke(DelegatingMethodAccessorImpl.java:43)
	at java.lang.reflect.Method.invoke(Method.java:498)
	at org.junit.runners.model.FrameworkMethod$1.runReflectiveCall(FrameworkMethod.java:44)
	at org.junit.internal.runners.model.ReflectiveCallable.run(ReflectiveCallable.java:15)
	at org.junit.runners.model.FrameworkMethod.invokeExplosively(FrameworkMethod.java:41)
	at org.junit.internal.runners.statements.RunBefores.evaluate(RunBefores.java:27)
	at org.junit.internal.runners.statements.RunAfters.evaluate(RunAfters.java:31)
	at org.junit.runners.BlockJUnit4ClassRunner.runNotIgnored(BlockJUnit4ClassRunner.java:79)
	at org.junit.runners.BlockJUnit4ClassRunner.runChild(BlockJUnit4ClassRunner.java:71)
	at org.junit.runners.BlockJUnit4ClassRunner.runChild(BlockJUnit4ClassRunner.java:49)
	at org.junit.runners.ParentRunner$3.run(ParentRunner.java:193)
	at org.junit.runners.ParentRunner$1.schedule(ParentRunner.java:52)
	at org.junit.runners.ParentRunner.runChildren(ParentRunner.java:191)
	at org.junit.runners.ParentRunner.access$000(ParentRunner.java:42)
	at org.junit.runners.ParentRunner$2.evaluate(ParentRunner.java:184)
	at org.junit.runners.ParentRunner.run(ParentRunner.java:236)
	at org.apache.maven.surefire.junit4.JUnit4Provider.execute(JUnit4Provider.java:283)
	at org.apache.maven.surefire.junit4.JUnit4Provider.executeWithRerun(JUnit4Provider.java:173)
	at org.apache.maven.surefire.junit4.JUnit4Provider.executeTestSet(JUnit4Provider.java:153)
	at org.apache.maven.surefire.junit4.JUnit4Provider.invoke(JUnit4Provider.java:128)
	at org.apache.maven.surefire.booter.ForkedBooter.invokeProviderInSameClassLoader(ForkedBooter.java:203)
	at org.apache.maven.surefire.booter.ForkedBooter.runSuitesInProcess(ForkedBooter.java:155)
	at org.apache.maven.surefire.booter.ForkedBooter.main(ForkedBooter.java:103)
Caused by: java.lang.RuntimeException: IocBean[dataSource] fail at field=[driverClassName]
	at org.nutz.ioc.weaver.FieldInjector.inject(FieldInjector.java:40)
	at org.nutz.ioc.weaver.DefaultWeaver.fill(DefaultWeaver.java:56)
	at org.nutz.ioc.impl.ObjectMakerImpl.make(ObjectMakerImpl.java:136)
	at org.nutz.ioc.impl.NutIoc.get(NutIoc.java:210)
	at org.nutz.ioc.val.ReferValue.get(ReferValue.java:24)
	at org.nutz.ioc.impl.ObjectMakerImpl.make(ObjectMakerImpl.java:62)
	at org.nutz.ioc.impl.NutIoc.get(NutIoc.java:210)
	at org.nutz.ioc.impl.NutIoc.get(NutIoc.java:239)
	at org.nutz.dao.test.DaoCase.setUp(DaoCase.java:22)
	at sun.reflect.GeneratedMethodAccessor23.invoke(Unknown Source)
	at sun.reflect.DelegatingMethodAccessorImpl.invoke(DelegatingMethodAccessorImpl.java:43)
	at java.lang.reflect.Method.invoke(Method.java:498)
	at org.junit.runners.model.FrameworkMethod$1.runReflectiveCall(FrameworkMethod.java:44)
	at org.junit.internal.runners.model.ReflectiveCallable.run(ReflectiveCallable.java:15)
	at org.junit.runners.model.FrameworkMethod.invokeExplosively(FrameworkMethod.java:41)
	at org.junit.internal.runners.statements.RunBefores.evaluate(RunBefores.java:27)
	at org.junit.internal.runners.statements.RunAfters.evaluate(RunAfters.java:31)
	at org.junit.runners.BlockJUnit4ClassRunner.runNotIgnored(BlockJUnit4ClassRunner.java:79)
	at org.junit.runners.BlockJUnit4ClassRunner.runChild(BlockJUnit4ClassRunner.java:71)
	at org.junit.runners.BlockJUnit4ClassRunner.runChild(BlockJUnit4ClassRunner.java:49)
	at org.junit.runners.ParentRunner$3.run(ParentRunner.java:193)
	at org.junit.runners.ParentRunner$1.schedule(ParentRunner.java:52)
	at org.junit.runners.ParentRunner.runChildren(ParentRunner.java:191)
	at org.junit.runners.ParentRunner.access$000(ParentRunner.java:42)
	at org.junit.runners.ParentRunner$2.evaluate(ParentRunner.java:184)
	at org.junit.runners.ParentRunner.run(ParentRunner.java:236)
	at org.apache.maven.surefire.junit4.JUnit4Provider.execute(JUnit4Provider.java:283)
	at org.apache.maven.surefire.junit4.JUnit4Provider.executeWithRerun(JUnit4Provider.java:173)
	at org.apache.maven.surefire.junit4.JUnit4Provider.executeTestSet(JUnit4Provider.java:153)
	at org.apache.maven.surefire.junit4.JUnit4Provider.invoke(JUnit4Provider.java:128)
	at org.apache.maven.surefire.booter.ForkedBooter.invokeProviderInSameClassLoader(ForkedBooter.java:203)
	at org.apache.maven.surefire.booter.ForkedBooter.runSuitesInProcess(ForkedBooter.java:155)
	at org.apache.maven.surefire.booter.ForkedBooter.main(ForkedBooter.java:103)
Caused by: org.nutz.ioc.IocException: IocBean[config] throw Exception when creating
	at org.nutz.ioc.impl.ObjectMakerImpl.make(ObjectMakerImpl.java:150)
	at org.nutz.ioc.impl.NutIoc.get(NutIoc.java:210)
	at org.nutz.ioc.impl.NutIoc.get(NutIoc.java:239)
	at org.nutz.ioc.java.IocObjectNode.getValue(IocObjectNode.java:19)
	at org.nutz.ioc.java.ChainNode.eval(ChainNode.java:24)
	at org.nutz.ioc.java.ChainNode.eval(ChainNode.java:19)
	at org.nutz.ioc.val.JavaValue.get(JavaValue.java:69)
	at org.nutz.ioc.weaver.FieldInjector.inject(FieldInjector.java:32)
	at org.nutz.ioc.weaver.DefaultWeaver.fill(DefaultWeaver.java:56)
	at org.nutz.ioc.impl.ObjectMakerImpl.make(ObjectMakerImpl.java:136)
	at org.nutz.ioc.impl.NutIoc.get(NutIoc.java:210)
	at org.nutz.ioc.val.ReferValue.get(ReferValue.java:24)
	at org.nutz.ioc.impl.ObjectMakerImpl.make(ObjectMakerImpl.java:62)
	at org.nutz.ioc.impl.NutIoc.get(NutIoc.java:210)
	at org.nutz.ioc.impl.NutIoc.get(NutIoc.java:239)
	at org.nutz.dao.test.DaoCase.setUp(DaoCase.java:22)
	at sun.reflect.GeneratedMethodAccessor23.invoke(Unknown Source)
	at sun.reflect.DelegatingMethodAccessorImpl.invoke(DelegatingMethodAccessorImpl.java:43)
	at java.lang.reflect.Method.invoke(Method.java:498)
	at org.junit.runners.model.FrameworkMethod$1.runReflectiveCall(FrameworkMethod.java:44)
	at org.junit.internal.runners.model.ReflectiveCallable.run(ReflectiveCallable.java:15)
	at org.junit.runners.model.FrameworkMethod.invokeExplosively(FrameworkMethod.java:41)
	at org.junit.internal.runners.statements.RunBefores.evaluate(RunBefores.java:27)
	at org.junit.internal.runners.statements.RunAfters.evaluate(RunAfters.java:31)
	at org.junit.runners.BlockJUnit4ClassRunner.runNotIgnored(BlockJUnit4ClassRunner.java:79)
	at org.junit.runners.BlockJUnit4ClassRunner.runChild(BlockJUnit4ClassRunner.java:71)
	at org.junit.runners.BlockJUnit4ClassRunner.runChild(BlockJUnit4ClassRunner.java:49)
	at org.junit.runners.ParentRunner$3.run(ParentRunner.java:193)
	at org.junit.runners.ParentRunner$1.schedule(ParentRunner.java:52)
	at org.junit.runners.ParentRunner.runChildren(ParentRunner.java:191)
	at org.junit.runners.ParentRunner.access$000(ParentRunner.java:42)
	at org.junit.runners.ParentRunner$2.evaluate(ParentRunner.java:184)
	at org.junit.runners.ParentRunner.run(ParentRunner.java:236)
	at org.apache.maven.surefire.junit4.JUnit4Provider.execute(JUnit4Provider.java:283)
	at org.apache.maven.surefire.junit4.JUnit4Provider.executeWithRerun(JUnit4Provider.java:173)
	at org.apache.maven.surefire.junit4.JUnit4Provider.executeTestSet(JUnit4Provider.java:153)
	at org.apache.maven.surefire.junit4.JUnit4Provider.invoke(JUnit4Provider.java:128)
	at org.apache.maven.surefire.booter.ForkedBooter.invokeProviderInSameClassLoader(ForkedBooter.java:203)
	at org.apache.maven.surefire.booter.ForkedBooter.runSuitesInProcess(ForkedBooter.java:155)
	at org.apache.maven.surefire.booter.ForkedBooter.main(ForkedBooter.java:103)
Caused by: java.lang.RuntimeException: IocBean[config] fail at field=[paths]
	at org.nutz.ioc.weaver.FieldInjector.inject(FieldInjector.java:40)
	at org.nutz.ioc.weaver.DefaultWeaver.fill(DefaultWeaver.java:56)
	at org.nutz.ioc.impl.ObjectMakerImpl.make(ObjectMakerImpl.java:136)
	at org.nutz.ioc.impl.NutIoc.get(NutIoc.java:210)
	at org.nutz.ioc.impl.NutIoc.get(NutIoc.java:239)
	at org.nutz.ioc.java.IocObjectNode.getValue(IocObjectNode.java:19)
	at org.nutz.ioc.java.ChainNode.eval(ChainNode.java:24)
	at org.nutz.ioc.java.ChainNode.eval(ChainNode.java:19)
	at org.nutz.ioc.val.JavaValue.get(JavaValue.java:69)
	at org.nutz.ioc.weaver.FieldInjector.inject(FieldInjector.java:32)
	at org.nutz.ioc.weaver.DefaultWeaver.fill(DefaultWeaver.java:56)
	at org.nutz.ioc.impl.ObjectMakerImpl.make(ObjectMakerImpl.java:136)
	at org.nutz.ioc.impl.NutIoc.get(NutIoc.java:210)
	at org.nutz.ioc.val.ReferValue.get(ReferValue.java:24)
	at org.nutz.ioc.impl.ObjectMakerImpl.make(ObjectMakerImpl.java:62)
	at org.nutz.ioc.impl.NutIoc.get(NutIoc.java:210)
	at org.nutz.ioc.impl.NutIoc.get(NutIoc.java:239)
	at org.nutz.dao.test.DaoCase.setUp(DaoCase.java:22)
	at sun.reflect.GeneratedMethodAccessor23.invoke(Unknown Source)
	at sun.reflect.DelegatingMethodAccessorImpl.invoke(DelegatingMethodAccessorImpl.java:43)
	at java.lang.reflect.Method.invoke(Method.java:498)
	at org.junit.runners.model.FrameworkMethod$1.runReflectiveCall(FrameworkMethod.java:44)
	at org.junit.internal.runners.model.ReflectiveCallable.run(ReflectiveCallable.java:15)
	at org.junit.runners.model.FrameworkMethod.invokeExplosively(FrameworkMethod.java:41)
	at org.junit.internal.runners.statements.RunBefores.evaluate(RunBefores.java:27)
	at org.junit.internal.runners.statements.RunAfters.evaluate(RunAfters.java:31)
	at org.junit.runners.BlockJUnit4ClassRunner.runNotIgnored(BlockJUnit4ClassRunner.java:79)
	at org.junit.runners.BlockJUnit4ClassRunner.runChild(BlockJUnit4ClassRunner.java:71)
	at org.junit.runners.BlockJUnit4ClassRunner.runChild(BlockJUnit4ClassRunner.java:49)
	at org.junit.runners.ParentRunner$3.run(ParentRunner.java:193)
	at org.junit.runners.ParentRunner$1.schedule(ParentRunner.java:52)
	at org.junit.runners.ParentRunner.runChildren(ParentRunner.java:191)
	at org.junit.runners.ParentRunner.access$000(ParentRunner.java:42)
	at org.junit.runners.ParentRunner$2.evaluate(ParentRunner.java:184)
	at org.junit.runners.ParentRunner.run(ParentRunner.java:236)
	at org.apache.maven.surefire.junit4.JUnit4Provider.execute(JUnit4Provider.java:283)
	at org.apache.maven.surefire.junit4.JUnit4Provider.executeWithRerun(JUnit4Provider.java:173)
	at org.apache.maven.surefire.junit4.JUnit4Provider.executeTestSet(JUnit4Provider.java:153)
	at org.apache.maven.surefire.junit4.JUnit4Provider.invoke(JUnit4Provider.java:128)
	at org.apache.maven.surefire.booter.ForkedBooter.invokeProviderInSameClassLoader(ForkedBooter.java:203)
	at org.apache.maven.surefire.booter.ForkedBooter.runSuitesInProcess(ForkedBooter.java:155)
	at org.apache.maven.surefire.booter.ForkedBooter.main(ForkedBooter.java:103)
Caused by: java.lang.RuntimeException: Fail to set '[nutz-test.properties]'[ [Ljava.lang.String;@3249e278 ] by setter org.nutz.ioc.impl.PropertiesProxy.'setPaths()' because [java.lang.RuntimeException: folder or file like '^.+[.]properties$' no found in nutz-test.properties]: folder or file like '^.+[.]properties$' no found in nutz-test.properties
	at org.nutz.lang.Lang.wrapThrow(Lang.java:167)
	at org.nutz.lang.inject.InjectBySetter.inject(InjectBySetter.java:62)
	at org.nutz.ioc.weaver.FieldInjector.inject(FieldInjector.java:33)
	at org.nutz.ioc.weaver.DefaultWeaver.fill(DefaultWeaver.java:56)
	at org.nutz.ioc.impl.ObjectMakerImpl.make(ObjectMakerImpl.java:136)
	at org.nutz.ioc.impl.NutIoc.get(NutIoc.java:210)
	at org.nutz.ioc.impl.NutIoc.get(NutIoc.java:239)
	at org.nutz.ioc.java.IocObjectNode.getValue(IocObjectNode.java:19)
	at org.nutz.ioc.java.ChainNode.eval(ChainNode.java:24)
	at org.nutz.ioc.java.ChainNode.eval(ChainNode.java:19)
	at org.nutz.ioc.val.JavaValue.get(JavaValue.java:69)
	at org.nutz.ioc.weaver.FieldInjector.inject(FieldInjector.java:32)
	at org.nutz.ioc.weaver.DefaultWeaver.fill(DefaultWeaver.java:56)
	at org.nutz.ioc.impl.ObjectMakerImpl.make(ObjectMakerImpl.java:136)
	at org.nutz.ioc.impl.NutIoc.get(NutIoc.java:210)
	at org.nutz.ioc.val.ReferValue.get(ReferValue.java:24)
	at org.nutz.ioc.impl.ObjectMakerImpl.make(ObjectMakerImpl.java:62)
	at org.nutz.ioc.impl.NutIoc.get(NutIoc.java:210)
	at org.nutz.ioc.impl.NutIoc.get(NutIoc.java:239)
	at org.nutz.dao.test.DaoCase.setUp(DaoCase.java:22)
	at sun.reflect.GeneratedMethodAccessor23.invoke(Unknown Source)
	at sun.reflect.DelegatingMethodAccessorImpl.invoke(DelegatingMethodAccessorImpl.java:43)
	at java.lang.reflect.Method.invoke(Method.java:498)
	at org.junit.runners.model.FrameworkMethod$1.runReflectiveCall(FrameworkMethod.java:44)
	at org.junit.internal.runners.model.ReflectiveCallable.run(ReflectiveCallable.java:15)
	at org.junit.runners.model.FrameworkMethod.invokeExplosively(FrameworkMethod.java:41)
	at org.junit.internal.runners.statements.RunBefores.evaluate(RunBefores.java:27)
	at org.junit.internal.runners.statements.RunAfters.evaluate(RunAfters.java:31)
	at org.junit.runners.BlockJUnit4ClassRunner.runNotIgnored(BlockJUnit4ClassRunner.java:79)
	at org.junit.runners.BlockJUnit4ClassRunner.runChild(BlockJUnit4ClassRunner.java:71)
	at org.junit.runners.BlockJUnit4ClassRunner.runChild(BlockJUnit4ClassRunner.java:49)
	at org.junit.runners.ParentRunner$3.run(ParentRunner.java:193)
	at org.junit.runners.ParentRunner$1.schedule(ParentRunner.java:52)
	at org.junit.runners.ParentRunner.runChildren(ParentRunner.java:191)
	at org.junit.runners.ParentRunner.access$000(ParentRunner.java:42)
	at org.junit.runners.ParentRunner$2.evaluate(ParentRunner.java:184)
	at org.junit.runners.ParentRunner.run(ParentRunner.java:236)
	at org.apache.maven.surefire.junit4.JUnit4Provider.execute(JUnit4Provider.java:283)
	at org.apache.maven.surefire.junit4.JUnit4Provider.executeWithRerun(JUnit4Provider.java:173)
	at org.apache.maven.surefire.junit4.JUnit4Provider.executeTestSet(JUnit4Provider.java:153)
	at org.apache.maven.surefire.junit4.JUnit4Provider.invoke(JUnit4Provider.java:128)
	at org.apache.maven.surefire.booter.ForkedBooter.invokeProviderInSameClassLoader(ForkedBooter.java:203)
	at org.apache.maven.surefire.booter.ForkedBooter.runSuitesInProcess(ForkedBooter.java:155)
	at org.apache.maven.surefire.booter.ForkedBooter.main(ForkedBooter.java:103)
Caused by: java.lang.RuntimeException: folder or file like '^.+[.]properties$' no found in nutz-test.properties
	at org.nutz.lang.Lang.makeThrow(Lang.java:151)
	at org.nutz.resource.Scans.loadResource(Scans.java:112)
	at org.nutz.ioc.impl.PropertiesProxy.getResources(PropertiesProxy.java:153)
	at org.nutz.ioc.impl.PropertiesProxy.setPaths(PropertiesProxy.java:109)
	at org.nutz.ioc.impl.PropertiesProxy$FM$setPaths$d0275b2b871e237a38f11859247d1599.invoke(PropertiesProxy.java)
	at org.nutz.lang.inject.InjectBySetter.inject(InjectBySetter.java:51)
	at org.nutz.ioc.weaver.FieldInjector.inject(FieldInjector.java:33)
	at org.nutz.ioc.weaver.DefaultWeaver.fill(DefaultWeaver.java:56)
	at org.nutz.ioc.impl.ObjectMakerImpl.make(ObjectMakerImpl.java:136)
	at org.nutz.ioc.impl.NutIoc.get(NutIoc.java:210)
	at org.nutz.ioc.impl.NutIoc.get(NutIoc.java:239)
	at org.nutz.ioc.java.IocObjectNode.getValue(IocObjectNode.java:19)
	at org.nutz.ioc.java.ChainNode.eval(ChainNode.java:24)
	at org.nutz.ioc.java.ChainNode.eval(ChainNode.java:19)
	at org.nutz.ioc.val.JavaValue.get(JavaValue.java:69)
	at org.nutz.ioc.weaver.FieldInjector.inject(FieldInjector.java:32)
	at org.nutz.ioc.weaver.DefaultWeaver.fill(DefaultWeaver.java:56)
	at org.nutz.ioc.impl.ObjectMakerImpl.make(ObjectMakerImpl.java:136)
	at org.nutz.ioc.impl.NutIoc.get(NutIoc.java:210)
	at org.nutz.ioc.val.ReferValue.get(ReferValue.java:24)
	at org.nutz.ioc.impl.ObjectMakerImpl.make(ObjectMakerImpl.java:62)
	at org.nutz.ioc.impl.NutIoc.get(NutIoc.java:210)
	at org.nutz.ioc.impl.NutIoc.get(NutIoc.java:239)
	at org.nutz.dao.test.DaoCase.setUp(DaoCase.java:22)
	at sun.reflect.GeneratedMethodAccessor23.invoke(Unknown Source)
	at sun.reflect.DelegatingMethodAccessorImpl.invoke(DelegatingMethodAccessorImpl.java:43)
	at java.lang.reflect.Method.invoke(Method.java:498)
	at org.junit.runners.model.FrameworkMethod$1.runReflectiveCall(FrameworkMethod.java:44)
	at org.junit.internal.runners.model.ReflectiveCallable.run(ReflectiveCallable.java:15)
	at org.junit.runners.model.FrameworkMethod.invokeExplosively(FrameworkMethod.java:41)
	at org.junit.internal.runners.statements.RunBefores.evaluate(RunBefores.java:27)
	at org.junit.internal.runners.statements.RunAfters.evaluate(RunAfters.java:31)
	at org.junit.runners.BlockJUnit4ClassRunner.runNotIgnored(BlockJUnit4ClassRunner.java:79)
	at org.junit.runners.BlockJUnit4ClassRunner.runChild(BlockJUnit4ClassRunner.java:71)
	at org.junit.runners.BlockJUnit4ClassRunner.runChild(BlockJUnit4ClassRunner.java:49)
	at org.junit.runners.ParentRunner$3.run(ParentRunner.java:193)
	at org.junit.runners.ParentRunner$1.schedule(ParentRunner.java:52)
	at org.junit.runners.ParentRunner.runChildren(ParentRunner.java:191)
	at org.junit.runners.ParentRunner.access$000(ParentRunner.java:42)
	at org.junit.runners.ParentRunner$2.evaluate(ParentRunner.java:184)
	at org.junit.runners.ParentRunner.run(ParentRunner.java:236)
	at org.apache.maven.surefire.junit4.JUnit4Provider.execute(JUnit4Provider.java:283)
	at org.apache.maven.surefire.junit4.JUnit4Provider.executeWithRerun(JUnit4Provider.java:173)
	at org.apache.maven.surefire.junit4.JUnit4Provider.executeTestSet(JUnit4Provider.java:153)
	at org.apache.maven.surefire.junit4.JUnit4Provider.invoke(JUnit4Provider.java:128)
	at org.apache.maven.surefire.booter.ForkedBooter.invokeProviderInSameClassLoader(ForkedBooter.java:203)
	at org.apache.maven.surefire.booter.ForkedBooter.runSuitesInProcess(ForkedBooter.java:155)
	at org.apache.maven.surefire.booter.ForkedBooter.main(ForkedBooter.java:103)
</error>
  </testcase>
  <testcase name="test_issue_1168" classname="org.nutz.dao.test.normal.SimpleDaoTest" time="0">
    <error message="IocBean[dao -&gt; dataSource] throw Exception when creating" type="org.nutz.ioc.IocException">org.nutz.ioc.IocException: IocBean[dao -> dataSource] throw Exception when creating
	at org.nutz.ioc.impl.ObjectMakerImpl.make(ObjectMakerImpl.java:150)
	at org.nutz.ioc.impl.NutIoc.get(NutIoc.java:210)
	at org.nutz.ioc.val.ReferValue.get(ReferValue.java:24)
	at org.nutz.ioc.impl.ObjectMakerImpl.make(ObjectMakerImpl.java:62)
	at org.nutz.ioc.impl.NutIoc.get(NutIoc.java:210)
	at org.nutz.ioc.impl.NutIoc.get(NutIoc.java:239)
	at org.nutz.dao.test.DaoCase.setUp(DaoCase.java:22)
	at sun.reflect.GeneratedMethodAccessor23.invoke(Unknown Source)
	at sun.reflect.DelegatingMethodAccessorImpl.invoke(DelegatingMethodAccessorImpl.java:43)
	at java.lang.reflect.Method.invoke(Method.java:498)
	at org.junit.runners.model.FrameworkMethod$1.runReflectiveCall(FrameworkMethod.java:44)
	at org.junit.internal.runners.model.ReflectiveCallable.run(ReflectiveCallable.java:15)
	at org.junit.runners.model.FrameworkMethod.invokeExplosively(FrameworkMethod.java:41)
	at org.junit.internal.runners.statements.RunBefores.evaluate(RunBefores.java:27)
	at org.junit.internal.runners.statements.RunAfters.evaluate(RunAfters.java:31)
	at org.junit.runners.BlockJUnit4ClassRunner.runNotIgnored(BlockJUnit4ClassRunner.java:79)
	at org.junit.runners.BlockJUnit4ClassRunner.runChild(BlockJUnit4ClassRunner.java:71)
	at org.junit.runners.BlockJUnit4ClassRunner.runChild(BlockJUnit4ClassRunner.java:49)
	at org.junit.runners.ParentRunner$3.run(ParentRunner.java:193)
	at org.junit.runners.ParentRunner$1.schedule(ParentRunner.java:52)
	at org.junit.runners.ParentRunner.runChildren(ParentRunner.java:191)
	at org.junit.runners.ParentRunner.access$000(ParentRunner.java:42)
	at org.junit.runners.ParentRunner$2.evaluate(ParentRunner.java:184)
	at org.junit.runners.ParentRunner.run(ParentRunner.java:236)
	at org.apache.maven.surefire.junit4.JUnit4Provider.execute(JUnit4Provider.java:283)
	at org.apache.maven.surefire.junit4.JUnit4Provider.executeWithRerun(JUnit4Provider.java:173)
	at org.apache.maven.surefire.junit4.JUnit4Provider.executeTestSet(JUnit4Provider.java:153)
	at org.apache.maven.surefire.junit4.JUnit4Provider.invoke(JUnit4Provider.java:128)
	at org.apache.maven.surefire.booter.ForkedBooter.invokeProviderInSameClassLoader(ForkedBooter.java:203)
	at org.apache.maven.surefire.booter.ForkedBooter.runSuitesInProcess(ForkedBooter.java:155)
	at org.apache.maven.surefire.booter.ForkedBooter.main(ForkedBooter.java:103)
Caused by: java.lang.RuntimeException: IocBean[dataSource] fail at field=[driverClassName]
	at org.nutz.ioc.weaver.FieldInjector.inject(FieldInjector.java:40)
	at org.nutz.ioc.weaver.DefaultWeaver.fill(DefaultWeaver.java:56)
	at org.nutz.ioc.impl.ObjectMakerImpl.make(ObjectMakerImpl.java:136)
	at org.nutz.ioc.impl.NutIoc.get(NutIoc.java:210)
	at org.nutz.ioc.val.ReferValue.get(ReferValue.java:24)
	at org.nutz.ioc.impl.ObjectMakerImpl.make(ObjectMakerImpl.java:62)
	at org.nutz.ioc.impl.NutIoc.get(NutIoc.java:210)
	at org.nutz.ioc.impl.NutIoc.get(NutIoc.java:239)
	at org.nutz.dao.test.DaoCase.setUp(DaoCase.java:22)
	at sun.reflect.GeneratedMethodAccessor23.invoke(Unknown Source)
	at sun.reflect.DelegatingMethodAccessorImpl.invoke(DelegatingMethodAccessorImpl.java:43)
	at java.lang.reflect.Method.invoke(Method.java:498)
	at org.junit.runners.model.FrameworkMethod$1.runReflectiveCall(FrameworkMethod.java:44)
	at org.junit.internal.runners.model.ReflectiveCallable.run(ReflectiveCallable.java:15)
	at org.junit.runners.model.FrameworkMethod.invokeExplosively(FrameworkMethod.java:41)
	at org.junit.internal.runners.statements.RunBefores.evaluate(RunBefores.java:27)
	at org.junit.internal.runners.statements.RunAfters.evaluate(RunAfters.java:31)
	at org.junit.runners.BlockJUnit4ClassRunner.runNotIgnored(BlockJUnit4ClassRunner.java:79)
	at org.junit.runners.BlockJUnit4ClassRunner.runChild(BlockJUnit4ClassRunner.java:71)
	at org.junit.runners.BlockJUnit4ClassRunner.runChild(BlockJUnit4ClassRunner.java:49)
	at org.junit.runners.ParentRunner$3.run(ParentRunner.java:193)
	at org.junit.runners.ParentRunner$1.schedule(ParentRunner.java:52)
	at org.junit.runners.ParentRunner.runChildren(ParentRunner.java:191)
	at org.junit.runners.ParentRunner.access$000(ParentRunner.java:42)
	at org.junit.runners.ParentRunner$2.evaluate(ParentRunner.java:184)
	at org.junit.runners.ParentRunner.run(ParentRunner.java:236)
	at org.apache.maven.surefire.junit4.JUnit4Provider.execute(JUnit4Provider.java:283)
	at org.apache.maven.surefire.junit4.JUnit4Provider.executeWithRerun(JUnit4Provider.java:173)
	at org.apache.maven.surefire.junit4.JUnit4Provider.executeTestSet(JUnit4Provider.java:153)
	at org.apache.maven.surefire.junit4.JUnit4Provider.invoke(JUnit4Provider.java:128)
	at org.apache.maven.surefire.booter.ForkedBooter.invokeProviderInSameClassLoader(ForkedBooter.java:203)
	at org.apache.maven.surefire.booter.ForkedBooter.runSuitesInProcess(ForkedBooter.java:155)
	at org.apache.maven.surefire.booter.ForkedBooter.main(ForkedBooter.java:103)
Caused by: org.nutz.ioc.IocException: IocBean[config] throw Exception when creating
	at org.nutz.ioc.impl.ObjectMakerImpl.make(ObjectMakerImpl.java:150)
	at org.nutz.ioc.impl.NutIoc.get(NutIoc.java:210)
	at org.nutz.ioc.impl.NutIoc.get(NutIoc.java:239)
	at org.nutz.ioc.java.IocObjectNode.getValue(IocObjectNode.java:19)
	at org.nutz.ioc.java.ChainNode.eval(ChainNode.java:24)
	at org.nutz.ioc.java.ChainNode.eval(ChainNode.java:19)
	at org.nutz.ioc.val.JavaValue.get(JavaValue.java:69)
	at org.nutz.ioc.weaver.FieldInjector.inject(FieldInjector.java:32)
	at org.nutz.ioc.weaver.DefaultWeaver.fill(DefaultWeaver.java:56)
	at org.nutz.ioc.impl.ObjectMakerImpl.make(ObjectMakerImpl.java:136)
	at org.nutz.ioc.impl.NutIoc.get(NutIoc.java:210)
	at org.nutz.ioc.val.ReferValue.get(ReferValue.java:24)
	at org.nutz.ioc.impl.ObjectMakerImpl.make(ObjectMakerImpl.java:62)
	at org.nutz.ioc.impl.NutIoc.get(NutIoc.java:210)
	at org.nutz.ioc.impl.NutIoc.get(NutIoc.java:239)
	at org.nutz.dao.test.DaoCase.setUp(DaoCase.java:22)
	at sun.reflect.GeneratedMethodAccessor23.invoke(Unknown Source)
	at sun.reflect.DelegatingMethodAccessorImpl.invoke(DelegatingMethodAccessorImpl.java:43)
	at java.lang.reflect.Method.invoke(Method.java:498)
	at org.junit.runners.model.FrameworkMethod$1.runReflectiveCall(FrameworkMethod.java:44)
	at org.junit.internal.runners.model.ReflectiveCallable.run(ReflectiveCallable.java:15)
	at org.junit.runners.model.FrameworkMethod.invokeExplosively(FrameworkMethod.java:41)
	at org.junit.internal.runners.statements.RunBefores.evaluate(RunBefores.java:27)
	at org.junit.internal.runners.statements.RunAfters.evaluate(RunAfters.java:31)
	at org.junit.runners.BlockJUnit4ClassRunner.runNotIgnored(BlockJUnit4ClassRunner.java:79)
	at org.junit.runners.BlockJUnit4ClassRunner.runChild(BlockJUnit4ClassRunner.java:71)
	at org.junit.runners.BlockJUnit4ClassRunner.runChild(BlockJUnit4ClassRunner.java:49)
	at org.junit.runners.ParentRunner$3.run(ParentRunner.java:193)
	at org.junit.runners.ParentRunner$1.schedule(ParentRunner.java:52)
	at org.junit.runners.ParentRunner.runChildren(ParentRunner.java:191)
	at org.junit.runners.ParentRunner.access$000(ParentRunner.java:42)
	at org.junit.runners.ParentRunner$2.evaluate(ParentRunner.java:184)
	at org.junit.runners.ParentRunner.run(ParentRunner.java:236)
	at org.apache.maven.surefire.junit4.JUnit4Provider.execute(JUnit4Provider.java:283)
	at org.apache.maven.surefire.junit4.JUnit4Provider.executeWithRerun(JUnit4Provider.java:173)
	at org.apache.maven.surefire.junit4.JUnit4Provider.executeTestSet(JUnit4Provider.java:153)
	at org.apache.maven.surefire.junit4.JUnit4Provider.invoke(JUnit4Provider.java:128)
	at org.apache.maven.surefire.booter.ForkedBooter.invokeProviderInSameClassLoader(ForkedBooter.java:203)
	at org.apache.maven.surefire.booter.ForkedBooter.runSuitesInProcess(ForkedBooter.java:155)
	at org.apache.maven.surefire.booter.ForkedBooter.main(ForkedBooter.java:103)
Caused by: java.lang.RuntimeException: IocBean[config] fail at field=[paths]
	at org.nutz.ioc.weaver.FieldInjector.inject(FieldInjector.java:40)
	at org.nutz.ioc.weaver.DefaultWeaver.fill(DefaultWeaver.java:56)
	at org.nutz.ioc.impl.ObjectMakerImpl.make(ObjectMakerImpl.java:136)
	at org.nutz.ioc.impl.NutIoc.get(NutIoc.java:210)
	at org.nutz.ioc.impl.NutIoc.get(NutIoc.java:239)
	at org.nutz.ioc.java.IocObjectNode.getValue(IocObjectNode.java:19)
	at org.nutz.ioc.java.ChainNode.eval(ChainNode.java:24)
	at org.nutz.ioc.java.ChainNode.eval(ChainNode.java:19)
	at org.nutz.ioc.val.JavaValue.get(JavaValue.java:69)
	at org.nutz.ioc.weaver.FieldInjector.inject(FieldInjector.java:32)
	at org.nutz.ioc.weaver.DefaultWeaver.fill(DefaultWeaver.java:56)
	at org.nutz.ioc.impl.ObjectMakerImpl.make(ObjectMakerImpl.java:136)
	at org.nutz.ioc.impl.NutIoc.get(NutIoc.java:210)
	at org.nutz.ioc.val.ReferValue.get(ReferValue.java:24)
	at org.nutz.ioc.impl.ObjectMakerImpl.make(ObjectMakerImpl.java:62)
	at org.nutz.ioc.impl.NutIoc.get(NutIoc.java:210)
	at org.nutz.ioc.impl.NutIoc.get(NutIoc.java:239)
	at org.nutz.dao.test.DaoCase.setUp(DaoCase.java:22)
	at sun.reflect.GeneratedMethodAccessor23.invoke(Unknown Source)
	at sun.reflect.DelegatingMethodAccessorImpl.invoke(DelegatingMethodAccessorImpl.java:43)
	at java.lang.reflect.Method.invoke(Method.java:498)
	at org.junit.runners.model.FrameworkMethod$1.runReflectiveCall(FrameworkMethod.java:44)
	at org.junit.internal.runners.model.ReflectiveCallable.run(ReflectiveCallable.java:15)
	at org.junit.runners.model.FrameworkMethod.invokeExplosively(FrameworkMethod.java:41)
	at org.junit.internal.runners.statements.RunBefores.evaluate(RunBefores.java:27)
	at org.junit.internal.runners.statements.RunAfters.evaluate(RunAfters.java:31)
	at org.junit.runners.BlockJUnit4ClassRunner.runNotIgnored(BlockJUnit4ClassRunner.java:79)
	at org.junit.runners.BlockJUnit4ClassRunner.runChild(BlockJUnit4ClassRunner.java:71)
	at org.junit.runners.BlockJUnit4ClassRunner.runChild(BlockJUnit4ClassRunner.java:49)
	at org.junit.runners.ParentRunner$3.run(ParentRunner.java:193)
	at org.junit.runners.ParentRunner$1.schedule(ParentRunner.java:52)
	at org.junit.runners.ParentRunner.runChildren(ParentRunner.java:191)
	at org.junit.runners.ParentRunner.access$000(ParentRunner.java:42)
	at org.junit.runners.ParentRunner$2.evaluate(ParentRunner.java:184)
	at org.junit.runners.ParentRunner.run(ParentRunner.java:236)
	at org.apache.maven.surefire.junit4.JUnit4Provider.execute(JUnit4Provider.java:283)
	at org.apache.maven.surefire.junit4.JUnit4Provider.executeWithRerun(JUnit4Provider.java:173)
	at org.apache.maven.surefire.junit4.JUnit4Provider.executeTestSet(JUnit4Provider.java:153)
	at org.apache.maven.surefire.junit4.JUnit4Provider.invoke(JUnit4Provider.java:128)
	at org.apache.maven.surefire.booter.ForkedBooter.invokeProviderInSameClassLoader(ForkedBooter.java:203)
	at org.apache.maven.surefire.booter.ForkedBooter.runSuitesInProcess(ForkedBooter.java:155)
	at org.apache.maven.surefire.booter.ForkedBooter.main(ForkedBooter.java:103)
Caused by: java.lang.RuntimeException: Fail to set '[nutz-test.properties]'[ [Ljava.lang.String;@35adf623 ] by setter org.nutz.ioc.impl.PropertiesProxy.'setPaths()' because [java.lang.RuntimeException: folder or file like '^.+[.]properties$' no found in nutz-test.properties]: folder or file like '^.+[.]properties$' no found in nutz-test.properties
	at org.nutz.lang.Lang.wrapThrow(Lang.java:167)
	at org.nutz.lang.inject.InjectBySetter.inject(InjectBySetter.java:62)
	at org.nutz.ioc.weaver.FieldInjector.inject(FieldInjector.java:33)
	at org.nutz.ioc.weaver.DefaultWeaver.fill(DefaultWeaver.java:56)
	at org.nutz.ioc.impl.ObjectMakerImpl.make(ObjectMakerImpl.java:136)
	at org.nutz.ioc.impl.NutIoc.get(NutIoc.java:210)
	at org.nutz.ioc.impl.NutIoc.get(NutIoc.java:239)
	at org.nutz.ioc.java.IocObjectNode.getValue(IocObjectNode.java:19)
	at org.nutz.ioc.java.ChainNode.eval(ChainNode.java:24)
	at org.nutz.ioc.java.ChainNode.eval(ChainNode.java:19)
	at org.nutz.ioc.val.JavaValue.get(JavaValue.java:69)
	at org.nutz.ioc.weaver.FieldInjector.inject(FieldInjector.java:32)
	at org.nutz.ioc.weaver.DefaultWeaver.fill(DefaultWeaver.java:56)
	at org.nutz.ioc.impl.ObjectMakerImpl.make(ObjectMakerImpl.java:136)
	at org.nutz.ioc.impl.NutIoc.get(NutIoc.java:210)
	at org.nutz.ioc.val.ReferValue.get(ReferValue.java:24)
	at org.nutz.ioc.impl.ObjectMakerImpl.make(ObjectMakerImpl.java:62)
	at org.nutz.ioc.impl.NutIoc.get(NutIoc.java:210)
	at org.nutz.ioc.impl.NutIoc.get(NutIoc.java:239)
	at org.nutz.dao.test.DaoCase.setUp(DaoCase.java:22)
	at sun.reflect.GeneratedMethodAccessor23.invoke(Unknown Source)
	at sun.reflect.DelegatingMethodAccessorImpl.invoke(DelegatingMethodAccessorImpl.java:43)
	at java.lang.reflect.Method.invoke(Method.java:498)
	at org.junit.runners.model.FrameworkMethod$1.runReflectiveCall(FrameworkMethod.java:44)
	at org.junit.internal.runners.model.ReflectiveCallable.run(ReflectiveCallable.java:15)
	at org.junit.runners.model.FrameworkMethod.invokeExplosively(FrameworkMethod.java:41)
	at org.junit.internal.runners.statements.RunBefores.evaluate(RunBefores.java:27)
	at org.junit.internal.runners.statements.RunAfters.evaluate(RunAfters.java:31)
	at org.junit.runners.BlockJUnit4ClassRunner.runNotIgnored(BlockJUnit4ClassRunner.java:79)
	at org.junit.runners.BlockJUnit4ClassRunner.runChild(BlockJUnit4ClassRunner.java:71)
	at org.junit.runners.BlockJUnit4ClassRunner.runChild(BlockJUnit4ClassRunner.java:49)
	at org.junit.runners.ParentRunner$3.run(ParentRunner.java:193)
	at org.junit.runners.ParentRunner$1.schedule(ParentRunner.java:52)
	at org.junit.runners.ParentRunner.runChildren(ParentRunner.java:191)
	at org.junit.runners.ParentRunner.access$000(ParentRunner.java:42)
	at org.junit.runners.ParentRunner$2.evaluate(ParentRunner.java:184)
	at org.junit.runners.ParentRunner.run(ParentRunner.java:236)
	at org.apache.maven.surefire.junit4.JUnit4Provider.execute(JUnit4Provider.java:283)
	at org.apache.maven.surefire.junit4.JUnit4Provider.executeWithRerun(JUnit4Provider.java:173)
	at org.apache.maven.surefire.junit4.JUnit4Provider.executeTestSet(JUnit4Provider.java:153)
	at org.apache.maven.surefire.junit4.JUnit4Provider.invoke(JUnit4Provider.java:128)
	at org.apache.maven.surefire.booter.ForkedBooter.invokeProviderInSameClassLoader(ForkedBooter.java:203)
	at org.apache.maven.surefire.booter.ForkedBooter.runSuitesInProcess(ForkedBooter.java:155)
	at org.apache.maven.surefire.booter.ForkedBooter.main(ForkedBooter.java:103)
Caused by: java.lang.RuntimeException: folder or file like '^.+[.]properties$' no found in nutz-test.properties
	at org.nutz.lang.Lang.makeThrow(Lang.java:151)
	at org.nutz.resource.Scans.loadResource(Scans.java:112)
	at org.nutz.ioc.impl.PropertiesProxy.getResources(PropertiesProxy.java:153)
	at org.nutz.ioc.impl.PropertiesProxy.setPaths(PropertiesProxy.java:109)
	at org.nutz.ioc.impl.PropertiesProxy$FM$setPaths$d0275b2b871e237a38f11859247d1599.invoke(PropertiesProxy.java)
	at org.nutz.lang.inject.InjectBySetter.inject(InjectBySetter.java:51)
	at org.nutz.ioc.weaver.FieldInjector.inject(FieldInjector.java:33)
	at org.nutz.ioc.weaver.DefaultWeaver.fill(DefaultWeaver.java:56)
	at org.nutz.ioc.impl.ObjectMakerImpl.make(ObjectMakerImpl.java:136)
	at org.nutz.ioc.impl.NutIoc.get(NutIoc.java:210)
	at org.nutz.ioc.impl.NutIoc.get(NutIoc.java:239)
	at org.nutz.ioc.java.IocObjectNode.getValue(IocObjectNode.java:19)
	at org.nutz.ioc.java.ChainNode.eval(ChainNode.java:24)
	at org.nutz.ioc.java.ChainNode.eval(ChainNode.java:19)
	at org.nutz.ioc.val.JavaValue.get(JavaValue.java:69)
	at org.nutz.ioc.weaver.FieldInjector.inject(FieldInjector.java:32)
	at org.nutz.ioc.weaver.DefaultWeaver.fill(DefaultWeaver.java:56)
	at org.nutz.ioc.impl.ObjectMakerImpl.make(ObjectMakerImpl.java:136)
	at org.nutz.ioc.impl.NutIoc.get(NutIoc.java:210)
	at org.nutz.ioc.val.ReferValue.get(ReferValue.java:24)
	at org.nutz.ioc.impl.ObjectMakerImpl.make(ObjectMakerImpl.java:62)
	at org.nutz.ioc.impl.NutIoc.get(NutIoc.java:210)
	at org.nutz.ioc.impl.NutIoc.get(NutIoc.java:239)
	at org.nutz.dao.test.DaoCase.setUp(DaoCase.java:22)
	at sun.reflect.GeneratedMethodAccessor23.invoke(Unknown Source)
	at sun.reflect.DelegatingMethodAccessorImpl.invoke(DelegatingMethodAccessorImpl.java:43)
	at java.lang.reflect.Method.invoke(Method.java:498)
	at org.junit.runners.model.FrameworkMethod$1.runReflectiveCall(FrameworkMethod.java:44)
	at org.junit.internal.runners.model.ReflectiveCallable.run(ReflectiveCallable.java:15)
	at org.junit.runners.model.FrameworkMethod.invokeExplosively(FrameworkMethod.java:41)
	at org.junit.internal.runners.statements.RunBefores.evaluate(RunBefores.java:27)
	at org.junit.internal.runners.statements.RunAfters.evaluate(RunAfters.java:31)
	at org.junit.runners.BlockJUnit4ClassRunner.runNotIgnored(BlockJUnit4ClassRunner.java:79)
	at org.junit.runners.BlockJUnit4ClassRunner.runChild(BlockJUnit4ClassRunner.java:71)
	at org.junit.runners.BlockJUnit4ClassRunner.runChild(BlockJUnit4ClassRunner.java:49)
	at org.junit.runners.ParentRunner$3.run(ParentRunner.java:193)
	at org.junit.runners.ParentRunner$1.schedule(ParentRunner.java:52)
	at org.junit.runners.ParentRunner.runChildren(ParentRunner.java:191)
	at org.junit.runners.ParentRunner.access$000(ParentRunner.java:42)
	at org.junit.runners.ParentRunner$2.evaluate(ParentRunner.java:184)
	at org.junit.runners.ParentRunner.run(ParentRunner.java:236)
	at org.apache.maven.surefire.junit4.JUnit4Provider.execute(JUnit4Provider.java:283)
	at org.apache.maven.surefire.junit4.JUnit4Provider.executeWithRerun(JUnit4Provider.java:173)
	at org.apache.maven.surefire.junit4.JUnit4Provider.executeTestSet(JUnit4Provider.java:153)
	at org.apache.maven.surefire.junit4.JUnit4Provider.invoke(JUnit4Provider.java:128)
	at org.apache.maven.surefire.booter.ForkedBooter.invokeProviderInSameClassLoader(ForkedBooter.java:203)
	at org.apache.maven.surefire.booter.ForkedBooter.runSuitesInProcess(ForkedBooter.java:155)
	at org.apache.maven.surefire.booter.ForkedBooter.main(ForkedBooter.java:103)
</error>
  </testcase>
  <testcase name="test_coldefine_len" classname="org.nutz.dao.test.normal.SimpleDaoTest" time="0">
    <error message="IocBean[dao -&gt; dataSource] throw Exception when creating" type="org.nutz.ioc.IocException">org.nutz.ioc.IocException: IocBean[dao -> dataSource] throw Exception when creating
	at org.nutz.ioc.impl.ObjectMakerImpl.make(ObjectMakerImpl.java:150)
	at org.nutz.ioc.impl.NutIoc.get(NutIoc.java:210)
	at org.nutz.ioc.val.ReferValue.get(ReferValue.java:24)
	at org.nutz.ioc.impl.ObjectMakerImpl.make(ObjectMakerImpl.java:62)
	at org.nutz.ioc.impl.NutIoc.get(NutIoc.java:210)
	at org.nutz.ioc.impl.NutIoc.get(NutIoc.java:239)
	at org.nutz.dao.test.DaoCase.setUp(DaoCase.java:22)
	at sun.reflect.GeneratedMethodAccessor23.invoke(Unknown Source)
	at sun.reflect.DelegatingMethodAccessorImpl.invoke(DelegatingMethodAccessorImpl.java:43)
	at java.lang.reflect.Method.invoke(Method.java:498)
	at org.junit.runners.model.FrameworkMethod$1.runReflectiveCall(FrameworkMethod.java:44)
	at org.junit.internal.runners.model.ReflectiveCallable.run(ReflectiveCallable.java:15)
	at org.junit.runners.model.FrameworkMethod.invokeExplosively(FrameworkMethod.java:41)
	at org.junit.internal.runners.statements.RunBefores.evaluate(RunBefores.java:27)
	at org.junit.internal.runners.statements.RunAfters.evaluate(RunAfters.java:31)
	at org.junit.runners.BlockJUnit4ClassRunner.runNotIgnored(BlockJUnit4ClassRunner.java:79)
	at org.junit.runners.BlockJUnit4ClassRunner.runChild(BlockJUnit4ClassRunner.java:71)
	at org.junit.runners.BlockJUnit4ClassRunner.runChild(BlockJUnit4ClassRunner.java:49)
	at org.junit.runners.ParentRunner$3.run(ParentRunner.java:193)
	at org.junit.runners.ParentRunner$1.schedule(ParentRunner.java:52)
	at org.junit.runners.ParentRunner.runChildren(ParentRunner.java:191)
	at org.junit.runners.ParentRunner.access$000(ParentRunner.java:42)
	at org.junit.runners.ParentRunner$2.evaluate(ParentRunner.java:184)
	at org.junit.runners.ParentRunner.run(ParentRunner.java:236)
	at org.apache.maven.surefire.junit4.JUnit4Provider.execute(JUnit4Provider.java:283)
	at org.apache.maven.surefire.junit4.JUnit4Provider.executeWithRerun(JUnit4Provider.java:173)
	at org.apache.maven.surefire.junit4.JUnit4Provider.executeTestSet(JUnit4Provider.java:153)
	at org.apache.maven.surefire.junit4.JUnit4Provider.invoke(JUnit4Provider.java:128)
	at org.apache.maven.surefire.booter.ForkedBooter.invokeProviderInSameClassLoader(ForkedBooter.java:203)
	at org.apache.maven.surefire.booter.ForkedBooter.runSuitesInProcess(ForkedBooter.java:155)
	at org.apache.maven.surefire.booter.ForkedBooter.main(ForkedBooter.java:103)
Caused by: java.lang.RuntimeException: IocBean[dataSource] fail at field=[driverClassName]
	at org.nutz.ioc.weaver.FieldInjector.inject(FieldInjector.java:40)
	at org.nutz.ioc.weaver.DefaultWeaver.fill(DefaultWeaver.java:56)
	at org.nutz.ioc.impl.ObjectMakerImpl.make(ObjectMakerImpl.java:136)
	at org.nutz.ioc.impl.NutIoc.get(NutIoc.java:210)
	at org.nutz.ioc.val.ReferValue.get(ReferValue.java:24)
	at org.nutz.ioc.impl.ObjectMakerImpl.make(ObjectMakerImpl.java:62)
	at org.nutz.ioc.impl.NutIoc.get(NutIoc.java:210)
	at org.nutz.ioc.impl.NutIoc.get(NutIoc.java:239)
	at org.nutz.dao.test.DaoCase.setUp(DaoCase.java:22)
	at sun.reflect.GeneratedMethodAccessor23.invoke(Unknown Source)
	at sun.reflect.DelegatingMethodAccessorImpl.invoke(DelegatingMethodAccessorImpl.java:43)
	at java.lang.reflect.Method.invoke(Method.java:498)
	at org.junit.runners.model.FrameworkMethod$1.runReflectiveCall(FrameworkMethod.java:44)
	at org.junit.internal.runners.model.ReflectiveCallable.run(ReflectiveCallable.java:15)
	at org.junit.runners.model.FrameworkMethod.invokeExplosively(FrameworkMethod.java:41)
	at org.junit.internal.runners.statements.RunBefores.evaluate(RunBefores.java:27)
	at org.junit.internal.runners.statements.RunAfters.evaluate(RunAfters.java:31)
	at org.junit.runners.BlockJUnit4ClassRunner.runNotIgnored(BlockJUnit4ClassRunner.java:79)
	at org.junit.runners.BlockJUnit4ClassRunner.runChild(BlockJUnit4ClassRunner.java:71)
	at org.junit.runners.BlockJUnit4ClassRunner.runChild(BlockJUnit4ClassRunner.java:49)
	at org.junit.runners.ParentRunner$3.run(ParentRunner.java:193)
	at org.junit.runners.ParentRunner$1.schedule(ParentRunner.java:52)
	at org.junit.runners.ParentRunner.runChildren(ParentRunner.java:191)
	at org.junit.runners.ParentRunner.access$000(ParentRunner.java:42)
	at org.junit.runners.ParentRunner$2.evaluate(ParentRunner.java:184)
	at org.junit.runners.ParentRunner.run(ParentRunner.java:236)
	at org.apache.maven.surefire.junit4.JUnit4Provider.execute(JUnit4Provider.java:283)
	at org.apache.maven.surefire.junit4.JUnit4Provider.executeWithRerun(JUnit4Provider.java:173)
	at org.apache.maven.surefire.junit4.JUnit4Provider.executeTestSet(JUnit4Provider.java:153)
	at org.apache.maven.surefire.junit4.JUnit4Provider.invoke(JUnit4Provider.java:128)
	at org.apache.maven.surefire.booter.ForkedBooter.invokeProviderInSameClassLoader(ForkedBooter.java:203)
	at org.apache.maven.surefire.booter.ForkedBooter.runSuitesInProcess(ForkedBooter.java:155)
	at org.apache.maven.surefire.booter.ForkedBooter.main(ForkedBooter.java:103)
Caused by: org.nutz.ioc.IocException: IocBean[config] throw Exception when creating
	at org.nutz.ioc.impl.ObjectMakerImpl.make(ObjectMakerImpl.java:150)
	at org.nutz.ioc.impl.NutIoc.get(NutIoc.java:210)
	at org.nutz.ioc.impl.NutIoc.get(NutIoc.java:239)
	at org.nutz.ioc.java.IocObjectNode.getValue(IocObjectNode.java:19)
	at org.nutz.ioc.java.ChainNode.eval(ChainNode.java:24)
	at org.nutz.ioc.java.ChainNode.eval(ChainNode.java:19)
	at org.nutz.ioc.val.JavaValue.get(JavaValue.java:69)
	at org.nutz.ioc.weaver.FieldInjector.inject(FieldInjector.java:32)
	at org.nutz.ioc.weaver.DefaultWeaver.fill(DefaultWeaver.java:56)
	at org.nutz.ioc.impl.ObjectMakerImpl.make(ObjectMakerImpl.java:136)
	at org.nutz.ioc.impl.NutIoc.get(NutIoc.java:210)
	at org.nutz.ioc.val.ReferValue.get(ReferValue.java:24)
	at org.nutz.ioc.impl.ObjectMakerImpl.make(ObjectMakerImpl.java:62)
	at org.nutz.ioc.impl.NutIoc.get(NutIoc.java:210)
	at org.nutz.ioc.impl.NutIoc.get(NutIoc.java:239)
	at org.nutz.dao.test.DaoCase.setUp(DaoCase.java:22)
	at sun.reflect.GeneratedMethodAccessor23.invoke(Unknown Source)
	at sun.reflect.DelegatingMethodAccessorImpl.invoke(DelegatingMethodAccessorImpl.java:43)
	at java.lang.reflect.Method.invoke(Method.java:498)
	at org.junit.runners.model.FrameworkMethod$1.runReflectiveCall(FrameworkMethod.java:44)
	at org.junit.internal.runners.model.ReflectiveCallable.run(ReflectiveCallable.java:15)
	at org.junit.runners.model.FrameworkMethod.invokeExplosively(FrameworkMethod.java:41)
	at org.junit.internal.runners.statements.RunBefores.evaluate(RunBefores.java:27)
	at org.junit.internal.runners.statements.RunAfters.evaluate(RunAfters.java:31)
	at org.junit.runners.BlockJUnit4ClassRunner.runNotIgnored(BlockJUnit4ClassRunner.java:79)
	at org.junit.runners.BlockJUnit4ClassRunner.runChild(BlockJUnit4ClassRunner.java:71)
	at org.junit.runners.BlockJUnit4ClassRunner.runChild(BlockJUnit4ClassRunner.java:49)
	at org.junit.runners.ParentRunner$3.run(ParentRunner.java:193)
	at org.junit.runners.ParentRunner$1.schedule(ParentRunner.java:52)
	at org.junit.runners.ParentRunner.runChildren(ParentRunner.java:191)
	at org.junit.runners.ParentRunner.access$000(ParentRunner.java:42)
	at org.junit.runners.ParentRunner$2.evaluate(ParentRunner.java:184)
	at org.junit.runners.ParentRunner.run(ParentRunner.java:236)
	at org.apache.maven.surefire.junit4.JUnit4Provider.execute(JUnit4Provider.java:283)
	at org.apache.maven.surefire.junit4.JUnit4Provider.executeWithRerun(JUnit4Provider.java:173)
	at org.apache.maven.surefire.junit4.JUnit4Provider.executeTestSet(JUnit4Provider.java:153)
	at org.apache.maven.surefire.junit4.JUnit4Provider.invoke(JUnit4Provider.java:128)
	at org.apache.maven.surefire.booter.ForkedBooter.invokeProviderInSameClassLoader(ForkedBooter.java:203)
	at org.apache.maven.surefire.booter.ForkedBooter.runSuitesInProcess(ForkedBooter.java:155)
	at org.apache.maven.surefire.booter.ForkedBooter.main(ForkedBooter.java:103)
Caused by: java.lang.RuntimeException: IocBean[config] fail at field=[paths]
	at org.nutz.ioc.weaver.FieldInjector.inject(FieldInjector.java:40)
	at org.nutz.ioc.weaver.DefaultWeaver.fill(DefaultWeaver.java:56)
	at org.nutz.ioc.impl.ObjectMakerImpl.make(ObjectMakerImpl.java:136)
	at org.nutz.ioc.impl.NutIoc.get(NutIoc.java:210)
	at org.nutz.ioc.impl.NutIoc.get(NutIoc.java:239)
	at org.nutz.ioc.java.IocObjectNode.getValue(IocObjectNode.java:19)
	at org.nutz.ioc.java.ChainNode.eval(ChainNode.java:24)
	at org.nutz.ioc.java.ChainNode.eval(ChainNode.java:19)
	at org.nutz.ioc.val.JavaValue.get(JavaValue.java:69)
	at org.nutz.ioc.weaver.FieldInjector.inject(FieldInjector.java:32)
	at org.nutz.ioc.weaver.DefaultWeaver.fill(DefaultWeaver.java:56)
	at org.nutz.ioc.impl.ObjectMakerImpl.make(ObjectMakerImpl.java:136)
	at org.nutz.ioc.impl.NutIoc.get(NutIoc.java:210)
	at org.nutz.ioc.val.ReferValue.get(ReferValue.java:24)
	at org.nutz.ioc.impl.ObjectMakerImpl.make(ObjectMakerImpl.java:62)
	at org.nutz.ioc.impl.NutIoc.get(NutIoc.java:210)
	at org.nutz.ioc.impl.NutIoc.get(NutIoc.java:239)
	at org.nutz.dao.test.DaoCase.setUp(DaoCase.java:22)
	at sun.reflect.GeneratedMethodAccessor23.invoke(Unknown Source)
	at sun.reflect.DelegatingMethodAccessorImpl.invoke(DelegatingMethodAccessorImpl.java:43)
	at java.lang.reflect.Method.invoke(Method.java:498)
	at org.junit.runners.model.FrameworkMethod$1.runReflectiveCall(FrameworkMethod.java:44)
	at org.junit.internal.runners.model.ReflectiveCallable.run(ReflectiveCallable.java:15)
	at org.junit.runners.model.FrameworkMethod.invokeExplosively(FrameworkMethod.java:41)
	at org.junit.internal.runners.statements.RunBefores.evaluate(RunBefores.java:27)
	at org.junit.internal.runners.statements.RunAfters.evaluate(RunAfters.java:31)
	at org.junit.runners.BlockJUnit4ClassRunner.runNotIgnored(BlockJUnit4ClassRunner.java:79)
	at org.junit.runners.BlockJUnit4ClassRunner.runChild(BlockJUnit4ClassRunner.java:71)
	at org.junit.runners.BlockJUnit4ClassRunner.runChild(BlockJUnit4ClassRunner.java:49)
	at org.junit.runners.ParentRunner$3.run(ParentRunner.java:193)
	at org.junit.runners.ParentRunner$1.schedule(ParentRunner.java:52)
	at org.junit.runners.ParentRunner.runChildren(ParentRunner.java:191)
	at org.junit.runners.ParentRunner.access$000(ParentRunner.java:42)
	at org.junit.runners.ParentRunner$2.evaluate(ParentRunner.java:184)
	at org.junit.runners.ParentRunner.run(ParentRunner.java:236)
	at org.apache.maven.surefire.junit4.JUnit4Provider.execute(JUnit4Provider.java:283)
	at org.apache.maven.surefire.junit4.JUnit4Provider.executeWithRerun(JUnit4Provider.java:173)
	at org.apache.maven.surefire.junit4.JUnit4Provider.executeTestSet(JUnit4Provider.java:153)
	at org.apache.maven.surefire.junit4.JUnit4Provider.invoke(JUnit4Provider.java:128)
	at org.apache.maven.surefire.booter.ForkedBooter.invokeProviderInSameClassLoader(ForkedBooter.java:203)
	at org.apache.maven.surefire.booter.ForkedBooter.runSuitesInProcess(ForkedBooter.java:155)
	at org.apache.maven.surefire.booter.ForkedBooter.main(ForkedBooter.java:103)
Caused by: java.lang.RuntimeException: Fail to set '[nutz-test.properties]'[ [Ljava.lang.String;@456f7d9e ] by setter org.nutz.ioc.impl.PropertiesProxy.'setPaths()' because [java.lang.RuntimeException: folder or file like '^.+[.]properties$' no found in nutz-test.properties]: folder or file like '^.+[.]properties$' no found in nutz-test.properties
	at org.nutz.lang.Lang.wrapThrow(Lang.java:167)
	at org.nutz.lang.inject.InjectBySetter.inject(InjectBySetter.java:62)
	at org.nutz.ioc.weaver.FieldInjector.inject(FieldInjector.java:33)
	at org.nutz.ioc.weaver.DefaultWeaver.fill(DefaultWeaver.java:56)
	at org.nutz.ioc.impl.ObjectMakerImpl.make(ObjectMakerImpl.java:136)
	at org.nutz.ioc.impl.NutIoc.get(NutIoc.java:210)
	at org.nutz.ioc.impl.NutIoc.get(NutIoc.java:239)
	at org.nutz.ioc.java.IocObjectNode.getValue(IocObjectNode.java:19)
	at org.nutz.ioc.java.ChainNode.eval(ChainNode.java:24)
	at org.nutz.ioc.java.ChainNode.eval(ChainNode.java:19)
	at org.nutz.ioc.val.JavaValue.get(JavaValue.java:69)
	at org.nutz.ioc.weaver.FieldInjector.inject(FieldInjector.java:32)
	at org.nutz.ioc.weaver.DefaultWeaver.fill(DefaultWeaver.java:56)
	at org.nutz.ioc.impl.ObjectMakerImpl.make(ObjectMakerImpl.java:136)
	at org.nutz.ioc.impl.NutIoc.get(NutIoc.java:210)
	at org.nutz.ioc.val.ReferValue.get(ReferValue.java:24)
	at org.nutz.ioc.impl.ObjectMakerImpl.make(ObjectMakerImpl.java:62)
	at org.nutz.ioc.impl.NutIoc.get(NutIoc.java:210)
	at org.nutz.ioc.impl.NutIoc.get(NutIoc.java:239)
	at org.nutz.dao.test.DaoCase.setUp(DaoCase.java:22)
	at sun.reflect.GeneratedMethodAccessor23.invoke(Unknown Source)
	at sun.reflect.DelegatingMethodAccessorImpl.invoke(DelegatingMethodAccessorImpl.java:43)
	at java.lang.reflect.Method.invoke(Method.java:498)
	at org.junit.runners.model.FrameworkMethod$1.runReflectiveCall(FrameworkMethod.java:44)
	at org.junit.internal.runners.model.ReflectiveCallable.run(ReflectiveCallable.java:15)
	at org.junit.runners.model.FrameworkMethod.invokeExplosively(FrameworkMethod.java:41)
	at org.junit.internal.runners.statements.RunBefores.evaluate(RunBefores.java:27)
	at org.junit.internal.runners.statements.RunAfters.evaluate(RunAfters.java:31)
	at org.junit.runners.BlockJUnit4ClassRunner.runNotIgnored(BlockJUnit4ClassRunner.java:79)
	at org.junit.runners.BlockJUnit4ClassRunner.runChild(BlockJUnit4ClassRunner.java:71)
	at org.junit.runners.BlockJUnit4ClassRunner.runChild(BlockJUnit4ClassRunner.java:49)
	at org.junit.runners.ParentRunner$3.run(ParentRunner.java:193)
	at org.junit.runners.ParentRunner$1.schedule(ParentRunner.java:52)
	at org.junit.runners.ParentRunner.runChildren(ParentRunner.java:191)
	at org.junit.runners.ParentRunner.access$000(ParentRunner.java:42)
	at org.junit.runners.ParentRunner$2.evaluate(ParentRunner.java:184)
	at org.junit.runners.ParentRunner.run(ParentRunner.java:236)
	at org.apache.maven.surefire.junit4.JUnit4Provider.execute(JUnit4Provider.java:283)
	at org.apache.maven.surefire.junit4.JUnit4Provider.executeWithRerun(JUnit4Provider.java:173)
	at org.apache.maven.surefire.junit4.JUnit4Provider.executeTestSet(JUnit4Provider.java:153)
	at org.apache.maven.surefire.junit4.JUnit4Provider.invoke(JUnit4Provider.java:128)
	at org.apache.maven.surefire.booter.ForkedBooter.invokeProviderInSameClassLoader(ForkedBooter.java:203)
	at org.apache.maven.surefire.booter.ForkedBooter.runSuitesInProcess(ForkedBooter.java:155)
	at org.apache.maven.surefire.booter.ForkedBooter.main(ForkedBooter.java:103)
Caused by: java.lang.RuntimeException: folder or file like '^.+[.]properties$' no found in nutz-test.properties
	at org.nutz.lang.Lang.makeThrow(Lang.java:151)
	at org.nutz.resource.Scans.loadResource(Scans.java:112)
	at org.nutz.ioc.impl.PropertiesProxy.getResources(PropertiesProxy.java:153)
	at org.nutz.ioc.impl.PropertiesProxy.setPaths(PropertiesProxy.java:109)
	at org.nutz.ioc.impl.PropertiesProxy$FM$setPaths$d0275b2b871e237a38f11859247d1599.invoke(PropertiesProxy.java)
	at org.nutz.lang.inject.InjectBySetter.inject(InjectBySetter.java:51)
	at org.nutz.ioc.weaver.FieldInjector.inject(FieldInjector.java:33)
	at org.nutz.ioc.weaver.DefaultWeaver.fill(DefaultWeaver.java:56)
	at org.nutz.ioc.impl.ObjectMakerImpl.make(ObjectMakerImpl.java:136)
	at org.nutz.ioc.impl.NutIoc.get(NutIoc.java:210)
	at org.nutz.ioc.impl.NutIoc.get(NutIoc.java:239)
	at org.nutz.ioc.java.IocObjectNode.getValue(IocObjectNode.java:19)
	at org.nutz.ioc.java.ChainNode.eval(ChainNode.java:24)
	at org.nutz.ioc.java.ChainNode.eval(ChainNode.java:19)
	at org.nutz.ioc.val.JavaValue.get(JavaValue.java:69)
	at org.nutz.ioc.weaver.FieldInjector.inject(FieldInjector.java:32)
	at org.nutz.ioc.weaver.DefaultWeaver.fill(DefaultWeaver.java:56)
	at org.nutz.ioc.impl.ObjectMakerImpl.make(ObjectMakerImpl.java:136)
	at org.nutz.ioc.impl.NutIoc.get(NutIoc.java:210)
	at org.nutz.ioc.val.ReferValue.get(ReferValue.java:24)
	at org.nutz.ioc.impl.ObjectMakerImpl.make(ObjectMakerImpl.java:62)
	at org.nutz.ioc.impl.NutIoc.get(NutIoc.java:210)
	at org.nutz.ioc.impl.NutIoc.get(NutIoc.java:239)
	at org.nutz.dao.test.DaoCase.setUp(DaoCase.java:22)
	at sun.reflect.GeneratedMethodAccessor23.invoke(Unknown Source)
	at sun.reflect.DelegatingMethodAccessorImpl.invoke(DelegatingMethodAccessorImpl.java:43)
	at java.lang.reflect.Method.invoke(Method.java:498)
	at org.junit.runners.model.FrameworkMethod$1.runReflectiveCall(FrameworkMethod.java:44)
	at org.junit.internal.runners.model.ReflectiveCallable.run(ReflectiveCallable.java:15)
	at org.junit.runners.model.FrameworkMethod.invokeExplosively(FrameworkMethod.java:41)
	at org.junit.internal.runners.statements.RunBefores.evaluate(RunBefores.java:27)
	at org.junit.internal.runners.statements.RunAfters.evaluate(RunAfters.java:31)
	at org.junit.runners.BlockJUnit4ClassRunner.runNotIgnored(BlockJUnit4ClassRunner.java:79)
	at org.junit.runners.BlockJUnit4ClassRunner.runChild(BlockJUnit4ClassRunner.java:71)
	at org.junit.runners.BlockJUnit4ClassRunner.runChild(BlockJUnit4ClassRunner.java:49)
	at org.junit.runners.ParentRunner$3.run(ParentRunner.java:193)
	at org.junit.runners.ParentRunner$1.schedule(ParentRunner.java:52)
	at org.junit.runners.ParentRunner.runChildren(ParentRunner.java:191)
	at org.junit.runners.ParentRunner.access$000(ParentRunner.java:42)
	at org.junit.runners.ParentRunner$2.evaluate(ParentRunner.java:184)
	at org.junit.runners.ParentRunner.run(ParentRunner.java:236)
	at org.apache.maven.surefire.junit4.JUnit4Provider.execute(JUnit4Provider.java:283)
	at org.apache.maven.surefire.junit4.JUnit4Provider.executeWithRerun(JUnit4Provider.java:173)
	at org.apache.maven.surefire.junit4.JUnit4Provider.executeTestSet(JUnit4Provider.java:153)
	at org.apache.maven.surefire.junit4.JUnit4Provider.invoke(JUnit4Provider.java:128)
	at org.apache.maven.surefire.booter.ForkedBooter.invokeProviderInSameClassLoader(ForkedBooter.java:203)
	at org.apache.maven.surefire.booter.ForkedBooter.runSuitesInProcess(ForkedBooter.java:155)
	at org.apache.maven.surefire.booter.ForkedBooter.main(ForkedBooter.java:103)
</error>
  </testcase>
  <testcase name="test_issue_1179" classname="org.nutz.dao.test.normal.SimpleDaoTest" time="0">
    <error message="IocBean[dao -&gt; dataSource] throw Exception when creating" type="org.nutz.ioc.IocException">org.nutz.ioc.IocException: IocBean[dao -> dataSource] throw Exception when creating
	at org.nutz.ioc.impl.ObjectMakerImpl.make(ObjectMakerImpl.java:150)
	at org.nutz.ioc.impl.NutIoc.get(NutIoc.java:210)
	at org.nutz.ioc.val.ReferValue.get(ReferValue.java:24)
	at org.nutz.ioc.impl.ObjectMakerImpl.make(ObjectMakerImpl.java:62)
	at org.nutz.ioc.impl.NutIoc.get(NutIoc.java:210)
	at org.nutz.ioc.impl.NutIoc.get(NutIoc.java:239)
	at org.nutz.dao.test.DaoCase.setUp(DaoCase.java:22)
	at sun.reflect.GeneratedMethodAccessor23.invoke(Unknown Source)
	at sun.reflect.DelegatingMethodAccessorImpl.invoke(DelegatingMethodAccessorImpl.java:43)
	at java.lang.reflect.Method.invoke(Method.java:498)
	at org.junit.runners.model.FrameworkMethod$1.runReflectiveCall(FrameworkMethod.java:44)
	at org.junit.internal.runners.model.ReflectiveCallable.run(ReflectiveCallable.java:15)
	at org.junit.runners.model.FrameworkMethod.invokeExplosively(FrameworkMethod.java:41)
	at org.junit.internal.runners.statements.RunBefores.evaluate(RunBefores.java:27)
	at org.junit.internal.runners.statements.RunAfters.evaluate(RunAfters.java:31)
	at org.junit.runners.BlockJUnit4ClassRunner.runNotIgnored(BlockJUnit4ClassRunner.java:79)
	at org.junit.runners.BlockJUnit4ClassRunner.runChild(BlockJUnit4ClassRunner.java:71)
	at org.junit.runners.BlockJUnit4ClassRunner.runChild(BlockJUnit4ClassRunner.java:49)
	at org.junit.runners.ParentRunner$3.run(ParentRunner.java:193)
	at org.junit.runners.ParentRunner$1.schedule(ParentRunner.java:52)
	at org.junit.runners.ParentRunner.runChildren(ParentRunner.java:191)
	at org.junit.runners.ParentRunner.access$000(ParentRunner.java:42)
	at org.junit.runners.ParentRunner$2.evaluate(ParentRunner.java:184)
	at org.junit.runners.ParentRunner.run(ParentRunner.java:236)
	at org.apache.maven.surefire.junit4.JUnit4Provider.execute(JUnit4Provider.java:283)
	at org.apache.maven.surefire.junit4.JUnit4Provider.executeWithRerun(JUnit4Provider.java:173)
	at org.apache.maven.surefire.junit4.JUnit4Provider.executeTestSet(JUnit4Provider.java:153)
	at org.apache.maven.surefire.junit4.JUnit4Provider.invoke(JUnit4Provider.java:128)
	at org.apache.maven.surefire.booter.ForkedBooter.invokeProviderInSameClassLoader(ForkedBooter.java:203)
	at org.apache.maven.surefire.booter.ForkedBooter.runSuitesInProcess(ForkedBooter.java:155)
	at org.apache.maven.surefire.booter.ForkedBooter.main(ForkedBooter.java:103)
Caused by: java.lang.RuntimeException: IocBean[dataSource] fail at field=[driverClassName]
	at org.nutz.ioc.weaver.FieldInjector.inject(FieldInjector.java:40)
	at org.nutz.ioc.weaver.DefaultWeaver.fill(DefaultWeaver.java:56)
	at org.nutz.ioc.impl.ObjectMakerImpl.make(ObjectMakerImpl.java:136)
	at org.nutz.ioc.impl.NutIoc.get(NutIoc.java:210)
	at org.nutz.ioc.val.ReferValue.get(ReferValue.java:24)
	at org.nutz.ioc.impl.ObjectMakerImpl.make(ObjectMakerImpl.java:62)
	at org.nutz.ioc.impl.NutIoc.get(NutIoc.java:210)
	at org.nutz.ioc.impl.NutIoc.get(NutIoc.java:239)
	at org.nutz.dao.test.DaoCase.setUp(DaoCase.java:22)
	at sun.reflect.GeneratedMethodAccessor23.invoke(Unknown Source)
	at sun.reflect.DelegatingMethodAccessorImpl.invoke(DelegatingMethodAccessorImpl.java:43)
	at java.lang.reflect.Method.invoke(Method.java:498)
	at org.junit.runners.model.FrameworkMethod$1.runReflectiveCall(FrameworkMethod.java:44)
	at org.junit.internal.runners.model.ReflectiveCallable.run(ReflectiveCallable.java:15)
	at org.junit.runners.model.FrameworkMethod.invokeExplosively(FrameworkMethod.java:41)
	at org.junit.internal.runners.statements.RunBefores.evaluate(RunBefores.java:27)
	at org.junit.internal.runners.statements.RunAfters.evaluate(RunAfters.java:31)
	at org.junit.runners.BlockJUnit4ClassRunner.runNotIgnored(BlockJUnit4ClassRunner.java:79)
	at org.junit.runners.BlockJUnit4ClassRunner.runChild(BlockJUnit4ClassRunner.java:71)
	at org.junit.runners.BlockJUnit4ClassRunner.runChild(BlockJUnit4ClassRunner.java:49)
	at org.junit.runners.ParentRunner$3.run(ParentRunner.java:193)
	at org.junit.runners.ParentRunner$1.schedule(ParentRunner.java:52)
	at org.junit.runners.ParentRunner.runChildren(ParentRunner.java:191)
	at org.junit.runners.ParentRunner.access$000(ParentRunner.java:42)
	at org.junit.runners.ParentRunner$2.evaluate(ParentRunner.java:184)
	at org.junit.runners.ParentRunner.run(ParentRunner.java:236)
	at org.apache.maven.surefire.junit4.JUnit4Provider.execute(JUnit4Provider.java:283)
	at org.apache.maven.surefire.junit4.JUnit4Provider.executeWithRerun(JUnit4Provider.java:173)
	at org.apache.maven.surefire.junit4.JUnit4Provider.executeTestSet(JUnit4Provider.java:153)
	at org.apache.maven.surefire.junit4.JUnit4Provider.invoke(JUnit4Provider.java:128)
	at org.apache.maven.surefire.booter.ForkedBooter.invokeProviderInSameClassLoader(ForkedBooter.java:203)
	at org.apache.maven.surefire.booter.ForkedBooter.runSuitesInProcess(ForkedBooter.java:155)
	at org.apache.maven.surefire.booter.ForkedBooter.main(ForkedBooter.java:103)
Caused by: org.nutz.ioc.IocException: IocBean[config] throw Exception when creating
	at org.nutz.ioc.impl.ObjectMakerImpl.make(ObjectMakerImpl.java:150)
	at org.nutz.ioc.impl.NutIoc.get(NutIoc.java:210)
	at org.nutz.ioc.impl.NutIoc.get(NutIoc.java:239)
	at org.nutz.ioc.java.IocObjectNode.getValue(IocObjectNode.java:19)
	at org.nutz.ioc.java.ChainNode.eval(ChainNode.java:24)
	at org.nutz.ioc.java.ChainNode.eval(ChainNode.java:19)
	at org.nutz.ioc.val.JavaValue.get(JavaValue.java:69)
	at org.nutz.ioc.weaver.FieldInjector.inject(FieldInjector.java:32)
	at org.nutz.ioc.weaver.DefaultWeaver.fill(DefaultWeaver.java:56)
	at org.nutz.ioc.impl.ObjectMakerImpl.make(ObjectMakerImpl.java:136)
	at org.nutz.ioc.impl.NutIoc.get(NutIoc.java:210)
	at org.nutz.ioc.val.ReferValue.get(ReferValue.java:24)
	at org.nutz.ioc.impl.ObjectMakerImpl.make(ObjectMakerImpl.java:62)
	at org.nutz.ioc.impl.NutIoc.get(NutIoc.java:210)
	at org.nutz.ioc.impl.NutIoc.get(NutIoc.java:239)
	at org.nutz.dao.test.DaoCase.setUp(DaoCase.java:22)
	at sun.reflect.GeneratedMethodAccessor23.invoke(Unknown Source)
	at sun.reflect.DelegatingMethodAccessorImpl.invoke(DelegatingMethodAccessorImpl.java:43)
	at java.lang.reflect.Method.invoke(Method.java:498)
	at org.junit.runners.model.FrameworkMethod$1.runReflectiveCall(FrameworkMethod.java:44)
	at org.junit.internal.runners.model.ReflectiveCallable.run(ReflectiveCallable.java:15)
	at org.junit.runners.model.FrameworkMethod.invokeExplosively(FrameworkMethod.java:41)
	at org.junit.internal.runners.statements.RunBefores.evaluate(RunBefores.java:27)
	at org.junit.internal.runners.statements.RunAfters.evaluate(RunAfters.java:31)
	at org.junit.runners.BlockJUnit4ClassRunner.runNotIgnored(BlockJUnit4ClassRunner.java:79)
	at org.junit.runners.BlockJUnit4ClassRunner.runChild(BlockJUnit4ClassRunner.java:71)
	at org.junit.runners.BlockJUnit4ClassRunner.runChild(BlockJUnit4ClassRunner.java:49)
	at org.junit.runners.ParentRunner$3.run(ParentRunner.java:193)
	at org.junit.runners.ParentRunner$1.schedule(ParentRunner.java:52)
	at org.junit.runners.ParentRunner.runChildren(ParentRunner.java:191)
	at org.junit.runners.ParentRunner.access$000(ParentRunner.java:42)
	at org.junit.runners.ParentRunner$2.evaluate(ParentRunner.java:184)
	at org.junit.runners.ParentRunner.run(ParentRunner.java:236)
	at org.apache.maven.surefire.junit4.JUnit4Provider.execute(JUnit4Provider.java:283)
	at org.apache.maven.surefire.junit4.JUnit4Provider.executeWithRerun(JUnit4Provider.java:173)
	at org.apache.maven.surefire.junit4.JUnit4Provider.executeTestSet(JUnit4Provider.java:153)
	at org.apache.maven.surefire.junit4.JUnit4Provider.invoke(JUnit4Provider.java:128)
	at org.apache.maven.surefire.booter.ForkedBooter.invokeProviderInSameClassLoader(ForkedBooter.java:203)
	at org.apache.maven.surefire.booter.ForkedBooter.runSuitesInProcess(ForkedBooter.java:155)
	at org.apache.maven.surefire.booter.ForkedBooter.main(ForkedBooter.java:103)
Caused by: java.lang.RuntimeException: IocBean[config] fail at field=[paths]
	at org.nutz.ioc.weaver.FieldInjector.inject(FieldInjector.java:40)
	at org.nutz.ioc.weaver.DefaultWeaver.fill(DefaultWeaver.java:56)
	at org.nutz.ioc.impl.ObjectMakerImpl.make(ObjectMakerImpl.java:136)
	at org.nutz.ioc.impl.NutIoc.get(NutIoc.java:210)
	at org.nutz.ioc.impl.NutIoc.get(NutIoc.java:239)
	at org.nutz.ioc.java.IocObjectNode.getValue(IocObjectNode.java:19)
	at org.nutz.ioc.java.ChainNode.eval(ChainNode.java:24)
	at org.nutz.ioc.java.ChainNode.eval(ChainNode.java:19)
	at org.nutz.ioc.val.JavaValue.get(JavaValue.java:69)
	at org.nutz.ioc.weaver.FieldInjector.inject(FieldInjector.java:32)
	at org.nutz.ioc.weaver.DefaultWeaver.fill(DefaultWeaver.java:56)
	at org.nutz.ioc.impl.ObjectMakerImpl.make(ObjectMakerImpl.java:136)
	at org.nutz.ioc.impl.NutIoc.get(NutIoc.java:210)
	at org.nutz.ioc.val.ReferValue.get(ReferValue.java:24)
	at org.nutz.ioc.impl.ObjectMakerImpl.make(ObjectMakerImpl.java:62)
	at org.nutz.ioc.impl.NutIoc.get(NutIoc.java:210)
	at org.nutz.ioc.impl.NutIoc.get(NutIoc.java:239)
	at org.nutz.dao.test.DaoCase.setUp(DaoCase.java:22)
	at sun.reflect.GeneratedMethodAccessor23.invoke(Unknown Source)
	at sun.reflect.DelegatingMethodAccessorImpl.invoke(DelegatingMethodAccessorImpl.java:43)
	at java.lang.reflect.Method.invoke(Method.java:498)
	at org.junit.runners.model.FrameworkMethod$1.runReflectiveCall(FrameworkMethod.java:44)
	at org.junit.internal.runners.model.ReflectiveCallable.run(ReflectiveCallable.java:15)
	at org.junit.runners.model.FrameworkMethod.invokeExplosively(FrameworkMethod.java:41)
	at org.junit.internal.runners.statements.RunBefores.evaluate(RunBefores.java:27)
	at org.junit.internal.runners.statements.RunAfters.evaluate(RunAfters.java:31)
	at org.junit.runners.BlockJUnit4ClassRunner.runNotIgnored(BlockJUnit4ClassRunner.java:79)
	at org.junit.runners.BlockJUnit4ClassRunner.runChild(BlockJUnit4ClassRunner.java:71)
	at org.junit.runners.BlockJUnit4ClassRunner.runChild(BlockJUnit4ClassRunner.java:49)
	at org.junit.runners.ParentRunner$3.run(ParentRunner.java:193)
	at org.junit.runners.ParentRunner$1.schedule(ParentRunner.java:52)
	at org.junit.runners.ParentRunner.runChildren(ParentRunner.java:191)
	at org.junit.runners.ParentRunner.access$000(ParentRunner.java:42)
	at org.junit.runners.ParentRunner$2.evaluate(ParentRunner.java:184)
	at org.junit.runners.ParentRunner.run(ParentRunner.java:236)
	at org.apache.maven.surefire.junit4.JUnit4Provider.execute(JUnit4Provider.java:283)
	at org.apache.maven.surefire.junit4.JUnit4Provider.executeWithRerun(JUnit4Provider.java:173)
	at org.apache.maven.surefire.junit4.JUnit4Provider.executeTestSet(JUnit4Provider.java:153)
	at org.apache.maven.surefire.junit4.JUnit4Provider.invoke(JUnit4Provider.java:128)
	at org.apache.maven.surefire.booter.ForkedBooter.invokeProviderInSameClassLoader(ForkedBooter.java:203)
	at org.apache.maven.surefire.booter.ForkedBooter.runSuitesInProcess(ForkedBooter.java:155)
	at org.apache.maven.surefire.booter.ForkedBooter.main(ForkedBooter.java:103)
Caused by: java.lang.RuntimeException: Fail to set '[nutz-test.properties]'[ [Ljava.lang.String;@75d366c2 ] by setter org.nutz.ioc.impl.PropertiesProxy.'setPaths()' because [java.lang.RuntimeException: folder or file like '^.+[.]properties$' no found in nutz-test.properties]: folder or file like '^.+[.]properties$' no found in nutz-test.properties
	at org.nutz.lang.Lang.wrapThrow(Lang.java:167)
	at org.nutz.lang.inject.InjectBySetter.inject(InjectBySetter.java:62)
	at org.nutz.ioc.weaver.FieldInjector.inject(FieldInjector.java:33)
	at org.nutz.ioc.weaver.DefaultWeaver.fill(DefaultWeaver.java:56)
	at org.nutz.ioc.impl.ObjectMakerImpl.make(ObjectMakerImpl.java:136)
	at org.nutz.ioc.impl.NutIoc.get(NutIoc.java:210)
	at org.nutz.ioc.impl.NutIoc.get(NutIoc.java:239)
	at org.nutz.ioc.java.IocObjectNode.getValue(IocObjectNode.java:19)
	at org.nutz.ioc.java.ChainNode.eval(ChainNode.java:24)
	at org.nutz.ioc.java.ChainNode.eval(ChainNode.java:19)
	at org.nutz.ioc.val.JavaValue.get(JavaValue.java:69)
	at org.nutz.ioc.weaver.FieldInjector.inject(FieldInjector.java:32)
	at org.nutz.ioc.weaver.DefaultWeaver.fill(DefaultWeaver.java:56)
	at org.nutz.ioc.impl.ObjectMakerImpl.make(ObjectMakerImpl.java:136)
	at org.nutz.ioc.impl.NutIoc.get(NutIoc.java:210)
	at org.nutz.ioc.val.ReferValue.get(ReferValue.java:24)
	at org.nutz.ioc.impl.ObjectMakerImpl.make(ObjectMakerImpl.java:62)
	at org.nutz.ioc.impl.NutIoc.get(NutIoc.java:210)
	at org.nutz.ioc.impl.NutIoc.get(NutIoc.java:239)
	at org.nutz.dao.test.DaoCase.setUp(DaoCase.java:22)
	at sun.reflect.GeneratedMethodAccessor23.invoke(Unknown Source)
	at sun.reflect.DelegatingMethodAccessorImpl.invoke(DelegatingMethodAccessorImpl.java:43)
	at java.lang.reflect.Method.invoke(Method.java:498)
	at org.junit.runners.model.FrameworkMethod$1.runReflectiveCall(FrameworkMethod.java:44)
	at org.junit.internal.runners.model.ReflectiveCallable.run(ReflectiveCallable.java:15)
	at org.junit.runners.model.FrameworkMethod.invokeExplosively(FrameworkMethod.java:41)
	at org.junit.internal.runners.statements.RunBefores.evaluate(RunBefores.java:27)
	at org.junit.internal.runners.statements.RunAfters.evaluate(RunAfters.java:31)
	at org.junit.runners.BlockJUnit4ClassRunner.runNotIgnored(BlockJUnit4ClassRunner.java:79)
	at org.junit.runners.BlockJUnit4ClassRunner.runChild(BlockJUnit4ClassRunner.java:71)
	at org.junit.runners.BlockJUnit4ClassRunner.runChild(BlockJUnit4ClassRunner.java:49)
	at org.junit.runners.ParentRunner$3.run(ParentRunner.java:193)
	at org.junit.runners.ParentRunner$1.schedule(ParentRunner.java:52)
	at org.junit.runners.ParentRunner.runChildren(ParentRunner.java:191)
	at org.junit.runners.ParentRunner.access$000(ParentRunner.java:42)
	at org.junit.runners.ParentRunner$2.evaluate(ParentRunner.java:184)
	at org.junit.runners.ParentRunner.run(ParentRunner.java:236)
	at org.apache.maven.surefire.junit4.JUnit4Provider.execute(JUnit4Provider.java:283)
	at org.apache.maven.surefire.junit4.JUnit4Provider.executeWithRerun(JUnit4Provider.java:173)
	at org.apache.maven.surefire.junit4.JUnit4Provider.executeTestSet(JUnit4Provider.java:153)
	at org.apache.maven.surefire.junit4.JUnit4Provider.invoke(JUnit4Provider.java:128)
	at org.apache.maven.surefire.booter.ForkedBooter.invokeProviderInSameClassLoader(ForkedBooter.java:203)
	at org.apache.maven.surefire.booter.ForkedBooter.runSuitesInProcess(ForkedBooter.java:155)
	at org.apache.maven.surefire.booter.ForkedBooter.main(ForkedBooter.java:103)
Caused by: java.lang.RuntimeException: folder or file like '^.+[.]properties$' no found in nutz-test.properties
	at org.nutz.lang.Lang.makeThrow(Lang.java:151)
	at org.nutz.resource.Scans.loadResource(Scans.java:112)
	at org.nutz.ioc.impl.PropertiesProxy.getResources(PropertiesProxy.java:153)
	at org.nutz.ioc.impl.PropertiesProxy.setPaths(PropertiesProxy.java:109)
	at org.nutz.ioc.impl.PropertiesProxy$FM$setPaths$d0275b2b871e237a38f11859247d1599.invoke(PropertiesProxy.java)
	at org.nutz.lang.inject.InjectBySetter.inject(InjectBySetter.java:51)
	at org.nutz.ioc.weaver.FieldInjector.inject(FieldInjector.java:33)
	at org.nutz.ioc.weaver.DefaultWeaver.fill(DefaultWeaver.java:56)
	at org.nutz.ioc.impl.ObjectMakerImpl.make(ObjectMakerImpl.java:136)
	at org.nutz.ioc.impl.NutIoc.get(NutIoc.java:210)
	at org.nutz.ioc.impl.NutIoc.get(NutIoc.java:239)
	at org.nutz.ioc.java.IocObjectNode.getValue(IocObjectNode.java:19)
	at org.nutz.ioc.java.ChainNode.eval(ChainNode.java:24)
	at org.nutz.ioc.java.ChainNode.eval(ChainNode.java:19)
	at org.nutz.ioc.val.JavaValue.get(JavaValue.java:69)
	at org.nutz.ioc.weaver.FieldInjector.inject(FieldInjector.java:32)
	at org.nutz.ioc.weaver.DefaultWeaver.fill(DefaultWeaver.java:56)
	at org.nutz.ioc.impl.ObjectMakerImpl.make(ObjectMakerImpl.java:136)
	at org.nutz.ioc.impl.NutIoc.get(NutIoc.java:210)
	at org.nutz.ioc.val.ReferValue.get(ReferValue.java:24)
	at org.nutz.ioc.impl.ObjectMakerImpl.make(ObjectMakerImpl.java:62)
	at org.nutz.ioc.impl.NutIoc.get(NutIoc.java:210)
	at org.nutz.ioc.impl.NutIoc.get(NutIoc.java:239)
	at org.nutz.dao.test.DaoCase.setUp(DaoCase.java:22)
	at sun.reflect.GeneratedMethodAccessor23.invoke(Unknown Source)
	at sun.reflect.DelegatingMethodAccessorImpl.invoke(DelegatingMethodAccessorImpl.java:43)
	at java.lang.reflect.Method.invoke(Method.java:498)
	at org.junit.runners.model.FrameworkMethod$1.runReflectiveCall(FrameworkMethod.java:44)
	at org.junit.internal.runners.model.ReflectiveCallable.run(ReflectiveCallable.java:15)
	at org.junit.runners.model.FrameworkMethod.invokeExplosively(FrameworkMethod.java:41)
	at org.junit.internal.runners.statements.RunBefores.evaluate(RunBefores.java:27)
	at org.junit.internal.runners.statements.RunAfters.evaluate(RunAfters.java:31)
	at org.junit.runners.BlockJUnit4ClassRunner.runNotIgnored(BlockJUnit4ClassRunner.java:79)
	at org.junit.runners.BlockJUnit4ClassRunner.runChild(BlockJUnit4ClassRunner.java:71)
	at org.junit.runners.BlockJUnit4ClassRunner.runChild(BlockJUnit4ClassRunner.java:49)
	at org.junit.runners.ParentRunner$3.run(ParentRunner.java:193)
	at org.junit.runners.ParentRunner$1.schedule(ParentRunner.java:52)
	at org.junit.runners.ParentRunner.runChildren(ParentRunner.java:191)
	at org.junit.runners.ParentRunner.access$000(ParentRunner.java:42)
	at org.junit.runners.ParentRunner$2.evaluate(ParentRunner.java:184)
	at org.junit.runners.ParentRunner.run(ParentRunner.java:236)
	at org.apache.maven.surefire.junit4.JUnit4Provider.execute(JUnit4Provider.java:283)
	at org.apache.maven.surefire.junit4.JUnit4Provider.executeWithRerun(JUnit4Provider.java:173)
	at org.apache.maven.surefire.junit4.JUnit4Provider.executeTestSet(JUnit4Provider.java:153)
	at org.apache.maven.surefire.junit4.JUnit4Provider.invoke(JUnit4Provider.java:128)
	at org.apache.maven.surefire.booter.ForkedBooter.invokeProviderInSameClassLoader(ForkedBooter.java:203)
	at org.apache.maven.surefire.booter.ForkedBooter.runSuitesInProcess(ForkedBooter.java:155)
	at org.apache.maven.surefire.booter.ForkedBooter.main(ForkedBooter.java:103)
</error>
  </testcase>
  <testcase name="test_issue_1235" classname="org.nutz.dao.test.normal.SimpleDaoTest" time="0">
    <error message="IocBean[dao -&gt; dataSource] throw Exception when creating" type="org.nutz.ioc.IocException">org.nutz.ioc.IocException: IocBean[dao -> dataSource] throw Exception when creating
	at org.nutz.ioc.impl.ObjectMakerImpl.make(ObjectMakerImpl.java:150)
	at org.nutz.ioc.impl.NutIoc.get(NutIoc.java:210)
	at org.nutz.ioc.val.ReferValue.get(ReferValue.java:24)
	at org.nutz.ioc.impl.ObjectMakerImpl.make(ObjectMakerImpl.java:62)
	at org.nutz.ioc.impl.NutIoc.get(NutIoc.java:210)
	at org.nutz.ioc.impl.NutIoc.get(NutIoc.java:239)
	at org.nutz.dao.test.DaoCase.setUp(DaoCase.java:22)
	at sun.reflect.GeneratedMethodAccessor23.invoke(Unknown Source)
	at sun.reflect.DelegatingMethodAccessorImpl.invoke(DelegatingMethodAccessorImpl.java:43)
	at java.lang.reflect.Method.invoke(Method.java:498)
	at org.junit.runners.model.FrameworkMethod$1.runReflectiveCall(FrameworkMethod.java:44)
	at org.junit.internal.runners.model.ReflectiveCallable.run(ReflectiveCallable.java:15)
	at org.junit.runners.model.FrameworkMethod.invokeExplosively(FrameworkMethod.java:41)
	at org.junit.internal.runners.statements.RunBefores.evaluate(RunBefores.java:27)
	at org.junit.internal.runners.statements.RunAfters.evaluate(RunAfters.java:31)
	at org.junit.runners.BlockJUnit4ClassRunner.runNotIgnored(BlockJUnit4ClassRunner.java:79)
	at org.junit.runners.BlockJUnit4ClassRunner.runChild(BlockJUnit4ClassRunner.java:71)
	at org.junit.runners.BlockJUnit4ClassRunner.runChild(BlockJUnit4ClassRunner.java:49)
	at org.junit.runners.ParentRunner$3.run(ParentRunner.java:193)
	at org.junit.runners.ParentRunner$1.schedule(ParentRunner.java:52)
	at org.junit.runners.ParentRunner.runChildren(ParentRunner.java:191)
	at org.junit.runners.ParentRunner.access$000(ParentRunner.java:42)
	at org.junit.runners.ParentRunner$2.evaluate(ParentRunner.java:184)
	at org.junit.runners.ParentRunner.run(ParentRunner.java:236)
	at org.apache.maven.surefire.junit4.JUnit4Provider.execute(JUnit4Provider.java:283)
	at org.apache.maven.surefire.junit4.JUnit4Provider.executeWithRerun(JUnit4Provider.java:173)
	at org.apache.maven.surefire.junit4.JUnit4Provider.executeTestSet(JUnit4Provider.java:153)
	at org.apache.maven.surefire.junit4.JUnit4Provider.invoke(JUnit4Provider.java:128)
	at org.apache.maven.surefire.booter.ForkedBooter.invokeProviderInSameClassLoader(ForkedBooter.java:203)
	at org.apache.maven.surefire.booter.ForkedBooter.runSuitesInProcess(ForkedBooter.java:155)
	at org.apache.maven.surefire.booter.ForkedBooter.main(ForkedBooter.java:103)
Caused by: java.lang.RuntimeException: IocBean[dataSource] fail at field=[driverClassName]
	at org.nutz.ioc.weaver.FieldInjector.inject(FieldInjector.java:40)
	at org.nutz.ioc.weaver.DefaultWeaver.fill(DefaultWeaver.java:56)
	at org.nutz.ioc.impl.ObjectMakerImpl.make(ObjectMakerImpl.java:136)
	at org.nutz.ioc.impl.NutIoc.get(NutIoc.java:210)
	at org.nutz.ioc.val.ReferValue.get(ReferValue.java:24)
	at org.nutz.ioc.impl.ObjectMakerImpl.make(ObjectMakerImpl.java:62)
	at org.nutz.ioc.impl.NutIoc.get(NutIoc.java:210)
	at org.nutz.ioc.impl.NutIoc.get(NutIoc.java:239)
	at org.nutz.dao.test.DaoCase.setUp(DaoCase.java:22)
	at sun.reflect.GeneratedMethodAccessor23.invoke(Unknown Source)
	at sun.reflect.DelegatingMethodAccessorImpl.invoke(DelegatingMethodAccessorImpl.java:43)
	at java.lang.reflect.Method.invoke(Method.java:498)
	at org.junit.runners.model.FrameworkMethod$1.runReflectiveCall(FrameworkMethod.java:44)
	at org.junit.internal.runners.model.ReflectiveCallable.run(ReflectiveCallable.java:15)
	at org.junit.runners.model.FrameworkMethod.invokeExplosively(FrameworkMethod.java:41)
	at org.junit.internal.runners.statements.RunBefores.evaluate(RunBefores.java:27)
	at org.junit.internal.runners.statements.RunAfters.evaluate(RunAfters.java:31)
	at org.junit.runners.BlockJUnit4ClassRunner.runNotIgnored(BlockJUnit4ClassRunner.java:79)
	at org.junit.runners.BlockJUnit4ClassRunner.runChild(BlockJUnit4ClassRunner.java:71)
	at org.junit.runners.BlockJUnit4ClassRunner.runChild(BlockJUnit4ClassRunner.java:49)
	at org.junit.runners.ParentRunner$3.run(ParentRunner.java:193)
	at org.junit.runners.ParentRunner$1.schedule(ParentRunner.java:52)
	at org.junit.runners.ParentRunner.runChildren(ParentRunner.java:191)
	at org.junit.runners.ParentRunner.access$000(ParentRunner.java:42)
	at org.junit.runners.ParentRunner$2.evaluate(ParentRunner.java:184)
	at org.junit.runners.ParentRunner.run(ParentRunner.java:236)
	at org.apache.maven.surefire.junit4.JUnit4Provider.execute(JUnit4Provider.java:283)
	at org.apache.maven.surefire.junit4.JUnit4Provider.executeWithRerun(JUnit4Provider.java:173)
	at org.apache.maven.surefire.junit4.JUnit4Provider.executeTestSet(JUnit4Provider.java:153)
	at org.apache.maven.surefire.junit4.JUnit4Provider.invoke(JUnit4Provider.java:128)
	at org.apache.maven.surefire.booter.ForkedBooter.invokeProviderInSameClassLoader(ForkedBooter.java:203)
	at org.apache.maven.surefire.booter.ForkedBooter.runSuitesInProcess(ForkedBooter.java:155)
	at org.apache.maven.surefire.booter.ForkedBooter.main(ForkedBooter.java:103)
Caused by: org.nutz.ioc.IocException: IocBean[config] throw Exception when creating
	at org.nutz.ioc.impl.ObjectMakerImpl.make(ObjectMakerImpl.java:150)
	at org.nutz.ioc.impl.NutIoc.get(NutIoc.java:210)
	at org.nutz.ioc.impl.NutIoc.get(NutIoc.java:239)
	at org.nutz.ioc.java.IocObjectNode.getValue(IocObjectNode.java:19)
	at org.nutz.ioc.java.ChainNode.eval(ChainNode.java:24)
	at org.nutz.ioc.java.ChainNode.eval(ChainNode.java:19)
	at org.nutz.ioc.val.JavaValue.get(JavaValue.java:69)
	at org.nutz.ioc.weaver.FieldInjector.inject(FieldInjector.java:32)
	at org.nutz.ioc.weaver.DefaultWeaver.fill(DefaultWeaver.java:56)
	at org.nutz.ioc.impl.ObjectMakerImpl.make(ObjectMakerImpl.java:136)
	at org.nutz.ioc.impl.NutIoc.get(NutIoc.java:210)
	at org.nutz.ioc.val.ReferValue.get(ReferValue.java:24)
	at org.nutz.ioc.impl.ObjectMakerImpl.make(ObjectMakerImpl.java:62)
	at org.nutz.ioc.impl.NutIoc.get(NutIoc.java:210)
	at org.nutz.ioc.impl.NutIoc.get(NutIoc.java:239)
	at org.nutz.dao.test.DaoCase.setUp(DaoCase.java:22)
	at sun.reflect.GeneratedMethodAccessor23.invoke(Unknown Source)
	at sun.reflect.DelegatingMethodAccessorImpl.invoke(DelegatingMethodAccessorImpl.java:43)
	at java.lang.reflect.Method.invoke(Method.java:498)
	at org.junit.runners.model.FrameworkMethod$1.runReflectiveCall(FrameworkMethod.java:44)
	at org.junit.internal.runners.model.ReflectiveCallable.run(ReflectiveCallable.java:15)
	at org.junit.runners.model.FrameworkMethod.invokeExplosively(FrameworkMethod.java:41)
	at org.junit.internal.runners.statements.RunBefores.evaluate(RunBefores.java:27)
	at org.junit.internal.runners.statements.RunAfters.evaluate(RunAfters.java:31)
	at org.junit.runners.BlockJUnit4ClassRunner.runNotIgnored(BlockJUnit4ClassRunner.java:79)
	at org.junit.runners.BlockJUnit4ClassRunner.runChild(BlockJUnit4ClassRunner.java:71)
	at org.junit.runners.BlockJUnit4ClassRunner.runChild(BlockJUnit4ClassRunner.java:49)
	at org.junit.runners.ParentRunner$3.run(ParentRunner.java:193)
	at org.junit.runners.ParentRunner$1.schedule(ParentRunner.java:52)
	at org.junit.runners.ParentRunner.runChildren(ParentRunner.java:191)
	at org.junit.runners.ParentRunner.access$000(ParentRunner.java:42)
	at org.junit.runners.ParentRunner$2.evaluate(ParentRunner.java:184)
	at org.junit.runners.ParentRunner.run(ParentRunner.java:236)
	at org.apache.maven.surefire.junit4.JUnit4Provider.execute(JUnit4Provider.java:283)
	at org.apache.maven.surefire.junit4.JUnit4Provider.executeWithRerun(JUnit4Provider.java:173)
	at org.apache.maven.surefire.junit4.JUnit4Provider.executeTestSet(JUnit4Provider.java:153)
	at org.apache.maven.surefire.junit4.JUnit4Provider.invoke(JUnit4Provider.java:128)
	at org.apache.maven.surefire.booter.ForkedBooter.invokeProviderInSameClassLoader(ForkedBooter.java:203)
	at org.apache.maven.surefire.booter.ForkedBooter.runSuitesInProcess(ForkedBooter.java:155)
	at org.apache.maven.surefire.booter.ForkedBooter.main(ForkedBooter.java:103)
Caused by: java.lang.RuntimeException: IocBean[config] fail at field=[paths]
	at org.nutz.ioc.weaver.FieldInjector.inject(FieldInjector.java:40)
	at org.nutz.ioc.weaver.DefaultWeaver.fill(DefaultWeaver.java:56)
	at org.nutz.ioc.impl.ObjectMakerImpl.make(ObjectMakerImpl.java:136)
	at org.nutz.ioc.impl.NutIoc.get(NutIoc.java:210)
	at org.nutz.ioc.impl.NutIoc.get(NutIoc.java:239)
	at org.nutz.ioc.java.IocObjectNode.getValue(IocObjectNode.java:19)
	at org.nutz.ioc.java.ChainNode.eval(ChainNode.java:24)
	at org.nutz.ioc.java.ChainNode.eval(ChainNode.java:19)
	at org.nutz.ioc.val.JavaValue.get(JavaValue.java:69)
	at org.nutz.ioc.weaver.FieldInjector.inject(FieldInjector.java:32)
	at org.nutz.ioc.weaver.DefaultWeaver.fill(DefaultWeaver.java:56)
	at org.nutz.ioc.impl.ObjectMakerImpl.make(ObjectMakerImpl.java:136)
	at org.nutz.ioc.impl.NutIoc.get(NutIoc.java:210)
	at org.nutz.ioc.val.ReferValue.get(ReferValue.java:24)
	at org.nutz.ioc.impl.ObjectMakerImpl.make(ObjectMakerImpl.java:62)
	at org.nutz.ioc.impl.NutIoc.get(NutIoc.java:210)
	at org.nutz.ioc.impl.NutIoc.get(NutIoc.java:239)
	at org.nutz.dao.test.DaoCase.setUp(DaoCase.java:22)
	at sun.reflect.GeneratedMethodAccessor23.invoke(Unknown Source)
	at sun.reflect.DelegatingMethodAccessorImpl.invoke(DelegatingMethodAccessorImpl.java:43)
	at java.lang.reflect.Method.invoke(Method.java:498)
	at org.junit.runners.model.FrameworkMethod$1.runReflectiveCall(FrameworkMethod.java:44)
	at org.junit.internal.runners.model.ReflectiveCallable.run(ReflectiveCallable.java:15)
	at org.junit.runners.model.FrameworkMethod.invokeExplosively(FrameworkMethod.java:41)
	at org.junit.internal.runners.statements.RunBefores.evaluate(RunBefores.java:27)
	at org.junit.internal.runners.statements.RunAfters.evaluate(RunAfters.java:31)
	at org.junit.runners.BlockJUnit4ClassRunner.runNotIgnored(BlockJUnit4ClassRunner.java:79)
	at org.junit.runners.BlockJUnit4ClassRunner.runChild(BlockJUnit4ClassRunner.java:71)
	at org.junit.runners.BlockJUnit4ClassRunner.runChild(BlockJUnit4ClassRunner.java:49)
	at org.junit.runners.ParentRunner$3.run(ParentRunner.java:193)
	at org.junit.runners.ParentRunner$1.schedule(ParentRunner.java:52)
	at org.junit.runners.ParentRunner.runChildren(ParentRunner.java:191)
	at org.junit.runners.ParentRunner.access$000(ParentRunner.java:42)
	at org.junit.runners.ParentRunner$2.evaluate(ParentRunner.java:184)
	at org.junit.runners.ParentRunner.run(ParentRunner.java:236)
	at org.apache.maven.surefire.junit4.JUnit4Provider.execute(JUnit4Provider.java:283)
	at org.apache.maven.surefire.junit4.JUnit4Provider.executeWithRerun(JUnit4Provider.java:173)
	at org.apache.maven.surefire.junit4.JUnit4Provider.executeTestSet(JUnit4Provider.java:153)
	at org.apache.maven.surefire.junit4.JUnit4Provider.invoke(JUnit4Provider.java:128)
	at org.apache.maven.surefire.booter.ForkedBooter.invokeProviderInSameClassLoader(ForkedBooter.java:203)
	at org.apache.maven.surefire.booter.ForkedBooter.runSuitesInProcess(ForkedBooter.java:155)
	at org.apache.maven.surefire.booter.ForkedBooter.main(ForkedBooter.java:103)
Caused by: java.lang.RuntimeException: Fail to set '[nutz-test.properties]'[ [Ljava.lang.String;@8f40022 ] by setter org.nutz.ioc.impl.PropertiesProxy.'setPaths()' because [java.lang.RuntimeException: folder or file like '^.+[.]properties$' no found in nutz-test.properties]: folder or file like '^.+[.]properties$' no found in nutz-test.properties
	at org.nutz.lang.Lang.wrapThrow(Lang.java:167)
	at org.nutz.lang.inject.InjectBySetter.inject(InjectBySetter.java:62)
	at org.nutz.ioc.weaver.FieldInjector.inject(FieldInjector.java:33)
	at org.nutz.ioc.weaver.DefaultWeaver.fill(DefaultWeaver.java:56)
	at org.nutz.ioc.impl.ObjectMakerImpl.make(ObjectMakerImpl.java:136)
	at org.nutz.ioc.impl.NutIoc.get(NutIoc.java:210)
	at org.nutz.ioc.impl.NutIoc.get(NutIoc.java:239)
	at org.nutz.ioc.java.IocObjectNode.getValue(IocObjectNode.java:19)
	at org.nutz.ioc.java.ChainNode.eval(ChainNode.java:24)
	at org.nutz.ioc.java.ChainNode.eval(ChainNode.java:19)
	at org.nutz.ioc.val.JavaValue.get(JavaValue.java:69)
	at org.nutz.ioc.weaver.FieldInjector.inject(FieldInjector.java:32)
	at org.nutz.ioc.weaver.DefaultWeaver.fill(DefaultWeaver.java:56)
	at org.nutz.ioc.impl.ObjectMakerImpl.make(ObjectMakerImpl.java:136)
	at org.nutz.ioc.impl.NutIoc.get(NutIoc.java:210)
	at org.nutz.ioc.val.ReferValue.get(ReferValue.java:24)
	at org.nutz.ioc.impl.ObjectMakerImpl.make(ObjectMakerImpl.java:62)
	at org.nutz.ioc.impl.NutIoc.get(NutIoc.java:210)
	at org.nutz.ioc.impl.NutIoc.get(NutIoc.java:239)
	at org.nutz.dao.test.DaoCase.setUp(DaoCase.java:22)
	at sun.reflect.GeneratedMethodAccessor23.invoke(Unknown Source)
	at sun.reflect.DelegatingMethodAccessorImpl.invoke(DelegatingMethodAccessorImpl.java:43)
	at java.lang.reflect.Method.invoke(Method.java:498)
	at org.junit.runners.model.FrameworkMethod$1.runReflectiveCall(FrameworkMethod.java:44)
	at org.junit.internal.runners.model.ReflectiveCallable.run(ReflectiveCallable.java:15)
	at org.junit.runners.model.FrameworkMethod.invokeExplosively(FrameworkMethod.java:41)
	at org.junit.internal.runners.statements.RunBefores.evaluate(RunBefores.java:27)
	at org.junit.internal.runners.statements.RunAfters.evaluate(RunAfters.java:31)
	at org.junit.runners.BlockJUnit4ClassRunner.runNotIgnored(BlockJUnit4ClassRunner.java:79)
	at org.junit.runners.BlockJUnit4ClassRunner.runChild(BlockJUnit4ClassRunner.java:71)
	at org.junit.runners.BlockJUnit4ClassRunner.runChild(BlockJUnit4ClassRunner.java:49)
	at org.junit.runners.ParentRunner$3.run(ParentRunner.java:193)
	at org.junit.runners.ParentRunner$1.schedule(ParentRunner.java:52)
	at org.junit.runners.ParentRunner.runChildren(ParentRunner.java:191)
	at org.junit.runners.ParentRunner.access$000(ParentRunner.java:42)
	at org.junit.runners.ParentRunner$2.evaluate(ParentRunner.java:184)
	at org.junit.runners.ParentRunner.run(ParentRunner.java:236)
	at org.apache.maven.surefire.junit4.JUnit4Provider.execute(JUnit4Provider.java:283)
	at org.apache.maven.surefire.junit4.JUnit4Provider.executeWithRerun(JUnit4Provider.java:173)
	at org.apache.maven.surefire.junit4.JUnit4Provider.executeTestSet(JUnit4Provider.java:153)
	at org.apache.maven.surefire.junit4.JUnit4Provider.invoke(JUnit4Provider.java:128)
	at org.apache.maven.surefire.booter.ForkedBooter.invokeProviderInSameClassLoader(ForkedBooter.java:203)
	at org.apache.maven.surefire.booter.ForkedBooter.runSuitesInProcess(ForkedBooter.java:155)
	at org.apache.maven.surefire.booter.ForkedBooter.main(ForkedBooter.java:103)
Caused by: java.lang.RuntimeException: folder or file like '^.+[.]properties$' no found in nutz-test.properties
	at org.nutz.lang.Lang.makeThrow(Lang.java:151)
	at org.nutz.resource.Scans.loadResource(Scans.java:112)
	at org.nutz.ioc.impl.PropertiesProxy.getResources(PropertiesProxy.java:153)
	at org.nutz.ioc.impl.PropertiesProxy.setPaths(PropertiesProxy.java:109)
	at org.nutz.ioc.impl.PropertiesProxy$FM$setPaths$d0275b2b871e237a38f11859247d1599.invoke(PropertiesProxy.java)
	at org.nutz.lang.inject.InjectBySetter.inject(InjectBySetter.java:51)
	at org.nutz.ioc.weaver.FieldInjector.inject(FieldInjector.java:33)
	at org.nutz.ioc.weaver.DefaultWeaver.fill(DefaultWeaver.java:56)
	at org.nutz.ioc.impl.ObjectMakerImpl.make(ObjectMakerImpl.java:136)
	at org.nutz.ioc.impl.NutIoc.get(NutIoc.java:210)
	at org.nutz.ioc.impl.NutIoc.get(NutIoc.java:239)
	at org.nutz.ioc.java.IocObjectNode.getValue(IocObjectNode.java:19)
	at org.nutz.ioc.java.ChainNode.eval(ChainNode.java:24)
	at org.nutz.ioc.java.ChainNode.eval(ChainNode.java:19)
	at org.nutz.ioc.val.JavaValue.get(JavaValue.java:69)
	at org.nutz.ioc.weaver.FieldInjector.inject(FieldInjector.java:32)
	at org.nutz.ioc.weaver.DefaultWeaver.fill(DefaultWeaver.java:56)
	at org.nutz.ioc.impl.ObjectMakerImpl.make(ObjectMakerImpl.java:136)
	at org.nutz.ioc.impl.NutIoc.get(NutIoc.java:210)
	at org.nutz.ioc.val.ReferValue.get(ReferValue.java:24)
	at org.nutz.ioc.impl.ObjectMakerImpl.make(ObjectMakerImpl.java:62)
	at org.nutz.ioc.impl.NutIoc.get(NutIoc.java:210)
	at org.nutz.ioc.impl.NutIoc.get(NutIoc.java:239)
	at org.nutz.dao.test.DaoCase.setUp(DaoCase.java:22)
	at sun.reflect.GeneratedMethodAccessor23.invoke(Unknown Source)
	at sun.reflect.DelegatingMethodAccessorImpl.invoke(DelegatingMethodAccessorImpl.java:43)
	at java.lang.reflect.Method.invoke(Method.java:498)
	at org.junit.runners.model.FrameworkMethod$1.runReflectiveCall(FrameworkMethod.java:44)
	at org.junit.internal.runners.model.ReflectiveCallable.run(ReflectiveCallable.java:15)
	at org.junit.runners.model.FrameworkMethod.invokeExplosively(FrameworkMethod.java:41)
	at org.junit.internal.runners.statements.RunBefores.evaluate(RunBefores.java:27)
	at org.junit.internal.runners.statements.RunAfters.evaluate(RunAfters.java:31)
	at org.junit.runners.BlockJUnit4ClassRunner.runNotIgnored(BlockJUnit4ClassRunner.java:79)
	at org.junit.runners.BlockJUnit4ClassRunner.runChild(BlockJUnit4ClassRunner.java:71)
	at org.junit.runners.BlockJUnit4ClassRunner.runChild(BlockJUnit4ClassRunner.java:49)
	at org.junit.runners.ParentRunner$3.run(ParentRunner.java:193)
	at org.junit.runners.ParentRunner$1.schedule(ParentRunner.java:52)
	at org.junit.runners.ParentRunner.runChildren(ParentRunner.java:191)
	at org.junit.runners.ParentRunner.access$000(ParentRunner.java:42)
	at org.junit.runners.ParentRunner$2.evaluate(ParentRunner.java:184)
	at org.junit.runners.ParentRunner.run(ParentRunner.java:236)
	at org.apache.maven.surefire.junit4.JUnit4Provider.execute(JUnit4Provider.java:283)
	at org.apache.maven.surefire.junit4.JUnit4Provider.executeWithRerun(JUnit4Provider.java:173)
	at org.apache.maven.surefire.junit4.JUnit4Provider.executeTestSet(JUnit4Provider.java:153)
	at org.apache.maven.surefire.junit4.JUnit4Provider.invoke(JUnit4Provider.java:128)
	at org.apache.maven.surefire.booter.ForkedBooter.invokeProviderInSameClassLoader(ForkedBooter.java:203)
	at org.apache.maven.surefire.booter.ForkedBooter.runSuitesInProcess(ForkedBooter.java:155)
	at org.apache.maven.surefire.booter.ForkedBooter.main(ForkedBooter.java:103)
</error>
  </testcase>
  <testcase name="test_fetch_by_join" classname="org.nutz.dao.test.normal.SimpleDaoTest" time="0">
    <error message="IocBean[dao -&gt; dataSource] throw Exception when creating" type="org.nutz.ioc.IocException">org.nutz.ioc.IocException: IocBean[dao -> dataSource] throw Exception when creating
	at org.nutz.ioc.impl.ObjectMakerImpl.make(ObjectMakerImpl.java:150)
	at org.nutz.ioc.impl.NutIoc.get(NutIoc.java:210)
	at org.nutz.ioc.val.ReferValue.get(ReferValue.java:24)
	at org.nutz.ioc.impl.ObjectMakerImpl.make(ObjectMakerImpl.java:62)
	at org.nutz.ioc.impl.NutIoc.get(NutIoc.java:210)
	at org.nutz.ioc.impl.NutIoc.get(NutIoc.java:239)
	at org.nutz.dao.test.DaoCase.setUp(DaoCase.java:22)
	at sun.reflect.GeneratedMethodAccessor23.invoke(Unknown Source)
	at sun.reflect.DelegatingMethodAccessorImpl.invoke(DelegatingMethodAccessorImpl.java:43)
	at java.lang.reflect.Method.invoke(Method.java:498)
	at org.junit.runners.model.FrameworkMethod$1.runReflectiveCall(FrameworkMethod.java:44)
	at org.junit.internal.runners.model.ReflectiveCallable.run(ReflectiveCallable.java:15)
	at org.junit.runners.model.FrameworkMethod.invokeExplosively(FrameworkMethod.java:41)
	at org.junit.internal.runners.statements.RunBefores.evaluate(RunBefores.java:27)
	at org.junit.internal.runners.statements.RunAfters.evaluate(RunAfters.java:31)
	at org.junit.runners.BlockJUnit4ClassRunner.runNotIgnored(BlockJUnit4ClassRunner.java:79)
	at org.junit.runners.BlockJUnit4ClassRunner.runChild(BlockJUnit4ClassRunner.java:71)
	at org.junit.runners.BlockJUnit4ClassRunner.runChild(BlockJUnit4ClassRunner.java:49)
	at org.junit.runners.ParentRunner$3.run(ParentRunner.java:193)
	at org.junit.runners.ParentRunner$1.schedule(ParentRunner.java:52)
	at org.junit.runners.ParentRunner.runChildren(ParentRunner.java:191)
	at org.junit.runners.ParentRunner.access$000(ParentRunner.java:42)
	at org.junit.runners.ParentRunner$2.evaluate(ParentRunner.java:184)
	at org.junit.runners.ParentRunner.run(ParentRunner.java:236)
	at org.apache.maven.surefire.junit4.JUnit4Provider.execute(JUnit4Provider.java:283)
	at org.apache.maven.surefire.junit4.JUnit4Provider.executeWithRerun(JUnit4Provider.java:173)
	at org.apache.maven.surefire.junit4.JUnit4Provider.executeTestSet(JUnit4Provider.java:153)
	at org.apache.maven.surefire.junit4.JUnit4Provider.invoke(JUnit4Provider.java:128)
	at org.apache.maven.surefire.booter.ForkedBooter.invokeProviderInSameClassLoader(ForkedBooter.java:203)
	at org.apache.maven.surefire.booter.ForkedBooter.runSuitesInProcess(ForkedBooter.java:155)
	at org.apache.maven.surefire.booter.ForkedBooter.main(ForkedBooter.java:103)
Caused by: java.lang.RuntimeException: IocBean[dataSource] fail at field=[driverClassName]
	at org.nutz.ioc.weaver.FieldInjector.inject(FieldInjector.java:40)
	at org.nutz.ioc.weaver.DefaultWeaver.fill(DefaultWeaver.java:56)
	at org.nutz.ioc.impl.ObjectMakerImpl.make(ObjectMakerImpl.java:136)
	at org.nutz.ioc.impl.NutIoc.get(NutIoc.java:210)
	at org.nutz.ioc.val.ReferValue.get(ReferValue.java:24)
	at org.nutz.ioc.impl.ObjectMakerImpl.make(ObjectMakerImpl.java:62)
	at org.nutz.ioc.impl.NutIoc.get(NutIoc.java:210)
	at org.nutz.ioc.impl.NutIoc.get(NutIoc.java:239)
	at org.nutz.dao.test.DaoCase.setUp(DaoCase.java:22)
	at sun.reflect.GeneratedMethodAccessor23.invoke(Unknown Source)
	at sun.reflect.DelegatingMethodAccessorImpl.invoke(DelegatingMethodAccessorImpl.java:43)
	at java.lang.reflect.Method.invoke(Method.java:498)
	at org.junit.runners.model.FrameworkMethod$1.runReflectiveCall(FrameworkMethod.java:44)
	at org.junit.internal.runners.model.ReflectiveCallable.run(ReflectiveCallable.java:15)
	at org.junit.runners.model.FrameworkMethod.invokeExplosively(FrameworkMethod.java:41)
	at org.junit.internal.runners.statements.RunBefores.evaluate(RunBefores.java:27)
	at org.junit.internal.runners.statements.RunAfters.evaluate(RunAfters.java:31)
	at org.junit.runners.BlockJUnit4ClassRunner.runNotIgnored(BlockJUnit4ClassRunner.java:79)
	at org.junit.runners.BlockJUnit4ClassRunner.runChild(BlockJUnit4ClassRunner.java:71)
	at org.junit.runners.BlockJUnit4ClassRunner.runChild(BlockJUnit4ClassRunner.java:49)
	at org.junit.runners.ParentRunner$3.run(ParentRunner.java:193)
	at org.junit.runners.ParentRunner$1.schedule(ParentRunner.java:52)
	at org.junit.runners.ParentRunner.runChildren(ParentRunner.java:191)
	at org.junit.runners.ParentRunner.access$000(ParentRunner.java:42)
	at org.junit.runners.ParentRunner$2.evaluate(ParentRunner.java:184)
	at org.junit.runners.ParentRunner.run(ParentRunner.java:236)
	at org.apache.maven.surefire.junit4.JUnit4Provider.execute(JUnit4Provider.java:283)
	at org.apache.maven.surefire.junit4.JUnit4Provider.executeWithRerun(JUnit4Provider.java:173)
	at org.apache.maven.surefire.junit4.JUnit4Provider.executeTestSet(JUnit4Provider.java:153)
	at org.apache.maven.surefire.junit4.JUnit4Provider.invoke(JUnit4Provider.java:128)
	at org.apache.maven.surefire.booter.ForkedBooter.invokeProviderInSameClassLoader(ForkedBooter.java:203)
	at org.apache.maven.surefire.booter.ForkedBooter.runSuitesInProcess(ForkedBooter.java:155)
	at org.apache.maven.surefire.booter.ForkedBooter.main(ForkedBooter.java:103)
Caused by: org.nutz.ioc.IocException: IocBean[config] throw Exception when creating
	at org.nutz.ioc.impl.ObjectMakerImpl.make(ObjectMakerImpl.java:150)
	at org.nutz.ioc.impl.NutIoc.get(NutIoc.java:210)
	at org.nutz.ioc.impl.NutIoc.get(NutIoc.java:239)
	at org.nutz.ioc.java.IocObjectNode.getValue(IocObjectNode.java:19)
	at org.nutz.ioc.java.ChainNode.eval(ChainNode.java:24)
	at org.nutz.ioc.java.ChainNode.eval(ChainNode.java:19)
	at org.nutz.ioc.val.JavaValue.get(JavaValue.java:69)
	at org.nutz.ioc.weaver.FieldInjector.inject(FieldInjector.java:32)
	at org.nutz.ioc.weaver.DefaultWeaver.fill(DefaultWeaver.java:56)
	at org.nutz.ioc.impl.ObjectMakerImpl.make(ObjectMakerImpl.java:136)
	at org.nutz.ioc.impl.NutIoc.get(NutIoc.java:210)
	at org.nutz.ioc.val.ReferValue.get(ReferValue.java:24)
	at org.nutz.ioc.impl.ObjectMakerImpl.make(ObjectMakerImpl.java:62)
	at org.nutz.ioc.impl.NutIoc.get(NutIoc.java:210)
	at org.nutz.ioc.impl.NutIoc.get(NutIoc.java:239)
	at org.nutz.dao.test.DaoCase.setUp(DaoCase.java:22)
	at sun.reflect.GeneratedMethodAccessor23.invoke(Unknown Source)
	at sun.reflect.DelegatingMethodAccessorImpl.invoke(DelegatingMethodAccessorImpl.java:43)
	at java.lang.reflect.Method.invoke(Method.java:498)
	at org.junit.runners.model.FrameworkMethod$1.runReflectiveCall(FrameworkMethod.java:44)
	at org.junit.internal.runners.model.ReflectiveCallable.run(ReflectiveCallable.java:15)
	at org.junit.runners.model.FrameworkMethod.invokeExplosively(FrameworkMethod.java:41)
	at org.junit.internal.runners.statements.RunBefores.evaluate(RunBefores.java:27)
	at org.junit.internal.runners.statements.RunAfters.evaluate(RunAfters.java:31)
	at org.junit.runners.BlockJUnit4ClassRunner.runNotIgnored(BlockJUnit4ClassRunner.java:79)
	at org.junit.runners.BlockJUnit4ClassRunner.runChild(BlockJUnit4ClassRunner.java:71)
	at org.junit.runners.BlockJUnit4ClassRunner.runChild(BlockJUnit4ClassRunner.java:49)
	at org.junit.runners.ParentRunner$3.run(ParentRunner.java:193)
	at org.junit.runners.ParentRunner$1.schedule(ParentRunner.java:52)
	at org.junit.runners.ParentRunner.runChildren(ParentRunner.java:191)
	at org.junit.runners.ParentRunner.access$000(ParentRunner.java:42)
	at org.junit.runners.ParentRunner$2.evaluate(ParentRunner.java:184)
	at org.junit.runners.ParentRunner.run(ParentRunner.java:236)
	at org.apache.maven.surefire.junit4.JUnit4Provider.execute(JUnit4Provider.java:283)
	at org.apache.maven.surefire.junit4.JUnit4Provider.executeWithRerun(JUnit4Provider.java:173)
	at org.apache.maven.surefire.junit4.JUnit4Provider.executeTestSet(JUnit4Provider.java:153)
	at org.apache.maven.surefire.junit4.JUnit4Provider.invoke(JUnit4Provider.java:128)
	at org.apache.maven.surefire.booter.ForkedBooter.invokeProviderInSameClassLoader(ForkedBooter.java:203)
	at org.apache.maven.surefire.booter.ForkedBooter.runSuitesInProcess(ForkedBooter.java:155)
	at org.apache.maven.surefire.booter.ForkedBooter.main(ForkedBooter.java:103)
Caused by: java.lang.RuntimeException: IocBean[config] fail at field=[paths]
	at org.nutz.ioc.weaver.FieldInjector.inject(FieldInjector.java:40)
	at org.nutz.ioc.weaver.DefaultWeaver.fill(DefaultWeaver.java:56)
	at org.nutz.ioc.impl.ObjectMakerImpl.make(ObjectMakerImpl.java:136)
	at org.nutz.ioc.impl.NutIoc.get(NutIoc.java:210)
	at org.nutz.ioc.impl.NutIoc.get(NutIoc.java:239)
	at org.nutz.ioc.java.IocObjectNode.getValue(IocObjectNode.java:19)
	at org.nutz.ioc.java.ChainNode.eval(ChainNode.java:24)
	at org.nutz.ioc.java.ChainNode.eval(ChainNode.java:19)
	at org.nutz.ioc.val.JavaValue.get(JavaValue.java:69)
	at org.nutz.ioc.weaver.FieldInjector.inject(FieldInjector.java:32)
	at org.nutz.ioc.weaver.DefaultWeaver.fill(DefaultWeaver.java:56)
	at org.nutz.ioc.impl.ObjectMakerImpl.make(ObjectMakerImpl.java:136)
	at org.nutz.ioc.impl.NutIoc.get(NutIoc.java:210)
	at org.nutz.ioc.val.ReferValue.get(ReferValue.java:24)
	at org.nutz.ioc.impl.ObjectMakerImpl.make(ObjectMakerImpl.java:62)
	at org.nutz.ioc.impl.NutIoc.get(NutIoc.java:210)
	at org.nutz.ioc.impl.NutIoc.get(NutIoc.java:239)
	at org.nutz.dao.test.DaoCase.setUp(DaoCase.java:22)
	at sun.reflect.GeneratedMethodAccessor23.invoke(Unknown Source)
	at sun.reflect.DelegatingMethodAccessorImpl.invoke(DelegatingMethodAccessorImpl.java:43)
	at java.lang.reflect.Method.invoke(Method.java:498)
	at org.junit.runners.model.FrameworkMethod$1.runReflectiveCall(FrameworkMethod.java:44)
	at org.junit.internal.runners.model.ReflectiveCallable.run(ReflectiveCallable.java:15)
	at org.junit.runners.model.FrameworkMethod.invokeExplosively(FrameworkMethod.java:41)
	at org.junit.internal.runners.statements.RunBefores.evaluate(RunBefores.java:27)
	at org.junit.internal.runners.statements.RunAfters.evaluate(RunAfters.java:31)
	at org.junit.runners.BlockJUnit4ClassRunner.runNotIgnored(BlockJUnit4ClassRunner.java:79)
	at org.junit.runners.BlockJUnit4ClassRunner.runChild(BlockJUnit4ClassRunner.java:71)
	at org.junit.runners.BlockJUnit4ClassRunner.runChild(BlockJUnit4ClassRunner.java:49)
	at org.junit.runners.ParentRunner$3.run(ParentRunner.java:193)
	at org.junit.runners.ParentRunner$1.schedule(ParentRunner.java:52)
	at org.junit.runners.ParentRunner.runChildren(ParentRunner.java:191)
	at org.junit.runners.ParentRunner.access$000(ParentRunner.java:42)
	at org.junit.runners.ParentRunner$2.evaluate(ParentRunner.java:184)
	at org.junit.runners.ParentRunner.run(ParentRunner.java:236)
	at org.apache.maven.surefire.junit4.JUnit4Provider.execute(JUnit4Provider.java:283)
	at org.apache.maven.surefire.junit4.JUnit4Provider.executeWithRerun(JUnit4Provider.java:173)
	at org.apache.maven.surefire.junit4.JUnit4Provider.executeTestSet(JUnit4Provider.java:153)
	at org.apache.maven.surefire.junit4.JUnit4Provider.invoke(JUnit4Provider.java:128)
	at org.apache.maven.surefire.booter.ForkedBooter.invokeProviderInSameClassLoader(ForkedBooter.java:203)
	at org.apache.maven.surefire.booter.ForkedBooter.runSuitesInProcess(ForkedBooter.java:155)
	at org.apache.maven.surefire.booter.ForkedBooter.main(ForkedBooter.java:103)
Caused by: java.lang.RuntimeException: Fail to set '[nutz-test.properties]'[ [Ljava.lang.String;@5232e3f1 ] by setter org.nutz.ioc.impl.PropertiesProxy.'setPaths()' because [java.lang.RuntimeException: folder or file like '^.+[.]properties$' no found in nutz-test.properties]: folder or file like '^.+[.]properties$' no found in nutz-test.properties
	at org.nutz.lang.Lang.wrapThrow(Lang.java:167)
	at org.nutz.lang.inject.InjectBySetter.inject(InjectBySetter.java:62)
	at org.nutz.ioc.weaver.FieldInjector.inject(FieldInjector.java:33)
	at org.nutz.ioc.weaver.DefaultWeaver.fill(DefaultWeaver.java:56)
	at org.nutz.ioc.impl.ObjectMakerImpl.make(ObjectMakerImpl.java:136)
	at org.nutz.ioc.impl.NutIoc.get(NutIoc.java:210)
	at org.nutz.ioc.impl.NutIoc.get(NutIoc.java:239)
	at org.nutz.ioc.java.IocObjectNode.getValue(IocObjectNode.java:19)
	at org.nutz.ioc.java.ChainNode.eval(ChainNode.java:24)
	at org.nutz.ioc.java.ChainNode.eval(ChainNode.java:19)
	at org.nutz.ioc.val.JavaValue.get(JavaValue.java:69)
	at org.nutz.ioc.weaver.FieldInjector.inject(FieldInjector.java:32)
	at org.nutz.ioc.weaver.DefaultWeaver.fill(DefaultWeaver.java:56)
	at org.nutz.ioc.impl.ObjectMakerImpl.make(ObjectMakerImpl.java:136)
	at org.nutz.ioc.impl.NutIoc.get(NutIoc.java:210)
	at org.nutz.ioc.val.ReferValue.get(ReferValue.java:24)
	at org.nutz.ioc.impl.ObjectMakerImpl.make(ObjectMakerImpl.java:62)
	at org.nutz.ioc.impl.NutIoc.get(NutIoc.java:210)
	at org.nutz.ioc.impl.NutIoc.get(NutIoc.java:239)
	at org.nutz.dao.test.DaoCase.setUp(DaoCase.java:22)
	at sun.reflect.GeneratedMethodAccessor23.invoke(Unknown Source)
	at sun.reflect.DelegatingMethodAccessorImpl.invoke(DelegatingMethodAccessorImpl.java:43)
	at java.lang.reflect.Method.invoke(Method.java:498)
	at org.junit.runners.model.FrameworkMethod$1.runReflectiveCall(FrameworkMethod.java:44)
	at org.junit.internal.runners.model.ReflectiveCallable.run(ReflectiveCallable.java:15)
	at org.junit.runners.model.FrameworkMethod.invokeExplosively(FrameworkMethod.java:41)
	at org.junit.internal.runners.statements.RunBefores.evaluate(RunBefores.java:27)
	at org.junit.internal.runners.statements.RunAfters.evaluate(RunAfters.java:31)
	at org.junit.runners.BlockJUnit4ClassRunner.runNotIgnored(BlockJUnit4ClassRunner.java:79)
	at org.junit.runners.BlockJUnit4ClassRunner.runChild(BlockJUnit4ClassRunner.java:71)
	at org.junit.runners.BlockJUnit4ClassRunner.runChild(BlockJUnit4ClassRunner.java:49)
	at org.junit.runners.ParentRunner$3.run(ParentRunner.java:193)
	at org.junit.runners.ParentRunner$1.schedule(ParentRunner.java:52)
	at org.junit.runners.ParentRunner.runChildren(ParentRunner.java:191)
	at org.junit.runners.ParentRunner.access$000(ParentRunner.java:42)
	at org.junit.runners.ParentRunner$2.evaluate(ParentRunner.java:184)
	at org.junit.runners.ParentRunner.run(ParentRunner.java:236)
	at org.apache.maven.surefire.junit4.JUnit4Provider.execute(JUnit4Provider.java:283)
	at org.apache.maven.surefire.junit4.JUnit4Provider.executeWithRerun(JUnit4Provider.java:173)
	at org.apache.maven.surefire.junit4.JUnit4Provider.executeTestSet(JUnit4Provider.java:153)
	at org.apache.maven.surefire.junit4.JUnit4Provider.invoke(JUnit4Provider.java:128)
	at org.apache.maven.surefire.booter.ForkedBooter.invokeProviderInSameClassLoader(ForkedBooter.java:203)
	at org.apache.maven.surefire.booter.ForkedBooter.runSuitesInProcess(ForkedBooter.java:155)
	at org.apache.maven.surefire.booter.ForkedBooter.main(ForkedBooter.java:103)
Caused by: java.lang.RuntimeException: folder or file like '^.+[.]properties$' no found in nutz-test.properties
	at org.nutz.lang.Lang.makeThrow(Lang.java:151)
	at org.nutz.resource.Scans.loadResource(Scans.java:112)
	at org.nutz.ioc.impl.PropertiesProxy.getResources(PropertiesProxy.java:153)
	at org.nutz.ioc.impl.PropertiesProxy.setPaths(PropertiesProxy.java:109)
	at org.nutz.ioc.impl.PropertiesProxy$FM$setPaths$d0275b2b871e237a38f11859247d1599.invoke(PropertiesProxy.java)
	at org.nutz.lang.inject.InjectBySetter.inject(InjectBySetter.java:51)
	at org.nutz.ioc.weaver.FieldInjector.inject(FieldInjector.java:33)
	at org.nutz.ioc.weaver.DefaultWeaver.fill(DefaultWeaver.java:56)
	at org.nutz.ioc.impl.ObjectMakerImpl.make(ObjectMakerImpl.java:136)
	at org.nutz.ioc.impl.NutIoc.get(NutIoc.java:210)
	at org.nutz.ioc.impl.NutIoc.get(NutIoc.java:239)
	at org.nutz.ioc.java.IocObjectNode.getValue(IocObjectNode.java:19)
	at org.nutz.ioc.java.ChainNode.eval(ChainNode.java:24)
	at org.nutz.ioc.java.ChainNode.eval(ChainNode.java:19)
	at org.nutz.ioc.val.JavaValue.get(JavaValue.java:69)
	at org.nutz.ioc.weaver.FieldInjector.inject(FieldInjector.java:32)
	at org.nutz.ioc.weaver.DefaultWeaver.fill(DefaultWeaver.java:56)
	at org.nutz.ioc.impl.ObjectMakerImpl.make(ObjectMakerImpl.java:136)
	at org.nutz.ioc.impl.NutIoc.get(NutIoc.java:210)
	at org.nutz.ioc.val.ReferValue.get(ReferValue.java:24)
	at org.nutz.ioc.impl.ObjectMakerImpl.make(ObjectMakerImpl.java:62)
	at org.nutz.ioc.impl.NutIoc.get(NutIoc.java:210)
	at org.nutz.ioc.impl.NutIoc.get(NutIoc.java:239)
	at org.nutz.dao.test.DaoCase.setUp(DaoCase.java:22)
	at sun.reflect.GeneratedMethodAccessor23.invoke(Unknown Source)
	at sun.reflect.DelegatingMethodAccessorImpl.invoke(DelegatingMethodAccessorImpl.java:43)
	at java.lang.reflect.Method.invoke(Method.java:498)
	at org.junit.runners.model.FrameworkMethod$1.runReflectiveCall(FrameworkMethod.java:44)
	at org.junit.internal.runners.model.ReflectiveCallable.run(ReflectiveCallable.java:15)
	at org.junit.runners.model.FrameworkMethod.invokeExplosively(FrameworkMethod.java:41)
	at org.junit.internal.runners.statements.RunBefores.evaluate(RunBefores.java:27)
	at org.junit.internal.runners.statements.RunAfters.evaluate(RunAfters.java:31)
	at org.junit.runners.BlockJUnit4ClassRunner.runNotIgnored(BlockJUnit4ClassRunner.java:79)
	at org.junit.runners.BlockJUnit4ClassRunner.runChild(BlockJUnit4ClassRunner.java:71)
	at org.junit.runners.BlockJUnit4ClassRunner.runChild(BlockJUnit4ClassRunner.java:49)
	at org.junit.runners.ParentRunner$3.run(ParentRunner.java:193)
	at org.junit.runners.ParentRunner$1.schedule(ParentRunner.java:52)
	at org.junit.runners.ParentRunner.runChildren(ParentRunner.java:191)
	at org.junit.runners.ParentRunner.access$000(ParentRunner.java:42)
	at org.junit.runners.ParentRunner$2.evaluate(ParentRunner.java:184)
	at org.junit.runners.ParentRunner.run(ParentRunner.java:236)
	at org.apache.maven.surefire.junit4.JUnit4Provider.execute(JUnit4Provider.java:283)
	at org.apache.maven.surefire.junit4.JUnit4Provider.executeWithRerun(JUnit4Provider.java:173)
	at org.apache.maven.surefire.junit4.JUnit4Provider.executeTestSet(JUnit4Provider.java:153)
	at org.apache.maven.surefire.junit4.JUnit4Provider.invoke(JUnit4Provider.java:128)
	at org.apache.maven.surefire.booter.ForkedBooter.invokeProviderInSameClassLoader(ForkedBooter.java:203)
	at org.apache.maven.surefire.booter.ForkedBooter.runSuitesInProcess(ForkedBooter.java:155)
	at org.apache.maven.surefire.booter.ForkedBooter.main(ForkedBooter.java:103)
</error>
  </testcase>
  <testcase name="test_migration_issue1254" classname="org.nutz.dao.test.normal.SimpleDaoTest" time="0">
    <error message="IocBean[dao -&gt; dataSource] throw Exception when creating" type="org.nutz.ioc.IocException">org.nutz.ioc.IocException: IocBean[dao -> dataSource] throw Exception when creating
	at org.nutz.ioc.impl.ObjectMakerImpl.make(ObjectMakerImpl.java:150)
	at org.nutz.ioc.impl.NutIoc.get(NutIoc.java:210)
	at org.nutz.ioc.val.ReferValue.get(ReferValue.java:24)
	at org.nutz.ioc.impl.ObjectMakerImpl.make(ObjectMakerImpl.java:62)
	at org.nutz.ioc.impl.NutIoc.get(NutIoc.java:210)
	at org.nutz.ioc.impl.NutIoc.get(NutIoc.java:239)
	at org.nutz.dao.test.DaoCase.setUp(DaoCase.java:22)
	at sun.reflect.GeneratedMethodAccessor23.invoke(Unknown Source)
	at sun.reflect.DelegatingMethodAccessorImpl.invoke(DelegatingMethodAccessorImpl.java:43)
	at java.lang.reflect.Method.invoke(Method.java:498)
	at org.junit.runners.model.FrameworkMethod$1.runReflectiveCall(FrameworkMethod.java:44)
	at org.junit.internal.runners.model.ReflectiveCallable.run(ReflectiveCallable.java:15)
	at org.junit.runners.model.FrameworkMethod.invokeExplosively(FrameworkMethod.java:41)
	at org.junit.internal.runners.statements.RunBefores.evaluate(RunBefores.java:27)
	at org.junit.internal.runners.statements.RunAfters.evaluate(RunAfters.java:31)
	at org.junit.runners.BlockJUnit4ClassRunner.runNotIgnored(BlockJUnit4ClassRunner.java:79)
	at org.junit.runners.BlockJUnit4ClassRunner.runChild(BlockJUnit4ClassRunner.java:71)
	at org.junit.runners.BlockJUnit4ClassRunner.runChild(BlockJUnit4ClassRunner.java:49)
	at org.junit.runners.ParentRunner$3.run(ParentRunner.java:193)
	at org.junit.runners.ParentRunner$1.schedule(ParentRunner.java:52)
	at org.junit.runners.ParentRunner.runChildren(ParentRunner.java:191)
	at org.junit.runners.ParentRunner.access$000(ParentRunner.java:42)
	at org.junit.runners.ParentRunner$2.evaluate(ParentRunner.java:184)
	at org.junit.runners.ParentRunner.run(ParentRunner.java:236)
	at org.apache.maven.surefire.junit4.JUnit4Provider.execute(JUnit4Provider.java:283)
	at org.apache.maven.surefire.junit4.JUnit4Provider.executeWithRerun(JUnit4Provider.java:173)
	at org.apache.maven.surefire.junit4.JUnit4Provider.executeTestSet(JUnit4Provider.java:153)
	at org.apache.maven.surefire.junit4.JUnit4Provider.invoke(JUnit4Provider.java:128)
	at org.apache.maven.surefire.booter.ForkedBooter.invokeProviderInSameClassLoader(ForkedBooter.java:203)
	at org.apache.maven.surefire.booter.ForkedBooter.runSuitesInProcess(ForkedBooter.java:155)
	at org.apache.maven.surefire.booter.ForkedBooter.main(ForkedBooter.java:103)
Caused by: java.lang.RuntimeException: IocBean[dataSource] fail at field=[driverClassName]
	at org.nutz.ioc.weaver.FieldInjector.inject(FieldInjector.java:40)
	at org.nutz.ioc.weaver.DefaultWeaver.fill(DefaultWeaver.java:56)
	at org.nutz.ioc.impl.ObjectMakerImpl.make(ObjectMakerImpl.java:136)
	at org.nutz.ioc.impl.NutIoc.get(NutIoc.java:210)
	at org.nutz.ioc.val.ReferValue.get(ReferValue.java:24)
	at org.nutz.ioc.impl.ObjectMakerImpl.make(ObjectMakerImpl.java:62)
	at org.nutz.ioc.impl.NutIoc.get(NutIoc.java:210)
	at org.nutz.ioc.impl.NutIoc.get(NutIoc.java:239)
	at org.nutz.dao.test.DaoCase.setUp(DaoCase.java:22)
	at sun.reflect.GeneratedMethodAccessor23.invoke(Unknown Source)
	at sun.reflect.DelegatingMethodAccessorImpl.invoke(DelegatingMethodAccessorImpl.java:43)
	at java.lang.reflect.Method.invoke(Method.java:498)
	at org.junit.runners.model.FrameworkMethod$1.runReflectiveCall(FrameworkMethod.java:44)
	at org.junit.internal.runners.model.ReflectiveCallable.run(ReflectiveCallable.java:15)
	at org.junit.runners.model.FrameworkMethod.invokeExplosively(FrameworkMethod.java:41)
	at org.junit.internal.runners.statements.RunBefores.evaluate(RunBefores.java:27)
	at org.junit.internal.runners.statements.RunAfters.evaluate(RunAfters.java:31)
	at org.junit.runners.BlockJUnit4ClassRunner.runNotIgnored(BlockJUnit4ClassRunner.java:79)
	at org.junit.runners.BlockJUnit4ClassRunner.runChild(BlockJUnit4ClassRunner.java:71)
	at org.junit.runners.BlockJUnit4ClassRunner.runChild(BlockJUnit4ClassRunner.java:49)
	at org.junit.runners.ParentRunner$3.run(ParentRunner.java:193)
	at org.junit.runners.ParentRunner$1.schedule(ParentRunner.java:52)
	at org.junit.runners.ParentRunner.runChildren(ParentRunner.java:191)
	at org.junit.runners.ParentRunner.access$000(ParentRunner.java:42)
	at org.junit.runners.ParentRunner$2.evaluate(ParentRunner.java:184)
	at org.junit.runners.ParentRunner.run(ParentRunner.java:236)
	at org.apache.maven.surefire.junit4.JUnit4Provider.execute(JUnit4Provider.java:283)
	at org.apache.maven.surefire.junit4.JUnit4Provider.executeWithRerun(JUnit4Provider.java:173)
	at org.apache.maven.surefire.junit4.JUnit4Provider.executeTestSet(JUnit4Provider.java:153)
	at org.apache.maven.surefire.junit4.JUnit4Provider.invoke(JUnit4Provider.java:128)
	at org.apache.maven.surefire.booter.ForkedBooter.invokeProviderInSameClassLoader(ForkedBooter.java:203)
	at org.apache.maven.surefire.booter.ForkedBooter.runSuitesInProcess(ForkedBooter.java:155)
	at org.apache.maven.surefire.booter.ForkedBooter.main(ForkedBooter.java:103)
Caused by: org.nutz.ioc.IocException: IocBean[config] throw Exception when creating
	at org.nutz.ioc.impl.ObjectMakerImpl.make(ObjectMakerImpl.java:150)
	at org.nutz.ioc.impl.NutIoc.get(NutIoc.java:210)
	at org.nutz.ioc.impl.NutIoc.get(NutIoc.java:239)
	at org.nutz.ioc.java.IocObjectNode.getValue(IocObjectNode.java:19)
	at org.nutz.ioc.java.ChainNode.eval(ChainNode.java:24)
	at org.nutz.ioc.java.ChainNode.eval(ChainNode.java:19)
	at org.nutz.ioc.val.JavaValue.get(JavaValue.java:69)
	at org.nutz.ioc.weaver.FieldInjector.inject(FieldInjector.java:32)
	at org.nutz.ioc.weaver.DefaultWeaver.fill(DefaultWeaver.java:56)
	at org.nutz.ioc.impl.ObjectMakerImpl.make(ObjectMakerImpl.java:136)
	at org.nutz.ioc.impl.NutIoc.get(NutIoc.java:210)
	at org.nutz.ioc.val.ReferValue.get(ReferValue.java:24)
	at org.nutz.ioc.impl.ObjectMakerImpl.make(ObjectMakerImpl.java:62)
	at org.nutz.ioc.impl.NutIoc.get(NutIoc.java:210)
	at org.nutz.ioc.impl.NutIoc.get(NutIoc.java:239)
	at org.nutz.dao.test.DaoCase.setUp(DaoCase.java:22)
	at sun.reflect.GeneratedMethodAccessor23.invoke(Unknown Source)
	at sun.reflect.DelegatingMethodAccessorImpl.invoke(DelegatingMethodAccessorImpl.java:43)
	at java.lang.reflect.Method.invoke(Method.java:498)
	at org.junit.runners.model.FrameworkMethod$1.runReflectiveCall(FrameworkMethod.java:44)
	at org.junit.internal.runners.model.ReflectiveCallable.run(ReflectiveCallable.java:15)
	at org.junit.runners.model.FrameworkMethod.invokeExplosively(FrameworkMethod.java:41)
	at org.junit.internal.runners.statements.RunBefores.evaluate(RunBefores.java:27)
	at org.junit.internal.runners.statements.RunAfters.evaluate(RunAfters.java:31)
	at org.junit.runners.BlockJUnit4ClassRunner.runNotIgnored(BlockJUnit4ClassRunner.java:79)
	at org.junit.runners.BlockJUnit4ClassRunner.runChild(BlockJUnit4ClassRunner.java:71)
	at org.junit.runners.BlockJUnit4ClassRunner.runChild(BlockJUnit4ClassRunner.java:49)
	at org.junit.runners.ParentRunner$3.run(ParentRunner.java:193)
	at org.junit.runners.ParentRunner$1.schedule(ParentRunner.java:52)
	at org.junit.runners.ParentRunner.runChildren(ParentRunner.java:191)
	at org.junit.runners.ParentRunner.access$000(ParentRunner.java:42)
	at org.junit.runners.ParentRunner$2.evaluate(ParentRunner.java:184)
	at org.junit.runners.ParentRunner.run(ParentRunner.java:236)
	at org.apache.maven.surefire.junit4.JUnit4Provider.execute(JUnit4Provider.java:283)
	at org.apache.maven.surefire.junit4.JUnit4Provider.executeWithRerun(JUnit4Provider.java:173)
	at org.apache.maven.surefire.junit4.JUnit4Provider.executeTestSet(JUnit4Provider.java:153)
	at org.apache.maven.surefire.junit4.JUnit4Provider.invoke(JUnit4Provider.java:128)
	at org.apache.maven.surefire.booter.ForkedBooter.invokeProviderInSameClassLoader(ForkedBooter.java:203)
	at org.apache.maven.surefire.booter.ForkedBooter.runSuitesInProcess(ForkedBooter.java:155)
	at org.apache.maven.surefire.booter.ForkedBooter.main(ForkedBooter.java:103)
Caused by: java.lang.RuntimeException: IocBean[config] fail at field=[paths]
	at org.nutz.ioc.weaver.FieldInjector.inject(FieldInjector.java:40)
	at org.nutz.ioc.weaver.DefaultWeaver.fill(DefaultWeaver.java:56)
	at org.nutz.ioc.impl.ObjectMakerImpl.make(ObjectMakerImpl.java:136)
	at org.nutz.ioc.impl.NutIoc.get(NutIoc.java:210)
	at org.nutz.ioc.impl.NutIoc.get(NutIoc.java:239)
	at org.nutz.ioc.java.IocObjectNode.getValue(IocObjectNode.java:19)
	at org.nutz.ioc.java.ChainNode.eval(ChainNode.java:24)
	at org.nutz.ioc.java.ChainNode.eval(ChainNode.java:19)
	at org.nutz.ioc.val.JavaValue.get(JavaValue.java:69)
	at org.nutz.ioc.weaver.FieldInjector.inject(FieldInjector.java:32)
	at org.nutz.ioc.weaver.DefaultWeaver.fill(DefaultWeaver.java:56)
	at org.nutz.ioc.impl.ObjectMakerImpl.make(ObjectMakerImpl.java:136)
	at org.nutz.ioc.impl.NutIoc.get(NutIoc.java:210)
	at org.nutz.ioc.val.ReferValue.get(ReferValue.java:24)
	at org.nutz.ioc.impl.ObjectMakerImpl.make(ObjectMakerImpl.java:62)
	at org.nutz.ioc.impl.NutIoc.get(NutIoc.java:210)
	at org.nutz.ioc.impl.NutIoc.get(NutIoc.java:239)
	at org.nutz.dao.test.DaoCase.setUp(DaoCase.java:22)
	at sun.reflect.GeneratedMethodAccessor23.invoke(Unknown Source)
	at sun.reflect.DelegatingMethodAccessorImpl.invoke(DelegatingMethodAccessorImpl.java:43)
	at java.lang.reflect.Method.invoke(Method.java:498)
	at org.junit.runners.model.FrameworkMethod$1.runReflectiveCall(FrameworkMethod.java:44)
	at org.junit.internal.runners.model.ReflectiveCallable.run(ReflectiveCallable.java:15)
	at org.junit.runners.model.FrameworkMethod.invokeExplosively(FrameworkMethod.java:41)
	at org.junit.internal.runners.statements.RunBefores.evaluate(RunBefores.java:27)
	at org.junit.internal.runners.statements.RunAfters.evaluate(RunAfters.java:31)
	at org.junit.runners.BlockJUnit4ClassRunner.runNotIgnored(BlockJUnit4ClassRunner.java:79)
	at org.junit.runners.BlockJUnit4ClassRunner.runChild(BlockJUnit4ClassRunner.java:71)
	at org.junit.runners.BlockJUnit4ClassRunner.runChild(BlockJUnit4ClassRunner.java:49)
	at org.junit.runners.ParentRunner$3.run(ParentRunner.java:193)
	at org.junit.runners.ParentRunner$1.schedule(ParentRunner.java:52)
	at org.junit.runners.ParentRunner.runChildren(ParentRunner.java:191)
	at org.junit.runners.ParentRunner.access$000(ParentRunner.java:42)
	at org.junit.runners.ParentRunner$2.evaluate(ParentRunner.java:184)
	at org.junit.runners.ParentRunner.run(ParentRunner.java:236)
	at org.apache.maven.surefire.junit4.JUnit4Provider.execute(JUnit4Provider.java:283)
	at org.apache.maven.surefire.junit4.JUnit4Provider.executeWithRerun(JUnit4Provider.java:173)
	at org.apache.maven.surefire.junit4.JUnit4Provider.executeTestSet(JUnit4Provider.java:153)
	at org.apache.maven.surefire.junit4.JUnit4Provider.invoke(JUnit4Provider.java:128)
	at org.apache.maven.surefire.booter.ForkedBooter.invokeProviderInSameClassLoader(ForkedBooter.java:203)
	at org.apache.maven.surefire.booter.ForkedBooter.runSuitesInProcess(ForkedBooter.java:155)
	at org.apache.maven.surefire.booter.ForkedBooter.main(ForkedBooter.java:103)
Caused by: java.lang.RuntimeException: Fail to set '[nutz-test.properties]'[ [Ljava.lang.String;@6c8fe7a4 ] by setter org.nutz.ioc.impl.PropertiesProxy.'setPaths()' because [java.lang.RuntimeException: folder or file like '^.+[.]properties$' no found in nutz-test.properties]: folder or file like '^.+[.]properties$' no found in nutz-test.properties
	at org.nutz.lang.Lang.wrapThrow(Lang.java:167)
	at org.nutz.lang.inject.InjectBySetter.inject(InjectBySetter.java:62)
	at org.nutz.ioc.weaver.FieldInjector.inject(FieldInjector.java:33)
	at org.nutz.ioc.weaver.DefaultWeaver.fill(DefaultWeaver.java:56)
	at org.nutz.ioc.impl.ObjectMakerImpl.make(ObjectMakerImpl.java:136)
	at org.nutz.ioc.impl.NutIoc.get(NutIoc.java:210)
	at org.nutz.ioc.impl.NutIoc.get(NutIoc.java:239)
	at org.nutz.ioc.java.IocObjectNode.getValue(IocObjectNode.java:19)
	at org.nutz.ioc.java.ChainNode.eval(ChainNode.java:24)
	at org.nutz.ioc.java.ChainNode.eval(ChainNode.java:19)
	at org.nutz.ioc.val.JavaValue.get(JavaValue.java:69)
	at org.nutz.ioc.weaver.FieldInjector.inject(FieldInjector.java:32)
	at org.nutz.ioc.weaver.DefaultWeaver.fill(DefaultWeaver.java:56)
	at org.nutz.ioc.impl.ObjectMakerImpl.make(ObjectMakerImpl.java:136)
	at org.nutz.ioc.impl.NutIoc.get(NutIoc.java:210)
	at org.nutz.ioc.val.ReferValue.get(ReferValue.java:24)
	at org.nutz.ioc.impl.ObjectMakerImpl.make(ObjectMakerImpl.java:62)
	at org.nutz.ioc.impl.NutIoc.get(NutIoc.java:210)
	at org.nutz.ioc.impl.NutIoc.get(NutIoc.java:239)
	at org.nutz.dao.test.DaoCase.setUp(DaoCase.java:22)
	at sun.reflect.GeneratedMethodAccessor23.invoke(Unknown Source)
	at sun.reflect.DelegatingMethodAccessorImpl.invoke(DelegatingMethodAccessorImpl.java:43)
	at java.lang.reflect.Method.invoke(Method.java:498)
	at org.junit.runners.model.FrameworkMethod$1.runReflectiveCall(FrameworkMethod.java:44)
	at org.junit.internal.runners.model.ReflectiveCallable.run(ReflectiveCallable.java:15)
	at org.junit.runners.model.FrameworkMethod.invokeExplosively(FrameworkMethod.java:41)
	at org.junit.internal.runners.statements.RunBefores.evaluate(RunBefores.java:27)
	at org.junit.internal.runners.statements.RunAfters.evaluate(RunAfters.java:31)
	at org.junit.runners.BlockJUnit4ClassRunner.runNotIgnored(BlockJUnit4ClassRunner.java:79)
	at org.junit.runners.BlockJUnit4ClassRunner.runChild(BlockJUnit4ClassRunner.java:71)
	at org.junit.runners.BlockJUnit4ClassRunner.runChild(BlockJUnit4ClassRunner.java:49)
	at org.junit.runners.ParentRunner$3.run(ParentRunner.java:193)
	at org.junit.runners.ParentRunner$1.schedule(ParentRunner.java:52)
	at org.junit.runners.ParentRunner.runChildren(ParentRunner.java:191)
	at org.junit.runners.ParentRunner.access$000(ParentRunner.java:42)
	at org.junit.runners.ParentRunner$2.evaluate(ParentRunner.java:184)
	at org.junit.runners.ParentRunner.run(ParentRunner.java:236)
	at org.apache.maven.surefire.junit4.JUnit4Provider.execute(JUnit4Provider.java:283)
	at org.apache.maven.surefire.junit4.JUnit4Provider.executeWithRerun(JUnit4Provider.java:173)
	at org.apache.maven.surefire.junit4.JUnit4Provider.executeTestSet(JUnit4Provider.java:153)
	at org.apache.maven.surefire.junit4.JUnit4Provider.invoke(JUnit4Provider.java:128)
	at org.apache.maven.surefire.booter.ForkedBooter.invokeProviderInSameClassLoader(ForkedBooter.java:203)
	at org.apache.maven.surefire.booter.ForkedBooter.runSuitesInProcess(ForkedBooter.java:155)
	at org.apache.maven.surefire.booter.ForkedBooter.main(ForkedBooter.java:103)
Caused by: java.lang.RuntimeException: folder or file like '^.+[.]properties$' no found in nutz-test.properties
	at org.nutz.lang.Lang.makeThrow(Lang.java:151)
	at org.nutz.resource.Scans.loadResource(Scans.java:112)
	at org.nutz.ioc.impl.PropertiesProxy.getResources(PropertiesProxy.java:153)
	at org.nutz.ioc.impl.PropertiesProxy.setPaths(PropertiesProxy.java:109)
	at org.nutz.ioc.impl.PropertiesProxy$FM$setPaths$d0275b2b871e237a38f11859247d1599.invoke(PropertiesProxy.java)
	at org.nutz.lang.inject.InjectBySetter.inject(InjectBySetter.java:51)
	at org.nutz.ioc.weaver.FieldInjector.inject(FieldInjector.java:33)
	at org.nutz.ioc.weaver.DefaultWeaver.fill(DefaultWeaver.java:56)
	at org.nutz.ioc.impl.ObjectMakerImpl.make(ObjectMakerImpl.java:136)
	at org.nutz.ioc.impl.NutIoc.get(NutIoc.java:210)
	at org.nutz.ioc.impl.NutIoc.get(NutIoc.java:239)
	at org.nutz.ioc.java.IocObjectNode.getValue(IocObjectNode.java:19)
	at org.nutz.ioc.java.ChainNode.eval(ChainNode.java:24)
	at org.nutz.ioc.java.ChainNode.eval(ChainNode.java:19)
	at org.nutz.ioc.val.JavaValue.get(JavaValue.java:69)
	at org.nutz.ioc.weaver.FieldInjector.inject(FieldInjector.java:32)
	at org.nutz.ioc.weaver.DefaultWeaver.fill(DefaultWeaver.java:56)
	at org.nutz.ioc.impl.ObjectMakerImpl.make(ObjectMakerImpl.java:136)
	at org.nutz.ioc.impl.NutIoc.get(NutIoc.java:210)
	at org.nutz.ioc.val.ReferValue.get(ReferValue.java:24)
	at org.nutz.ioc.impl.ObjectMakerImpl.make(ObjectMakerImpl.java:62)
	at org.nutz.ioc.impl.NutIoc.get(NutIoc.java:210)
	at org.nutz.ioc.impl.NutIoc.get(NutIoc.java:239)
	at org.nutz.dao.test.DaoCase.setUp(DaoCase.java:22)
	at sun.reflect.GeneratedMethodAccessor23.invoke(Unknown Source)
	at sun.reflect.DelegatingMethodAccessorImpl.invoke(DelegatingMethodAccessorImpl.java:43)
	at java.lang.reflect.Method.invoke(Method.java:498)
	at org.junit.runners.model.FrameworkMethod$1.runReflectiveCall(FrameworkMethod.java:44)
	at org.junit.internal.runners.model.ReflectiveCallable.run(ReflectiveCallable.java:15)
	at org.junit.runners.model.FrameworkMethod.invokeExplosively(FrameworkMethod.java:41)
	at org.junit.internal.runners.statements.RunBefores.evaluate(RunBefores.java:27)
	at org.junit.internal.runners.statements.RunAfters.evaluate(RunAfters.java:31)
	at org.junit.runners.BlockJUnit4ClassRunner.runNotIgnored(BlockJUnit4ClassRunner.java:79)
	at org.junit.runners.BlockJUnit4ClassRunner.runChild(BlockJUnit4ClassRunner.java:71)
	at org.junit.runners.BlockJUnit4ClassRunner.runChild(BlockJUnit4ClassRunner.java:49)
	at org.junit.runners.ParentRunner$3.run(ParentRunner.java:193)
	at org.junit.runners.ParentRunner$1.schedule(ParentRunner.java:52)
	at org.junit.runners.ParentRunner.runChildren(ParentRunner.java:191)
	at org.junit.runners.ParentRunner.access$000(ParentRunner.java:42)
	at org.junit.runners.ParentRunner$2.evaluate(ParentRunner.java:184)
	at org.junit.runners.ParentRunner.run(ParentRunner.java:236)
	at org.apache.maven.surefire.junit4.JUnit4Provider.execute(JUnit4Provider.java:283)
	at org.apache.maven.surefire.junit4.JUnit4Provider.executeWithRerun(JUnit4Provider.java:173)
	at org.apache.maven.surefire.junit4.JUnit4Provider.executeTestSet(JUnit4Provider.java:153)
	at org.apache.maven.surefire.junit4.JUnit4Provider.invoke(JUnit4Provider.java:128)
	at org.apache.maven.surefire.booter.ForkedBooter.invokeProviderInSameClassLoader(ForkedBooter.java:203)
	at org.apache.maven.surefire.booter.ForkedBooter.runSuitesInProcess(ForkedBooter.java:155)
	at org.apache.maven.surefire.booter.ForkedBooter.main(ForkedBooter.java:103)
</error>
  </testcase>
  <testcase name="test_fast_insert_maps" classname="org.nutz.dao.test.normal.SimpleDaoTest" time="0">
    <error message="IocBean[dao -&gt; dataSource] throw Exception when creating" type="org.nutz.ioc.IocException">org.nutz.ioc.IocException: IocBean[dao -> dataSource] throw Exception when creating
	at org.nutz.ioc.impl.ObjectMakerImpl.make(ObjectMakerImpl.java:150)
	at org.nutz.ioc.impl.NutIoc.get(NutIoc.java:210)
	at org.nutz.ioc.val.ReferValue.get(ReferValue.java:24)
	at org.nutz.ioc.impl.ObjectMakerImpl.make(ObjectMakerImpl.java:62)
	at org.nutz.ioc.impl.NutIoc.get(NutIoc.java:210)
	at org.nutz.ioc.impl.NutIoc.get(NutIoc.java:239)
	at org.nutz.dao.test.DaoCase.setUp(DaoCase.java:22)
	at sun.reflect.GeneratedMethodAccessor23.invoke(Unknown Source)
	at sun.reflect.DelegatingMethodAccessorImpl.invoke(DelegatingMethodAccessorImpl.java:43)
	at java.lang.reflect.Method.invoke(Method.java:498)
	at org.junit.runners.model.FrameworkMethod$1.runReflectiveCall(FrameworkMethod.java:44)
	at org.junit.internal.runners.model.ReflectiveCallable.run(ReflectiveCallable.java:15)
	at org.junit.runners.model.FrameworkMethod.invokeExplosively(FrameworkMethod.java:41)
	at org.junit.internal.runners.statements.RunBefores.evaluate(RunBefores.java:27)
	at org.junit.internal.runners.statements.RunAfters.evaluate(RunAfters.java:31)
	at org.junit.runners.BlockJUnit4ClassRunner.runNotIgnored(BlockJUnit4ClassRunner.java:79)
	at org.junit.runners.BlockJUnit4ClassRunner.runChild(BlockJUnit4ClassRunner.java:71)
	at org.junit.runners.BlockJUnit4ClassRunner.runChild(BlockJUnit4ClassRunner.java:49)
	at org.junit.runners.ParentRunner$3.run(ParentRunner.java:193)
	at org.junit.runners.ParentRunner$1.schedule(ParentRunner.java:52)
	at org.junit.runners.ParentRunner.runChildren(ParentRunner.java:191)
	at org.junit.runners.ParentRunner.access$000(ParentRunner.java:42)
	at org.junit.runners.ParentRunner$2.evaluate(ParentRunner.java:184)
	at org.junit.runners.ParentRunner.run(ParentRunner.java:236)
	at org.apache.maven.surefire.junit4.JUnit4Provider.execute(JUnit4Provider.java:283)
	at org.apache.maven.surefire.junit4.JUnit4Provider.executeWithRerun(JUnit4Provider.java:173)
	at org.apache.maven.surefire.junit4.JUnit4Provider.executeTestSet(JUnit4Provider.java:153)
	at org.apache.maven.surefire.junit4.JUnit4Provider.invoke(JUnit4Provider.java:128)
	at org.apache.maven.surefire.booter.ForkedBooter.invokeProviderInSameClassLoader(ForkedBooter.java:203)
	at org.apache.maven.surefire.booter.ForkedBooter.runSuitesInProcess(ForkedBooter.java:155)
	at org.apache.maven.surefire.booter.ForkedBooter.main(ForkedBooter.java:103)
Caused by: java.lang.RuntimeException: IocBean[dataSource] fail at field=[driverClassName]
	at org.nutz.ioc.weaver.FieldInjector.inject(FieldInjector.java:40)
	at org.nutz.ioc.weaver.DefaultWeaver.fill(DefaultWeaver.java:56)
	at org.nutz.ioc.impl.ObjectMakerImpl.make(ObjectMakerImpl.java:136)
	at org.nutz.ioc.impl.NutIoc.get(NutIoc.java:210)
	at org.nutz.ioc.val.ReferValue.get(ReferValue.java:24)
	at org.nutz.ioc.impl.ObjectMakerImpl.make(ObjectMakerImpl.java:62)
	at org.nutz.ioc.impl.NutIoc.get(NutIoc.java:210)
	at org.nutz.ioc.impl.NutIoc.get(NutIoc.java:239)
	at org.nutz.dao.test.DaoCase.setUp(DaoCase.java:22)
	at sun.reflect.GeneratedMethodAccessor23.invoke(Unknown Source)
	at sun.reflect.DelegatingMethodAccessorImpl.invoke(DelegatingMethodAccessorImpl.java:43)
	at java.lang.reflect.Method.invoke(Method.java:498)
	at org.junit.runners.model.FrameworkMethod$1.runReflectiveCall(FrameworkMethod.java:44)
	at org.junit.internal.runners.model.ReflectiveCallable.run(ReflectiveCallable.java:15)
	at org.junit.runners.model.FrameworkMethod.invokeExplosively(FrameworkMethod.java:41)
	at org.junit.internal.runners.statements.RunBefores.evaluate(RunBefores.java:27)
	at org.junit.internal.runners.statements.RunAfters.evaluate(RunAfters.java:31)
	at org.junit.runners.BlockJUnit4ClassRunner.runNotIgnored(BlockJUnit4ClassRunner.java:79)
	at org.junit.runners.BlockJUnit4ClassRunner.runChild(BlockJUnit4ClassRunner.java:71)
	at org.junit.runners.BlockJUnit4ClassRunner.runChild(BlockJUnit4ClassRunner.java:49)
	at org.junit.runners.ParentRunner$3.run(ParentRunner.java:193)
	at org.junit.runners.ParentRunner$1.schedule(ParentRunner.java:52)
	at org.junit.runners.ParentRunner.runChildren(ParentRunner.java:191)
	at org.junit.runners.ParentRunner.access$000(ParentRunner.java:42)
	at org.junit.runners.ParentRunner$2.evaluate(ParentRunner.java:184)
	at org.junit.runners.ParentRunner.run(ParentRunner.java:236)
	at org.apache.maven.surefire.junit4.JUnit4Provider.execute(JUnit4Provider.java:283)
	at org.apache.maven.surefire.junit4.JUnit4Provider.executeWithRerun(JUnit4Provider.java:173)
	at org.apache.maven.surefire.junit4.JUnit4Provider.executeTestSet(JUnit4Provider.java:153)
	at org.apache.maven.surefire.junit4.JUnit4Provider.invoke(JUnit4Provider.java:128)
	at org.apache.maven.surefire.booter.ForkedBooter.invokeProviderInSameClassLoader(ForkedBooter.java:203)
	at org.apache.maven.surefire.booter.ForkedBooter.runSuitesInProcess(ForkedBooter.java:155)
	at org.apache.maven.surefire.booter.ForkedBooter.main(ForkedBooter.java:103)
Caused by: org.nutz.ioc.IocException: IocBean[config] throw Exception when creating
	at org.nutz.ioc.impl.ObjectMakerImpl.make(ObjectMakerImpl.java:150)
	at org.nutz.ioc.impl.NutIoc.get(NutIoc.java:210)
	at org.nutz.ioc.impl.NutIoc.get(NutIoc.java:239)
	at org.nutz.ioc.java.IocObjectNode.getValue(IocObjectNode.java:19)
	at org.nutz.ioc.java.ChainNode.eval(ChainNode.java:24)
	at org.nutz.ioc.java.ChainNode.eval(ChainNode.java:19)
	at org.nutz.ioc.val.JavaValue.get(JavaValue.java:69)
	at org.nutz.ioc.weaver.FieldInjector.inject(FieldInjector.java:32)
	at org.nutz.ioc.weaver.DefaultWeaver.fill(DefaultWeaver.java:56)
	at org.nutz.ioc.impl.ObjectMakerImpl.make(ObjectMakerImpl.java:136)
	at org.nutz.ioc.impl.NutIoc.get(NutIoc.java:210)
	at org.nutz.ioc.val.ReferValue.get(ReferValue.java:24)
	at org.nutz.ioc.impl.ObjectMakerImpl.make(ObjectMakerImpl.java:62)
	at org.nutz.ioc.impl.NutIoc.get(NutIoc.java:210)
	at org.nutz.ioc.impl.NutIoc.get(NutIoc.java:239)
	at org.nutz.dao.test.DaoCase.setUp(DaoCase.java:22)
	at sun.reflect.GeneratedMethodAccessor23.invoke(Unknown Source)
	at sun.reflect.DelegatingMethodAccessorImpl.invoke(DelegatingMethodAccessorImpl.java:43)
	at java.lang.reflect.Method.invoke(Method.java:498)
	at org.junit.runners.model.FrameworkMethod$1.runReflectiveCall(FrameworkMethod.java:44)
	at org.junit.internal.runners.model.ReflectiveCallable.run(ReflectiveCallable.java:15)
	at org.junit.runners.model.FrameworkMethod.invokeExplosively(FrameworkMethod.java:41)
	at org.junit.internal.runners.statements.RunBefores.evaluate(RunBefores.java:27)
	at org.junit.internal.runners.statements.RunAfters.evaluate(RunAfters.java:31)
	at org.junit.runners.BlockJUnit4ClassRunner.runNotIgnored(BlockJUnit4ClassRunner.java:79)
	at org.junit.runners.BlockJUnit4ClassRunner.runChild(BlockJUnit4ClassRunner.java:71)
	at org.junit.runners.BlockJUnit4ClassRunner.runChild(BlockJUnit4ClassRunner.java:49)
	at org.junit.runners.ParentRunner$3.run(ParentRunner.java:193)
	at org.junit.runners.ParentRunner$1.schedule(ParentRunner.java:52)
	at org.junit.runners.ParentRunner.runChildren(ParentRunner.java:191)
	at org.junit.runners.ParentRunner.access$000(ParentRunner.java:42)
	at org.junit.runners.ParentRunner$2.evaluate(ParentRunner.java:184)
	at org.junit.runners.ParentRunner.run(ParentRunner.java:236)
	at org.apache.maven.surefire.junit4.JUnit4Provider.execute(JUnit4Provider.java:283)
	at org.apache.maven.surefire.junit4.JUnit4Provider.executeWithRerun(JUnit4Provider.java:173)
	at org.apache.maven.surefire.junit4.JUnit4Provider.executeTestSet(JUnit4Provider.java:153)
	at org.apache.maven.surefire.junit4.JUnit4Provider.invoke(JUnit4Provider.java:128)
	at org.apache.maven.surefire.booter.ForkedBooter.invokeProviderInSameClassLoader(ForkedBooter.java:203)
	at org.apache.maven.surefire.booter.ForkedBooter.runSuitesInProcess(ForkedBooter.java:155)
	at org.apache.maven.surefire.booter.ForkedBooter.main(ForkedBooter.java:103)
Caused by: java.lang.RuntimeException: IocBean[config] fail at field=[paths]
	at org.nutz.ioc.weaver.FieldInjector.inject(FieldInjector.java:40)
	at org.nutz.ioc.weaver.DefaultWeaver.fill(DefaultWeaver.java:56)
	at org.nutz.ioc.impl.ObjectMakerImpl.make(ObjectMakerImpl.java:136)
	at org.nutz.ioc.impl.NutIoc.get(NutIoc.java:210)
	at org.nutz.ioc.impl.NutIoc.get(NutIoc.java:239)
	at org.nutz.ioc.java.IocObjectNode.getValue(IocObjectNode.java:19)
	at org.nutz.ioc.java.ChainNode.eval(ChainNode.java:24)
	at org.nutz.ioc.java.ChainNode.eval(ChainNode.java:19)
	at org.nutz.ioc.val.JavaValue.get(JavaValue.java:69)
	at org.nutz.ioc.weaver.FieldInjector.inject(FieldInjector.java:32)
	at org.nutz.ioc.weaver.DefaultWeaver.fill(DefaultWeaver.java:56)
	at org.nutz.ioc.impl.ObjectMakerImpl.make(ObjectMakerImpl.java:136)
	at org.nutz.ioc.impl.NutIoc.get(NutIoc.java:210)
	at org.nutz.ioc.val.ReferValue.get(ReferValue.java:24)
	at org.nutz.ioc.impl.ObjectMakerImpl.make(ObjectMakerImpl.java:62)
	at org.nutz.ioc.impl.NutIoc.get(NutIoc.java:210)
	at org.nutz.ioc.impl.NutIoc.get(NutIoc.java:239)
	at org.nutz.dao.test.DaoCase.setUp(DaoCase.java:22)
	at sun.reflect.GeneratedMethodAccessor23.invoke(Unknown Source)
	at sun.reflect.DelegatingMethodAccessorImpl.invoke(DelegatingMethodAccessorImpl.java:43)
	at java.lang.reflect.Method.invoke(Method.java:498)
	at org.junit.runners.model.FrameworkMethod$1.runReflectiveCall(FrameworkMethod.java:44)
	at org.junit.internal.runners.model.ReflectiveCallable.run(ReflectiveCallable.java:15)
	at org.junit.runners.model.FrameworkMethod.invokeExplosively(FrameworkMethod.java:41)
	at org.junit.internal.runners.statements.RunBefores.evaluate(RunBefores.java:27)
	at org.junit.internal.runners.statements.RunAfters.evaluate(RunAfters.java:31)
	at org.junit.runners.BlockJUnit4ClassRunner.runNotIgnored(BlockJUnit4ClassRunner.java:79)
	at org.junit.runners.BlockJUnit4ClassRunner.runChild(BlockJUnit4ClassRunner.java:71)
	at org.junit.runners.BlockJUnit4ClassRunner.runChild(BlockJUnit4ClassRunner.java:49)
	at org.junit.runners.ParentRunner$3.run(ParentRunner.java:193)
	at org.junit.runners.ParentRunner$1.schedule(ParentRunner.java:52)
	at org.junit.runners.ParentRunner.runChildren(ParentRunner.java:191)
	at org.junit.runners.ParentRunner.access$000(ParentRunner.java:42)
	at org.junit.runners.ParentRunner$2.evaluate(ParentRunner.java:184)
	at org.junit.runners.ParentRunner.run(ParentRunner.java:236)
	at org.apache.maven.surefire.junit4.JUnit4Provider.execute(JUnit4Provider.java:283)
	at org.apache.maven.surefire.junit4.JUnit4Provider.executeWithRerun(JUnit4Provider.java:173)
	at org.apache.maven.surefire.junit4.JUnit4Provider.executeTestSet(JUnit4Provider.java:153)
	at org.apache.maven.surefire.junit4.JUnit4Provider.invoke(JUnit4Provider.java:128)
	at org.apache.maven.surefire.booter.ForkedBooter.invokeProviderInSameClassLoader(ForkedBooter.java:203)
	at org.apache.maven.surefire.booter.ForkedBooter.runSuitesInProcess(ForkedBooter.java:155)
	at org.apache.maven.surefire.booter.ForkedBooter.main(ForkedBooter.java:103)
Caused by: java.lang.RuntimeException: Fail to set '[nutz-test.properties]'[ [Ljava.lang.String;@2047981 ] by setter org.nutz.ioc.impl.PropertiesProxy.'setPaths()' because [java.lang.RuntimeException: folder or file like '^.+[.]properties$' no found in nutz-test.properties]: folder or file like '^.+[.]properties$' no found in nutz-test.properties
	at org.nutz.lang.Lang.wrapThrow(Lang.java:167)
	at org.nutz.lang.inject.InjectBySetter.inject(InjectBySetter.java:62)
	at org.nutz.ioc.weaver.FieldInjector.inject(FieldInjector.java:33)
	at org.nutz.ioc.weaver.DefaultWeaver.fill(DefaultWeaver.java:56)
	at org.nutz.ioc.impl.ObjectMakerImpl.make(ObjectMakerImpl.java:136)
	at org.nutz.ioc.impl.NutIoc.get(NutIoc.java:210)
	at org.nutz.ioc.impl.NutIoc.get(NutIoc.java:239)
	at org.nutz.ioc.java.IocObjectNode.getValue(IocObjectNode.java:19)
	at org.nutz.ioc.java.ChainNode.eval(ChainNode.java:24)
	at org.nutz.ioc.java.ChainNode.eval(ChainNode.java:19)
	at org.nutz.ioc.val.JavaValue.get(JavaValue.java:69)
	at org.nutz.ioc.weaver.FieldInjector.inject(FieldInjector.java:32)
	at org.nutz.ioc.weaver.DefaultWeaver.fill(DefaultWeaver.java:56)
	at org.nutz.ioc.impl.ObjectMakerImpl.make(ObjectMakerImpl.java:136)
	at org.nutz.ioc.impl.NutIoc.get(NutIoc.java:210)
	at org.nutz.ioc.val.ReferValue.get(ReferValue.java:24)
	at org.nutz.ioc.impl.ObjectMakerImpl.make(ObjectMakerImpl.java:62)
	at org.nutz.ioc.impl.NutIoc.get(NutIoc.java:210)
	at org.nutz.ioc.impl.NutIoc.get(NutIoc.java:239)
	at org.nutz.dao.test.DaoCase.setUp(DaoCase.java:22)
	at sun.reflect.GeneratedMethodAccessor23.invoke(Unknown Source)
	at sun.reflect.DelegatingMethodAccessorImpl.invoke(DelegatingMethodAccessorImpl.java:43)
	at java.lang.reflect.Method.invoke(Method.java:498)
	at org.junit.runners.model.FrameworkMethod$1.runReflectiveCall(FrameworkMethod.java:44)
	at org.junit.internal.runners.model.ReflectiveCallable.run(ReflectiveCallable.java:15)
	at org.junit.runners.model.FrameworkMethod.invokeExplosively(FrameworkMethod.java:41)
	at org.junit.internal.runners.statements.RunBefores.evaluate(RunBefores.java:27)
	at org.junit.internal.runners.statements.RunAfters.evaluate(RunAfters.java:31)
	at org.junit.runners.BlockJUnit4ClassRunner.runNotIgnored(BlockJUnit4ClassRunner.java:79)
	at org.junit.runners.BlockJUnit4ClassRunner.runChild(BlockJUnit4ClassRunner.java:71)
	at org.junit.runners.BlockJUnit4ClassRunner.runChild(BlockJUnit4ClassRunner.java:49)
	at org.junit.runners.ParentRunner$3.run(ParentRunner.java:193)
	at org.junit.runners.ParentRunner$1.schedule(ParentRunner.java:52)
	at org.junit.runners.ParentRunner.runChildren(ParentRunner.java:191)
	at org.junit.runners.ParentRunner.access$000(ParentRunner.java:42)
	at org.junit.runners.ParentRunner$2.evaluate(ParentRunner.java:184)
	at org.junit.runners.ParentRunner.run(ParentRunner.java:236)
	at org.apache.maven.surefire.junit4.JUnit4Provider.execute(JUnit4Provider.java:283)
	at org.apache.maven.surefire.junit4.JUnit4Provider.executeWithRerun(JUnit4Provider.java:173)
	at org.apache.maven.surefire.junit4.JUnit4Provider.executeTestSet(JUnit4Provider.java:153)
	at org.apache.maven.surefire.junit4.JUnit4Provider.invoke(JUnit4Provider.java:128)
	at org.apache.maven.surefire.booter.ForkedBooter.invokeProviderInSameClassLoader(ForkedBooter.java:203)
	at org.apache.maven.surefire.booter.ForkedBooter.runSuitesInProcess(ForkedBooter.java:155)
	at org.apache.maven.surefire.booter.ForkedBooter.main(ForkedBooter.java:103)
Caused by: java.lang.RuntimeException: folder or file like '^.+[.]properties$' no found in nutz-test.properties
	at org.nutz.lang.Lang.makeThrow(Lang.java:151)
	at org.nutz.resource.Scans.loadResource(Scans.java:112)
	at org.nutz.ioc.impl.PropertiesProxy.getResources(PropertiesProxy.java:153)
	at org.nutz.ioc.impl.PropertiesProxy.setPaths(PropertiesProxy.java:109)
	at org.nutz.ioc.impl.PropertiesProxy$FM$setPaths$d0275b2b871e237a38f11859247d1599.invoke(PropertiesProxy.java)
	at org.nutz.lang.inject.InjectBySetter.inject(InjectBySetter.java:51)
	at org.nutz.ioc.weaver.FieldInjector.inject(FieldInjector.java:33)
	at org.nutz.ioc.weaver.DefaultWeaver.fill(DefaultWeaver.java:56)
	at org.nutz.ioc.impl.ObjectMakerImpl.make(ObjectMakerImpl.java:136)
	at org.nutz.ioc.impl.NutIoc.get(NutIoc.java:210)
	at org.nutz.ioc.impl.NutIoc.get(NutIoc.java:239)
	at org.nutz.ioc.java.IocObjectNode.getValue(IocObjectNode.java:19)
	at org.nutz.ioc.java.ChainNode.eval(ChainNode.java:24)
	at org.nutz.ioc.java.ChainNode.eval(ChainNode.java:19)
	at org.nutz.ioc.val.JavaValue.get(JavaValue.java:69)
	at org.nutz.ioc.weaver.FieldInjector.inject(FieldInjector.java:32)
	at org.nutz.ioc.weaver.DefaultWeaver.fill(DefaultWeaver.java:56)
	at org.nutz.ioc.impl.ObjectMakerImpl.make(ObjectMakerImpl.java:136)
	at org.nutz.ioc.impl.NutIoc.get(NutIoc.java:210)
	at org.nutz.ioc.val.ReferValue.get(ReferValue.java:24)
	at org.nutz.ioc.impl.ObjectMakerImpl.make(ObjectMakerImpl.java:62)
	at org.nutz.ioc.impl.NutIoc.get(NutIoc.java:210)
	at org.nutz.ioc.impl.NutIoc.get(NutIoc.java:239)
	at org.nutz.dao.test.DaoCase.setUp(DaoCase.java:22)
	at sun.reflect.GeneratedMethodAccessor23.invoke(Unknown Source)
	at sun.reflect.DelegatingMethodAccessorImpl.invoke(DelegatingMethodAccessorImpl.java:43)
	at java.lang.reflect.Method.invoke(Method.java:498)
	at org.junit.runners.model.FrameworkMethod$1.runReflectiveCall(FrameworkMethod.java:44)
	at org.junit.internal.runners.model.ReflectiveCallable.run(ReflectiveCallable.java:15)
	at org.junit.runners.model.FrameworkMethod.invokeExplosively(FrameworkMethod.java:41)
	at org.junit.internal.runners.statements.RunBefores.evaluate(RunBefores.java:27)
	at org.junit.internal.runners.statements.RunAfters.evaluate(RunAfters.java:31)
	at org.junit.runners.BlockJUnit4ClassRunner.runNotIgnored(BlockJUnit4ClassRunner.java:79)
	at org.junit.runners.BlockJUnit4ClassRunner.runChild(BlockJUnit4ClassRunner.java:71)
	at org.junit.runners.BlockJUnit4ClassRunner.runChild(BlockJUnit4ClassRunner.java:49)
	at org.junit.runners.ParentRunner$3.run(ParentRunner.java:193)
	at org.junit.runners.ParentRunner$1.schedule(ParentRunner.java:52)
	at org.junit.runners.ParentRunner.runChildren(ParentRunner.java:191)
	at org.junit.runners.ParentRunner.access$000(ParentRunner.java:42)
	at org.junit.runners.ParentRunner$2.evaluate(ParentRunner.java:184)
	at org.junit.runners.ParentRunner.run(ParentRunner.java:236)
	at org.apache.maven.surefire.junit4.JUnit4Provider.execute(JUnit4Provider.java:283)
	at org.apache.maven.surefire.junit4.JUnit4Provider.executeWithRerun(JUnit4Provider.java:173)
	at org.apache.maven.surefire.junit4.JUnit4Provider.executeTestSet(JUnit4Provider.java:153)
	at org.apache.maven.surefire.junit4.JUnit4Provider.invoke(JUnit4Provider.java:128)
	at org.apache.maven.surefire.booter.ForkedBooter.invokeProviderInSameClassLoader(ForkedBooter.java:203)
	at org.apache.maven.surefire.booter.ForkedBooter.runSuitesInProcess(ForkedBooter.java:155)
	at org.apache.maven.surefire.booter.ForkedBooter.main(ForkedBooter.java:103)
</error>
  </testcase>
  <testcase name="test_issue_1284" classname="org.nutz.dao.test.normal.SimpleDaoTest" time="0">
    <error message="IocBean[dao -&gt; dataSource] throw Exception when creating" type="org.nutz.ioc.IocException">org.nutz.ioc.IocException: IocBean[dao -> dataSource] throw Exception when creating
	at org.nutz.ioc.impl.ObjectMakerImpl.make(ObjectMakerImpl.java:150)
	at org.nutz.ioc.impl.NutIoc.get(NutIoc.java:210)
	at org.nutz.ioc.val.ReferValue.get(ReferValue.java:24)
	at org.nutz.ioc.impl.ObjectMakerImpl.make(ObjectMakerImpl.java:62)
	at org.nutz.ioc.impl.NutIoc.get(NutIoc.java:210)
	at org.nutz.ioc.impl.NutIoc.get(NutIoc.java:239)
	at org.nutz.dao.test.DaoCase.setUp(DaoCase.java:22)
	at sun.reflect.GeneratedMethodAccessor23.invoke(Unknown Source)
	at sun.reflect.DelegatingMethodAccessorImpl.invoke(DelegatingMethodAccessorImpl.java:43)
	at java.lang.reflect.Method.invoke(Method.java:498)
	at org.junit.runners.model.FrameworkMethod$1.runReflectiveCall(FrameworkMethod.java:44)
	at org.junit.internal.runners.model.ReflectiveCallable.run(ReflectiveCallable.java:15)
	at org.junit.runners.model.FrameworkMethod.invokeExplosively(FrameworkMethod.java:41)
	at org.junit.internal.runners.statements.RunBefores.evaluate(RunBefores.java:27)
	at org.junit.internal.runners.statements.RunAfters.evaluate(RunAfters.java:31)
	at org.junit.runners.BlockJUnit4ClassRunner.runNotIgnored(BlockJUnit4ClassRunner.java:79)
	at org.junit.runners.BlockJUnit4ClassRunner.runChild(BlockJUnit4ClassRunner.java:71)
	at org.junit.runners.BlockJUnit4ClassRunner.runChild(BlockJUnit4ClassRunner.java:49)
	at org.junit.runners.ParentRunner$3.run(ParentRunner.java:193)
	at org.junit.runners.ParentRunner$1.schedule(ParentRunner.java:52)
	at org.junit.runners.ParentRunner.runChildren(ParentRunner.java:191)
	at org.junit.runners.ParentRunner.access$000(ParentRunner.java:42)
	at org.junit.runners.ParentRunner$2.evaluate(ParentRunner.java:184)
	at org.junit.runners.ParentRunner.run(ParentRunner.java:236)
	at org.apache.maven.surefire.junit4.JUnit4Provider.execute(JUnit4Provider.java:283)
	at org.apache.maven.surefire.junit4.JUnit4Provider.executeWithRerun(JUnit4Provider.java:173)
	at org.apache.maven.surefire.junit4.JUnit4Provider.executeTestSet(JUnit4Provider.java:153)
	at org.apache.maven.surefire.junit4.JUnit4Provider.invoke(JUnit4Provider.java:128)
	at org.apache.maven.surefire.booter.ForkedBooter.invokeProviderInSameClassLoader(ForkedBooter.java:203)
	at org.apache.maven.surefire.booter.ForkedBooter.runSuitesInProcess(ForkedBooter.java:155)
	at org.apache.maven.surefire.booter.ForkedBooter.main(ForkedBooter.java:103)
Caused by: java.lang.RuntimeException: IocBean[dataSource] fail at field=[driverClassName]
	at org.nutz.ioc.weaver.FieldInjector.inject(FieldInjector.java:40)
	at org.nutz.ioc.weaver.DefaultWeaver.fill(DefaultWeaver.java:56)
	at org.nutz.ioc.impl.ObjectMakerImpl.make(ObjectMakerImpl.java:136)
	at org.nutz.ioc.impl.NutIoc.get(NutIoc.java:210)
	at org.nutz.ioc.val.ReferValue.get(ReferValue.java:24)
	at org.nutz.ioc.impl.ObjectMakerImpl.make(ObjectMakerImpl.java:62)
	at org.nutz.ioc.impl.NutIoc.get(NutIoc.java:210)
	at org.nutz.ioc.impl.NutIoc.get(NutIoc.java:239)
	at org.nutz.dao.test.DaoCase.setUp(DaoCase.java:22)
	at sun.reflect.GeneratedMethodAccessor23.invoke(Unknown Source)
	at sun.reflect.DelegatingMethodAccessorImpl.invoke(DelegatingMethodAccessorImpl.java:43)
	at java.lang.reflect.Method.invoke(Method.java:498)
	at org.junit.runners.model.FrameworkMethod$1.runReflectiveCall(FrameworkMethod.java:44)
	at org.junit.internal.runners.model.ReflectiveCallable.run(ReflectiveCallable.java:15)
	at org.junit.runners.model.FrameworkMethod.invokeExplosively(FrameworkMethod.java:41)
	at org.junit.internal.runners.statements.RunBefores.evaluate(RunBefores.java:27)
	at org.junit.internal.runners.statements.RunAfters.evaluate(RunAfters.java:31)
	at org.junit.runners.BlockJUnit4ClassRunner.runNotIgnored(BlockJUnit4ClassRunner.java:79)
	at org.junit.runners.BlockJUnit4ClassRunner.runChild(BlockJUnit4ClassRunner.java:71)
	at org.junit.runners.BlockJUnit4ClassRunner.runChild(BlockJUnit4ClassRunner.java:49)
	at org.junit.runners.ParentRunner$3.run(ParentRunner.java:193)
	at org.junit.runners.ParentRunner$1.schedule(ParentRunner.java:52)
	at org.junit.runners.ParentRunner.runChildren(ParentRunner.java:191)
	at org.junit.runners.ParentRunner.access$000(ParentRunner.java:42)
	at org.junit.runners.ParentRunner$2.evaluate(ParentRunner.java:184)
	at org.junit.runners.ParentRunner.run(ParentRunner.java:236)
	at org.apache.maven.surefire.junit4.JUnit4Provider.execute(JUnit4Provider.java:283)
	at org.apache.maven.surefire.junit4.JUnit4Provider.executeWithRerun(JUnit4Provider.java:173)
	at org.apache.maven.surefire.junit4.JUnit4Provider.executeTestSet(JUnit4Provider.java:153)
	at org.apache.maven.surefire.junit4.JUnit4Provider.invoke(JUnit4Provider.java:128)
	at org.apache.maven.surefire.booter.ForkedBooter.invokeProviderInSameClassLoader(ForkedBooter.java:203)
	at org.apache.maven.surefire.booter.ForkedBooter.runSuitesInProcess(ForkedBooter.java:155)
	at org.apache.maven.surefire.booter.ForkedBooter.main(ForkedBooter.java:103)
Caused by: org.nutz.ioc.IocException: IocBean[config] throw Exception when creating
	at org.nutz.ioc.impl.ObjectMakerImpl.make(ObjectMakerImpl.java:150)
	at org.nutz.ioc.impl.NutIoc.get(NutIoc.java:210)
	at org.nutz.ioc.impl.NutIoc.get(NutIoc.java:239)
	at org.nutz.ioc.java.IocObjectNode.getValue(IocObjectNode.java:19)
	at org.nutz.ioc.java.ChainNode.eval(ChainNode.java:24)
	at org.nutz.ioc.java.ChainNode.eval(ChainNode.java:19)
	at org.nutz.ioc.val.JavaValue.get(JavaValue.java:69)
	at org.nutz.ioc.weaver.FieldInjector.inject(FieldInjector.java:32)
	at org.nutz.ioc.weaver.DefaultWeaver.fill(DefaultWeaver.java:56)
	at org.nutz.ioc.impl.ObjectMakerImpl.make(ObjectMakerImpl.java:136)
	at org.nutz.ioc.impl.NutIoc.get(NutIoc.java:210)
	at org.nutz.ioc.val.ReferValue.get(ReferValue.java:24)
	at org.nutz.ioc.impl.ObjectMakerImpl.make(ObjectMakerImpl.java:62)
	at org.nutz.ioc.impl.NutIoc.get(NutIoc.java:210)
	at org.nutz.ioc.impl.NutIoc.get(NutIoc.java:239)
	at org.nutz.dao.test.DaoCase.setUp(DaoCase.java:22)
	at sun.reflect.GeneratedMethodAccessor23.invoke(Unknown Source)
	at sun.reflect.DelegatingMethodAccessorImpl.invoke(DelegatingMethodAccessorImpl.java:43)
	at java.lang.reflect.Method.invoke(Method.java:498)
	at org.junit.runners.model.FrameworkMethod$1.runReflectiveCall(FrameworkMethod.java:44)
	at org.junit.internal.runners.model.ReflectiveCallable.run(ReflectiveCallable.java:15)
	at org.junit.runners.model.FrameworkMethod.invokeExplosively(FrameworkMethod.java:41)
	at org.junit.internal.runners.statements.RunBefores.evaluate(RunBefores.java:27)
	at org.junit.internal.runners.statements.RunAfters.evaluate(RunAfters.java:31)
	at org.junit.runners.BlockJUnit4ClassRunner.runNotIgnored(BlockJUnit4ClassRunner.java:79)
	at org.junit.runners.BlockJUnit4ClassRunner.runChild(BlockJUnit4ClassRunner.java:71)
	at org.junit.runners.BlockJUnit4ClassRunner.runChild(BlockJUnit4ClassRunner.java:49)
	at org.junit.runners.ParentRunner$3.run(ParentRunner.java:193)
	at org.junit.runners.ParentRunner$1.schedule(ParentRunner.java:52)
	at org.junit.runners.ParentRunner.runChildren(ParentRunner.java:191)
	at org.junit.runners.ParentRunner.access$000(ParentRunner.java:42)
	at org.junit.runners.ParentRunner$2.evaluate(ParentRunner.java:184)
	at org.junit.runners.ParentRunner.run(ParentRunner.java:236)
	at org.apache.maven.surefire.junit4.JUnit4Provider.execute(JUnit4Provider.java:283)
	at org.apache.maven.surefire.junit4.JUnit4Provider.executeWithRerun(JUnit4Provider.java:173)
	at org.apache.maven.surefire.junit4.JUnit4Provider.executeTestSet(JUnit4Provider.java:153)
	at org.apache.maven.surefire.junit4.JUnit4Provider.invoke(JUnit4Provider.java:128)
	at org.apache.maven.surefire.booter.ForkedBooter.invokeProviderInSameClassLoader(ForkedBooter.java:203)
	at org.apache.maven.surefire.booter.ForkedBooter.runSuitesInProcess(ForkedBooter.java:155)
	at org.apache.maven.surefire.booter.ForkedBooter.main(ForkedBooter.java:103)
Caused by: java.lang.RuntimeException: IocBean[config] fail at field=[paths]
	at org.nutz.ioc.weaver.FieldInjector.inject(FieldInjector.java:40)
	at org.nutz.ioc.weaver.DefaultWeaver.fill(DefaultWeaver.java:56)
	at org.nutz.ioc.impl.ObjectMakerImpl.make(ObjectMakerImpl.java:136)
	at org.nutz.ioc.impl.NutIoc.get(NutIoc.java:210)
	at org.nutz.ioc.impl.NutIoc.get(NutIoc.java:239)
	at org.nutz.ioc.java.IocObjectNode.getValue(IocObjectNode.java:19)
	at org.nutz.ioc.java.ChainNode.eval(ChainNode.java:24)
	at org.nutz.ioc.java.ChainNode.eval(ChainNode.java:19)
	at org.nutz.ioc.val.JavaValue.get(JavaValue.java:69)
	at org.nutz.ioc.weaver.FieldInjector.inject(FieldInjector.java:32)
	at org.nutz.ioc.weaver.DefaultWeaver.fill(DefaultWeaver.java:56)
	at org.nutz.ioc.impl.ObjectMakerImpl.make(ObjectMakerImpl.java:136)
	at org.nutz.ioc.impl.NutIoc.get(NutIoc.java:210)
	at org.nutz.ioc.val.ReferValue.get(ReferValue.java:24)
	at org.nutz.ioc.impl.ObjectMakerImpl.make(ObjectMakerImpl.java:62)
	at org.nutz.ioc.impl.NutIoc.get(NutIoc.java:210)
	at org.nutz.ioc.impl.NutIoc.get(NutIoc.java:239)
	at org.nutz.dao.test.DaoCase.setUp(DaoCase.java:22)
	at sun.reflect.GeneratedMethodAccessor23.invoke(Unknown Source)
	at sun.reflect.DelegatingMethodAccessorImpl.invoke(DelegatingMethodAccessorImpl.java:43)
	at java.lang.reflect.Method.invoke(Method.java:498)
	at org.junit.runners.model.FrameworkMethod$1.runReflectiveCall(FrameworkMethod.java:44)
	at org.junit.internal.runners.model.ReflectiveCallable.run(ReflectiveCallable.java:15)
	at org.junit.runners.model.FrameworkMethod.invokeExplosively(FrameworkMethod.java:41)
	at org.junit.internal.runners.statements.RunBefores.evaluate(RunBefores.java:27)
	at org.junit.internal.runners.statements.RunAfters.evaluate(RunAfters.java:31)
	at org.junit.runners.BlockJUnit4ClassRunner.runNotIgnored(BlockJUnit4ClassRunner.java:79)
	at org.junit.runners.BlockJUnit4ClassRunner.runChild(BlockJUnit4ClassRunner.java:71)
	at org.junit.runners.BlockJUnit4ClassRunner.runChild(BlockJUnit4ClassRunner.java:49)
	at org.junit.runners.ParentRunner$3.run(ParentRunner.java:193)
	at org.junit.runners.ParentRunner$1.schedule(ParentRunner.java:52)
	at org.junit.runners.ParentRunner.runChildren(ParentRunner.java:191)
	at org.junit.runners.ParentRunner.access$000(ParentRunner.java:42)
	at org.junit.runners.ParentRunner$2.evaluate(ParentRunner.java:184)
	at org.junit.runners.ParentRunner.run(ParentRunner.java:236)
	at org.apache.maven.surefire.junit4.JUnit4Provider.execute(JUnit4Provider.java:283)
	at org.apache.maven.surefire.junit4.JUnit4Provider.executeWithRerun(JUnit4Provider.java:173)
	at org.apache.maven.surefire.junit4.JUnit4Provider.executeTestSet(JUnit4Provider.java:153)
	at org.apache.maven.surefire.junit4.JUnit4Provider.invoke(JUnit4Provider.java:128)
	at org.apache.maven.surefire.booter.ForkedBooter.invokeProviderInSameClassLoader(ForkedBooter.java:203)
	at org.apache.maven.surefire.booter.ForkedBooter.runSuitesInProcess(ForkedBooter.java:155)
	at org.apache.maven.surefire.booter.ForkedBooter.main(ForkedBooter.java:103)
Caused by: java.lang.RuntimeException: Fail to set '[nutz-test.properties]'[ [Ljava.lang.String;@2ad99cf3 ] by setter org.nutz.ioc.impl.PropertiesProxy.'setPaths()' because [java.lang.RuntimeException: folder or file like '^.+[.]properties$' no found in nutz-test.properties]: folder or file like '^.+[.]properties$' no found in nutz-test.properties
	at org.nutz.lang.Lang.wrapThrow(Lang.java:167)
	at org.nutz.lang.inject.InjectBySetter.inject(InjectBySetter.java:62)
	at org.nutz.ioc.weaver.FieldInjector.inject(FieldInjector.java:33)
	at org.nutz.ioc.weaver.DefaultWeaver.fill(DefaultWeaver.java:56)
	at org.nutz.ioc.impl.ObjectMakerImpl.make(ObjectMakerImpl.java:136)
	at org.nutz.ioc.impl.NutIoc.get(NutIoc.java:210)
	at org.nutz.ioc.impl.NutIoc.get(NutIoc.java:239)
	at org.nutz.ioc.java.IocObjectNode.getValue(IocObjectNode.java:19)
	at org.nutz.ioc.java.ChainNode.eval(ChainNode.java:24)
	at org.nutz.ioc.java.ChainNode.eval(ChainNode.java:19)
	at org.nutz.ioc.val.JavaValue.get(JavaValue.java:69)
	at org.nutz.ioc.weaver.FieldInjector.inject(FieldInjector.java:32)
	at org.nutz.ioc.weaver.DefaultWeaver.fill(DefaultWeaver.java:56)
	at org.nutz.ioc.impl.ObjectMakerImpl.make(ObjectMakerImpl.java:136)
	at org.nutz.ioc.impl.NutIoc.get(NutIoc.java:210)
	at org.nutz.ioc.val.ReferValue.get(ReferValue.java:24)
	at org.nutz.ioc.impl.ObjectMakerImpl.make(ObjectMakerImpl.java:62)
	at org.nutz.ioc.impl.NutIoc.get(NutIoc.java:210)
	at org.nutz.ioc.impl.NutIoc.get(NutIoc.java:239)
	at org.nutz.dao.test.DaoCase.setUp(DaoCase.java:22)
	at sun.reflect.GeneratedMethodAccessor23.invoke(Unknown Source)
	at sun.reflect.DelegatingMethodAccessorImpl.invoke(DelegatingMethodAccessorImpl.java:43)
	at java.lang.reflect.Method.invoke(Method.java:498)
	at org.junit.runners.model.FrameworkMethod$1.runReflectiveCall(FrameworkMethod.java:44)
	at org.junit.internal.runners.model.ReflectiveCallable.run(ReflectiveCallable.java:15)
	at org.junit.runners.model.FrameworkMethod.invokeExplosively(FrameworkMethod.java:41)
	at org.junit.internal.runners.statements.RunBefores.evaluate(RunBefores.java:27)
	at org.junit.internal.runners.statements.RunAfters.evaluate(RunAfters.java:31)
	at org.junit.runners.BlockJUnit4ClassRunner.runNotIgnored(BlockJUnit4ClassRunner.java:79)
	at org.junit.runners.BlockJUnit4ClassRunner.runChild(BlockJUnit4ClassRunner.java:71)
	at org.junit.runners.BlockJUnit4ClassRunner.runChild(BlockJUnit4ClassRunner.java:49)
	at org.junit.runners.ParentRunner$3.run(ParentRunner.java:193)
	at org.junit.runners.ParentRunner$1.schedule(ParentRunner.java:52)
	at org.junit.runners.ParentRunner.runChildren(ParentRunner.java:191)
	at org.junit.runners.ParentRunner.access$000(ParentRunner.java:42)
	at org.junit.runners.ParentRunner$2.evaluate(ParentRunner.java:184)
	at org.junit.runners.ParentRunner.run(ParentRunner.java:236)
	at org.apache.maven.surefire.junit4.JUnit4Provider.execute(JUnit4Provider.java:283)
	at org.apache.maven.surefire.junit4.JUnit4Provider.executeWithRerun(JUnit4Provider.java:173)
	at org.apache.maven.surefire.junit4.JUnit4Provider.executeTestSet(JUnit4Provider.java:153)
	at org.apache.maven.surefire.junit4.JUnit4Provider.invoke(JUnit4Provider.java:128)
	at org.apache.maven.surefire.booter.ForkedBooter.invokeProviderInSameClassLoader(ForkedBooter.java:203)
	at org.apache.maven.surefire.booter.ForkedBooter.runSuitesInProcess(ForkedBooter.java:155)
	at org.apache.maven.surefire.booter.ForkedBooter.main(ForkedBooter.java:103)
Caused by: java.lang.RuntimeException: folder or file like '^.+[.]properties$' no found in nutz-test.properties
	at org.nutz.lang.Lang.makeThrow(Lang.java:151)
	at org.nutz.resource.Scans.loadResource(Scans.java:112)
	at org.nutz.ioc.impl.PropertiesProxy.getResources(PropertiesProxy.java:153)
	at org.nutz.ioc.impl.PropertiesProxy.setPaths(PropertiesProxy.java:109)
	at org.nutz.ioc.impl.PropertiesProxy$FM$setPaths$d0275b2b871e237a38f11859247d1599.invoke(PropertiesProxy.java)
	at org.nutz.lang.inject.InjectBySetter.inject(InjectBySetter.java:51)
	at org.nutz.ioc.weaver.FieldInjector.inject(FieldInjector.java:33)
	at org.nutz.ioc.weaver.DefaultWeaver.fill(DefaultWeaver.java:56)
	at org.nutz.ioc.impl.ObjectMakerImpl.make(ObjectMakerImpl.java:136)
	at org.nutz.ioc.impl.NutIoc.get(NutIoc.java:210)
	at org.nutz.ioc.impl.NutIoc.get(NutIoc.java:239)
	at org.nutz.ioc.java.IocObjectNode.getValue(IocObjectNode.java:19)
	at org.nutz.ioc.java.ChainNode.eval(ChainNode.java:24)
	at org.nutz.ioc.java.ChainNode.eval(ChainNode.java:19)
	at org.nutz.ioc.val.JavaValue.get(JavaValue.java:69)
	at org.nutz.ioc.weaver.FieldInjector.inject(FieldInjector.java:32)
	at org.nutz.ioc.weaver.DefaultWeaver.fill(DefaultWeaver.java:56)
	at org.nutz.ioc.impl.ObjectMakerImpl.make(ObjectMakerImpl.java:136)
	at org.nutz.ioc.impl.NutIoc.get(NutIoc.java:210)
	at org.nutz.ioc.val.ReferValue.get(ReferValue.java:24)
	at org.nutz.ioc.impl.ObjectMakerImpl.make(ObjectMakerImpl.java:62)
	at org.nutz.ioc.impl.NutIoc.get(NutIoc.java:210)
	at org.nutz.ioc.impl.NutIoc.get(NutIoc.java:239)
	at org.nutz.dao.test.DaoCase.setUp(DaoCase.java:22)
	at sun.reflect.GeneratedMethodAccessor23.invoke(Unknown Source)
	at sun.reflect.DelegatingMethodAccessorImpl.invoke(DelegatingMethodAccessorImpl.java:43)
	at java.lang.reflect.Method.invoke(Method.java:498)
	at org.junit.runners.model.FrameworkMethod$1.runReflectiveCall(FrameworkMethod.java:44)
	at org.junit.internal.runners.model.ReflectiveCallable.run(ReflectiveCallable.java:15)
	at org.junit.runners.model.FrameworkMethod.invokeExplosively(FrameworkMethod.java:41)
	at org.junit.internal.runners.statements.RunBefores.evaluate(RunBefores.java:27)
	at org.junit.internal.runners.statements.RunAfters.evaluate(RunAfters.java:31)
	at org.junit.runners.BlockJUnit4ClassRunner.runNotIgnored(BlockJUnit4ClassRunner.java:79)
	at org.junit.runners.BlockJUnit4ClassRunner.runChild(BlockJUnit4ClassRunner.java:71)
	at org.junit.runners.BlockJUnit4ClassRunner.runChild(BlockJUnit4ClassRunner.java:49)
	at org.junit.runners.ParentRunner$3.run(ParentRunner.java:193)
	at org.junit.runners.ParentRunner$1.schedule(ParentRunner.java:52)
	at org.junit.runners.ParentRunner.runChildren(ParentRunner.java:191)
	at org.junit.runners.ParentRunner.access$000(ParentRunner.java:42)
	at org.junit.runners.ParentRunner$2.evaluate(ParentRunner.java:184)
	at org.junit.runners.ParentRunner.run(ParentRunner.java:236)
	at org.apache.maven.surefire.junit4.JUnit4Provider.execute(JUnit4Provider.java:283)
	at org.apache.maven.surefire.junit4.JUnit4Provider.executeWithRerun(JUnit4Provider.java:173)
	at org.apache.maven.surefire.junit4.JUnit4Provider.executeTestSet(JUnit4Provider.java:153)
	at org.apache.maven.surefire.junit4.JUnit4Provider.invoke(JUnit4Provider.java:128)
	at org.apache.maven.surefire.booter.ForkedBooter.invokeProviderInSameClassLoader(ForkedBooter.java:203)
	at org.apache.maven.surefire.booter.ForkedBooter.runSuitesInProcess(ForkedBooter.java:155)
	at org.apache.maven.surefire.booter.ForkedBooter.main(ForkedBooter.java:103)
</error>
  </testcase>
  <testcase name="test_issue_insert_or_update" classname="org.nutz.dao.test.normal.SimpleDaoTest" time="0">
    <error message="IocBean[dao -&gt; dataSource] throw Exception when creating" type="org.nutz.ioc.IocException">org.nutz.ioc.IocException: IocBean[dao -> dataSource] throw Exception when creating
	at org.nutz.ioc.impl.ObjectMakerImpl.make(ObjectMakerImpl.java:150)
	at org.nutz.ioc.impl.NutIoc.get(NutIoc.java:210)
	at org.nutz.ioc.val.ReferValue.get(ReferValue.java:24)
	at org.nutz.ioc.impl.ObjectMakerImpl.make(ObjectMakerImpl.java:62)
	at org.nutz.ioc.impl.NutIoc.get(NutIoc.java:210)
	at org.nutz.ioc.impl.NutIoc.get(NutIoc.java:239)
	at org.nutz.dao.test.DaoCase.setUp(DaoCase.java:22)
	at sun.reflect.GeneratedMethodAccessor23.invoke(Unknown Source)
	at sun.reflect.DelegatingMethodAccessorImpl.invoke(DelegatingMethodAccessorImpl.java:43)
	at java.lang.reflect.Method.invoke(Method.java:498)
	at org.junit.runners.model.FrameworkMethod$1.runReflectiveCall(FrameworkMethod.java:44)
	at org.junit.internal.runners.model.ReflectiveCallable.run(ReflectiveCallable.java:15)
	at org.junit.runners.model.FrameworkMethod.invokeExplosively(FrameworkMethod.java:41)
	at org.junit.internal.runners.statements.RunBefores.evaluate(RunBefores.java:27)
	at org.junit.internal.runners.statements.RunAfters.evaluate(RunAfters.java:31)
	at org.junit.runners.BlockJUnit4ClassRunner.runNotIgnored(BlockJUnit4ClassRunner.java:79)
	at org.junit.runners.BlockJUnit4ClassRunner.runChild(BlockJUnit4ClassRunner.java:71)
	at org.junit.runners.BlockJUnit4ClassRunner.runChild(BlockJUnit4ClassRunner.java:49)
	at org.junit.runners.ParentRunner$3.run(ParentRunner.java:193)
	at org.junit.runners.ParentRunner$1.schedule(ParentRunner.java:52)
	at org.junit.runners.ParentRunner.runChildren(ParentRunner.java:191)
	at org.junit.runners.ParentRunner.access$000(ParentRunner.java:42)
	at org.junit.runners.ParentRunner$2.evaluate(ParentRunner.java:184)
	at org.junit.runners.ParentRunner.run(ParentRunner.java:236)
	at org.apache.maven.surefire.junit4.JUnit4Provider.execute(JUnit4Provider.java:283)
	at org.apache.maven.surefire.junit4.JUnit4Provider.executeWithRerun(JUnit4Provider.java:173)
	at org.apache.maven.surefire.junit4.JUnit4Provider.executeTestSet(JUnit4Provider.java:153)
	at org.apache.maven.surefire.junit4.JUnit4Provider.invoke(JUnit4Provider.java:128)
	at org.apache.maven.surefire.booter.ForkedBooter.invokeProviderInSameClassLoader(ForkedBooter.java:203)
	at org.apache.maven.surefire.booter.ForkedBooter.runSuitesInProcess(ForkedBooter.java:155)
	at org.apache.maven.surefire.booter.ForkedBooter.main(ForkedBooter.java:103)
Caused by: java.lang.RuntimeException: IocBean[dataSource] fail at field=[driverClassName]
	at org.nutz.ioc.weaver.FieldInjector.inject(FieldInjector.java:40)
	at org.nutz.ioc.weaver.DefaultWeaver.fill(DefaultWeaver.java:56)
	at org.nutz.ioc.impl.ObjectMakerImpl.make(ObjectMakerImpl.java:136)
	at org.nutz.ioc.impl.NutIoc.get(NutIoc.java:210)
	at org.nutz.ioc.val.ReferValue.get(ReferValue.java:24)
	at org.nutz.ioc.impl.ObjectMakerImpl.make(ObjectMakerImpl.java:62)
	at org.nutz.ioc.impl.NutIoc.get(NutIoc.java:210)
	at org.nutz.ioc.impl.NutIoc.get(NutIoc.java:239)
	at org.nutz.dao.test.DaoCase.setUp(DaoCase.java:22)
	at sun.reflect.GeneratedMethodAccessor23.invoke(Unknown Source)
	at sun.reflect.DelegatingMethodAccessorImpl.invoke(DelegatingMethodAccessorImpl.java:43)
	at java.lang.reflect.Method.invoke(Method.java:498)
	at org.junit.runners.model.FrameworkMethod$1.runReflectiveCall(FrameworkMethod.java:44)
	at org.junit.internal.runners.model.ReflectiveCallable.run(ReflectiveCallable.java:15)
	at org.junit.runners.model.FrameworkMethod.invokeExplosively(FrameworkMethod.java:41)
	at org.junit.internal.runners.statements.RunBefores.evaluate(RunBefores.java:27)
	at org.junit.internal.runners.statements.RunAfters.evaluate(RunAfters.java:31)
	at org.junit.runners.BlockJUnit4ClassRunner.runNotIgnored(BlockJUnit4ClassRunner.java:79)
	at org.junit.runners.BlockJUnit4ClassRunner.runChild(BlockJUnit4ClassRunner.java:71)
	at org.junit.runners.BlockJUnit4ClassRunner.runChild(BlockJUnit4ClassRunner.java:49)
	at org.junit.runners.ParentRunner$3.run(ParentRunner.java:193)
	at org.junit.runners.ParentRunner$1.schedule(ParentRunner.java:52)
	at org.junit.runners.ParentRunner.runChildren(ParentRunner.java:191)
	at org.junit.runners.ParentRunner.access$000(ParentRunner.java:42)
	at org.junit.runners.ParentRunner$2.evaluate(ParentRunner.java:184)
	at org.junit.runners.ParentRunner.run(ParentRunner.java:236)
	at org.apache.maven.surefire.junit4.JUnit4Provider.execute(JUnit4Provider.java:283)
	at org.apache.maven.surefire.junit4.JUnit4Provider.executeWithRerun(JUnit4Provider.java:173)
	at org.apache.maven.surefire.junit4.JUnit4Provider.executeTestSet(JUnit4Provider.java:153)
	at org.apache.maven.surefire.junit4.JUnit4Provider.invoke(JUnit4Provider.java:128)
	at org.apache.maven.surefire.booter.ForkedBooter.invokeProviderInSameClassLoader(ForkedBooter.java:203)
	at org.apache.maven.surefire.booter.ForkedBooter.runSuitesInProcess(ForkedBooter.java:155)
	at org.apache.maven.surefire.booter.ForkedBooter.main(ForkedBooter.java:103)
Caused by: org.nutz.ioc.IocException: IocBean[config] throw Exception when creating
	at org.nutz.ioc.impl.ObjectMakerImpl.make(ObjectMakerImpl.java:150)
	at org.nutz.ioc.impl.NutIoc.get(NutIoc.java:210)
	at org.nutz.ioc.impl.NutIoc.get(NutIoc.java:239)
	at org.nutz.ioc.java.IocObjectNode.getValue(IocObjectNode.java:19)
	at org.nutz.ioc.java.ChainNode.eval(ChainNode.java:24)
	at org.nutz.ioc.java.ChainNode.eval(ChainNode.java:19)
	at org.nutz.ioc.val.JavaValue.get(JavaValue.java:69)
	at org.nutz.ioc.weaver.FieldInjector.inject(FieldInjector.java:32)
	at org.nutz.ioc.weaver.DefaultWeaver.fill(DefaultWeaver.java:56)
	at org.nutz.ioc.impl.ObjectMakerImpl.make(ObjectMakerImpl.java:136)
	at org.nutz.ioc.impl.NutIoc.get(NutIoc.java:210)
	at org.nutz.ioc.val.ReferValue.get(ReferValue.java:24)
	at org.nutz.ioc.impl.ObjectMakerImpl.make(ObjectMakerImpl.java:62)
	at org.nutz.ioc.impl.NutIoc.get(NutIoc.java:210)
	at org.nutz.ioc.impl.NutIoc.get(NutIoc.java:239)
	at org.nutz.dao.test.DaoCase.setUp(DaoCase.java:22)
	at sun.reflect.GeneratedMethodAccessor23.invoke(Unknown Source)
	at sun.reflect.DelegatingMethodAccessorImpl.invoke(DelegatingMethodAccessorImpl.java:43)
	at java.lang.reflect.Method.invoke(Method.java:498)
	at org.junit.runners.model.FrameworkMethod$1.runReflectiveCall(FrameworkMethod.java:44)
	at org.junit.internal.runners.model.ReflectiveCallable.run(ReflectiveCallable.java:15)
	at org.junit.runners.model.FrameworkMethod.invokeExplosively(FrameworkMethod.java:41)
	at org.junit.internal.runners.statements.RunBefores.evaluate(RunBefores.java:27)
	at org.junit.internal.runners.statements.RunAfters.evaluate(RunAfters.java:31)
	at org.junit.runners.BlockJUnit4ClassRunner.runNotIgnored(BlockJUnit4ClassRunner.java:79)
	at org.junit.runners.BlockJUnit4ClassRunner.runChild(BlockJUnit4ClassRunner.java:71)
	at org.junit.runners.BlockJUnit4ClassRunner.runChild(BlockJUnit4ClassRunner.java:49)
	at org.junit.runners.ParentRunner$3.run(ParentRunner.java:193)
	at org.junit.runners.ParentRunner$1.schedule(ParentRunner.java:52)
	at org.junit.runners.ParentRunner.runChildren(ParentRunner.java:191)
	at org.junit.runners.ParentRunner.access$000(ParentRunner.java:42)
	at org.junit.runners.ParentRunner$2.evaluate(ParentRunner.java:184)
	at org.junit.runners.ParentRunner.run(ParentRunner.java:236)
	at org.apache.maven.surefire.junit4.JUnit4Provider.execute(JUnit4Provider.java:283)
	at org.apache.maven.surefire.junit4.JUnit4Provider.executeWithRerun(JUnit4Provider.java:173)
	at org.apache.maven.surefire.junit4.JUnit4Provider.executeTestSet(JUnit4Provider.java:153)
	at org.apache.maven.surefire.junit4.JUnit4Provider.invoke(JUnit4Provider.java:128)
	at org.apache.maven.surefire.booter.ForkedBooter.invokeProviderInSameClassLoader(ForkedBooter.java:203)
	at org.apache.maven.surefire.booter.ForkedBooter.runSuitesInProcess(ForkedBooter.java:155)
	at org.apache.maven.surefire.booter.ForkedBooter.main(ForkedBooter.java:103)
Caused by: java.lang.RuntimeException: IocBean[config] fail at field=[paths]
	at org.nutz.ioc.weaver.FieldInjector.inject(FieldInjector.java:40)
	at org.nutz.ioc.weaver.DefaultWeaver.fill(DefaultWeaver.java:56)
	at org.nutz.ioc.impl.ObjectMakerImpl.make(ObjectMakerImpl.java:136)
	at org.nutz.ioc.impl.NutIoc.get(NutIoc.java:210)
	at org.nutz.ioc.impl.NutIoc.get(NutIoc.java:239)
	at org.nutz.ioc.java.IocObjectNode.getValue(IocObjectNode.java:19)
	at org.nutz.ioc.java.ChainNode.eval(ChainNode.java:24)
	at org.nutz.ioc.java.ChainNode.eval(ChainNode.java:19)
	at org.nutz.ioc.val.JavaValue.get(JavaValue.java:69)
	at org.nutz.ioc.weaver.FieldInjector.inject(FieldInjector.java:32)
	at org.nutz.ioc.weaver.DefaultWeaver.fill(DefaultWeaver.java:56)
	at org.nutz.ioc.impl.ObjectMakerImpl.make(ObjectMakerImpl.java:136)
	at org.nutz.ioc.impl.NutIoc.get(NutIoc.java:210)
	at org.nutz.ioc.val.ReferValue.get(ReferValue.java:24)
	at org.nutz.ioc.impl.ObjectMakerImpl.make(ObjectMakerImpl.java:62)
	at org.nutz.ioc.impl.NutIoc.get(NutIoc.java:210)
	at org.nutz.ioc.impl.NutIoc.get(NutIoc.java:239)
	at org.nutz.dao.test.DaoCase.setUp(DaoCase.java:22)
	at sun.reflect.GeneratedMethodAccessor23.invoke(Unknown Source)
	at sun.reflect.DelegatingMethodAccessorImpl.invoke(DelegatingMethodAccessorImpl.java:43)
	at java.lang.reflect.Method.invoke(Method.java:498)
	at org.junit.runners.model.FrameworkMethod$1.runReflectiveCall(FrameworkMethod.java:44)
	at org.junit.internal.runners.model.ReflectiveCallable.run(ReflectiveCallable.java:15)
	at org.junit.runners.model.FrameworkMethod.invokeExplosively(FrameworkMethod.java:41)
	at org.junit.internal.runners.statements.RunBefores.evaluate(RunBefores.java:27)
	at org.junit.internal.runners.statements.RunAfters.evaluate(RunAfters.java:31)
	at org.junit.runners.BlockJUnit4ClassRunner.runNotIgnored(BlockJUnit4ClassRunner.java:79)
	at org.junit.runners.BlockJUnit4ClassRunner.runChild(BlockJUnit4ClassRunner.java:71)
	at org.junit.runners.BlockJUnit4ClassRunner.runChild(BlockJUnit4ClassRunner.java:49)
	at org.junit.runners.ParentRunner$3.run(ParentRunner.java:193)
	at org.junit.runners.ParentRunner$1.schedule(ParentRunner.java:52)
	at org.junit.runners.ParentRunner.runChildren(ParentRunner.java:191)
	at org.junit.runners.ParentRunner.access$000(ParentRunner.java:42)
	at org.junit.runners.ParentRunner$2.evaluate(ParentRunner.java:184)
	at org.junit.runners.ParentRunner.run(ParentRunner.java:236)
	at org.apache.maven.surefire.junit4.JUnit4Provider.execute(JUnit4Provider.java:283)
	at org.apache.maven.surefire.junit4.JUnit4Provider.executeWithRerun(JUnit4Provider.java:173)
	at org.apache.maven.surefire.junit4.JUnit4Provider.executeTestSet(JUnit4Provider.java:153)
	at org.apache.maven.surefire.junit4.JUnit4Provider.invoke(JUnit4Provider.java:128)
	at org.apache.maven.surefire.booter.ForkedBooter.invokeProviderInSameClassLoader(ForkedBooter.java:203)
	at org.apache.maven.surefire.booter.ForkedBooter.runSuitesInProcess(ForkedBooter.java:155)
	at org.apache.maven.surefire.booter.ForkedBooter.main(ForkedBooter.java:103)
Caused by: java.lang.RuntimeException: Fail to set '[nutz-test.properties]'[ [Ljava.lang.String;@6f31df32 ] by setter org.nutz.ioc.impl.PropertiesProxy.'setPaths()' because [java.lang.RuntimeException: folder or file like '^.+[.]properties$' no found in nutz-test.properties]: folder or file like '^.+[.]properties$' no found in nutz-test.properties
	at org.nutz.lang.Lang.wrapThrow(Lang.java:167)
	at org.nutz.lang.inject.InjectBySetter.inject(InjectBySetter.java:62)
	at org.nutz.ioc.weaver.FieldInjector.inject(FieldInjector.java:33)
	at org.nutz.ioc.weaver.DefaultWeaver.fill(DefaultWeaver.java:56)
	at org.nutz.ioc.impl.ObjectMakerImpl.make(ObjectMakerImpl.java:136)
	at org.nutz.ioc.impl.NutIoc.get(NutIoc.java:210)
	at org.nutz.ioc.impl.NutIoc.get(NutIoc.java:239)
	at org.nutz.ioc.java.IocObjectNode.getValue(IocObjectNode.java:19)
	at org.nutz.ioc.java.ChainNode.eval(ChainNode.java:24)
	at org.nutz.ioc.java.ChainNode.eval(ChainNode.java:19)
	at org.nutz.ioc.val.JavaValue.get(JavaValue.java:69)
	at org.nutz.ioc.weaver.FieldInjector.inject(FieldInjector.java:32)
	at org.nutz.ioc.weaver.DefaultWeaver.fill(DefaultWeaver.java:56)
	at org.nutz.ioc.impl.ObjectMakerImpl.make(ObjectMakerImpl.java:136)
	at org.nutz.ioc.impl.NutIoc.get(NutIoc.java:210)
	at org.nutz.ioc.val.ReferValue.get(ReferValue.java:24)
	at org.nutz.ioc.impl.ObjectMakerImpl.make(ObjectMakerImpl.java:62)
	at org.nutz.ioc.impl.NutIoc.get(NutIoc.java:210)
	at org.nutz.ioc.impl.NutIoc.get(NutIoc.java:239)
	at org.nutz.dao.test.DaoCase.setUp(DaoCase.java:22)
	at sun.reflect.GeneratedMethodAccessor23.invoke(Unknown Source)
	at sun.reflect.DelegatingMethodAccessorImpl.invoke(DelegatingMethodAccessorImpl.java:43)
	at java.lang.reflect.Method.invoke(Method.java:498)
	at org.junit.runners.model.FrameworkMethod$1.runReflectiveCall(FrameworkMethod.java:44)
	at org.junit.internal.runners.model.ReflectiveCallable.run(ReflectiveCallable.java:15)
	at org.junit.runners.model.FrameworkMethod.invokeExplosively(FrameworkMethod.java:41)
	at org.junit.internal.runners.statements.RunBefores.evaluate(RunBefores.java:27)
	at org.junit.internal.runners.statements.RunAfters.evaluate(RunAfters.java:31)
	at org.junit.runners.BlockJUnit4ClassRunner.runNotIgnored(BlockJUnit4ClassRunner.java:79)
	at org.junit.runners.BlockJUnit4ClassRunner.runChild(BlockJUnit4ClassRunner.java:71)
	at org.junit.runners.BlockJUnit4ClassRunner.runChild(BlockJUnit4ClassRunner.java:49)
	at org.junit.runners.ParentRunner$3.run(ParentRunner.java:193)
	at org.junit.runners.ParentRunner$1.schedule(ParentRunner.java:52)
	at org.junit.runners.ParentRunner.runChildren(ParentRunner.java:191)
	at org.junit.runners.ParentRunner.access$000(ParentRunner.java:42)
	at org.junit.runners.ParentRunner$2.evaluate(ParentRunner.java:184)
	at org.junit.runners.ParentRunner.run(ParentRunner.java:236)
	at org.apache.maven.surefire.junit4.JUnit4Provider.execute(JUnit4Provider.java:283)
	at org.apache.maven.surefire.junit4.JUnit4Provider.executeWithRerun(JUnit4Provider.java:173)
	at org.apache.maven.surefire.junit4.JUnit4Provider.executeTestSet(JUnit4Provider.java:153)
	at org.apache.maven.surefire.junit4.JUnit4Provider.invoke(JUnit4Provider.java:128)
	at org.apache.maven.surefire.booter.ForkedBooter.invokeProviderInSameClassLoader(ForkedBooter.java:203)
	at org.apache.maven.surefire.booter.ForkedBooter.runSuitesInProcess(ForkedBooter.java:155)
	at org.apache.maven.surefire.booter.ForkedBooter.main(ForkedBooter.java:103)
Caused by: java.lang.RuntimeException: folder or file like '^.+[.]properties$' no found in nutz-test.properties
	at org.nutz.lang.Lang.makeThrow(Lang.java:151)
	at org.nutz.resource.Scans.loadResource(Scans.java:112)
	at org.nutz.ioc.impl.PropertiesProxy.getResources(PropertiesProxy.java:153)
	at org.nutz.ioc.impl.PropertiesProxy.setPaths(PropertiesProxy.java:109)
	at org.nutz.ioc.impl.PropertiesProxy$FM$setPaths$d0275b2b871e237a38f11859247d1599.invoke(PropertiesProxy.java)
	at org.nutz.lang.inject.InjectBySetter.inject(InjectBySetter.java:51)
	at org.nutz.ioc.weaver.FieldInjector.inject(FieldInjector.java:33)
	at org.nutz.ioc.weaver.DefaultWeaver.fill(DefaultWeaver.java:56)
	at org.nutz.ioc.impl.ObjectMakerImpl.make(ObjectMakerImpl.java:136)
	at org.nutz.ioc.impl.NutIoc.get(NutIoc.java:210)
	at org.nutz.ioc.impl.NutIoc.get(NutIoc.java:239)
	at org.nutz.ioc.java.IocObjectNode.getValue(IocObjectNode.java:19)
	at org.nutz.ioc.java.ChainNode.eval(ChainNode.java:24)
	at org.nutz.ioc.java.ChainNode.eval(ChainNode.java:19)
	at org.nutz.ioc.val.JavaValue.get(JavaValue.java:69)
	at org.nutz.ioc.weaver.FieldInjector.inject(FieldInjector.java:32)
	at org.nutz.ioc.weaver.DefaultWeaver.fill(DefaultWeaver.java:56)
	at org.nutz.ioc.impl.ObjectMakerImpl.make(ObjectMakerImpl.java:136)
	at org.nutz.ioc.impl.NutIoc.get(NutIoc.java:210)
	at org.nutz.ioc.val.ReferValue.get(ReferValue.java:24)
	at org.nutz.ioc.impl.ObjectMakerImpl.make(ObjectMakerImpl.java:62)
	at org.nutz.ioc.impl.NutIoc.get(NutIoc.java:210)
	at org.nutz.ioc.impl.NutIoc.get(NutIoc.java:239)
	at org.nutz.dao.test.DaoCase.setUp(DaoCase.java:22)
	at sun.reflect.GeneratedMethodAccessor23.invoke(Unknown Source)
	at sun.reflect.DelegatingMethodAccessorImpl.invoke(DelegatingMethodAccessorImpl.java:43)
	at java.lang.reflect.Method.invoke(Method.java:498)
	at org.junit.runners.model.FrameworkMethod$1.runReflectiveCall(FrameworkMethod.java:44)
	at org.junit.internal.runners.model.ReflectiveCallable.run(ReflectiveCallable.java:15)
	at org.junit.runners.model.FrameworkMethod.invokeExplosively(FrameworkMethod.java:41)
	at org.junit.internal.runners.statements.RunBefores.evaluate(RunBefores.java:27)
	at org.junit.internal.runners.statements.RunAfters.evaluate(RunAfters.java:31)
	at org.junit.runners.BlockJUnit4ClassRunner.runNotIgnored(BlockJUnit4ClassRunner.java:79)
	at org.junit.runners.BlockJUnit4ClassRunner.runChild(BlockJUnit4ClassRunner.java:71)
	at org.junit.runners.BlockJUnit4ClassRunner.runChild(BlockJUnit4ClassRunner.java:49)
	at org.junit.runners.ParentRunner$3.run(ParentRunner.java:193)
	at org.junit.runners.ParentRunner$1.schedule(ParentRunner.java:52)
	at org.junit.runners.ParentRunner.runChildren(ParentRunner.java:191)
	at org.junit.runners.ParentRunner.access$000(ParentRunner.java:42)
	at org.junit.runners.ParentRunner$2.evaluate(ParentRunner.java:184)
	at org.junit.runners.ParentRunner.run(ParentRunner.java:236)
	at org.apache.maven.surefire.junit4.JUnit4Provider.execute(JUnit4Provider.java:283)
	at org.apache.maven.surefire.junit4.JUnit4Provider.executeWithRerun(JUnit4Provider.java:173)
	at org.apache.maven.surefire.junit4.JUnit4Provider.executeTestSet(JUnit4Provider.java:153)
	at org.apache.maven.surefire.junit4.JUnit4Provider.invoke(JUnit4Provider.java:128)
	at org.apache.maven.surefire.booter.ForkedBooter.invokeProviderInSameClassLoader(ForkedBooter.java:203)
	at org.apache.maven.surefire.booter.ForkedBooter.runSuitesInProcess(ForkedBooter.java:155)
	at org.apache.maven.surefire.booter.ForkedBooter.main(ForkedBooter.java:103)
</error>
  </testcase>
  <testcase name="test_issue_1302" classname="org.nutz.dao.test.normal.SimpleDaoTest" time="0">
    <error message="IocBean[dao -&gt; dataSource] throw Exception when creating" type="org.nutz.ioc.IocException">org.nutz.ioc.IocException: IocBean[dao -> dataSource] throw Exception when creating
	at org.nutz.ioc.impl.ObjectMakerImpl.make(ObjectMakerImpl.java:150)
	at org.nutz.ioc.impl.NutIoc.get(NutIoc.java:210)
	at org.nutz.ioc.val.ReferValue.get(ReferValue.java:24)
	at org.nutz.ioc.impl.ObjectMakerImpl.make(ObjectMakerImpl.java:62)
	at org.nutz.ioc.impl.NutIoc.get(NutIoc.java:210)
	at org.nutz.ioc.impl.NutIoc.get(NutIoc.java:239)
	at org.nutz.dao.test.DaoCase.setUp(DaoCase.java:22)
	at sun.reflect.GeneratedMethodAccessor23.invoke(Unknown Source)
	at sun.reflect.DelegatingMethodAccessorImpl.invoke(DelegatingMethodAccessorImpl.java:43)
	at java.lang.reflect.Method.invoke(Method.java:498)
	at org.junit.runners.model.FrameworkMethod$1.runReflectiveCall(FrameworkMethod.java:44)
	at org.junit.internal.runners.model.ReflectiveCallable.run(ReflectiveCallable.java:15)
	at org.junit.runners.model.FrameworkMethod.invokeExplosively(FrameworkMethod.java:41)
	at org.junit.internal.runners.statements.RunBefores.evaluate(RunBefores.java:27)
	at org.junit.internal.runners.statements.RunAfters.evaluate(RunAfters.java:31)
	at org.junit.runners.BlockJUnit4ClassRunner.runNotIgnored(BlockJUnit4ClassRunner.java:79)
	at org.junit.runners.BlockJUnit4ClassRunner.runChild(BlockJUnit4ClassRunner.java:71)
	at org.junit.runners.BlockJUnit4ClassRunner.runChild(BlockJUnit4ClassRunner.java:49)
	at org.junit.runners.ParentRunner$3.run(ParentRunner.java:193)
	at org.junit.runners.ParentRunner$1.schedule(ParentRunner.java:52)
	at org.junit.runners.ParentRunner.runChildren(ParentRunner.java:191)
	at org.junit.runners.ParentRunner.access$000(ParentRunner.java:42)
	at org.junit.runners.ParentRunner$2.evaluate(ParentRunner.java:184)
	at org.junit.runners.ParentRunner.run(ParentRunner.java:236)
	at org.apache.maven.surefire.junit4.JUnit4Provider.execute(JUnit4Provider.java:283)
	at org.apache.maven.surefire.junit4.JUnit4Provider.executeWithRerun(JUnit4Provider.java:173)
	at org.apache.maven.surefire.junit4.JUnit4Provider.executeTestSet(JUnit4Provider.java:153)
	at org.apache.maven.surefire.junit4.JUnit4Provider.invoke(JUnit4Provider.java:128)
	at org.apache.maven.surefire.booter.ForkedBooter.invokeProviderInSameClassLoader(ForkedBooter.java:203)
	at org.apache.maven.surefire.booter.ForkedBooter.runSuitesInProcess(ForkedBooter.java:155)
	at org.apache.maven.surefire.booter.ForkedBooter.main(ForkedBooter.java:103)
Caused by: java.lang.RuntimeException: IocBean[dataSource] fail at field=[driverClassName]
	at org.nutz.ioc.weaver.FieldInjector.inject(FieldInjector.java:40)
	at org.nutz.ioc.weaver.DefaultWeaver.fill(DefaultWeaver.java:56)
	at org.nutz.ioc.impl.ObjectMakerImpl.make(ObjectMakerImpl.java:136)
	at org.nutz.ioc.impl.NutIoc.get(NutIoc.java:210)
	at org.nutz.ioc.val.ReferValue.get(ReferValue.java:24)
	at org.nutz.ioc.impl.ObjectMakerImpl.make(ObjectMakerImpl.java:62)
	at org.nutz.ioc.impl.NutIoc.get(NutIoc.java:210)
	at org.nutz.ioc.impl.NutIoc.get(NutIoc.java:239)
	at org.nutz.dao.test.DaoCase.setUp(DaoCase.java:22)
	at sun.reflect.GeneratedMethodAccessor23.invoke(Unknown Source)
	at sun.reflect.DelegatingMethodAccessorImpl.invoke(DelegatingMethodAccessorImpl.java:43)
	at java.lang.reflect.Method.invoke(Method.java:498)
	at org.junit.runners.model.FrameworkMethod$1.runReflectiveCall(FrameworkMethod.java:44)
	at org.junit.internal.runners.model.ReflectiveCallable.run(ReflectiveCallable.java:15)
	at org.junit.runners.model.FrameworkMethod.invokeExplosively(FrameworkMethod.java:41)
	at org.junit.internal.runners.statements.RunBefores.evaluate(RunBefores.java:27)
	at org.junit.internal.runners.statements.RunAfters.evaluate(RunAfters.java:31)
	at org.junit.runners.BlockJUnit4ClassRunner.runNotIgnored(BlockJUnit4ClassRunner.java:79)
	at org.junit.runners.BlockJUnit4ClassRunner.runChild(BlockJUnit4ClassRunner.java:71)
	at org.junit.runners.BlockJUnit4ClassRunner.runChild(BlockJUnit4ClassRunner.java:49)
	at org.junit.runners.ParentRunner$3.run(ParentRunner.java:193)
	at org.junit.runners.ParentRunner$1.schedule(ParentRunner.java:52)
	at org.junit.runners.ParentRunner.runChildren(ParentRunner.java:191)
	at org.junit.runners.ParentRunner.access$000(ParentRunner.java:42)
	at org.junit.runners.ParentRunner$2.evaluate(ParentRunner.java:184)
	at org.junit.runners.ParentRunner.run(ParentRunner.java:236)
	at org.apache.maven.surefire.junit4.JUnit4Provider.execute(JUnit4Provider.java:283)
	at org.apache.maven.surefire.junit4.JUnit4Provider.executeWithRerun(JUnit4Provider.java:173)
	at org.apache.maven.surefire.junit4.JUnit4Provider.executeTestSet(JUnit4Provider.java:153)
	at org.apache.maven.surefire.junit4.JUnit4Provider.invoke(JUnit4Provider.java:128)
	at org.apache.maven.surefire.booter.ForkedBooter.invokeProviderInSameClassLoader(ForkedBooter.java:203)
	at org.apache.maven.surefire.booter.ForkedBooter.runSuitesInProcess(ForkedBooter.java:155)
	at org.apache.maven.surefire.booter.ForkedBooter.main(ForkedBooter.java:103)
Caused by: org.nutz.ioc.IocException: IocBean[config] throw Exception when creating
	at org.nutz.ioc.impl.ObjectMakerImpl.make(ObjectMakerImpl.java:150)
	at org.nutz.ioc.impl.NutIoc.get(NutIoc.java:210)
	at org.nutz.ioc.impl.NutIoc.get(NutIoc.java:239)
	at org.nutz.ioc.java.IocObjectNode.getValue(IocObjectNode.java:19)
	at org.nutz.ioc.java.ChainNode.eval(ChainNode.java:24)
	at org.nutz.ioc.java.ChainNode.eval(ChainNode.java:19)
	at org.nutz.ioc.val.JavaValue.get(JavaValue.java:69)
	at org.nutz.ioc.weaver.FieldInjector.inject(FieldInjector.java:32)
	at org.nutz.ioc.weaver.DefaultWeaver.fill(DefaultWeaver.java:56)
	at org.nutz.ioc.impl.ObjectMakerImpl.make(ObjectMakerImpl.java:136)
	at org.nutz.ioc.impl.NutIoc.get(NutIoc.java:210)
	at org.nutz.ioc.val.ReferValue.get(ReferValue.java:24)
	at org.nutz.ioc.impl.ObjectMakerImpl.make(ObjectMakerImpl.java:62)
	at org.nutz.ioc.impl.NutIoc.get(NutIoc.java:210)
	at org.nutz.ioc.impl.NutIoc.get(NutIoc.java:239)
	at org.nutz.dao.test.DaoCase.setUp(DaoCase.java:22)
	at sun.reflect.GeneratedMethodAccessor23.invoke(Unknown Source)
	at sun.reflect.DelegatingMethodAccessorImpl.invoke(DelegatingMethodAccessorImpl.java:43)
	at java.lang.reflect.Method.invoke(Method.java:498)
	at org.junit.runners.model.FrameworkMethod$1.runReflectiveCall(FrameworkMethod.java:44)
	at org.junit.internal.runners.model.ReflectiveCallable.run(ReflectiveCallable.java:15)
	at org.junit.runners.model.FrameworkMethod.invokeExplosively(FrameworkMethod.java:41)
	at org.junit.internal.runners.statements.RunBefores.evaluate(RunBefores.java:27)
	at org.junit.internal.runners.statements.RunAfters.evaluate(RunAfters.java:31)
	at org.junit.runners.BlockJUnit4ClassRunner.runNotIgnored(BlockJUnit4ClassRunner.java:79)
	at org.junit.runners.BlockJUnit4ClassRunner.runChild(BlockJUnit4ClassRunner.java:71)
	at org.junit.runners.BlockJUnit4ClassRunner.runChild(BlockJUnit4ClassRunner.java:49)
	at org.junit.runners.ParentRunner$3.run(ParentRunner.java:193)
	at org.junit.runners.ParentRunner$1.schedule(ParentRunner.java:52)
	at org.junit.runners.ParentRunner.runChildren(ParentRunner.java:191)
	at org.junit.runners.ParentRunner.access$000(ParentRunner.java:42)
	at org.junit.runners.ParentRunner$2.evaluate(ParentRunner.java:184)
	at org.junit.runners.ParentRunner.run(ParentRunner.java:236)
	at org.apache.maven.surefire.junit4.JUnit4Provider.execute(JUnit4Provider.java:283)
	at org.apache.maven.surefire.junit4.JUnit4Provider.executeWithRerun(JUnit4Provider.java:173)
	at org.apache.maven.surefire.junit4.JUnit4Provider.executeTestSet(JUnit4Provider.java:153)
	at org.apache.maven.surefire.junit4.JUnit4Provider.invoke(JUnit4Provider.java:128)
	at org.apache.maven.surefire.booter.ForkedBooter.invokeProviderInSameClassLoader(ForkedBooter.java:203)
	at org.apache.maven.surefire.booter.ForkedBooter.runSuitesInProcess(ForkedBooter.java:155)
	at org.apache.maven.surefire.booter.ForkedBooter.main(ForkedBooter.java:103)
Caused by: java.lang.RuntimeException: IocBean[config] fail at field=[paths]
	at org.nutz.ioc.weaver.FieldInjector.inject(FieldInjector.java:40)
	at org.nutz.ioc.weaver.DefaultWeaver.fill(DefaultWeaver.java:56)
	at org.nutz.ioc.impl.ObjectMakerImpl.make(ObjectMakerImpl.java:136)
	at org.nutz.ioc.impl.NutIoc.get(NutIoc.java:210)
	at org.nutz.ioc.impl.NutIoc.get(NutIoc.java:239)
	at org.nutz.ioc.java.IocObjectNode.getValue(IocObjectNode.java:19)
	at org.nutz.ioc.java.ChainNode.eval(ChainNode.java:24)
	at org.nutz.ioc.java.ChainNode.eval(ChainNode.java:19)
	at org.nutz.ioc.val.JavaValue.get(JavaValue.java:69)
	at org.nutz.ioc.weaver.FieldInjector.inject(FieldInjector.java:32)
	at org.nutz.ioc.weaver.DefaultWeaver.fill(DefaultWeaver.java:56)
	at org.nutz.ioc.impl.ObjectMakerImpl.make(ObjectMakerImpl.java:136)
	at org.nutz.ioc.impl.NutIoc.get(NutIoc.java:210)
	at org.nutz.ioc.val.ReferValue.get(ReferValue.java:24)
	at org.nutz.ioc.impl.ObjectMakerImpl.make(ObjectMakerImpl.java:62)
	at org.nutz.ioc.impl.NutIoc.get(NutIoc.java:210)
	at org.nutz.ioc.impl.NutIoc.get(NutIoc.java:239)
	at org.nutz.dao.test.DaoCase.setUp(DaoCase.java:22)
	at sun.reflect.GeneratedMethodAccessor23.invoke(Unknown Source)
	at sun.reflect.DelegatingMethodAccessorImpl.invoke(DelegatingMethodAccessorImpl.java:43)
	at java.lang.reflect.Method.invoke(Method.java:498)
	at org.junit.runners.model.FrameworkMethod$1.runReflectiveCall(FrameworkMethod.java:44)
	at org.junit.internal.runners.model.ReflectiveCallable.run(ReflectiveCallable.java:15)
	at org.junit.runners.model.FrameworkMethod.invokeExplosively(FrameworkMethod.java:41)
	at org.junit.internal.runners.statements.RunBefores.evaluate(RunBefores.java:27)
	at org.junit.internal.runners.statements.RunAfters.evaluate(RunAfters.java:31)
	at org.junit.runners.BlockJUnit4ClassRunner.runNotIgnored(BlockJUnit4ClassRunner.java:79)
	at org.junit.runners.BlockJUnit4ClassRunner.runChild(BlockJUnit4ClassRunner.java:71)
	at org.junit.runners.BlockJUnit4ClassRunner.runChild(BlockJUnit4ClassRunner.java:49)
	at org.junit.runners.ParentRunner$3.run(ParentRunner.java:193)
	at org.junit.runners.ParentRunner$1.schedule(ParentRunner.java:52)
	at org.junit.runners.ParentRunner.runChildren(ParentRunner.java:191)
	at org.junit.runners.ParentRunner.access$000(ParentRunner.java:42)
	at org.junit.runners.ParentRunner$2.evaluate(ParentRunner.java:184)
	at org.junit.runners.ParentRunner.run(ParentRunner.java:236)
	at org.apache.maven.surefire.junit4.JUnit4Provider.execute(JUnit4Provider.java:283)
	at org.apache.maven.surefire.junit4.JUnit4Provider.executeWithRerun(JUnit4Provider.java:173)
	at org.apache.maven.surefire.junit4.JUnit4Provider.executeTestSet(JUnit4Provider.java:153)
	at org.apache.maven.surefire.junit4.JUnit4Provider.invoke(JUnit4Provider.java:128)
	at org.apache.maven.surefire.booter.ForkedBooter.invokeProviderInSameClassLoader(ForkedBooter.java:203)
	at org.apache.maven.surefire.booter.ForkedBooter.runSuitesInProcess(ForkedBooter.java:155)
	at org.apache.maven.surefire.booter.ForkedBooter.main(ForkedBooter.java:103)
Caused by: java.lang.RuntimeException: Fail to set '[nutz-test.properties]'[ [Ljava.lang.String;@7c90b7b7 ] by setter org.nutz.ioc.impl.PropertiesProxy.'setPaths()' because [java.lang.RuntimeException: folder or file like '^.+[.]properties$' no found in nutz-test.properties]: folder or file like '^.+[.]properties$' no found in nutz-test.properties
	at org.nutz.lang.Lang.wrapThrow(Lang.java:167)
	at org.nutz.lang.inject.InjectBySetter.inject(InjectBySetter.java:62)
	at org.nutz.ioc.weaver.FieldInjector.inject(FieldInjector.java:33)
	at org.nutz.ioc.weaver.DefaultWeaver.fill(DefaultWeaver.java:56)
	at org.nutz.ioc.impl.ObjectMakerImpl.make(ObjectMakerImpl.java:136)
	at org.nutz.ioc.impl.NutIoc.get(NutIoc.java:210)
	at org.nutz.ioc.impl.NutIoc.get(NutIoc.java:239)
	at org.nutz.ioc.java.IocObjectNode.getValue(IocObjectNode.java:19)
	at org.nutz.ioc.java.ChainNode.eval(ChainNode.java:24)
	at org.nutz.ioc.java.ChainNode.eval(ChainNode.java:19)
	at org.nutz.ioc.val.JavaValue.get(JavaValue.java:69)
	at org.nutz.ioc.weaver.FieldInjector.inject(FieldInjector.java:32)
	at org.nutz.ioc.weaver.DefaultWeaver.fill(DefaultWeaver.java:56)
	at org.nutz.ioc.impl.ObjectMakerImpl.make(ObjectMakerImpl.java:136)
	at org.nutz.ioc.impl.NutIoc.get(NutIoc.java:210)
	at org.nutz.ioc.val.ReferValue.get(ReferValue.java:24)
	at org.nutz.ioc.impl.ObjectMakerImpl.make(ObjectMakerImpl.java:62)
	at org.nutz.ioc.impl.NutIoc.get(NutIoc.java:210)
	at org.nutz.ioc.impl.NutIoc.get(NutIoc.java:239)
	at org.nutz.dao.test.DaoCase.setUp(DaoCase.java:22)
	at sun.reflect.GeneratedMethodAccessor23.invoke(Unknown Source)
	at sun.reflect.DelegatingMethodAccessorImpl.invoke(DelegatingMethodAccessorImpl.java:43)
	at java.lang.reflect.Method.invoke(Method.java:498)
	at org.junit.runners.model.FrameworkMethod$1.runReflectiveCall(FrameworkMethod.java:44)
	at org.junit.internal.runners.model.ReflectiveCallable.run(ReflectiveCallable.java:15)
	at org.junit.runners.model.FrameworkMethod.invokeExplosively(FrameworkMethod.java:41)
	at org.junit.internal.runners.statements.RunBefores.evaluate(RunBefores.java:27)
	at org.junit.internal.runners.statements.RunAfters.evaluate(RunAfters.java:31)
	at org.junit.runners.BlockJUnit4ClassRunner.runNotIgnored(BlockJUnit4ClassRunner.java:79)
	at org.junit.runners.BlockJUnit4ClassRunner.runChild(BlockJUnit4ClassRunner.java:71)
	at org.junit.runners.BlockJUnit4ClassRunner.runChild(BlockJUnit4ClassRunner.java:49)
	at org.junit.runners.ParentRunner$3.run(ParentRunner.java:193)
	at org.junit.runners.ParentRunner$1.schedule(ParentRunner.java:52)
	at org.junit.runners.ParentRunner.runChildren(ParentRunner.java:191)
	at org.junit.runners.ParentRunner.access$000(ParentRunner.java:42)
	at org.junit.runners.ParentRunner$2.evaluate(ParentRunner.java:184)
	at org.junit.runners.ParentRunner.run(ParentRunner.java:236)
	at org.apache.maven.surefire.junit4.JUnit4Provider.execute(JUnit4Provider.java:283)
	at org.apache.maven.surefire.junit4.JUnit4Provider.executeWithRerun(JUnit4Provider.java:173)
	at org.apache.maven.surefire.junit4.JUnit4Provider.executeTestSet(JUnit4Provider.java:153)
	at org.apache.maven.surefire.junit4.JUnit4Provider.invoke(JUnit4Provider.java:128)
	at org.apache.maven.surefire.booter.ForkedBooter.invokeProviderInSameClassLoader(ForkedBooter.java:203)
	at org.apache.maven.surefire.booter.ForkedBooter.runSuitesInProcess(ForkedBooter.java:155)
	at org.apache.maven.surefire.booter.ForkedBooter.main(ForkedBooter.java:103)
Caused by: java.lang.RuntimeException: folder or file like '^.+[.]properties$' no found in nutz-test.properties
	at org.nutz.lang.Lang.makeThrow(Lang.java:151)
	at org.nutz.resource.Scans.loadResource(Scans.java:112)
	at org.nutz.ioc.impl.PropertiesProxy.getResources(PropertiesProxy.java:153)
	at org.nutz.ioc.impl.PropertiesProxy.setPaths(PropertiesProxy.java:109)
	at org.nutz.ioc.impl.PropertiesProxy$FM$setPaths$d0275b2b871e237a38f11859247d1599.invoke(PropertiesProxy.java)
	at org.nutz.lang.inject.InjectBySetter.inject(InjectBySetter.java:51)
	at org.nutz.ioc.weaver.FieldInjector.inject(FieldInjector.java:33)
	at org.nutz.ioc.weaver.DefaultWeaver.fill(DefaultWeaver.java:56)
	at org.nutz.ioc.impl.ObjectMakerImpl.make(ObjectMakerImpl.java:136)
	at org.nutz.ioc.impl.NutIoc.get(NutIoc.java:210)
	at org.nutz.ioc.impl.NutIoc.get(NutIoc.java:239)
	at org.nutz.ioc.java.IocObjectNode.getValue(IocObjectNode.java:19)
	at org.nutz.ioc.java.ChainNode.eval(ChainNode.java:24)
	at org.nutz.ioc.java.ChainNode.eval(ChainNode.java:19)
	at org.nutz.ioc.val.JavaValue.get(JavaValue.java:69)
	at org.nutz.ioc.weaver.FieldInjector.inject(FieldInjector.java:32)
	at org.nutz.ioc.weaver.DefaultWeaver.fill(DefaultWeaver.java:56)
	at org.nutz.ioc.impl.ObjectMakerImpl.make(ObjectMakerImpl.java:136)
	at org.nutz.ioc.impl.NutIoc.get(NutIoc.java:210)
	at org.nutz.ioc.val.ReferValue.get(ReferValue.java:24)
	at org.nutz.ioc.impl.ObjectMakerImpl.make(ObjectMakerImpl.java:62)
	at org.nutz.ioc.impl.NutIoc.get(NutIoc.java:210)
	at org.nutz.ioc.impl.NutIoc.get(NutIoc.java:239)
	at org.nutz.dao.test.DaoCase.setUp(DaoCase.java:22)
	at sun.reflect.GeneratedMethodAccessor23.invoke(Unknown Source)
	at sun.reflect.DelegatingMethodAccessorImpl.invoke(DelegatingMethodAccessorImpl.java:43)
	at java.lang.reflect.Method.invoke(Method.java:498)
	at org.junit.runners.model.FrameworkMethod$1.runReflectiveCall(FrameworkMethod.java:44)
	at org.junit.internal.runners.model.ReflectiveCallable.run(ReflectiveCallable.java:15)
	at org.junit.runners.model.FrameworkMethod.invokeExplosively(FrameworkMethod.java:41)
	at org.junit.internal.runners.statements.RunBefores.evaluate(RunBefores.java:27)
	at org.junit.internal.runners.statements.RunAfters.evaluate(RunAfters.java:31)
	at org.junit.runners.BlockJUnit4ClassRunner.runNotIgnored(BlockJUnit4ClassRunner.java:79)
	at org.junit.runners.BlockJUnit4ClassRunner.runChild(BlockJUnit4ClassRunner.java:71)
	at org.junit.runners.BlockJUnit4ClassRunner.runChild(BlockJUnit4ClassRunner.java:49)
	at org.junit.runners.ParentRunner$3.run(ParentRunner.java:193)
	at org.junit.runners.ParentRunner$1.schedule(ParentRunner.java:52)
	at org.junit.runners.ParentRunner.runChildren(ParentRunner.java:191)
	at org.junit.runners.ParentRunner.access$000(ParentRunner.java:42)
	at org.junit.runners.ParentRunner$2.evaluate(ParentRunner.java:184)
	at org.junit.runners.ParentRunner.run(ParentRunner.java:236)
	at org.apache.maven.surefire.junit4.JUnit4Provider.execute(JUnit4Provider.java:283)
	at org.apache.maven.surefire.junit4.JUnit4Provider.executeWithRerun(JUnit4Provider.java:173)
	at org.apache.maven.surefire.junit4.JUnit4Provider.executeTestSet(JUnit4Provider.java:153)
	at org.apache.maven.surefire.junit4.JUnit4Provider.invoke(JUnit4Provider.java:128)
	at org.apache.maven.surefire.booter.ForkedBooter.invokeProviderInSameClassLoader(ForkedBooter.java:203)
	at org.apache.maven.surefire.booter.ForkedBooter.runSuitesInProcess(ForkedBooter.java:155)
	at org.apache.maven.surefire.booter.ForkedBooter.main(ForkedBooter.java:103)
</error>
  </testcase>
</testsuite>