<?xml version="1.0" encoding="UTF-8" ?>
<testsuite tests="60" failures="0" name="com.github.davidmoten.rx.jdbc.UtilTest" time="0.059" errors="0" skipped="0">
  <properties>
    <property name="java.runtime.name" value="OpenJDK Runtime Environment"/>
    <property name="sun.boot.library.path" value="/usr/lib/jvm/java-8-openjdk-amd64/jre/lib/amd64"/>
    <property name="java.vm.version" value="25.292-b10"/>
    <property name="java.vm.vendor" value="Private Build"/>
    <property name="maven.multiModuleProjectDirectory" value="/home/suvarna/Vinay/Sept-2021/bach_repo/rxjava-jdbc"/>
    <property name="java.vendor.url" value="http://java.oracle.com/"/>
    <property name="path.separator" value=":"/>
    <property name="guice.disable.misplaced.annotation.check" value="true"/>
    <property name="java.vm.name" value="OpenJDK 64-Bit Server VM"/>
    <property name="file.encoding.pkg" value="sun.io"/>
    <property name="user.country" value="IN"/>
    <property name="sun.java.launcher" value="SUN_STANDARD"/>
    <property name="sun.os.patch.level" value="unknown"/>
    <property name="java.vm.specification.name" value="Java Virtual Machine Specification"/>
    <property name="user.dir" value="/home/suvarna/Vinay/Sept-2021/bach_repo/rxjava-jdbc"/>
    <property name="java.runtime.version" value="1.8.0_292-8u292-b10-0ubuntu1~16.04.1-b10"/>
    <property name="java.awt.graphicsenv" value="sun.awt.X11GraphicsEnvironment"/>
    <property name="java.endorsed.dirs" value="/usr/lib/jvm/java-8-openjdk-amd64/jre/lib/endorsed"/>
    <property name="os.arch" value="amd64"/>
    <property name="java.io.tmpdir" value="/tmp"/>
    <property name="line.separator" value="
"/>
    <property name="java.vm.specification.vendor" value="Oracle Corporation"/>
    <property name="os.name" value="Linux"/>
    <property name="classworlds.conf" value="/home/suvarna/maven/apache-maven-3.6.3/bin/m2.conf"/>
    <property name="sun.jnu.encoding" value="UTF-8"/>
    <property name="java.library.path" value="/usr/java/packages/lib/amd64:/usr/lib/x86_64-linux-gnu/jni:/lib/x86_64-linux-gnu:/usr/lib/x86_64-linux-gnu:/usr/lib/jni:/lib:/usr/lib"/>
    <property name="maven.conf" value="/home/suvarna/maven/apache-maven-3.6.3/conf"/>
    <property name="java.specification.name" value="Java Platform API Specification"/>
    <property name="java.class.version" value="52.0"/>
    <property name="sun.management.compiler" value="HotSpot 64-Bit Tiered Compilers"/>
    <property name="os.version" value="4.15.0-142-generic"/>
    <property name="library.jansi.path" value="/home/suvarna/maven/apache-maven-3.6.3/lib/jansi-native"/>
    <property name="user.home" value="/home/suvarna"/>
    <property name="user.timezone" value="Asia/Kolkata"/>
    <property name="java.awt.printerjob" value="sun.print.PSPrinterJob"/>
    <property name="java.specification.version" value="1.8"/>
    <property name="file.encoding" value="UTF-8"/>
    <property name="user.name" value="suvarna"/>
    <property name="java.class.path" value="/home/suvarna/maven/apache-maven-3.6.3/boot/plexus-classworlds-2.6.0.jar"/>
    <property name="java.vm.specification.version" value="1.8"/>
    <property name="sun.arch.data.model" value="64"/>
    <property name="java.home" value="/usr/lib/jvm/java-8-openjdk-amd64/jre"/>
    <property name="sun.java.command" value="org.codehaus.plexus.classworlds.launcher.Launcher test"/>
    <property name="java.specification.vendor" value="Oracle Corporation"/>
    <property name="user.language" value="en"/>
    <property name="awt.toolkit" value="sun.awt.X11.XToolkit"/>
    <property name="java.vm.info" value="mixed mode"/>
    <property name="java.version" value="1.8.0_292"/>
    <property name="java.ext.dirs" value="/usr/lib/jvm/java-8-openjdk-amd64/jre/lib/ext:/usr/java/packages/lib/ext"/>
    <property name="securerandom.source" value="file:/dev/./urandom"/>
    <property name="sun.boot.class.path" value="/usr/lib/jvm/java-8-openjdk-amd64/jre/lib/resources.jar:/usr/lib/jvm/java-8-openjdk-amd64/jre/lib/rt.jar:/usr/lib/jvm/java-8-openjdk-amd64/jre/lib/sunrsasign.jar:/usr/lib/jvm/java-8-openjdk-amd64/jre/lib/jsse.jar:/usr/lib/jvm/java-8-openjdk-amd64/jre/lib/jce.jar:/usr/lib/jvm/java-8-openjdk-amd64/jre/lib/charsets.jar:/usr/lib/jvm/java-8-openjdk-amd64/jre/lib/jfr.jar:/usr/lib/jvm/java-8-openjdk-amd64/jre/classes"/>
    <property name="java.vendor" value="Private Build"/>
    <property name="maven.home" value="/home/suvarna/maven/apache-maven-3.6.3"/>
    <property name="file.separator" value="/"/>
    <property name="java.vendor.url.bug" value="http://bugreport.sun.com/bugreport/"/>
    <property name="sun.cpu.endian" value="little"/>
    <property name="sun.io.unicode.encoding" value="UnicodeLittle"/>
    <property name="sun.desktop" value="gnome"/>
    <property name="sun.cpu.isalist" value=""/>
  </properties>
  <testcase classname="com.github.davidmoten.rx.jdbc.UtilTest" name="testAutoMapBigDecimalToInteger" time="0"/>
  <testcase classname="com.github.davidmoten.rx.jdbc.UtilTest" name="testAutoMapOfSqlTimeToBigInteger" time="0"/>
  <testcase classname="com.github.davidmoten.rx.jdbc.UtilTest" name="testAutoMapOfLongToFloat" time="0"/>
  <testcase classname="com.github.davidmoten.rx.jdbc.UtilTest" name="testAutoMapOfSqlTimeToUtilDate" time="0"/>
  <testcase classname="com.github.davidmoten.rx.jdbc.UtilTest" name="testCamelCaseToUnderscore" time="0"/>
  <testcase classname="com.github.davidmoten.rx.jdbc.UtilTest" name="testAutoMapOfSqlTimestampToBigInteger" time="0"/>
  <testcase classname="com.github.davidmoten.rx.jdbc.UtilTest" name="testAutoMapBigIntegerToDouble" time="0"/>
  <testcase classname="com.github.davidmoten.rx.jdbc.UtilTest" name="testAutoMapOfDoubleToBigDecimal" time="0"/>
  <testcase classname="com.github.davidmoten.rx.jdbc.UtilTest" name="testAutoMapOfSqlTimestampToSimple" time="0"/>
  <testcase classname="com.github.davidmoten.rx.jdbc.UtilTest" name="testMapObjectNullClob" time="0.049"/>
  <testcase classname="com.github.davidmoten.rx.jdbc.UtilTest" name="testAutoMapBlobToSimple" time="0.001"/>
  <testcase classname="com.github.davidmoten.rx.jdbc.UtilTest" name="testCountOfQuestionMarks" time="0"/>
  <testcase classname="com.github.davidmoten.rx.jdbc.UtilTest" name="testAutoMapOfNumberToDouble" time="0"/>
  <testcase classname="com.github.davidmoten.rx.jdbc.UtilTest" name="testAutoMapClobToSimple" time="0.001"/>
  <testcase classname="com.github.davidmoten.rx.jdbc.UtilTest" name="testAutoMapOfDoubleToBigInteger" time="0"/>
  <testcase classname="com.github.davidmoten.rx.jdbc.UtilTest" name="testCamelCaseToUnderscore2" time="0"/>
  <testcase classname="com.github.davidmoten.rx.jdbc.UtilTest" name="testCamelCaseToUnderscore3" time="0"/>
  <testcase classname="com.github.davidmoten.rx.jdbc.UtilTest" name="testCamelCaseToUnderscore4" time="0"/>
  <testcase classname="com.github.davidmoten.rx.jdbc.UtilTest" name="testCamelCaseToUnderscore5" time="0"/>
  <testcase classname="com.github.davidmoten.rx.jdbc.UtilTest" name="testCamelCaseToUnderscore6" time="0"/>
  <testcase classname="com.github.davidmoten.rx.jdbc.UtilTest" name="testAutoMapBigDecimalToLong" time="0"/>
  <testcase classname="com.github.davidmoten.rx.jdbc.UtilTest" name="testCountOfNoQuestionMarks" time="0"/>
  <testcase classname="com.github.davidmoten.rx.jdbc.UtilTest" name="testAutoMapBlobToByteArray" time="0.001"/>
  <testcase classname="com.github.davidmoten.rx.jdbc.UtilTest" name="testAutoMapOfSqlDateToBigInteger" time="0"/>
  <testcase classname="com.github.davidmoten.rx.jdbc.UtilTest" name="testAutoMapOfSqlDateToSimple" time="0"/>
  <testcase classname="com.github.davidmoten.rx.jdbc.UtilTest" name="testCommitNullDoesNothing" time="0"/>
  <testcase classname="com.github.davidmoten.rx.jdbc.UtilTest" name="testAutoMapOfNumberToShort" time="0"/>
  <testcase classname="com.github.davidmoten.rx.jdbc.UtilTest" name="testAutoMapOfIntegerToBigDecimal" time="0"/>
  <testcase classname="com.github.davidmoten.rx.jdbc.UtilTest" name="testCountOfQuestionMarksIgnoresTextInQuotes" time="0"/>
  <testcase classname="com.github.davidmoten.rx.jdbc.UtilTest" name="testCountOfNoQuestionMarksReturnsZeroWhenEmptyString" time="0"/>
  <testcase classname="com.github.davidmoten.rx.jdbc.UtilTest" name="testAutoMapOfIntegerToBigInteger" time="0"/>
  <testcase classname="com.github.davidmoten.rx.jdbc.UtilTest" name="obtainCoverageOfPrivateConstructor" time="0"/>
  <testcase classname="com.github.davidmoten.rx.jdbc.UtilTest" name="testRollbackNullDoesNothing" time="0"/>
  <testcase classname="com.github.davidmoten.rx.jdbc.UtilTest" name="testAutoMapOfSqlDateToLong" time="0"/>
  <testcase classname="com.github.davidmoten.rx.jdbc.UtilTest" name="testRollback" time="0"/>
  <testcase classname="com.github.davidmoten.rx.jdbc.UtilTest" name="testAutoMapBigDecimalToFloat" time="0"/>
  <testcase classname="com.github.davidmoten.rx.jdbc.UtilTest" name="testAutoMapBigDecimalToShort" time="0"/>
  <testcase classname="com.github.davidmoten.rx.jdbc.UtilTest" name="testAutoMapBigIntegerToFloat" time="0"/>
  <testcase classname="com.github.davidmoten.rx.jdbc.UtilTest" name="testAutoMapBigIntegerToShort" time="0"/>
  <testcase classname="com.github.davidmoten.rx.jdbc.UtilTest" name="testAutoMapOfSqlTimestampToLong" time="0"/>
  <testcase classname="com.github.davidmoten.rx.jdbc.UtilTest" name="testMapObjectExistingClob" time="0.005"/>
  <testcase classname="com.github.davidmoten.rx.jdbc.UtilTest" name="testAutoMapOfSqlTimeToLong" time="0"/>
  <testcase classname="com.github.davidmoten.rx.jdbc.UtilTest" name="testAutoMapOfNumberToLong" time="0"/>
  <testcase classname="com.github.davidmoten.rx.jdbc.UtilTest" name="testAutoMapClobToByteArray" time="0"/>
  <testcase classname="com.github.davidmoten.rx.jdbc.UtilTest" name="testAutoMapBigIntegerToLong" time="0"/>
  <testcase classname="com.github.davidmoten.rx.jdbc.UtilTest" name="testAutoMapOfBigDecimalToSimple" time="0"/>
  <testcase classname="com.github.davidmoten.rx.jdbc.UtilTest" name="testAutoMapBigIntegerToInteger" time="0"/>
  <testcase classname="com.github.davidmoten.rx.jdbc.UtilTest" name="testAutoMapOfSqlDateToUtilDate" time="0"/>
  <testcase classname="com.github.davidmoten.rx.jdbc.UtilTest" name="testAutoMapOfUtilDateToSqlDate" time="0"/>
  <testcase classname="com.github.davidmoten.rx.jdbc.UtilTest" name="testAutoMapOfNumberToBigInteger" time="0"/>
  <testcase classname="com.github.davidmoten.rx.jdbc.UtilTest" name="testCountOfNoQuestionMarksSkipsNestedUnclosedQuotes" time="0"/>
  <testcase classname="com.github.davidmoten.rx.jdbc.UtilTest" name="testAutoMapOfShortToBigInteger" time="0.001"/>
  <testcase classname="com.github.davidmoten.rx.jdbc.UtilTest" name="testAutoMapOfSqlTimestampToUtilDate" time="0"/>
  <testcase classname="com.github.davidmoten.rx.jdbc.UtilTest" name="testClose1" time="0"/>
  <testcase classname="com.github.davidmoten.rx.jdbc.UtilTest" name="testClose2" time="0"/>
  <testcase classname="com.github.davidmoten.rx.jdbc.UtilTest" name="testCommit" time="0"/>
  <testcase classname="com.github.davidmoten.rx.jdbc.UtilTest" name="testAutoMapOfSqlTimeToSimple" time="0"/>
  <testcase classname="com.github.davidmoten.rx.jdbc.UtilTest" name="testAutoMapOfNumberToInteger" time="0"/>
  <testcase classname="com.github.davidmoten.rx.jdbc.UtilTest" name="testAutoMapOfBigIntegerToSimple" time="0"/>
  <testcase classname="com.github.davidmoten.rx.jdbc.UtilTest" name="testAutoMapBigDecimalToDouble" time="0.001"/>
</testsuite>