<?xml version="1.0" encoding="UTF-8"?>
<testsuite name="org.semanticweb.owlapi.api.test.annotations.AnnotatedPunningTestCase" time="5.028" tests="64" errors="0" skipped="0" failures="0">
  <properties>
    <property name="java.runtime.name" value="OpenJDK Runtime Environment"/>
    <property name="sun.boot.library.path" value="/usr/lib/jvm/java-8-openjdk-amd64/jre/lib/amd64"/>
    <property name="java.vm.version" value="25.292-b10"/>
    <property name="java.vm.vendor" value="Private Build"/>
    <property name="maven.multiModuleProjectDirectory" value="/home/suvarna/Vinay/Sept-2021/owlapi-a77ee9c4fded63ebc7af16e357b8cb32b638f8cd"/>
    <property name="java.vendor.url" value="http://java.oracle.com/"/>
    <property name="path.separator" value=":"/>
    <property name="guice.disable.misplaced.annotation.check" value="true"/>
    <property name="java.vm.name" value="OpenJDK 64-Bit Server VM"/>
    <property name="file.encoding.pkg" value="sun.io"/>
    <property name="user.country" value="IN"/>
    <property name="sun.java.launcher" value="SUN_STANDARD"/>
    <property name="sun.os.patch.level" value="unknown"/>
    <property name="java.vm.specification.name" value="Java Virtual Machine Specification"/>
    <property name="user.dir" value="/home/suvarna/Vinay/Sept-2021/owlapi-a77ee9c4fded63ebc7af16e357b8cb32b638f8cd"/>
    <property name="java.runtime.version" value="1.8.0_292-8u292-b10-0ubuntu1~16.04.1-b10"/>
    <property name="java.awt.graphicsenv" value="sun.awt.X11GraphicsEnvironment"/>
    <property name="java.endorsed.dirs" value="/usr/lib/jvm/java-8-openjdk-amd64/jre/lib/endorsed"/>
    <property name="os.arch" value="amd64"/>
    <property name="java.io.tmpdir" value="/tmp"/>
    <property name="line.separator" value="&#10;"/>
    <property name="java.vm.specification.vendor" value="Oracle Corporation"/>
    <property name="os.name" value="Linux"/>
    <property name="classworlds.conf" value="/home/suvarna/maven/apache-maven-3.6.3/bin/m2.conf"/>
    <property name="sun.jnu.encoding" value="UTF-8"/>
    <property name="java.library.path" value="/usr/java/packages/lib/amd64:/usr/lib/x86_64-linux-gnu/jni:/lib/x86_64-linux-gnu:/usr/lib/x86_64-linux-gnu:/usr/lib/jni:/lib:/usr/lib"/>
    <property name="maven.conf" value="/home/suvarna/maven/apache-maven-3.6.3/conf"/>
    <property name="java.specification.name" value="Java Platform API Specification"/>
    <property name="java.class.version" value="52.0"/>
    <property name="sun.management.compiler" value="HotSpot 64-Bit Tiered Compilers"/>
    <property name="os.version" value="4.15.0-142-generic"/>
    <property name="library.jansi.path" value="/home/suvarna/maven/apache-maven-3.6.3/lib/jansi-native"/>
    <property name="user.home" value="/home/suvarna"/>
    <property name="user.timezone" value="Asia/Kolkata"/>
    <property name="java.awt.printerjob" value="sun.print.PSPrinterJob"/>
    <property name="java.specification.version" value="1.8"/>
    <property name="file.encoding" value="UTF-8"/>
    <property name="user.name" value="suvarna"/>
    <property name="java.class.path" value="/home/suvarna/maven/apache-maven-3.6.3/boot/plexus-classworlds-2.6.0.jar"/>
    <property name="java.vm.specification.version" value="1.8"/>
    <property name="sun.arch.data.model" value="64"/>
    <property name="java.home" value="/usr/lib/jvm/java-8-openjdk-amd64/jre"/>
    <property name="sun.java.command" value="org.codehaus.plexus.classworlds.launcher.Launcher test"/>
    <property name="java.specification.vendor" value="Oracle Corporation"/>
    <property name="user.language" value="en"/>
    <property name="awt.toolkit" value="sun.awt.X11.XToolkit"/>
    <property name="java.vm.info" value="mixed mode"/>
    <property name="java.version" value="1.8.0_292"/>
    <property name="java.ext.dirs" value="/usr/lib/jvm/java-8-openjdk-amd64/jre/lib/ext:/usr/java/packages/lib/ext"/>
    <property name="securerandom.source" value="file:/dev/./urandom"/>
    <property name="sun.boot.class.path" value="/usr/lib/jvm/java-8-openjdk-amd64/jre/lib/resources.jar:/usr/lib/jvm/java-8-openjdk-amd64/jre/lib/rt.jar:/usr/lib/jvm/java-8-openjdk-amd64/jre/lib/sunrsasign.jar:/usr/lib/jvm/java-8-openjdk-amd64/jre/lib/jsse.jar:/usr/lib/jvm/java-8-openjdk-amd64/jre/lib/jce.jar:/usr/lib/jvm/java-8-openjdk-amd64/jre/lib/charsets.jar:/usr/lib/jvm/java-8-openjdk-amd64/jre/lib/jfr.jar:/usr/lib/jvm/java-8-openjdk-amd64/jre/classes"/>
    <property name="java.vendor" value="Private Build"/>
    <property name="maven.home" value="/home/suvarna/maven/apache-maven-3.6.3"/>
    <property name="file.separator" value="/"/>
    <property name="java.vendor.url.bug" value="http://bugreport.sun.com/bugreport/"/>
    <property name="sun.cpu.endian" value="little"/>
    <property name="sun.io.unicode.encoding" value="UnicodeLittle"/>
    <property name="sun.desktop" value="gnome"/>
    <property name="sun.cpu.isalist" value=""/>
  </properties>
  <testcase name="multiPun for org.semanticweb.owlapi.formats.TurtleDocumentFormat" classname="org.semanticweb.owlapi.api.test.annotations.AnnotatedPunningTestCase" time="0.191"/>
  <testcase name="AnnotationPropertyVsObjectPropertyForTurtleDocumentFormat" classname="org.semanticweb.owlapi.api.test.annotations.AnnotatedPunningTestCase" time="0.177"/>
  <testcase name="ClassVsObjectPropertyForTurtleDocumentFormat" classname="org.semanticweb.owlapi.api.test.annotations.AnnotatedPunningTestCase" time="0.148"/>
  <testcase name="AnnotationPropertyVsDataPropertyForManchesterSyntaxDocumentFormat" classname="org.semanticweb.owlapi.api.test.annotations.AnnotatedPunningTestCase" time="0.147"/>
  <testcase name="ClassVsObjectPropertyForManchesterSyntaxDocumentFormat" classname="org.semanticweb.owlapi.api.test.annotations.AnnotatedPunningTestCase" time="0.112"/>
  <testcase name="ObjectPropertyVsNamedIndividualForTurtleDocumentFormat" classname="org.semanticweb.owlapi.api.test.annotations.AnnotatedPunningTestCase" time="0.091"/>
  <testcase name="DataPropertyVsObjectPropertyForTurtleDocumentFormat" classname="org.semanticweb.owlapi.api.test.annotations.AnnotatedPunningTestCase" time="0.128"/>
  <testcase name="AnnotationPropertyVsNamedIndividualForFunctionalSyntaxDocumentFormat" classname="org.semanticweb.owlapi.api.test.annotations.AnnotatedPunningTestCase" time="0.079"/>
  <testcase name="DataPropertyVsNamedIndividualForFunctionalSyntaxDocumentFormat" classname="org.semanticweb.owlapi.api.test.annotations.AnnotatedPunningTestCase" time="0.092"/>
  <testcase name="ClassVsDataPropertyForFunctionalSyntaxDocumentFormat" classname="org.semanticweb.owlapi.api.test.annotations.AnnotatedPunningTestCase" time="0.077"/>
  <testcase name="ClassVsDatatypeForManchesterSyntaxDocumentFormat" classname="org.semanticweb.owlapi.api.test.annotations.AnnotatedPunningTestCase" time="0.13"/>
  <testcase name="ClassVsNamedIndividualForFunctionalSyntaxDocumentFormat" classname="org.semanticweb.owlapi.api.test.annotations.AnnotatedPunningTestCase" time="0.093"/>
  <testcase name="multiPun for org.semanticweb.owlapi.formats.ManchesterSyntaxDocumentFormat" classname="org.semanticweb.owlapi.api.test.annotations.AnnotatedPunningTestCase" time="0.092"/>
  <testcase name="ClassVsNamedIndividualForRDFXMLDocumentFormat" classname="org.semanticweb.owlapi.api.test.annotations.AnnotatedPunningTestCase" time="0.088"/>
  <testcase name="ClassVsDatatypeForRDFXMLDocumentFormat" classname="org.semanticweb.owlapi.api.test.annotations.AnnotatedPunningTestCase" time="0.112"/>
  <testcase name="AnnotationPropertyVsDataPropertyForTurtleDocumentFormat" classname="org.semanticweb.owlapi.api.test.annotations.AnnotatedPunningTestCase" time="0.093"/>
  <testcase name="DatatypeVsAnnotationPropertyForTurtleDocumentFormat" classname="org.semanticweb.owlapi.api.test.annotations.AnnotatedPunningTestCase" time="0.061"/>
  <testcase name="DatatypeVsObjectPropertyForRDFXMLDocumentFormat" classname="org.semanticweb.owlapi.api.test.annotations.AnnotatedPunningTestCase" time="0.079"/>
  <testcase name="ClassVsAnnotationPropertyForTurtleDocumentFormat" classname="org.semanticweb.owlapi.api.test.annotations.AnnotatedPunningTestCase" time="0.066"/>
  <testcase name="DatatypeVsDataPropertyForManchesterSyntaxDocumentFormat" classname="org.semanticweb.owlapi.api.test.annotations.AnnotatedPunningTestCase" time="0.069"/>
  <testcase name="ClassVsDataPropertyForTurtleDocumentFormat" classname="org.semanticweb.owlapi.api.test.annotations.AnnotatedPunningTestCase" time="0.065"/>
  <testcase name="ClassVsNamedIndividualForTurtleDocumentFormat" classname="org.semanticweb.owlapi.api.test.annotations.AnnotatedPunningTestCase" time="0.06"/>
  <testcase name="ClassVsAnnotationPropertyForManchesterSyntaxDocumentFormat" classname="org.semanticweb.owlapi.api.test.annotations.AnnotatedPunningTestCase" time="0.058"/>
  <testcase name="ClassVsDatatypeForTurtleDocumentFormat" classname="org.semanticweb.owlapi.api.test.annotations.AnnotatedPunningTestCase" time="0.085"/>
  <testcase name="DataPropertyVsNamedIndividualForTurtleDocumentFormat" classname="org.semanticweb.owlapi.api.test.annotations.AnnotatedPunningTestCase" time="0.058"/>
  <testcase name="DatatypeVsAnnotationPropertyForRDFXMLDocumentFormat" classname="org.semanticweb.owlapi.api.test.annotations.AnnotatedPunningTestCase" time="0.062"/>
  <testcase name="DataPropertyVsObjectPropertyForFunctionalSyntaxDocumentFormat" classname="org.semanticweb.owlapi.api.test.annotations.AnnotatedPunningTestCase" time="0.077"/>
  <testcase name="AnnotationPropertyVsObjectPropertyForFunctionalSyntaxDocumentFormat" classname="org.semanticweb.owlapi.api.test.annotations.AnnotatedPunningTestCase" time="0.061"/>
  <testcase name="DatatypeVsNamedIndividualForManchesterSyntaxDocumentFormat" classname="org.semanticweb.owlapi.api.test.annotations.AnnotatedPunningTestCase" time="0.111"/>
  <testcase name="ClassVsDataPropertyForRDFXMLDocumentFormat" classname="org.semanticweb.owlapi.api.test.annotations.AnnotatedPunningTestCase" time="0.193"/>
  <testcase name="DatatypeVsObjectPropertyForTurtleDocumentFormat" classname="org.semanticweb.owlapi.api.test.annotations.AnnotatedPunningTestCase" time="0.076"/>
  <testcase name="DatatypeVsObjectPropertyForFunctionalSyntaxDocumentFormat" classname="org.semanticweb.owlapi.api.test.annotations.AnnotatedPunningTestCase" time="0.04"/>
  <testcase name="DatatypeVsDataPropertyForRDFXMLDocumentFormat" classname="org.semanticweb.owlapi.api.test.annotations.AnnotatedPunningTestCase" time="0.055"/>
  <testcase name="ObjectPropertyVsNamedIndividualForRDFXMLDocumentFormat" classname="org.semanticweb.owlapi.api.test.annotations.AnnotatedPunningTestCase" time="0.065"/>
  <testcase name="DataPropertyVsObjectPropertyForRDFXMLDocumentFormat" classname="org.semanticweb.owlapi.api.test.annotations.AnnotatedPunningTestCase" time="0.062"/>
  <testcase name="ClassVsDataPropertyForManchesterSyntaxDocumentFormat" classname="org.semanticweb.owlapi.api.test.annotations.AnnotatedPunningTestCase" time="0.068"/>
  <testcase name="ClassVsAnnotationPropertyForFunctionalSyntaxDocumentFormat" classname="org.semanticweb.owlapi.api.test.annotations.AnnotatedPunningTestCase" time="0.047"/>
  <testcase name="DatatypeVsNamedIndividualForRDFXMLDocumentFormat" classname="org.semanticweb.owlapi.api.test.annotations.AnnotatedPunningTestCase" time="0.051"/>
  <testcase name="ObjectPropertyVsNamedIndividualForFunctionalSyntaxDocumentFormat" classname="org.semanticweb.owlapi.api.test.annotations.AnnotatedPunningTestCase" time="0.071"/>
  <testcase name="ClassVsObjectPropertyForFunctionalSyntaxDocumentFormat" classname="org.semanticweb.owlapi.api.test.annotations.AnnotatedPunningTestCase" time="0.042"/>
  <testcase name="ClassVsObjectPropertyForRDFXMLDocumentFormat" classname="org.semanticweb.owlapi.api.test.annotations.AnnotatedPunningTestCase" time="0.065"/>
  <testcase name="multiPun for org.semanticweb.owlapi.formats.RDFXMLDocumentFormat" classname="org.semanticweb.owlapi.api.test.annotations.AnnotatedPunningTestCase" time="0.063"/>
  <testcase name="DataPropertyVsNamedIndividualForRDFXMLDocumentFormat" classname="org.semanticweb.owlapi.api.test.annotations.AnnotatedPunningTestCase" time="0.041"/>
  <testcase name="ObjectPropertyVsNamedIndividualForManchesterSyntaxDocumentFormat" classname="org.semanticweb.owlapi.api.test.annotations.AnnotatedPunningTestCase" time="0.048"/>
  <testcase name="DataPropertyVsNamedIndividualForManchesterSyntaxDocumentFormat" classname="org.semanticweb.owlapi.api.test.annotations.AnnotatedPunningTestCase" time="0.048"/>
  <testcase name="AnnotationPropertyVsNamedIndividualForManchesterSyntaxDocumentFormat" classname="org.semanticweb.owlapi.api.test.annotations.AnnotatedPunningTestCase" time="0.085"/>
  <testcase name="AnnotationPropertyVsNamedIndividualForRDFXMLDocumentFormat" classname="org.semanticweb.owlapi.api.test.annotations.AnnotatedPunningTestCase" time="0.066"/>
  <testcase name="multiPun for org.semanticweb.owlapi.formats.FunctionalSyntaxDocumentFormat" classname="org.semanticweb.owlapi.api.test.annotations.AnnotatedPunningTestCase" time="0.124"/>
  <testcase name="DatatypeVsAnnotationPropertyForFunctionalSyntaxDocumentFormat" classname="org.semanticweb.owlapi.api.test.annotations.AnnotatedPunningTestCase" time="0.041"/>
  <testcase name="AnnotationPropertyVsDataPropertyForRDFXMLDocumentFormat" classname="org.semanticweb.owlapi.api.test.annotations.AnnotatedPunningTestCase" time="0.041"/>
  <testcase name="DatatypeVsAnnotationPropertyForManchesterSyntaxDocumentFormat" classname="org.semanticweb.owlapi.api.test.annotations.AnnotatedPunningTestCase" time="0.059"/>
  <testcase name="DatatypeVsObjectPropertyForManchesterSyntaxDocumentFormat" classname="org.semanticweb.owlapi.api.test.annotations.AnnotatedPunningTestCase" time="0.061"/>
  <testcase name="DatatypeVsDataPropertyForFunctionalSyntaxDocumentFormat" classname="org.semanticweb.owlapi.api.test.annotations.AnnotatedPunningTestCase" time="0.048"/>
  <testcase name="AnnotationPropertyVsObjectPropertyForRDFXMLDocumentFormat" classname="org.semanticweb.owlapi.api.test.annotations.AnnotatedPunningTestCase" time="0.049"/>
  <testcase name="DatatypeVsDataPropertyForTurtleDocumentFormat" classname="org.semanticweb.owlapi.api.test.annotations.AnnotatedPunningTestCase" time="0.071"/>
  <testcase name="DataPropertyVsObjectPropertyForManchesterSyntaxDocumentFormat" classname="org.semanticweb.owlapi.api.test.annotations.AnnotatedPunningTestCase" time="0.053"/>
  <testcase name="AnnotationPropertyVsNamedIndividualForTurtleDocumentFormat" classname="org.semanticweb.owlapi.api.test.annotations.AnnotatedPunningTestCase" time="0.102"/>
  <testcase name="AnnotationPropertyVsObjectPropertyForManchesterSyntaxDocumentFormat" classname="org.semanticweb.owlapi.api.test.annotations.AnnotatedPunningTestCase" time="0.05"/>
  <testcase name="ClassVsDatatypeForFunctionalSyntaxDocumentFormat" classname="org.semanticweb.owlapi.api.test.annotations.AnnotatedPunningTestCase" time="0.073"/>
  <testcase name="AnnotationPropertyVsDataPropertyForFunctionalSyntaxDocumentFormat" classname="org.semanticweb.owlapi.api.test.annotations.AnnotatedPunningTestCase" time="0.045"/>
  <testcase name="ClassVsNamedIndividualForManchesterSyntaxDocumentFormat" classname="org.semanticweb.owlapi.api.test.annotations.AnnotatedPunningTestCase" time="0.057"/>
  <testcase name="DatatypeVsNamedIndividualForFunctionalSyntaxDocumentFormat" classname="org.semanticweb.owlapi.api.test.annotations.AnnotatedPunningTestCase" time="0.068"/>
  <testcase name="DatatypeVsNamedIndividualForTurtleDocumentFormat" classname="org.semanticweb.owlapi.api.test.annotations.AnnotatedPunningTestCase" time="0.083"/>
  <testcase name="ClassVsAnnotationPropertyForRDFXMLDocumentFormat" classname="org.semanticweb.owlapi.api.test.annotations.AnnotatedPunningTestCase" time="0.055"/>
</testsuite>