<?xml version="1.0" encoding="UTF-8"?>
<testsuite name="org.semanticweb.owlapi.api.test.OWLObjectTypeIndexProviderTestCase" time="0.412" tests="117" errors="0" skipped="0" failures="0">
  <properties>
    <property name="java.runtime.name" value="OpenJDK Runtime Environment"/>
    <property name="sun.boot.library.path" value="/usr/lib/jvm/java-8-openjdk-amd64/jre/lib/amd64"/>
    <property name="java.vm.version" value="25.292-b10"/>
    <property name="java.vm.vendor" value="Private Build"/>
    <property name="maven.multiModuleProjectDirectory" value="/home/suvarna/Vinay/Sept-2021/owlapi-a77ee9c4fded63ebc7af16e357b8cb32b638f8cd"/>
    <property name="java.vendor.url" value="http://java.oracle.com/"/>
    <property name="path.separator" value=":"/>
    <property name="guice.disable.misplaced.annotation.check" value="true"/>
    <property name="java.vm.name" value="OpenJDK 64-Bit Server VM"/>
    <property name="file.encoding.pkg" value="sun.io"/>
    <property name="user.country" value="IN"/>
    <property name="sun.java.launcher" value="SUN_STANDARD"/>
    <property name="sun.os.patch.level" value="unknown"/>
    <property name="java.vm.specification.name" value="Java Virtual Machine Specification"/>
    <property name="user.dir" value="/home/suvarna/Vinay/Sept-2021/owlapi-a77ee9c4fded63ebc7af16e357b8cb32b638f8cd"/>
    <property name="java.runtime.version" value="1.8.0_292-8u292-b10-0ubuntu1~16.04.1-b10"/>
    <property name="java.awt.graphicsenv" value="sun.awt.X11GraphicsEnvironment"/>
    <property name="java.endorsed.dirs" value="/usr/lib/jvm/java-8-openjdk-amd64/jre/lib/endorsed"/>
    <property name="os.arch" value="amd64"/>
    <property name="java.io.tmpdir" value="/tmp"/>
    <property name="line.separator" value="&#10;"/>
    <property name="java.vm.specification.vendor" value="Oracle Corporation"/>
    <property name="os.name" value="Linux"/>
    <property name="classworlds.conf" value="/home/suvarna/maven/apache-maven-3.6.3/bin/m2.conf"/>
    <property name="sun.jnu.encoding" value="UTF-8"/>
    <property name="java.library.path" value="/usr/java/packages/lib/amd64:/usr/lib/x86_64-linux-gnu/jni:/lib/x86_64-linux-gnu:/usr/lib/x86_64-linux-gnu:/usr/lib/jni:/lib:/usr/lib"/>
    <property name="maven.conf" value="/home/suvarna/maven/apache-maven-3.6.3/conf"/>
    <property name="java.specification.name" value="Java Platform API Specification"/>
    <property name="java.class.version" value="52.0"/>
    <property name="sun.management.compiler" value="HotSpot 64-Bit Tiered Compilers"/>
    <property name="os.version" value="4.15.0-142-generic"/>
    <property name="library.jansi.path" value="/home/suvarna/maven/apache-maven-3.6.3/lib/jansi-native"/>
    <property name="user.home" value="/home/suvarna"/>
    <property name="user.timezone" value="Asia/Kolkata"/>
    <property name="java.awt.printerjob" value="sun.print.PSPrinterJob"/>
    <property name="java.specification.version" value="1.8"/>
    <property name="file.encoding" value="UTF-8"/>
    <property name="user.name" value="suvarna"/>
    <property name="java.class.path" value="/home/suvarna/maven/apache-maven-3.6.3/boot/plexus-classworlds-2.6.0.jar"/>
    <property name="java.vm.specification.version" value="1.8"/>
    <property name="sun.arch.data.model" value="64"/>
    <property name="java.home" value="/usr/lib/jvm/java-8-openjdk-amd64/jre"/>
    <property name="sun.java.command" value="org.codehaus.plexus.classworlds.launcher.Launcher test"/>
    <property name="java.specification.vendor" value="Oracle Corporation"/>
    <property name="user.language" value="en"/>
    <property name="awt.toolkit" value="sun.awt.X11.XToolkit"/>
    <property name="java.vm.info" value="mixed mode"/>
    <property name="java.version" value="1.8.0_292"/>
    <property name="java.ext.dirs" value="/usr/lib/jvm/java-8-openjdk-amd64/jre/lib/ext:/usr/java/packages/lib/ext"/>
    <property name="securerandom.source" value="file:/dev/./urandom"/>
    <property name="sun.boot.class.path" value="/usr/lib/jvm/java-8-openjdk-amd64/jre/lib/resources.jar:/usr/lib/jvm/java-8-openjdk-amd64/jre/lib/rt.jar:/usr/lib/jvm/java-8-openjdk-amd64/jre/lib/sunrsasign.jar:/usr/lib/jvm/java-8-openjdk-amd64/jre/lib/jsse.jar:/usr/lib/jvm/java-8-openjdk-amd64/jre/lib/jce.jar:/usr/lib/jvm/java-8-openjdk-amd64/jre/lib/charsets.jar:/usr/lib/jvm/java-8-openjdk-amd64/jre/lib/jfr.jar:/usr/lib/jvm/java-8-openjdk-amd64/jre/classes"/>
    <property name="java.vendor" value="Private Build"/>
    <property name="maven.home" value="/home/suvarna/maven/apache-maven-3.6.3"/>
    <property name="file.separator" value="/"/>
    <property name="java.vendor.url.bug" value="http://bugreport.sun.com/bugreport/"/>
    <property name="sun.cpu.endian" value="little"/>
    <property name="sun.io.unicode.encoding" value="UnicodeLittle"/>
    <property name="sun.desktop" value="gnome"/>
    <property name="sun.cpu.isalist" value=""/>
  </properties>
  <testcase name="testAssertion11" classname="org.semanticweb.owlapi.api.test.OWLObjectTypeIndexProviderTestCase" time="0"/>
  <testcase name="testAssertion10" classname="org.semanticweb.owlapi.api.test.OWLObjectTypeIndexProviderTestCase" time="0"/>
  <testcase name="testAssertion12" classname="org.semanticweb.owlapi.api.test.OWLObjectTypeIndexProviderTestCase" time="0"/>
  <testcase name="testAssertion13" classname="org.semanticweb.owlapi.api.test.OWLObjectTypeIndexProviderTestCase" time="0"/>
  <testcase name="testAssertion14" classname="org.semanticweb.owlapi.api.test.OWLObjectTypeIndexProviderTestCase" time="0"/>
  <testcase name="testAssertion15" classname="org.semanticweb.owlapi.api.test.OWLObjectTypeIndexProviderTestCase" time="0"/>
  <testcase name="testAssertion16" classname="org.semanticweb.owlapi.api.test.OWLObjectTypeIndexProviderTestCase" time="0"/>
  <testcase name="testAssertion17" classname="org.semanticweb.owlapi.api.test.OWLObjectTypeIndexProviderTestCase" time="0"/>
  <testcase name="testAssertion18" classname="org.semanticweb.owlapi.api.test.OWLObjectTypeIndexProviderTestCase" time="0"/>
  <testcase name="testAssertion19" classname="org.semanticweb.owlapi.api.test.OWLObjectTypeIndexProviderTestCase" time="0"/>
  <testcase name="testAssertion20" classname="org.semanticweb.owlapi.api.test.OWLObjectTypeIndexProviderTestCase" time="0"/>
  <testcase name="testAssertion21" classname="org.semanticweb.owlapi.api.test.OWLObjectTypeIndexProviderTestCase" time="0"/>
  <testcase name="testAssertion22" classname="org.semanticweb.owlapi.api.test.OWLObjectTypeIndexProviderTestCase" time="0"/>
  <testcase name="testAssertion23" classname="org.semanticweb.owlapi.api.test.OWLObjectTypeIndexProviderTestCase" time="0"/>
  <testcase name="testAssertion24" classname="org.semanticweb.owlapi.api.test.OWLObjectTypeIndexProviderTestCase" time="0"/>
  <testcase name="testAssertion25" classname="org.semanticweb.owlapi.api.test.OWLObjectTypeIndexProviderTestCase" time="0"/>
  <testcase name="testAssertion27" classname="org.semanticweb.owlapi.api.test.OWLObjectTypeIndexProviderTestCase" time="0"/>
  <testcase name="testAssertion26" classname="org.semanticweb.owlapi.api.test.OWLObjectTypeIndexProviderTestCase" time="0"/>
  <testcase name="testAssertion29" classname="org.semanticweb.owlapi.api.test.OWLObjectTypeIndexProviderTestCase" time="0"/>
  <testcase name="testAssertion28" classname="org.semanticweb.owlapi.api.test.OWLObjectTypeIndexProviderTestCase" time="0.001"/>
  <testcase name="testAssertion30" classname="org.semanticweb.owlapi.api.test.OWLObjectTypeIndexProviderTestCase" time="0.001"/>
  <testcase name="testAssertion31" classname="org.semanticweb.owlapi.api.test.OWLObjectTypeIndexProviderTestCase" time="0"/>
  <testcase name="testAssertion32" classname="org.semanticweb.owlapi.api.test.OWLObjectTypeIndexProviderTestCase" time="0"/>
  <testcase name="testAssertion33" classname="org.semanticweb.owlapi.api.test.OWLObjectTypeIndexProviderTestCase" time="0"/>
  <testcase name="testAssertion34" classname="org.semanticweb.owlapi.api.test.OWLObjectTypeIndexProviderTestCase" time="0.001"/>
  <testcase name="testAssertion35" classname="org.semanticweb.owlapi.api.test.OWLObjectTypeIndexProviderTestCase" time="0"/>
  <testcase name="testAssertion36" classname="org.semanticweb.owlapi.api.test.OWLObjectTypeIndexProviderTestCase" time="0"/>
  <testcase name="testAssertion37" classname="org.semanticweb.owlapi.api.test.OWLObjectTypeIndexProviderTestCase" time="0"/>
  <testcase name="testAssertion38" classname="org.semanticweb.owlapi.api.test.OWLObjectTypeIndexProviderTestCase" time="0"/>
  <testcase name="testAssertion39" classname="org.semanticweb.owlapi.api.test.OWLObjectTypeIndexProviderTestCase" time="0"/>
  <testcase name="testAssertion40" classname="org.semanticweb.owlapi.api.test.OWLObjectTypeIndexProviderTestCase" time="0"/>
  <testcase name="testAssertion41" classname="org.semanticweb.owlapi.api.test.OWLObjectTypeIndexProviderTestCase" time="0"/>
  <testcase name="testAssertion42" classname="org.semanticweb.owlapi.api.test.OWLObjectTypeIndexProviderTestCase" time="0"/>
  <testcase name="testAssertion43" classname="org.semanticweb.owlapi.api.test.OWLObjectTypeIndexProviderTestCase" time="0.001"/>
  <testcase name="testAssertion44" classname="org.semanticweb.owlapi.api.test.OWLObjectTypeIndexProviderTestCase" time="0"/>
  <testcase name="testAssertion45" classname="org.semanticweb.owlapi.api.test.OWLObjectTypeIndexProviderTestCase" time="0"/>
  <testcase name="testAssertion46" classname="org.semanticweb.owlapi.api.test.OWLObjectTypeIndexProviderTestCase" time="0"/>
  <testcase name="testAssertion47" classname="org.semanticweb.owlapi.api.test.OWLObjectTypeIndexProviderTestCase" time="0"/>
  <testcase name="testAssertion48" classname="org.semanticweb.owlapi.api.test.OWLObjectTypeIndexProviderTestCase" time="0"/>
  <testcase name="testAssertion49" classname="org.semanticweb.owlapi.api.test.OWLObjectTypeIndexProviderTestCase" time="0"/>
  <testcase name="testAssertion50" classname="org.semanticweb.owlapi.api.test.OWLObjectTypeIndexProviderTestCase" time="0"/>
  <testcase name="testAssertion51" classname="org.semanticweb.owlapi.api.test.OWLObjectTypeIndexProviderTestCase" time="0"/>
  <testcase name="testAssertion52" classname="org.semanticweb.owlapi.api.test.OWLObjectTypeIndexProviderTestCase" time="0"/>
  <testcase name="testAssertion53" classname="org.semanticweb.owlapi.api.test.OWLObjectTypeIndexProviderTestCase" time="0"/>
  <testcase name="testAssertion54" classname="org.semanticweb.owlapi.api.test.OWLObjectTypeIndexProviderTestCase" time="0"/>
  <testcase name="testAssertion55" classname="org.semanticweb.owlapi.api.test.OWLObjectTypeIndexProviderTestCase" time="0"/>
  <testcase name="testAssertion56" classname="org.semanticweb.owlapi.api.test.OWLObjectTypeIndexProviderTestCase" time="0"/>
  <testcase name="testAssertion57" classname="org.semanticweb.owlapi.api.test.OWLObjectTypeIndexProviderTestCase" time="0"/>
  <testcase name="testAssertion58" classname="org.semanticweb.owlapi.api.test.OWLObjectTypeIndexProviderTestCase" time="0.001"/>
  <testcase name="testAssertion59" classname="org.semanticweb.owlapi.api.test.OWLObjectTypeIndexProviderTestCase" time="0"/>
  <testcase name="testAssertion60" classname="org.semanticweb.owlapi.api.test.OWLObjectTypeIndexProviderTestCase" time="0"/>
  <testcase name="testAssertion61" classname="org.semanticweb.owlapi.api.test.OWLObjectTypeIndexProviderTestCase" time="0"/>
  <testcase name="testAssertion62" classname="org.semanticweb.owlapi.api.test.OWLObjectTypeIndexProviderTestCase" time="0"/>
  <testcase name="testAssertion63" classname="org.semanticweb.owlapi.api.test.OWLObjectTypeIndexProviderTestCase" time="0"/>
  <testcase name="testAssertion64" classname="org.semanticweb.owlapi.api.test.OWLObjectTypeIndexProviderTestCase" time="0"/>
  <testcase name="testAssertion65" classname="org.semanticweb.owlapi.api.test.OWLObjectTypeIndexProviderTestCase" time="0"/>
  <testcase name="testAssertion66" classname="org.semanticweb.owlapi.api.test.OWLObjectTypeIndexProviderTestCase" time="0"/>
  <testcase name="testAssertion67" classname="org.semanticweb.owlapi.api.test.OWLObjectTypeIndexProviderTestCase" time="0"/>
  <testcase name="testAssertion68" classname="org.semanticweb.owlapi.api.test.OWLObjectTypeIndexProviderTestCase" time="0"/>
  <testcase name="testAssertion69" classname="org.semanticweb.owlapi.api.test.OWLObjectTypeIndexProviderTestCase" time="0"/>
  <testcase name="testAssertion70" classname="org.semanticweb.owlapi.api.test.OWLObjectTypeIndexProviderTestCase" time="0"/>
  <testcase name="testAssertion71" classname="org.semanticweb.owlapi.api.test.OWLObjectTypeIndexProviderTestCase" time="0.001"/>
  <testcase name="testAssertion73" classname="org.semanticweb.owlapi.api.test.OWLObjectTypeIndexProviderTestCase" time="0.009"/>
  <testcase name="testAssertion72" classname="org.semanticweb.owlapi.api.test.OWLObjectTypeIndexProviderTestCase" time="0"/>
  <testcase name="testAssertion74" classname="org.semanticweb.owlapi.api.test.OWLObjectTypeIndexProviderTestCase" time="0.007"/>
  <testcase name="testAssertion75" classname="org.semanticweb.owlapi.api.test.OWLObjectTypeIndexProviderTestCase" time="0.007"/>
  <testcase name="testAssertion76" classname="org.semanticweb.owlapi.api.test.OWLObjectTypeIndexProviderTestCase" time="0.007"/>
  <testcase name="testAssertion77" classname="org.semanticweb.owlapi.api.test.OWLObjectTypeIndexProviderTestCase" time="0.001"/>
  <testcase name="testAssertion78" classname="org.semanticweb.owlapi.api.test.OWLObjectTypeIndexProviderTestCase" time="0.008"/>
  <testcase name="testAssertion79" classname="org.semanticweb.owlapi.api.test.OWLObjectTypeIndexProviderTestCase" time="0.011"/>
  <testcase name="testAssertion80" classname="org.semanticweb.owlapi.api.test.OWLObjectTypeIndexProviderTestCase" time="0.021"/>
  <testcase name="testAssertion81" classname="org.semanticweb.owlapi.api.test.OWLObjectTypeIndexProviderTestCase" time="0.007"/>
  <testcase name="testAssertion82" classname="org.semanticweb.owlapi.api.test.OWLObjectTypeIndexProviderTestCase" time="0.01"/>
  <testcase name="testAssertion83" classname="org.semanticweb.owlapi.api.test.OWLObjectTypeIndexProviderTestCase" time="0.015"/>
  <testcase name="testAssertion84" classname="org.semanticweb.owlapi.api.test.OWLObjectTypeIndexProviderTestCase" time="0.011"/>
  <testcase name="testAssertion86" classname="org.semanticweb.owlapi.api.test.OWLObjectTypeIndexProviderTestCase" time="0.034"/>
  <testcase name="testAssertion88" classname="org.semanticweb.owlapi.api.test.OWLObjectTypeIndexProviderTestCase" time="0.017"/>
  <testcase name="testAssertion89" classname="org.semanticweb.owlapi.api.test.OWLObjectTypeIndexProviderTestCase" time="0.007"/>
  <testcase name="testAssertion91" classname="org.semanticweb.owlapi.api.test.OWLObjectTypeIndexProviderTestCase" time="0.008"/>
  <testcase name="testAssertion90" classname="org.semanticweb.owlapi.api.test.OWLObjectTypeIndexProviderTestCase" time="0.006"/>
  <testcase name="testAssertion92" classname="org.semanticweb.owlapi.api.test.OWLObjectTypeIndexProviderTestCase" time="0.009"/>
  <testcase name="testAssertion93" classname="org.semanticweb.owlapi.api.test.OWLObjectTypeIndexProviderTestCase" time="0.009"/>
  <testcase name="testAssertion94" classname="org.semanticweb.owlapi.api.test.OWLObjectTypeIndexProviderTestCase" time="0.008"/>
  <testcase name="testAssertion95" classname="org.semanticweb.owlapi.api.test.OWLObjectTypeIndexProviderTestCase" time="0.03"/>
  <testcase name="testAssertion96" classname="org.semanticweb.owlapi.api.test.OWLObjectTypeIndexProviderTestCase" time="0.014"/>
  <testcase name="testAssertion97" classname="org.semanticweb.owlapi.api.test.OWLObjectTypeIndexProviderTestCase" time="0.013"/>
  <testcase name="testAssertion98" classname="org.semanticweb.owlapi.api.test.OWLObjectTypeIndexProviderTestCase" time="0.012"/>
  <testcase name="testAssertion99" classname="org.semanticweb.owlapi.api.test.OWLObjectTypeIndexProviderTestCase" time="0.008"/>
  <testcase name="testAssertion100" classname="org.semanticweb.owlapi.api.test.OWLObjectTypeIndexProviderTestCase" time="0.006"/>
  <testcase name="testAssertion101" classname="org.semanticweb.owlapi.api.test.OWLObjectTypeIndexProviderTestCase" time="0.006"/>
  <testcase name="testAssertion102" classname="org.semanticweb.owlapi.api.test.OWLObjectTypeIndexProviderTestCase" time="0.008"/>
  <testcase name="testAssertion103" classname="org.semanticweb.owlapi.api.test.OWLObjectTypeIndexProviderTestCase" time="0.005"/>
  <testcase name="testAssertion104" classname="org.semanticweb.owlapi.api.test.OWLObjectTypeIndexProviderTestCase" time="0.007"/>
  <testcase name="testAssertion105" classname="org.semanticweb.owlapi.api.test.OWLObjectTypeIndexProviderTestCase" time="0.005"/>
  <testcase name="testAssertion106" classname="org.semanticweb.owlapi.api.test.OWLObjectTypeIndexProviderTestCase" time="0.006"/>
  <testcase name="testAssertion108" classname="org.semanticweb.owlapi.api.test.OWLObjectTypeIndexProviderTestCase" time="0.007"/>
  <testcase name="testAssertion109" classname="org.semanticweb.owlapi.api.test.OWLObjectTypeIndexProviderTestCase" time="0.007"/>
  <testcase name="testAssertion110" classname="org.semanticweb.owlapi.api.test.OWLObjectTypeIndexProviderTestCase" time="0.007"/>
  <testcase name="testAssertion111" classname="org.semanticweb.owlapi.api.test.OWLObjectTypeIndexProviderTestCase" time="0.009"/>
  <testcase name="testAssertion112" classname="org.semanticweb.owlapi.api.test.OWLObjectTypeIndexProviderTestCase" time="0.001"/>
  <testcase name="testAssertion113" classname="org.semanticweb.owlapi.api.test.OWLObjectTypeIndexProviderTestCase" time="0.008"/>
  <testcase name="testAssertion114" classname="org.semanticweb.owlapi.api.test.OWLObjectTypeIndexProviderTestCase" time="0.007"/>
  <testcase name="testAssertion115" classname="org.semanticweb.owlapi.api.test.OWLObjectTypeIndexProviderTestCase" time="0.004"/>
  <testcase name="testAssertion116" classname="org.semanticweb.owlapi.api.test.OWLObjectTypeIndexProviderTestCase" time="0.002"/>
  <testcase name="testAssertion117" classname="org.semanticweb.owlapi.api.test.OWLObjectTypeIndexProviderTestCase" time="0.008"/>
  <testcase name="testAssertion118" classname="org.semanticweb.owlapi.api.test.OWLObjectTypeIndexProviderTestCase" time="0.005"/>
  <testcase name="testAssertion119" classname="org.semanticweb.owlapi.api.test.OWLObjectTypeIndexProviderTestCase" time="0.003"/>
  <testcase name="testAssertion120" classname="org.semanticweb.owlapi.api.test.OWLObjectTypeIndexProviderTestCase" time="0.006"/>
  <testcase name="testAssertion1" classname="org.semanticweb.owlapi.api.test.OWLObjectTypeIndexProviderTestCase" time="0"/>
  <testcase name="testAssertion2" classname="org.semanticweb.owlapi.api.test.OWLObjectTypeIndexProviderTestCase" time="0"/>
  <testcase name="testAssertion3" classname="org.semanticweb.owlapi.api.test.OWLObjectTypeIndexProviderTestCase" time="0"/>
  <testcase name="testAssertion4" classname="org.semanticweb.owlapi.api.test.OWLObjectTypeIndexProviderTestCase" time="0"/>
  <testcase name="testAssertion5" classname="org.semanticweb.owlapi.api.test.OWLObjectTypeIndexProviderTestCase" time="0"/>
  <testcase name="testAssertion6" classname="org.semanticweb.owlapi.api.test.OWLObjectTypeIndexProviderTestCase" time="0"/>
  <testcase name="testAssertion7" classname="org.semanticweb.owlapi.api.test.OWLObjectTypeIndexProviderTestCase" time="0"/>
  <testcase name="testAssertion8" classname="org.semanticweb.owlapi.api.test.OWLObjectTypeIndexProviderTestCase" time="0"/>
  <testcase name="testAssertion9" classname="org.semanticweb.owlapi.api.test.OWLObjectTypeIndexProviderTestCase" time="0"/>
</testsuite>