<?xml version="1.0" encoding="UTF-8"?>
<testsuite name="org.semanticweb.owlapi.api.test.baseclasses.AnnotatedAxiomRountripTestCase" time="5.793" tests="330" errors="0" skipped="0" failures="0">
  <properties>
    <property name="java.runtime.name" value="OpenJDK Runtime Environment"/>
    <property name="sun.boot.library.path" value="/usr/lib/jvm/java-8-openjdk-amd64/jre/lib/amd64"/>
    <property name="java.vm.version" value="25.292-b10"/>
    <property name="java.vm.vendor" value="Private Build"/>
    <property name="maven.multiModuleProjectDirectory" value="/home/suvarna/Vinay/Sept-2021/owlapi-a77ee9c4fded63ebc7af16e357b8cb32b638f8cd"/>
    <property name="java.vendor.url" value="http://java.oracle.com/"/>
    <property name="path.separator" value=":"/>
    <property name="guice.disable.misplaced.annotation.check" value="true"/>
    <property name="java.vm.name" value="OpenJDK 64-Bit Server VM"/>
    <property name="file.encoding.pkg" value="sun.io"/>
    <property name="user.country" value="IN"/>
    <property name="sun.java.launcher" value="SUN_STANDARD"/>
    <property name="sun.os.patch.level" value="unknown"/>
    <property name="java.vm.specification.name" value="Java Virtual Machine Specification"/>
    <property name="user.dir" value="/home/suvarna/Vinay/Sept-2021/owlapi-a77ee9c4fded63ebc7af16e357b8cb32b638f8cd"/>
    <property name="java.runtime.version" value="1.8.0_292-8u292-b10-0ubuntu1~16.04.1-b10"/>
    <property name="java.awt.graphicsenv" value="sun.awt.X11GraphicsEnvironment"/>
    <property name="java.endorsed.dirs" value="/usr/lib/jvm/java-8-openjdk-amd64/jre/lib/endorsed"/>
    <property name="os.arch" value="amd64"/>
    <property name="java.io.tmpdir" value="/tmp"/>
    <property name="line.separator" value="&#10;"/>
    <property name="java.vm.specification.vendor" value="Oracle Corporation"/>
    <property name="os.name" value="Linux"/>
    <property name="classworlds.conf" value="/home/suvarna/maven/apache-maven-3.6.3/bin/m2.conf"/>
    <property name="sun.jnu.encoding" value="UTF-8"/>
    <property name="java.library.path" value="/usr/java/packages/lib/amd64:/usr/lib/x86_64-linux-gnu/jni:/lib/x86_64-linux-gnu:/usr/lib/x86_64-linux-gnu:/usr/lib/jni:/lib:/usr/lib"/>
    <property name="maven.conf" value="/home/suvarna/maven/apache-maven-3.6.3/conf"/>
    <property name="java.specification.name" value="Java Platform API Specification"/>
    <property name="java.class.version" value="52.0"/>
    <property name="sun.management.compiler" value="HotSpot 64-Bit Tiered Compilers"/>
    <property name="os.version" value="4.15.0-142-generic"/>
    <property name="library.jansi.path" value="/home/suvarna/maven/apache-maven-3.6.3/lib/jansi-native"/>
    <property name="user.home" value="/home/suvarna"/>
    <property name="user.timezone" value="Asia/Kolkata"/>
    <property name="java.awt.printerjob" value="sun.print.PSPrinterJob"/>
    <property name="java.specification.version" value="1.8"/>
    <property name="file.encoding" value="UTF-8"/>
    <property name="user.name" value="suvarna"/>
    <property name="java.class.path" value="/home/suvarna/maven/apache-maven-3.6.3/boot/plexus-classworlds-2.6.0.jar"/>
    <property name="java.vm.specification.version" value="1.8"/>
    <property name="sun.arch.data.model" value="64"/>
    <property name="java.home" value="/usr/lib/jvm/java-8-openjdk-amd64/jre"/>
    <property name="sun.java.command" value="org.codehaus.plexus.classworlds.launcher.Launcher test"/>
    <property name="java.specification.vendor" value="Oracle Corporation"/>
    <property name="user.language" value="en"/>
    <property name="awt.toolkit" value="sun.awt.X11.XToolkit"/>
    <property name="java.vm.info" value="mixed mode"/>
    <property name="java.version" value="1.8.0_292"/>
    <property name="java.ext.dirs" value="/usr/lib/jvm/java-8-openjdk-amd64/jre/lib/ext:/usr/java/packages/lib/ext"/>
    <property name="securerandom.source" value="file:/dev/./urandom"/>
    <property name="sun.boot.class.path" value="/usr/lib/jvm/java-8-openjdk-amd64/jre/lib/resources.jar:/usr/lib/jvm/java-8-openjdk-amd64/jre/lib/rt.jar:/usr/lib/jvm/java-8-openjdk-amd64/jre/lib/sunrsasign.jar:/usr/lib/jvm/java-8-openjdk-amd64/jre/lib/jsse.jar:/usr/lib/jvm/java-8-openjdk-amd64/jre/lib/jce.jar:/usr/lib/jvm/java-8-openjdk-amd64/jre/lib/charsets.jar:/usr/lib/jvm/java-8-openjdk-amd64/jre/lib/jfr.jar:/usr/lib/jvm/java-8-openjdk-amd64/jre/classes"/>
    <property name="java.vendor" value="Private Build"/>
    <property name="maven.home" value="/home/suvarna/maven/apache-maven-3.6.3"/>
    <property name="file.separator" value="/"/>
    <property name="java.vendor.url.bug" value="http://bugreport.sun.com/bugreport/"/>
    <property name="sun.cpu.endian" value="little"/>
    <property name="sun.io.unicode.encoding" value="UnicodeLittle"/>
    <property name="sun.desktop" value="gnome"/>
    <property name="sun.cpu.isalist" value=""/>
  </properties>
  <testcase name="testManchesterOWLSyntax[0]" classname="org.semanticweb.owlapi.api.test.baseclasses.AnnotatedAxiomRountripTestCase" time="0.015"/>
  <testcase name="testTrig[0]" classname="org.semanticweb.owlapi.api.test.baseclasses.AnnotatedAxiomRountripTestCase" time="0.021"/>
  <testcase name="testRDFJSON[0]" classname="org.semanticweb.owlapi.api.test.baseclasses.AnnotatedAxiomRountripTestCase" time="0.021"/>
  <testcase name="testNTriples[0]" classname="org.semanticweb.owlapi.api.test.baseclasses.AnnotatedAxiomRountripTestCase" time="0.017"/>
  <testcase name="roundTripRDFXMLAndFunctionalShouldBeSame[0]" classname="org.semanticweb.owlapi.api.test.baseclasses.AnnotatedAxiomRountripTestCase" time="0.033"/>
  <testcase name="testJSONLD[0]" classname="org.semanticweb.owlapi.api.test.baseclasses.AnnotatedAxiomRountripTestCase" time="0.019"/>
  <testcase name="testNQuads[0]" classname="org.semanticweb.owlapi.api.test.baseclasses.AnnotatedAxiomRountripTestCase" time="0.017"/>
  <testcase name="testOWLXML[0]" classname="org.semanticweb.owlapi.api.test.baseclasses.AnnotatedAxiomRountripTestCase" time="0.016"/>
  <testcase name="testRDFXML[0]" classname="org.semanticweb.owlapi.api.test.baseclasses.AnnotatedAxiomRountripTestCase" time="0.018"/>
  <testcase name="testTurtle[0]" classname="org.semanticweb.owlapi.api.test.baseclasses.AnnotatedAxiomRountripTestCase" time="0.015"/>
  <testcase name="testFunctionalSyntax[0]" classname="org.semanticweb.owlapi.api.test.baseclasses.AnnotatedAxiomRountripTestCase" time="0.016"/>
  <testcase name="testTrig[1]" classname="org.semanticweb.owlapi.api.test.baseclasses.AnnotatedAxiomRountripTestCase" time="0.02"/>
  <testcase name="testManchesterOWLSyntax[1]" classname="org.semanticweb.owlapi.api.test.baseclasses.AnnotatedAxiomRountripTestCase" time="0.045"/>
  <testcase name="testRDFJSON[1]" classname="org.semanticweb.owlapi.api.test.baseclasses.AnnotatedAxiomRountripTestCase" time="0.018"/>
  <testcase name="testNTriples[1]" classname="org.semanticweb.owlapi.api.test.baseclasses.AnnotatedAxiomRountripTestCase" time="0.016"/>
  <testcase name="roundTripRDFXMLAndFunctionalShouldBeSame[1]" classname="org.semanticweb.owlapi.api.test.baseclasses.AnnotatedAxiomRountripTestCase" time="0.023"/>
  <testcase name="testJSONLD[1]" classname="org.semanticweb.owlapi.api.test.baseclasses.AnnotatedAxiomRountripTestCase" time="0.016"/>
  <testcase name="testNQuads[1]" classname="org.semanticweb.owlapi.api.test.baseclasses.AnnotatedAxiomRountripTestCase" time="0.011"/>
  <testcase name="testOWLXML[1]" classname="org.semanticweb.owlapi.api.test.baseclasses.AnnotatedAxiomRountripTestCase" time="0.015"/>
  <testcase name="testRDFXML[1]" classname="org.semanticweb.owlapi.api.test.baseclasses.AnnotatedAxiomRountripTestCase" time="0.01"/>
  <testcase name="testTurtle[1]" classname="org.semanticweb.owlapi.api.test.baseclasses.AnnotatedAxiomRountripTestCase" time="0.015"/>
  <testcase name="testFunctionalSyntax[1]" classname="org.semanticweb.owlapi.api.test.baseclasses.AnnotatedAxiomRountripTestCase" time="0.012"/>
  <testcase name="testTrig[2]" classname="org.semanticweb.owlapi.api.test.baseclasses.AnnotatedAxiomRountripTestCase" time="0.017"/>
  <testcase name="testManchesterOWLSyntax[2]" classname="org.semanticweb.owlapi.api.test.baseclasses.AnnotatedAxiomRountripTestCase" time="0.015"/>
  <testcase name="testRDFJSON[2]" classname="org.semanticweb.owlapi.api.test.baseclasses.AnnotatedAxiomRountripTestCase" time="0.016"/>
  <testcase name="testNTriples[2]" classname="org.semanticweb.owlapi.api.test.baseclasses.AnnotatedAxiomRountripTestCase" time="0.016"/>
  <testcase name="testJSONLD[2]" classname="org.semanticweb.owlapi.api.test.baseclasses.AnnotatedAxiomRountripTestCase" time="0.018"/>
  <testcase name="roundTripRDFXMLAndFunctionalShouldBeSame[2]" classname="org.semanticweb.owlapi.api.test.baseclasses.AnnotatedAxiomRountripTestCase" time="0.026"/>
  <testcase name="testNQuads[2]" classname="org.semanticweb.owlapi.api.test.baseclasses.AnnotatedAxiomRountripTestCase" time="0.018"/>
  <testcase name="testOWLXML[2]" classname="org.semanticweb.owlapi.api.test.baseclasses.AnnotatedAxiomRountripTestCase" time="0.011"/>
  <testcase name="testRDFXML[2]" classname="org.semanticweb.owlapi.api.test.baseclasses.AnnotatedAxiomRountripTestCase" time="0.012"/>
  <testcase name="testTurtle[2]" classname="org.semanticweb.owlapi.api.test.baseclasses.AnnotatedAxiomRountripTestCase" time="0.015"/>
  <testcase name="testFunctionalSyntax[2]" classname="org.semanticweb.owlapi.api.test.baseclasses.AnnotatedAxiomRountripTestCase" time="0.015"/>
  <testcase name="testManchesterOWLSyntax[3]" classname="org.semanticweb.owlapi.api.test.baseclasses.AnnotatedAxiomRountripTestCase" time="0.019"/>
  <testcase name="testTrig[3]" classname="org.semanticweb.owlapi.api.test.baseclasses.AnnotatedAxiomRountripTestCase" time="0.019"/>
  <testcase name="testRDFJSON[3]" classname="org.semanticweb.owlapi.api.test.baseclasses.AnnotatedAxiomRountripTestCase" time="0.019"/>
  <testcase name="testNTriples[3]" classname="org.semanticweb.owlapi.api.test.baseclasses.AnnotatedAxiomRountripTestCase" time="0.017"/>
  <testcase name="roundTripRDFXMLAndFunctionalShouldBeSame[3]" classname="org.semanticweb.owlapi.api.test.baseclasses.AnnotatedAxiomRountripTestCase" time="0.026"/>
  <testcase name="testJSONLD[3]" classname="org.semanticweb.owlapi.api.test.baseclasses.AnnotatedAxiomRountripTestCase" time="0.017"/>
  <testcase name="testNQuads[3]" classname="org.semanticweb.owlapi.api.test.baseclasses.AnnotatedAxiomRountripTestCase" time="0.016"/>
  <testcase name="testOWLXML[3]" classname="org.semanticweb.owlapi.api.test.baseclasses.AnnotatedAxiomRountripTestCase" time="0.01"/>
  <testcase name="testRDFXML[3]" classname="org.semanticweb.owlapi.api.test.baseclasses.AnnotatedAxiomRountripTestCase" time="0.016"/>
  <testcase name="testTurtle[3]" classname="org.semanticweb.owlapi.api.test.baseclasses.AnnotatedAxiomRountripTestCase" time="0.01"/>
  <testcase name="testFunctionalSyntax[3]" classname="org.semanticweb.owlapi.api.test.baseclasses.AnnotatedAxiomRountripTestCase" time="0.01"/>
  <testcase name="testManchesterOWLSyntax[4]" classname="org.semanticweb.owlapi.api.test.baseclasses.AnnotatedAxiomRountripTestCase" time="0.015"/>
  <testcase name="testTrig[4]" classname="org.semanticweb.owlapi.api.test.baseclasses.AnnotatedAxiomRountripTestCase" time="0.012"/>
  <testcase name="testRDFJSON[4]" classname="org.semanticweb.owlapi.api.test.baseclasses.AnnotatedAxiomRountripTestCase" time="0.012"/>
  <testcase name="testNTriples[4]" classname="org.semanticweb.owlapi.api.test.baseclasses.AnnotatedAxiomRountripTestCase" time="0.014"/>
  <testcase name="roundTripRDFXMLAndFunctionalShouldBeSame[4]" classname="org.semanticweb.owlapi.api.test.baseclasses.AnnotatedAxiomRountripTestCase" time="0.023"/>
  <testcase name="testJSONLD[4]" classname="org.semanticweb.owlapi.api.test.baseclasses.AnnotatedAxiomRountripTestCase" time="0.015"/>
  <testcase name="testNQuads[4]" classname="org.semanticweb.owlapi.api.test.baseclasses.AnnotatedAxiomRountripTestCase" time="0.015"/>
  <testcase name="testOWLXML[4]" classname="org.semanticweb.owlapi.api.test.baseclasses.AnnotatedAxiomRountripTestCase" time="0.009"/>
  <testcase name="testRDFXML[4]" classname="org.semanticweb.owlapi.api.test.baseclasses.AnnotatedAxiomRountripTestCase" time="0.011"/>
  <testcase name="testTurtle[4]" classname="org.semanticweb.owlapi.api.test.baseclasses.AnnotatedAxiomRountripTestCase" time="0.024"/>
  <testcase name="testFunctionalSyntax[4]" classname="org.semanticweb.owlapi.api.test.baseclasses.AnnotatedAxiomRountripTestCase" time="0.015"/>
  <testcase name="testManchesterOWLSyntax[5]" classname="org.semanticweb.owlapi.api.test.baseclasses.AnnotatedAxiomRountripTestCase" time="0.018"/>
  <testcase name="testTrig[5]" classname="org.semanticweb.owlapi.api.test.baseclasses.AnnotatedAxiomRountripTestCase" time="0.024"/>
  <testcase name="testRDFJSON[5]" classname="org.semanticweb.owlapi.api.test.baseclasses.AnnotatedAxiomRountripTestCase" time="0.015"/>
  <testcase name="testNTriples[5]" classname="org.semanticweb.owlapi.api.test.baseclasses.AnnotatedAxiomRountripTestCase" time="0.018"/>
  <testcase name="roundTripRDFXMLAndFunctionalShouldBeSame[5]" classname="org.semanticweb.owlapi.api.test.baseclasses.AnnotatedAxiomRountripTestCase" time="0.025"/>
  <testcase name="testJSONLD[5]" classname="org.semanticweb.owlapi.api.test.baseclasses.AnnotatedAxiomRountripTestCase" time="0.016"/>
  <testcase name="testNQuads[5]" classname="org.semanticweb.owlapi.api.test.baseclasses.AnnotatedAxiomRountripTestCase" time="0.016"/>
  <testcase name="testOWLXML[5]" classname="org.semanticweb.owlapi.api.test.baseclasses.AnnotatedAxiomRountripTestCase" time="0.014"/>
  <testcase name="testRDFXML[5]" classname="org.semanticweb.owlapi.api.test.baseclasses.AnnotatedAxiomRountripTestCase" time="0.016"/>
  <testcase name="testTurtle[5]" classname="org.semanticweb.owlapi.api.test.baseclasses.AnnotatedAxiomRountripTestCase" time="0.017"/>
  <testcase name="testFunctionalSyntax[5]" classname="org.semanticweb.owlapi.api.test.baseclasses.AnnotatedAxiomRountripTestCase" time="0.016"/>
  <testcase name="testManchesterOWLSyntax[6]" classname="org.semanticweb.owlapi.api.test.baseclasses.AnnotatedAxiomRountripTestCase" time="0.015"/>
  <testcase name="testTrig[6]" classname="org.semanticweb.owlapi.api.test.baseclasses.AnnotatedAxiomRountripTestCase" time="0.016"/>
  <testcase name="testRDFJSON[6]" classname="org.semanticweb.owlapi.api.test.baseclasses.AnnotatedAxiomRountripTestCase" time="0.016"/>
  <testcase name="testNTriples[6]" classname="org.semanticweb.owlapi.api.test.baseclasses.AnnotatedAxiomRountripTestCase" time="0.017"/>
  <testcase name="roundTripRDFXMLAndFunctionalShouldBeSame[6]" classname="org.semanticweb.owlapi.api.test.baseclasses.AnnotatedAxiomRountripTestCase" time="0.031"/>
  <testcase name="testJSONLD[6]" classname="org.semanticweb.owlapi.api.test.baseclasses.AnnotatedAxiomRountripTestCase" time="0.022"/>
  <testcase name="testNQuads[6]" classname="org.semanticweb.owlapi.api.test.baseclasses.AnnotatedAxiomRountripTestCase" time="0.035"/>
  <testcase name="testOWLXML[6]" classname="org.semanticweb.owlapi.api.test.baseclasses.AnnotatedAxiomRountripTestCase" time="0.018"/>
  <testcase name="testRDFXML[6]" classname="org.semanticweb.owlapi.api.test.baseclasses.AnnotatedAxiomRountripTestCase" time="0.019"/>
  <testcase name="testTurtle[6]" classname="org.semanticweb.owlapi.api.test.baseclasses.AnnotatedAxiomRountripTestCase" time="0.031"/>
  <testcase name="testFunctionalSyntax[6]" classname="org.semanticweb.owlapi.api.test.baseclasses.AnnotatedAxiomRountripTestCase" time="0.026"/>
  <testcase name="testManchesterOWLSyntax[7]" classname="org.semanticweb.owlapi.api.test.baseclasses.AnnotatedAxiomRountripTestCase" time="0.016"/>
  <testcase name="testTrig[7]" classname="org.semanticweb.owlapi.api.test.baseclasses.AnnotatedAxiomRountripTestCase" time="0.019"/>
  <testcase name="testRDFJSON[7]" classname="org.semanticweb.owlapi.api.test.baseclasses.AnnotatedAxiomRountripTestCase" time="0.017"/>
  <testcase name="testNTriples[7]" classname="org.semanticweb.owlapi.api.test.baseclasses.AnnotatedAxiomRountripTestCase" time="0.019"/>
  <testcase name="roundTripRDFXMLAndFunctionalShouldBeSame[7]" classname="org.semanticweb.owlapi.api.test.baseclasses.AnnotatedAxiomRountripTestCase" time="0.031"/>
  <testcase name="testJSONLD[7]" classname="org.semanticweb.owlapi.api.test.baseclasses.AnnotatedAxiomRountripTestCase" time="0.021"/>
  <testcase name="testNQuads[7]" classname="org.semanticweb.owlapi.api.test.baseclasses.AnnotatedAxiomRountripTestCase" time="0.024"/>
  <testcase name="testOWLXML[7]" classname="org.semanticweb.owlapi.api.test.baseclasses.AnnotatedAxiomRountripTestCase" time="0.016"/>
  <testcase name="testRDFXML[7]" classname="org.semanticweb.owlapi.api.test.baseclasses.AnnotatedAxiomRountripTestCase" time="0.016"/>
  <testcase name="testTurtle[7]" classname="org.semanticweb.owlapi.api.test.baseclasses.AnnotatedAxiomRountripTestCase" time="0.023"/>
  <testcase name="testFunctionalSyntax[7]" classname="org.semanticweb.owlapi.api.test.baseclasses.AnnotatedAxiomRountripTestCase" time="0.015"/>
  <testcase name="testTrig[8]" classname="org.semanticweb.owlapi.api.test.baseclasses.AnnotatedAxiomRountripTestCase" time="0.025"/>
  <testcase name="testManchesterOWLSyntax[8]" classname="org.semanticweb.owlapi.api.test.baseclasses.AnnotatedAxiomRountripTestCase" time="0.017"/>
  <testcase name="testRDFJSON[8]" classname="org.semanticweb.owlapi.api.test.baseclasses.AnnotatedAxiomRountripTestCase" time="0.026"/>
  <testcase name="testNTriples[8]" classname="org.semanticweb.owlapi.api.test.baseclasses.AnnotatedAxiomRountripTestCase" time="0.016"/>
  <testcase name="roundTripRDFXMLAndFunctionalShouldBeSame[8]" classname="org.semanticweb.owlapi.api.test.baseclasses.AnnotatedAxiomRountripTestCase" time="0.041"/>
  <testcase name="testJSONLD[8]" classname="org.semanticweb.owlapi.api.test.baseclasses.AnnotatedAxiomRountripTestCase" time="0.018"/>
  <testcase name="testNQuads[8]" classname="org.semanticweb.owlapi.api.test.baseclasses.AnnotatedAxiomRountripTestCase" time="0.017"/>
  <testcase name="testOWLXML[8]" classname="org.semanticweb.owlapi.api.test.baseclasses.AnnotatedAxiomRountripTestCase" time="0.015"/>
  <testcase name="testRDFXML[8]" classname="org.semanticweb.owlapi.api.test.baseclasses.AnnotatedAxiomRountripTestCase" time="0.019"/>
  <testcase name="testTurtle[8]" classname="org.semanticweb.owlapi.api.test.baseclasses.AnnotatedAxiomRountripTestCase" time="0.016"/>
  <testcase name="testFunctionalSyntax[8]" classname="org.semanticweb.owlapi.api.test.baseclasses.AnnotatedAxiomRountripTestCase" time="0.015"/>
  <testcase name="testManchesterOWLSyntax[9]" classname="org.semanticweb.owlapi.api.test.baseclasses.AnnotatedAxiomRountripTestCase" time="0.014"/>
  <testcase name="testTrig[9]" classname="org.semanticweb.owlapi.api.test.baseclasses.AnnotatedAxiomRountripTestCase" time="0.017"/>
  <testcase name="testRDFJSON[9]" classname="org.semanticweb.owlapi.api.test.baseclasses.AnnotatedAxiomRountripTestCase" time="0.016"/>
  <testcase name="testNTriples[9]" classname="org.semanticweb.owlapi.api.test.baseclasses.AnnotatedAxiomRountripTestCase" time="0.017"/>
  <testcase name="roundTripRDFXMLAndFunctionalShouldBeSame[9]" classname="org.semanticweb.owlapi.api.test.baseclasses.AnnotatedAxiomRountripTestCase" time="0.03"/>
  <testcase name="testJSONLD[9]" classname="org.semanticweb.owlapi.api.test.baseclasses.AnnotatedAxiomRountripTestCase" time="0.019"/>
  <testcase name="testNQuads[9]" classname="org.semanticweb.owlapi.api.test.baseclasses.AnnotatedAxiomRountripTestCase" time="0.024"/>
  <testcase name="testOWLXML[9]" classname="org.semanticweb.owlapi.api.test.baseclasses.AnnotatedAxiomRountripTestCase" time="0.016"/>
  <testcase name="testRDFXML[9]" classname="org.semanticweb.owlapi.api.test.baseclasses.AnnotatedAxiomRountripTestCase" time="0.02"/>
  <testcase name="testTurtle[9]" classname="org.semanticweb.owlapi.api.test.baseclasses.AnnotatedAxiomRountripTestCase" time="0.029"/>
  <testcase name="testFunctionalSyntax[9]" classname="org.semanticweb.owlapi.api.test.baseclasses.AnnotatedAxiomRountripTestCase" time="0.015"/>
  <testcase name="testTrig[10]" classname="org.semanticweb.owlapi.api.test.baseclasses.AnnotatedAxiomRountripTestCase" time="0.016"/>
  <testcase name="testManchesterOWLSyntax[10]" classname="org.semanticweb.owlapi.api.test.baseclasses.AnnotatedAxiomRountripTestCase" time="0.015"/>
  <testcase name="testRDFJSON[10]" classname="org.semanticweb.owlapi.api.test.baseclasses.AnnotatedAxiomRountripTestCase" time="0.018"/>
  <testcase name="testNTriples[10]" classname="org.semanticweb.owlapi.api.test.baseclasses.AnnotatedAxiomRountripTestCase" time="0.016"/>
  <testcase name="roundTripRDFXMLAndFunctionalShouldBeSame[10]" classname="org.semanticweb.owlapi.api.test.baseclasses.AnnotatedAxiomRountripTestCase" time="0.034"/>
  <testcase name="testJSONLD[10]" classname="org.semanticweb.owlapi.api.test.baseclasses.AnnotatedAxiomRountripTestCase" time="0.022"/>
  <testcase name="testNQuads[10]" classname="org.semanticweb.owlapi.api.test.baseclasses.AnnotatedAxiomRountripTestCase" time="0.02"/>
  <testcase name="testOWLXML[10]" classname="org.semanticweb.owlapi.api.test.baseclasses.AnnotatedAxiomRountripTestCase" time="0.015"/>
  <testcase name="testRDFXML[10]" classname="org.semanticweb.owlapi.api.test.baseclasses.AnnotatedAxiomRountripTestCase" time="0.016"/>
  <testcase name="testTurtle[10]" classname="org.semanticweb.owlapi.api.test.baseclasses.AnnotatedAxiomRountripTestCase" time="0.019"/>
  <testcase name="testFunctionalSyntax[10]" classname="org.semanticweb.owlapi.api.test.baseclasses.AnnotatedAxiomRountripTestCase" time="0.016"/>
  <testcase name="testTrig[11]" classname="org.semanticweb.owlapi.api.test.baseclasses.AnnotatedAxiomRountripTestCase" time="0.016"/>
  <testcase name="testManchesterOWLSyntax[11]" classname="org.semanticweb.owlapi.api.test.baseclasses.AnnotatedAxiomRountripTestCase" time="0.015"/>
  <testcase name="testRDFJSON[11]" classname="org.semanticweb.owlapi.api.test.baseclasses.AnnotatedAxiomRountripTestCase" time="0.017"/>
  <testcase name="testNTriples[11]" classname="org.semanticweb.owlapi.api.test.baseclasses.AnnotatedAxiomRountripTestCase" time="0.024"/>
  <testcase name="roundTripRDFXMLAndFunctionalShouldBeSame[11]" classname="org.semanticweb.owlapi.api.test.baseclasses.AnnotatedAxiomRountripTestCase" time="0.041"/>
  <testcase name="testJSONLD[11]" classname="org.semanticweb.owlapi.api.test.baseclasses.AnnotatedAxiomRountripTestCase" time="0.032"/>
  <testcase name="testNQuads[11]" classname="org.semanticweb.owlapi.api.test.baseclasses.AnnotatedAxiomRountripTestCase" time="0.016"/>
  <testcase name="testOWLXML[11]" classname="org.semanticweb.owlapi.api.test.baseclasses.AnnotatedAxiomRountripTestCase" time="0.016"/>
  <testcase name="testRDFXML[11]" classname="org.semanticweb.owlapi.api.test.baseclasses.AnnotatedAxiomRountripTestCase" time="0.017"/>
  <testcase name="testTurtle[11]" classname="org.semanticweb.owlapi.api.test.baseclasses.AnnotatedAxiomRountripTestCase" time="0.016"/>
  <testcase name="testFunctionalSyntax[11]" classname="org.semanticweb.owlapi.api.test.baseclasses.AnnotatedAxiomRountripTestCase" time="0.014"/>
  <testcase name="testTrig[12]" classname="org.semanticweb.owlapi.api.test.baseclasses.AnnotatedAxiomRountripTestCase" time="0.015"/>
  <testcase name="testManchesterOWLSyntax[12]" classname="org.semanticweb.owlapi.api.test.baseclasses.AnnotatedAxiomRountripTestCase" time="0.015"/>
  <testcase name="testRDFJSON[12]" classname="org.semanticweb.owlapi.api.test.baseclasses.AnnotatedAxiomRountripTestCase" time="0.018"/>
  <testcase name="testNTriples[12]" classname="org.semanticweb.owlapi.api.test.baseclasses.AnnotatedAxiomRountripTestCase" time="0.019"/>
  <testcase name="roundTripRDFXMLAndFunctionalShouldBeSame[12]" classname="org.semanticweb.owlapi.api.test.baseclasses.AnnotatedAxiomRountripTestCase" time="0.033"/>
  <testcase name="testJSONLD[12]" classname="org.semanticweb.owlapi.api.test.baseclasses.AnnotatedAxiomRountripTestCase" time="0.025"/>
  <testcase name="testNQuads[12]" classname="org.semanticweb.owlapi.api.test.baseclasses.AnnotatedAxiomRountripTestCase" time="0.015"/>
  <testcase name="testOWLXML[12]" classname="org.semanticweb.owlapi.api.test.baseclasses.AnnotatedAxiomRountripTestCase" time="0.015"/>
  <testcase name="testRDFXML[12]" classname="org.semanticweb.owlapi.api.test.baseclasses.AnnotatedAxiomRountripTestCase" time="0.032"/>
  <testcase name="testTurtle[12]" classname="org.semanticweb.owlapi.api.test.baseclasses.AnnotatedAxiomRountripTestCase" time="0.015"/>
  <testcase name="testFunctionalSyntax[12]" classname="org.semanticweb.owlapi.api.test.baseclasses.AnnotatedAxiomRountripTestCase" time="0.015"/>
  <testcase name="testManchesterOWLSyntax[13]" classname="org.semanticweb.owlapi.api.test.baseclasses.AnnotatedAxiomRountripTestCase" time="0.015"/>
  <testcase name="testTrig[13]" classname="org.semanticweb.owlapi.api.test.baseclasses.AnnotatedAxiomRountripTestCase" time="0.023"/>
  <testcase name="testRDFJSON[13]" classname="org.semanticweb.owlapi.api.test.baseclasses.AnnotatedAxiomRountripTestCase" time="0.016"/>
  <testcase name="testNTriples[13]" classname="org.semanticweb.owlapi.api.test.baseclasses.AnnotatedAxiomRountripTestCase" time="0.02"/>
  <testcase name="roundTripRDFXMLAndFunctionalShouldBeSame[13]" classname="org.semanticweb.owlapi.api.test.baseclasses.AnnotatedAxiomRountripTestCase" time="0.037"/>
  <testcase name="testJSONLD[13]" classname="org.semanticweb.owlapi.api.test.baseclasses.AnnotatedAxiomRountripTestCase" time="0.018"/>
  <testcase name="testNQuads[13]" classname="org.semanticweb.owlapi.api.test.baseclasses.AnnotatedAxiomRountripTestCase" time="0.016"/>
  <testcase name="testOWLXML[13]" classname="org.semanticweb.owlapi.api.test.baseclasses.AnnotatedAxiomRountripTestCase" time="0.015"/>
  <testcase name="testRDFXML[13]" classname="org.semanticweb.owlapi.api.test.baseclasses.AnnotatedAxiomRountripTestCase" time="0.016"/>
  <testcase name="testTurtle[13]" classname="org.semanticweb.owlapi.api.test.baseclasses.AnnotatedAxiomRountripTestCase" time="0.016"/>
  <testcase name="testFunctionalSyntax[13]" classname="org.semanticweb.owlapi.api.test.baseclasses.AnnotatedAxiomRountripTestCase" time="0.015"/>
  <testcase name="testManchesterOWLSyntax[14]" classname="org.semanticweb.owlapi.api.test.baseclasses.AnnotatedAxiomRountripTestCase" time="0.016"/>
  <testcase name="testTrig[14]" classname="org.semanticweb.owlapi.api.test.baseclasses.AnnotatedAxiomRountripTestCase" time="0.017"/>
  <testcase name="testRDFJSON[14]" classname="org.semanticweb.owlapi.api.test.baseclasses.AnnotatedAxiomRountripTestCase" time="0.016"/>
  <testcase name="testNTriples[14]" classname="org.semanticweb.owlapi.api.test.baseclasses.AnnotatedAxiomRountripTestCase" time="0.019"/>
  <testcase name="roundTripRDFXMLAndFunctionalShouldBeSame[14]" classname="org.semanticweb.owlapi.api.test.baseclasses.AnnotatedAxiomRountripTestCase" time="0.052"/>
  <testcase name="testJSONLD[14]" classname="org.semanticweb.owlapi.api.test.baseclasses.AnnotatedAxiomRountripTestCase" time="0.016"/>
  <testcase name="testNQuads[14]" classname="org.semanticweb.owlapi.api.test.baseclasses.AnnotatedAxiomRountripTestCase" time="0.021"/>
  <testcase name="testOWLXML[14]" classname="org.semanticweb.owlapi.api.test.baseclasses.AnnotatedAxiomRountripTestCase" time="0.016"/>
  <testcase name="testRDFXML[14]" classname="org.semanticweb.owlapi.api.test.baseclasses.AnnotatedAxiomRountripTestCase" time="0.016"/>
  <testcase name="testTurtle[14]" classname="org.semanticweb.owlapi.api.test.baseclasses.AnnotatedAxiomRountripTestCase" time="0.015"/>
  <testcase name="testFunctionalSyntax[14]" classname="org.semanticweb.owlapi.api.test.baseclasses.AnnotatedAxiomRountripTestCase" time="0.015"/>
  <testcase name="testManchesterOWLSyntax[15]" classname="org.semanticweb.owlapi.api.test.baseclasses.AnnotatedAxiomRountripTestCase" time="0.015"/>
  <testcase name="testTrig[15]" classname="org.semanticweb.owlapi.api.test.baseclasses.AnnotatedAxiomRountripTestCase" time="0.015"/>
  <testcase name="testRDFJSON[15]" classname="org.semanticweb.owlapi.api.test.baseclasses.AnnotatedAxiomRountripTestCase" time="0.016"/>
  <testcase name="testNTriples[15]" classname="org.semanticweb.owlapi.api.test.baseclasses.AnnotatedAxiomRountripTestCase" time="0.02"/>
  <testcase name="roundTripRDFXMLAndFunctionalShouldBeSame[15]" classname="org.semanticweb.owlapi.api.test.baseclasses.AnnotatedAxiomRountripTestCase" time="0.031"/>
  <testcase name="testJSONLD[15]" classname="org.semanticweb.owlapi.api.test.baseclasses.AnnotatedAxiomRountripTestCase" time="0.017"/>
  <testcase name="testNQuads[15]" classname="org.semanticweb.owlapi.api.test.baseclasses.AnnotatedAxiomRountripTestCase" time="0.015"/>
  <testcase name="testOWLXML[15]" classname="org.semanticweb.owlapi.api.test.baseclasses.AnnotatedAxiomRountripTestCase" time="0.017"/>
  <testcase name="testRDFXML[15]" classname="org.semanticweb.owlapi.api.test.baseclasses.AnnotatedAxiomRountripTestCase" time="0.019"/>
  <testcase name="testTurtle[15]" classname="org.semanticweb.owlapi.api.test.baseclasses.AnnotatedAxiomRountripTestCase" time="0.018"/>
  <testcase name="testFunctionalSyntax[15]" classname="org.semanticweb.owlapi.api.test.baseclasses.AnnotatedAxiomRountripTestCase" time="0.017"/>
  <testcase name="testManchesterOWLSyntax[16]" classname="org.semanticweb.owlapi.api.test.baseclasses.AnnotatedAxiomRountripTestCase" time="0.016"/>
  <testcase name="testTrig[16]" classname="org.semanticweb.owlapi.api.test.baseclasses.AnnotatedAxiomRountripTestCase" time="0.028"/>
  <testcase name="testRDFJSON[16]" classname="org.semanticweb.owlapi.api.test.baseclasses.AnnotatedAxiomRountripTestCase" time="0.018"/>
  <testcase name="testNTriples[16]" classname="org.semanticweb.owlapi.api.test.baseclasses.AnnotatedAxiomRountripTestCase" time="0.027"/>
  <testcase name="roundTripRDFXMLAndFunctionalShouldBeSame[16]" classname="org.semanticweb.owlapi.api.test.baseclasses.AnnotatedAxiomRountripTestCase" time="0.034"/>
  <testcase name="testJSONLD[16]" classname="org.semanticweb.owlapi.api.test.baseclasses.AnnotatedAxiomRountripTestCase" time="0.019"/>
  <testcase name="testNQuads[16]" classname="org.semanticweb.owlapi.api.test.baseclasses.AnnotatedAxiomRountripTestCase" time="0.016"/>
  <testcase name="testOWLXML[16]" classname="org.semanticweb.owlapi.api.test.baseclasses.AnnotatedAxiomRountripTestCase" time="0.018"/>
  <testcase name="testRDFXML[16]" classname="org.semanticweb.owlapi.api.test.baseclasses.AnnotatedAxiomRountripTestCase" time="0.017"/>
  <testcase name="testTurtle[16]" classname="org.semanticweb.owlapi.api.test.baseclasses.AnnotatedAxiomRountripTestCase" time="0.016"/>
  <testcase name="testFunctionalSyntax[16]" classname="org.semanticweb.owlapi.api.test.baseclasses.AnnotatedAxiomRountripTestCase" time="0.018"/>
  <testcase name="testManchesterOWLSyntax[17]" classname="org.semanticweb.owlapi.api.test.baseclasses.AnnotatedAxiomRountripTestCase" time="0.014"/>
  <testcase name="testTrig[17]" classname="org.semanticweb.owlapi.api.test.baseclasses.AnnotatedAxiomRountripTestCase" time="0.015"/>
  <testcase name="testRDFJSON[17]" classname="org.semanticweb.owlapi.api.test.baseclasses.AnnotatedAxiomRountripTestCase" time="0.015"/>
  <testcase name="testNTriples[17]" classname="org.semanticweb.owlapi.api.test.baseclasses.AnnotatedAxiomRountripTestCase" time="0.014"/>
  <testcase name="roundTripRDFXMLAndFunctionalShouldBeSame[17]" classname="org.semanticweb.owlapi.api.test.baseclasses.AnnotatedAxiomRountripTestCase" time="0.029"/>
  <testcase name="testJSONLD[17]" classname="org.semanticweb.owlapi.api.test.baseclasses.AnnotatedAxiomRountripTestCase" time="0.023"/>
  <testcase name="testNQuads[17]" classname="org.semanticweb.owlapi.api.test.baseclasses.AnnotatedAxiomRountripTestCase" time="0.015"/>
  <testcase name="testOWLXML[17]" classname="org.semanticweb.owlapi.api.test.baseclasses.AnnotatedAxiomRountripTestCase" time="0.037"/>
  <testcase name="testRDFXML[17]" classname="org.semanticweb.owlapi.api.test.baseclasses.AnnotatedAxiomRountripTestCase" time="0.019"/>
  <testcase name="testTurtle[17]" classname="org.semanticweb.owlapi.api.test.baseclasses.AnnotatedAxiomRountripTestCase" time="0.017"/>
  <testcase name="testFunctionalSyntax[17]" classname="org.semanticweb.owlapi.api.test.baseclasses.AnnotatedAxiomRountripTestCase" time="0.018"/>
  <testcase name="testManchesterOWLSyntax[18]" classname="org.semanticweb.owlapi.api.test.baseclasses.AnnotatedAxiomRountripTestCase" time="0.02"/>
  <testcase name="testTrig[18]" classname="org.semanticweb.owlapi.api.test.baseclasses.AnnotatedAxiomRountripTestCase" time="0.015"/>
  <testcase name="testRDFJSON[18]" classname="org.semanticweb.owlapi.api.test.baseclasses.AnnotatedAxiomRountripTestCase" time="0.015"/>
  <testcase name="testNTriples[18]" classname="org.semanticweb.owlapi.api.test.baseclasses.AnnotatedAxiomRountripTestCase" time="0.013"/>
  <testcase name="roundTripRDFXMLAndFunctionalShouldBeSame[18]" classname="org.semanticweb.owlapi.api.test.baseclasses.AnnotatedAxiomRountripTestCase" time="0.025"/>
  <testcase name="testJSONLD[18]" classname="org.semanticweb.owlapi.api.test.baseclasses.AnnotatedAxiomRountripTestCase" time="0.01"/>
  <testcase name="testNQuads[18]" classname="org.semanticweb.owlapi.api.test.baseclasses.AnnotatedAxiomRountripTestCase" time="0.014"/>
  <testcase name="testOWLXML[18]" classname="org.semanticweb.owlapi.api.test.baseclasses.AnnotatedAxiomRountripTestCase" time="0.014"/>
  <testcase name="testRDFXML[18]" classname="org.semanticweb.owlapi.api.test.baseclasses.AnnotatedAxiomRountripTestCase" time="0.014"/>
  <testcase name="testTurtle[18]" classname="org.semanticweb.owlapi.api.test.baseclasses.AnnotatedAxiomRountripTestCase" time="0.01"/>
  <testcase name="testFunctionalSyntax[18]" classname="org.semanticweb.owlapi.api.test.baseclasses.AnnotatedAxiomRountripTestCase" time="0.012"/>
  <testcase name="testTrig[19]" classname="org.semanticweb.owlapi.api.test.baseclasses.AnnotatedAxiomRountripTestCase" time="0.012"/>
  <testcase name="testManchesterOWLSyntax[19]" classname="org.semanticweb.owlapi.api.test.baseclasses.AnnotatedAxiomRountripTestCase" time="0.016"/>
  <testcase name="testRDFJSON[19]" classname="org.semanticweb.owlapi.api.test.baseclasses.AnnotatedAxiomRountripTestCase" time="0.017"/>
  <testcase name="testNTriples[19]" classname="org.semanticweb.owlapi.api.test.baseclasses.AnnotatedAxiomRountripTestCase" time="0.017"/>
  <testcase name="roundTripRDFXMLAndFunctionalShouldBeSame[19]" classname="org.semanticweb.owlapi.api.test.baseclasses.AnnotatedAxiomRountripTestCase" time="0.03"/>
  <testcase name="testJSONLD[19]" classname="org.semanticweb.owlapi.api.test.baseclasses.AnnotatedAxiomRountripTestCase" time="0.016"/>
  <testcase name="testNQuads[19]" classname="org.semanticweb.owlapi.api.test.baseclasses.AnnotatedAxiomRountripTestCase" time="0.017"/>
  <testcase name="testOWLXML[19]" classname="org.semanticweb.owlapi.api.test.baseclasses.AnnotatedAxiomRountripTestCase" time="0.029"/>
  <testcase name="testRDFXML[19]" classname="org.semanticweb.owlapi.api.test.baseclasses.AnnotatedAxiomRountripTestCase" time="0.024"/>
  <testcase name="testTurtle[19]" classname="org.semanticweb.owlapi.api.test.baseclasses.AnnotatedAxiomRountripTestCase" time="0.01"/>
  <testcase name="testFunctionalSyntax[19]" classname="org.semanticweb.owlapi.api.test.baseclasses.AnnotatedAxiomRountripTestCase" time="0.01"/>
  <testcase name="testTrig[20]" classname="org.semanticweb.owlapi.api.test.baseclasses.AnnotatedAxiomRountripTestCase" time="0.017"/>
  <testcase name="testManchesterOWLSyntax[20]" classname="org.semanticweb.owlapi.api.test.baseclasses.AnnotatedAxiomRountripTestCase" time="0.016"/>
  <testcase name="testRDFJSON[20]" classname="org.semanticweb.owlapi.api.test.baseclasses.AnnotatedAxiomRountripTestCase" time="0.017"/>
  <testcase name="testNTriples[20]" classname="org.semanticweb.owlapi.api.test.baseclasses.AnnotatedAxiomRountripTestCase" time="0.016"/>
  <testcase name="roundTripRDFXMLAndFunctionalShouldBeSame[20]" classname="org.semanticweb.owlapi.api.test.baseclasses.AnnotatedAxiomRountripTestCase" time="0.03"/>
  <testcase name="testJSONLD[20]" classname="org.semanticweb.owlapi.api.test.baseclasses.AnnotatedAxiomRountripTestCase" time="0.018"/>
  <testcase name="testNQuads[20]" classname="org.semanticweb.owlapi.api.test.baseclasses.AnnotatedAxiomRountripTestCase" time="0.017"/>
  <testcase name="testOWLXML[20]" classname="org.semanticweb.owlapi.api.test.baseclasses.AnnotatedAxiomRountripTestCase" time="0.024"/>
  <testcase name="testRDFXML[20]" classname="org.semanticweb.owlapi.api.test.baseclasses.AnnotatedAxiomRountripTestCase" time="0.018"/>
  <testcase name="testTurtle[20]" classname="org.semanticweb.owlapi.api.test.baseclasses.AnnotatedAxiomRountripTestCase" time="0.019"/>
  <testcase name="testFunctionalSyntax[20]" classname="org.semanticweb.owlapi.api.test.baseclasses.AnnotatedAxiomRountripTestCase" time="0.019"/>
  <testcase name="testManchesterOWLSyntax[21]" classname="org.semanticweb.owlapi.api.test.baseclasses.AnnotatedAxiomRountripTestCase" time="0.009"/>
  <testcase name="testTrig[21]" classname="org.semanticweb.owlapi.api.test.baseclasses.AnnotatedAxiomRountripTestCase" time="0.01"/>
  <testcase name="testRDFJSON[21]" classname="org.semanticweb.owlapi.api.test.baseclasses.AnnotatedAxiomRountripTestCase" time="0.011"/>
  <testcase name="testNTriples[21]" classname="org.semanticweb.owlapi.api.test.baseclasses.AnnotatedAxiomRountripTestCase" time="0.01"/>
  <testcase name="testJSONLD[21]" classname="org.semanticweb.owlapi.api.test.baseclasses.AnnotatedAxiomRountripTestCase" time="0.018"/>
  <testcase name="roundTripRDFXMLAndFunctionalShouldBeSame[21]" classname="org.semanticweb.owlapi.api.test.baseclasses.AnnotatedAxiomRountripTestCase" time="0.032"/>
  <testcase name="testNQuads[21]" classname="org.semanticweb.owlapi.api.test.baseclasses.AnnotatedAxiomRountripTestCase" time="0.019"/>
  <testcase name="testOWLXML[21]" classname="org.semanticweb.owlapi.api.test.baseclasses.AnnotatedAxiomRountripTestCase" time="0.013"/>
  <testcase name="testRDFXML[21]" classname="org.semanticweb.owlapi.api.test.baseclasses.AnnotatedAxiomRountripTestCase" time="0.013"/>
  <testcase name="testTurtle[21]" classname="org.semanticweb.owlapi.api.test.baseclasses.AnnotatedAxiomRountripTestCase" time="0.012"/>
  <testcase name="testFunctionalSyntax[21]" classname="org.semanticweb.owlapi.api.test.baseclasses.AnnotatedAxiomRountripTestCase" time="0.011"/>
  <testcase name="testTrig[22]" classname="org.semanticweb.owlapi.api.test.baseclasses.AnnotatedAxiomRountripTestCase" time="0.01"/>
  <testcase name="testManchesterOWLSyntax[22]" classname="org.semanticweb.owlapi.api.test.baseclasses.AnnotatedAxiomRountripTestCase" time="0.01"/>
  <testcase name="testRDFJSON[22]" classname="org.semanticweb.owlapi.api.test.baseclasses.AnnotatedAxiomRountripTestCase" time="0.016"/>
  <testcase name="testNTriples[22]" classname="org.semanticweb.owlapi.api.test.baseclasses.AnnotatedAxiomRountripTestCase" time="0.015"/>
  <testcase name="roundTripRDFXMLAndFunctionalShouldBeSame[22]" classname="org.semanticweb.owlapi.api.test.baseclasses.AnnotatedAxiomRountripTestCase" time="0.03"/>
  <testcase name="testJSONLD[22]" classname="org.semanticweb.owlapi.api.test.baseclasses.AnnotatedAxiomRountripTestCase" time="0.018"/>
  <testcase name="testNQuads[22]" classname="org.semanticweb.owlapi.api.test.baseclasses.AnnotatedAxiomRountripTestCase" time="0.018"/>
  <testcase name="testOWLXML[22]" classname="org.semanticweb.owlapi.api.test.baseclasses.AnnotatedAxiomRountripTestCase" time="0.013"/>
  <testcase name="testRDFXML[22]" classname="org.semanticweb.owlapi.api.test.baseclasses.AnnotatedAxiomRountripTestCase" time="0.013"/>
  <testcase name="testTurtle[22]" classname="org.semanticweb.owlapi.api.test.baseclasses.AnnotatedAxiomRountripTestCase" time="0.01"/>
  <testcase name="testFunctionalSyntax[22]" classname="org.semanticweb.owlapi.api.test.baseclasses.AnnotatedAxiomRountripTestCase" time="0.01"/>
  <testcase name="testManchesterOWLSyntax[23]" classname="org.semanticweb.owlapi.api.test.baseclasses.AnnotatedAxiomRountripTestCase" time="0.009"/>
  <testcase name="testTrig[23]" classname="org.semanticweb.owlapi.api.test.baseclasses.AnnotatedAxiomRountripTestCase" time="0.01"/>
  <testcase name="testRDFJSON[23]" classname="org.semanticweb.owlapi.api.test.baseclasses.AnnotatedAxiomRountripTestCase" time="0.01"/>
  <testcase name="testNTriples[23]" classname="org.semanticweb.owlapi.api.test.baseclasses.AnnotatedAxiomRountripTestCase" time="0.01"/>
  <testcase name="roundTripRDFXMLAndFunctionalShouldBeSame[23]" classname="org.semanticweb.owlapi.api.test.baseclasses.AnnotatedAxiomRountripTestCase" time="0.021"/>
  <testcase name="testJSONLD[23]" classname="org.semanticweb.owlapi.api.test.baseclasses.AnnotatedAxiomRountripTestCase" time="0.016"/>
  <testcase name="testNQuads[23]" classname="org.semanticweb.owlapi.api.test.baseclasses.AnnotatedAxiomRountripTestCase" time="0.016"/>
  <testcase name="testOWLXML[23]" classname="org.semanticweb.owlapi.api.test.baseclasses.AnnotatedAxiomRountripTestCase" time="0.018"/>
  <testcase name="testRDFXML[23]" classname="org.semanticweb.owlapi.api.test.baseclasses.AnnotatedAxiomRountripTestCase" time="0.011"/>
  <testcase name="testTurtle[23]" classname="org.semanticweb.owlapi.api.test.baseclasses.AnnotatedAxiomRountripTestCase" time="0.011"/>
  <testcase name="testFunctionalSyntax[23]" classname="org.semanticweb.owlapi.api.test.baseclasses.AnnotatedAxiomRountripTestCase" time="0.011"/>
  <testcase name="testManchesterOWLSyntax[24]" classname="org.semanticweb.owlapi.api.test.baseclasses.AnnotatedAxiomRountripTestCase" time="0.009"/>
  <testcase name="testTrig[24]" classname="org.semanticweb.owlapi.api.test.baseclasses.AnnotatedAxiomRountripTestCase" time="0.01"/>
  <testcase name="testRDFJSON[24]" classname="org.semanticweb.owlapi.api.test.baseclasses.AnnotatedAxiomRountripTestCase" time="0.011"/>
  <testcase name="testNTriples[24]" classname="org.semanticweb.owlapi.api.test.baseclasses.AnnotatedAxiomRountripTestCase" time="0.01"/>
  <testcase name="roundTripRDFXMLAndFunctionalShouldBeSame[24]" classname="org.semanticweb.owlapi.api.test.baseclasses.AnnotatedAxiomRountripTestCase" time="0.032"/>
  <testcase name="testJSONLD[24]" classname="org.semanticweb.owlapi.api.test.baseclasses.AnnotatedAxiomRountripTestCase" time="0.018"/>
  <testcase name="testNQuads[24]" classname="org.semanticweb.owlapi.api.test.baseclasses.AnnotatedAxiomRountripTestCase" time="0.017"/>
  <testcase name="testOWLXML[24]" classname="org.semanticweb.owlapi.api.test.baseclasses.AnnotatedAxiomRountripTestCase" time="0.015"/>
  <testcase name="testRDFXML[24]" classname="org.semanticweb.owlapi.api.test.baseclasses.AnnotatedAxiomRountripTestCase" time="0.014"/>
  <testcase name="testTurtle[24]" classname="org.semanticweb.owlapi.api.test.baseclasses.AnnotatedAxiomRountripTestCase" time="0.014"/>
  <testcase name="testFunctionalSyntax[24]" classname="org.semanticweb.owlapi.api.test.baseclasses.AnnotatedAxiomRountripTestCase" time="0.013"/>
  <testcase name="testTrig[25]" classname="org.semanticweb.owlapi.api.test.baseclasses.AnnotatedAxiomRountripTestCase" time="0.015"/>
  <testcase name="testManchesterOWLSyntax[25]" classname="org.semanticweb.owlapi.api.test.baseclasses.AnnotatedAxiomRountripTestCase" time="0.015"/>
  <testcase name="testRDFJSON[25]" classname="org.semanticweb.owlapi.api.test.baseclasses.AnnotatedAxiomRountripTestCase" time="0.016"/>
  <testcase name="testNTriples[25]" classname="org.semanticweb.owlapi.api.test.baseclasses.AnnotatedAxiomRountripTestCase" time="0.011"/>
  <testcase name="roundTripRDFXMLAndFunctionalShouldBeSame[25]" classname="org.semanticweb.owlapi.api.test.baseclasses.AnnotatedAxiomRountripTestCase" time="0.024"/>
  <testcase name="testJSONLD[25]" classname="org.semanticweb.owlapi.api.test.baseclasses.AnnotatedAxiomRountripTestCase" time="0.017"/>
  <testcase name="testNQuads[25]" classname="org.semanticweb.owlapi.api.test.baseclasses.AnnotatedAxiomRountripTestCase" time="0.01"/>
  <testcase name="testOWLXML[25]" classname="org.semanticweb.owlapi.api.test.baseclasses.AnnotatedAxiomRountripTestCase" time="0.022"/>
  <testcase name="testRDFXML[25]" classname="org.semanticweb.owlapi.api.test.baseclasses.AnnotatedAxiomRountripTestCase" time="0.018"/>
  <testcase name="testTurtle[25]" classname="org.semanticweb.owlapi.api.test.baseclasses.AnnotatedAxiomRountripTestCase" time="0.02"/>
  <testcase name="testFunctionalSyntax[25]" classname="org.semanticweb.owlapi.api.test.baseclasses.AnnotatedAxiomRountripTestCase" time="0.02"/>
  <testcase name="testTrig[26]" classname="org.semanticweb.owlapi.api.test.baseclasses.AnnotatedAxiomRountripTestCase" time="0.016"/>
  <testcase name="testManchesterOWLSyntax[26]" classname="org.semanticweb.owlapi.api.test.baseclasses.AnnotatedAxiomRountripTestCase" time="0.016"/>
  <testcase name="testRDFJSON[26]" classname="org.semanticweb.owlapi.api.test.baseclasses.AnnotatedAxiomRountripTestCase" time="0.01"/>
  <testcase name="testNTriples[26]" classname="org.semanticweb.owlapi.api.test.baseclasses.AnnotatedAxiomRountripTestCase" time="0.01"/>
  <testcase name="roundTripRDFXMLAndFunctionalShouldBeSame[26]" classname="org.semanticweb.owlapi.api.test.baseclasses.AnnotatedAxiomRountripTestCase" time="0.018"/>
  <testcase name="testJSONLD[26]" classname="org.semanticweb.owlapi.api.test.baseclasses.AnnotatedAxiomRountripTestCase" time="0.01"/>
  <testcase name="testNQuads[26]" classname="org.semanticweb.owlapi.api.test.baseclasses.AnnotatedAxiomRountripTestCase" time="0.01"/>
  <testcase name="testOWLXML[26]" classname="org.semanticweb.owlapi.api.test.baseclasses.AnnotatedAxiomRountripTestCase" time="0.012"/>
  <testcase name="testRDFXML[26]" classname="org.semanticweb.owlapi.api.test.baseclasses.AnnotatedAxiomRountripTestCase" time="0.01"/>
  <testcase name="testFunctionalSyntax[26]" classname="org.semanticweb.owlapi.api.test.baseclasses.AnnotatedAxiomRountripTestCase" time="0.01"/>
  <testcase name="testTurtle[26]" classname="org.semanticweb.owlapi.api.test.baseclasses.AnnotatedAxiomRountripTestCase" time="0.01"/>
  <testcase name="testManchesterOWLSyntax[27]" classname="org.semanticweb.owlapi.api.test.baseclasses.AnnotatedAxiomRountripTestCase" time="0.016"/>
  <testcase name="testTrig[27]" classname="org.semanticweb.owlapi.api.test.baseclasses.AnnotatedAxiomRountripTestCase" time="0.013"/>
  <testcase name="testRDFJSON[27]" classname="org.semanticweb.owlapi.api.test.baseclasses.AnnotatedAxiomRountripTestCase" time="0.017"/>
  <testcase name="testNTriples[27]" classname="org.semanticweb.owlapi.api.test.baseclasses.AnnotatedAxiomRountripTestCase" time="0.017"/>
  <testcase name="roundTripRDFXMLAndFunctionalShouldBeSame[27]" classname="org.semanticweb.owlapi.api.test.baseclasses.AnnotatedAxiomRountripTestCase" time="0.036"/>
  <testcase name="testJSONLD[27]" classname="org.semanticweb.owlapi.api.test.baseclasses.AnnotatedAxiomRountripTestCase" time="0.022"/>
  <testcase name="testNQuads[27]" classname="org.semanticweb.owlapi.api.test.baseclasses.AnnotatedAxiomRountripTestCase" time="0.017"/>
  <testcase name="testOWLXML[27]" classname="org.semanticweb.owlapi.api.test.baseclasses.AnnotatedAxiomRountripTestCase" time="0.015"/>
  <testcase name="testRDFXML[27]" classname="org.semanticweb.owlapi.api.test.baseclasses.AnnotatedAxiomRountripTestCase" time="0.012"/>
  <testcase name="testTurtle[27]" classname="org.semanticweb.owlapi.api.test.baseclasses.AnnotatedAxiomRountripTestCase" time="0.017"/>
  <testcase name="testFunctionalSyntax[27]" classname="org.semanticweb.owlapi.api.test.baseclasses.AnnotatedAxiomRountripTestCase" time="0.018"/>
  <testcase name="testManchesterOWLSyntax[28]" classname="org.semanticweb.owlapi.api.test.baseclasses.AnnotatedAxiomRountripTestCase" time="0.01"/>
  <testcase name="testTrig[28]" classname="org.semanticweb.owlapi.api.test.baseclasses.AnnotatedAxiomRountripTestCase" time="0.01"/>
  <testcase name="testRDFJSON[28]" classname="org.semanticweb.owlapi.api.test.baseclasses.AnnotatedAxiomRountripTestCase" time="0.01"/>
  <testcase name="testNTriples[28]" classname="org.semanticweb.owlapi.api.test.baseclasses.AnnotatedAxiomRountripTestCase" time="0.01"/>
  <testcase name="testJSONLD[28]" classname="org.semanticweb.owlapi.api.test.baseclasses.AnnotatedAxiomRountripTestCase" time="0.017"/>
  <testcase name="roundTripRDFXMLAndFunctionalShouldBeSame[28]" classname="org.semanticweb.owlapi.api.test.baseclasses.AnnotatedAxiomRountripTestCase" time="0.023"/>
  <testcase name="testNQuads[28]" classname="org.semanticweb.owlapi.api.test.baseclasses.AnnotatedAxiomRountripTestCase" time="0.015"/>
  <testcase name="testOWLXML[28]" classname="org.semanticweb.owlapi.api.test.baseclasses.AnnotatedAxiomRountripTestCase" time="0.011"/>
  <testcase name="testRDFXML[28]" classname="org.semanticweb.owlapi.api.test.baseclasses.AnnotatedAxiomRountripTestCase" time="0.016"/>
  <testcase name="testTurtle[28]" classname="org.semanticweb.owlapi.api.test.baseclasses.AnnotatedAxiomRountripTestCase" time="0.01"/>
  <testcase name="testFunctionalSyntax[28]" classname="org.semanticweb.owlapi.api.test.baseclasses.AnnotatedAxiomRountripTestCase" time="0.009"/>
  <testcase name="testManchesterOWLSyntax[29]" classname="org.semanticweb.owlapi.api.test.baseclasses.AnnotatedAxiomRountripTestCase" time="0.01"/>
  <testcase name="testTrig[29]" classname="org.semanticweb.owlapi.api.test.baseclasses.AnnotatedAxiomRountripTestCase" time="0.011"/>
  <testcase name="testRDFJSON[29]" classname="org.semanticweb.owlapi.api.test.baseclasses.AnnotatedAxiomRountripTestCase" time="0.017"/>
  <testcase name="testNTriples[29]" classname="org.semanticweb.owlapi.api.test.baseclasses.AnnotatedAxiomRountripTestCase" time="0.016"/>
  <testcase name="roundTripRDFXMLAndFunctionalShouldBeSame[29]" classname="org.semanticweb.owlapi.api.test.baseclasses.AnnotatedAxiomRountripTestCase" time="0.033"/>
  <testcase name="testJSONLD[29]" classname="org.semanticweb.owlapi.api.test.baseclasses.AnnotatedAxiomRountripTestCase" time="0.018"/>
  <testcase name="testNQuads[29]" classname="org.semanticweb.owlapi.api.test.baseclasses.AnnotatedAxiomRountripTestCase" time="0.015"/>
  <testcase name="testOWLXML[29]" classname="org.semanticweb.owlapi.api.test.baseclasses.AnnotatedAxiomRountripTestCase" time="0.017"/>
  <testcase name="testRDFXML[29]" classname="org.semanticweb.owlapi.api.test.baseclasses.AnnotatedAxiomRountripTestCase" time="0.02"/>
  <testcase name="testTurtle[29]" classname="org.semanticweb.owlapi.api.test.baseclasses.AnnotatedAxiomRountripTestCase" time="0.012"/>
  <testcase name="testFunctionalSyntax[29]" classname="org.semanticweb.owlapi.api.test.baseclasses.AnnotatedAxiomRountripTestCase" time="0.016"/>
</testsuite>