<?xml version="1.0" encoding="UTF-8"?>
<testsuite name="org.semanticweb.owlapi.api.test.baseclasses.AnnotatedAxiomRoundtripExceptManchesterSyntaxTestCase" time="1.368" tests="66" errors="0" skipped="0" failures="0">
  <properties>
    <property name="java.runtime.name" value="OpenJDK Runtime Environment"/>
    <property name="sun.boot.library.path" value="/usr/lib/jvm/java-8-openjdk-amd64/jre/lib/amd64"/>
    <property name="java.vm.version" value="25.292-b10"/>
    <property name="java.vm.vendor" value="Private Build"/>
    <property name="maven.multiModuleProjectDirectory" value="/home/suvarna/Vinay/Sept-2021/owlapi-a77ee9c4fded63ebc7af16e357b8cb32b638f8cd"/>
    <property name="java.vendor.url" value="http://java.oracle.com/"/>
    <property name="path.separator" value=":"/>
    <property name="guice.disable.misplaced.annotation.check" value="true"/>
    <property name="java.vm.name" value="OpenJDK 64-Bit Server VM"/>
    <property name="file.encoding.pkg" value="sun.io"/>
    <property name="user.country" value="IN"/>
    <property name="sun.java.launcher" value="SUN_STANDARD"/>
    <property name="sun.os.patch.level" value="unknown"/>
    <property name="java.vm.specification.name" value="Java Virtual Machine Specification"/>
    <property name="user.dir" value="/home/suvarna/Vinay/Sept-2021/owlapi-a77ee9c4fded63ebc7af16e357b8cb32b638f8cd"/>
    <property name="java.runtime.version" value="1.8.0_292-8u292-b10-0ubuntu1~16.04.1-b10"/>
    <property name="java.awt.graphicsenv" value="sun.awt.X11GraphicsEnvironment"/>
    <property name="java.endorsed.dirs" value="/usr/lib/jvm/java-8-openjdk-amd64/jre/lib/endorsed"/>
    <property name="os.arch" value="amd64"/>
    <property name="java.io.tmpdir" value="/tmp"/>
    <property name="line.separator" value="&#10;"/>
    <property name="java.vm.specification.vendor" value="Oracle Corporation"/>
    <property name="os.name" value="Linux"/>
    <property name="classworlds.conf" value="/home/suvarna/maven/apache-maven-3.6.3/bin/m2.conf"/>
    <property name="sun.jnu.encoding" value="UTF-8"/>
    <property name="java.library.path" value="/usr/java/packages/lib/amd64:/usr/lib/x86_64-linux-gnu/jni:/lib/x86_64-linux-gnu:/usr/lib/x86_64-linux-gnu:/usr/lib/jni:/lib:/usr/lib"/>
    <property name="maven.conf" value="/home/suvarna/maven/apache-maven-3.6.3/conf"/>
    <property name="java.specification.name" value="Java Platform API Specification"/>
    <property name="java.class.version" value="52.0"/>
    <property name="sun.management.compiler" value="HotSpot 64-Bit Tiered Compilers"/>
    <property name="os.version" value="4.15.0-142-generic"/>
    <property name="library.jansi.path" value="/home/suvarna/maven/apache-maven-3.6.3/lib/jansi-native"/>
    <property name="user.home" value="/home/suvarna"/>
    <property name="user.timezone" value="Asia/Kolkata"/>
    <property name="java.awt.printerjob" value="sun.print.PSPrinterJob"/>
    <property name="java.specification.version" value="1.8"/>
    <property name="file.encoding" value="UTF-8"/>
    <property name="user.name" value="suvarna"/>
    <property name="java.class.path" value="/home/suvarna/maven/apache-maven-3.6.3/boot/plexus-classworlds-2.6.0.jar"/>
    <property name="java.vm.specification.version" value="1.8"/>
    <property name="sun.arch.data.model" value="64"/>
    <property name="java.home" value="/usr/lib/jvm/java-8-openjdk-amd64/jre"/>
    <property name="sun.java.command" value="org.codehaus.plexus.classworlds.launcher.Launcher test"/>
    <property name="java.specification.vendor" value="Oracle Corporation"/>
    <property name="user.language" value="en"/>
    <property name="awt.toolkit" value="sun.awt.X11.XToolkit"/>
    <property name="java.vm.info" value="mixed mode"/>
    <property name="java.version" value="1.8.0_292"/>
    <property name="java.ext.dirs" value="/usr/lib/jvm/java-8-openjdk-amd64/jre/lib/ext:/usr/java/packages/lib/ext"/>
    <property name="securerandom.source" value="file:/dev/./urandom"/>
    <property name="sun.boot.class.path" value="/usr/lib/jvm/java-8-openjdk-amd64/jre/lib/resources.jar:/usr/lib/jvm/java-8-openjdk-amd64/jre/lib/rt.jar:/usr/lib/jvm/java-8-openjdk-amd64/jre/lib/sunrsasign.jar:/usr/lib/jvm/java-8-openjdk-amd64/jre/lib/jsse.jar:/usr/lib/jvm/java-8-openjdk-amd64/jre/lib/jce.jar:/usr/lib/jvm/java-8-openjdk-amd64/jre/lib/charsets.jar:/usr/lib/jvm/java-8-openjdk-amd64/jre/lib/jfr.jar:/usr/lib/jvm/java-8-openjdk-amd64/jre/classes"/>
    <property name="java.vendor" value="Private Build"/>
    <property name="maven.home" value="/home/suvarna/maven/apache-maven-3.6.3"/>
    <property name="file.separator" value="/"/>
    <property name="java.vendor.url.bug" value="http://bugreport.sun.com/bugreport/"/>
    <property name="sun.cpu.endian" value="little"/>
    <property name="sun.io.unicode.encoding" value="UnicodeLittle"/>
    <property name="sun.desktop" value="gnome"/>
    <property name="sun.cpu.isalist" value=""/>
  </properties>
  <testcase name="testTrig[0]" classname="org.semanticweb.owlapi.api.test.baseclasses.AnnotatedAxiomRoundtripExceptManchesterSyntaxTestCase" time="0.017"/>
  <testcase name="testManchesterOWLSyntax[0]" classname="org.semanticweb.owlapi.api.test.baseclasses.AnnotatedAxiomRoundtripExceptManchesterSyntaxTestCase" time="0.001"/>
  <testcase name="testRDFJSON[0]" classname="org.semanticweb.owlapi.api.test.baseclasses.AnnotatedAxiomRoundtripExceptManchesterSyntaxTestCase" time="0.028"/>
  <testcase name="testNTriples[0]" classname="org.semanticweb.owlapi.api.test.baseclasses.AnnotatedAxiomRoundtripExceptManchesterSyntaxTestCase" time="0.013"/>
  <testcase name="roundTripRDFXMLAndFunctionalShouldBeSame[0]" classname="org.semanticweb.owlapi.api.test.baseclasses.AnnotatedAxiomRoundtripExceptManchesterSyntaxTestCase" time="0.062"/>
  <testcase name="testJSONLD[0]" classname="org.semanticweb.owlapi.api.test.baseclasses.AnnotatedAxiomRoundtripExceptManchesterSyntaxTestCase" time="0.022"/>
  <testcase name="testNQuads[0]" classname="org.semanticweb.owlapi.api.test.baseclasses.AnnotatedAxiomRoundtripExceptManchesterSyntaxTestCase" time="0.024"/>
  <testcase name="testOWLXML[0]" classname="org.semanticweb.owlapi.api.test.baseclasses.AnnotatedAxiomRoundtripExceptManchesterSyntaxTestCase" time="0.03"/>
  <testcase name="testRDFXML[0]" classname="org.semanticweb.owlapi.api.test.baseclasses.AnnotatedAxiomRoundtripExceptManchesterSyntaxTestCase" time="0.021"/>
  <testcase name="testTurtle[0]" classname="org.semanticweb.owlapi.api.test.baseclasses.AnnotatedAxiomRoundtripExceptManchesterSyntaxTestCase" time="0.02"/>
  <testcase name="testFunctionalSyntax[0]" classname="org.semanticweb.owlapi.api.test.baseclasses.AnnotatedAxiomRoundtripExceptManchesterSyntaxTestCase" time="0.02"/>
  <testcase name="testManchesterOWLSyntax[1]" classname="org.semanticweb.owlapi.api.test.baseclasses.AnnotatedAxiomRoundtripExceptManchesterSyntaxTestCase" time="0"/>
  <testcase name="testTrig[1]" classname="org.semanticweb.owlapi.api.test.baseclasses.AnnotatedAxiomRoundtripExceptManchesterSyntaxTestCase" time="0.025"/>
  <testcase name="testRDFJSON[1]" classname="org.semanticweb.owlapi.api.test.baseclasses.AnnotatedAxiomRoundtripExceptManchesterSyntaxTestCase" time="0.02"/>
  <testcase name="testNTriples[1]" classname="org.semanticweb.owlapi.api.test.baseclasses.AnnotatedAxiomRoundtripExceptManchesterSyntaxTestCase" time="0.019"/>
  <testcase name="roundTripRDFXMLAndFunctionalShouldBeSame[1]" classname="org.semanticweb.owlapi.api.test.baseclasses.AnnotatedAxiomRoundtripExceptManchesterSyntaxTestCase" time="0.039"/>
  <testcase name="testJSONLD[1]" classname="org.semanticweb.owlapi.api.test.baseclasses.AnnotatedAxiomRoundtripExceptManchesterSyntaxTestCase" time="0.021"/>
  <testcase name="testNQuads[1]" classname="org.semanticweb.owlapi.api.test.baseclasses.AnnotatedAxiomRoundtripExceptManchesterSyntaxTestCase" time="0.02"/>
  <testcase name="testOWLXML[1]" classname="org.semanticweb.owlapi.api.test.baseclasses.AnnotatedAxiomRoundtripExceptManchesterSyntaxTestCase" time="0.017"/>
  <testcase name="testRDFXML[1]" classname="org.semanticweb.owlapi.api.test.baseclasses.AnnotatedAxiomRoundtripExceptManchesterSyntaxTestCase" time="0.019"/>
  <testcase name="testTurtle[1]" classname="org.semanticweb.owlapi.api.test.baseclasses.AnnotatedAxiomRoundtripExceptManchesterSyntaxTestCase" time="0.018"/>
  <testcase name="testFunctionalSyntax[1]" classname="org.semanticweb.owlapi.api.test.baseclasses.AnnotatedAxiomRoundtripExceptManchesterSyntaxTestCase" time="0.016"/>
  <testcase name="testManchesterOWLSyntax[2]" classname="org.semanticweb.owlapi.api.test.baseclasses.AnnotatedAxiomRoundtripExceptManchesterSyntaxTestCase" time="0.001"/>
  <testcase name="testTrig[2]" classname="org.semanticweb.owlapi.api.test.baseclasses.AnnotatedAxiomRoundtripExceptManchesterSyntaxTestCase" time="0.037"/>
  <testcase name="testRDFJSON[2]" classname="org.semanticweb.owlapi.api.test.baseclasses.AnnotatedAxiomRoundtripExceptManchesterSyntaxTestCase" time="0.023"/>
  <testcase name="testNTriples[2]" classname="org.semanticweb.owlapi.api.test.baseclasses.AnnotatedAxiomRoundtripExceptManchesterSyntaxTestCase" time="0.021"/>
  <testcase name="roundTripRDFXMLAndFunctionalShouldBeSame[2]" classname="org.semanticweb.owlapi.api.test.baseclasses.AnnotatedAxiomRoundtripExceptManchesterSyntaxTestCase" time="0.041"/>
  <testcase name="testJSONLD[2]" classname="org.semanticweb.owlapi.api.test.baseclasses.AnnotatedAxiomRoundtripExceptManchesterSyntaxTestCase" time="0.02"/>
  <testcase name="testNQuads[2]" classname="org.semanticweb.owlapi.api.test.baseclasses.AnnotatedAxiomRoundtripExceptManchesterSyntaxTestCase" time="0.022"/>
  <testcase name="testOWLXML[2]" classname="org.semanticweb.owlapi.api.test.baseclasses.AnnotatedAxiomRoundtripExceptManchesterSyntaxTestCase" time="0.02"/>
  <testcase name="testRDFXML[2]" classname="org.semanticweb.owlapi.api.test.baseclasses.AnnotatedAxiomRoundtripExceptManchesterSyntaxTestCase" time="0.02"/>
  <testcase name="testTurtle[2]" classname="org.semanticweb.owlapi.api.test.baseclasses.AnnotatedAxiomRoundtripExceptManchesterSyntaxTestCase" time="0.019"/>
  <testcase name="testFunctionalSyntax[2]" classname="org.semanticweb.owlapi.api.test.baseclasses.AnnotatedAxiomRoundtripExceptManchesterSyntaxTestCase" time="0.018"/>
  <testcase name="testTrig[3]" classname="org.semanticweb.owlapi.api.test.baseclasses.AnnotatedAxiomRoundtripExceptManchesterSyntaxTestCase" time="0.024"/>
  <testcase name="testManchesterOWLSyntax[3]" classname="org.semanticweb.owlapi.api.test.baseclasses.AnnotatedAxiomRoundtripExceptManchesterSyntaxTestCase" time="0"/>
  <testcase name="testRDFJSON[3]" classname="org.semanticweb.owlapi.api.test.baseclasses.AnnotatedAxiomRoundtripExceptManchesterSyntaxTestCase" time="0.02"/>
  <testcase name="testNTriples[3]" classname="org.semanticweb.owlapi.api.test.baseclasses.AnnotatedAxiomRoundtripExceptManchesterSyntaxTestCase" time="0.021"/>
  <testcase name="roundTripRDFXMLAndFunctionalShouldBeSame[3]" classname="org.semanticweb.owlapi.api.test.baseclasses.AnnotatedAxiomRoundtripExceptManchesterSyntaxTestCase" time="0.071"/>
  <testcase name="testJSONLD[3]" classname="org.semanticweb.owlapi.api.test.baseclasses.AnnotatedAxiomRoundtripExceptManchesterSyntaxTestCase" time="0.02"/>
  <testcase name="testNQuads[3]" classname="org.semanticweb.owlapi.api.test.baseclasses.AnnotatedAxiomRoundtripExceptManchesterSyntaxTestCase" time="0.019"/>
  <testcase name="testOWLXML[3]" classname="org.semanticweb.owlapi.api.test.baseclasses.AnnotatedAxiomRoundtripExceptManchesterSyntaxTestCase" time="0.019"/>
  <testcase name="testRDFXML[3]" classname="org.semanticweb.owlapi.api.test.baseclasses.AnnotatedAxiomRoundtripExceptManchesterSyntaxTestCase" time="0.023"/>
  <testcase name="testTurtle[3]" classname="org.semanticweb.owlapi.api.test.baseclasses.AnnotatedAxiomRoundtripExceptManchesterSyntaxTestCase" time="0.02"/>
  <testcase name="testFunctionalSyntax[3]" classname="org.semanticweb.owlapi.api.test.baseclasses.AnnotatedAxiomRoundtripExceptManchesterSyntaxTestCase" time="0.017"/>
  <testcase name="testManchesterOWLSyntax[4]" classname="org.semanticweb.owlapi.api.test.baseclasses.AnnotatedAxiomRoundtripExceptManchesterSyntaxTestCase" time="0.003"/>
  <testcase name="testTrig[4]" classname="org.semanticweb.owlapi.api.test.baseclasses.AnnotatedAxiomRoundtripExceptManchesterSyntaxTestCase" time="0.029"/>
  <testcase name="testRDFJSON[4]" classname="org.semanticweb.owlapi.api.test.baseclasses.AnnotatedAxiomRoundtripExceptManchesterSyntaxTestCase" time="0.026"/>
  <testcase name="testNTriples[4]" classname="org.semanticweb.owlapi.api.test.baseclasses.AnnotatedAxiomRoundtripExceptManchesterSyntaxTestCase" time="0.019"/>
  <testcase name="roundTripRDFXMLAndFunctionalShouldBeSame[4]" classname="org.semanticweb.owlapi.api.test.baseclasses.AnnotatedAxiomRoundtripExceptManchesterSyntaxTestCase" time="0.038"/>
  <testcase name="testJSONLD[4]" classname="org.semanticweb.owlapi.api.test.baseclasses.AnnotatedAxiomRoundtripExceptManchesterSyntaxTestCase" time="0.02"/>
  <testcase name="testNQuads[4]" classname="org.semanticweb.owlapi.api.test.baseclasses.AnnotatedAxiomRoundtripExceptManchesterSyntaxTestCase" time="0.019"/>
  <testcase name="testOWLXML[4]" classname="org.semanticweb.owlapi.api.test.baseclasses.AnnotatedAxiomRoundtripExceptManchesterSyntaxTestCase" time="0.017"/>
  <testcase name="testRDFXML[4]" classname="org.semanticweb.owlapi.api.test.baseclasses.AnnotatedAxiomRoundtripExceptManchesterSyntaxTestCase" time="0.014"/>
  <testcase name="testTurtle[4]" classname="org.semanticweb.owlapi.api.test.baseclasses.AnnotatedAxiomRoundtripExceptManchesterSyntaxTestCase" time="0.024"/>
  <testcase name="testFunctionalSyntax[4]" classname="org.semanticweb.owlapi.api.test.baseclasses.AnnotatedAxiomRoundtripExceptManchesterSyntaxTestCase" time="0.026"/>
  <testcase name="testManchesterOWLSyntax[5]" classname="org.semanticweb.owlapi.api.test.baseclasses.AnnotatedAxiomRoundtripExceptManchesterSyntaxTestCase" time="0"/>
  <testcase name="testTrig[5]" classname="org.semanticweb.owlapi.api.test.baseclasses.AnnotatedAxiomRoundtripExceptManchesterSyntaxTestCase" time="0.017"/>
  <testcase name="testRDFJSON[5]" classname="org.semanticweb.owlapi.api.test.baseclasses.AnnotatedAxiomRoundtripExceptManchesterSyntaxTestCase" time="0.021"/>
  <testcase name="testNTriples[5]" classname="org.semanticweb.owlapi.api.test.baseclasses.AnnotatedAxiomRoundtripExceptManchesterSyntaxTestCase" time="0.013"/>
  <testcase name="roundTripRDFXMLAndFunctionalShouldBeSame[5]" classname="org.semanticweb.owlapi.api.test.baseclasses.AnnotatedAxiomRoundtripExceptManchesterSyntaxTestCase" time="0.027"/>
  <testcase name="testJSONLD[5]" classname="org.semanticweb.owlapi.api.test.baseclasses.AnnotatedAxiomRoundtripExceptManchesterSyntaxTestCase" time="0.015"/>
  <testcase name="testNQuads[5]" classname="org.semanticweb.owlapi.api.test.baseclasses.AnnotatedAxiomRoundtripExceptManchesterSyntaxTestCase" time="0.012"/>
  <testcase name="testOWLXML[5]" classname="org.semanticweb.owlapi.api.test.baseclasses.AnnotatedAxiomRoundtripExceptManchesterSyntaxTestCase" time="0.013"/>
  <testcase name="testRDFXML[5]" classname="org.semanticweb.owlapi.api.test.baseclasses.AnnotatedAxiomRoundtripExceptManchesterSyntaxTestCase" time="0.019"/>
  <testcase name="testTurtle[5]" classname="org.semanticweb.owlapi.api.test.baseclasses.AnnotatedAxiomRoundtripExceptManchesterSyntaxTestCase" time="0.017"/>
  <testcase name="testFunctionalSyntax[5]" classname="org.semanticweb.owlapi.api.test.baseclasses.AnnotatedAxiomRoundtripExceptManchesterSyntaxTestCase" time="0.011"/>
</testsuite>