<?xml version="1.0" encoding="UTF-8"?>
<testsuite name="org.semanticweb.owlapi.profiles.OWLProfileTestCase" time="0.422" tests="118" errors="0" skipped="0" failures="0">
  <properties>
    <property name="java.runtime.name" value="OpenJDK Runtime Environment"/>
    <property name="sun.boot.library.path" value="/usr/lib/jvm/java-8-openjdk-amd64/jre/lib/amd64"/>
    <property name="java.vm.version" value="25.292-b10"/>
    <property name="java.vm.vendor" value="Private Build"/>
    <property name="maven.multiModuleProjectDirectory" value="/home/suvarna/Vinay/Sept-2021/owlapi-a77ee9c4fded63ebc7af16e357b8cb32b638f8cd"/>
    <property name="java.vendor.url" value="http://java.oracle.com/"/>
    <property name="path.separator" value=":"/>
    <property name="guice.disable.misplaced.annotation.check" value="true"/>
    <property name="java.vm.name" value="OpenJDK 64-Bit Server VM"/>
    <property name="file.encoding.pkg" value="sun.io"/>
    <property name="user.country" value="IN"/>
    <property name="sun.java.launcher" value="SUN_STANDARD"/>
    <property name="sun.os.patch.level" value="unknown"/>
    <property name="java.vm.specification.name" value="Java Virtual Machine Specification"/>
    <property name="user.dir" value="/home/suvarna/Vinay/Sept-2021/owlapi-a77ee9c4fded63ebc7af16e357b8cb32b638f8cd"/>
    <property name="java.runtime.version" value="1.8.0_292-8u292-b10-0ubuntu1~16.04.1-b10"/>
    <property name="java.awt.graphicsenv" value="sun.awt.X11GraphicsEnvironment"/>
    <property name="java.endorsed.dirs" value="/usr/lib/jvm/java-8-openjdk-amd64/jre/lib/endorsed"/>
    <property name="os.arch" value="amd64"/>
    <property name="java.io.tmpdir" value="/tmp"/>
    <property name="line.separator" value="&#10;"/>
    <property name="java.vm.specification.vendor" value="Oracle Corporation"/>
    <property name="os.name" value="Linux"/>
    <property name="classworlds.conf" value="/home/suvarna/maven/apache-maven-3.6.3/bin/m2.conf"/>
    <property name="sun.jnu.encoding" value="UTF-8"/>
    <property name="java.library.path" value="/usr/java/packages/lib/amd64:/usr/lib/x86_64-linux-gnu/jni:/lib/x86_64-linux-gnu:/usr/lib/x86_64-linux-gnu:/usr/lib/jni:/lib:/usr/lib"/>
    <property name="maven.conf" value="/home/suvarna/maven/apache-maven-3.6.3/conf"/>
    <property name="java.specification.name" value="Java Platform API Specification"/>
    <property name="java.class.version" value="52.0"/>
    <property name="sun.management.compiler" value="HotSpot 64-Bit Tiered Compilers"/>
    <property name="os.version" value="4.15.0-142-generic"/>
    <property name="library.jansi.path" value="/home/suvarna/maven/apache-maven-3.6.3/lib/jansi-native"/>
    <property name="user.home" value="/home/suvarna"/>
    <property name="user.timezone" value="Asia/Kolkata"/>
    <property name="java.awt.printerjob" value="sun.print.PSPrinterJob"/>
    <property name="java.specification.version" value="1.8"/>
    <property name="file.encoding" value="UTF-8"/>
    <property name="user.name" value="suvarna"/>
    <property name="java.class.path" value="/home/suvarna/maven/apache-maven-3.6.3/boot/plexus-classworlds-2.6.0.jar"/>
    <property name="java.vm.specification.version" value="1.8"/>
    <property name="sun.arch.data.model" value="64"/>
    <property name="java.home" value="/usr/lib/jvm/java-8-openjdk-amd64/jre"/>
    <property name="sun.java.command" value="org.codehaus.plexus.classworlds.launcher.Launcher test"/>
    <property name="java.specification.vendor" value="Oracle Corporation"/>
    <property name="user.language" value="en"/>
    <property name="awt.toolkit" value="sun.awt.X11.XToolkit"/>
    <property name="java.vm.info" value="mixed mode"/>
    <property name="java.version" value="1.8.0_292"/>
    <property name="java.ext.dirs" value="/usr/lib/jvm/java-8-openjdk-amd64/jre/lib/ext:/usr/java/packages/lib/ext"/>
    <property name="securerandom.source" value="file:/dev/./urandom"/>
    <property name="sun.boot.class.path" value="/usr/lib/jvm/java-8-openjdk-amd64/jre/lib/resources.jar:/usr/lib/jvm/java-8-openjdk-amd64/jre/lib/rt.jar:/usr/lib/jvm/java-8-openjdk-amd64/jre/lib/sunrsasign.jar:/usr/lib/jvm/java-8-openjdk-amd64/jre/lib/jsse.jar:/usr/lib/jvm/java-8-openjdk-amd64/jre/lib/jce.jar:/usr/lib/jvm/java-8-openjdk-amd64/jre/lib/charsets.jar:/usr/lib/jvm/java-8-openjdk-amd64/jre/lib/jfr.jar:/usr/lib/jvm/java-8-openjdk-amd64/jre/classes"/>
    <property name="java.vendor" value="Private Build"/>
    <property name="maven.home" value="/home/suvarna/maven/apache-maven-3.6.3"/>
    <property name="file.separator" value="/"/>
    <property name="java.vendor.url.bug" value="http://bugreport.sun.com/bugreport/"/>
    <property name="sun.cpu.endian" value="little"/>
    <property name="sun.io.unicode.encoding" value="UnicodeLittle"/>
    <property name="sun.desktop" value="gnome"/>
    <property name="sun.cpu.isalist" value=""/>
  </properties>
  <testcase name="shouldCreateViolationForOWLDisjointClassesAxiomInOWL2QLProfile" classname="org.semanticweb.owlapi.profiles.OWLProfileTestCase" time="0.013"/>
  <testcase name="shouldCreateViolationForOWLInverseFunctionalObjectPropertyAxiomInOWL2QLProfile" classname="org.semanticweb.owlapi.profiles.OWLProfileTestCase" time="0.013"/>
  <testcase name="shouldCreateViolationForOWLDataExactCardinalityInOWL2ELProfile" classname="org.semanticweb.owlapi.profiles.OWLProfileTestCase" time="0.003"/>
  <testcase name="shouldCreateViolationForSWRLRuleInOWL2ELProfile" classname="org.semanticweb.owlapi.profiles.OWLProfileTestCase" time="0.003"/>
  <testcase name="shouldCreateViolationForIRIInOWL2Profile" classname="org.semanticweb.owlapi.profiles.OWLProfileTestCase" time="0"/>
  <testcase name="shouldCreateViolationForOWLDatatypeRestrictionInOWL2QLProfile" classname="org.semanticweb.owlapi.profiles.OWLProfileTestCase" time="0.002"/>
  <testcase name="shouldCreateViolationForOWLInverseFunctionalObjectPropertyAxiomInOWL2ELProfile" classname="org.semanticweb.owlapi.profiles.OWLProfileTestCase" time="0.004"/>
  <testcase name="shouldCreateViolationForOWLSameIndividualAxiomInOWL2DLProfile" classname="org.semanticweb.owlapi.profiles.OWLProfileTestCase" time="0.002"/>
  <testcase name="shouldCreateViolationForOWLObjectAllValuesFromInOWL2ELProfile" classname="org.semanticweb.owlapi.profiles.OWLProfileTestCase" time="0.005"/>
  <testcase name="shouldCreateViolationForOWLDataPropertyDomainAxiomInOWL2RLProfile" classname="org.semanticweb.owlapi.profiles.OWLProfileTestCase" time="0.011"/>
  <testcase name="shouldCreateViolationForOWLDatatypeDefinitionAxiomInOWL2Profile" classname="org.semanticweb.owlapi.profiles.OWLProfileTestCase" time="0.004"/>
  <testcase name="shouldCreateViolationForOWLEquivalentClassesAxiomInOWL2RLProfile" classname="org.semanticweb.owlapi.profiles.OWLProfileTestCase" time="0.003"/>
  <testcase name="shouldCreateViolationForOWLAnnotationPropertyInOWL2DLProfile" classname="org.semanticweb.owlapi.profiles.OWLProfileTestCase" time="0.003"/>
  <testcase name="shouldCreateViolationForOWLOntologyInOWL2DLProfile" classname="org.semanticweb.owlapi.profiles.OWLProfileTestCase" time="0.001"/>
  <testcase name="shouldCreateViolationForOWLDatatypeRestrictionInOWL2ELProfile" classname="org.semanticweb.owlapi.profiles.OWLProfileTestCase" time="0.001"/>
  <testcase name="shouldCreateViolationForOWLDataAllValuesFromInOWL2ELProfile" classname="org.semanticweb.owlapi.profiles.OWLProfileTestCase" time="0.002"/>
  <testcase name="shouldCreateViolationForOWLNegativeDataPropertyAssertionAxiomInOWL2QLProfile" classname="org.semanticweb.owlapi.profiles.OWLProfileTestCase" time="0.001"/>
  <testcase name="shouldCreateViolationForOWLObjectMaxCardinalityInOWL2ELProfile" classname="org.semanticweb.owlapi.profiles.OWLProfileTestCase" time="0.006"/>
  <testcase name="shouldCreateViolationForOWLObjectPropertyInOWL2DLProfile" classname="org.semanticweb.owlapi.profiles.OWLProfileTestCase" time="0.004"/>
  <testcase name="shouldCreateViolationForOWLDisjointUnionAxiomInOWL2QLProfile" classname="org.semanticweb.owlapi.profiles.OWLProfileTestCase" time="0.004"/>
  <testcase name="shouldCreateViolationForOWLObjectPropertyRangeAxiomInOWL2RLProfile" classname="org.semanticweb.owlapi.profiles.OWLProfileTestCase" time="0.004"/>
  <testcase name="shouldCreateViolationForOWLDataMinCardinalityInOWL2ELProfile" classname="org.semanticweb.owlapi.profiles.OWLProfileTestCase" time="0.004"/>
  <testcase name="shouldCreateViolationForOWLDataComplementOfInOWL2RLProfile" classname="org.semanticweb.owlapi.profiles.OWLProfileTestCase" time="0.007"/>
  <testcase name="shouldCreateViolationForOWLObjectUnionOfInOWL2ELProfile" classname="org.semanticweb.owlapi.profiles.OWLProfileTestCase" time="0.009"/>
  <testcase name="shouldCreateViolationForOWLDataUnionOfInOWL2QLProfile" classname="org.semanticweb.owlapi.profiles.OWLProfileTestCase" time="0.007"/>
  <testcase name="shouldCreateViolationForOWLDisjointUnionAxiomInOWL2ELProfile" classname="org.semanticweb.owlapi.profiles.OWLProfileTestCase" time="0.003"/>
  <testcase name="shouldCreateViolationForOWLFunctionalDataPropertyAxiomInOWL2QLProfile" classname="org.semanticweb.owlapi.profiles.OWLProfileTestCase" time="0.001"/>
  <testcase name="shouldCreateViolationForOWLSubPropertyChainOfAxiomInOWL2DLProfile" classname="org.semanticweb.owlapi.profiles.OWLProfileTestCase" time="0.011"/>
  <testcase name="shouldCreateViolationForOWLEquivalentObjectPropertiesAxiomInOWL2DLProfile" classname="org.semanticweb.owlapi.profiles.OWLProfileTestCase" time="0.002"/>
  <testcase name="shouldCreateViolationForOWLDataUnionOfInOWL2ELProfile" classname="org.semanticweb.owlapi.profiles.OWLProfileTestCase" time="0.007"/>
  <testcase name="shouldCreateViolationForOWLDatatypeInOWL2QLProfile" classname="org.semanticweb.owlapi.profiles.OWLProfileTestCase" time="0"/>
  <testcase name="shouldCreateViolationForOWLAsymmetricObjectPropertyAxiomInOWL2DLProfile" classname="org.semanticweb.owlapi.profiles.OWLProfileTestCase" time="0.002"/>
  <testcase name="shouldCreateViolationForOWLDatatypeDefinitionAxiomInOWL2DLProfile" classname="org.semanticweb.owlapi.profiles.OWLProfileTestCase" time="0.003"/>
  <testcase name="shouldCreateViolationForOWLHasKeyAxiomInOWL2QLProfile" classname="org.semanticweb.owlapi.profiles.OWLProfileTestCase" time="0.002"/>
  <testcase name="shouldCreateViolationForOWLDifferentIndividualsAxiomInOWL2DLProfile" classname="org.semanticweb.owlapi.profiles.OWLProfileTestCase" time="0.001"/>
  <testcase name="shouldCreateViolationForOWLObjectInverseOfInOWL2ELProfile" classname="org.semanticweb.owlapi.profiles.OWLProfileTestCase" time="0.007"/>
  <testcase name="shouldCreateViolationForOWLDatatypeInOWL2ELProfile" classname="org.semanticweb.owlapi.profiles.OWLProfileTestCase" time="0.004"/>
  <testcase name="shouldCreateViolationForOWLHasKeyAxiomInOWL2ELProfile" classname="org.semanticweb.owlapi.profiles.OWLProfileTestCase" time="0.002"/>
  <testcase name="shouldCreateViolationForOWLOntologyInOWL2Profile" classname="org.semanticweb.owlapi.profiles.OWLProfileTestCase" time="0.002"/>
  <testcase name="shouldCreateViolationForOWLObjectExactCardinalityInOWL2ELProfile" classname="org.semanticweb.owlapi.profiles.OWLProfileTestCase" time="0.003"/>
  <testcase name="shouldCreateViolationForOWLEquivalentDataPropertiesAxiomInOWL2DLProfile" classname="org.semanticweb.owlapi.profiles.OWLProfileTestCase" time="0.001"/>
  <testcase name="shouldCreateViolationForOWLFunctionalObjectPropertyAxiomInOWL2DLProfile" classname="org.semanticweb.owlapi.profiles.OWLProfileTestCase" time="0.001"/>
  <testcase name="shouldCreateViolationForOWLSubClassOfAxiomInOWL2RLProfile" classname="org.semanticweb.owlapi.profiles.OWLProfileTestCase" time="0.002"/>
  <testcase name="shouldCreateViolationForOWLDatatypeDefinitionAxiomInOWL2DLProfileCycles" classname="org.semanticweb.owlapi.profiles.OWLProfileTestCase" time="0.003"/>
  <testcase name="shouldCreateViolationForOWLDataOneOfInOWL2DLProfile" classname="org.semanticweb.owlapi.profiles.OWLProfileTestCase" time="0.006"/>
  <testcase name="shouldCreateViolationForOWLDatatypeDefinitionAxiomInOWL2RLProfile" classname="org.semanticweb.owlapi.profiles.OWLProfileTestCase" time="0.004"/>
  <testcase name="shouldCreateViolationForOWLClassAssertionAxiomInOWL2QLProfile" classname="org.semanticweb.owlapi.profiles.OWLProfileTestCase" time="0.004"/>
  <testcase name="shouldCreateViolationForOWLDisjointDataPropertiesAxiomInOWL2ELProfile" classname="org.semanticweb.owlapi.profiles.OWLProfileTestCase" time="0.007"/>
  <testcase name="shouldCreateViolationForOWLIrreflexiveObjectPropertyAxiomInOWL2DLProfile" classname="org.semanticweb.owlapi.profiles.OWLProfileTestCase" time="0.005"/>
  <testcase name="shouldCreateViolationForOWLTransitiveObjectPropertyAxiomInOWL2QLProfile" classname="org.semanticweb.owlapi.profiles.OWLProfileTestCase" time="0.003"/>
  <testcase name="shouldCreateViolationForOWLDatatypeRestrictionInOWL2Profile" classname="org.semanticweb.owlapi.profiles.OWLProfileTestCase" time="0.004"/>
  <testcase name="shouldCreateViolationForOWLObjectPropertyDomainAxiomInOWL2RLProfile" classname="org.semanticweb.owlapi.profiles.OWLProfileTestCase" time="0.005"/>
  <testcase name="shouldCreateViolationForOWLObjectMinCardinalityInOWL2ELProfile" classname="org.semanticweb.owlapi.profiles.OWLProfileTestCase" time="0.004"/>
  <testcase name="shouldCreateViolationForOWLNegativeObjectPropertyAssertionAxiomInOWL2QLProfile" classname="org.semanticweb.owlapi.profiles.OWLProfileTestCase" time="0.004"/>
  <testcase name="shouldCreateViolationForOWLEquivalentDataPropertiesAxiomInOWL2RLProfile" classname="org.semanticweb.owlapi.profiles.OWLProfileTestCase" time="0.008"/>
  <testcase name="shouldCreateViolationForOWLDataOneOfInOWL2RLProfile" classname="org.semanticweb.owlapi.profiles.OWLProfileTestCase" time="0.004"/>
  <testcase name="shouldCreateViolationForOWLInverseFunctionalObjectPropertyAxiomInOWL2DLProfile" classname="org.semanticweb.owlapi.profiles.OWLProfileTestCase" time="0.002"/>
  <testcase name="shouldCreateViolationForOWLDisjointClassesAxiomInOWL2DLProfile" classname="org.semanticweb.owlapi.profiles.OWLProfileTestCase" time="0.002"/>
  <testcase name="shouldCreateViolationForOWLDataPropertyDomainAxiomInOWL2QLProfile" classname="org.semanticweb.owlapi.profiles.OWLProfileTestCase" time="0.006"/>
  <testcase name="shouldCreateViolationForOWLSubDataPropertyOfAxiomInOWL2DLProfile" classname="org.semanticweb.owlapi.profiles.OWLProfileTestCase" time="0.005"/>
  <testcase name="shouldCreateViolationForOWLEquivalentClassesAxiomInOWL2QLProfile" classname="org.semanticweb.owlapi.profiles.OWLProfileTestCase" time="0.002"/>
  <testcase name="shouldCreateViolationForOWLDataIntersectionOfInOWL2DLProfile" classname="org.semanticweb.owlapi.profiles.OWLProfileTestCase" time="0.013"/>
  <testcase name="shouldCreateViolationForOWLDisjointObjectPropertiesAxiomInOWL2ELProfile" classname="org.semanticweb.owlapi.profiles.OWLProfileTestCase" time="0.002"/>
  <testcase name="shouldCreateViolationForOWLObjectComplementOfInOWL2ELProfile" classname="org.semanticweb.owlapi.profiles.OWLProfileTestCase" time="0.001"/>
  <testcase name="shouldCreateViolationForOWLObjectMaxCardinalityInOWL2DLProfile" classname="org.semanticweb.owlapi.profiles.OWLProfileTestCase" time="0.01"/>
  <testcase name="shouldCreateViolationForOWLSymmetricObjectPropertyAxiomInOWL2ELProfile" classname="org.semanticweb.owlapi.profiles.OWLProfileTestCase" time="0.003"/>
  <testcase name="shouldCreateViolationForSWRLRuleInOWL2RLProfile" classname="org.semanticweb.owlapi.profiles.OWLProfileTestCase" time="0.003"/>
  <testcase name="shouldCreateViolationForOWLObjectOneOfInOWL2ELProfile" classname="org.semanticweb.owlapi.profiles.OWLProfileTestCase" time="0.003"/>
  <testcase name="shouldCreateViolationForOWLObjectPropertyRangeAxiomInOWL2QLProfile" classname="org.semanticweb.owlapi.profiles.OWLProfileTestCase" time="0.004"/>
  <testcase name="shouldCreateViolationForOWLSameIndividualAxiomInOWL2QLProfile" classname="org.semanticweb.owlapi.profiles.OWLProfileTestCase" time="0.004"/>
  <testcase name="shouldCreateViolationForOWLDisjointClassesAxiomInOWL2RLProfile" classname="org.semanticweb.owlapi.profiles.OWLProfileTestCase" time="0.004"/>
  <testcase name="shouldCreateViolationForOWLAnonymousIndividualInOWL2QLProfile" classname="org.semanticweb.owlapi.profiles.OWLProfileTestCase" time="0.002"/>
  <testcase name="shouldCreateViolationForOWLDataComplementOfInOWL2QLProfile" classname="org.semanticweb.owlapi.profiles.OWLProfileTestCase" time="0.002"/>
  <testcase name="shouldCreateViolationForOWLObjectUnionOfInOWL2DLProfile" classname="org.semanticweb.owlapi.profiles.OWLProfileTestCase" time="0.003"/>
  <testcase name="shouldCreateViolationForOWLDataIntersectionOfInOWL2RLProfile" classname="org.semanticweb.owlapi.profiles.OWLProfileTestCase" time="0.003"/>
  <testcase name="shouldCreateViolationForOWLDisjointUnionAxiomInOWL2DLProfile" classname="org.semanticweb.owlapi.profiles.OWLProfileTestCase" time="0.002"/>
  <testcase name="shouldCreateViolationForOWLDatatypeRestrictionInOWL2RLProfile" classname="org.semanticweb.owlapi.profiles.OWLProfileTestCase" time="0.001"/>
  <testcase name="shouldCreateViolationForOWLAnonymousIndividualInOWL2ELProfile" classname="org.semanticweb.owlapi.profiles.OWLProfileTestCase" time="0"/>
  <testcase name="shouldCreateViolationForOWLDataComplementOfInOWL2ELProfile" classname="org.semanticweb.owlapi.profiles.OWLProfileTestCase" time="0.004"/>
  <testcase name="shouldCreateViolationForOWLDataUnionOfInOWL2DLProfile" classname="org.semanticweb.owlapi.profiles.OWLProfileTestCase" time="0.001"/>
  <testcase name="shouldCreateViolationForOWLDataPropertyInOWL2DLProfile1" classname="org.semanticweb.owlapi.profiles.OWLProfileTestCase" time="0"/>
  <testcase name="shouldCreateViolationForOWLDataPropertyInOWL2DLProfile2" classname="org.semanticweb.owlapi.profiles.OWLProfileTestCase" time="0.001"/>
  <testcase name="shouldCreateViolationForOWLDataPropertyInOWL2DLProfile3" classname="org.semanticweb.owlapi.profiles.OWLProfileTestCase" time="0"/>
  <testcase name="shouldCreateViolationForOWLDataPropertyInOWL2DLProfile4" classname="org.semanticweb.owlapi.profiles.OWLProfileTestCase" time="0.001"/>
  <testcase name="shouldCreateViolationForOWLDatatypeInOWL2DLProfile" classname="org.semanticweb.owlapi.profiles.OWLProfileTestCase" time="0.001"/>
  <testcase name="shouldCreateViolationForOWLDisjointUnionAxiomInOWL2RLProfile" classname="org.semanticweb.owlapi.profiles.OWLProfileTestCase" time="0.001"/>
  <testcase name="shouldCreateViolationForOWLNamedIndividualInOWL2DLProfile" classname="org.semanticweb.owlapi.profiles.OWLProfileTestCase" time="0.001"/>
  <testcase name="shouldCreateViolationForOWLHasKeyAxiomInOWL2DLProfile" classname="org.semanticweb.owlapi.profiles.OWLProfileTestCase" time="0.001"/>
  <testcase name="shouldCreateViolationForOWLObjectExactCardinalityInOWL2DLProfile" classname="org.semanticweb.owlapi.profiles.OWLProfileTestCase" time="0.001"/>
  <testcase name="shouldCreateViolationForOWLObjectIntersectionOfInOWL2DLProfile" classname="org.semanticweb.owlapi.profiles.OWLProfileTestCase" time="0.004"/>
  <testcase name="shouldCreateViolationForOWLSubClassOfAxiomInOWL2QLProfile" classname="org.semanticweb.owlapi.profiles.OWLProfileTestCase" time="0.007"/>
  <testcase name="shouldCreateViolationForOWLSubPropertyChainOfAxiomInOWL2QLProfile" classname="org.semanticweb.owlapi.profiles.OWLProfileTestCase" time="0.002"/>
  <testcase name="shouldCreateViolationForOWLDataUnionOfInOWL2RLProfile" classname="org.semanticweb.owlapi.profiles.OWLProfileTestCase" time="0.006"/>
  <testcase name="shouldCreateViolationForOWLFunctionalDataPropertyAxiomInOWL2RLProfile" classname="org.semanticweb.owlapi.profiles.OWLProfileTestCase" time="0.001"/>
  <testcase name="shouldCreateViolationForOWLDisjointDataPropertiesAxiomInOWL2DLProfile" classname="org.semanticweb.owlapi.profiles.OWLProfileTestCase" time="0.004"/>
  <testcase name="shouldCreateViolationForOWLSubPropertyChainOfAxiomInOWL2ELProfile" classname="org.semanticweb.owlapi.profiles.OWLProfileTestCase" time="0.004"/>
  <testcase name="shouldCreateViolationForOWLDatatypeInOWL2RLProfile" classname="org.semanticweb.owlapi.profiles.OWLProfileTestCase" time="0.002"/>
  <testcase name="shouldCreateViolationForOWLObjectPropertyDomainAxiomInOWL2QLProfile" classname="org.semanticweb.owlapi.profiles.OWLProfileTestCase" time="0.001"/>
  <testcase name="shouldCreateViolationForOWLInverseObjectPropertiesAxiomInOWL2ELProfile" classname="org.semanticweb.owlapi.profiles.OWLProfileTestCase" time="0.003"/>
  <testcase name="shouldCreateViolationForOWLAsymmetricObjectPropertyAxiomInOWL2ELProfile" classname="org.semanticweb.owlapi.profiles.OWLProfileTestCase" time="0.006"/>
  <testcase name="shouldCreateViolationForOWLObjectMinCardinalityInOWL2DLProfile" classname="org.semanticweb.owlapi.profiles.OWLProfileTestCase" time="0.003"/>
  <testcase name="shouldCreateViolationForOWLHasKeyAxiomInOWL2RLProfile" classname="org.semanticweb.owlapi.profiles.OWLProfileTestCase" time="0.002"/>
  <testcase name="shouldCreateViolationForOWLLiteralInOWL2Profile" classname="org.semanticweb.owlapi.profiles.OWLProfileTestCase" time="0.003"/>
  <testcase name="shouldCreateViolationForOWLDataMaxCardinalityInOWL2ELProfile" classname="org.semanticweb.owlapi.profiles.OWLProfileTestCase" time="0.005"/>
  <testcase name="shouldCreateViolationForOWLFunctionalObjectPropertyAxiomInOWL2QLProfile" classname="org.semanticweb.owlapi.profiles.OWLProfileTestCase" time="0.008"/>
  <testcase name="shouldCreateViolationForOWLDataOneOfInOWL2QLProfile" classname="org.semanticweb.owlapi.profiles.OWLProfileTestCase" time="0.004"/>
  <testcase name="shouldCreateViolationForOWLObjectHasSelfInOWL2DLProfile" classname="org.semanticweb.owlapi.profiles.OWLProfileTestCase" time="0.002"/>
  <testcase name="shouldCreateViolationForOWLDisjointDataPropertiesAxiomInOWL2RLProfile" classname="org.semanticweb.owlapi.profiles.OWLProfileTestCase" time="0.002"/>
  <testcase name="shouldCreateViolationForOWLFunctionalObjectPropertyAxiomInOWL2ELProfile" classname="org.semanticweb.owlapi.profiles.OWLProfileTestCase" time="0.002"/>
  <testcase name="shouldCreateViolationForOWLClassInOWL2DLProfile" classname="org.semanticweb.owlapi.profiles.OWLProfileTestCase" time="0.003"/>
  <testcase name="shouldCreateViolationForOWLIrreflexiveObjectPropertyAxiomInOWL2QLProfile" classname="org.semanticweb.owlapi.profiles.OWLProfileTestCase" time="0.005"/>
  <testcase name="shouldCreateViolationForOWLDataOneOfInOWL2ELProfile" classname="org.semanticweb.owlapi.profiles.OWLProfileTestCase" time="0.005"/>
  <testcase name="shouldCreateViolationForOWLDisjointObjectPropertiesAxiomInOWL2DLProfile" classname="org.semanticweb.owlapi.profiles.OWLProfileTestCase" time="0.005"/>
  <testcase name="shouldCreateViolationForOWLClassAssertionAxiomInOWL2RLProfile" classname="org.semanticweb.owlapi.profiles.OWLProfileTestCase" time="0.002"/>
  <testcase name="shouldCreateViolationForOWLEquivalentClassesAxiomInOWL2DLProfile" classname="org.semanticweb.owlapi.profiles.OWLProfileTestCase" time="0.005"/>
  <testcase name="shouldCreateViolationForOWLIrreflexiveObjectPropertyAxiomInOWL2ELProfile" classname="org.semanticweb.owlapi.profiles.OWLProfileTestCase" time="0.003"/>
  <testcase name="shouldCreateViolationForSWRLRuleInOWL2QLProfile" classname="org.semanticweb.owlapi.profiles.OWLProfileTestCase" time="0.002"/>
  <testcase name="shouldCreateViolationForOWLObjectOneOfInOWL2DLProfile" classname="org.semanticweb.owlapi.profiles.OWLProfileTestCase" time="0.001"/>
</testsuite>