<?xml version="1.0" encoding="UTF-8"?>
<testsuite name="org.semanticweb.owlapi.profiles.ProfileDLOnlyTestCase" time="0.489" tests="149" errors="0" skipped="0" failures="0">
  <properties>
    <property name="java.runtime.name" value="OpenJDK Runtime Environment"/>
    <property name="sun.boot.library.path" value="/usr/lib/jvm/java-8-openjdk-amd64/jre/lib/amd64"/>
    <property name="java.vm.version" value="25.292-b10"/>
    <property name="java.vm.vendor" value="Private Build"/>
    <property name="maven.multiModuleProjectDirectory" value="/home/suvarna/Vinay/Sept-2021/owlapi-a77ee9c4fded63ebc7af16e357b8cb32b638f8cd"/>
    <property name="java.vendor.url" value="http://java.oracle.com/"/>
    <property name="path.separator" value=":"/>
    <property name="guice.disable.misplaced.annotation.check" value="true"/>
    <property name="java.vm.name" value="OpenJDK 64-Bit Server VM"/>
    <property name="file.encoding.pkg" value="sun.io"/>
    <property name="user.country" value="IN"/>
    <property name="sun.java.launcher" value="SUN_STANDARD"/>
    <property name="sun.os.patch.level" value="unknown"/>
    <property name="java.vm.specification.name" value="Java Virtual Machine Specification"/>
    <property name="user.dir" value="/home/suvarna/Vinay/Sept-2021/owlapi-a77ee9c4fded63ebc7af16e357b8cb32b638f8cd"/>
    <property name="java.runtime.version" value="1.8.0_292-8u292-b10-0ubuntu1~16.04.1-b10"/>
    <property name="java.awt.graphicsenv" value="sun.awt.X11GraphicsEnvironment"/>
    <property name="java.endorsed.dirs" value="/usr/lib/jvm/java-8-openjdk-amd64/jre/lib/endorsed"/>
    <property name="os.arch" value="amd64"/>
    <property name="java.io.tmpdir" value="/tmp"/>
    <property name="line.separator" value="&#10;"/>
    <property name="java.vm.specification.vendor" value="Oracle Corporation"/>
    <property name="os.name" value="Linux"/>
    <property name="classworlds.conf" value="/home/suvarna/maven/apache-maven-3.6.3/bin/m2.conf"/>
    <property name="sun.jnu.encoding" value="UTF-8"/>
    <property name="java.library.path" value="/usr/java/packages/lib/amd64:/usr/lib/x86_64-linux-gnu/jni:/lib/x86_64-linux-gnu:/usr/lib/x86_64-linux-gnu:/usr/lib/jni:/lib:/usr/lib"/>
    <property name="maven.conf" value="/home/suvarna/maven/apache-maven-3.6.3/conf"/>
    <property name="java.specification.name" value="Java Platform API Specification"/>
    <property name="java.class.version" value="52.0"/>
    <property name="sun.management.compiler" value="HotSpot 64-Bit Tiered Compilers"/>
    <property name="os.version" value="4.15.0-142-generic"/>
    <property name="library.jansi.path" value="/home/suvarna/maven/apache-maven-3.6.3/lib/jansi-native"/>
    <property name="user.home" value="/home/suvarna"/>
    <property name="user.timezone" value="Asia/Kolkata"/>
    <property name="java.awt.printerjob" value="sun.print.PSPrinterJob"/>
    <property name="java.specification.version" value="1.8"/>
    <property name="file.encoding" value="UTF-8"/>
    <property name="user.name" value="suvarna"/>
    <property name="java.class.path" value="/home/suvarna/maven/apache-maven-3.6.3/boot/plexus-classworlds-2.6.0.jar"/>
    <property name="java.vm.specification.version" value="1.8"/>
    <property name="sun.arch.data.model" value="64"/>
    <property name="java.home" value="/usr/lib/jvm/java-8-openjdk-amd64/jre"/>
    <property name="sun.java.command" value="org.codehaus.plexus.classworlds.launcher.Launcher test"/>
    <property name="java.specification.vendor" value="Oracle Corporation"/>
    <property name="user.language" value="en"/>
    <property name="awt.toolkit" value="sun.awt.X11.XToolkit"/>
    <property name="java.vm.info" value="mixed mode"/>
    <property name="java.version" value="1.8.0_292"/>
    <property name="java.ext.dirs" value="/usr/lib/jvm/java-8-openjdk-amd64/jre/lib/ext:/usr/java/packages/lib/ext"/>
    <property name="securerandom.source" value="file:/dev/./urandom"/>
    <property name="sun.boot.class.path" value="/usr/lib/jvm/java-8-openjdk-amd64/jre/lib/resources.jar:/usr/lib/jvm/java-8-openjdk-amd64/jre/lib/rt.jar:/usr/lib/jvm/java-8-openjdk-amd64/jre/lib/sunrsasign.jar:/usr/lib/jvm/java-8-openjdk-amd64/jre/lib/jsse.jar:/usr/lib/jvm/java-8-openjdk-amd64/jre/lib/jce.jar:/usr/lib/jvm/java-8-openjdk-amd64/jre/lib/charsets.jar:/usr/lib/jvm/java-8-openjdk-amd64/jre/lib/jfr.jar:/usr/lib/jvm/java-8-openjdk-amd64/jre/classes"/>
    <property name="java.vendor" value="Private Build"/>
    <property name="maven.home" value="/home/suvarna/maven/apache-maven-3.6.3"/>
    <property name="file.separator" value="/"/>
    <property name="java.vendor.url.bug" value="http://bugreport.sun.com/bugreport/"/>
    <property name="sun.cpu.endian" value="little"/>
    <property name="sun.io.unicode.encoding" value="UnicodeLittle"/>
    <property name="sun.desktop" value="gnome"/>
    <property name="sun.cpu.isalist" value=""/>
  </properties>
  <testcase name="testDLOnly[0]" classname="org.semanticweb.owlapi.profiles.ProfileDLOnlyTestCase" time="0.006"/>
  <testcase name="testDLOnly[1]" classname="org.semanticweb.owlapi.profiles.ProfileDLOnlyTestCase" time="0.004"/>
  <testcase name="testDLOnly[2]" classname="org.semanticweb.owlapi.profiles.ProfileDLOnlyTestCase" time="0.002"/>
  <testcase name="testDLOnly[3]" classname="org.semanticweb.owlapi.profiles.ProfileDLOnlyTestCase" time="0.002"/>
  <testcase name="testDLOnly[4]" classname="org.semanticweb.owlapi.profiles.ProfileDLOnlyTestCase" time="0.002"/>
  <testcase name="testDLOnly[5]" classname="org.semanticweb.owlapi.profiles.ProfileDLOnlyTestCase" time="0.002"/>
  <testcase name="testDLOnly[6]" classname="org.semanticweb.owlapi.profiles.ProfileDLOnlyTestCase" time="0.002"/>
  <testcase name="testDLOnly[7]" classname="org.semanticweb.owlapi.profiles.ProfileDLOnlyTestCase" time="0.002"/>
  <testcase name="testDLOnly[8]" classname="org.semanticweb.owlapi.profiles.ProfileDLOnlyTestCase" time="0.002"/>
  <testcase name="testDLOnly[9]" classname="org.semanticweb.owlapi.profiles.ProfileDLOnlyTestCase" time="0.002"/>
  <testcase name="testDLOnly[10]" classname="org.semanticweb.owlapi.profiles.ProfileDLOnlyTestCase" time="0.002"/>
  <testcase name="testDLOnly[11]" classname="org.semanticweb.owlapi.profiles.ProfileDLOnlyTestCase" time="0.002"/>
  <testcase name="testDLOnly[12]" classname="org.semanticweb.owlapi.profiles.ProfileDLOnlyTestCase" time="0.002"/>
  <testcase name="testDLOnly[13]" classname="org.semanticweb.owlapi.profiles.ProfileDLOnlyTestCase" time="0.003"/>
  <testcase name="testDLOnly[14]" classname="org.semanticweb.owlapi.profiles.ProfileDLOnlyTestCase" time="0.002"/>
  <testcase name="testDLOnly[15]" classname="org.semanticweb.owlapi.profiles.ProfileDLOnlyTestCase" time="0.003"/>
  <testcase name="testDLOnly[16]" classname="org.semanticweb.owlapi.profiles.ProfileDLOnlyTestCase" time="0.002"/>
  <testcase name="testDLOnly[17]" classname="org.semanticweb.owlapi.profiles.ProfileDLOnlyTestCase" time="0.003"/>
  <testcase name="testDLOnly[18]" classname="org.semanticweb.owlapi.profiles.ProfileDLOnlyTestCase" time="0.002"/>
  <testcase name="testDLOnly[19]" classname="org.semanticweb.owlapi.profiles.ProfileDLOnlyTestCase" time="0.003"/>
  <testcase name="testDLOnly[20]" classname="org.semanticweb.owlapi.profiles.ProfileDLOnlyTestCase" time="0.003"/>
  <testcase name="testDLOnly[21]" classname="org.semanticweb.owlapi.profiles.ProfileDLOnlyTestCase" time="0.002"/>
  <testcase name="testDLOnly[22]" classname="org.semanticweb.owlapi.profiles.ProfileDLOnlyTestCase" time="0.002"/>
  <testcase name="testDLOnly[23]" classname="org.semanticweb.owlapi.profiles.ProfileDLOnlyTestCase" time="0.001"/>
  <testcase name="testDLOnly[24]" classname="org.semanticweb.owlapi.profiles.ProfileDLOnlyTestCase" time="0.002"/>
  <testcase name="testDLOnly[25]" classname="org.semanticweb.owlapi.profiles.ProfileDLOnlyTestCase" time="0.001"/>
  <testcase name="testDLOnly[26]" classname="org.semanticweb.owlapi.profiles.ProfileDLOnlyTestCase" time="0.001"/>
  <testcase name="testDLOnly[27]" classname="org.semanticweb.owlapi.profiles.ProfileDLOnlyTestCase" time="0.001"/>
  <testcase name="testDLOnly[28]" classname="org.semanticweb.owlapi.profiles.ProfileDLOnlyTestCase" time="0.001"/>
  <testcase name="testDLOnly[29]" classname="org.semanticweb.owlapi.profiles.ProfileDLOnlyTestCase" time="0.002"/>
  <testcase name="testDLOnly[30]" classname="org.semanticweb.owlapi.profiles.ProfileDLOnlyTestCase" time="0.003"/>
  <testcase name="testDLOnly[31]" classname="org.semanticweb.owlapi.profiles.ProfileDLOnlyTestCase" time="0.003"/>
  <testcase name="testDLOnly[32]" classname="org.semanticweb.owlapi.profiles.ProfileDLOnlyTestCase" time="0.003"/>
  <testcase name="testDLOnly[33]" classname="org.semanticweb.owlapi.profiles.ProfileDLOnlyTestCase" time="0.002"/>
  <testcase name="testDLOnly[34]" classname="org.semanticweb.owlapi.profiles.ProfileDLOnlyTestCase" time="0.002"/>
  <testcase name="testDLOnly[35]" classname="org.semanticweb.owlapi.profiles.ProfileDLOnlyTestCase" time="0.003"/>
  <testcase name="testDLOnly[36]" classname="org.semanticweb.owlapi.profiles.ProfileDLOnlyTestCase" time="0.004"/>
  <testcase name="testDLOnly[37]" classname="org.semanticweb.owlapi.profiles.ProfileDLOnlyTestCase" time="0.003"/>
  <testcase name="testDLOnly[38]" classname="org.semanticweb.owlapi.profiles.ProfileDLOnlyTestCase" time="0.003"/>
  <testcase name="testDLOnly[39]" classname="org.semanticweb.owlapi.profiles.ProfileDLOnlyTestCase" time="0.005"/>
  <testcase name="testDLOnly[40]" classname="org.semanticweb.owlapi.profiles.ProfileDLOnlyTestCase" time="0.002"/>
  <testcase name="testDLOnly[41]" classname="org.semanticweb.owlapi.profiles.ProfileDLOnlyTestCase" time="0.002"/>
  <testcase name="testDLOnly[42]" classname="org.semanticweb.owlapi.profiles.ProfileDLOnlyTestCase" time="0.002"/>
  <testcase name="testDLOnly[43]" classname="org.semanticweb.owlapi.profiles.ProfileDLOnlyTestCase" time="0.001"/>
  <testcase name="testDLOnly[44]" classname="org.semanticweb.owlapi.profiles.ProfileDLOnlyTestCase" time="0.002"/>
  <testcase name="testDLOnly[45]" classname="org.semanticweb.owlapi.profiles.ProfileDLOnlyTestCase" time="0.002"/>
  <testcase name="testDLOnly[46]" classname="org.semanticweb.owlapi.profiles.ProfileDLOnlyTestCase" time="0.002"/>
  <testcase name="testDLOnly[47]" classname="org.semanticweb.owlapi.profiles.ProfileDLOnlyTestCase" time="0.003"/>
  <testcase name="testDLOnly[48]" classname="org.semanticweb.owlapi.profiles.ProfileDLOnlyTestCase" time="0.002"/>
  <testcase name="testDLOnly[49]" classname="org.semanticweb.owlapi.profiles.ProfileDLOnlyTestCase" time="0.003"/>
  <testcase name="testDLOnly[50]" classname="org.semanticweb.owlapi.profiles.ProfileDLOnlyTestCase" time="0.002"/>
  <testcase name="testDLOnly[51]" classname="org.semanticweb.owlapi.profiles.ProfileDLOnlyTestCase" time="0.002"/>
  <testcase name="testDLOnly[52]" classname="org.semanticweb.owlapi.profiles.ProfileDLOnlyTestCase" time="0.002"/>
  <testcase name="testDLOnly[53]" classname="org.semanticweb.owlapi.profiles.ProfileDLOnlyTestCase" time="0.001"/>
  <testcase name="testDLOnly[54]" classname="org.semanticweb.owlapi.profiles.ProfileDLOnlyTestCase" time="0.002"/>
  <testcase name="testDLOnly[55]" classname="org.semanticweb.owlapi.profiles.ProfileDLOnlyTestCase" time="0.002"/>
  <testcase name="testDLOnly[56]" classname="org.semanticweb.owlapi.profiles.ProfileDLOnlyTestCase" time="0.002"/>
  <testcase name="testDLOnly[57]" classname="org.semanticweb.owlapi.profiles.ProfileDLOnlyTestCase" time="0.003"/>
  <testcase name="testDLOnly[58]" classname="org.semanticweb.owlapi.profiles.ProfileDLOnlyTestCase" time="0.004"/>
  <testcase name="testDLOnly[59]" classname="org.semanticweb.owlapi.profiles.ProfileDLOnlyTestCase" time="0.004"/>
  <testcase name="testDLOnly[60]" classname="org.semanticweb.owlapi.profiles.ProfileDLOnlyTestCase" time="0.006"/>
  <testcase name="testDLOnly[61]" classname="org.semanticweb.owlapi.profiles.ProfileDLOnlyTestCase" time="0.003"/>
  <testcase name="testDLOnly[62]" classname="org.semanticweb.owlapi.profiles.ProfileDLOnlyTestCase" time="0.005"/>
  <testcase name="testDLOnly[63]" classname="org.semanticweb.owlapi.profiles.ProfileDLOnlyTestCase" time="0.004"/>
  <testcase name="testDLOnly[64]" classname="org.semanticweb.owlapi.profiles.ProfileDLOnlyTestCase" time="0.004"/>
  <testcase name="testDLOnly[65]" classname="org.semanticweb.owlapi.profiles.ProfileDLOnlyTestCase" time="0.004"/>
  <testcase name="testDLOnly[66]" classname="org.semanticweb.owlapi.profiles.ProfileDLOnlyTestCase" time="0.004"/>
  <testcase name="testDLOnly[67]" classname="org.semanticweb.owlapi.profiles.ProfileDLOnlyTestCase" time="0.003"/>
  <testcase name="testDLOnly[68]" classname="org.semanticweb.owlapi.profiles.ProfileDLOnlyTestCase" time="0.002"/>
  <testcase name="testDLOnly[69]" classname="org.semanticweb.owlapi.profiles.ProfileDLOnlyTestCase" time="0.002"/>
  <testcase name="testDLOnly[70]" classname="org.semanticweb.owlapi.profiles.ProfileDLOnlyTestCase" time="0.003"/>
  <testcase name="testDLOnly[71]" classname="org.semanticweb.owlapi.profiles.ProfileDLOnlyTestCase" time="0.004"/>
  <testcase name="testDLOnly[72]" classname="org.semanticweb.owlapi.profiles.ProfileDLOnlyTestCase" time="0.007"/>
  <testcase name="testDLOnly[73]" classname="org.semanticweb.owlapi.profiles.ProfileDLOnlyTestCase" time="0.003"/>
  <testcase name="testDLOnly[74]" classname="org.semanticweb.owlapi.profiles.ProfileDLOnlyTestCase" time="0.003"/>
  <testcase name="testDLOnly[75]" classname="org.semanticweb.owlapi.profiles.ProfileDLOnlyTestCase" time="0.001"/>
  <testcase name="testDLOnly[76]" classname="org.semanticweb.owlapi.profiles.ProfileDLOnlyTestCase" time="0.004"/>
  <testcase name="testDLOnly[77]" classname="org.semanticweb.owlapi.profiles.ProfileDLOnlyTestCase" time="0.004"/>
  <testcase name="testDLOnly[78]" classname="org.semanticweb.owlapi.profiles.ProfileDLOnlyTestCase" time="0.004"/>
  <testcase name="testDLOnly[79]" classname="org.semanticweb.owlapi.profiles.ProfileDLOnlyTestCase" time="0.004"/>
  <testcase name="testDLOnly[80]" classname="org.semanticweb.owlapi.profiles.ProfileDLOnlyTestCase" time="0.003"/>
  <testcase name="testDLOnly[81]" classname="org.semanticweb.owlapi.profiles.ProfileDLOnlyTestCase" time="0.004"/>
  <testcase name="testDLOnly[82]" classname="org.semanticweb.owlapi.profiles.ProfileDLOnlyTestCase" time="0.004"/>
  <testcase name="testDLOnly[83]" classname="org.semanticweb.owlapi.profiles.ProfileDLOnlyTestCase" time="0.004"/>
  <testcase name="testDLOnly[84]" classname="org.semanticweb.owlapi.profiles.ProfileDLOnlyTestCase" time="0.004"/>
  <testcase name="testDLOnly[85]" classname="org.semanticweb.owlapi.profiles.ProfileDLOnlyTestCase" time="0.003"/>
  <testcase name="testDLOnly[86]" classname="org.semanticweb.owlapi.profiles.ProfileDLOnlyTestCase" time="0.003"/>
  <testcase name="testDLOnly[87]" classname="org.semanticweb.owlapi.profiles.ProfileDLOnlyTestCase" time="0.003"/>
  <testcase name="testDLOnly[88]" classname="org.semanticweb.owlapi.profiles.ProfileDLOnlyTestCase" time="0.003"/>
  <testcase name="testDLOnly[89]" classname="org.semanticweb.owlapi.profiles.ProfileDLOnlyTestCase" time="0.002"/>
  <testcase name="testDLOnly[90]" classname="org.semanticweb.owlapi.profiles.ProfileDLOnlyTestCase" time="0.004"/>
  <testcase name="testDLOnly[91]" classname="org.semanticweb.owlapi.profiles.ProfileDLOnlyTestCase" time="0.009"/>
  <testcase name="testDLOnly[92]" classname="org.semanticweb.owlapi.profiles.ProfileDLOnlyTestCase" time="0.003"/>
  <testcase name="testDLOnly[93]" classname="org.semanticweb.owlapi.profiles.ProfileDLOnlyTestCase" time="0.003"/>
  <testcase name="testDLOnly[94]" classname="org.semanticweb.owlapi.profiles.ProfileDLOnlyTestCase" time="0.003"/>
  <testcase name="testDLOnly[95]" classname="org.semanticweb.owlapi.profiles.ProfileDLOnlyTestCase" time="0.003"/>
  <testcase name="testDLOnly[96]" classname="org.semanticweb.owlapi.profiles.ProfileDLOnlyTestCase" time="0.003"/>
  <testcase name="testDLOnly[97]" classname="org.semanticweb.owlapi.profiles.ProfileDLOnlyTestCase" time="0.004"/>
  <testcase name="testDLOnly[98]" classname="org.semanticweb.owlapi.profiles.ProfileDLOnlyTestCase" time="0.003"/>
  <testcase name="testDLOnly[99]" classname="org.semanticweb.owlapi.profiles.ProfileDLOnlyTestCase" time="0.009"/>
  <testcase name="testDLOnly[100]" classname="org.semanticweb.owlapi.profiles.ProfileDLOnlyTestCase" time="0.009"/>
  <testcase name="testDLOnly[101]" classname="org.semanticweb.owlapi.profiles.ProfileDLOnlyTestCase" time="0.007"/>
  <testcase name="testDLOnly[102]" classname="org.semanticweb.owlapi.profiles.ProfileDLOnlyTestCase" time="0.004"/>
  <testcase name="testDLOnly[103]" classname="org.semanticweb.owlapi.profiles.ProfileDLOnlyTestCase" time="0.003"/>
  <testcase name="testDLOnly[104]" classname="org.semanticweb.owlapi.profiles.ProfileDLOnlyTestCase" time="0.006"/>
  <testcase name="testDLOnly[105]" classname="org.semanticweb.owlapi.profiles.ProfileDLOnlyTestCase" time="0.004"/>
  <testcase name="testDLOnly[106]" classname="org.semanticweb.owlapi.profiles.ProfileDLOnlyTestCase" time="0.008"/>
  <testcase name="testDLOnly[107]" classname="org.semanticweb.owlapi.profiles.ProfileDLOnlyTestCase" time="0.007"/>
  <testcase name="testDLOnly[108]" classname="org.semanticweb.owlapi.profiles.ProfileDLOnlyTestCase" time="0.004"/>
  <testcase name="testDLOnly[109]" classname="org.semanticweb.owlapi.profiles.ProfileDLOnlyTestCase" time="0.004"/>
  <testcase name="testDLOnly[110]" classname="org.semanticweb.owlapi.profiles.ProfileDLOnlyTestCase" time="0.003"/>
  <testcase name="testDLOnly[111]" classname="org.semanticweb.owlapi.profiles.ProfileDLOnlyTestCase" time="0.003"/>
  <testcase name="testDLOnly[112]" classname="org.semanticweb.owlapi.profiles.ProfileDLOnlyTestCase" time="0.005"/>
  <testcase name="testDLOnly[113]" classname="org.semanticweb.owlapi.profiles.ProfileDLOnlyTestCase" time="0.003"/>
  <testcase name="testDLOnly[114]" classname="org.semanticweb.owlapi.profiles.ProfileDLOnlyTestCase" time="0.003"/>
  <testcase name="testDLOnly[115]" classname="org.semanticweb.owlapi.profiles.ProfileDLOnlyTestCase" time="0.002"/>
  <testcase name="testDLOnly[116]" classname="org.semanticweb.owlapi.profiles.ProfileDLOnlyTestCase" time="0.003"/>
  <testcase name="testDLOnly[117]" classname="org.semanticweb.owlapi.profiles.ProfileDLOnlyTestCase" time="0.004"/>
  <testcase name="testDLOnly[118]" classname="org.semanticweb.owlapi.profiles.ProfileDLOnlyTestCase" time="0.003"/>
  <testcase name="testDLOnly[119]" classname="org.semanticweb.owlapi.profiles.ProfileDLOnlyTestCase" time="0.003"/>
  <testcase name="testDLOnly[120]" classname="org.semanticweb.owlapi.profiles.ProfileDLOnlyTestCase" time="0.003"/>
  <testcase name="testDLOnly[121]" classname="org.semanticweb.owlapi.profiles.ProfileDLOnlyTestCase" time="0.004"/>
  <testcase name="testDLOnly[122]" classname="org.semanticweb.owlapi.profiles.ProfileDLOnlyTestCase" time="0.005"/>
  <testcase name="testDLOnly[123]" classname="org.semanticweb.owlapi.profiles.ProfileDLOnlyTestCase" time="0.003"/>
  <testcase name="testDLOnly[124]" classname="org.semanticweb.owlapi.profiles.ProfileDLOnlyTestCase" time="0.004"/>
  <testcase name="testDLOnly[125]" classname="org.semanticweb.owlapi.profiles.ProfileDLOnlyTestCase" time="0.005"/>
  <testcase name="testDLOnly[126]" classname="org.semanticweb.owlapi.profiles.ProfileDLOnlyTestCase" time="0.004"/>
  <testcase name="testDLOnly[127]" classname="org.semanticweb.owlapi.profiles.ProfileDLOnlyTestCase" time="0.004"/>
  <testcase name="testDLOnly[128]" classname="org.semanticweb.owlapi.profiles.ProfileDLOnlyTestCase" time="0.003"/>
  <testcase name="testDLOnly[129]" classname="org.semanticweb.owlapi.profiles.ProfileDLOnlyTestCase" time="0.004"/>
  <testcase name="testDLOnly[130]" classname="org.semanticweb.owlapi.profiles.ProfileDLOnlyTestCase" time="0.003"/>
  <testcase name="testDLOnly[131]" classname="org.semanticweb.owlapi.profiles.ProfileDLOnlyTestCase" time="0.003"/>
  <testcase name="testDLOnly[132]" classname="org.semanticweb.owlapi.profiles.ProfileDLOnlyTestCase" time="0.002"/>
  <testcase name="testDLOnly[133]" classname="org.semanticweb.owlapi.profiles.ProfileDLOnlyTestCase" time="0.003"/>
  <testcase name="testDLOnly[134]" classname="org.semanticweb.owlapi.profiles.ProfileDLOnlyTestCase" time="0.003"/>
  <testcase name="testDLOnly[135]" classname="org.semanticweb.owlapi.profiles.ProfileDLOnlyTestCase" time="0.025"/>
  <testcase name="testDLOnly[136]" classname="org.semanticweb.owlapi.profiles.ProfileDLOnlyTestCase" time="0.004"/>
  <testcase name="testDLOnly[137]" classname="org.semanticweb.owlapi.profiles.ProfileDLOnlyTestCase" time="0.003"/>
  <testcase name="testDLOnly[138]" classname="org.semanticweb.owlapi.profiles.ProfileDLOnlyTestCase" time="0.003"/>
  <testcase name="testDLOnly[139]" classname="org.semanticweb.owlapi.profiles.ProfileDLOnlyTestCase" time="0.003"/>
  <testcase name="testDLOnly[140]" classname="org.semanticweb.owlapi.profiles.ProfileDLOnlyTestCase" time="0.001"/>
  <testcase name="testDLOnly[141]" classname="org.semanticweb.owlapi.profiles.ProfileDLOnlyTestCase" time="0.002"/>
  <testcase name="testDLOnly[142]" classname="org.semanticweb.owlapi.profiles.ProfileDLOnlyTestCase" time="0.003"/>
  <testcase name="testDLOnly[143]" classname="org.semanticweb.owlapi.profiles.ProfileDLOnlyTestCase" time="0.002"/>
  <testcase name="testDLOnly[144]" classname="org.semanticweb.owlapi.profiles.ProfileDLOnlyTestCase" time="0.001"/>
  <testcase name="testDLOnly[145]" classname="org.semanticweb.owlapi.profiles.ProfileDLOnlyTestCase" time="0.001"/>
  <testcase name="testDLOnly[146]" classname="org.semanticweb.owlapi.profiles.ProfileDLOnlyTestCase" time="0.002"/>
  <testcase name="testDLOnly[147]" classname="org.semanticweb.owlapi.profiles.ProfileDLOnlyTestCase" time="0.002"/>
  <testcase name="testDLOnly[148]" classname="org.semanticweb.owlapi.profiles.ProfileDLOnlyTestCase" time="0.003"/>
</testsuite>