<?xml version="1.0" encoding="UTF-8"?>
<testsuite name="org.semanticweb.owlapi.api.test.syntax.ManchesterOWLSyntaxParserErrorsTestCase" time="0.177" tests="82" errors="0" skipped="0" failures="0">
  <properties>
    <property name="java.runtime.name" value="OpenJDK Runtime Environment"/>
    <property name="sun.boot.library.path" value="/usr/lib/jvm/java-8-openjdk-amd64/jre/lib/amd64"/>
    <property name="java.vm.version" value="25.292-b10"/>
    <property name="java.vm.vendor" value="Private Build"/>
    <property name="maven.multiModuleProjectDirectory" value="/home/suvarna/Vinay/Sept-2021/owlapi-4a4680d490231ca0ae6928bc7ac0d4f34220be24"/>
    <property name="java.vendor.url" value="http://java.oracle.com/"/>
    <property name="path.separator" value=":"/>
    <property name="guice.disable.misplaced.annotation.check" value="true"/>
    <property name="java.vm.name" value="OpenJDK 64-Bit Server VM"/>
    <property name="file.encoding.pkg" value="sun.io"/>
    <property name="user.country" value="IN"/>
    <property name="sun.java.launcher" value="SUN_STANDARD"/>
    <property name="sun.os.patch.level" value="unknown"/>
    <property name="java.vm.specification.name" value="Java Virtual Machine Specification"/>
    <property name="user.dir" value="/home/suvarna/Vinay/Sept-2021/owlapi-4a4680d490231ca0ae6928bc7ac0d4f34220be24"/>
    <property name="java.runtime.version" value="1.8.0_292-8u292-b10-0ubuntu1~16.04.1-b10"/>
    <property name="java.awt.graphicsenv" value="sun.awt.X11GraphicsEnvironment"/>
    <property name="java.endorsed.dirs" value="/usr/lib/jvm/java-8-openjdk-amd64/jre/lib/endorsed"/>
    <property name="os.arch" value="amd64"/>
    <property name="java.io.tmpdir" value="/tmp"/>
    <property name="line.separator" value="&#10;"/>
    <property name="java.vm.specification.vendor" value="Oracle Corporation"/>
    <property name="os.name" value="Linux"/>
    <property name="classworlds.conf" value="/home/suvarna/maven/apache-maven-3.6.3/bin/m2.conf"/>
    <property name="sun.jnu.encoding" value="UTF-8"/>
    <property name="java.library.path" value="/usr/java/packages/lib/amd64:/usr/lib/x86_64-linux-gnu/jni:/lib/x86_64-linux-gnu:/usr/lib/x86_64-linux-gnu:/usr/lib/jni:/lib:/usr/lib"/>
    <property name="maven.conf" value="/home/suvarna/maven/apache-maven-3.6.3/conf"/>
    <property name="java.specification.name" value="Java Platform API Specification"/>
    <property name="java.class.version" value="52.0"/>
    <property name="sun.management.compiler" value="HotSpot 64-Bit Tiered Compilers"/>
    <property name="os.version" value="4.15.0-142-generic"/>
    <property name="library.jansi.path" value="/home/suvarna/maven/apache-maven-3.6.3/lib/jansi-native"/>
    <property name="user.home" value="/home/suvarna"/>
    <property name="user.timezone" value="Asia/Kolkata"/>
    <property name="java.awt.printerjob" value="sun.print.PSPrinterJob"/>
    <property name="java.specification.version" value="1.8"/>
    <property name="file.encoding" value="UTF-8"/>
    <property name="user.name" value="suvarna"/>
    <property name="java.class.path" value="/home/suvarna/maven/apache-maven-3.6.3/boot/plexus-classworlds-2.6.0.jar"/>
    <property name="java.vm.specification.version" value="1.8"/>
    <property name="sun.arch.data.model" value="64"/>
    <property name="java.home" value="/usr/lib/jvm/java-8-openjdk-amd64/jre"/>
    <property name="sun.java.command" value="org.codehaus.plexus.classworlds.launcher.Launcher test"/>
    <property name="java.specification.vendor" value="Oracle Corporation"/>
    <property name="user.language" value="en"/>
    <property name="awt.toolkit" value="sun.awt.X11.XToolkit"/>
    <property name="java.vm.info" value="mixed mode"/>
    <property name="java.version" value="1.8.0_292"/>
    <property name="java.ext.dirs" value="/usr/lib/jvm/java-8-openjdk-amd64/jre/lib/ext:/usr/java/packages/lib/ext"/>
    <property name="securerandom.source" value="file:/dev/./urandom"/>
    <property name="sun.boot.class.path" value="/usr/lib/jvm/java-8-openjdk-amd64/jre/lib/resources.jar:/usr/lib/jvm/java-8-openjdk-amd64/jre/lib/rt.jar:/usr/lib/jvm/java-8-openjdk-amd64/jre/lib/sunrsasign.jar:/usr/lib/jvm/java-8-openjdk-amd64/jre/lib/jsse.jar:/usr/lib/jvm/java-8-openjdk-amd64/jre/lib/jce.jar:/usr/lib/jvm/java-8-openjdk-amd64/jre/lib/charsets.jar:/usr/lib/jvm/java-8-openjdk-amd64/jre/lib/jfr.jar:/usr/lib/jvm/java-8-openjdk-amd64/jre/classes"/>
    <property name="java.vendor" value="Private Build"/>
    <property name="maven.home" value="/home/suvarna/maven/apache-maven-3.6.3"/>
    <property name="file.separator" value="/"/>
    <property name="java.vendor.url.bug" value="http://bugreport.sun.com/bugreport/"/>
    <property name="sun.cpu.endian" value="little"/>
    <property name="sun.io.unicode.encoding" value="UnicodeLittle"/>
    <property name="sun.desktop" value="gnome"/>
    <property name="sun.cpu.isalist" value=""/>
  </properties>
  <testcase name="prematureEOFAfterAnnotationPropertyAnnotationsShouldCauseParseException" classname="org.semanticweb.owlapi.api.test.syntax.ManchesterOWLSyntaxParserErrorsTestCase" time="0.054"/>
  <testcase name="unknownObjectPropertyNameShouldCauseException" classname="org.semanticweb.owlapi.api.test.syntax.ManchesterOWLSyntaxParserErrorsTestCase" time="0.002"/>
  <testcase name="prematureEOFAfterIndividualDifferentFromShouldCauseParseException" classname="org.semanticweb.owlapi.api.test.syntax.ManchesterOWLSyntaxParserErrorsTestCase" time="0.002"/>
  <testcase name="prematureEOFAfterDataPropertyRangeShouldCauseParseException" classname="org.semanticweb.owlapi.api.test.syntax.ManchesterOWLSyntaxParserErrorsTestCase" time="0.003"/>
  <testcase name="prematureEOFAfterRuleAtomShouldCauseParseException" classname="org.semanticweb.owlapi.api.test.syntax.ManchesterOWLSyntaxParserErrorsTestCase" time="0.004"/>
  <testcase name="unrecognisedAnnotationPropertyAfterAnnotationPropertyAnnotationsShouldCauseParseException" classname="org.semanticweb.owlapi.api.test.syntax.ManchesterOWLSyntaxParserErrorsTestCase" time="0.002"/>
  <testcase name="unrecognizedCharacteristicAfterDataPropertyCharacteristicsShouldCauseParseException" classname="org.semanticweb.owlapi.api.test.syntax.ManchesterOWLSyntaxParserErrorsTestCase" time="0.019"/>
  <testcase name="prematureEOFAfterClassSubClassOfAxiomAnnotationsShouldCauseParseException" classname="org.semanticweb.owlapi.api.test.syntax.ManchesterOWLSyntaxParserErrorsTestCase" time="0"/>
  <testcase name="prematureEOFAfterAnnotationPropertyShouldCauseParseException" classname="org.semanticweb.owlapi.api.test.syntax.ManchesterOWLSyntaxParserErrorsTestCase" time="0"/>
  <testcase name="unknownDataPropertyNameShouldCauseException" classname="org.semanticweb.owlapi.api.test.syntax.ManchesterOWLSyntaxParserErrorsTestCase" time="0"/>
  <testcase name="unrecognizedClassAfterIndividualTypesShouldCauseParseException" classname="org.semanticweb.owlapi.api.test.syntax.ManchesterOWLSyntaxParserErrorsTestCase" time="0"/>
  <testcase name="unknownClassNameShouldCauseException" classname="org.semanticweb.owlapi.api.test.syntax.ManchesterOWLSyntaxParserErrorsTestCase" time="0"/>
  <testcase name="prematureEOFAfterDisjointUnionOfShouldCauseParseException" classname="org.semanticweb.owlapi.api.test.syntax.ManchesterOWLSyntaxParserErrorsTestCase" time="0"/>
  <testcase name="prematureEOFAfterObjectPropertyShouldCauseParseException" classname="org.semanticweb.owlapi.api.test.syntax.ManchesterOWLSyntaxParserErrorsTestCase" time="0"/>
  <testcase name="prematureEOFAfterClassHasKeyAxiomAnnotationsShouldCauseParseException" classname="org.semanticweb.owlapi.api.test.syntax.ManchesterOWLSyntaxParserErrorsTestCase" time="0"/>
  <testcase name="prematureEOFAfterClassEquivalentToAxiomAnnotationsShouldCauseParseException" classname="org.semanticweb.owlapi.api.test.syntax.ManchesterOWLSyntaxParserErrorsTestCase" time="0.006"/>
  <testcase name="prematureEOFAfterAnnotationPropertySubPropertyOfShouldCauseParseException" classname="org.semanticweb.owlapi.api.test.syntax.ManchesterOWLSyntaxParserErrorsTestCase" time="0"/>
  <testcase name="prematureEOFAfterIndividualFactsShouldCauseParseException" classname="org.semanticweb.owlapi.api.test.syntax.ManchesterOWLSyntaxParserErrorsTestCase" time="0"/>
  <testcase name="prematureEOFAfterHasKeyShouldCauseParseException" classname="org.semanticweb.owlapi.api.test.syntax.ManchesterOWLSyntaxParserErrorsTestCase" time="0"/>
  <testcase name="unrecognizedPropertyAfterObjectPropertyDisjointWithToShouldCauseParseException" classname="org.semanticweb.owlapi.api.test.syntax.ManchesterOWLSyntaxParserErrorsTestCase" time="0.001"/>
  <testcase name="unrecognizedIndividualAfterIndividualDifferentFromShouldCauseParseException" classname="org.semanticweb.owlapi.api.test.syntax.ManchesterOWLSyntaxParserErrorsTestCase" time="0.002"/>
  <testcase name="prematureEOFAfterObjectPropertyAnnotationsShouldCauseParseException" classname="org.semanticweb.owlapi.api.test.syntax.ManchesterOWLSyntaxParserErrorsTestCase" time="0.002"/>
  <testcase name="unmarkedVariableInRuleAtomShouldCauseParseException" classname="org.semanticweb.owlapi.api.test.syntax.ManchesterOWLSyntaxParserErrorsTestCase" time="0.001"/>
  <testcase name="prematureEOFAfterDisjointWithShouldCauseParseException" classname="org.semanticweb.owlapi.api.test.syntax.ManchesterOWLSyntaxParserErrorsTestCase" time="0.002"/>
  <testcase name="prematureEOFAfterSubClassOfShouldCauseParseException" classname="org.semanticweb.owlapi.api.test.syntax.ManchesterOWLSyntaxParserErrorsTestCase" time="0.005"/>
  <testcase name="missingLiteralTypeShouldCauseException" classname="org.semanticweb.owlapi.api.test.syntax.ManchesterOWLSyntaxParserErrorsTestCase" time="0.002"/>
  <testcase name="prematureEOFAfterDataPropertyCharacteristicsShouldCauseParseException" classname="org.semanticweb.owlapi.api.test.syntax.ManchesterOWLSyntaxParserErrorsTestCase" time="0.002"/>
  <testcase name="prematureEOFAfterClassEquivalentToListShouldCauseParseException" classname="org.semanticweb.owlapi.api.test.syntax.ManchesterOWLSyntaxParserErrorsTestCase" time="0.003"/>
  <testcase name="unrecognizedPropertyAfterDataPropertySubPropertyOfShouldCauseParseException" classname="org.semanticweb.owlapi.api.test.syntax.ManchesterOWLSyntaxParserErrorsTestCase" time="0.002"/>
  <testcase name="unknownAnnotationPropertyNameShouldCauseException" classname="org.semanticweb.owlapi.api.test.syntax.ManchesterOWLSyntaxParserErrorsTestCase" time="0.001"/>
  <testcase name="prematureEOFAfterDataPropertyShouldCauseParseException" classname="org.semanticweb.owlapi.api.test.syntax.ManchesterOWLSyntaxParserErrorsTestCase" time="0.002"/>
  <testcase name="unrecognizedCharacteristicAfterObjectPropertyCharacteristicsShouldCauseParseException" classname="org.semanticweb.owlapi.api.test.syntax.ManchesterOWLSyntaxParserErrorsTestCase" time="0.002"/>
  <testcase name="unrecognizedPropertyAfterObjectPropertyEquivalentToShouldCauseParseException" classname="org.semanticweb.owlapi.api.test.syntax.ManchesterOWLSyntaxParserErrorsTestCase" time="0.001"/>
  <testcase name="unrecognisedAnnotationPropertyAfterDataPropertyAnnotationsShouldCauseParseException" classname="org.semanticweb.owlapi.api.test.syntax.ManchesterOWLSyntaxParserErrorsTestCase" time="0.001"/>
  <testcase name="prematureEOFAfterClassDisjointWithAxiomAnnotationsShouldCauseParseException" classname="org.semanticweb.owlapi.api.test.syntax.ManchesterOWLSyntaxParserErrorsTestCase" time="0.002"/>
  <testcase name="unrecognizedPropertyAfterDataPropertyEquivalentToShouldCauseParseException" classname="org.semanticweb.owlapi.api.test.syntax.ManchesterOWLSyntaxParserErrorsTestCase" time="0.001"/>
  <testcase name="prematureEOFAfterObjectPropertyCharacteristicsShouldCauseParseException" classname="org.semanticweb.owlapi.api.test.syntax.ManchesterOWLSyntaxParserErrorsTestCase" time="0.002"/>
  <testcase name="unrecognizedPropertyAfterObjectPropertyInverseOfShouldCauseParseException" classname="org.semanticweb.owlapi.api.test.syntax.ManchesterOWLSyntaxParserErrorsTestCase" time="0.002"/>
  <testcase name="prematureEOFAfterObjectPropertyDomainShouldCauseParseException" classname="org.semanticweb.owlapi.api.test.syntax.ManchesterOWLSyntaxParserErrorsTestCase" time="0.002"/>
  <testcase name="unrecognizedPropertyAfterObjectPropertySubPropertyOfShouldCauseParseException" classname="org.semanticweb.owlapi.api.test.syntax.ManchesterOWLSyntaxParserErrorsTestCase" time="0.001"/>
  <testcase name="prematureEOFAfterEquivalentToShouldCauseParseException" classname="org.semanticweb.owlapi.api.test.syntax.ManchesterOWLSyntaxParserErrorsTestCase" time="0.002"/>
  <testcase name="unrecognisedPropertyAfterRuleShouldCauseParseException" classname="org.semanticweb.owlapi.api.test.syntax.ManchesterOWLSyntaxParserErrorsTestCase" time="0.002"/>
  <testcase name="unrecognizedPropertyAfterIndividualFactsNotShouldCauseParseException" classname="org.semanticweb.owlapi.api.test.syntax.ManchesterOWLSyntaxParserErrorsTestCase" time="0.001"/>
  <testcase name="prematureEOFAfterClassAnnotationsShouldCauseParseException" classname="org.semanticweb.owlapi.api.test.syntax.ManchesterOWLSyntaxParserErrorsTestCase" time="0.001"/>
  <testcase name="prematureEOFAfterDataPropertyDomainShouldCauseParseException" classname="org.semanticweb.owlapi.api.test.syntax.ManchesterOWLSyntaxParserErrorsTestCase" time="0.001"/>
  <testcase name="prematureEOFAfterDataPropertyDisjointWithShouldCauseParseException" classname="org.semanticweb.owlapi.api.test.syntax.ManchesterOWLSyntaxParserErrorsTestCase" time="0.001"/>
  <testcase name="prematureEOFAfterAnnotationPropertyRangeShouldCauseParseException" classname="org.semanticweb.owlapi.api.test.syntax.ManchesterOWLSyntaxParserErrorsTestCase" time="0.001"/>
  <testcase name="prematureEOFAfterObjectPropertyDisjointWithShouldCauseParseException" classname="org.semanticweb.owlapi.api.test.syntax.ManchesterOWLSyntaxParserErrorsTestCase" time="0.001"/>
  <testcase name="unrecognizedClassAfterAnnotationPropertyRangeShouldCauseParseException" classname="org.semanticweb.owlapi.api.test.syntax.ManchesterOWLSyntaxParserErrorsTestCase" time="0.001"/>
  <testcase name="unrecognizedClassAfterObjectPropertyRangeShouldCauseParseException" classname="org.semanticweb.owlapi.api.test.syntax.ManchesterOWLSyntaxParserErrorsTestCase" time="0.002"/>
  <testcase name="prematureEOFAfterObjectPropertyInverseOfShouldCauseParseException" classname="org.semanticweb.owlapi.api.test.syntax.ManchesterOWLSyntaxParserErrorsTestCase" time="0.002"/>
  <testcase name="prematureEOFAfterClassDisjointUnionOfListShouldCauseParseException" classname="org.semanticweb.owlapi.api.test.syntax.ManchesterOWLSyntaxParserErrorsTestCase" time="0.002"/>
  <testcase name="prematureEOFAfterObjectPropertySubPropertyChainShouldCauseParseException" classname="org.semanticweb.owlapi.api.test.syntax.ManchesterOWLSyntaxParserErrorsTestCase" time="0.002"/>
  <testcase name="prematureEOFAfterDataPropertyAnnotationsShouldCauseParseException" classname="org.semanticweb.owlapi.api.test.syntax.ManchesterOWLSyntaxParserErrorsTestCase" time="0.002"/>
  <testcase name="unrecognizedClassAfterDataPropertyDomainShouldCauseParseException" classname="org.semanticweb.owlapi.api.test.syntax.ManchesterOWLSyntaxParserErrorsTestCase" time="0.001"/>
  <testcase name="prematureEOFAfterObjectPropertyRangeShouldCauseParseException" classname="org.semanticweb.owlapi.api.test.syntax.ManchesterOWLSyntaxParserErrorsTestCase" time="0.002"/>
  <testcase name="unrecognizedClassAfterDataPropertyRangeShouldCauseParseException" classname="org.semanticweb.owlapi.api.test.syntax.ManchesterOWLSyntaxParserErrorsTestCase" time="0.001"/>
  <testcase name="unrecognizedPropertyAfterAnnotationPropertySubPropertyOfShouldCauseParseException" classname="org.semanticweb.owlapi.api.test.syntax.ManchesterOWLSyntaxParserErrorsTestCase" time="0.001"/>
  <testcase name="unrecognizedPropertyAfterDataPropertyDisjointWithToShouldCauseParseException" classname="org.semanticweb.owlapi.api.test.syntax.ManchesterOWLSyntaxParserErrorsTestCase" time="0.001"/>
  <testcase name="unknownNamedIndividualShouldCauseException" classname="org.semanticweb.owlapi.api.test.syntax.ManchesterOWLSyntaxParserErrorsTestCase" time="0.001"/>
  <testcase name="unrecognizedAnnotationPropertyAfterIndividualAnnotationsShouldCauseParseException" classname="org.semanticweb.owlapi.api.test.syntax.ManchesterOWLSyntaxParserErrorsTestCase" time="0"/>
  <testcase name="prematureEOFAfterClassDisjointUnionOfAxiomAnnotationsShouldCauseParseException" classname="org.semanticweb.owlapi.api.test.syntax.ManchesterOWLSyntaxParserErrorsTestCase" time="0"/>
  <testcase name="prematureEOFAfterDataPropertyEquivalentToShouldCauseParseException" classname="org.semanticweb.owlapi.api.test.syntax.ManchesterOWLSyntaxParserErrorsTestCase" time="0"/>
  <testcase name="prematureEOFAfterClassDisjointWithListShouldCauseParseException" classname="org.semanticweb.owlapi.api.test.syntax.ManchesterOWLSyntaxParserErrorsTestCase" time="0.001"/>
  <testcase name="prematureEOFAfterObjectPropertyEquivalentToShouldCauseParseException" classname="org.semanticweb.owlapi.api.test.syntax.ManchesterOWLSyntaxParserErrorsTestCase" time="0.001"/>
  <testcase name="prematureEOFAfterIndividualFactsNotShouldCauseParseException" classname="org.semanticweb.owlapi.api.test.syntax.ManchesterOWLSyntaxParserErrorsTestCase" time="0.001"/>
  <testcase name="prematureEOFAfterRuleShouldCauseParseException" classname="org.semanticweb.owlapi.api.test.syntax.ManchesterOWLSyntaxParserErrorsTestCase" time="0.001"/>
  <testcase name="unrecognizedClassAfterAnnotationPropertyDomainShouldCauseParseException" classname="org.semanticweb.owlapi.api.test.syntax.ManchesterOWLSyntaxParserErrorsTestCase" time="0"/>
  <testcase name="unrecognizedPropertyAfterObjectPropertySubPropertyChainOfShouldCauseParseException" classname="org.semanticweb.owlapi.api.test.syntax.ManchesterOWLSyntaxParserErrorsTestCase" time="0.001"/>
  <testcase name="prematureEOFAfterObjectPropertySubPropertyOfShouldCauseParseException" classname="org.semanticweb.owlapi.api.test.syntax.ManchesterOWLSyntaxParserErrorsTestCase" time="0.002"/>
  <testcase name="prematureEOFInDeclarationShouldCauseParseException" classname="org.semanticweb.owlapi.api.test.syntax.ManchesterOWLSyntaxParserErrorsTestCase" time="0.001"/>
  <testcase name="unrecognizedClassAfterObjectPropertyDomainShouldCauseParseException" classname="org.semanticweb.owlapi.api.test.syntax.ManchesterOWLSyntaxParserErrorsTestCase" time="0.001"/>
  <testcase name="prematureEOFAfterDataPropertySubPropertyOfShouldCauseParseException" classname="org.semanticweb.owlapi.api.test.syntax.ManchesterOWLSyntaxParserErrorsTestCase" time="0.001"/>
  <testcase name="unrecognizedPropertyAfterIndividualFactsShouldCauseParseException" classname="org.semanticweb.owlapi.api.test.syntax.ManchesterOWLSyntaxParserErrorsTestCase" time="0.001"/>
  <testcase name="unrecognizedIndividualAfterIndividualSameAsShouldCauseParseException" classname="org.semanticweb.owlapi.api.test.syntax.ManchesterOWLSyntaxParserErrorsTestCase" time="0.001"/>
  <testcase name="unknownDatatypeNameShouldCauseException" classname="org.semanticweb.owlapi.api.test.syntax.ManchesterOWLSyntaxParserErrorsTestCase" time="0"/>
  <testcase name="prematureEOFAfterIndividualSameAsShouldCauseParseException" classname="org.semanticweb.owlapi.api.test.syntax.ManchesterOWLSyntaxParserErrorsTestCase" time="0"/>
  <testcase name="prematureEOFAfterIndividualTypesShouldCauseParseException" classname="org.semanticweb.owlapi.api.test.syntax.ManchesterOWLSyntaxParserErrorsTestCase" time="0.001"/>
  <testcase name="unclosedLiteralShouldCauseParseException" classname="org.semanticweb.owlapi.api.test.syntax.ManchesterOWLSyntaxParserErrorsTestCase" time="0.001"/>
  <testcase name="prematureEOFAfterIndividualAnnotationsShouldCauseParseException" classname="org.semanticweb.owlapi.api.test.syntax.ManchesterOWLSyntaxParserErrorsTestCase" time="0.002"/>
  <testcase name="prematureEOFAfterClassSubClassOfListShouldCauseParseException" classname="org.semanticweb.owlapi.api.test.syntax.ManchesterOWLSyntaxParserErrorsTestCase" time="0.001"/>
  <testcase name="prematureEOFAfterAnnotationPropertyDomainShouldCauseParseException" classname="org.semanticweb.owlapi.api.test.syntax.ManchesterOWLSyntaxParserErrorsTestCase" time="0.001"/>
</testsuite>