<?xml version="1.0" encoding="UTF-8"?>
<testsuite name="org.semanticweb.owlapi.api.test.ParsersStorersTestCase" time="1.823" tests="639" errors="0" skipped="0" failures="0">
  <properties>
    <property name="java.runtime.name" value="OpenJDK Runtime Environment"/>
    <property name="sun.boot.library.path" value="/usr/lib/jvm/java-8-openjdk-amd64/jre/lib/amd64"/>
    <property name="java.vm.version" value="25.292-b10"/>
    <property name="java.vm.vendor" value="Private Build"/>
    <property name="maven.multiModuleProjectDirectory" value="/home/suvarna/Vinay/Sept-2021/owlapi-a77ee9c4fded63ebc7af16e357b8cb32b638f8cd"/>
    <property name="java.vendor.url" value="http://java.oracle.com/"/>
    <property name="path.separator" value=":"/>
    <property name="guice.disable.misplaced.annotation.check" value="true"/>
    <property name="java.vm.name" value="OpenJDK 64-Bit Server VM"/>
    <property name="file.encoding.pkg" value="sun.io"/>
    <property name="user.country" value="IN"/>
    <property name="sun.java.launcher" value="SUN_STANDARD"/>
    <property name="sun.os.patch.level" value="unknown"/>
    <property name="java.vm.specification.name" value="Java Virtual Machine Specification"/>
    <property name="user.dir" value="/home/suvarna/Vinay/Sept-2021/owlapi-a77ee9c4fded63ebc7af16e357b8cb32b638f8cd"/>
    <property name="java.runtime.version" value="1.8.0_292-8u292-b10-0ubuntu1~16.04.1-b10"/>
    <property name="java.awt.graphicsenv" value="sun.awt.X11GraphicsEnvironment"/>
    <property name="java.endorsed.dirs" value="/usr/lib/jvm/java-8-openjdk-amd64/jre/lib/endorsed"/>
    <property name="os.arch" value="amd64"/>
    <property name="java.io.tmpdir" value="/tmp"/>
    <property name="line.separator" value="&#10;"/>
    <property name="java.vm.specification.vendor" value="Oracle Corporation"/>
    <property name="os.name" value="Linux"/>
    <property name="classworlds.conf" value="/home/suvarna/maven/apache-maven-3.6.3/bin/m2.conf"/>
    <property name="sun.jnu.encoding" value="UTF-8"/>
    <property name="java.library.path" value="/usr/java/packages/lib/amd64:/usr/lib/x86_64-linux-gnu/jni:/lib/x86_64-linux-gnu:/usr/lib/x86_64-linux-gnu:/usr/lib/jni:/lib:/usr/lib"/>
    <property name="maven.conf" value="/home/suvarna/maven/apache-maven-3.6.3/conf"/>
    <property name="java.specification.name" value="Java Platform API Specification"/>
    <property name="java.class.version" value="52.0"/>
    <property name="sun.management.compiler" value="HotSpot 64-Bit Tiered Compilers"/>
    <property name="os.version" value="4.15.0-142-generic"/>
    <property name="library.jansi.path" value="/home/suvarna/maven/apache-maven-3.6.3/lib/jansi-native"/>
    <property name="user.home" value="/home/suvarna"/>
    <property name="user.timezone" value="Asia/Kolkata"/>
    <property name="java.awt.printerjob" value="sun.print.PSPrinterJob"/>
    <property name="java.specification.version" value="1.8"/>
    <property name="file.encoding" value="UTF-8"/>
    <property name="user.name" value="suvarna"/>
    <property name="java.class.path" value="/home/suvarna/maven/apache-maven-3.6.3/boot/plexus-classworlds-2.6.0.jar"/>
    <property name="java.vm.specification.version" value="1.8"/>
    <property name="sun.arch.data.model" value="64"/>
    <property name="java.home" value="/usr/lib/jvm/java-8-openjdk-amd64/jre"/>
    <property name="sun.java.command" value="org.codehaus.plexus.classworlds.launcher.Launcher test"/>
    <property name="java.specification.vendor" value="Oracle Corporation"/>
    <property name="user.language" value="en"/>
    <property name="awt.toolkit" value="sun.awt.X11.XToolkit"/>
    <property name="java.vm.info" value="mixed mode"/>
    <property name="java.version" value="1.8.0_292"/>
    <property name="java.ext.dirs" value="/usr/lib/jvm/java-8-openjdk-amd64/jre/lib/ext:/usr/java/packages/lib/ext"/>
    <property name="securerandom.source" value="file:/dev/./urandom"/>
    <property name="sun.boot.class.path" value="/usr/lib/jvm/java-8-openjdk-amd64/jre/lib/resources.jar:/usr/lib/jvm/java-8-openjdk-amd64/jre/lib/rt.jar:/usr/lib/jvm/java-8-openjdk-amd64/jre/lib/sunrsasign.jar:/usr/lib/jvm/java-8-openjdk-amd64/jre/lib/jsse.jar:/usr/lib/jvm/java-8-openjdk-amd64/jre/lib/jce.jar:/usr/lib/jvm/java-8-openjdk-amd64/jre/lib/charsets.jar:/usr/lib/jvm/java-8-openjdk-amd64/jre/lib/jfr.jar:/usr/lib/jvm/java-8-openjdk-amd64/jre/classes"/>
    <property name="java.vendor" value="Private Build"/>
    <property name="maven.home" value="/home/suvarna/maven/apache-maven-3.6.3"/>
    <property name="file.separator" value="/"/>
    <property name="java.vendor.url.bug" value="http://bugreport.sun.com/bugreport/"/>
    <property name="sun.cpu.endian" value="little"/>
    <property name="sun.io.unicode.encoding" value="UnicodeLittle"/>
    <property name="sun.desktop" value="gnome"/>
    <property name="sun.cpu.isalist" value=""/>
  </properties>
  <testcase name="testKRSS2[0]" classname="org.semanticweb.owlapi.api.test.ParsersStorersTestCase" time="0.004"/>
  <testcase name="testFSS[0]" classname="org.semanticweb.owlapi.api.test.ParsersStorersTestCase" time="0.002"/>
  <testcase name="testLatex[0]" classname="org.semanticweb.owlapi.api.test.ParsersStorersTestCase" time="0.002"/>
  <testcase name="testKRSS[0]" classname="org.semanticweb.owlapi.api.test.ParsersStorersTestCase" time="0.009"/>
  <testcase name="testDLSyntax[0]" classname="org.semanticweb.owlapi.api.test.ParsersStorersTestCase" time="0.004"/>
  <testcase name="testManchesterSyntax[0]" classname="org.semanticweb.owlapi.api.test.ParsersStorersTestCase" time="0.005"/>
  <testcase name="testOWLXML[0]" classname="org.semanticweb.owlapi.api.test.ParsersStorersTestCase" time="0.002"/>
  <testcase name="testRDFXML[0]" classname="org.semanticweb.owlapi.api.test.ParsersStorersTestCase" time="0.003"/>
  <testcase name="testTurtle[0]" classname="org.semanticweb.owlapi.api.test.ParsersStorersTestCase" time="0.003"/>
  <testcase name="testFSS[1]" classname="org.semanticweb.owlapi.api.test.ParsersStorersTestCase" time="0.001"/>
  <testcase name="testKRSS2[1]" classname="org.semanticweb.owlapi.api.test.ParsersStorersTestCase" time="0.003"/>
  <testcase name="testLatex[1]" classname="org.semanticweb.owlapi.api.test.ParsersStorersTestCase" time="0.006"/>
  <testcase name="testKRSS[1]" classname="org.semanticweb.owlapi.api.test.ParsersStorersTestCase" time="0.01"/>
  <testcase name="testDLSyntax[1]" classname="org.semanticweb.owlapi.api.test.ParsersStorersTestCase" time="0.006"/>
  <testcase name="testOWLXML[1]" classname="org.semanticweb.owlapi.api.test.ParsersStorersTestCase" time="0.003"/>
  <testcase name="testManchesterSyntax[1]" classname="org.semanticweb.owlapi.api.test.ParsersStorersTestCase" time="0.003"/>
  <testcase name="testRDFXML[1]" classname="org.semanticweb.owlapi.api.test.ParsersStorersTestCase" time="0.003"/>
  <testcase name="testTurtle[1]" classname="org.semanticweb.owlapi.api.test.ParsersStorersTestCase" time="0.005"/>
  <testcase name="testFSS[2]" classname="org.semanticweb.owlapi.api.test.ParsersStorersTestCase" time="0.001"/>
  <testcase name="testKRSS2[2]" classname="org.semanticweb.owlapi.api.test.ParsersStorersTestCase" time="0.002"/>
  <testcase name="testLatex[2]" classname="org.semanticweb.owlapi.api.test.ParsersStorersTestCase" time="0.001"/>
  <testcase name="testKRSS[2]" classname="org.semanticweb.owlapi.api.test.ParsersStorersTestCase" time="0"/>
  <testcase name="testDLSyntax[2]" classname="org.semanticweb.owlapi.api.test.ParsersStorersTestCase" time="0.005"/>
  <testcase name="testManchesterSyntax[2]" classname="org.semanticweb.owlapi.api.test.ParsersStorersTestCase" time="0.005"/>
  <testcase name="testOWLXML[2]" classname="org.semanticweb.owlapi.api.test.ParsersStorersTestCase" time="0.001"/>
  <testcase name="testRDFXML[2]" classname="org.semanticweb.owlapi.api.test.ParsersStorersTestCase" time="0.004"/>
  <testcase name="testTurtle[2]" classname="org.semanticweb.owlapi.api.test.ParsersStorersTestCase" time="0.003"/>
  <testcase name="testFSS[3]" classname="org.semanticweb.owlapi.api.test.ParsersStorersTestCase" time="0.001"/>
  <testcase name="testKRSS2[3]" classname="org.semanticweb.owlapi.api.test.ParsersStorersTestCase" time="0.002"/>
  <testcase name="testLatex[3]" classname="org.semanticweb.owlapi.api.test.ParsersStorersTestCase" time="0.001"/>
  <testcase name="testKRSS[3]" classname="org.semanticweb.owlapi.api.test.ParsersStorersTestCase" time="0.005"/>
  <testcase name="testDLSyntax[3]" classname="org.semanticweb.owlapi.api.test.ParsersStorersTestCase" time="0.004"/>
  <testcase name="testManchesterSyntax[3]" classname="org.semanticweb.owlapi.api.test.ParsersStorersTestCase" time="0.004"/>
  <testcase name="testOWLXML[3]" classname="org.semanticweb.owlapi.api.test.ParsersStorersTestCase" time="0.004"/>
  <testcase name="testRDFXML[3]" classname="org.semanticweb.owlapi.api.test.ParsersStorersTestCase" time="0.002"/>
  <testcase name="testTurtle[3]" classname="org.semanticweb.owlapi.api.test.ParsersStorersTestCase" time="0.003"/>
  <testcase name="testFSS[4]" classname="org.semanticweb.owlapi.api.test.ParsersStorersTestCase" time="0.001"/>
  <testcase name="testKRSS2[4]" classname="org.semanticweb.owlapi.api.test.ParsersStorersTestCase" time="0.004"/>
  <testcase name="testLatex[4]" classname="org.semanticweb.owlapi.api.test.ParsersStorersTestCase" time="0.006"/>
  <testcase name="testKRSS[4]" classname="org.semanticweb.owlapi.api.test.ParsersStorersTestCase" time="0.005"/>
  <testcase name="testDLSyntax[4]" classname="org.semanticweb.owlapi.api.test.ParsersStorersTestCase" time="0.001"/>
  <testcase name="testManchesterSyntax[4]" classname="org.semanticweb.owlapi.api.test.ParsersStorersTestCase" time="0.002"/>
  <testcase name="testOWLXML[4]" classname="org.semanticweb.owlapi.api.test.ParsersStorersTestCase" time="0.002"/>
  <testcase name="testRDFXML[4]" classname="org.semanticweb.owlapi.api.test.ParsersStorersTestCase" time="0.003"/>
  <testcase name="testTurtle[4]" classname="org.semanticweb.owlapi.api.test.ParsersStorersTestCase" time="0.003"/>
  <testcase name="testFSS[5]" classname="org.semanticweb.owlapi.api.test.ParsersStorersTestCase" time="0.002"/>
  <testcase name="testKRSS2[5]" classname="org.semanticweb.owlapi.api.test.ParsersStorersTestCase" time="0.001"/>
  <testcase name="testLatex[5]" classname="org.semanticweb.owlapi.api.test.ParsersStorersTestCase" time="0.001"/>
  <testcase name="testKRSS[5]" classname="org.semanticweb.owlapi.api.test.ParsersStorersTestCase" time="0.001"/>
  <testcase name="testDLSyntax[5]" classname="org.semanticweb.owlapi.api.test.ParsersStorersTestCase" time="0.001"/>
  <testcase name="testManchesterSyntax[5]" classname="org.semanticweb.owlapi.api.test.ParsersStorersTestCase" time="0.004"/>
  <testcase name="testOWLXML[5]" classname="org.semanticweb.owlapi.api.test.ParsersStorersTestCase" time="0.005"/>
  <testcase name="testRDFXML[5]" classname="org.semanticweb.owlapi.api.test.ParsersStorersTestCase" time="0.005"/>
  <testcase name="testTurtle[5]" classname="org.semanticweb.owlapi.api.test.ParsersStorersTestCase" time="0.006"/>
  <testcase name="testFSS[6]" classname="org.semanticweb.owlapi.api.test.ParsersStorersTestCase" time="0.001"/>
  <testcase name="testKRSS2[6]" classname="org.semanticweb.owlapi.api.test.ParsersStorersTestCase" time="0.003"/>
  <testcase name="testLatex[6]" classname="org.semanticweb.owlapi.api.test.ParsersStorersTestCase" time="0.001"/>
  <testcase name="testKRSS[6]" classname="org.semanticweb.owlapi.api.test.ParsersStorersTestCase" time="0.002"/>
  <testcase name="testDLSyntax[6]" classname="org.semanticweb.owlapi.api.test.ParsersStorersTestCase" time="0.009"/>
  <testcase name="testManchesterSyntax[6]" classname="org.semanticweb.owlapi.api.test.ParsersStorersTestCase" time="0.007"/>
  <testcase name="testOWLXML[6]" classname="org.semanticweb.owlapi.api.test.ParsersStorersTestCase" time="0.004"/>
  <testcase name="testRDFXML[6]" classname="org.semanticweb.owlapi.api.test.ParsersStorersTestCase" time="0.006"/>
  <testcase name="testTurtle[6]" classname="org.semanticweb.owlapi.api.test.ParsersStorersTestCase" time="0.006"/>
  <testcase name="testFSS[7]" classname="org.semanticweb.owlapi.api.test.ParsersStorersTestCase" time="0.002"/>
  <testcase name="testKRSS2[7]" classname="org.semanticweb.owlapi.api.test.ParsersStorersTestCase" time="0.004"/>
  <testcase name="testLatex[7]" classname="org.semanticweb.owlapi.api.test.ParsersStorersTestCase" time="0.003"/>
  <testcase name="testKRSS[7]" classname="org.semanticweb.owlapi.api.test.ParsersStorersTestCase" time="0.002"/>
  <testcase name="testDLSyntax[7]" classname="org.semanticweb.owlapi.api.test.ParsersStorersTestCase" time="0.001"/>
  <testcase name="testManchesterSyntax[7]" classname="org.semanticweb.owlapi.api.test.ParsersStorersTestCase" time="0.004"/>
  <testcase name="testOWLXML[7]" classname="org.semanticweb.owlapi.api.test.ParsersStorersTestCase" time="0.006"/>
  <testcase name="testRDFXML[7]" classname="org.semanticweb.owlapi.api.test.ParsersStorersTestCase" time="0.006"/>
  <testcase name="testTurtle[7]" classname="org.semanticweb.owlapi.api.test.ParsersStorersTestCase" time="0.003"/>
  <testcase name="testFSS[8]" classname="org.semanticweb.owlapi.api.test.ParsersStorersTestCase" time="0.001"/>
  <testcase name="testKRSS2[8]" classname="org.semanticweb.owlapi.api.test.ParsersStorersTestCase" time="0.001"/>
  <testcase name="testLatex[8]" classname="org.semanticweb.owlapi.api.test.ParsersStorersTestCase" time="0.004"/>
  <testcase name="testKRSS[8]" classname="org.semanticweb.owlapi.api.test.ParsersStorersTestCase" time="0.005"/>
  <testcase name="testDLSyntax[8]" classname="org.semanticweb.owlapi.api.test.ParsersStorersTestCase" time="0.001"/>
  <testcase name="testManchesterSyntax[8]" classname="org.semanticweb.owlapi.api.test.ParsersStorersTestCase" time="0.001"/>
  <testcase name="testOWLXML[8]" classname="org.semanticweb.owlapi.api.test.ParsersStorersTestCase" time="0.002"/>
  <testcase name="testRDFXML[8]" classname="org.semanticweb.owlapi.api.test.ParsersStorersTestCase" time="0.004"/>
  <testcase name="testTurtle[8]" classname="org.semanticweb.owlapi.api.test.ParsersStorersTestCase" time="0.005"/>
  <testcase name="testFSS[9]" classname="org.semanticweb.owlapi.api.test.ParsersStorersTestCase" time="0.002"/>
  <testcase name="testKRSS2[9]" classname="org.semanticweb.owlapi.api.test.ParsersStorersTestCase" time="0.003"/>
  <testcase name="testLatex[9]" classname="org.semanticweb.owlapi.api.test.ParsersStorersTestCase" time="0.002"/>
  <testcase name="testKRSS[9]" classname="org.semanticweb.owlapi.api.test.ParsersStorersTestCase" time="0.005"/>
  <testcase name="testDLSyntax[9]" classname="org.semanticweb.owlapi.api.test.ParsersStorersTestCase" time="0.004"/>
  <testcase name="testManchesterSyntax[9]" classname="org.semanticweb.owlapi.api.test.ParsersStorersTestCase" time="0.001"/>
  <testcase name="testOWLXML[9]" classname="org.semanticweb.owlapi.api.test.ParsersStorersTestCase" time="0.004"/>
  <testcase name="testRDFXML[9]" classname="org.semanticweb.owlapi.api.test.ParsersStorersTestCase" time="0.004"/>
  <testcase name="testTurtle[9]" classname="org.semanticweb.owlapi.api.test.ParsersStorersTestCase" time="0.002"/>
  <testcase name="testFSS[10]" classname="org.semanticweb.owlapi.api.test.ParsersStorersTestCase" time="0.001"/>
  <testcase name="testKRSS2[10]" classname="org.semanticweb.owlapi.api.test.ParsersStorersTestCase" time="0.001"/>
  <testcase name="testLatex[10]" classname="org.semanticweb.owlapi.api.test.ParsersStorersTestCase" time="0.004"/>
  <testcase name="testKRSS[10]" classname="org.semanticweb.owlapi.api.test.ParsersStorersTestCase" time="0.008"/>
  <testcase name="testDLSyntax[10]" classname="org.semanticweb.owlapi.api.test.ParsersStorersTestCase" time="0.005"/>
  <testcase name="testManchesterSyntax[10]" classname="org.semanticweb.owlapi.api.test.ParsersStorersTestCase" time="0.001"/>
  <testcase name="testOWLXML[10]" classname="org.semanticweb.owlapi.api.test.ParsersStorersTestCase" time="0.001"/>
  <testcase name="testRDFXML[10]" classname="org.semanticweb.owlapi.api.test.ParsersStorersTestCase" time="0.003"/>
  <testcase name="testTurtle[10]" classname="org.semanticweb.owlapi.api.test.ParsersStorersTestCase" time="0.005"/>
  <testcase name="testFSS[11]" classname="org.semanticweb.owlapi.api.test.ParsersStorersTestCase" time="0.001"/>
  <testcase name="testKRSS2[11]" classname="org.semanticweb.owlapi.api.test.ParsersStorersTestCase" time="0.005"/>
  <testcase name="testLatex[11]" classname="org.semanticweb.owlapi.api.test.ParsersStorersTestCase" time="0.004"/>
  <testcase name="testKRSS[11]" classname="org.semanticweb.owlapi.api.test.ParsersStorersTestCase" time="0"/>
  <testcase name="testDLSyntax[11]" classname="org.semanticweb.owlapi.api.test.ParsersStorersTestCase" time="0.004"/>
  <testcase name="testManchesterSyntax[11]" classname="org.semanticweb.owlapi.api.test.ParsersStorersTestCase" time="0.003"/>
  <testcase name="testOWLXML[11]" classname="org.semanticweb.owlapi.api.test.ParsersStorersTestCase" time="0.005"/>
  <testcase name="testRDFXML[11]" classname="org.semanticweb.owlapi.api.test.ParsersStorersTestCase" time="0.006"/>
  <testcase name="testTurtle[11]" classname="org.semanticweb.owlapi.api.test.ParsersStorersTestCase" time="0.002"/>
  <testcase name="testFSS[12]" classname="org.semanticweb.owlapi.api.test.ParsersStorersTestCase" time="0.001"/>
  <testcase name="testKRSS2[12]" classname="org.semanticweb.owlapi.api.test.ParsersStorersTestCase" time="0.001"/>
  <testcase name="testLatex[12]" classname="org.semanticweb.owlapi.api.test.ParsersStorersTestCase" time="0.001"/>
  <testcase name="testKRSS[12]" classname="org.semanticweb.owlapi.api.test.ParsersStorersTestCase" time="0.005"/>
  <testcase name="testDLSyntax[12]" classname="org.semanticweb.owlapi.api.test.ParsersStorersTestCase" time="0.005"/>
  <testcase name="testManchesterSyntax[12]" classname="org.semanticweb.owlapi.api.test.ParsersStorersTestCase" time="0.002"/>
  <testcase name="testOWLXML[12]" classname="org.semanticweb.owlapi.api.test.ParsersStorersTestCase" time="0.002"/>
  <testcase name="testRDFXML[12]" classname="org.semanticweb.owlapi.api.test.ParsersStorersTestCase" time="0.004"/>
  <testcase name="testTurtle[12]" classname="org.semanticweb.owlapi.api.test.ParsersStorersTestCase" time="0.005"/>
  <testcase name="testKRSS2[13]" classname="org.semanticweb.owlapi.api.test.ParsersStorersTestCase" time="0.001"/>
  <testcase name="testFSS[13]" classname="org.semanticweb.owlapi.api.test.ParsersStorersTestCase" time="0.002"/>
  <testcase name="testLatex[13]" classname="org.semanticweb.owlapi.api.test.ParsersStorersTestCase" time="0.001"/>
  <testcase name="testKRSS[13]" classname="org.semanticweb.owlapi.api.test.ParsersStorersTestCase" time="0.001"/>
  <testcase name="testDLSyntax[13]" classname="org.semanticweb.owlapi.api.test.ParsersStorersTestCase" time="0.005"/>
  <testcase name="testManchesterSyntax[13]" classname="org.semanticweb.owlapi.api.test.ParsersStorersTestCase" time="0.005"/>
  <testcase name="testOWLXML[13]" classname="org.semanticweb.owlapi.api.test.ParsersStorersTestCase" time="0.004"/>
  <testcase name="testRDFXML[13]" classname="org.semanticweb.owlapi.api.test.ParsersStorersTestCase" time="0.003"/>
  <testcase name="testTurtle[13]" classname="org.semanticweb.owlapi.api.test.ParsersStorersTestCase" time="0.005"/>
  <testcase name="testFSS[14]" classname="org.semanticweb.owlapi.api.test.ParsersStorersTestCase" time="0.001"/>
  <testcase name="testKRSS2[14]" classname="org.semanticweb.owlapi.api.test.ParsersStorersTestCase" time="0.001"/>
  <testcase name="testLatex[14]" classname="org.semanticweb.owlapi.api.test.ParsersStorersTestCase" time="0.001"/>
  <testcase name="testKRSS[14]" classname="org.semanticweb.owlapi.api.test.ParsersStorersTestCase" time="0.002"/>
  <testcase name="testDLSyntax[14]" classname="org.semanticweb.owlapi.api.test.ParsersStorersTestCase" time="0.001"/>
  <testcase name="testManchesterSyntax[14]" classname="org.semanticweb.owlapi.api.test.ParsersStorersTestCase" time="0.002"/>
  <testcase name="testOWLXML[14]" classname="org.semanticweb.owlapi.api.test.ParsersStorersTestCase" time="0.002"/>
  <testcase name="testRDFXML[14]" classname="org.semanticweb.owlapi.api.test.ParsersStorersTestCase" time="0.003"/>
  <testcase name="testTurtle[14]" classname="org.semanticweb.owlapi.api.test.ParsersStorersTestCase" time="0.002"/>
  <testcase name="testFSS[15]" classname="org.semanticweb.owlapi.api.test.ParsersStorersTestCase" time="0.004"/>
  <testcase name="testKRSS2[15]" classname="org.semanticweb.owlapi.api.test.ParsersStorersTestCase" time="0.004"/>
  <testcase name="testLatex[15]" classname="org.semanticweb.owlapi.api.test.ParsersStorersTestCase" time="0.001"/>
  <testcase name="testKRSS[15]" classname="org.semanticweb.owlapi.api.test.ParsersStorersTestCase" time="0.002"/>
  <testcase name="testDLSyntax[15]" classname="org.semanticweb.owlapi.api.test.ParsersStorersTestCase" time="0.002"/>
  <testcase name="testManchesterSyntax[15]" classname="org.semanticweb.owlapi.api.test.ParsersStorersTestCase" time="0.004"/>
  <testcase name="testOWLXML[15]" classname="org.semanticweb.owlapi.api.test.ParsersStorersTestCase" time="0.007"/>
  <testcase name="testRDFXML[15]" classname="org.semanticweb.owlapi.api.test.ParsersStorersTestCase" time="0.006"/>
  <testcase name="testTurtle[15]" classname="org.semanticweb.owlapi.api.test.ParsersStorersTestCase" time="0.006"/>
  <testcase name="testFSS[16]" classname="org.semanticweb.owlapi.api.test.ParsersStorersTestCase" time="0.001"/>
  <testcase name="testKRSS2[16]" classname="org.semanticweb.owlapi.api.test.ParsersStorersTestCase" time="0.002"/>
  <testcase name="testLatex[16]" classname="org.semanticweb.owlapi.api.test.ParsersStorersTestCase" time="0.005"/>
  <testcase name="testKRSS[16]" classname="org.semanticweb.owlapi.api.test.ParsersStorersTestCase" time="0.006"/>
  <testcase name="testDLSyntax[16]" classname="org.semanticweb.owlapi.api.test.ParsersStorersTestCase" time="0.001"/>
  <testcase name="testManchesterSyntax[16]" classname="org.semanticweb.owlapi.api.test.ParsersStorersTestCase" time="0.001"/>
  <testcase name="testOWLXML[16]" classname="org.semanticweb.owlapi.api.test.ParsersStorersTestCase" time="0.002"/>
  <testcase name="testRDFXML[16]" classname="org.semanticweb.owlapi.api.test.ParsersStorersTestCase" time="0.003"/>
  <testcase name="testTurtle[16]" classname="org.semanticweb.owlapi.api.test.ParsersStorersTestCase" time="0.002"/>
  <testcase name="testFSS[17]" classname="org.semanticweb.owlapi.api.test.ParsersStorersTestCase" time="0.001"/>
  <testcase name="testKRSS2[17]" classname="org.semanticweb.owlapi.api.test.ParsersStorersTestCase" time="0.001"/>
  <testcase name="testLatex[17]" classname="org.semanticweb.owlapi.api.test.ParsersStorersTestCase" time="0"/>
  <testcase name="testKRSS[17]" classname="org.semanticweb.owlapi.api.test.ParsersStorersTestCase" time="0.001"/>
  <testcase name="testDLSyntax[17]" classname="org.semanticweb.owlapi.api.test.ParsersStorersTestCase" time="0.002"/>
  <testcase name="testManchesterSyntax[17]" classname="org.semanticweb.owlapi.api.test.ParsersStorersTestCase" time="0.001"/>
  <testcase name="testOWLXML[17]" classname="org.semanticweb.owlapi.api.test.ParsersStorersTestCase" time="0.002"/>
  <testcase name="testRDFXML[17]" classname="org.semanticweb.owlapi.api.test.ParsersStorersTestCase" time="0.009"/>
  <testcase name="testTurtle[17]" classname="org.semanticweb.owlapi.api.test.ParsersStorersTestCase" time="0.006"/>
  <testcase name="testFSS[18]" classname="org.semanticweb.owlapi.api.test.ParsersStorersTestCase" time="0.001"/>
  <testcase name="testKRSS2[18]" classname="org.semanticweb.owlapi.api.test.ParsersStorersTestCase" time="0.001"/>
  <testcase name="testLatex[18]" classname="org.semanticweb.owlapi.api.test.ParsersStorersTestCase" time="0.001"/>
  <testcase name="testKRSS[18]" classname="org.semanticweb.owlapi.api.test.ParsersStorersTestCase" time="0.005"/>
  <testcase name="testDLSyntax[18]" classname="org.semanticweb.owlapi.api.test.ParsersStorersTestCase" time="0.012"/>
  <testcase name="testManchesterSyntax[18]" classname="org.semanticweb.owlapi.api.test.ParsersStorersTestCase" time="0.01"/>
  <testcase name="testOWLXML[18]" classname="org.semanticweb.owlapi.api.test.ParsersStorersTestCase" time="0.004"/>
  <testcase name="testRDFXML[18]" classname="org.semanticweb.owlapi.api.test.ParsersStorersTestCase" time="0.005"/>
  <testcase name="testTurtle[18]" classname="org.semanticweb.owlapi.api.test.ParsersStorersTestCase" time="0.006"/>
  <testcase name="testFSS[19]" classname="org.semanticweb.owlapi.api.test.ParsersStorersTestCase" time="0.001"/>
  <testcase name="testKRSS2[19]" classname="org.semanticweb.owlapi.api.test.ParsersStorersTestCase" time="0.001"/>
  <testcase name="testLatex[19]" classname="org.semanticweb.owlapi.api.test.ParsersStorersTestCase" time="0.001"/>
  <testcase name="testKRSS[19]" classname="org.semanticweb.owlapi.api.test.ParsersStorersTestCase" time="0.001"/>
  <testcase name="testDLSyntax[19]" classname="org.semanticweb.owlapi.api.test.ParsersStorersTestCase" time="0.001"/>
  <testcase name="testManchesterSyntax[19]" classname="org.semanticweb.owlapi.api.test.ParsersStorersTestCase" time="0.003"/>
  <testcase name="testOWLXML[19]" classname="org.semanticweb.owlapi.api.test.ParsersStorersTestCase" time="0.002"/>
  <testcase name="testRDFXML[19]" classname="org.semanticweb.owlapi.api.test.ParsersStorersTestCase" time="0.006"/>
  <testcase name="testTurtle[19]" classname="org.semanticweb.owlapi.api.test.ParsersStorersTestCase" time="0.006"/>
  <testcase name="testFSS[20]" classname="org.semanticweb.owlapi.api.test.ParsersStorersTestCase" time="0.001"/>
  <testcase name="testKRSS2[20]" classname="org.semanticweb.owlapi.api.test.ParsersStorersTestCase" time="0"/>
  <testcase name="testLatex[20]" classname="org.semanticweb.owlapi.api.test.ParsersStorersTestCase" time="0.004"/>
  <testcase name="testKRSS[20]" classname="org.semanticweb.owlapi.api.test.ParsersStorersTestCase" time="0.005"/>
  <testcase name="testDLSyntax[20]" classname="org.semanticweb.owlapi.api.test.ParsersStorersTestCase" time="0.002"/>
  <testcase name="testManchesterSyntax[20]" classname="org.semanticweb.owlapi.api.test.ParsersStorersTestCase" time="0.001"/>
  <testcase name="testOWLXML[20]" classname="org.semanticweb.owlapi.api.test.ParsersStorersTestCase" time="0.002"/>
  <testcase name="testRDFXML[20]" classname="org.semanticweb.owlapi.api.test.ParsersStorersTestCase" time="0.004"/>
  <testcase name="testTurtle[20]" classname="org.semanticweb.owlapi.api.test.ParsersStorersTestCase" time="0.002"/>
  <testcase name="testFSS[21]" classname="org.semanticweb.owlapi.api.test.ParsersStorersTestCase" time="0.001"/>
  <testcase name="testKRSS2[21]" classname="org.semanticweb.owlapi.api.test.ParsersStorersTestCase" time="0.001"/>
  <testcase name="testLatex[21]" classname="org.semanticweb.owlapi.api.test.ParsersStorersTestCase" time="0.001"/>
  <testcase name="testKRSS[21]" classname="org.semanticweb.owlapi.api.test.ParsersStorersTestCase" time="0.006"/>
  <testcase name="testDLSyntax[21]" classname="org.semanticweb.owlapi.api.test.ParsersStorersTestCase" time="0.007"/>
  <testcase name="testManchesterSyntax[21]" classname="org.semanticweb.owlapi.api.test.ParsersStorersTestCase" time="0.001"/>
  <testcase name="testOWLXML[21]" classname="org.semanticweb.owlapi.api.test.ParsersStorersTestCase" time="0.003"/>
  <testcase name="testRDFXML[21]" classname="org.semanticweb.owlapi.api.test.ParsersStorersTestCase" time="0.004"/>
  <testcase name="testTurtle[21]" classname="org.semanticweb.owlapi.api.test.ParsersStorersTestCase" time="0.002"/>
  <testcase name="testKRSS2[22]" classname="org.semanticweb.owlapi.api.test.ParsersStorersTestCase" time="0.001"/>
  <testcase name="testFSS[22]" classname="org.semanticweb.owlapi.api.test.ParsersStorersTestCase" time="0.001"/>
  <testcase name="testLatex[22]" classname="org.semanticweb.owlapi.api.test.ParsersStorersTestCase" time="0"/>
  <testcase name="testKRSS[22]" classname="org.semanticweb.owlapi.api.test.ParsersStorersTestCase" time="0.001"/>
  <testcase name="testDLSyntax[22]" classname="org.semanticweb.owlapi.api.test.ParsersStorersTestCase" time="0.002"/>
  <testcase name="testManchesterSyntax[22]" classname="org.semanticweb.owlapi.api.test.ParsersStorersTestCase" time="0.002"/>
  <testcase name="testOWLXML[22]" classname="org.semanticweb.owlapi.api.test.ParsersStorersTestCase" time="0.006"/>
  <testcase name="testRDFXML[22]" classname="org.semanticweb.owlapi.api.test.ParsersStorersTestCase" time="0.003"/>
  <testcase name="testTurtle[22]" classname="org.semanticweb.owlapi.api.test.ParsersStorersTestCase" time="0.002"/>
  <testcase name="testFSS[23]" classname="org.semanticweb.owlapi.api.test.ParsersStorersTestCase" time="0.002"/>
  <testcase name="testKRSS2[23]" classname="org.semanticweb.owlapi.api.test.ParsersStorersTestCase" time="0.001"/>
  <testcase name="testLatex[23]" classname="org.semanticweb.owlapi.api.test.ParsersStorersTestCase" time="0.001"/>
  <testcase name="testKRSS[23]" classname="org.semanticweb.owlapi.api.test.ParsersStorersTestCase" time="0.001"/>
  <testcase name="testDLSyntax[23]" classname="org.semanticweb.owlapi.api.test.ParsersStorersTestCase" time="0.001"/>
  <testcase name="testManchesterSyntax[23]" classname="org.semanticweb.owlapi.api.test.ParsersStorersTestCase" time="0.001"/>
  <testcase name="testOWLXML[23]" classname="org.semanticweb.owlapi.api.test.ParsersStorersTestCase" time="0.005"/>
  <testcase name="testRDFXML[23]" classname="org.semanticweb.owlapi.api.test.ParsersStorersTestCase" time="0.005"/>
  <testcase name="testTurtle[23]" classname="org.semanticweb.owlapi.api.test.ParsersStorersTestCase" time="0.004"/>
  <testcase name="testKRSS2[24]" classname="org.semanticweb.owlapi.api.test.ParsersStorersTestCase" time="0.003"/>
  <testcase name="testFSS[24]" classname="org.semanticweb.owlapi.api.test.ParsersStorersTestCase" time="0.001"/>
  <testcase name="testLatex[24]" classname="org.semanticweb.owlapi.api.test.ParsersStorersTestCase" time="0.003"/>
  <testcase name="testKRSS[24]" classname="org.semanticweb.owlapi.api.test.ParsersStorersTestCase" time="0.009"/>
  <testcase name="testDLSyntax[24]" classname="org.semanticweb.owlapi.api.test.ParsersStorersTestCase" time="0.008"/>
  <testcase name="testManchesterSyntax[24]" classname="org.semanticweb.owlapi.api.test.ParsersStorersTestCase" time="0.001"/>
  <testcase name="testOWLXML[24]" classname="org.semanticweb.owlapi.api.test.ParsersStorersTestCase" time="0.002"/>
  <testcase name="testRDFXML[24]" classname="org.semanticweb.owlapi.api.test.ParsersStorersTestCase" time="0.004"/>
  <testcase name="testTurtle[24]" classname="org.semanticweb.owlapi.api.test.ParsersStorersTestCase" time="0.002"/>
  <testcase name="testFSS[25]" classname="org.semanticweb.owlapi.api.test.ParsersStorersTestCase" time="0.001"/>
  <testcase name="testKRSS2[25]" classname="org.semanticweb.owlapi.api.test.ParsersStorersTestCase" time="0.001"/>
  <testcase name="testLatex[25]" classname="org.semanticweb.owlapi.api.test.ParsersStorersTestCase" time="0.001"/>
  <testcase name="testKRSS[25]" classname="org.semanticweb.owlapi.api.test.ParsersStorersTestCase" time="0.001"/>
  <testcase name="testDLSyntax[25]" classname="org.semanticweb.owlapi.api.test.ParsersStorersTestCase" time="0.002"/>
  <testcase name="testManchesterSyntax[25]" classname="org.semanticweb.owlapi.api.test.ParsersStorersTestCase" time="0.005"/>
  <testcase name="testOWLXML[25]" classname="org.semanticweb.owlapi.api.test.ParsersStorersTestCase" time="0.004"/>
  <testcase name="testRDFXML[25]" classname="org.semanticweb.owlapi.api.test.ParsersStorersTestCase" time="0.005"/>
  <testcase name="testTurtle[25]" classname="org.semanticweb.owlapi.api.test.ParsersStorersTestCase" time="0.005"/>
  <testcase name="testKRSS2[26]" classname="org.semanticweb.owlapi.api.test.ParsersStorersTestCase" time="0.001"/>
  <testcase name="testFSS[26]" classname="org.semanticweb.owlapi.api.test.ParsersStorersTestCase" time="0.001"/>
  <testcase name="testLatex[26]" classname="org.semanticweb.owlapi.api.test.ParsersStorersTestCase" time="0.001"/>
  <testcase name="testKRSS[26]" classname="org.semanticweb.owlapi.api.test.ParsersStorersTestCase" time="0.003"/>
  <testcase name="testDLSyntax[26]" classname="org.semanticweb.owlapi.api.test.ParsersStorersTestCase" time="0.006"/>
  <testcase name="testManchesterSyntax[26]" classname="org.semanticweb.owlapi.api.test.ParsersStorersTestCase" time="0.004"/>
  <testcase name="testOWLXML[26]" classname="org.semanticweb.owlapi.api.test.ParsersStorersTestCase" time="0.002"/>
  <testcase name="testRDFXML[26]" classname="org.semanticweb.owlapi.api.test.ParsersStorersTestCase" time="0.006"/>
  <testcase name="testTurtle[26]" classname="org.semanticweb.owlapi.api.test.ParsersStorersTestCase" time="0.007"/>
  <testcase name="testFSS[27]" classname="org.semanticweb.owlapi.api.test.ParsersStorersTestCase" time="0.001"/>
  <testcase name="testKRSS2[27]" classname="org.semanticweb.owlapi.api.test.ParsersStorersTestCase" time="0.001"/>
  <testcase name="testLatex[27]" classname="org.semanticweb.owlapi.api.test.ParsersStorersTestCase" time="0.001"/>
  <testcase name="testKRSS[27]" classname="org.semanticweb.owlapi.api.test.ParsersStorersTestCase" time="0.001"/>
  <testcase name="testDLSyntax[27]" classname="org.semanticweb.owlapi.api.test.ParsersStorersTestCase" time="0.002"/>
  <testcase name="testManchesterSyntax[27]" classname="org.semanticweb.owlapi.api.test.ParsersStorersTestCase" time="0.006"/>
  <testcase name="testOWLXML[27]" classname="org.semanticweb.owlapi.api.test.ParsersStorersTestCase" time="0.006"/>
  <testcase name="testRDFXML[27]" classname="org.semanticweb.owlapi.api.test.ParsersStorersTestCase" time="0.006"/>
  <testcase name="testTurtle[27]" classname="org.semanticweb.owlapi.api.test.ParsersStorersTestCase" time="0.006"/>
  <testcase name="testFSS[28]" classname="org.semanticweb.owlapi.api.test.ParsersStorersTestCase" time="0.001"/>
  <testcase name="testKRSS2[28]" classname="org.semanticweb.owlapi.api.test.ParsersStorersTestCase" time="0.003"/>
  <testcase name="testLatex[28]" classname="org.semanticweb.owlapi.api.test.ParsersStorersTestCase" time="0.003"/>
  <testcase name="testKRSS[28]" classname="org.semanticweb.owlapi.api.test.ParsersStorersTestCase" time="0.005"/>
  <testcase name="testDLSyntax[28]" classname="org.semanticweb.owlapi.api.test.ParsersStorersTestCase" time="0.005"/>
  <testcase name="testManchesterSyntax[28]" classname="org.semanticweb.owlapi.api.test.ParsersStorersTestCase" time="0.002"/>
  <testcase name="testOWLXML[28]" classname="org.semanticweb.owlapi.api.test.ParsersStorersTestCase" time="0.002"/>
  <testcase name="testRDFXML[28]" classname="org.semanticweb.owlapi.api.test.ParsersStorersTestCase" time="0.003"/>
  <testcase name="testTurtle[28]" classname="org.semanticweb.owlapi.api.test.ParsersStorersTestCase" time="0.004"/>
  <testcase name="testFSS[29]" classname="org.semanticweb.owlapi.api.test.ParsersStorersTestCase" time="0.001"/>
  <testcase name="testKRSS2[29]" classname="org.semanticweb.owlapi.api.test.ParsersStorersTestCase" time="0.001"/>
  <testcase name="testLatex[29]" classname="org.semanticweb.owlapi.api.test.ParsersStorersTestCase" time="0.001"/>
  <testcase name="testKRSS[29]" classname="org.semanticweb.owlapi.api.test.ParsersStorersTestCase" time="0.001"/>
  <testcase name="testDLSyntax[29]" classname="org.semanticweb.owlapi.api.test.ParsersStorersTestCase" time="0.001"/>
  <testcase name="testManchesterSyntax[29]" classname="org.semanticweb.owlapi.api.test.ParsersStorersTestCase" time="0.003"/>
  <testcase name="testOWLXML[29]" classname="org.semanticweb.owlapi.api.test.ParsersStorersTestCase" time="0.006"/>
  <testcase name="testRDFXML[29]" classname="org.semanticweb.owlapi.api.test.ParsersStorersTestCase" time="0.005"/>
  <testcase name="testTurtle[29]" classname="org.semanticweb.owlapi.api.test.ParsersStorersTestCase" time="0.005"/>
  <testcase name="testFSS[30]" classname="org.semanticweb.owlapi.api.test.ParsersStorersTestCase" time="0.001"/>
  <testcase name="testKRSS2[30]" classname="org.semanticweb.owlapi.api.test.ParsersStorersTestCase" time="0.001"/>
  <testcase name="testLatex[30]" classname="org.semanticweb.owlapi.api.test.ParsersStorersTestCase" time="0.001"/>
  <testcase name="testKRSS[30]" classname="org.semanticweb.owlapi.api.test.ParsersStorersTestCase" time="0.006"/>
  <testcase name="testDLSyntax[30]" classname="org.semanticweb.owlapi.api.test.ParsersStorersTestCase" time="0.005"/>
  <testcase name="testManchesterSyntax[30]" classname="org.semanticweb.owlapi.api.test.ParsersStorersTestCase" time="0.001"/>
  <testcase name="testOWLXML[30]" classname="org.semanticweb.owlapi.api.test.ParsersStorersTestCase" time="0.001"/>
  <testcase name="testRDFXML[30]" classname="org.semanticweb.owlapi.api.test.ParsersStorersTestCase" time="0.004"/>
  <testcase name="testTurtle[30]" classname="org.semanticweb.owlapi.api.test.ParsersStorersTestCase" time="0.003"/>
  <testcase name="testFSS[31]" classname="org.semanticweb.owlapi.api.test.ParsersStorersTestCase" time="0.001"/>
  <testcase name="testKRSS2[31]" classname="org.semanticweb.owlapi.api.test.ParsersStorersTestCase" time="0.002"/>
  <testcase name="testLatex[31]" classname="org.semanticweb.owlapi.api.test.ParsersStorersTestCase" time="0.001"/>
  <testcase name="testKRSS[31]" classname="org.semanticweb.owlapi.api.test.ParsersStorersTestCase" time="0.001"/>
  <testcase name="testDLSyntax[31]" classname="org.semanticweb.owlapi.api.test.ParsersStorersTestCase" time="0.005"/>
  <testcase name="testManchesterSyntax[31]" classname="org.semanticweb.owlapi.api.test.ParsersStorersTestCase" time="0.004"/>
  <testcase name="testOWLXML[31]" classname="org.semanticweb.owlapi.api.test.ParsersStorersTestCase" time="0.005"/>
  <testcase name="testRDFXML[31]" classname="org.semanticweb.owlapi.api.test.ParsersStorersTestCase" time="0.006"/>
  <testcase name="testTurtle[31]" classname="org.semanticweb.owlapi.api.test.ParsersStorersTestCase" time="0.005"/>
  <testcase name="testFSS[32]" classname="org.semanticweb.owlapi.api.test.ParsersStorersTestCase" time="0.001"/>
  <testcase name="testKRSS2[32]" classname="org.semanticweb.owlapi.api.test.ParsersStorersTestCase" time="0.002"/>
  <testcase name="testLatex[32]" classname="org.semanticweb.owlapi.api.test.ParsersStorersTestCase" time="0.002"/>
  <testcase name="testKRSS[32]" classname="org.semanticweb.owlapi.api.test.ParsersStorersTestCase" time="0.001"/>
  <testcase name="testDLSyntax[32]" classname="org.semanticweb.owlapi.api.test.ParsersStorersTestCase" time="0.005"/>
  <testcase name="testManchesterSyntax[32]" classname="org.semanticweb.owlapi.api.test.ParsersStorersTestCase" time="0.006"/>
  <testcase name="testOWLXML[32]" classname="org.semanticweb.owlapi.api.test.ParsersStorersTestCase" time="0.002"/>
  <testcase name="testRDFXML[32]" classname="org.semanticweb.owlapi.api.test.ParsersStorersTestCase" time="0.003"/>
  <testcase name="testTurtle[32]" classname="org.semanticweb.owlapi.api.test.ParsersStorersTestCase" time="0.004"/>
  <testcase name="testFSS[33]" classname="org.semanticweb.owlapi.api.test.ParsersStorersTestCase" time="0.001"/>
  <testcase name="testKRSS2[33]" classname="org.semanticweb.owlapi.api.test.ParsersStorersTestCase" time="0.001"/>
  <testcase name="testLatex[33]" classname="org.semanticweb.owlapi.api.test.ParsersStorersTestCase" time="0.001"/>
  <testcase name="testKRSS[33]" classname="org.semanticweb.owlapi.api.test.ParsersStorersTestCase" time="0.001"/>
  <testcase name="testDLSyntax[33]" classname="org.semanticweb.owlapi.api.test.ParsersStorersTestCase" time="0.001"/>
  <testcase name="testManchesterSyntax[33]" classname="org.semanticweb.owlapi.api.test.ParsersStorersTestCase" time="0.001"/>
  <testcase name="testOWLXML[33]" classname="org.semanticweb.owlapi.api.test.ParsersStorersTestCase" time="0.002"/>
  <testcase name="testRDFXML[33]" classname="org.semanticweb.owlapi.api.test.ParsersStorersTestCase" time="0.002"/>
  <testcase name="testTurtle[33]" classname="org.semanticweb.owlapi.api.test.ParsersStorersTestCase" time="0.002"/>
  <testcase name="testKRSS2[34]" classname="org.semanticweb.owlapi.api.test.ParsersStorersTestCase" time="0.001"/>
  <testcase name="testFSS[34]" classname="org.semanticweb.owlapi.api.test.ParsersStorersTestCase" time="0.001"/>
  <testcase name="testLatex[34]" classname="org.semanticweb.owlapi.api.test.ParsersStorersTestCase" time="0.004"/>
  <testcase name="testKRSS[34]" classname="org.semanticweb.owlapi.api.test.ParsersStorersTestCase" time="0.005"/>
  <testcase name="testDLSyntax[34]" classname="org.semanticweb.owlapi.api.test.ParsersStorersTestCase" time="0.001"/>
  <testcase name="testManchesterSyntax[34]" classname="org.semanticweb.owlapi.api.test.ParsersStorersTestCase" time="0.001"/>
  <testcase name="testOWLXML[34]" classname="org.semanticweb.owlapi.api.test.ParsersStorersTestCase" time="0.002"/>
  <testcase name="testRDFXML[34]" classname="org.semanticweb.owlapi.api.test.ParsersStorersTestCase" time="0.004"/>
  <testcase name="testTurtle[34]" classname="org.semanticweb.owlapi.api.test.ParsersStorersTestCase" time="0.003"/>
  <testcase name="testFSS[35]" classname="org.semanticweb.owlapi.api.test.ParsersStorersTestCase" time="0.001"/>
  <testcase name="testKRSS2[35]" classname="org.semanticweb.owlapi.api.test.ParsersStorersTestCase" time="0.001"/>
  <testcase name="testLatex[35]" classname="org.semanticweb.owlapi.api.test.ParsersStorersTestCase" time="0"/>
  <testcase name="testKRSS[35]" classname="org.semanticweb.owlapi.api.test.ParsersStorersTestCase" time="0.001"/>
  <testcase name="testDLSyntax[35]" classname="org.semanticweb.owlapi.api.test.ParsersStorersTestCase" time="0.002"/>
  <testcase name="testManchesterSyntax[35]" classname="org.semanticweb.owlapi.api.test.ParsersStorersTestCase" time="0.004"/>
  <testcase name="testOWLXML[35]" classname="org.semanticweb.owlapi.api.test.ParsersStorersTestCase" time="0.004"/>
  <testcase name="testRDFXML[35]" classname="org.semanticweb.owlapi.api.test.ParsersStorersTestCase" time="0.003"/>
  <testcase name="testTurtle[35]" classname="org.semanticweb.owlapi.api.test.ParsersStorersTestCase" time="0.002"/>
  <testcase name="testFSS[36]" classname="org.semanticweb.owlapi.api.test.ParsersStorersTestCase" time="0.001"/>
  <testcase name="testKRSS2[36]" classname="org.semanticweb.owlapi.api.test.ParsersStorersTestCase" time="0.001"/>
  <testcase name="testLatex[36]" classname="org.semanticweb.owlapi.api.test.ParsersStorersTestCase" time="0.005"/>
  <testcase name="testKRSS[36]" classname="org.semanticweb.owlapi.api.test.ParsersStorersTestCase" time="0.005"/>
  <testcase name="testDLSyntax[36]" classname="org.semanticweb.owlapi.api.test.ParsersStorersTestCase" time="0"/>
  <testcase name="testManchesterSyntax[36]" classname="org.semanticweb.owlapi.api.test.ParsersStorersTestCase" time="0.001"/>
  <testcase name="testOWLXML[36]" classname="org.semanticweb.owlapi.api.test.ParsersStorersTestCase" time="0.004"/>
  <testcase name="testRDFXML[36]" classname="org.semanticweb.owlapi.api.test.ParsersStorersTestCase" time="0.006"/>
  <testcase name="testTurtle[36]" classname="org.semanticweb.owlapi.api.test.ParsersStorersTestCase" time="0.004"/>
  <testcase name="testFSS[37]" classname="org.semanticweb.owlapi.api.test.ParsersStorersTestCase" time="0.001"/>
  <testcase name="testKRSS2[37]" classname="org.semanticweb.owlapi.api.test.ParsersStorersTestCase" time="0"/>
  <testcase name="testLatex[37]" classname="org.semanticweb.owlapi.api.test.ParsersStorersTestCase" time="0.002"/>
  <testcase name="testKRSS[37]" classname="org.semanticweb.owlapi.api.test.ParsersStorersTestCase" time="0.002"/>
  <testcase name="testDLSyntax[37]" classname="org.semanticweb.owlapi.api.test.ParsersStorersTestCase" time="0.001"/>
  <testcase name="testManchesterSyntax[37]" classname="org.semanticweb.owlapi.api.test.ParsersStorersTestCase" time="0.001"/>
  <testcase name="testOWLXML[37]" classname="org.semanticweb.owlapi.api.test.ParsersStorersTestCase" time="0.002"/>
  <testcase name="testRDFXML[37]" classname="org.semanticweb.owlapi.api.test.ParsersStorersTestCase" time="0.002"/>
  <testcase name="testTurtle[37]" classname="org.semanticweb.owlapi.api.test.ParsersStorersTestCase" time="0.002"/>
  <testcase name="testKRSS2[38]" classname="org.semanticweb.owlapi.api.test.ParsersStorersTestCase" time="0.009"/>
  <testcase name="testFSS[38]" classname="org.semanticweb.owlapi.api.test.ParsersStorersTestCase" time="0.009"/>
  <testcase name="testLatex[38]" classname="org.semanticweb.owlapi.api.test.ParsersStorersTestCase" time="0.002"/>
  <testcase name="testKRSS[38]" classname="org.semanticweb.owlapi.api.test.ParsersStorersTestCase" time="0.007"/>
  <testcase name="testDLSyntax[38]" classname="org.semanticweb.owlapi.api.test.ParsersStorersTestCase" time="0.005"/>
  <testcase name="testManchesterSyntax[38]" classname="org.semanticweb.owlapi.api.test.ParsersStorersTestCase" time="0.001"/>
  <testcase name="testOWLXML[38]" classname="org.semanticweb.owlapi.api.test.ParsersStorersTestCase" time="0.001"/>
  <testcase name="testRDFXML[38]" classname="org.semanticweb.owlapi.api.test.ParsersStorersTestCase" time="0.002"/>
  <testcase name="testTurtle[38]" classname="org.semanticweb.owlapi.api.test.ParsersStorersTestCase" time="0.002"/>
  <testcase name="testFSS[39]" classname="org.semanticweb.owlapi.api.test.ParsersStorersTestCase" time="0.001"/>
  <testcase name="testKRSS2[39]" classname="org.semanticweb.owlapi.api.test.ParsersStorersTestCase" time="0"/>
  <testcase name="testLatex[39]" classname="org.semanticweb.owlapi.api.test.ParsersStorersTestCase" time="0.003"/>
  <testcase name="testKRSS[39]" classname="org.semanticweb.owlapi.api.test.ParsersStorersTestCase" time="0.003"/>
  <testcase name="testDLSyntax[39]" classname="org.semanticweb.owlapi.api.test.ParsersStorersTestCase" time="0.002"/>
  <testcase name="testManchesterSyntax[39]" classname="org.semanticweb.owlapi.api.test.ParsersStorersTestCase" time="0.002"/>
  <testcase name="testOWLXML[39]" classname="org.semanticweb.owlapi.api.test.ParsersStorersTestCase" time="0.002"/>
  <testcase name="testRDFXML[39]" classname="org.semanticweb.owlapi.api.test.ParsersStorersTestCase" time="0.003"/>
  <testcase name="testTurtle[39]" classname="org.semanticweb.owlapi.api.test.ParsersStorersTestCase" time="0.004"/>
  <testcase name="testFSS[40]" classname="org.semanticweb.owlapi.api.test.ParsersStorersTestCase" time="0.001"/>
  <testcase name="testKRSS2[40]" classname="org.semanticweb.owlapi.api.test.ParsersStorersTestCase" time="0.001"/>
  <testcase name="testKRSS[40]" classname="org.semanticweb.owlapi.api.test.ParsersStorersTestCase" time="0"/>
  <testcase name="testLatex[40]" classname="org.semanticweb.owlapi.api.test.ParsersStorersTestCase" time="0"/>
  <testcase name="testDLSyntax[40]" classname="org.semanticweb.owlapi.api.test.ParsersStorersTestCase" time="0.001"/>
  <testcase name="testManchesterSyntax[40]" classname="org.semanticweb.owlapi.api.test.ParsersStorersTestCase" time="0.003"/>
  <testcase name="testOWLXML[40]" classname="org.semanticweb.owlapi.api.test.ParsersStorersTestCase" time="0.003"/>
  <testcase name="testRDFXML[40]" classname="org.semanticweb.owlapi.api.test.ParsersStorersTestCase" time="0.003"/>
  <testcase name="testTurtle[40]" classname="org.semanticweb.owlapi.api.test.ParsersStorersTestCase" time="0.002"/>
  <testcase name="testFSS[41]" classname="org.semanticweb.owlapi.api.test.ParsersStorersTestCase" time="0.001"/>
  <testcase name="testKRSS2[41]" classname="org.semanticweb.owlapi.api.test.ParsersStorersTestCase" time="0.001"/>
  <testcase name="testLatex[41]" classname="org.semanticweb.owlapi.api.test.ParsersStorersTestCase" time="0.002"/>
  <testcase name="testKRSS[41]" classname="org.semanticweb.owlapi.api.test.ParsersStorersTestCase" time="0.001"/>
  <testcase name="testDLSyntax[41]" classname="org.semanticweb.owlapi.api.test.ParsersStorersTestCase" time="0.003"/>
  <testcase name="testManchesterSyntax[41]" classname="org.semanticweb.owlapi.api.test.ParsersStorersTestCase" time="0.003"/>
  <testcase name="testOWLXML[41]" classname="org.semanticweb.owlapi.api.test.ParsersStorersTestCase" time="0.004"/>
  <testcase name="testRDFXML[41]" classname="org.semanticweb.owlapi.api.test.ParsersStorersTestCase" time="0.009"/>
  <testcase name="testTurtle[41]" classname="org.semanticweb.owlapi.api.test.ParsersStorersTestCase" time="0.005"/>
  <testcase name="testFSS[42]" classname="org.semanticweb.owlapi.api.test.ParsersStorersTestCase" time="0.001"/>
  <testcase name="testKRSS2[42]" classname="org.semanticweb.owlapi.api.test.ParsersStorersTestCase" time="0.001"/>
  <testcase name="testLatex[42]" classname="org.semanticweb.owlapi.api.test.ParsersStorersTestCase" time="0.001"/>
  <testcase name="testKRSS[42]" classname="org.semanticweb.owlapi.api.test.ParsersStorersTestCase" time="0.007"/>
  <testcase name="testDLSyntax[42]" classname="org.semanticweb.owlapi.api.test.ParsersStorersTestCase" time="0.004"/>
  <testcase name="testManchesterSyntax[42]" classname="org.semanticweb.owlapi.api.test.ParsersStorersTestCase" time="0.004"/>
  <testcase name="testOWLXML[42]" classname="org.semanticweb.owlapi.api.test.ParsersStorersTestCase" time="0.003"/>
  <testcase name="testRDFXML[42]" classname="org.semanticweb.owlapi.api.test.ParsersStorersTestCase" time="0.003"/>
  <testcase name="testTurtle[42]" classname="org.semanticweb.owlapi.api.test.ParsersStorersTestCase" time="0.002"/>
  <testcase name="testKRSS2[43]" classname="org.semanticweb.owlapi.api.test.ParsersStorersTestCase" time="0.001"/>
  <testcase name="testFSS[43]" classname="org.semanticweb.owlapi.api.test.ParsersStorersTestCase" time="0.001"/>
  <testcase name="testLatex[43]" classname="org.semanticweb.owlapi.api.test.ParsersStorersTestCase" time="0.001"/>
  <testcase name="testKRSS[43]" classname="org.semanticweb.owlapi.api.test.ParsersStorersTestCase" time="0.001"/>
  <testcase name="testDLSyntax[43]" classname="org.semanticweb.owlapi.api.test.ParsersStorersTestCase" time="0.001"/>
  <testcase name="testManchesterSyntax[43]" classname="org.semanticweb.owlapi.api.test.ParsersStorersTestCase" time="0.002"/>
  <testcase name="testOWLXML[43]" classname="org.semanticweb.owlapi.api.test.ParsersStorersTestCase" time="0.001"/>
  <testcase name="testRDFXML[43]" classname="org.semanticweb.owlapi.api.test.ParsersStorersTestCase" time="0.006"/>
  <testcase name="testTurtle[43]" classname="org.semanticweb.owlapi.api.test.ParsersStorersTestCase" time="0.007"/>
  <testcase name="testFSS[44]" classname="org.semanticweb.owlapi.api.test.ParsersStorersTestCase" time="0.001"/>
  <testcase name="testKRSS2[44]" classname="org.semanticweb.owlapi.api.test.ParsersStorersTestCase" time="0.003"/>
  <testcase name="testLatex[44]" classname="org.semanticweb.owlapi.api.test.ParsersStorersTestCase" time="0.002"/>
  <testcase name="testKRSS[44]" classname="org.semanticweb.owlapi.api.test.ParsersStorersTestCase" time="0.004"/>
  <testcase name="testDLSyntax[44]" classname="org.semanticweb.owlapi.api.test.ParsersStorersTestCase" time="0.004"/>
  <testcase name="testManchesterSyntax[44]" classname="org.semanticweb.owlapi.api.test.ParsersStorersTestCase" time="0.004"/>
  <testcase name="testOWLXML[44]" classname="org.semanticweb.owlapi.api.test.ParsersStorersTestCase" time="0.004"/>
  <testcase name="testRDFXML[44]" classname="org.semanticweb.owlapi.api.test.ParsersStorersTestCase" time="0.003"/>
  <testcase name="testTurtle[44]" classname="org.semanticweb.owlapi.api.test.ParsersStorersTestCase" time="0.004"/>
  <testcase name="testKRSS2[45]" classname="org.semanticweb.owlapi.api.test.ParsersStorersTestCase" time="0.001"/>
  <testcase name="testFSS[45]" classname="org.semanticweb.owlapi.api.test.ParsersStorersTestCase" time="0.001"/>
  <testcase name="testLatex[45]" classname="org.semanticweb.owlapi.api.test.ParsersStorersTestCase" time="0"/>
  <testcase name="testKRSS[45]" classname="org.semanticweb.owlapi.api.test.ParsersStorersTestCase" time="0.018"/>
  <testcase name="testDLSyntax[45]" classname="org.semanticweb.owlapi.api.test.ParsersStorersTestCase" time="0.015"/>
  <testcase name="testManchesterSyntax[45]" classname="org.semanticweb.owlapi.api.test.ParsersStorersTestCase" time="0.001"/>
  <testcase name="testOWLXML[45]" classname="org.semanticweb.owlapi.api.test.ParsersStorersTestCase" time="0.002"/>
  <testcase name="testRDFXML[45]" classname="org.semanticweb.owlapi.api.test.ParsersStorersTestCase" time="0.003"/>
  <testcase name="testTurtle[45]" classname="org.semanticweb.owlapi.api.test.ParsersStorersTestCase" time="0.006"/>
  <testcase name="testKRSS2[46]" classname="org.semanticweb.owlapi.api.test.ParsersStorersTestCase" time="0.002"/>
  <testcase name="testFSS[46]" classname="org.semanticweb.owlapi.api.test.ParsersStorersTestCase" time="0.001"/>
  <testcase name="testLatex[46]" classname="org.semanticweb.owlapi.api.test.ParsersStorersTestCase" time="0.001"/>
  <testcase name="testKRSS[46]" classname="org.semanticweb.owlapi.api.test.ParsersStorersTestCase" time="0.002"/>
  <testcase name="testDLSyntax[46]" classname="org.semanticweb.owlapi.api.test.ParsersStorersTestCase" time="0.003"/>
  <testcase name="testManchesterSyntax[46]" classname="org.semanticweb.owlapi.api.test.ParsersStorersTestCase" time="0.002"/>
  <testcase name="testOWLXML[46]" classname="org.semanticweb.owlapi.api.test.ParsersStorersTestCase" time="0.001"/>
  <testcase name="testRDFXML[46]" classname="org.semanticweb.owlapi.api.test.ParsersStorersTestCase" time="0.004"/>
  <testcase name="testTurtle[46]" classname="org.semanticweb.owlapi.api.test.ParsersStorersTestCase" time="0.004"/>
  <testcase name="testFSS[47]" classname="org.semanticweb.owlapi.api.test.ParsersStorersTestCase" time="0.002"/>
  <testcase name="testKRSS2[47]" classname="org.semanticweb.owlapi.api.test.ParsersStorersTestCase" time="0.001"/>
  <testcase name="testLatex[47]" classname="org.semanticweb.owlapi.api.test.ParsersStorersTestCase" time="0.001"/>
  <testcase name="testKRSS[47]" classname="org.semanticweb.owlapi.api.test.ParsersStorersTestCase" time="0.001"/>
  <testcase name="testDLSyntax[47]" classname="org.semanticweb.owlapi.api.test.ParsersStorersTestCase" time="0.001"/>
  <testcase name="testManchesterSyntax[47]" classname="org.semanticweb.owlapi.api.test.ParsersStorersTestCase" time="0.001"/>
  <testcase name="testOWLXML[47]" classname="org.semanticweb.owlapi.api.test.ParsersStorersTestCase" time="0.006"/>
  <testcase name="testRDFXML[47]" classname="org.semanticweb.owlapi.api.test.ParsersStorersTestCase" time="0.006"/>
  <testcase name="testTurtle[47]" classname="org.semanticweb.owlapi.api.test.ParsersStorersTestCase" time="0.006"/>
  <testcase name="testFSS[48]" classname="org.semanticweb.owlapi.api.test.ParsersStorersTestCase" time="0.002"/>
  <testcase name="testKRSS2[48]" classname="org.semanticweb.owlapi.api.test.ParsersStorersTestCase" time="0"/>
  <testcase name="testLatex[48]" classname="org.semanticweb.owlapi.api.test.ParsersStorersTestCase" time="0.001"/>
  <testcase name="testKRSS[48]" classname="org.semanticweb.owlapi.api.test.ParsersStorersTestCase" time="0.001"/>
  <testcase name="testDLSyntax[48]" classname="org.semanticweb.owlapi.api.test.ParsersStorersTestCase" time="0.002"/>
  <testcase name="testManchesterSyntax[48]" classname="org.semanticweb.owlapi.api.test.ParsersStorersTestCase" time="0.005"/>
  <testcase name="testOWLXML[48]" classname="org.semanticweb.owlapi.api.test.ParsersStorersTestCase" time="0.006"/>
  <testcase name="testRDFXML[48]" classname="org.semanticweb.owlapi.api.test.ParsersStorersTestCase" time="0.002"/>
  <testcase name="testTurtle[48]" classname="org.semanticweb.owlapi.api.test.ParsersStorersTestCase" time="0.002"/>
  <testcase name="testFSS[49]" classname="org.semanticweb.owlapi.api.test.ParsersStorersTestCase" time="0.001"/>
  <testcase name="testKRSS2[49]" classname="org.semanticweb.owlapi.api.test.ParsersStorersTestCase" time="0.003"/>
  <testcase name="testLatex[49]" classname="org.semanticweb.owlapi.api.test.ParsersStorersTestCase" time="0.006"/>
  <testcase name="testKRSS[49]" classname="org.semanticweb.owlapi.api.test.ParsersStorersTestCase" time="0.004"/>
  <testcase name="testDLSyntax[49]" classname="org.semanticweb.owlapi.api.test.ParsersStorersTestCase" time="0.001"/>
  <testcase name="testManchesterSyntax[49]" classname="org.semanticweb.owlapi.api.test.ParsersStorersTestCase" time="0.004"/>
  <testcase name="testOWLXML[49]" classname="org.semanticweb.owlapi.api.test.ParsersStorersTestCase" time="0.004"/>
  <testcase name="testTurtle[49]" classname="org.semanticweb.owlapi.api.test.ParsersStorersTestCase" time="0.002"/>
  <testcase name="testRDFXML[49]" classname="org.semanticweb.owlapi.api.test.ParsersStorersTestCase" time="0.005"/>
  <testcase name="testKRSS2[50]" classname="org.semanticweb.owlapi.api.test.ParsersStorersTestCase" time="0.001"/>
  <testcase name="testFSS[50]" classname="org.semanticweb.owlapi.api.test.ParsersStorersTestCase" time="0.001"/>
  <testcase name="testLatex[50]" classname="org.semanticweb.owlapi.api.test.ParsersStorersTestCase" time="0.001"/>
  <testcase name="testKRSS[50]" classname="org.semanticweb.owlapi.api.test.ParsersStorersTestCase" time="0.001"/>
  <testcase name="testDLSyntax[50]" classname="org.semanticweb.owlapi.api.test.ParsersStorersTestCase" time="0.004"/>
  <testcase name="testManchesterSyntax[50]" classname="org.semanticweb.owlapi.api.test.ParsersStorersTestCase" time="0.005"/>
  <testcase name="testOWLXML[50]" classname="org.semanticweb.owlapi.api.test.ParsersStorersTestCase" time="0.002"/>
  <testcase name="testRDFXML[50]" classname="org.semanticweb.owlapi.api.test.ParsersStorersTestCase" time="0.003"/>
  <testcase name="testTurtle[50]" classname="org.semanticweb.owlapi.api.test.ParsersStorersTestCase" time="0.003"/>
  <testcase name="testFSS[51]" classname="org.semanticweb.owlapi.api.test.ParsersStorersTestCase" time="0.001"/>
  <testcase name="testKRSS2[51]" classname="org.semanticweb.owlapi.api.test.ParsersStorersTestCase" time="0.001"/>
  <testcase name="testLatex[51]" classname="org.semanticweb.owlapi.api.test.ParsersStorersTestCase" time="0.001"/>
  <testcase name="testKRSS[51]" classname="org.semanticweb.owlapi.api.test.ParsersStorersTestCase" time="0.001"/>
  <testcase name="testDLSyntax[51]" classname="org.semanticweb.owlapi.api.test.ParsersStorersTestCase" time="0.001"/>
  <testcase name="testManchesterSyntax[51]" classname="org.semanticweb.owlapi.api.test.ParsersStorersTestCase" time="0.002"/>
  <testcase name="testOWLXML[51]" classname="org.semanticweb.owlapi.api.test.ParsersStorersTestCase" time="0.002"/>
  <testcase name="testRDFXML[51]" classname="org.semanticweb.owlapi.api.test.ParsersStorersTestCase" time="0.002"/>
  <testcase name="testTurtle[51]" classname="org.semanticweb.owlapi.api.test.ParsersStorersTestCase" time="0.002"/>
  <testcase name="testFSS[52]" classname="org.semanticweb.owlapi.api.test.ParsersStorersTestCase" time="0.002"/>
  <testcase name="testKRSS2[52]" classname="org.semanticweb.owlapi.api.test.ParsersStorersTestCase" time="0.001"/>
  <testcase name="testLatex[52]" classname="org.semanticweb.owlapi.api.test.ParsersStorersTestCase" time="0.002"/>
  <testcase name="testKRSS[52]" classname="org.semanticweb.owlapi.api.test.ParsersStorersTestCase" time="0.004"/>
  <testcase name="testDLSyntax[52]" classname="org.semanticweb.owlapi.api.test.ParsersStorersTestCase" time="0.002"/>
  <testcase name="testManchesterSyntax[52]" classname="org.semanticweb.owlapi.api.test.ParsersStorersTestCase" time="0.007"/>
  <testcase name="testOWLXML[52]" classname="org.semanticweb.owlapi.api.test.ParsersStorersTestCase" time="0.006"/>
  <testcase name="testRDFXML[52]" classname="org.semanticweb.owlapi.api.test.ParsersStorersTestCase" time="0.003"/>
  <testcase name="testTurtle[52]" classname="org.semanticweb.owlapi.api.test.ParsersStorersTestCase" time="0.003"/>
  <testcase name="testFSS[53]" classname="org.semanticweb.owlapi.api.test.ParsersStorersTestCase" time="0.001"/>
  <testcase name="testKRSS2[53]" classname="org.semanticweb.owlapi.api.test.ParsersStorersTestCase" time="0.001"/>
  <testcase name="testLatex[53]" classname="org.semanticweb.owlapi.api.test.ParsersStorersTestCase" time="0.001"/>
  <testcase name="testKRSS[53]" classname="org.semanticweb.owlapi.api.test.ParsersStorersTestCase" time="0.001"/>
  <testcase name="testDLSyntax[53]" classname="org.semanticweb.owlapi.api.test.ParsersStorersTestCase" time="0.004"/>
  <testcase name="testManchesterSyntax[53]" classname="org.semanticweb.owlapi.api.test.ParsersStorersTestCase" time="0.003"/>
  <testcase name="testOWLXML[53]" classname="org.semanticweb.owlapi.api.test.ParsersStorersTestCase" time="0.008"/>
  <testcase name="testRDFXML[53]" classname="org.semanticweb.owlapi.api.test.ParsersStorersTestCase" time="0.004"/>
  <testcase name="testTurtle[53]" classname="org.semanticweb.owlapi.api.test.ParsersStorersTestCase" time="0.002"/>
  <testcase name="testFSS[54]" classname="org.semanticweb.owlapi.api.test.ParsersStorersTestCase" time="0.001"/>
  <testcase name="testKRSS2[54]" classname="org.semanticweb.owlapi.api.test.ParsersStorersTestCase" time="0"/>
  <testcase name="testLatex[54]" classname="org.semanticweb.owlapi.api.test.ParsersStorersTestCase" time="0"/>
  <testcase name="testKRSS[54]" classname="org.semanticweb.owlapi.api.test.ParsersStorersTestCase" time="0.005"/>
  <testcase name="testDLSyntax[54]" classname="org.semanticweb.owlapi.api.test.ParsersStorersTestCase" time="0.003"/>
  <testcase name="testManchesterSyntax[54]" classname="org.semanticweb.owlapi.api.test.ParsersStorersTestCase" time="0.003"/>
  <testcase name="testOWLXML[54]" classname="org.semanticweb.owlapi.api.test.ParsersStorersTestCase" time="0.002"/>
  <testcase name="testRDFXML[54]" classname="org.semanticweb.owlapi.api.test.ParsersStorersTestCase" time="0.003"/>
  <testcase name="testTurtle[54]" classname="org.semanticweb.owlapi.api.test.ParsersStorersTestCase" time="0.004"/>
  <testcase name="testFSS[55]" classname="org.semanticweb.owlapi.api.test.ParsersStorersTestCase" time="0.01"/>
  <testcase name="testKRSS2[55]" classname="org.semanticweb.owlapi.api.test.ParsersStorersTestCase" time="0"/>
  <testcase name="testLatex[55]" classname="org.semanticweb.owlapi.api.test.ParsersStorersTestCase" time="0.004"/>
  <testcase name="testKRSS[55]" classname="org.semanticweb.owlapi.api.test.ParsersStorersTestCase" time="0.001"/>
  <testcase name="testDLSyntax[55]" classname="org.semanticweb.owlapi.api.test.ParsersStorersTestCase" time="0.001"/>
  <testcase name="testManchesterSyntax[55]" classname="org.semanticweb.owlapi.api.test.ParsersStorersTestCase" time="0.001"/>
  <testcase name="testOWLXML[55]" classname="org.semanticweb.owlapi.api.test.ParsersStorersTestCase" time="0.002"/>
  <testcase name="testRDFXML[55]" classname="org.semanticweb.owlapi.api.test.ParsersStorersTestCase" time="0.003"/>
  <testcase name="testTurtle[55]" classname="org.semanticweb.owlapi.api.test.ParsersStorersTestCase" time="0.001"/>
  <testcase name="testKRSS2[56]" classname="org.semanticweb.owlapi.api.test.ParsersStorersTestCase" time="0.001"/>
  <testcase name="testFSS[56]" classname="org.semanticweb.owlapi.api.test.ParsersStorersTestCase" time="0.002"/>
  <testcase name="testLatex[56]" classname="org.semanticweb.owlapi.api.test.ParsersStorersTestCase" time="0.001"/>
  <testcase name="testKRSS[56]" classname="org.semanticweb.owlapi.api.test.ParsersStorersTestCase" time="0.001"/>
  <testcase name="testDLSyntax[56]" classname="org.semanticweb.owlapi.api.test.ParsersStorersTestCase" time="0.001"/>
  <testcase name="testManchesterSyntax[56]" classname="org.semanticweb.owlapi.api.test.ParsersStorersTestCase" time="0.004"/>
  <testcase name="testOWLXML[56]" classname="org.semanticweb.owlapi.api.test.ParsersStorersTestCase" time="0.008"/>
  <testcase name="testRDFXML[56]" classname="org.semanticweb.owlapi.api.test.ParsersStorersTestCase" time="0.002"/>
  <testcase name="testTurtle[56]" classname="org.semanticweb.owlapi.api.test.ParsersStorersTestCase" time="0.002"/>
  <testcase name="testFSS[57]" classname="org.semanticweb.owlapi.api.test.ParsersStorersTestCase" time="0.001"/>
  <testcase name="testKRSS2[57]" classname="org.semanticweb.owlapi.api.test.ParsersStorersTestCase" time="0.004"/>
  <testcase name="testLatex[57]" classname="org.semanticweb.owlapi.api.test.ParsersStorersTestCase" time="0.004"/>
  <testcase name="testKRSS[57]" classname="org.semanticweb.owlapi.api.test.ParsersStorersTestCase" time="0.001"/>
  <testcase name="testDLSyntax[57]" classname="org.semanticweb.owlapi.api.test.ParsersStorersTestCase" time="0.001"/>
  <testcase name="testManchesterSyntax[57]" classname="org.semanticweb.owlapi.api.test.ParsersStorersTestCase" time="0.002"/>
  <testcase name="testOWLXML[57]" classname="org.semanticweb.owlapi.api.test.ParsersStorersTestCase" time="0.006"/>
  <testcase name="testRDFXML[57]" classname="org.semanticweb.owlapi.api.test.ParsersStorersTestCase" time="0.004"/>
  <testcase name="testTurtle[57]" classname="org.semanticweb.owlapi.api.test.ParsersStorersTestCase" time="0.002"/>
  <testcase name="testKRSS2[58]" classname="org.semanticweb.owlapi.api.test.ParsersStorersTestCase" time="0.002"/>
  <testcase name="testFSS[58]" classname="org.semanticweb.owlapi.api.test.ParsersStorersTestCase" time="0.001"/>
  <testcase name="testLatex[58]" classname="org.semanticweb.owlapi.api.test.ParsersStorersTestCase" time="0.001"/>
  <testcase name="testKRSS[58]" classname="org.semanticweb.owlapi.api.test.ParsersStorersTestCase" time="0.002"/>
  <testcase name="testDLSyntax[58]" classname="org.semanticweb.owlapi.api.test.ParsersStorersTestCase" time="0.001"/>
  <testcase name="testManchesterSyntax[58]" classname="org.semanticweb.owlapi.api.test.ParsersStorersTestCase" time="0.004"/>
  <testcase name="testOWLXML[58]" classname="org.semanticweb.owlapi.api.test.ParsersStorersTestCase" time="0.008"/>
  <testcase name="testRDFXML[58]" classname="org.semanticweb.owlapi.api.test.ParsersStorersTestCase" time="0.008"/>
  <testcase name="testTurtle[58]" classname="org.semanticweb.owlapi.api.test.ParsersStorersTestCase" time="0.005"/>
  <testcase name="testFSS[59]" classname="org.semanticweb.owlapi.api.test.ParsersStorersTestCase" time="0.001"/>
  <testcase name="testKRSS2[59]" classname="org.semanticweb.owlapi.api.test.ParsersStorersTestCase" time="0.003"/>
  <testcase name="testLatex[59]" classname="org.semanticweb.owlapi.api.test.ParsersStorersTestCase" time="0.002"/>
  <testcase name="testKRSS[59]" classname="org.semanticweb.owlapi.api.test.ParsersStorersTestCase" time="0.001"/>
  <testcase name="testDLSyntax[59]" classname="org.semanticweb.owlapi.api.test.ParsersStorersTestCase" time="0.003"/>
  <testcase name="testManchesterSyntax[59]" classname="org.semanticweb.owlapi.api.test.ParsersStorersTestCase" time="0.002"/>
  <testcase name="testOWLXML[59]" classname="org.semanticweb.owlapi.api.test.ParsersStorersTestCase" time="0.004"/>
  <testcase name="testRDFXML[59]" classname="org.semanticweb.owlapi.api.test.ParsersStorersTestCase" time="0.007"/>
  <testcase name="testTurtle[59]" classname="org.semanticweb.owlapi.api.test.ParsersStorersTestCase" time="0.005"/>
  <testcase name="testFSS[60]" classname="org.semanticweb.owlapi.api.test.ParsersStorersTestCase" time="0.001"/>
  <testcase name="testKRSS2[60]" classname="org.semanticweb.owlapi.api.test.ParsersStorersTestCase" time="0.002"/>
  <testcase name="testLatex[60]" classname="org.semanticweb.owlapi.api.test.ParsersStorersTestCase" time="0.001"/>
  <testcase name="testKRSS[60]" classname="org.semanticweb.owlapi.api.test.ParsersStorersTestCase" time="0.004"/>
  <testcase name="testDLSyntax[60]" classname="org.semanticweb.owlapi.api.test.ParsersStorersTestCase" time="0.005"/>
  <testcase name="testManchesterSyntax[60]" classname="org.semanticweb.owlapi.api.test.ParsersStorersTestCase" time="0.001"/>
  <testcase name="testOWLXML[60]" classname="org.semanticweb.owlapi.api.test.ParsersStorersTestCase" time="0.001"/>
  <testcase name="testRDFXML[60]" classname="org.semanticweb.owlapi.api.test.ParsersStorersTestCase" time="0.003"/>
  <testcase name="testTurtle[60]" classname="org.semanticweb.owlapi.api.test.ParsersStorersTestCase" time="0.002"/>
  <testcase name="testFSS[61]" classname="org.semanticweb.owlapi.api.test.ParsersStorersTestCase" time="0.001"/>
  <testcase name="testKRSS2[61]" classname="org.semanticweb.owlapi.api.test.ParsersStorersTestCase" time="0.001"/>
  <testcase name="testLatex[61]" classname="org.semanticweb.owlapi.api.test.ParsersStorersTestCase" time="0"/>
  <testcase name="testKRSS[61]" classname="org.semanticweb.owlapi.api.test.ParsersStorersTestCase" time="0.001"/>
  <testcase name="testDLSyntax[61]" classname="org.semanticweb.owlapi.api.test.ParsersStorersTestCase" time="0.007"/>
  <testcase name="testManchesterSyntax[61]" classname="org.semanticweb.owlapi.api.test.ParsersStorersTestCase" time="0.001"/>
  <testcase name="testOWLXML[61]" classname="org.semanticweb.owlapi.api.test.ParsersStorersTestCase" time="0.002"/>
  <testcase name="testRDFXML[61]" classname="org.semanticweb.owlapi.api.test.ParsersStorersTestCase" time="0.006"/>
  <testcase name="testTurtle[61]" classname="org.semanticweb.owlapi.api.test.ParsersStorersTestCase" time="0.005"/>
  <testcase name="testKRSS2[62]" classname="org.semanticweb.owlapi.api.test.ParsersStorersTestCase" time="0"/>
  <testcase name="testFSS[62]" classname="org.semanticweb.owlapi.api.test.ParsersStorersTestCase" time="0.004"/>
  <testcase name="testLatex[62]" classname="org.semanticweb.owlapi.api.test.ParsersStorersTestCase" time="0.002"/>
  <testcase name="testKRSS[62]" classname="org.semanticweb.owlapi.api.test.ParsersStorersTestCase" time="0.001"/>
  <testcase name="testDLSyntax[62]" classname="org.semanticweb.owlapi.api.test.ParsersStorersTestCase" time="0.001"/>
  <testcase name="testManchesterSyntax[62]" classname="org.semanticweb.owlapi.api.test.ParsersStorersTestCase" time="0.005"/>
  <testcase name="testOWLXML[62]" classname="org.semanticweb.owlapi.api.test.ParsersStorersTestCase" time="0.007"/>
  <testcase name="testRDFXML[62]" classname="org.semanticweb.owlapi.api.test.ParsersStorersTestCase" time="0.004"/>
  <testcase name="testTurtle[62]" classname="org.semanticweb.owlapi.api.test.ParsersStorersTestCase" time="0.004"/>
  <testcase name="testFSS[63]" classname="org.semanticweb.owlapi.api.test.ParsersStorersTestCase" time="0.004"/>
  <testcase name="testKRSS2[63]" classname="org.semanticweb.owlapi.api.test.ParsersStorersTestCase" time="0.001"/>
  <testcase name="testLatex[63]" classname="org.semanticweb.owlapi.api.test.ParsersStorersTestCase" time="0.001"/>
  <testcase name="testKRSS[63]" classname="org.semanticweb.owlapi.api.test.ParsersStorersTestCase" time="0.005"/>
  <testcase name="testDLSyntax[63]" classname="org.semanticweb.owlapi.api.test.ParsersStorersTestCase" time="0.004"/>
  <testcase name="testManchesterSyntax[63]" classname="org.semanticweb.owlapi.api.test.ParsersStorersTestCase" time="0.001"/>
  <testcase name="testOWLXML[63]" classname="org.semanticweb.owlapi.api.test.ParsersStorersTestCase" time="0.001"/>
  <testcase name="testTurtle[63]" classname="org.semanticweb.owlapi.api.test.ParsersStorersTestCase" time="0.002"/>
  <testcase name="testRDFXML[63]" classname="org.semanticweb.owlapi.api.test.ParsersStorersTestCase" time="0.002"/>
  <testcase name="testFSS[64]" classname="org.semanticweb.owlapi.api.test.ParsersStorersTestCase" time="0.001"/>
  <testcase name="testKRSS2[64]" classname="org.semanticweb.owlapi.api.test.ParsersStorersTestCase" time="0"/>
  <testcase name="testLatex[64]" classname="org.semanticweb.owlapi.api.test.ParsersStorersTestCase" time="0.001"/>
  <testcase name="testKRSS[64]" classname="org.semanticweb.owlapi.api.test.ParsersStorersTestCase" time="0.002"/>
  <testcase name="testDLSyntax[64]" classname="org.semanticweb.owlapi.api.test.ParsersStorersTestCase" time="0.002"/>
  <testcase name="testManchesterSyntax[64]" classname="org.semanticweb.owlapi.api.test.ParsersStorersTestCase" time="0.005"/>
  <testcase name="testOWLXML[64]" classname="org.semanticweb.owlapi.api.test.ParsersStorersTestCase" time="0.009"/>
  <testcase name="testRDFXML[64]" classname="org.semanticweb.owlapi.api.test.ParsersStorersTestCase" time="0.005"/>
  <testcase name="testTurtle[64]" classname="org.semanticweb.owlapi.api.test.ParsersStorersTestCase" time="0.001"/>
  <testcase name="testFSS[65]" classname="org.semanticweb.owlapi.api.test.ParsersStorersTestCase" time="0.001"/>
  <testcase name="testKRSS2[65]" classname="org.semanticweb.owlapi.api.test.ParsersStorersTestCase" time="0"/>
  <testcase name="testLatex[65]" classname="org.semanticweb.owlapi.api.test.ParsersStorersTestCase" time="0"/>
  <testcase name="testKRSS[65]" classname="org.semanticweb.owlapi.api.test.ParsersStorersTestCase" time="0.001"/>
  <testcase name="testDLSyntax[65]" classname="org.semanticweb.owlapi.api.test.ParsersStorersTestCase" time="0.004"/>
  <testcase name="testManchesterSyntax[65]" classname="org.semanticweb.owlapi.api.test.ParsersStorersTestCase" time="0.001"/>
  <testcase name="testOWLXML[65]" classname="org.semanticweb.owlapi.api.test.ParsersStorersTestCase" time="0.002"/>
  <testcase name="testRDFXML[65]" classname="org.semanticweb.owlapi.api.test.ParsersStorersTestCase" time="0.006"/>
  <testcase name="testTurtle[65]" classname="org.semanticweb.owlapi.api.test.ParsersStorersTestCase" time="0.006"/>
  <testcase name="testFSS[66]" classname="org.semanticweb.owlapi.api.test.ParsersStorersTestCase" time="0.002"/>
  <testcase name="testKRSS2[66]" classname="org.semanticweb.owlapi.api.test.ParsersStorersTestCase" time="0.001"/>
  <testcase name="testLatex[66]" classname="org.semanticweb.owlapi.api.test.ParsersStorersTestCase" time="0.001"/>
  <testcase name="testKRSS[66]" classname="org.semanticweb.owlapi.api.test.ParsersStorersTestCase" time="0.001"/>
  <testcase name="testDLSyntax[66]" classname="org.semanticweb.owlapi.api.test.ParsersStorersTestCase" time="0.002"/>
  <testcase name="testManchesterSyntax[66]" classname="org.semanticweb.owlapi.api.test.ParsersStorersTestCase" time="0.001"/>
  <testcase name="testOWLXML[66]" classname="org.semanticweb.owlapi.api.test.ParsersStorersTestCase" time="0.002"/>
  <testcase name="testRDFXML[66]" classname="org.semanticweb.owlapi.api.test.ParsersStorersTestCase" time="0.003"/>
  <testcase name="testTurtle[66]" classname="org.semanticweb.owlapi.api.test.ParsersStorersTestCase" time="0.006"/>
  <testcase name="testFSS[67]" classname="org.semanticweb.owlapi.api.test.ParsersStorersTestCase" time="0.001"/>
  <testcase name="testKRSS2[67]" classname="org.semanticweb.owlapi.api.test.ParsersStorersTestCase" time="0.003"/>
  <testcase name="testLatex[67]" classname="org.semanticweb.owlapi.api.test.ParsersStorersTestCase" time="0.001"/>
  <testcase name="testKRSS[67]" classname="org.semanticweb.owlapi.api.test.ParsersStorersTestCase" time="0.001"/>
  <testcase name="testDLSyntax[67]" classname="org.semanticweb.owlapi.api.test.ParsersStorersTestCase" time="0.004"/>
  <testcase name="testManchesterSyntax[67]" classname="org.semanticweb.owlapi.api.test.ParsersStorersTestCase" time="0.004"/>
  <testcase name="testOWLXML[67]" classname="org.semanticweb.owlapi.api.test.ParsersStorersTestCase" time="0.002"/>
  <testcase name="testRDFXML[67]" classname="org.semanticweb.owlapi.api.test.ParsersStorersTestCase" time="0.002"/>
  <testcase name="testTurtle[67]" classname="org.semanticweb.owlapi.api.test.ParsersStorersTestCase" time="0.003"/>
  <testcase name="testKRSS2[68]" classname="org.semanticweb.owlapi.api.test.ParsersStorersTestCase" time="0.003"/>
  <testcase name="testFSS[68]" classname="org.semanticweb.owlapi.api.test.ParsersStorersTestCase" time="0.001"/>
  <testcase name="testLatex[68]" classname="org.semanticweb.owlapi.api.test.ParsersStorersTestCase" time="0.002"/>
  <testcase name="testKRSS[68]" classname="org.semanticweb.owlapi.api.test.ParsersStorersTestCase" time="0.003"/>
  <testcase name="testDLSyntax[68]" classname="org.semanticweb.owlapi.api.test.ParsersStorersTestCase" time="0.003"/>
  <testcase name="testManchesterSyntax[68]" classname="org.semanticweb.owlapi.api.test.ParsersStorersTestCase" time="0.001"/>
  <testcase name="testOWLXML[68]" classname="org.semanticweb.owlapi.api.test.ParsersStorersTestCase" time="0.003"/>
  <testcase name="testRDFXML[68]" classname="org.semanticweb.owlapi.api.test.ParsersStorersTestCase" time="0.004"/>
  <testcase name="testTurtle[68]" classname="org.semanticweb.owlapi.api.test.ParsersStorersTestCase" time="0.002"/>
  <testcase name="testFSS[69]" classname="org.semanticweb.owlapi.api.test.ParsersStorersTestCase" time="0.001"/>
  <testcase name="testKRSS2[69]" classname="org.semanticweb.owlapi.api.test.ParsersStorersTestCase" time="0.001"/>
  <testcase name="testLatex[69]" classname="org.semanticweb.owlapi.api.test.ParsersStorersTestCase" time="0.001"/>
  <testcase name="testKRSS[69]" classname="org.semanticweb.owlapi.api.test.ParsersStorersTestCase" time="0.002"/>
  <testcase name="testDLSyntax[69]" classname="org.semanticweb.owlapi.api.test.ParsersStorersTestCase" time="0.002"/>
  <testcase name="testManchesterSyntax[69]" classname="org.semanticweb.owlapi.api.test.ParsersStorersTestCase" time="0.006"/>
  <testcase name="testOWLXML[69]" classname="org.semanticweb.owlapi.api.test.ParsersStorersTestCase" time="0.005"/>
  <testcase name="testRDFXML[69]" classname="org.semanticweb.owlapi.api.test.ParsersStorersTestCase" time="0.007"/>
  <testcase name="testTurtle[69]" classname="org.semanticweb.owlapi.api.test.ParsersStorersTestCase" time="0.004"/>
  <testcase name="testFSS[70]" classname="org.semanticweb.owlapi.api.test.ParsersStorersTestCase" time="0.002"/>
  <testcase name="testKRSS2[70]" classname="org.semanticweb.owlapi.api.test.ParsersStorersTestCase" time="0.001"/>
  <testcase name="testLatex[70]" classname="org.semanticweb.owlapi.api.test.ParsersStorersTestCase" time="0.001"/>
  <testcase name="testKRSS[70]" classname="org.semanticweb.owlapi.api.test.ParsersStorersTestCase" time="0.006"/>
  <testcase name="testDLSyntax[70]" classname="org.semanticweb.owlapi.api.test.ParsersStorersTestCase" time="0.005"/>
  <testcase name="testManchesterSyntax[70]" classname="org.semanticweb.owlapi.api.test.ParsersStorersTestCase" time="0.002"/>
  <testcase name="testOWLXML[70]" classname="org.semanticweb.owlapi.api.test.ParsersStorersTestCase" time="0.004"/>
  <testcase name="testRDFXML[70]" classname="org.semanticweb.owlapi.api.test.ParsersStorersTestCase" time="0.008"/>
  <testcase name="testTurtle[70]" classname="org.semanticweb.owlapi.api.test.ParsersStorersTestCase" time="0.003"/>
</testsuite>