<?xml version="1.0" encoding="UTF-8"?>
<testsuite name="org.semanticweb.owlapi.model.OWLXMLVocabularyTestCase" time="0.012" tests="204" errors="0" skipped="0" failures="0">
  <properties>
    <property name="java.runtime.name" value="OpenJDK Runtime Environment"/>
    <property name="sun.boot.library.path" value="/usr/lib/jvm/java-8-openjdk-amd64/jre/lib/amd64"/>
    <property name="java.vm.version" value="25.292-b10"/>
    <property name="java.vm.vendor" value="Private Build"/>
    <property name="maven.multiModuleProjectDirectory" value="/home/suvarna/Vinay/Sept-2021/owlapi-fdd5f42698649b85c5d1d83c4c0ca9ef304c90a1"/>
    <property name="java.vendor.url" value="http://java.oracle.com/"/>
    <property name="path.separator" value=":"/>
    <property name="guice.disable.misplaced.annotation.check" value="true"/>
    <property name="java.vm.name" value="OpenJDK 64-Bit Server VM"/>
    <property name="file.encoding.pkg" value="sun.io"/>
    <property name="user.country" value="IN"/>
    <property name="sun.java.launcher" value="SUN_STANDARD"/>
    <property name="sun.os.patch.level" value="unknown"/>
    <property name="java.vm.specification.name" value="Java Virtual Machine Specification"/>
    <property name="user.dir" value="/home/suvarna/Vinay/Sept-2021/owlapi-fdd5f42698649b85c5d1d83c4c0ca9ef304c90a1"/>
    <property name="java.runtime.version" value="1.8.0_292-8u292-b10-0ubuntu1~16.04.1-b10"/>
    <property name="java.awt.graphicsenv" value="sun.awt.X11GraphicsEnvironment"/>
    <property name="java.endorsed.dirs" value="/usr/lib/jvm/java-8-openjdk-amd64/jre/lib/endorsed"/>
    <property name="os.arch" value="amd64"/>
    <property name="java.io.tmpdir" value="/tmp"/>
    <property name="line.separator" value="&#10;"/>
    <property name="java.vm.specification.vendor" value="Oracle Corporation"/>
    <property name="os.name" value="Linux"/>
    <property name="classworlds.conf" value="/home/suvarna/maven/apache-maven-3.6.3/bin/m2.conf"/>
    <property name="sun.jnu.encoding" value="UTF-8"/>
    <property name="java.library.path" value="/usr/java/packages/lib/amd64:/usr/lib/x86_64-linux-gnu/jni:/lib/x86_64-linux-gnu:/usr/lib/x86_64-linux-gnu:/usr/lib/jni:/lib:/usr/lib"/>
    <property name="maven.conf" value="/home/suvarna/maven/apache-maven-3.6.3/conf"/>
    <property name="java.specification.name" value="Java Platform API Specification"/>
    <property name="java.class.version" value="52.0"/>
    <property name="sun.management.compiler" value="HotSpot 64-Bit Tiered Compilers"/>
    <property name="os.version" value="4.15.0-142-generic"/>
    <property name="library.jansi.path" value="/home/suvarna/maven/apache-maven-3.6.3/lib/jansi-native"/>
    <property name="user.home" value="/home/suvarna"/>
    <property name="user.timezone" value="Asia/Kolkata"/>
    <property name="java.awt.printerjob" value="sun.print.PSPrinterJob"/>
    <property name="java.specification.version" value="1.8"/>
    <property name="file.encoding" value="UTF-8"/>
    <property name="user.name" value="suvarna"/>
    <property name="java.class.path" value="/home/suvarna/maven/apache-maven-3.6.3/boot/plexus-classworlds-2.6.0.jar"/>
    <property name="java.vm.specification.version" value="1.8"/>
    <property name="sun.arch.data.model" value="64"/>
    <property name="java.home" value="/usr/lib/jvm/java-8-openjdk-amd64/jre"/>
    <property name="sun.java.command" value="org.codehaus.plexus.classworlds.launcher.Launcher test"/>
    <property name="java.specification.vendor" value="Oracle Corporation"/>
    <property name="user.language" value="en"/>
    <property name="awt.toolkit" value="sun.awt.X11.XToolkit"/>
    <property name="java.vm.info" value="mixed mode"/>
    <property name="java.version" value="1.8.0_292"/>
    <property name="java.ext.dirs" value="/usr/lib/jvm/java-8-openjdk-amd64/jre/lib/ext:/usr/java/packages/lib/ext"/>
    <property name="securerandom.source" value="file:/dev/./urandom"/>
    <property name="sun.boot.class.path" value="/usr/lib/jvm/java-8-openjdk-amd64/jre/lib/resources.jar:/usr/lib/jvm/java-8-openjdk-amd64/jre/lib/rt.jar:/usr/lib/jvm/java-8-openjdk-amd64/jre/lib/sunrsasign.jar:/usr/lib/jvm/java-8-openjdk-amd64/jre/lib/jsse.jar:/usr/lib/jvm/java-8-openjdk-amd64/jre/lib/jce.jar:/usr/lib/jvm/java-8-openjdk-amd64/jre/lib/charsets.jar:/usr/lib/jvm/java-8-openjdk-amd64/jre/lib/jfr.jar:/usr/lib/jvm/java-8-openjdk-amd64/jre/classes"/>
    <property name="java.vendor" value="Private Build"/>
    <property name="maven.home" value="/home/suvarna/maven/apache-maven-3.6.3"/>
    <property name="file.separator" value="/"/>
    <property name="java.vendor.url.bug" value="http://bugreport.sun.com/bugreport/"/>
    <property name="sun.cpu.endian" value="little"/>
    <property name="sun.io.unicode.encoding" value="UnicodeLittle"/>
    <property name="sun.desktop" value="gnome"/>
    <property name="sun.cpu.isalist" value=""/>
  </properties>
  <testcase name="getPrefixedName_shouldStartWithOWLXMLPrefixName[0]" classname="org.semanticweb.owlapi.model.OWLXMLVocabularyTestCase" time="0"/>
  <testcase name="getIRI_shouldReturnAnIRIThatStartsWithOWLXMLPrefix[0]" classname="org.semanticweb.owlapi.model.OWLXMLVocabularyTestCase" time="0"/>
  <testcase name="getPrefixedName_shouldStartWithOWLXMLPrefixName[1]" classname="org.semanticweb.owlapi.model.OWLXMLVocabularyTestCase" time="0.001"/>
  <testcase name="getIRI_shouldReturnAnIRIThatStartsWithOWLXMLPrefix[1]" classname="org.semanticweb.owlapi.model.OWLXMLVocabularyTestCase" time="0"/>
  <testcase name="getPrefixedName_shouldStartWithOWLXMLPrefixName[2]" classname="org.semanticweb.owlapi.model.OWLXMLVocabularyTestCase" time="0"/>
  <testcase name="getIRI_shouldReturnAnIRIThatStartsWithOWLXMLPrefix[2]" classname="org.semanticweb.owlapi.model.OWLXMLVocabularyTestCase" time="0"/>
  <testcase name="getPrefixedName_shouldStartWithOWLXMLPrefixName[3]" classname="org.semanticweb.owlapi.model.OWLXMLVocabularyTestCase" time="0"/>
  <testcase name="getIRI_shouldReturnAnIRIThatStartsWithOWLXMLPrefix[3]" classname="org.semanticweb.owlapi.model.OWLXMLVocabularyTestCase" time="0"/>
  <testcase name="getPrefixedName_shouldStartWithOWLXMLPrefixName[4]" classname="org.semanticweb.owlapi.model.OWLXMLVocabularyTestCase" time="0"/>
  <testcase name="getIRI_shouldReturnAnIRIThatStartsWithOWLXMLPrefix[4]" classname="org.semanticweb.owlapi.model.OWLXMLVocabularyTestCase" time="0"/>
  <testcase name="getPrefixedName_shouldStartWithOWLXMLPrefixName[5]" classname="org.semanticweb.owlapi.model.OWLXMLVocabularyTestCase" time="0"/>
  <testcase name="getIRI_shouldReturnAnIRIThatStartsWithOWLXMLPrefix[5]" classname="org.semanticweb.owlapi.model.OWLXMLVocabularyTestCase" time="0"/>
  <testcase name="getPrefixedName_shouldStartWithOWLXMLPrefixName[6]" classname="org.semanticweb.owlapi.model.OWLXMLVocabularyTestCase" time="0"/>
  <testcase name="getIRI_shouldReturnAnIRIThatStartsWithOWLXMLPrefix[6]" classname="org.semanticweb.owlapi.model.OWLXMLVocabularyTestCase" time="0"/>
  <testcase name="getPrefixedName_shouldStartWithOWLXMLPrefixName[7]" classname="org.semanticweb.owlapi.model.OWLXMLVocabularyTestCase" time="0"/>
  <testcase name="getIRI_shouldReturnAnIRIThatStartsWithOWLXMLPrefix[7]" classname="org.semanticweb.owlapi.model.OWLXMLVocabularyTestCase" time="0"/>
  <testcase name="getPrefixedName_shouldStartWithOWLXMLPrefixName[8]" classname="org.semanticweb.owlapi.model.OWLXMLVocabularyTestCase" time="0"/>
  <testcase name="getIRI_shouldReturnAnIRIThatStartsWithOWLXMLPrefix[8]" classname="org.semanticweb.owlapi.model.OWLXMLVocabularyTestCase" time="0"/>
  <testcase name="getPrefixedName_shouldStartWithOWLXMLPrefixName[9]" classname="org.semanticweb.owlapi.model.OWLXMLVocabularyTestCase" time="0.001"/>
  <testcase name="getIRI_shouldReturnAnIRIThatStartsWithOWLXMLPrefix[9]" classname="org.semanticweb.owlapi.model.OWLXMLVocabularyTestCase" time="0"/>
  <testcase name="getPrefixedName_shouldStartWithOWLXMLPrefixName[10]" classname="org.semanticweb.owlapi.model.OWLXMLVocabularyTestCase" time="0"/>
  <testcase name="getIRI_shouldReturnAnIRIThatStartsWithOWLXMLPrefix[10]" classname="org.semanticweb.owlapi.model.OWLXMLVocabularyTestCase" time="0"/>
  <testcase name="getPrefixedName_shouldStartWithOWLXMLPrefixName[11]" classname="org.semanticweb.owlapi.model.OWLXMLVocabularyTestCase" time="0"/>
  <testcase name="getIRI_shouldReturnAnIRIThatStartsWithOWLXMLPrefix[11]" classname="org.semanticweb.owlapi.model.OWLXMLVocabularyTestCase" time="0"/>
  <testcase name="getPrefixedName_shouldStartWithOWLXMLPrefixName[12]" classname="org.semanticweb.owlapi.model.OWLXMLVocabularyTestCase" time="0"/>
  <testcase name="getIRI_shouldReturnAnIRIThatStartsWithOWLXMLPrefix[12]" classname="org.semanticweb.owlapi.model.OWLXMLVocabularyTestCase" time="0"/>
  <testcase name="getPrefixedName_shouldStartWithOWLXMLPrefixName[13]" classname="org.semanticweb.owlapi.model.OWLXMLVocabularyTestCase" time="0"/>
  <testcase name="getIRI_shouldReturnAnIRIThatStartsWithOWLXMLPrefix[13]" classname="org.semanticweb.owlapi.model.OWLXMLVocabularyTestCase" time="0"/>
  <testcase name="getPrefixedName_shouldStartWithOWLXMLPrefixName[14]" classname="org.semanticweb.owlapi.model.OWLXMLVocabularyTestCase" time="0"/>
  <testcase name="getIRI_shouldReturnAnIRIThatStartsWithOWLXMLPrefix[14]" classname="org.semanticweb.owlapi.model.OWLXMLVocabularyTestCase" time="0"/>
  <testcase name="getPrefixedName_shouldStartWithOWLXMLPrefixName[15]" classname="org.semanticweb.owlapi.model.OWLXMLVocabularyTestCase" time="0"/>
  <testcase name="getIRI_shouldReturnAnIRIThatStartsWithOWLXMLPrefix[15]" classname="org.semanticweb.owlapi.model.OWLXMLVocabularyTestCase" time="0"/>
  <testcase name="getPrefixedName_shouldStartWithOWLXMLPrefixName[16]" classname="org.semanticweb.owlapi.model.OWLXMLVocabularyTestCase" time="0"/>
  <testcase name="getIRI_shouldReturnAnIRIThatStartsWithOWLXMLPrefix[16]" classname="org.semanticweb.owlapi.model.OWLXMLVocabularyTestCase" time="0"/>
  <testcase name="getPrefixedName_shouldStartWithOWLXMLPrefixName[17]" classname="org.semanticweb.owlapi.model.OWLXMLVocabularyTestCase" time="0"/>
  <testcase name="getIRI_shouldReturnAnIRIThatStartsWithOWLXMLPrefix[17]" classname="org.semanticweb.owlapi.model.OWLXMLVocabularyTestCase" time="0"/>
  <testcase name="getPrefixedName_shouldStartWithOWLXMLPrefixName[18]" classname="org.semanticweb.owlapi.model.OWLXMLVocabularyTestCase" time="0"/>
  <testcase name="getIRI_shouldReturnAnIRIThatStartsWithOWLXMLPrefix[18]" classname="org.semanticweb.owlapi.model.OWLXMLVocabularyTestCase" time="0"/>
  <testcase name="getPrefixedName_shouldStartWithOWLXMLPrefixName[19]" classname="org.semanticweb.owlapi.model.OWLXMLVocabularyTestCase" time="0"/>
  <testcase name="getIRI_shouldReturnAnIRIThatStartsWithOWLXMLPrefix[19]" classname="org.semanticweb.owlapi.model.OWLXMLVocabularyTestCase" time="0"/>
  <testcase name="getPrefixedName_shouldStartWithOWLXMLPrefixName[20]" classname="org.semanticweb.owlapi.model.OWLXMLVocabularyTestCase" time="0"/>
  <testcase name="getIRI_shouldReturnAnIRIThatStartsWithOWLXMLPrefix[20]" classname="org.semanticweb.owlapi.model.OWLXMLVocabularyTestCase" time="0"/>
  <testcase name="getPrefixedName_shouldStartWithOWLXMLPrefixName[21]" classname="org.semanticweb.owlapi.model.OWLXMLVocabularyTestCase" time="0"/>
  <testcase name="getIRI_shouldReturnAnIRIThatStartsWithOWLXMLPrefix[21]" classname="org.semanticweb.owlapi.model.OWLXMLVocabularyTestCase" time="0"/>
  <testcase name="getPrefixedName_shouldStartWithOWLXMLPrefixName[22]" classname="org.semanticweb.owlapi.model.OWLXMLVocabularyTestCase" time="0"/>
  <testcase name="getIRI_shouldReturnAnIRIThatStartsWithOWLXMLPrefix[22]" classname="org.semanticweb.owlapi.model.OWLXMLVocabularyTestCase" time="0"/>
  <testcase name="getPrefixedName_shouldStartWithOWLXMLPrefixName[23]" classname="org.semanticweb.owlapi.model.OWLXMLVocabularyTestCase" time="0"/>
  <testcase name="getIRI_shouldReturnAnIRIThatStartsWithOWLXMLPrefix[23]" classname="org.semanticweb.owlapi.model.OWLXMLVocabularyTestCase" time="0"/>
  <testcase name="getPrefixedName_shouldStartWithOWLXMLPrefixName[24]" classname="org.semanticweb.owlapi.model.OWLXMLVocabularyTestCase" time="0"/>
  <testcase name="getIRI_shouldReturnAnIRIThatStartsWithOWLXMLPrefix[24]" classname="org.semanticweb.owlapi.model.OWLXMLVocabularyTestCase" time="0"/>
  <testcase name="getPrefixedName_shouldStartWithOWLXMLPrefixName[25]" classname="org.semanticweb.owlapi.model.OWLXMLVocabularyTestCase" time="0"/>
  <testcase name="getIRI_shouldReturnAnIRIThatStartsWithOWLXMLPrefix[25]" classname="org.semanticweb.owlapi.model.OWLXMLVocabularyTestCase" time="0"/>
  <testcase name="getPrefixedName_shouldStartWithOWLXMLPrefixName[26]" classname="org.semanticweb.owlapi.model.OWLXMLVocabularyTestCase" time="0"/>
  <testcase name="getIRI_shouldReturnAnIRIThatStartsWithOWLXMLPrefix[26]" classname="org.semanticweb.owlapi.model.OWLXMLVocabularyTestCase" time="0"/>
  <testcase name="getPrefixedName_shouldStartWithOWLXMLPrefixName[27]" classname="org.semanticweb.owlapi.model.OWLXMLVocabularyTestCase" time="0.002"/>
  <testcase name="getIRI_shouldReturnAnIRIThatStartsWithOWLXMLPrefix[27]" classname="org.semanticweb.owlapi.model.OWLXMLVocabularyTestCase" time="0"/>
  <testcase name="getPrefixedName_shouldStartWithOWLXMLPrefixName[28]" classname="org.semanticweb.owlapi.model.OWLXMLVocabularyTestCase" time="0"/>
  <testcase name="getIRI_shouldReturnAnIRIThatStartsWithOWLXMLPrefix[28]" classname="org.semanticweb.owlapi.model.OWLXMLVocabularyTestCase" time="0"/>
  <testcase name="getPrefixedName_shouldStartWithOWLXMLPrefixName[29]" classname="org.semanticweb.owlapi.model.OWLXMLVocabularyTestCase" time="0"/>
  <testcase name="getIRI_shouldReturnAnIRIThatStartsWithOWLXMLPrefix[29]" classname="org.semanticweb.owlapi.model.OWLXMLVocabularyTestCase" time="0"/>
  <testcase name="getPrefixedName_shouldStartWithOWLXMLPrefixName[30]" classname="org.semanticweb.owlapi.model.OWLXMLVocabularyTestCase" time="0"/>
  <testcase name="getIRI_shouldReturnAnIRIThatStartsWithOWLXMLPrefix[30]" classname="org.semanticweb.owlapi.model.OWLXMLVocabularyTestCase" time="0"/>
  <testcase name="getPrefixedName_shouldStartWithOWLXMLPrefixName[31]" classname="org.semanticweb.owlapi.model.OWLXMLVocabularyTestCase" time="0"/>
  <testcase name="getIRI_shouldReturnAnIRIThatStartsWithOWLXMLPrefix[31]" classname="org.semanticweb.owlapi.model.OWLXMLVocabularyTestCase" time="0"/>
  <testcase name="getPrefixedName_shouldStartWithOWLXMLPrefixName[32]" classname="org.semanticweb.owlapi.model.OWLXMLVocabularyTestCase" time="0"/>
  <testcase name="getIRI_shouldReturnAnIRIThatStartsWithOWLXMLPrefix[32]" classname="org.semanticweb.owlapi.model.OWLXMLVocabularyTestCase" time="0"/>
  <testcase name="getPrefixedName_shouldStartWithOWLXMLPrefixName[33]" classname="org.semanticweb.owlapi.model.OWLXMLVocabularyTestCase" time="0"/>
  <testcase name="getIRI_shouldReturnAnIRIThatStartsWithOWLXMLPrefix[33]" classname="org.semanticweb.owlapi.model.OWLXMLVocabularyTestCase" time="0"/>
  <testcase name="getPrefixedName_shouldStartWithOWLXMLPrefixName[34]" classname="org.semanticweb.owlapi.model.OWLXMLVocabularyTestCase" time="0"/>
  <testcase name="getIRI_shouldReturnAnIRIThatStartsWithOWLXMLPrefix[34]" classname="org.semanticweb.owlapi.model.OWLXMLVocabularyTestCase" time="0"/>
  <testcase name="getPrefixedName_shouldStartWithOWLXMLPrefixName[35]" classname="org.semanticweb.owlapi.model.OWLXMLVocabularyTestCase" time="0"/>
  <testcase name="getIRI_shouldReturnAnIRIThatStartsWithOWLXMLPrefix[35]" classname="org.semanticweb.owlapi.model.OWLXMLVocabularyTestCase" time="0"/>
  <testcase name="getPrefixedName_shouldStartWithOWLXMLPrefixName[36]" classname="org.semanticweb.owlapi.model.OWLXMLVocabularyTestCase" time="0"/>
  <testcase name="getIRI_shouldReturnAnIRIThatStartsWithOWLXMLPrefix[36]" classname="org.semanticweb.owlapi.model.OWLXMLVocabularyTestCase" time="0"/>
  <testcase name="getPrefixedName_shouldStartWithOWLXMLPrefixName[37]" classname="org.semanticweb.owlapi.model.OWLXMLVocabularyTestCase" time="0"/>
  <testcase name="getIRI_shouldReturnAnIRIThatStartsWithOWLXMLPrefix[37]" classname="org.semanticweb.owlapi.model.OWLXMLVocabularyTestCase" time="0"/>
  <testcase name="getPrefixedName_shouldStartWithOWLXMLPrefixName[38]" classname="org.semanticweb.owlapi.model.OWLXMLVocabularyTestCase" time="0"/>
  <testcase name="getIRI_shouldReturnAnIRIThatStartsWithOWLXMLPrefix[38]" classname="org.semanticweb.owlapi.model.OWLXMLVocabularyTestCase" time="0"/>
  <testcase name="getPrefixedName_shouldStartWithOWLXMLPrefixName[39]" classname="org.semanticweb.owlapi.model.OWLXMLVocabularyTestCase" time="0"/>
  <testcase name="getIRI_shouldReturnAnIRIThatStartsWithOWLXMLPrefix[39]" classname="org.semanticweb.owlapi.model.OWLXMLVocabularyTestCase" time="0"/>
  <testcase name="getPrefixedName_shouldStartWithOWLXMLPrefixName[40]" classname="org.semanticweb.owlapi.model.OWLXMLVocabularyTestCase" time="0"/>
  <testcase name="getIRI_shouldReturnAnIRIThatStartsWithOWLXMLPrefix[40]" classname="org.semanticweb.owlapi.model.OWLXMLVocabularyTestCase" time="0"/>
  <testcase name="getPrefixedName_shouldStartWithOWLXMLPrefixName[41]" classname="org.semanticweb.owlapi.model.OWLXMLVocabularyTestCase" time="0"/>
  <testcase name="getIRI_shouldReturnAnIRIThatStartsWithOWLXMLPrefix[41]" classname="org.semanticweb.owlapi.model.OWLXMLVocabularyTestCase" time="0"/>
  <testcase name="getPrefixedName_shouldStartWithOWLXMLPrefixName[42]" classname="org.semanticweb.owlapi.model.OWLXMLVocabularyTestCase" time="0"/>
  <testcase name="getIRI_shouldReturnAnIRIThatStartsWithOWLXMLPrefix[42]" classname="org.semanticweb.owlapi.model.OWLXMLVocabularyTestCase" time="0"/>
  <testcase name="getPrefixedName_shouldStartWithOWLXMLPrefixName[43]" classname="org.semanticweb.owlapi.model.OWLXMLVocabularyTestCase" time="0"/>
  <testcase name="getIRI_shouldReturnAnIRIThatStartsWithOWLXMLPrefix[43]" classname="org.semanticweb.owlapi.model.OWLXMLVocabularyTestCase" time="0"/>
  <testcase name="getPrefixedName_shouldStartWithOWLXMLPrefixName[44]" classname="org.semanticweb.owlapi.model.OWLXMLVocabularyTestCase" time="0"/>
  <testcase name="getIRI_shouldReturnAnIRIThatStartsWithOWLXMLPrefix[44]" classname="org.semanticweb.owlapi.model.OWLXMLVocabularyTestCase" time="0"/>
  <testcase name="getPrefixedName_shouldStartWithOWLXMLPrefixName[45]" classname="org.semanticweb.owlapi.model.OWLXMLVocabularyTestCase" time="0"/>
  <testcase name="getIRI_shouldReturnAnIRIThatStartsWithOWLXMLPrefix[45]" classname="org.semanticweb.owlapi.model.OWLXMLVocabularyTestCase" time="0"/>
  <testcase name="getPrefixedName_shouldStartWithOWLXMLPrefixName[46]" classname="org.semanticweb.owlapi.model.OWLXMLVocabularyTestCase" time="0"/>
  <testcase name="getIRI_shouldReturnAnIRIThatStartsWithOWLXMLPrefix[46]" classname="org.semanticweb.owlapi.model.OWLXMLVocabularyTestCase" time="0"/>
  <testcase name="getPrefixedName_shouldStartWithOWLXMLPrefixName[47]" classname="org.semanticweb.owlapi.model.OWLXMLVocabularyTestCase" time="0"/>
  <testcase name="getIRI_shouldReturnAnIRIThatStartsWithOWLXMLPrefix[47]" classname="org.semanticweb.owlapi.model.OWLXMLVocabularyTestCase" time="0"/>
  <testcase name="getPrefixedName_shouldStartWithOWLXMLPrefixName[48]" classname="org.semanticweb.owlapi.model.OWLXMLVocabularyTestCase" time="0"/>
  <testcase name="getIRI_shouldReturnAnIRIThatStartsWithOWLXMLPrefix[48]" classname="org.semanticweb.owlapi.model.OWLXMLVocabularyTestCase" time="0"/>
  <testcase name="getPrefixedName_shouldStartWithOWLXMLPrefixName[49]" classname="org.semanticweb.owlapi.model.OWLXMLVocabularyTestCase" time="0"/>
  <testcase name="getIRI_shouldReturnAnIRIThatStartsWithOWLXMLPrefix[49]" classname="org.semanticweb.owlapi.model.OWLXMLVocabularyTestCase" time="0"/>
  <testcase name="getPrefixedName_shouldStartWithOWLXMLPrefixName[50]" classname="org.semanticweb.owlapi.model.OWLXMLVocabularyTestCase" time="0"/>
  <testcase name="getIRI_shouldReturnAnIRIThatStartsWithOWLXMLPrefix[50]" classname="org.semanticweb.owlapi.model.OWLXMLVocabularyTestCase" time="0"/>
  <testcase name="getPrefixedName_shouldStartWithOWLXMLPrefixName[51]" classname="org.semanticweb.owlapi.model.OWLXMLVocabularyTestCase" time="0"/>
  <testcase name="getIRI_shouldReturnAnIRIThatStartsWithOWLXMLPrefix[51]" classname="org.semanticweb.owlapi.model.OWLXMLVocabularyTestCase" time="0"/>
  <testcase name="getPrefixedName_shouldStartWithOWLXMLPrefixName[52]" classname="org.semanticweb.owlapi.model.OWLXMLVocabularyTestCase" time="0"/>
  <testcase name="getIRI_shouldReturnAnIRIThatStartsWithOWLXMLPrefix[52]" classname="org.semanticweb.owlapi.model.OWLXMLVocabularyTestCase" time="0"/>
  <testcase name="getPrefixedName_shouldStartWithOWLXMLPrefixName[53]" classname="org.semanticweb.owlapi.model.OWLXMLVocabularyTestCase" time="0"/>
  <testcase name="getIRI_shouldReturnAnIRIThatStartsWithOWLXMLPrefix[53]" classname="org.semanticweb.owlapi.model.OWLXMLVocabularyTestCase" time="0"/>
  <testcase name="getPrefixedName_shouldStartWithOWLXMLPrefixName[54]" classname="org.semanticweb.owlapi.model.OWLXMLVocabularyTestCase" time="0"/>
  <testcase name="getIRI_shouldReturnAnIRIThatStartsWithOWLXMLPrefix[54]" classname="org.semanticweb.owlapi.model.OWLXMLVocabularyTestCase" time="0"/>
  <testcase name="getPrefixedName_shouldStartWithOWLXMLPrefixName[55]" classname="org.semanticweb.owlapi.model.OWLXMLVocabularyTestCase" time="0"/>
  <testcase name="getIRI_shouldReturnAnIRIThatStartsWithOWLXMLPrefix[55]" classname="org.semanticweb.owlapi.model.OWLXMLVocabularyTestCase" time="0"/>
  <testcase name="getPrefixedName_shouldStartWithOWLXMLPrefixName[56]" classname="org.semanticweb.owlapi.model.OWLXMLVocabularyTestCase" time="0"/>
  <testcase name="getIRI_shouldReturnAnIRIThatStartsWithOWLXMLPrefix[56]" classname="org.semanticweb.owlapi.model.OWLXMLVocabularyTestCase" time="0"/>
  <testcase name="getPrefixedName_shouldStartWithOWLXMLPrefixName[57]" classname="org.semanticweb.owlapi.model.OWLXMLVocabularyTestCase" time="0"/>
  <testcase name="getIRI_shouldReturnAnIRIThatStartsWithOWLXMLPrefix[57]" classname="org.semanticweb.owlapi.model.OWLXMLVocabularyTestCase" time="0"/>
  <testcase name="getPrefixedName_shouldStartWithOWLXMLPrefixName[58]" classname="org.semanticweb.owlapi.model.OWLXMLVocabularyTestCase" time="0"/>
  <testcase name="getIRI_shouldReturnAnIRIThatStartsWithOWLXMLPrefix[58]" classname="org.semanticweb.owlapi.model.OWLXMLVocabularyTestCase" time="0"/>
  <testcase name="getPrefixedName_shouldStartWithOWLXMLPrefixName[59]" classname="org.semanticweb.owlapi.model.OWLXMLVocabularyTestCase" time="0"/>
  <testcase name="getIRI_shouldReturnAnIRIThatStartsWithOWLXMLPrefix[59]" classname="org.semanticweb.owlapi.model.OWLXMLVocabularyTestCase" time="0"/>
  <testcase name="getPrefixedName_shouldStartWithOWLXMLPrefixName[60]" classname="org.semanticweb.owlapi.model.OWLXMLVocabularyTestCase" time="0"/>
  <testcase name="getIRI_shouldReturnAnIRIThatStartsWithOWLXMLPrefix[60]" classname="org.semanticweb.owlapi.model.OWLXMLVocabularyTestCase" time="0"/>
  <testcase name="getPrefixedName_shouldStartWithOWLXMLPrefixName[61]" classname="org.semanticweb.owlapi.model.OWLXMLVocabularyTestCase" time="0"/>
  <testcase name="getIRI_shouldReturnAnIRIThatStartsWithOWLXMLPrefix[61]" classname="org.semanticweb.owlapi.model.OWLXMLVocabularyTestCase" time="0"/>
  <testcase name="getPrefixedName_shouldStartWithOWLXMLPrefixName[62]" classname="org.semanticweb.owlapi.model.OWLXMLVocabularyTestCase" time="0.001"/>
  <testcase name="getIRI_shouldReturnAnIRIThatStartsWithOWLXMLPrefix[62]" classname="org.semanticweb.owlapi.model.OWLXMLVocabularyTestCase" time="0"/>
  <testcase name="getPrefixedName_shouldStartWithOWLXMLPrefixName[63]" classname="org.semanticweb.owlapi.model.OWLXMLVocabularyTestCase" time="0"/>
  <testcase name="getIRI_shouldReturnAnIRIThatStartsWithOWLXMLPrefix[63]" classname="org.semanticweb.owlapi.model.OWLXMLVocabularyTestCase" time="0"/>
  <testcase name="getPrefixedName_shouldStartWithOWLXMLPrefixName[64]" classname="org.semanticweb.owlapi.model.OWLXMLVocabularyTestCase" time="0"/>
  <testcase name="getIRI_shouldReturnAnIRIThatStartsWithOWLXMLPrefix[64]" classname="org.semanticweb.owlapi.model.OWLXMLVocabularyTestCase" time="0"/>
  <testcase name="getPrefixedName_shouldStartWithOWLXMLPrefixName[65]" classname="org.semanticweb.owlapi.model.OWLXMLVocabularyTestCase" time="0"/>
  <testcase name="getIRI_shouldReturnAnIRIThatStartsWithOWLXMLPrefix[65]" classname="org.semanticweb.owlapi.model.OWLXMLVocabularyTestCase" time="0.001"/>
  <testcase name="getPrefixedName_shouldStartWithOWLXMLPrefixName[66]" classname="org.semanticweb.owlapi.model.OWLXMLVocabularyTestCase" time="0"/>
  <testcase name="getIRI_shouldReturnAnIRIThatStartsWithOWLXMLPrefix[66]" classname="org.semanticweb.owlapi.model.OWLXMLVocabularyTestCase" time="0"/>
  <testcase name="getPrefixedName_shouldStartWithOWLXMLPrefixName[67]" classname="org.semanticweb.owlapi.model.OWLXMLVocabularyTestCase" time="0"/>
  <testcase name="getIRI_shouldReturnAnIRIThatStartsWithOWLXMLPrefix[67]" classname="org.semanticweb.owlapi.model.OWLXMLVocabularyTestCase" time="0"/>
  <testcase name="getPrefixedName_shouldStartWithOWLXMLPrefixName[68]" classname="org.semanticweb.owlapi.model.OWLXMLVocabularyTestCase" time="0"/>
  <testcase name="getIRI_shouldReturnAnIRIThatStartsWithOWLXMLPrefix[68]" classname="org.semanticweb.owlapi.model.OWLXMLVocabularyTestCase" time="0"/>
  <testcase name="getPrefixedName_shouldStartWithOWLXMLPrefixName[69]" classname="org.semanticweb.owlapi.model.OWLXMLVocabularyTestCase" time="0"/>
  <testcase name="getIRI_shouldReturnAnIRIThatStartsWithOWLXMLPrefix[69]" classname="org.semanticweb.owlapi.model.OWLXMLVocabularyTestCase" time="0"/>
  <testcase name="getPrefixedName_shouldStartWithOWLXMLPrefixName[70]" classname="org.semanticweb.owlapi.model.OWLXMLVocabularyTestCase" time="0"/>
  <testcase name="getIRI_shouldReturnAnIRIThatStartsWithOWLXMLPrefix[70]" classname="org.semanticweb.owlapi.model.OWLXMLVocabularyTestCase" time="0"/>
  <testcase name="getPrefixedName_shouldStartWithOWLXMLPrefixName[71]" classname="org.semanticweb.owlapi.model.OWLXMLVocabularyTestCase" time="0"/>
  <testcase name="getIRI_shouldReturnAnIRIThatStartsWithOWLXMLPrefix[71]" classname="org.semanticweb.owlapi.model.OWLXMLVocabularyTestCase" time="0"/>
  <testcase name="getPrefixedName_shouldStartWithOWLXMLPrefixName[72]" classname="org.semanticweb.owlapi.model.OWLXMLVocabularyTestCase" time="0"/>
  <testcase name="getIRI_shouldReturnAnIRIThatStartsWithOWLXMLPrefix[72]" classname="org.semanticweb.owlapi.model.OWLXMLVocabularyTestCase" time="0"/>
  <testcase name="getPrefixedName_shouldStartWithOWLXMLPrefixName[73]" classname="org.semanticweb.owlapi.model.OWLXMLVocabularyTestCase" time="0"/>
  <testcase name="getIRI_shouldReturnAnIRIThatStartsWithOWLXMLPrefix[73]" classname="org.semanticweb.owlapi.model.OWLXMLVocabularyTestCase" time="0"/>
  <testcase name="getPrefixedName_shouldStartWithOWLXMLPrefixName[74]" classname="org.semanticweb.owlapi.model.OWLXMLVocabularyTestCase" time="0"/>
  <testcase name="getIRI_shouldReturnAnIRIThatStartsWithOWLXMLPrefix[74]" classname="org.semanticweb.owlapi.model.OWLXMLVocabularyTestCase" time="0"/>
  <testcase name="getPrefixedName_shouldStartWithOWLXMLPrefixName[75]" classname="org.semanticweb.owlapi.model.OWLXMLVocabularyTestCase" time="0"/>
  <testcase name="getIRI_shouldReturnAnIRIThatStartsWithOWLXMLPrefix[75]" classname="org.semanticweb.owlapi.model.OWLXMLVocabularyTestCase" time="0.001"/>
  <testcase name="getPrefixedName_shouldStartWithOWLXMLPrefixName[76]" classname="org.semanticweb.owlapi.model.OWLXMLVocabularyTestCase" time="0"/>
  <testcase name="getIRI_shouldReturnAnIRIThatStartsWithOWLXMLPrefix[76]" classname="org.semanticweb.owlapi.model.OWLXMLVocabularyTestCase" time="0"/>
  <testcase name="getPrefixedName_shouldStartWithOWLXMLPrefixName[77]" classname="org.semanticweb.owlapi.model.OWLXMLVocabularyTestCase" time="0"/>
  <testcase name="getIRI_shouldReturnAnIRIThatStartsWithOWLXMLPrefix[77]" classname="org.semanticweb.owlapi.model.OWLXMLVocabularyTestCase" time="0"/>
  <testcase name="getPrefixedName_shouldStartWithOWLXMLPrefixName[78]" classname="org.semanticweb.owlapi.model.OWLXMLVocabularyTestCase" time="0"/>
  <testcase name="getIRI_shouldReturnAnIRIThatStartsWithOWLXMLPrefix[78]" classname="org.semanticweb.owlapi.model.OWLXMLVocabularyTestCase" time="0"/>
  <testcase name="getPrefixedName_shouldStartWithOWLXMLPrefixName[79]" classname="org.semanticweb.owlapi.model.OWLXMLVocabularyTestCase" time="0.001"/>
  <testcase name="getIRI_shouldReturnAnIRIThatStartsWithOWLXMLPrefix[79]" classname="org.semanticweb.owlapi.model.OWLXMLVocabularyTestCase" time="0"/>
  <testcase name="getPrefixedName_shouldStartWithOWLXMLPrefixName[80]" classname="org.semanticweb.owlapi.model.OWLXMLVocabularyTestCase" time="0"/>
  <testcase name="getIRI_shouldReturnAnIRIThatStartsWithOWLXMLPrefix[80]" classname="org.semanticweb.owlapi.model.OWLXMLVocabularyTestCase" time="0"/>
  <testcase name="getPrefixedName_shouldStartWithOWLXMLPrefixName[81]" classname="org.semanticweb.owlapi.model.OWLXMLVocabularyTestCase" time="0"/>
  <testcase name="getIRI_shouldReturnAnIRIThatStartsWithOWLXMLPrefix[81]" classname="org.semanticweb.owlapi.model.OWLXMLVocabularyTestCase" time="0"/>
  <testcase name="getPrefixedName_shouldStartWithOWLXMLPrefixName[82]" classname="org.semanticweb.owlapi.model.OWLXMLVocabularyTestCase" time="0"/>
  <testcase name="getIRI_shouldReturnAnIRIThatStartsWithOWLXMLPrefix[82]" classname="org.semanticweb.owlapi.model.OWLXMLVocabularyTestCase" time="0"/>
  <testcase name="getPrefixedName_shouldStartWithOWLXMLPrefixName[83]" classname="org.semanticweb.owlapi.model.OWLXMLVocabularyTestCase" time="0"/>
  <testcase name="getIRI_shouldReturnAnIRIThatStartsWithOWLXMLPrefix[83]" classname="org.semanticweb.owlapi.model.OWLXMLVocabularyTestCase" time="0"/>
  <testcase name="getPrefixedName_shouldStartWithOWLXMLPrefixName[84]" classname="org.semanticweb.owlapi.model.OWLXMLVocabularyTestCase" time="0"/>
  <testcase name="getIRI_shouldReturnAnIRIThatStartsWithOWLXMLPrefix[84]" classname="org.semanticweb.owlapi.model.OWLXMLVocabularyTestCase" time="0"/>
  <testcase name="getPrefixedName_shouldStartWithOWLXMLPrefixName[85]" classname="org.semanticweb.owlapi.model.OWLXMLVocabularyTestCase" time="0"/>
  <testcase name="getIRI_shouldReturnAnIRIThatStartsWithOWLXMLPrefix[85]" classname="org.semanticweb.owlapi.model.OWLXMLVocabularyTestCase" time="0"/>
  <testcase name="getPrefixedName_shouldStartWithOWLXMLPrefixName[86]" classname="org.semanticweb.owlapi.model.OWLXMLVocabularyTestCase" time="0"/>
  <testcase name="getIRI_shouldReturnAnIRIThatStartsWithOWLXMLPrefix[86]" classname="org.semanticweb.owlapi.model.OWLXMLVocabularyTestCase" time="0"/>
  <testcase name="getPrefixedName_shouldStartWithOWLXMLPrefixName[87]" classname="org.semanticweb.owlapi.model.OWLXMLVocabularyTestCase" time="0"/>
  <testcase name="getIRI_shouldReturnAnIRIThatStartsWithOWLXMLPrefix[87]" classname="org.semanticweb.owlapi.model.OWLXMLVocabularyTestCase" time="0"/>
  <testcase name="getPrefixedName_shouldStartWithOWLXMLPrefixName[88]" classname="org.semanticweb.owlapi.model.OWLXMLVocabularyTestCase" time="0"/>
  <testcase name="getIRI_shouldReturnAnIRIThatStartsWithOWLXMLPrefix[88]" classname="org.semanticweb.owlapi.model.OWLXMLVocabularyTestCase" time="0.001"/>
  <testcase name="getPrefixedName_shouldStartWithOWLXMLPrefixName[89]" classname="org.semanticweb.owlapi.model.OWLXMLVocabularyTestCase" time="0"/>
  <testcase name="getIRI_shouldReturnAnIRIThatStartsWithOWLXMLPrefix[89]" classname="org.semanticweb.owlapi.model.OWLXMLVocabularyTestCase" time="0.001"/>
  <testcase name="getPrefixedName_shouldStartWithOWLXMLPrefixName[90]" classname="org.semanticweb.owlapi.model.OWLXMLVocabularyTestCase" time="0"/>
  <testcase name="getIRI_shouldReturnAnIRIThatStartsWithOWLXMLPrefix[90]" classname="org.semanticweb.owlapi.model.OWLXMLVocabularyTestCase" time="0"/>
  <testcase name="getPrefixedName_shouldStartWithOWLXMLPrefixName[91]" classname="org.semanticweb.owlapi.model.OWLXMLVocabularyTestCase" time="0"/>
  <testcase name="getIRI_shouldReturnAnIRIThatStartsWithOWLXMLPrefix[91]" classname="org.semanticweb.owlapi.model.OWLXMLVocabularyTestCase" time="0"/>
  <testcase name="getPrefixedName_shouldStartWithOWLXMLPrefixName[92]" classname="org.semanticweb.owlapi.model.OWLXMLVocabularyTestCase" time="0"/>
  <testcase name="getIRI_shouldReturnAnIRIThatStartsWithOWLXMLPrefix[92]" classname="org.semanticweb.owlapi.model.OWLXMLVocabularyTestCase" time="0"/>
  <testcase name="getPrefixedName_shouldStartWithOWLXMLPrefixName[93]" classname="org.semanticweb.owlapi.model.OWLXMLVocabularyTestCase" time="0"/>
  <testcase name="getIRI_shouldReturnAnIRIThatStartsWithOWLXMLPrefix[93]" classname="org.semanticweb.owlapi.model.OWLXMLVocabularyTestCase" time="0"/>
  <testcase name="getPrefixedName_shouldStartWithOWLXMLPrefixName[94]" classname="org.semanticweb.owlapi.model.OWLXMLVocabularyTestCase" time="0"/>
  <testcase name="getIRI_shouldReturnAnIRIThatStartsWithOWLXMLPrefix[94]" classname="org.semanticweb.owlapi.model.OWLXMLVocabularyTestCase" time="0"/>
  <testcase name="getPrefixedName_shouldStartWithOWLXMLPrefixName[95]" classname="org.semanticweb.owlapi.model.OWLXMLVocabularyTestCase" time="0"/>
  <testcase name="getIRI_shouldReturnAnIRIThatStartsWithOWLXMLPrefix[95]" classname="org.semanticweb.owlapi.model.OWLXMLVocabularyTestCase" time="0"/>
  <testcase name="getPrefixedName_shouldStartWithOWLXMLPrefixName[96]" classname="org.semanticweb.owlapi.model.OWLXMLVocabularyTestCase" time="0.001"/>
  <testcase name="getIRI_shouldReturnAnIRIThatStartsWithOWLXMLPrefix[96]" classname="org.semanticweb.owlapi.model.OWLXMLVocabularyTestCase" time="0"/>
  <testcase name="getPrefixedName_shouldStartWithOWLXMLPrefixName[97]" classname="org.semanticweb.owlapi.model.OWLXMLVocabularyTestCase" time="0"/>
  <testcase name="getIRI_shouldReturnAnIRIThatStartsWithOWLXMLPrefix[97]" classname="org.semanticweb.owlapi.model.OWLXMLVocabularyTestCase" time="0"/>
  <testcase name="getPrefixedName_shouldStartWithOWLXMLPrefixName[98]" classname="org.semanticweb.owlapi.model.OWLXMLVocabularyTestCase" time="0"/>
  <testcase name="getIRI_shouldReturnAnIRIThatStartsWithOWLXMLPrefix[98]" classname="org.semanticweb.owlapi.model.OWLXMLVocabularyTestCase" time="0"/>
  <testcase name="getPrefixedName_shouldStartWithOWLXMLPrefixName[99]" classname="org.semanticweb.owlapi.model.OWLXMLVocabularyTestCase" time="0"/>
  <testcase name="getIRI_shouldReturnAnIRIThatStartsWithOWLXMLPrefix[99]" classname="org.semanticweb.owlapi.model.OWLXMLVocabularyTestCase" time="0.001"/>
  <testcase name="getPrefixedName_shouldStartWithOWLXMLPrefixName[100]" classname="org.semanticweb.owlapi.model.OWLXMLVocabularyTestCase" time="0"/>
  <testcase name="getIRI_shouldReturnAnIRIThatStartsWithOWLXMLPrefix[100]" classname="org.semanticweb.owlapi.model.OWLXMLVocabularyTestCase" time="0"/>
  <testcase name="getPrefixedName_shouldStartWithOWLXMLPrefixName[101]" classname="org.semanticweb.owlapi.model.OWLXMLVocabularyTestCase" time="0"/>
  <testcase name="getIRI_shouldReturnAnIRIThatStartsWithOWLXMLPrefix[101]" classname="org.semanticweb.owlapi.model.OWLXMLVocabularyTestCase" time="0"/>
</testsuite>