<?xml version="1.0" encoding="UTF-8"?>
<testsuite name="org.semanticweb.owlapi.model.XSDVocabularyTestCase" time="0.011" tests="92" errors="0" skipped="0" failures="0">
  <properties>
    <property name="java.runtime.name" value="OpenJDK Runtime Environment"/>
    <property name="sun.boot.library.path" value="/usr/lib/jvm/java-8-openjdk-amd64/jre/lib/amd64"/>
    <property name="java.vm.version" value="25.292-b10"/>
    <property name="java.vm.vendor" value="Private Build"/>
    <property name="maven.multiModuleProjectDirectory" value="/home/suvarna/Vinay/Sept-2021/owlapi-fdd5f42698649b85c5d1d83c4c0ca9ef304c90a1"/>
    <property name="java.vendor.url" value="http://java.oracle.com/"/>
    <property name="path.separator" value=":"/>
    <property name="guice.disable.misplaced.annotation.check" value="true"/>
    <property name="java.vm.name" value="OpenJDK 64-Bit Server VM"/>
    <property name="file.encoding.pkg" value="sun.io"/>
    <property name="user.country" value="IN"/>
    <property name="sun.java.launcher" value="SUN_STANDARD"/>
    <property name="sun.os.patch.level" value="unknown"/>
    <property name="java.vm.specification.name" value="Java Virtual Machine Specification"/>
    <property name="user.dir" value="/home/suvarna/Vinay/Sept-2021/owlapi-fdd5f42698649b85c5d1d83c4c0ca9ef304c90a1"/>
    <property name="java.runtime.version" value="1.8.0_292-8u292-b10-0ubuntu1~16.04.1-b10"/>
    <property name="java.awt.graphicsenv" value="sun.awt.X11GraphicsEnvironment"/>
    <property name="java.endorsed.dirs" value="/usr/lib/jvm/java-8-openjdk-amd64/jre/lib/endorsed"/>
    <property name="os.arch" value="amd64"/>
    <property name="java.io.tmpdir" value="/tmp"/>
    <property name="line.separator" value="&#10;"/>
    <property name="java.vm.specification.vendor" value="Oracle Corporation"/>
    <property name="os.name" value="Linux"/>
    <property name="classworlds.conf" value="/home/suvarna/maven/apache-maven-3.6.3/bin/m2.conf"/>
    <property name="sun.jnu.encoding" value="UTF-8"/>
    <property name="java.library.path" value="/usr/java/packages/lib/amd64:/usr/lib/x86_64-linux-gnu/jni:/lib/x86_64-linux-gnu:/usr/lib/x86_64-linux-gnu:/usr/lib/jni:/lib:/usr/lib"/>
    <property name="maven.conf" value="/home/suvarna/maven/apache-maven-3.6.3/conf"/>
    <property name="java.specification.name" value="Java Platform API Specification"/>
    <property name="java.class.version" value="52.0"/>
    <property name="sun.management.compiler" value="HotSpot 64-Bit Tiered Compilers"/>
    <property name="os.version" value="4.15.0-142-generic"/>
    <property name="library.jansi.path" value="/home/suvarna/maven/apache-maven-3.6.3/lib/jansi-native"/>
    <property name="user.home" value="/home/suvarna"/>
    <property name="user.timezone" value="Asia/Kolkata"/>
    <property name="java.awt.printerjob" value="sun.print.PSPrinterJob"/>
    <property name="java.specification.version" value="1.8"/>
    <property name="file.encoding" value="UTF-8"/>
    <property name="user.name" value="suvarna"/>
    <property name="java.class.path" value="/home/suvarna/maven/apache-maven-3.6.3/boot/plexus-classworlds-2.6.0.jar"/>
    <property name="java.vm.specification.version" value="1.8"/>
    <property name="sun.arch.data.model" value="64"/>
    <property name="java.home" value="/usr/lib/jvm/java-8-openjdk-amd64/jre"/>
    <property name="sun.java.command" value="org.codehaus.plexus.classworlds.launcher.Launcher test"/>
    <property name="java.specification.vendor" value="Oracle Corporation"/>
    <property name="user.language" value="en"/>
    <property name="awt.toolkit" value="sun.awt.X11.XToolkit"/>
    <property name="java.vm.info" value="mixed mode"/>
    <property name="java.version" value="1.8.0_292"/>
    <property name="java.ext.dirs" value="/usr/lib/jvm/java-8-openjdk-amd64/jre/lib/ext:/usr/java/packages/lib/ext"/>
    <property name="securerandom.source" value="file:/dev/./urandom"/>
    <property name="sun.boot.class.path" value="/usr/lib/jvm/java-8-openjdk-amd64/jre/lib/resources.jar:/usr/lib/jvm/java-8-openjdk-amd64/jre/lib/rt.jar:/usr/lib/jvm/java-8-openjdk-amd64/jre/lib/sunrsasign.jar:/usr/lib/jvm/java-8-openjdk-amd64/jre/lib/jsse.jar:/usr/lib/jvm/java-8-openjdk-amd64/jre/lib/jce.jar:/usr/lib/jvm/java-8-openjdk-amd64/jre/lib/charsets.jar:/usr/lib/jvm/java-8-openjdk-amd64/jre/lib/jfr.jar:/usr/lib/jvm/java-8-openjdk-amd64/jre/classes"/>
    <property name="java.vendor" value="Private Build"/>
    <property name="maven.home" value="/home/suvarna/maven/apache-maven-3.6.3"/>
    <property name="file.separator" value="/"/>
    <property name="java.vendor.url.bug" value="http://bugreport.sun.com/bugreport/"/>
    <property name="sun.cpu.endian" value="little"/>
    <property name="sun.io.unicode.encoding" value="UnicodeLittle"/>
    <property name="sun.desktop" value="gnome"/>
    <property name="sun.cpu.isalist" value=""/>
  </properties>
  <testcase name="getPrefixedName_shouldStartWithXSDPrefixName[0]" classname="org.semanticweb.owlapi.model.XSDVocabularyTestCase" time="0"/>
  <testcase name="getIRI_shouldReturnAnIRIThatStartsWithXSDPrefix[0]" classname="org.semanticweb.owlapi.model.XSDVocabularyTestCase" time="0"/>
  <testcase name="getPrefixedName_shouldStartWithXSDPrefixName[1]" classname="org.semanticweb.owlapi.model.XSDVocabularyTestCase" time="0"/>
  <testcase name="getIRI_shouldReturnAnIRIThatStartsWithXSDPrefix[1]" classname="org.semanticweb.owlapi.model.XSDVocabularyTestCase" time="0"/>
  <testcase name="getPrefixedName_shouldStartWithXSDPrefixName[2]" classname="org.semanticweb.owlapi.model.XSDVocabularyTestCase" time="0"/>
  <testcase name="getIRI_shouldReturnAnIRIThatStartsWithXSDPrefix[2]" classname="org.semanticweb.owlapi.model.XSDVocabularyTestCase" time="0"/>
  <testcase name="getPrefixedName_shouldStartWithXSDPrefixName[3]" classname="org.semanticweb.owlapi.model.XSDVocabularyTestCase" time="0"/>
  <testcase name="getIRI_shouldReturnAnIRIThatStartsWithXSDPrefix[3]" classname="org.semanticweb.owlapi.model.XSDVocabularyTestCase" time="0"/>
  <testcase name="getPrefixedName_shouldStartWithXSDPrefixName[4]" classname="org.semanticweb.owlapi.model.XSDVocabularyTestCase" time="0"/>
  <testcase name="getIRI_shouldReturnAnIRIThatStartsWithXSDPrefix[4]" classname="org.semanticweb.owlapi.model.XSDVocabularyTestCase" time="0"/>
  <testcase name="getPrefixedName_shouldStartWithXSDPrefixName[5]" classname="org.semanticweb.owlapi.model.XSDVocabularyTestCase" time="0"/>
  <testcase name="getIRI_shouldReturnAnIRIThatStartsWithXSDPrefix[5]" classname="org.semanticweb.owlapi.model.XSDVocabularyTestCase" time="0.001"/>
  <testcase name="getPrefixedName_shouldStartWithXSDPrefixName[6]" classname="org.semanticweb.owlapi.model.XSDVocabularyTestCase" time="0"/>
  <testcase name="getIRI_shouldReturnAnIRIThatStartsWithXSDPrefix[6]" classname="org.semanticweb.owlapi.model.XSDVocabularyTestCase" time="0"/>
  <testcase name="getPrefixedName_shouldStartWithXSDPrefixName[7]" classname="org.semanticweb.owlapi.model.XSDVocabularyTestCase" time="0"/>
  <testcase name="getIRI_shouldReturnAnIRIThatStartsWithXSDPrefix[7]" classname="org.semanticweb.owlapi.model.XSDVocabularyTestCase" time="0"/>
  <testcase name="getPrefixedName_shouldStartWithXSDPrefixName[8]" classname="org.semanticweb.owlapi.model.XSDVocabularyTestCase" time="0"/>
  <testcase name="getIRI_shouldReturnAnIRIThatStartsWithXSDPrefix[8]" classname="org.semanticweb.owlapi.model.XSDVocabularyTestCase" time="0"/>
  <testcase name="getPrefixedName_shouldStartWithXSDPrefixName[9]" classname="org.semanticweb.owlapi.model.XSDVocabularyTestCase" time="0"/>
  <testcase name="getIRI_shouldReturnAnIRIThatStartsWithXSDPrefix[9]" classname="org.semanticweb.owlapi.model.XSDVocabularyTestCase" time="0"/>
  <testcase name="getPrefixedName_shouldStartWithXSDPrefixName[10]" classname="org.semanticweb.owlapi.model.XSDVocabularyTestCase" time="0"/>
  <testcase name="getIRI_shouldReturnAnIRIThatStartsWithXSDPrefix[10]" classname="org.semanticweb.owlapi.model.XSDVocabularyTestCase" time="0"/>
  <testcase name="getPrefixedName_shouldStartWithXSDPrefixName[11]" classname="org.semanticweb.owlapi.model.XSDVocabularyTestCase" time="0"/>
  <testcase name="getIRI_shouldReturnAnIRIThatStartsWithXSDPrefix[11]" classname="org.semanticweb.owlapi.model.XSDVocabularyTestCase" time="0"/>
  <testcase name="getPrefixedName_shouldStartWithXSDPrefixName[12]" classname="org.semanticweb.owlapi.model.XSDVocabularyTestCase" time="0"/>
  <testcase name="getIRI_shouldReturnAnIRIThatStartsWithXSDPrefix[12]" classname="org.semanticweb.owlapi.model.XSDVocabularyTestCase" time="0"/>
  <testcase name="getPrefixedName_shouldStartWithXSDPrefixName[13]" classname="org.semanticweb.owlapi.model.XSDVocabularyTestCase" time="0"/>
  <testcase name="getIRI_shouldReturnAnIRIThatStartsWithXSDPrefix[13]" classname="org.semanticweb.owlapi.model.XSDVocabularyTestCase" time="0"/>
  <testcase name="getPrefixedName_shouldStartWithXSDPrefixName[14]" classname="org.semanticweb.owlapi.model.XSDVocabularyTestCase" time="0"/>
  <testcase name="getIRI_shouldReturnAnIRIThatStartsWithXSDPrefix[14]" classname="org.semanticweb.owlapi.model.XSDVocabularyTestCase" time="0"/>
  <testcase name="getPrefixedName_shouldStartWithXSDPrefixName[15]" classname="org.semanticweb.owlapi.model.XSDVocabularyTestCase" time="0"/>
  <testcase name="getIRI_shouldReturnAnIRIThatStartsWithXSDPrefix[15]" classname="org.semanticweb.owlapi.model.XSDVocabularyTestCase" time="0"/>
  <testcase name="getPrefixedName_shouldStartWithXSDPrefixName[16]" classname="org.semanticweb.owlapi.model.XSDVocabularyTestCase" time="0"/>
  <testcase name="getIRI_shouldReturnAnIRIThatStartsWithXSDPrefix[16]" classname="org.semanticweb.owlapi.model.XSDVocabularyTestCase" time="0"/>
  <testcase name="getPrefixedName_shouldStartWithXSDPrefixName[17]" classname="org.semanticweb.owlapi.model.XSDVocabularyTestCase" time="0"/>
  <testcase name="getIRI_shouldReturnAnIRIThatStartsWithXSDPrefix[17]" classname="org.semanticweb.owlapi.model.XSDVocabularyTestCase" time="0"/>
  <testcase name="getPrefixedName_shouldStartWithXSDPrefixName[18]" classname="org.semanticweb.owlapi.model.XSDVocabularyTestCase" time="0.001"/>
  <testcase name="getIRI_shouldReturnAnIRIThatStartsWithXSDPrefix[18]" classname="org.semanticweb.owlapi.model.XSDVocabularyTestCase" time="0"/>
  <testcase name="getPrefixedName_shouldStartWithXSDPrefixName[19]" classname="org.semanticweb.owlapi.model.XSDVocabularyTestCase" time="0"/>
  <testcase name="getIRI_shouldReturnAnIRIThatStartsWithXSDPrefix[19]" classname="org.semanticweb.owlapi.model.XSDVocabularyTestCase" time="0"/>
  <testcase name="getPrefixedName_shouldStartWithXSDPrefixName[20]" classname="org.semanticweb.owlapi.model.XSDVocabularyTestCase" time="0"/>
  <testcase name="getIRI_shouldReturnAnIRIThatStartsWithXSDPrefix[20]" classname="org.semanticweb.owlapi.model.XSDVocabularyTestCase" time="0.001"/>
  <testcase name="getPrefixedName_shouldStartWithXSDPrefixName[21]" classname="org.semanticweb.owlapi.model.XSDVocabularyTestCase" time="0"/>
  <testcase name="getIRI_shouldReturnAnIRIThatStartsWithXSDPrefix[21]" classname="org.semanticweb.owlapi.model.XSDVocabularyTestCase" time="0"/>
  <testcase name="getPrefixedName_shouldStartWithXSDPrefixName[22]" classname="org.semanticweb.owlapi.model.XSDVocabularyTestCase" time="0"/>
  <testcase name="getIRI_shouldReturnAnIRIThatStartsWithXSDPrefix[22]" classname="org.semanticweb.owlapi.model.XSDVocabularyTestCase" time="0"/>
  <testcase name="getPrefixedName_shouldStartWithXSDPrefixName[23]" classname="org.semanticweb.owlapi.model.XSDVocabularyTestCase" time="0.001"/>
  <testcase name="getIRI_shouldReturnAnIRIThatStartsWithXSDPrefix[23]" classname="org.semanticweb.owlapi.model.XSDVocabularyTestCase" time="0"/>
  <testcase name="getPrefixedName_shouldStartWithXSDPrefixName[24]" classname="org.semanticweb.owlapi.model.XSDVocabularyTestCase" time="0"/>
  <testcase name="getIRI_shouldReturnAnIRIThatStartsWithXSDPrefix[24]" classname="org.semanticweb.owlapi.model.XSDVocabularyTestCase" time="0"/>
  <testcase name="getPrefixedName_shouldStartWithXSDPrefixName[25]" classname="org.semanticweb.owlapi.model.XSDVocabularyTestCase" time="0"/>
  <testcase name="getIRI_shouldReturnAnIRIThatStartsWithXSDPrefix[25]" classname="org.semanticweb.owlapi.model.XSDVocabularyTestCase" time="0"/>
  <testcase name="getPrefixedName_shouldStartWithXSDPrefixName[26]" classname="org.semanticweb.owlapi.model.XSDVocabularyTestCase" time="0"/>
  <testcase name="getIRI_shouldReturnAnIRIThatStartsWithXSDPrefix[26]" classname="org.semanticweb.owlapi.model.XSDVocabularyTestCase" time="0"/>
  <testcase name="getPrefixedName_shouldStartWithXSDPrefixName[27]" classname="org.semanticweb.owlapi.model.XSDVocabularyTestCase" time="0"/>
  <testcase name="getIRI_shouldReturnAnIRIThatStartsWithXSDPrefix[27]" classname="org.semanticweb.owlapi.model.XSDVocabularyTestCase" time="0"/>
  <testcase name="getPrefixedName_shouldStartWithXSDPrefixName[28]" classname="org.semanticweb.owlapi.model.XSDVocabularyTestCase" time="0"/>
  <testcase name="getIRI_shouldReturnAnIRIThatStartsWithXSDPrefix[28]" classname="org.semanticweb.owlapi.model.XSDVocabularyTestCase" time="0"/>
  <testcase name="getPrefixedName_shouldStartWithXSDPrefixName[29]" classname="org.semanticweb.owlapi.model.XSDVocabularyTestCase" time="0"/>
  <testcase name="getIRI_shouldReturnAnIRIThatStartsWithXSDPrefix[29]" classname="org.semanticweb.owlapi.model.XSDVocabularyTestCase" time="0"/>
  <testcase name="getPrefixedName_shouldStartWithXSDPrefixName[30]" classname="org.semanticweb.owlapi.model.XSDVocabularyTestCase" time="0"/>
  <testcase name="getIRI_shouldReturnAnIRIThatStartsWithXSDPrefix[30]" classname="org.semanticweb.owlapi.model.XSDVocabularyTestCase" time="0"/>
  <testcase name="getPrefixedName_shouldStartWithXSDPrefixName[31]" classname="org.semanticweb.owlapi.model.XSDVocabularyTestCase" time="0"/>
  <testcase name="getIRI_shouldReturnAnIRIThatStartsWithXSDPrefix[31]" classname="org.semanticweb.owlapi.model.XSDVocabularyTestCase" time="0"/>
  <testcase name="getPrefixedName_shouldStartWithXSDPrefixName[32]" classname="org.semanticweb.owlapi.model.XSDVocabularyTestCase" time="0"/>
  <testcase name="getIRI_shouldReturnAnIRIThatStartsWithXSDPrefix[32]" classname="org.semanticweb.owlapi.model.XSDVocabularyTestCase" time="0"/>
  <testcase name="getPrefixedName_shouldStartWithXSDPrefixName[33]" classname="org.semanticweb.owlapi.model.XSDVocabularyTestCase" time="0"/>
  <testcase name="getIRI_shouldReturnAnIRIThatStartsWithXSDPrefix[33]" classname="org.semanticweb.owlapi.model.XSDVocabularyTestCase" time="0"/>
  <testcase name="getPrefixedName_shouldStartWithXSDPrefixName[34]" classname="org.semanticweb.owlapi.model.XSDVocabularyTestCase" time="0"/>
  <testcase name="getIRI_shouldReturnAnIRIThatStartsWithXSDPrefix[34]" classname="org.semanticweb.owlapi.model.XSDVocabularyTestCase" time="0"/>
  <testcase name="getPrefixedName_shouldStartWithXSDPrefixName[35]" classname="org.semanticweb.owlapi.model.XSDVocabularyTestCase" time="0"/>
  <testcase name="getIRI_shouldReturnAnIRIThatStartsWithXSDPrefix[35]" classname="org.semanticweb.owlapi.model.XSDVocabularyTestCase" time="0"/>
  <testcase name="getPrefixedName_shouldStartWithXSDPrefixName[36]" classname="org.semanticweb.owlapi.model.XSDVocabularyTestCase" time="0"/>
  <testcase name="getIRI_shouldReturnAnIRIThatStartsWithXSDPrefix[36]" classname="org.semanticweb.owlapi.model.XSDVocabularyTestCase" time="0"/>
  <testcase name="getPrefixedName_shouldStartWithXSDPrefixName[37]" classname="org.semanticweb.owlapi.model.XSDVocabularyTestCase" time="0"/>
  <testcase name="getIRI_shouldReturnAnIRIThatStartsWithXSDPrefix[37]" classname="org.semanticweb.owlapi.model.XSDVocabularyTestCase" time="0"/>
  <testcase name="getPrefixedName_shouldStartWithXSDPrefixName[38]" classname="org.semanticweb.owlapi.model.XSDVocabularyTestCase" time="0.001"/>
  <testcase name="getIRI_shouldReturnAnIRIThatStartsWithXSDPrefix[38]" classname="org.semanticweb.owlapi.model.XSDVocabularyTestCase" time="0"/>
  <testcase name="getPrefixedName_shouldStartWithXSDPrefixName[39]" classname="org.semanticweb.owlapi.model.XSDVocabularyTestCase" time="0"/>
  <testcase name="getIRI_shouldReturnAnIRIThatStartsWithXSDPrefix[39]" classname="org.semanticweb.owlapi.model.XSDVocabularyTestCase" time="0"/>
  <testcase name="getPrefixedName_shouldStartWithXSDPrefixName[40]" classname="org.semanticweb.owlapi.model.XSDVocabularyTestCase" time="0"/>
  <testcase name="getIRI_shouldReturnAnIRIThatStartsWithXSDPrefix[40]" classname="org.semanticweb.owlapi.model.XSDVocabularyTestCase" time="0"/>
  <testcase name="getPrefixedName_shouldStartWithXSDPrefixName[41]" classname="org.semanticweb.owlapi.model.XSDVocabularyTestCase" time="0"/>
  <testcase name="getIRI_shouldReturnAnIRIThatStartsWithXSDPrefix[41]" classname="org.semanticweb.owlapi.model.XSDVocabularyTestCase" time="0"/>
  <testcase name="getPrefixedName_shouldStartWithXSDPrefixName[42]" classname="org.semanticweb.owlapi.model.XSDVocabularyTestCase" time="0.004"/>
  <testcase name="getIRI_shouldReturnAnIRIThatStartsWithXSDPrefix[42]" classname="org.semanticweb.owlapi.model.XSDVocabularyTestCase" time="0"/>
  <testcase name="getPrefixedName_shouldStartWithXSDPrefixName[43]" classname="org.semanticweb.owlapi.model.XSDVocabularyTestCase" time="0"/>
  <testcase name="getIRI_shouldReturnAnIRIThatStartsWithXSDPrefix[43]" classname="org.semanticweb.owlapi.model.XSDVocabularyTestCase" time="0"/>
  <testcase name="getPrefixedName_shouldStartWithXSDPrefixName[44]" classname="org.semanticweb.owlapi.model.XSDVocabularyTestCase" time="0.001"/>
  <testcase name="getIRI_shouldReturnAnIRIThatStartsWithXSDPrefix[44]" classname="org.semanticweb.owlapi.model.XSDVocabularyTestCase" time="0.001"/>
  <testcase name="getPrefixedName_shouldStartWithXSDPrefixName[45]" classname="org.semanticweb.owlapi.model.XSDVocabularyTestCase" time="0"/>
  <testcase name="getIRI_shouldReturnAnIRIThatStartsWithXSDPrefix[45]" classname="org.semanticweb.owlapi.model.XSDVocabularyTestCase" time="0"/>
</testsuite>