<?xml version="1.0" encoding="UTF-8"?>
<testsuite name="uk.ac.manchester.cs.owl.owlapi.concurrent.OWLOntologyManager_Concurrent_TestCase" time="1.5" tests="86" errors="0" skipped="0" failures="0">
  <properties>
    <property name="java.runtime.name" value="OpenJDK Runtime Environment"/>
    <property name="sun.boot.library.path" value="/usr/lib/jvm/java-8-openjdk-amd64/jre/lib/amd64"/>
    <property name="java.vm.version" value="25.292-b10"/>
    <property name="java.vm.vendor" value="Private Build"/>
    <property name="maven.multiModuleProjectDirectory" value="/home/suvarna/Vinay/Sept-2021/owlapi-44b9a02fd653e38e47d189918c8c04d8f5afcef6"/>
    <property name="java.vendor.url" value="http://java.oracle.com/"/>
    <property name="path.separator" value=":"/>
    <property name="guice.disable.misplaced.annotation.check" value="true"/>
    <property name="java.vm.name" value="OpenJDK 64-Bit Server VM"/>
    <property name="file.encoding.pkg" value="sun.io"/>
    <property name="user.country" value="IN"/>
    <property name="sun.java.launcher" value="SUN_STANDARD"/>
    <property name="sun.os.patch.level" value="unknown"/>
    <property name="java.vm.specification.name" value="Java Virtual Machine Specification"/>
    <property name="user.dir" value="/home/suvarna/Vinay/Sept-2021/owlapi-44b9a02fd653e38e47d189918c8c04d8f5afcef6"/>
    <property name="java.runtime.version" value="1.8.0_292-8u292-b10-0ubuntu1~16.04.1-b10"/>
    <property name="java.awt.graphicsenv" value="sun.awt.X11GraphicsEnvironment"/>
    <property name="java.endorsed.dirs" value="/usr/lib/jvm/java-8-openjdk-amd64/jre/lib/endorsed"/>
    <property name="os.arch" value="amd64"/>
    <property name="java.io.tmpdir" value="/tmp"/>
    <property name="line.separator" value="&#10;"/>
    <property name="java.vm.specification.vendor" value="Oracle Corporation"/>
    <property name="os.name" value="Linux"/>
    <property name="classworlds.conf" value="/home/suvarna/maven/apache-maven-3.6.3/bin/m2.conf"/>
    <property name="sun.jnu.encoding" value="UTF-8"/>
    <property name="java.library.path" value="/usr/java/packages/lib/amd64:/usr/lib/x86_64-linux-gnu/jni:/lib/x86_64-linux-gnu:/usr/lib/x86_64-linux-gnu:/usr/lib/jni:/lib:/usr/lib"/>
    <property name="maven.conf" value="/home/suvarna/maven/apache-maven-3.6.3/conf"/>
    <property name="java.specification.name" value="Java Platform API Specification"/>
    <property name="java.class.version" value="52.0"/>
    <property name="sun.management.compiler" value="HotSpot 64-Bit Tiered Compilers"/>
    <property name="os.version" value="4.15.0-142-generic"/>
    <property name="library.jansi.path" value="/home/suvarna/maven/apache-maven-3.6.3/lib/jansi-native"/>
    <property name="user.home" value="/home/suvarna"/>
    <property name="user.timezone" value="Asia/Kolkata"/>
    <property name="java.awt.printerjob" value="sun.print.PSPrinterJob"/>
    <property name="java.specification.version" value="1.8"/>
    <property name="file.encoding" value="UTF-8"/>
    <property name="user.name" value="suvarna"/>
    <property name="java.class.path" value="/home/suvarna/maven/apache-maven-3.6.3/boot/plexus-classworlds-2.6.0.jar"/>
    <property name="java.vm.specification.version" value="1.8"/>
    <property name="sun.arch.data.model" value="64"/>
    <property name="java.home" value="/usr/lib/jvm/java-8-openjdk-amd64/jre"/>
    <property name="sun.java.command" value="org.codehaus.plexus.classworlds.launcher.Launcher test"/>
    <property name="java.specification.vendor" value="Oracle Corporation"/>
    <property name="user.language" value="en"/>
    <property name="awt.toolkit" value="sun.awt.X11.XToolkit"/>
    <property name="java.vm.info" value="mixed mode"/>
    <property name="java.version" value="1.8.0_292"/>
    <property name="java.ext.dirs" value="/usr/lib/jvm/java-8-openjdk-amd64/jre/lib/ext:/usr/java/packages/lib/ext"/>
    <property name="securerandom.source" value="file:/dev/./urandom"/>
    <property name="sun.boot.class.path" value="/usr/lib/jvm/java-8-openjdk-amd64/jre/lib/resources.jar:/usr/lib/jvm/java-8-openjdk-amd64/jre/lib/rt.jar:/usr/lib/jvm/java-8-openjdk-amd64/jre/lib/sunrsasign.jar:/usr/lib/jvm/java-8-openjdk-amd64/jre/lib/jsse.jar:/usr/lib/jvm/java-8-openjdk-amd64/jre/lib/jce.jar:/usr/lib/jvm/java-8-openjdk-amd64/jre/lib/charsets.jar:/usr/lib/jvm/java-8-openjdk-amd64/jre/lib/jfr.jar:/usr/lib/jvm/java-8-openjdk-amd64/jre/classes"/>
    <property name="java.vendor" value="Private Build"/>
    <property name="maven.home" value="/home/suvarna/maven/apache-maven-3.6.3"/>
    <property name="file.separator" value="/"/>
    <property name="java.vendor.url.bug" value="http://bugreport.sun.com/bugreport/"/>
    <property name="sun.cpu.endian" value="little"/>
    <property name="sun.io.unicode.encoding" value="UnicodeLittle"/>
    <property name="sun.desktop" value="gnome"/>
    <property name="sun.cpu.isalist" value=""/>
  </properties>
  <testcase name="shouldCall_addAxioms_with_writeLock" classname="uk.ac.manchester.cs.owl.owlapi.concurrent.OWLOntologyManager_Concurrent_TestCase" time="0.877"/>
  <testcase name="shouldCall_removeIRIMapper_with_writeLock" classname="uk.ac.manchester.cs.owl.owlapi.concurrent.OWLOntologyManager_Concurrent_TestCase" time="0.011"/>
  <testcase name="shouldCall_addOntologyChangeListener_with_writeLock" classname="uk.ac.manchester.cs.owl.owlapi.concurrent.OWLOntologyManager_Concurrent_TestCase" time="0.017"/>
  <testcase name="shouldCall_loadOntology_with_writeLock" classname="uk.ac.manchester.cs.owl.owlapi.concurrent.OWLOntologyManager_Concurrent_TestCase" time="0.044"/>
  <testcase name="shouldCall_applyChanges_with_writeLock" classname="uk.ac.manchester.cs.owl.owlapi.concurrent.OWLOntologyManager_Concurrent_TestCase" time="0.015"/>
  <testcase name="shouldCall_createOntology_with_writeLock" classname="uk.ac.manchester.cs.owl.owlapi.concurrent.OWLOntologyManager_Concurrent_TestCase" time="0.017"/>
  <testcase name="shouldCall_removeAxiom_with_writeLock" classname="uk.ac.manchester.cs.owl.owlapi.concurrent.OWLOntologyManager_Concurrent_TestCase" time="0.015"/>
  <testcase name="shouldCall_getOntologyFormat_with_readLock" classname="uk.ac.manchester.cs.owl.owlapi.concurrent.OWLOntologyManager_Concurrent_TestCase" time="0.01"/>
  <testcase name="shouldCall_getOntologyIDsByVersion_with_readLock" classname="uk.ac.manchester.cs.owl.owlapi.concurrent.OWLOntologyManager_Concurrent_TestCase" time="0.011"/>
  <testcase name="shouldCall_addOntologyStorer_with_writeLock" classname="uk.ac.manchester.cs.owl.owlapi.concurrent.OWLOntologyManager_Concurrent_TestCase" time="0.002"/>
  <testcase name="shouldCall_getOntologies_with_readLock_2" classname="uk.ac.manchester.cs.owl.owlapi.concurrent.OWLOntologyManager_Concurrent_TestCase" time="0.002"/>
  <testcase name="shouldCall_removeOntologyChangeListener_with_writeLock" classname="uk.ac.manchester.cs.owl.owlapi.concurrent.OWLOntologyManager_Concurrent_TestCase" time="0.017"/>
  <testcase name="shouldCall_addOntologyChangeProgessListener_with_writeLock" classname="uk.ac.manchester.cs.owl.owlapi.concurrent.OWLOntologyManager_Concurrent_TestCase" time="0.011"/>
  <testcase name="shouldCall_createOntology_with_writeLock_2" classname="uk.ac.manchester.cs.owl.owlapi.concurrent.OWLOntologyManager_Concurrent_TestCase" time="0.002"/>
  <testcase name="shouldCall_createOntology_with_writeLock_3" classname="uk.ac.manchester.cs.owl.owlapi.concurrent.OWLOntologyManager_Concurrent_TestCase" time="0.008"/>
  <testcase name="shouldCall_createOntology_with_writeLock_4" classname="uk.ac.manchester.cs.owl.owlapi.concurrent.OWLOntologyManager_Concurrent_TestCase" time="0.004"/>
  <testcase name="shouldCall_createOntology_with_writeLock_5" classname="uk.ac.manchester.cs.owl.owlapi.concurrent.OWLOntologyManager_Concurrent_TestCase" time="0.003"/>
  <testcase name="shouldCall_createOntology_with_writeLock_6" classname="uk.ac.manchester.cs.owl.owlapi.concurrent.OWLOntologyManager_Concurrent_TestCase" time="0.015"/>
  <testcase name="shouldCall_createOntology_with_writeLock_7" classname="uk.ac.manchester.cs.owl.owlapi.concurrent.OWLOntologyManager_Concurrent_TestCase" time="0.007"/>
  <testcase name="shouldCall_getOntology_with_readLock" classname="uk.ac.manchester.cs.owl.owlapi.concurrent.OWLOntologyManager_Concurrent_TestCase" time="0.005"/>
  <testcase name="shouldCall_removeOntology_with_writeLock" classname="uk.ac.manchester.cs.owl.owlapi.concurrent.OWLOntologyManager_Concurrent_TestCase" time="0.013"/>
  <testcase name="shouldCall_removeOntologyChangeProgessListener_with_writeLock" classname="uk.ac.manchester.cs.owl.owlapi.concurrent.OWLOntologyManager_Concurrent_TestCase" time="0.004"/>
  <testcase name="shouldCall_setIRIMappers_with_writeLock" classname="uk.ac.manchester.cs.owl.owlapi.concurrent.OWLOntologyManager_Concurrent_TestCase" time="0.003"/>
  <testcase name="shouldCall_getOntologyDocumentIRI_with_readLock" classname="uk.ac.manchester.cs.owl.owlapi.concurrent.OWLOntologyManager_Concurrent_TestCase" time="0.007"/>
  <testcase name="shouldCall_setOntologyLoaderConfigurationProvider_with_writeLock" classname="uk.ac.manchester.cs.owl.owlapi.concurrent.OWLOntologyManager_Concurrent_TestCase" time="0.007"/>
  <testcase name="shouldRemoveIRIMapper_with_writeLock" classname="uk.ac.manchester.cs.owl.owlapi.concurrent.OWLOntologyManager_Concurrent_TestCase" time="0.003"/>
  <testcase name="shouldCall_removeOntology_with_writeLock_2" classname="uk.ac.manchester.cs.owl.owlapi.concurrent.OWLOntologyManager_Concurrent_TestCase" time="0.006"/>
  <testcase name="shouldCall_getSortedImportsClosure_with_readLock" classname="uk.ac.manchester.cs.owl.owlapi.concurrent.OWLOntologyManager_Concurrent_TestCase" time="0.015"/>
  <testcase name="shouldAddOntologyParser_with_writeLock" classname="uk.ac.manchester.cs.owl.owlapi.concurrent.OWLOntologyManager_Concurrent_TestCase" time="0.015"/>
  <testcase name="shouldCall_addOntologyChangesVetoedListener_with_writeLock" classname="uk.ac.manchester.cs.owl.owlapi.concurrent.OWLOntologyManager_Concurrent_TestCase" time="0.005"/>
  <testcase name="shouldCall_saveOntology_with_writeLock" classname="uk.ac.manchester.cs.owl.owlapi.concurrent.OWLOntologyManager_Concurrent_TestCase" time="0.006"/>
  <testcase name="shouldCall_removeOntologyChangesVetoedListener_with_writeLock" classname="uk.ac.manchester.cs.owl.owlapi.concurrent.OWLOntologyManager_Concurrent_TestCase" time="0.001"/>
  <testcase name="shouldAddIRIMapper_with_writeLock" classname="uk.ac.manchester.cs.owl.owlapi.concurrent.OWLOntologyManager_Concurrent_TestCase" time="0.001"/>
  <testcase name="shouldCall_setDefaultChangeBroadcastStrategy_with_writeLock" classname="uk.ac.manchester.cs.owl.owlapi.concurrent.OWLOntologyManager_Concurrent_TestCase" time="0.001"/>
  <testcase name="shouldCall_clearIRIMappers_with_writeLock" classname="uk.ac.manchester.cs.owl.owlapi.concurrent.OWLOntologyManager_Concurrent_TestCase" time="0.002"/>
  <testcase name="shouldCall_getImports_with_readLock" classname="uk.ac.manchester.cs.owl.owlapi.concurrent.OWLOntologyManager_Concurrent_TestCase" time="0.003"/>
  <testcase name="shouldCall_getIRIMappers_with_readLock" classname="uk.ac.manchester.cs.owl.owlapi.concurrent.OWLOntologyManager_Concurrent_TestCase" time="0.002"/>
  <testcase name="shouldCall_addMissingImportListener_with_writeLock" classname="uk.ac.manchester.cs.owl.owlapi.concurrent.OWLOntologyManager_Concurrent_TestCase" time="0.005"/>
  <testcase name="shouldCall_removeImpendingOntologyChangeListener_with_writeLock" classname="uk.ac.manchester.cs.owl.owlapi.concurrent.OWLOntologyManager_Concurrent_TestCase" time="0.02"/>
  <testcase name="shouldCall_getOntology_with_readLock_2" classname="uk.ac.manchester.cs.owl.owlapi.concurrent.OWLOntologyManager_Concurrent_TestCase" time="0.002"/>
  <testcase name="shouldCall_getImportedOntology_with_readLock" classname="uk.ac.manchester.cs.owl.owlapi.concurrent.OWLOntologyManager_Concurrent_TestCase" time="0.004"/>
  <testcase name="shouldCall_getOntologyLoaderConfiguration_with_readLock" classname="uk.ac.manchester.cs.owl.owlapi.concurrent.OWLOntologyManager_Concurrent_TestCase" time="0.003"/>
  <testcase name="shouldCall_addIRIMapper_with_writeLock" classname="uk.ac.manchester.cs.owl.owlapi.concurrent.OWLOntologyManager_Concurrent_TestCase" time="0.006"/>
  <testcase name="shouldCall_removeMissingImportListener_with_writeLock" classname="uk.ac.manchester.cs.owl.owlapi.concurrent.OWLOntologyManager_Concurrent_TestCase" time="0.004"/>
  <testcase name="shouldCall_setOntologyLoaderConfiguration_with_writeLock" classname="uk.ac.manchester.cs.owl.owlapi.concurrent.OWLOntologyManager_Concurrent_TestCase" time="0.015"/>
  <testcase name="shouldCall_makeLoadImportRequest_with_writeLock_2" classname="uk.ac.manchester.cs.owl.owlapi.concurrent.OWLOntologyManager_Concurrent_TestCase" time="0.011"/>
  <testcase name="shouldCall_loadOntologyFromOntologyDocument_with_writeLock_2" classname="uk.ac.manchester.cs.owl.owlapi.concurrent.OWLOntologyManager_Concurrent_TestCase" time="0.026"/>
  <testcase name="shouldCall_loadOntologyFromOntologyDocument_with_writeLock_3" classname="uk.ac.manchester.cs.owl.owlapi.concurrent.OWLOntologyManager_Concurrent_TestCase" time="0.025"/>
  <testcase name="shouldCall_loadOntologyFromOntologyDocument_with_writeLock_4" classname="uk.ac.manchester.cs.owl.owlapi.concurrent.OWLOntologyManager_Concurrent_TestCase" time="0.003"/>
  <testcase name="shouldCall_loadOntologyFromOntologyDocument_with_writeLock_5" classname="uk.ac.manchester.cs.owl.owlapi.concurrent.OWLOntologyManager_Concurrent_TestCase" time="0.002"/>
  <testcase name="shouldCall_getOntologyParsers_with_readLock" classname="uk.ac.manchester.cs.owl.owlapi.concurrent.OWLOntologyManager_Concurrent_TestCase" time="0.001"/>
  <testcase name="shouldCall_getVersions_with_readLock" classname="uk.ac.manchester.cs.owl.owlapi.concurrent.OWLOntologyManager_Concurrent_TestCase" time="0.012"/>
  <testcase name="shouldCall_getImportsClosure_with_readLock" classname="uk.ac.manchester.cs.owl.owlapi.concurrent.OWLOntologyManager_Concurrent_TestCase" time="0.003"/>
  <testcase name="shouldCall_clearOntologyStorers_with_writeLock" classname="uk.ac.manchester.cs.owl.owlapi.concurrent.OWLOntologyManager_Concurrent_TestCase" time="0.002"/>
  <testcase name="shouldCall_makeLoadImportRequest_with_writeLock" classname="uk.ac.manchester.cs.owl.owlapi.concurrent.OWLOntologyManager_Concurrent_TestCase" time="0.021"/>
  <testcase name="shouldCall_setOntologyFactories_with_writeLock" classname="uk.ac.manchester.cs.owl.owlapi.concurrent.OWLOntologyManager_Concurrent_TestCase" time="0.002"/>
  <testcase name="shouldCall_getDirectImports_with_readLock" classname="uk.ac.manchester.cs.owl.owlapi.concurrent.OWLOntologyManager_Concurrent_TestCase" time="0.002"/>
  <testcase name="shouldCall_saveOntology_with_readLock_2" classname="uk.ac.manchester.cs.owl.owlapi.concurrent.OWLOntologyManager_Concurrent_TestCase" time="0.007"/>
  <testcase name="shouldCall_saveOntology_with_readLock_3" classname="uk.ac.manchester.cs.owl.owlapi.concurrent.OWLOntologyManager_Concurrent_TestCase" time="0.004"/>
  <testcase name="shouldCall_saveOntology_with_readLock_4" classname="uk.ac.manchester.cs.owl.owlapi.concurrent.OWLOntologyManager_Concurrent_TestCase" time="0.003"/>
  <testcase name="shouldCall_saveOntology_with_readLock_5" classname="uk.ac.manchester.cs.owl.owlapi.concurrent.OWLOntologyManager_Concurrent_TestCase" time="0.014"/>
  <testcase name="shouldCall_saveOntology_with_readLock_6" classname="uk.ac.manchester.cs.owl.owlapi.concurrent.OWLOntologyManager_Concurrent_TestCase" time="0.002"/>
  <testcase name="shouldCall_saveOntology_with_readLock_7" classname="uk.ac.manchester.cs.owl.owlapi.concurrent.OWLOntologyManager_Concurrent_TestCase" time="0.002"/>
  <testcase name="shouldCall_saveOntology_with_readLock_8" classname="uk.ac.manchester.cs.owl.owlapi.concurrent.OWLOntologyManager_Concurrent_TestCase" time="0.015"/>
  <testcase name="shouldCall_loadOntologyFromOntologyDocument_with_writeLock" classname="uk.ac.manchester.cs.owl.owlapi.concurrent.OWLOntologyManager_Concurrent_TestCase" time="0.006"/>
  <testcase name="shouldCall_getOntologyStorers_with_readLock" classname="uk.ac.manchester.cs.owl.owlapi.concurrent.OWLOntologyManager_Concurrent_TestCase" time="0.001"/>
  <testcase name="shouldCall_getOntologies_with_readLock" classname="uk.ac.manchester.cs.owl.owlapi.concurrent.OWLOntologyManager_Concurrent_TestCase" time="0.002"/>
  <testcase name="shouldCall_setOntologyFormat_with_writeLock" classname="uk.ac.manchester.cs.owl.owlapi.concurrent.OWLOntologyManager_Concurrent_TestCase" time="0.001"/>
  <testcase name="shouldCall_applyChange_with_writeLock" classname="uk.ac.manchester.cs.owl.owlapi.concurrent.OWLOntologyManager_Concurrent_TestCase" time="0.006"/>
  <testcase name="shouldCall_addOntologyLoaderListener_with_writeLock" classname="uk.ac.manchester.cs.owl.owlapi.concurrent.OWLOntologyManager_Concurrent_TestCase" time="0.004"/>
  <testcase name="shouldCall_removeAxioms_with_writeLock" classname="uk.ac.manchester.cs.owl.owlapi.concurrent.OWLOntologyManager_Concurrent_TestCase" time="0.01"/>
  <testcase name="shouldRemoveOntologyParser_with_writeLock" classname="uk.ac.manchester.cs.owl.owlapi.concurrent.OWLOntologyManager_Concurrent_TestCase" time="0.002"/>
  <testcase name="shouldCall_addOntologyChangeListener_with_writeLock_2" classname="uk.ac.manchester.cs.owl.owlapi.concurrent.OWLOntologyManager_Concurrent_TestCase" time="0.014"/>
  <testcase name="shouldCall_setOntologyStorers_with_writeLock" classname="uk.ac.manchester.cs.owl.owlapi.concurrent.OWLOntologyManager_Concurrent_TestCase" time="0.002"/>
  <testcase name="shouldCall_addImpendingOntologyChangeListener_with_writeLock" classname="uk.ac.manchester.cs.owl.owlapi.concurrent.OWLOntologyManager_Concurrent_TestCase" time="0.019"/>
  <testcase name="shouldCall_setOntologyParsers_with_writeLock" classname="uk.ac.manchester.cs.owl.owlapi.concurrent.OWLOntologyManager_Concurrent_TestCase" time="0.001"/>
  <testcase name="shouldCall_addAxiom_with_writeLock" classname="uk.ac.manchester.cs.owl.owlapi.concurrent.OWLOntologyManager_Concurrent_TestCase" time="0.002"/>
  <testcase name="shouldCall_removeOntologyStorer_with_writeLock" classname="uk.ac.manchester.cs.owl.owlapi.concurrent.OWLOntologyManager_Concurrent_TestCase" time="0.011"/>
  <testcase name="shouldCall_contains_with_readLock_2" classname="uk.ac.manchester.cs.owl.owlapi.concurrent.OWLOntologyManager_Concurrent_TestCase" time="0.002"/>
  <testcase name="shouldCall_contains_with_readLock_3" classname="uk.ac.manchester.cs.owl.owlapi.concurrent.OWLOntologyManager_Concurrent_TestCase" time="0.001"/>
  <testcase name="shouldCall_containsVersion_with_readLock" classname="uk.ac.manchester.cs.owl.owlapi.concurrent.OWLOntologyManager_Concurrent_TestCase" time="0.003"/>
  <testcase name="shouldCall_removeOntologyLoaderListener_with_writeLock" classname="uk.ac.manchester.cs.owl.owlapi.concurrent.OWLOntologyManager_Concurrent_TestCase" time="0.003"/>
  <testcase name="shouldCall_setOntologyDocumentIRI_with_writeLock" classname="uk.ac.manchester.cs.owl.owlapi.concurrent.OWLOntologyManager_Concurrent_TestCase" time="0.001"/>
  <testcase name="shouldCall_contains_with_readLock" classname="uk.ac.manchester.cs.owl.owlapi.concurrent.OWLOntologyManager_Concurrent_TestCase" time="0.001"/>
  <testcase name="shouldCall_contains_with_no_readLock_onAnonymous" classname="uk.ac.manchester.cs.owl.owlapi.concurrent.OWLOntologyManager_Concurrent_TestCase" time="0.001"/>
  <testcase name="shouldCall_getOntologyFactories_with_readLock" classname="uk.ac.manchester.cs.owl.owlapi.concurrent.OWLOntologyManager_Concurrent_TestCase" time="0.004"/>
</testsuite>