<?xml version="1.0" encoding="UTF-8"?>
<testsuite name="org.semanticweb.owlapi.model.SWRLBuiltInsVocabularyTestCase" time="0.01" tests="138" errors="0" skipped="0" failures="0">
  <properties>
    <property name="java.runtime.name" value="OpenJDK Runtime Environment"/>
    <property name="sun.boot.library.path" value="/usr/lib/jvm/java-8-openjdk-amd64/jre/lib/amd64"/>
    <property name="java.vm.version" value="25.292-b10"/>
    <property name="java.vm.vendor" value="Private Build"/>
    <property name="maven.multiModuleProjectDirectory" value="/home/suvarna/Vinay/Sept-2021/owlapi-b3e2e8fbf9d3d7445ba1a6b3312d0a60d74bac93"/>
    <property name="java.vendor.url" value="http://java.oracle.com/"/>
    <property name="path.separator" value=":"/>
    <property name="guice.disable.misplaced.annotation.check" value="true"/>
    <property name="java.vm.name" value="OpenJDK 64-Bit Server VM"/>
    <property name="file.encoding.pkg" value="sun.io"/>
    <property name="user.country" value="IN"/>
    <property name="sun.java.launcher" value="SUN_STANDARD"/>
    <property name="sun.os.patch.level" value="unknown"/>
    <property name="java.vm.specification.name" value="Java Virtual Machine Specification"/>
    <property name="user.dir" value="/home/suvarna/Vinay/Sept-2021/owlapi-b3e2e8fbf9d3d7445ba1a6b3312d0a60d74bac93"/>
    <property name="java.runtime.version" value="1.8.0_292-8u292-b10-0ubuntu1~16.04.1-b10"/>
    <property name="java.awt.graphicsenv" value="sun.awt.X11GraphicsEnvironment"/>
    <property name="java.endorsed.dirs" value="/usr/lib/jvm/java-8-openjdk-amd64/jre/lib/endorsed"/>
    <property name="os.arch" value="amd64"/>
    <property name="java.io.tmpdir" value="/tmp"/>
    <property name="line.separator" value="&#10;"/>
    <property name="java.vm.specification.vendor" value="Oracle Corporation"/>
    <property name="os.name" value="Linux"/>
    <property name="classworlds.conf" value="/home/suvarna/maven/apache-maven-3.6.3/bin/m2.conf"/>
    <property name="sun.jnu.encoding" value="UTF-8"/>
    <property name="java.library.path" value="/usr/java/packages/lib/amd64:/usr/lib/x86_64-linux-gnu/jni:/lib/x86_64-linux-gnu:/usr/lib/x86_64-linux-gnu:/usr/lib/jni:/lib:/usr/lib"/>
    <property name="maven.conf" value="/home/suvarna/maven/apache-maven-3.6.3/conf"/>
    <property name="java.specification.name" value="Java Platform API Specification"/>
    <property name="java.class.version" value="52.0"/>
    <property name="sun.management.compiler" value="HotSpot 64-Bit Tiered Compilers"/>
    <property name="os.version" value="4.15.0-142-generic"/>
    <property name="library.jansi.path" value="/home/suvarna/maven/apache-maven-3.6.3/lib/jansi-native"/>
    <property name="user.home" value="/home/suvarna"/>
    <property name="user.timezone" value="Asia/Kolkata"/>
    <property name="java.awt.printerjob" value="sun.print.PSPrinterJob"/>
    <property name="java.specification.version" value="1.8"/>
    <property name="file.encoding" value="UTF-8"/>
    <property name="user.name" value="suvarna"/>
    <property name="java.class.path" value="/home/suvarna/maven/apache-maven-3.6.3/boot/plexus-classworlds-2.6.0.jar"/>
    <property name="java.vm.specification.version" value="1.8"/>
    <property name="sun.arch.data.model" value="64"/>
    <property name="java.home" value="/usr/lib/jvm/java-8-openjdk-amd64/jre"/>
    <property name="sun.java.command" value="org.codehaus.plexus.classworlds.launcher.Launcher test"/>
    <property name="java.specification.vendor" value="Oracle Corporation"/>
    <property name="user.language" value="en"/>
    <property name="awt.toolkit" value="sun.awt.X11.XToolkit"/>
    <property name="java.vm.info" value="mixed mode"/>
    <property name="java.version" value="1.8.0_292"/>
    <property name="java.ext.dirs" value="/usr/lib/jvm/java-8-openjdk-amd64/jre/lib/ext:/usr/java/packages/lib/ext"/>
    <property name="securerandom.source" value="file:/dev/./urandom"/>
    <property name="sun.boot.class.path" value="/usr/lib/jvm/java-8-openjdk-amd64/jre/lib/resources.jar:/usr/lib/jvm/java-8-openjdk-amd64/jre/lib/rt.jar:/usr/lib/jvm/java-8-openjdk-amd64/jre/lib/sunrsasign.jar:/usr/lib/jvm/java-8-openjdk-amd64/jre/lib/jsse.jar:/usr/lib/jvm/java-8-openjdk-amd64/jre/lib/jce.jar:/usr/lib/jvm/java-8-openjdk-amd64/jre/lib/charsets.jar:/usr/lib/jvm/java-8-openjdk-amd64/jre/lib/jfr.jar:/usr/lib/jvm/java-8-openjdk-amd64/jre/classes"/>
    <property name="java.vendor" value="Private Build"/>
    <property name="maven.home" value="/home/suvarna/maven/apache-maven-3.6.3"/>
    <property name="file.separator" value="/"/>
    <property name="java.vendor.url.bug" value="http://bugreport.sun.com/bugreport/"/>
    <property name="sun.cpu.endian" value="little"/>
    <property name="sun.io.unicode.encoding" value="UnicodeLittle"/>
    <property name="sun.desktop" value="gnome"/>
    <property name="sun.cpu.isalist" value=""/>
  </properties>
  <testcase name="getIRI_shouldReturnAnIRIThatStartsWithSWRLBuiltInsPrefix[0]" classname="org.semanticweb.owlapi.model.SWRLBuiltInsVocabularyTestCase" time="0"/>
  <testcase name="getPrefixedName_shouldStartWithSWRLBuiltInsPrefixName[0]" classname="org.semanticweb.owlapi.model.SWRLBuiltInsVocabularyTestCase" time="0"/>
  <testcase name="getIRI_shouldReturnAnIRIThatStartsWithSWRLBuiltInsPrefix[1]" classname="org.semanticweb.owlapi.model.SWRLBuiltInsVocabularyTestCase" time="0"/>
  <testcase name="getPrefixedName_shouldStartWithSWRLBuiltInsPrefixName[1]" classname="org.semanticweb.owlapi.model.SWRLBuiltInsVocabularyTestCase" time="0"/>
  <testcase name="getIRI_shouldReturnAnIRIThatStartsWithSWRLBuiltInsPrefix[2]" classname="org.semanticweb.owlapi.model.SWRLBuiltInsVocabularyTestCase" time="0"/>
  <testcase name="getPrefixedName_shouldStartWithSWRLBuiltInsPrefixName[2]" classname="org.semanticweb.owlapi.model.SWRLBuiltInsVocabularyTestCase" time="0"/>
  <testcase name="getIRI_shouldReturnAnIRIThatStartsWithSWRLBuiltInsPrefix[3]" classname="org.semanticweb.owlapi.model.SWRLBuiltInsVocabularyTestCase" time="0"/>
  <testcase name="getPrefixedName_shouldStartWithSWRLBuiltInsPrefixName[3]" classname="org.semanticweb.owlapi.model.SWRLBuiltInsVocabularyTestCase" time="0"/>
  <testcase name="getIRI_shouldReturnAnIRIThatStartsWithSWRLBuiltInsPrefix[4]" classname="org.semanticweb.owlapi.model.SWRLBuiltInsVocabularyTestCase" time="0"/>
  <testcase name="getPrefixedName_shouldStartWithSWRLBuiltInsPrefixName[4]" classname="org.semanticweb.owlapi.model.SWRLBuiltInsVocabularyTestCase" time="0"/>
  <testcase name="getIRI_shouldReturnAnIRIThatStartsWithSWRLBuiltInsPrefix[5]" classname="org.semanticweb.owlapi.model.SWRLBuiltInsVocabularyTestCase" time="0"/>
  <testcase name="getPrefixedName_shouldStartWithSWRLBuiltInsPrefixName[5]" classname="org.semanticweb.owlapi.model.SWRLBuiltInsVocabularyTestCase" time="0"/>
  <testcase name="getIRI_shouldReturnAnIRIThatStartsWithSWRLBuiltInsPrefix[6]" classname="org.semanticweb.owlapi.model.SWRLBuiltInsVocabularyTestCase" time="0"/>
  <testcase name="getPrefixedName_shouldStartWithSWRLBuiltInsPrefixName[6]" classname="org.semanticweb.owlapi.model.SWRLBuiltInsVocabularyTestCase" time="0"/>
  <testcase name="getIRI_shouldReturnAnIRIThatStartsWithSWRLBuiltInsPrefix[7]" classname="org.semanticweb.owlapi.model.SWRLBuiltInsVocabularyTestCase" time="0"/>
  <testcase name="getPrefixedName_shouldStartWithSWRLBuiltInsPrefixName[7]" classname="org.semanticweb.owlapi.model.SWRLBuiltInsVocabularyTestCase" time="0"/>
  <testcase name="getIRI_shouldReturnAnIRIThatStartsWithSWRLBuiltInsPrefix[8]" classname="org.semanticweb.owlapi.model.SWRLBuiltInsVocabularyTestCase" time="0"/>
  <testcase name="getPrefixedName_shouldStartWithSWRLBuiltInsPrefixName[8]" classname="org.semanticweb.owlapi.model.SWRLBuiltInsVocabularyTestCase" time="0"/>
  <testcase name="getIRI_shouldReturnAnIRIThatStartsWithSWRLBuiltInsPrefix[9]" classname="org.semanticweb.owlapi.model.SWRLBuiltInsVocabularyTestCase" time="0"/>
  <testcase name="getPrefixedName_shouldStartWithSWRLBuiltInsPrefixName[9]" classname="org.semanticweb.owlapi.model.SWRLBuiltInsVocabularyTestCase" time="0"/>
  <testcase name="getIRI_shouldReturnAnIRIThatStartsWithSWRLBuiltInsPrefix[10]" classname="org.semanticweb.owlapi.model.SWRLBuiltInsVocabularyTestCase" time="0"/>
  <testcase name="getPrefixedName_shouldStartWithSWRLBuiltInsPrefixName[10]" classname="org.semanticweb.owlapi.model.SWRLBuiltInsVocabularyTestCase" time="0"/>
  <testcase name="getIRI_shouldReturnAnIRIThatStartsWithSWRLBuiltInsPrefix[11]" classname="org.semanticweb.owlapi.model.SWRLBuiltInsVocabularyTestCase" time="0"/>
  <testcase name="getPrefixedName_shouldStartWithSWRLBuiltInsPrefixName[11]" classname="org.semanticweb.owlapi.model.SWRLBuiltInsVocabularyTestCase" time="0"/>
  <testcase name="getIRI_shouldReturnAnIRIThatStartsWithSWRLBuiltInsPrefix[12]" classname="org.semanticweb.owlapi.model.SWRLBuiltInsVocabularyTestCase" time="0"/>
  <testcase name="getPrefixedName_shouldStartWithSWRLBuiltInsPrefixName[12]" classname="org.semanticweb.owlapi.model.SWRLBuiltInsVocabularyTestCase" time="0"/>
  <testcase name="getIRI_shouldReturnAnIRIThatStartsWithSWRLBuiltInsPrefix[13]" classname="org.semanticweb.owlapi.model.SWRLBuiltInsVocabularyTestCase" time="0"/>
  <testcase name="getPrefixedName_shouldStartWithSWRLBuiltInsPrefixName[13]" classname="org.semanticweb.owlapi.model.SWRLBuiltInsVocabularyTestCase" time="0"/>
  <testcase name="getIRI_shouldReturnAnIRIThatStartsWithSWRLBuiltInsPrefix[14]" classname="org.semanticweb.owlapi.model.SWRLBuiltInsVocabularyTestCase" time="0"/>
  <testcase name="getPrefixedName_shouldStartWithSWRLBuiltInsPrefixName[14]" classname="org.semanticweb.owlapi.model.SWRLBuiltInsVocabularyTestCase" time="0"/>
  <testcase name="getIRI_shouldReturnAnIRIThatStartsWithSWRLBuiltInsPrefix[15]" classname="org.semanticweb.owlapi.model.SWRLBuiltInsVocabularyTestCase" time="0"/>
  <testcase name="getPrefixedName_shouldStartWithSWRLBuiltInsPrefixName[15]" classname="org.semanticweb.owlapi.model.SWRLBuiltInsVocabularyTestCase" time="0"/>
  <testcase name="getIRI_shouldReturnAnIRIThatStartsWithSWRLBuiltInsPrefix[16]" classname="org.semanticweb.owlapi.model.SWRLBuiltInsVocabularyTestCase" time="0"/>
  <testcase name="getPrefixedName_shouldStartWithSWRLBuiltInsPrefixName[16]" classname="org.semanticweb.owlapi.model.SWRLBuiltInsVocabularyTestCase" time="0"/>
  <testcase name="getIRI_shouldReturnAnIRIThatStartsWithSWRLBuiltInsPrefix[17]" classname="org.semanticweb.owlapi.model.SWRLBuiltInsVocabularyTestCase" time="0.006"/>
  <testcase name="getPrefixedName_shouldStartWithSWRLBuiltInsPrefixName[17]" classname="org.semanticweb.owlapi.model.SWRLBuiltInsVocabularyTestCase" time="0"/>
  <testcase name="getIRI_shouldReturnAnIRIThatStartsWithSWRLBuiltInsPrefix[18]" classname="org.semanticweb.owlapi.model.SWRLBuiltInsVocabularyTestCase" time="0"/>
  <testcase name="getPrefixedName_shouldStartWithSWRLBuiltInsPrefixName[18]" classname="org.semanticweb.owlapi.model.SWRLBuiltInsVocabularyTestCase" time="0"/>
  <testcase name="getIRI_shouldReturnAnIRIThatStartsWithSWRLBuiltInsPrefix[19]" classname="org.semanticweb.owlapi.model.SWRLBuiltInsVocabularyTestCase" time="0"/>
  <testcase name="getPrefixedName_shouldStartWithSWRLBuiltInsPrefixName[19]" classname="org.semanticweb.owlapi.model.SWRLBuiltInsVocabularyTestCase" time="0"/>
  <testcase name="getIRI_shouldReturnAnIRIThatStartsWithSWRLBuiltInsPrefix[20]" classname="org.semanticweb.owlapi.model.SWRLBuiltInsVocabularyTestCase" time="0"/>
  <testcase name="getPrefixedName_shouldStartWithSWRLBuiltInsPrefixName[20]" classname="org.semanticweb.owlapi.model.SWRLBuiltInsVocabularyTestCase" time="0"/>
  <testcase name="getIRI_shouldReturnAnIRIThatStartsWithSWRLBuiltInsPrefix[21]" classname="org.semanticweb.owlapi.model.SWRLBuiltInsVocabularyTestCase" time="0"/>
  <testcase name="getPrefixedName_shouldStartWithSWRLBuiltInsPrefixName[21]" classname="org.semanticweb.owlapi.model.SWRLBuiltInsVocabularyTestCase" time="0"/>
  <testcase name="getIRI_shouldReturnAnIRIThatStartsWithSWRLBuiltInsPrefix[22]" classname="org.semanticweb.owlapi.model.SWRLBuiltInsVocabularyTestCase" time="0"/>
  <testcase name="getPrefixedName_shouldStartWithSWRLBuiltInsPrefixName[22]" classname="org.semanticweb.owlapi.model.SWRLBuiltInsVocabularyTestCase" time="0"/>
  <testcase name="getIRI_shouldReturnAnIRIThatStartsWithSWRLBuiltInsPrefix[23]" classname="org.semanticweb.owlapi.model.SWRLBuiltInsVocabularyTestCase" time="0"/>
  <testcase name="getPrefixedName_shouldStartWithSWRLBuiltInsPrefixName[23]" classname="org.semanticweb.owlapi.model.SWRLBuiltInsVocabularyTestCase" time="0"/>
  <testcase name="getIRI_shouldReturnAnIRIThatStartsWithSWRLBuiltInsPrefix[24]" classname="org.semanticweb.owlapi.model.SWRLBuiltInsVocabularyTestCase" time="0"/>
  <testcase name="getPrefixedName_shouldStartWithSWRLBuiltInsPrefixName[24]" classname="org.semanticweb.owlapi.model.SWRLBuiltInsVocabularyTestCase" time="0"/>
  <testcase name="getIRI_shouldReturnAnIRIThatStartsWithSWRLBuiltInsPrefix[25]" classname="org.semanticweb.owlapi.model.SWRLBuiltInsVocabularyTestCase" time="0"/>
  <testcase name="getPrefixedName_shouldStartWithSWRLBuiltInsPrefixName[25]" classname="org.semanticweb.owlapi.model.SWRLBuiltInsVocabularyTestCase" time="0"/>
  <testcase name="getIRI_shouldReturnAnIRIThatStartsWithSWRLBuiltInsPrefix[26]" classname="org.semanticweb.owlapi.model.SWRLBuiltInsVocabularyTestCase" time="0"/>
  <testcase name="getPrefixedName_shouldStartWithSWRLBuiltInsPrefixName[26]" classname="org.semanticweb.owlapi.model.SWRLBuiltInsVocabularyTestCase" time="0"/>
  <testcase name="getIRI_shouldReturnAnIRIThatStartsWithSWRLBuiltInsPrefix[27]" classname="org.semanticweb.owlapi.model.SWRLBuiltInsVocabularyTestCase" time="0"/>
  <testcase name="getPrefixedName_shouldStartWithSWRLBuiltInsPrefixName[27]" classname="org.semanticweb.owlapi.model.SWRLBuiltInsVocabularyTestCase" time="0.001"/>
  <testcase name="getIRI_shouldReturnAnIRIThatStartsWithSWRLBuiltInsPrefix[28]" classname="org.semanticweb.owlapi.model.SWRLBuiltInsVocabularyTestCase" time="0"/>
  <testcase name="getPrefixedName_shouldStartWithSWRLBuiltInsPrefixName[28]" classname="org.semanticweb.owlapi.model.SWRLBuiltInsVocabularyTestCase" time="0"/>
  <testcase name="getIRI_shouldReturnAnIRIThatStartsWithSWRLBuiltInsPrefix[29]" classname="org.semanticweb.owlapi.model.SWRLBuiltInsVocabularyTestCase" time="0"/>
  <testcase name="getPrefixedName_shouldStartWithSWRLBuiltInsPrefixName[29]" classname="org.semanticweb.owlapi.model.SWRLBuiltInsVocabularyTestCase" time="0"/>
  <testcase name="getIRI_shouldReturnAnIRIThatStartsWithSWRLBuiltInsPrefix[30]" classname="org.semanticweb.owlapi.model.SWRLBuiltInsVocabularyTestCase" time="0"/>
  <testcase name="getPrefixedName_shouldStartWithSWRLBuiltInsPrefixName[30]" classname="org.semanticweb.owlapi.model.SWRLBuiltInsVocabularyTestCase" time="0"/>
  <testcase name="getIRI_shouldReturnAnIRIThatStartsWithSWRLBuiltInsPrefix[31]" classname="org.semanticweb.owlapi.model.SWRLBuiltInsVocabularyTestCase" time="0"/>
  <testcase name="getPrefixedName_shouldStartWithSWRLBuiltInsPrefixName[31]" classname="org.semanticweb.owlapi.model.SWRLBuiltInsVocabularyTestCase" time="0"/>
  <testcase name="getIRI_shouldReturnAnIRIThatStartsWithSWRLBuiltInsPrefix[32]" classname="org.semanticweb.owlapi.model.SWRLBuiltInsVocabularyTestCase" time="0"/>
  <testcase name="getPrefixedName_shouldStartWithSWRLBuiltInsPrefixName[32]" classname="org.semanticweb.owlapi.model.SWRLBuiltInsVocabularyTestCase" time="0"/>
  <testcase name="getIRI_shouldReturnAnIRIThatStartsWithSWRLBuiltInsPrefix[33]" classname="org.semanticweb.owlapi.model.SWRLBuiltInsVocabularyTestCase" time="0"/>
  <testcase name="getPrefixedName_shouldStartWithSWRLBuiltInsPrefixName[33]" classname="org.semanticweb.owlapi.model.SWRLBuiltInsVocabularyTestCase" time="0"/>
  <testcase name="getIRI_shouldReturnAnIRIThatStartsWithSWRLBuiltInsPrefix[34]" classname="org.semanticweb.owlapi.model.SWRLBuiltInsVocabularyTestCase" time="0"/>
  <testcase name="getPrefixedName_shouldStartWithSWRLBuiltInsPrefixName[34]" classname="org.semanticweb.owlapi.model.SWRLBuiltInsVocabularyTestCase" time="0"/>
  <testcase name="getIRI_shouldReturnAnIRIThatStartsWithSWRLBuiltInsPrefix[35]" classname="org.semanticweb.owlapi.model.SWRLBuiltInsVocabularyTestCase" time="0"/>
  <testcase name="getPrefixedName_shouldStartWithSWRLBuiltInsPrefixName[35]" classname="org.semanticweb.owlapi.model.SWRLBuiltInsVocabularyTestCase" time="0"/>
  <testcase name="getIRI_shouldReturnAnIRIThatStartsWithSWRLBuiltInsPrefix[36]" classname="org.semanticweb.owlapi.model.SWRLBuiltInsVocabularyTestCase" time="0"/>
  <testcase name="getPrefixedName_shouldStartWithSWRLBuiltInsPrefixName[36]" classname="org.semanticweb.owlapi.model.SWRLBuiltInsVocabularyTestCase" time="0"/>
  <testcase name="getIRI_shouldReturnAnIRIThatStartsWithSWRLBuiltInsPrefix[37]" classname="org.semanticweb.owlapi.model.SWRLBuiltInsVocabularyTestCase" time="0"/>
  <testcase name="getPrefixedName_shouldStartWithSWRLBuiltInsPrefixName[37]" classname="org.semanticweb.owlapi.model.SWRLBuiltInsVocabularyTestCase" time="0"/>
  <testcase name="getIRI_shouldReturnAnIRIThatStartsWithSWRLBuiltInsPrefix[38]" classname="org.semanticweb.owlapi.model.SWRLBuiltInsVocabularyTestCase" time="0"/>
  <testcase name="getPrefixedName_shouldStartWithSWRLBuiltInsPrefixName[38]" classname="org.semanticweb.owlapi.model.SWRLBuiltInsVocabularyTestCase" time="0"/>
  <testcase name="getIRI_shouldReturnAnIRIThatStartsWithSWRLBuiltInsPrefix[39]" classname="org.semanticweb.owlapi.model.SWRLBuiltInsVocabularyTestCase" time="0"/>
  <testcase name="getPrefixedName_shouldStartWithSWRLBuiltInsPrefixName[39]" classname="org.semanticweb.owlapi.model.SWRLBuiltInsVocabularyTestCase" time="0"/>
  <testcase name="getIRI_shouldReturnAnIRIThatStartsWithSWRLBuiltInsPrefix[40]" classname="org.semanticweb.owlapi.model.SWRLBuiltInsVocabularyTestCase" time="0"/>
  <testcase name="getPrefixedName_shouldStartWithSWRLBuiltInsPrefixName[40]" classname="org.semanticweb.owlapi.model.SWRLBuiltInsVocabularyTestCase" time="0"/>
  <testcase name="getIRI_shouldReturnAnIRIThatStartsWithSWRLBuiltInsPrefix[41]" classname="org.semanticweb.owlapi.model.SWRLBuiltInsVocabularyTestCase" time="0"/>
  <testcase name="getPrefixedName_shouldStartWithSWRLBuiltInsPrefixName[41]" classname="org.semanticweb.owlapi.model.SWRLBuiltInsVocabularyTestCase" time="0"/>
  <testcase name="getIRI_shouldReturnAnIRIThatStartsWithSWRLBuiltInsPrefix[42]" classname="org.semanticweb.owlapi.model.SWRLBuiltInsVocabularyTestCase" time="0"/>
  <testcase name="getPrefixedName_shouldStartWithSWRLBuiltInsPrefixName[42]" classname="org.semanticweb.owlapi.model.SWRLBuiltInsVocabularyTestCase" time="0"/>
  <testcase name="getIRI_shouldReturnAnIRIThatStartsWithSWRLBuiltInsPrefix[43]" classname="org.semanticweb.owlapi.model.SWRLBuiltInsVocabularyTestCase" time="0"/>
  <testcase name="getPrefixedName_shouldStartWithSWRLBuiltInsPrefixName[43]" classname="org.semanticweb.owlapi.model.SWRLBuiltInsVocabularyTestCase" time="0"/>
  <testcase name="getIRI_shouldReturnAnIRIThatStartsWithSWRLBuiltInsPrefix[44]" classname="org.semanticweb.owlapi.model.SWRLBuiltInsVocabularyTestCase" time="0"/>
  <testcase name="getPrefixedName_shouldStartWithSWRLBuiltInsPrefixName[44]" classname="org.semanticweb.owlapi.model.SWRLBuiltInsVocabularyTestCase" time="0"/>
  <testcase name="getIRI_shouldReturnAnIRIThatStartsWithSWRLBuiltInsPrefix[45]" classname="org.semanticweb.owlapi.model.SWRLBuiltInsVocabularyTestCase" time="0"/>
  <testcase name="getPrefixedName_shouldStartWithSWRLBuiltInsPrefixName[45]" classname="org.semanticweb.owlapi.model.SWRLBuiltInsVocabularyTestCase" time="0"/>
  <testcase name="getIRI_shouldReturnAnIRIThatStartsWithSWRLBuiltInsPrefix[46]" classname="org.semanticweb.owlapi.model.SWRLBuiltInsVocabularyTestCase" time="0"/>
  <testcase name="getPrefixedName_shouldStartWithSWRLBuiltInsPrefixName[46]" classname="org.semanticweb.owlapi.model.SWRLBuiltInsVocabularyTestCase" time="0"/>
  <testcase name="getIRI_shouldReturnAnIRIThatStartsWithSWRLBuiltInsPrefix[47]" classname="org.semanticweb.owlapi.model.SWRLBuiltInsVocabularyTestCase" time="0"/>
  <testcase name="getPrefixedName_shouldStartWithSWRLBuiltInsPrefixName[47]" classname="org.semanticweb.owlapi.model.SWRLBuiltInsVocabularyTestCase" time="0"/>
  <testcase name="getIRI_shouldReturnAnIRIThatStartsWithSWRLBuiltInsPrefix[48]" classname="org.semanticweb.owlapi.model.SWRLBuiltInsVocabularyTestCase" time="0"/>
  <testcase name="getPrefixedName_shouldStartWithSWRLBuiltInsPrefixName[48]" classname="org.semanticweb.owlapi.model.SWRLBuiltInsVocabularyTestCase" time="0"/>
  <testcase name="getIRI_shouldReturnAnIRIThatStartsWithSWRLBuiltInsPrefix[49]" classname="org.semanticweb.owlapi.model.SWRLBuiltInsVocabularyTestCase" time="0"/>
  <testcase name="getPrefixedName_shouldStartWithSWRLBuiltInsPrefixName[49]" classname="org.semanticweb.owlapi.model.SWRLBuiltInsVocabularyTestCase" time="0"/>
  <testcase name="getIRI_shouldReturnAnIRIThatStartsWithSWRLBuiltInsPrefix[50]" classname="org.semanticweb.owlapi.model.SWRLBuiltInsVocabularyTestCase" time="0.001"/>
  <testcase name="getPrefixedName_shouldStartWithSWRLBuiltInsPrefixName[50]" classname="org.semanticweb.owlapi.model.SWRLBuiltInsVocabularyTestCase" time="0"/>
  <testcase name="getIRI_shouldReturnAnIRIThatStartsWithSWRLBuiltInsPrefix[51]" classname="org.semanticweb.owlapi.model.SWRLBuiltInsVocabularyTestCase" time="0"/>
  <testcase name="getPrefixedName_shouldStartWithSWRLBuiltInsPrefixName[51]" classname="org.semanticweb.owlapi.model.SWRLBuiltInsVocabularyTestCase" time="0"/>
  <testcase name="getIRI_shouldReturnAnIRIThatStartsWithSWRLBuiltInsPrefix[52]" classname="org.semanticweb.owlapi.model.SWRLBuiltInsVocabularyTestCase" time="0"/>
  <testcase name="getPrefixedName_shouldStartWithSWRLBuiltInsPrefixName[52]" classname="org.semanticweb.owlapi.model.SWRLBuiltInsVocabularyTestCase" time="0"/>
  <testcase name="getIRI_shouldReturnAnIRIThatStartsWithSWRLBuiltInsPrefix[53]" classname="org.semanticweb.owlapi.model.SWRLBuiltInsVocabularyTestCase" time="0"/>
  <testcase name="getPrefixedName_shouldStartWithSWRLBuiltInsPrefixName[53]" classname="org.semanticweb.owlapi.model.SWRLBuiltInsVocabularyTestCase" time="0"/>
  <testcase name="getIRI_shouldReturnAnIRIThatStartsWithSWRLBuiltInsPrefix[54]" classname="org.semanticweb.owlapi.model.SWRLBuiltInsVocabularyTestCase" time="0"/>
  <testcase name="getPrefixedName_shouldStartWithSWRLBuiltInsPrefixName[54]" classname="org.semanticweb.owlapi.model.SWRLBuiltInsVocabularyTestCase" time="0"/>
  <testcase name="getIRI_shouldReturnAnIRIThatStartsWithSWRLBuiltInsPrefix[55]" classname="org.semanticweb.owlapi.model.SWRLBuiltInsVocabularyTestCase" time="0"/>
  <testcase name="getPrefixedName_shouldStartWithSWRLBuiltInsPrefixName[55]" classname="org.semanticweb.owlapi.model.SWRLBuiltInsVocabularyTestCase" time="0"/>
  <testcase name="getIRI_shouldReturnAnIRIThatStartsWithSWRLBuiltInsPrefix[56]" classname="org.semanticweb.owlapi.model.SWRLBuiltInsVocabularyTestCase" time="0"/>
  <testcase name="getPrefixedName_shouldStartWithSWRLBuiltInsPrefixName[56]" classname="org.semanticweb.owlapi.model.SWRLBuiltInsVocabularyTestCase" time="0"/>
  <testcase name="getIRI_shouldReturnAnIRIThatStartsWithSWRLBuiltInsPrefix[57]" classname="org.semanticweb.owlapi.model.SWRLBuiltInsVocabularyTestCase" time="0"/>
  <testcase name="getPrefixedName_shouldStartWithSWRLBuiltInsPrefixName[57]" classname="org.semanticweb.owlapi.model.SWRLBuiltInsVocabularyTestCase" time="0"/>
  <testcase name="getIRI_shouldReturnAnIRIThatStartsWithSWRLBuiltInsPrefix[58]" classname="org.semanticweb.owlapi.model.SWRLBuiltInsVocabularyTestCase" time="0"/>
  <testcase name="getPrefixedName_shouldStartWithSWRLBuiltInsPrefixName[58]" classname="org.semanticweb.owlapi.model.SWRLBuiltInsVocabularyTestCase" time="0"/>
  <testcase name="getIRI_shouldReturnAnIRIThatStartsWithSWRLBuiltInsPrefix[59]" classname="org.semanticweb.owlapi.model.SWRLBuiltInsVocabularyTestCase" time="0.001"/>
  <testcase name="getPrefixedName_shouldStartWithSWRLBuiltInsPrefixName[59]" classname="org.semanticweb.owlapi.model.SWRLBuiltInsVocabularyTestCase" time="0"/>
  <testcase name="getIRI_shouldReturnAnIRIThatStartsWithSWRLBuiltInsPrefix[60]" classname="org.semanticweb.owlapi.model.SWRLBuiltInsVocabularyTestCase" time="0"/>
  <testcase name="getPrefixedName_shouldStartWithSWRLBuiltInsPrefixName[60]" classname="org.semanticweb.owlapi.model.SWRLBuiltInsVocabularyTestCase" time="0"/>
  <testcase name="getIRI_shouldReturnAnIRIThatStartsWithSWRLBuiltInsPrefix[61]" classname="org.semanticweb.owlapi.model.SWRLBuiltInsVocabularyTestCase" time="0"/>
  <testcase name="getPrefixedName_shouldStartWithSWRLBuiltInsPrefixName[61]" classname="org.semanticweb.owlapi.model.SWRLBuiltInsVocabularyTestCase" time="0"/>
  <testcase name="getIRI_shouldReturnAnIRIThatStartsWithSWRLBuiltInsPrefix[62]" classname="org.semanticweb.owlapi.model.SWRLBuiltInsVocabularyTestCase" time="0"/>
  <testcase name="getPrefixedName_shouldStartWithSWRLBuiltInsPrefixName[62]" classname="org.semanticweb.owlapi.model.SWRLBuiltInsVocabularyTestCase" time="0"/>
  <testcase name="getIRI_shouldReturnAnIRIThatStartsWithSWRLBuiltInsPrefix[63]" classname="org.semanticweb.owlapi.model.SWRLBuiltInsVocabularyTestCase" time="0"/>
  <testcase name="getPrefixedName_shouldStartWithSWRLBuiltInsPrefixName[63]" classname="org.semanticweb.owlapi.model.SWRLBuiltInsVocabularyTestCase" time="0"/>
  <testcase name="getIRI_shouldReturnAnIRIThatStartsWithSWRLBuiltInsPrefix[64]" classname="org.semanticweb.owlapi.model.SWRLBuiltInsVocabularyTestCase" time="0"/>
  <testcase name="getPrefixedName_shouldStartWithSWRLBuiltInsPrefixName[64]" classname="org.semanticweb.owlapi.model.SWRLBuiltInsVocabularyTestCase" time="0"/>
  <testcase name="getIRI_shouldReturnAnIRIThatStartsWithSWRLBuiltInsPrefix[65]" classname="org.semanticweb.owlapi.model.SWRLBuiltInsVocabularyTestCase" time="0"/>
  <testcase name="getPrefixedName_shouldStartWithSWRLBuiltInsPrefixName[65]" classname="org.semanticweb.owlapi.model.SWRLBuiltInsVocabularyTestCase" time="0"/>
  <testcase name="getIRI_shouldReturnAnIRIThatStartsWithSWRLBuiltInsPrefix[66]" classname="org.semanticweb.owlapi.model.SWRLBuiltInsVocabularyTestCase" time="0"/>
  <testcase name="getPrefixedName_shouldStartWithSWRLBuiltInsPrefixName[66]" classname="org.semanticweb.owlapi.model.SWRLBuiltInsVocabularyTestCase" time="0"/>
  <testcase name="getIRI_shouldReturnAnIRIThatStartsWithSWRLBuiltInsPrefix[67]" classname="org.semanticweb.owlapi.model.SWRLBuiltInsVocabularyTestCase" time="0.001"/>
  <testcase name="getPrefixedName_shouldStartWithSWRLBuiltInsPrefixName[67]" classname="org.semanticweb.owlapi.model.SWRLBuiltInsVocabularyTestCase" time="0"/>
  <testcase name="getIRI_shouldReturnAnIRIThatStartsWithSWRLBuiltInsPrefix[68]" classname="org.semanticweb.owlapi.model.SWRLBuiltInsVocabularyTestCase" time="0"/>
  <testcase name="getPrefixedName_shouldStartWithSWRLBuiltInsPrefixName[68]" classname="org.semanticweb.owlapi.model.SWRLBuiltInsVocabularyTestCase" time="0"/>
</testsuite>