<?xml version="1.0" encoding="UTF-8"?>
<testsuite name="org.semanticweb.owlapi.model.OWLRDFVocabularyTestCase" time="0.01" tests="252" errors="0" skipped="0" failures="0">
  <properties>
    <property name="java.runtime.name" value="OpenJDK Runtime Environment"/>
    <property name="sun.boot.library.path" value="/usr/lib/jvm/java-8-openjdk-amd64/jre/lib/amd64"/>
    <property name="java.vm.version" value="25.292-b10"/>
    <property name="java.vm.vendor" value="Private Build"/>
    <property name="maven.multiModuleProjectDirectory" value="/home/suvarna/Vinay/Sept-2021/owlapi-fdd5f42698649b85c5d1d83c4c0ca9ef304c90a1"/>
    <property name="java.vendor.url" value="http://java.oracle.com/"/>
    <property name="path.separator" value=":"/>
    <property name="guice.disable.misplaced.annotation.check" value="true"/>
    <property name="java.vm.name" value="OpenJDK 64-Bit Server VM"/>
    <property name="file.encoding.pkg" value="sun.io"/>
    <property name="user.country" value="IN"/>
    <property name="sun.java.launcher" value="SUN_STANDARD"/>
    <property name="sun.os.patch.level" value="unknown"/>
    <property name="java.vm.specification.name" value="Java Virtual Machine Specification"/>
    <property name="user.dir" value="/home/suvarna/Vinay/Sept-2021/owlapi-fdd5f42698649b85c5d1d83c4c0ca9ef304c90a1"/>
    <property name="java.runtime.version" value="1.8.0_292-8u292-b10-0ubuntu1~16.04.1-b10"/>
    <property name="java.awt.graphicsenv" value="sun.awt.X11GraphicsEnvironment"/>
    <property name="java.endorsed.dirs" value="/usr/lib/jvm/java-8-openjdk-amd64/jre/lib/endorsed"/>
    <property name="os.arch" value="amd64"/>
    <property name="java.io.tmpdir" value="/tmp"/>
    <property name="line.separator" value="&#10;"/>
    <property name="java.vm.specification.vendor" value="Oracle Corporation"/>
    <property name="os.name" value="Linux"/>
    <property name="classworlds.conf" value="/home/suvarna/maven/apache-maven-3.6.3/bin/m2.conf"/>
    <property name="sun.jnu.encoding" value="UTF-8"/>
    <property name="java.library.path" value="/usr/java/packages/lib/amd64:/usr/lib/x86_64-linux-gnu/jni:/lib/x86_64-linux-gnu:/usr/lib/x86_64-linux-gnu:/usr/lib/jni:/lib:/usr/lib"/>
    <property name="maven.conf" value="/home/suvarna/maven/apache-maven-3.6.3/conf"/>
    <property name="java.specification.name" value="Java Platform API Specification"/>
    <property name="java.class.version" value="52.0"/>
    <property name="sun.management.compiler" value="HotSpot 64-Bit Tiered Compilers"/>
    <property name="os.version" value="4.15.0-142-generic"/>
    <property name="library.jansi.path" value="/home/suvarna/maven/apache-maven-3.6.3/lib/jansi-native"/>
    <property name="user.home" value="/home/suvarna"/>
    <property name="user.timezone" value="Asia/Kolkata"/>
    <property name="java.awt.printerjob" value="sun.print.PSPrinterJob"/>
    <property name="java.specification.version" value="1.8"/>
    <property name="file.encoding" value="UTF-8"/>
    <property name="user.name" value="suvarna"/>
    <property name="java.class.path" value="/home/suvarna/maven/apache-maven-3.6.3/boot/plexus-classworlds-2.6.0.jar"/>
    <property name="java.vm.specification.version" value="1.8"/>
    <property name="sun.arch.data.model" value="64"/>
    <property name="java.home" value="/usr/lib/jvm/java-8-openjdk-amd64/jre"/>
    <property name="sun.java.command" value="org.codehaus.plexus.classworlds.launcher.Launcher test"/>
    <property name="java.specification.vendor" value="Oracle Corporation"/>
    <property name="user.language" value="en"/>
    <property name="awt.toolkit" value="sun.awt.X11.XToolkit"/>
    <property name="java.vm.info" value="mixed mode"/>
    <property name="java.version" value="1.8.0_292"/>
    <property name="java.ext.dirs" value="/usr/lib/jvm/java-8-openjdk-amd64/jre/lib/ext:/usr/java/packages/lib/ext"/>
    <property name="securerandom.source" value="file:/dev/./urandom"/>
    <property name="sun.boot.class.path" value="/usr/lib/jvm/java-8-openjdk-amd64/jre/lib/resources.jar:/usr/lib/jvm/java-8-openjdk-amd64/jre/lib/rt.jar:/usr/lib/jvm/java-8-openjdk-amd64/jre/lib/sunrsasign.jar:/usr/lib/jvm/java-8-openjdk-amd64/jre/lib/jsse.jar:/usr/lib/jvm/java-8-openjdk-amd64/jre/lib/jce.jar:/usr/lib/jvm/java-8-openjdk-amd64/jre/lib/charsets.jar:/usr/lib/jvm/java-8-openjdk-amd64/jre/lib/jfr.jar:/usr/lib/jvm/java-8-openjdk-amd64/jre/classes"/>
    <property name="java.vendor" value="Private Build"/>
    <property name="maven.home" value="/home/suvarna/maven/apache-maven-3.6.3"/>
    <property name="file.separator" value="/"/>
    <property name="java.vendor.url.bug" value="http://bugreport.sun.com/bugreport/"/>
    <property name="sun.cpu.endian" value="little"/>
    <property name="sun.io.unicode.encoding" value="UnicodeLittle"/>
    <property name="sun.desktop" value="gnome"/>
    <property name="sun.cpu.isalist" value=""/>
  </properties>
  <testcase name="getPrefixedName_shouldStartWithOWLRDFPrefixName[0]" classname="org.semanticweb.owlapi.model.OWLRDFVocabularyTestCase" time="0"/>
  <testcase name="getIRI_shouldReturnAnIRIThatStartsWithOWLRDFPrefix[0]" classname="org.semanticweb.owlapi.model.OWLRDFVocabularyTestCase" time="0"/>
  <testcase name="getPrefixedName_shouldStartWithOWLRDFPrefixName[1]" classname="org.semanticweb.owlapi.model.OWLRDFVocabularyTestCase" time="0"/>
  <testcase name="getIRI_shouldReturnAnIRIThatStartsWithOWLRDFPrefix[1]" classname="org.semanticweb.owlapi.model.OWLRDFVocabularyTestCase" time="0"/>
  <testcase name="getPrefixedName_shouldStartWithOWLRDFPrefixName[2]" classname="org.semanticweb.owlapi.model.OWLRDFVocabularyTestCase" time="0"/>
  <testcase name="getIRI_shouldReturnAnIRIThatStartsWithOWLRDFPrefix[2]" classname="org.semanticweb.owlapi.model.OWLRDFVocabularyTestCase" time="0"/>
  <testcase name="getPrefixedName_shouldStartWithOWLRDFPrefixName[3]" classname="org.semanticweb.owlapi.model.OWLRDFVocabularyTestCase" time="0"/>
  <testcase name="getIRI_shouldReturnAnIRIThatStartsWithOWLRDFPrefix[3]" classname="org.semanticweb.owlapi.model.OWLRDFVocabularyTestCase" time="0"/>
  <testcase name="getPrefixedName_shouldStartWithOWLRDFPrefixName[4]" classname="org.semanticweb.owlapi.model.OWLRDFVocabularyTestCase" time="0"/>
  <testcase name="getIRI_shouldReturnAnIRIThatStartsWithOWLRDFPrefix[4]" classname="org.semanticweb.owlapi.model.OWLRDFVocabularyTestCase" time="0"/>
  <testcase name="getPrefixedName_shouldStartWithOWLRDFPrefixName[5]" classname="org.semanticweb.owlapi.model.OWLRDFVocabularyTestCase" time="0"/>
  <testcase name="getIRI_shouldReturnAnIRIThatStartsWithOWLRDFPrefix[5]" classname="org.semanticweb.owlapi.model.OWLRDFVocabularyTestCase" time="0"/>
  <testcase name="getPrefixedName_shouldStartWithOWLRDFPrefixName[6]" classname="org.semanticweb.owlapi.model.OWLRDFVocabularyTestCase" time="0"/>
  <testcase name="getIRI_shouldReturnAnIRIThatStartsWithOWLRDFPrefix[6]" classname="org.semanticweb.owlapi.model.OWLRDFVocabularyTestCase" time="0.001"/>
  <testcase name="getPrefixedName_shouldStartWithOWLRDFPrefixName[7]" classname="org.semanticweb.owlapi.model.OWLRDFVocabularyTestCase" time="0"/>
  <testcase name="getIRI_shouldReturnAnIRIThatStartsWithOWLRDFPrefix[7]" classname="org.semanticweb.owlapi.model.OWLRDFVocabularyTestCase" time="0"/>
  <testcase name="getPrefixedName_shouldStartWithOWLRDFPrefixName[8]" classname="org.semanticweb.owlapi.model.OWLRDFVocabularyTestCase" time="0"/>
  <testcase name="getIRI_shouldReturnAnIRIThatStartsWithOWLRDFPrefix[8]" classname="org.semanticweb.owlapi.model.OWLRDFVocabularyTestCase" time="0"/>
  <testcase name="getPrefixedName_shouldStartWithOWLRDFPrefixName[9]" classname="org.semanticweb.owlapi.model.OWLRDFVocabularyTestCase" time="0"/>
  <testcase name="getIRI_shouldReturnAnIRIThatStartsWithOWLRDFPrefix[9]" classname="org.semanticweb.owlapi.model.OWLRDFVocabularyTestCase" time="0"/>
  <testcase name="getPrefixedName_shouldStartWithOWLRDFPrefixName[10]" classname="org.semanticweb.owlapi.model.OWLRDFVocabularyTestCase" time="0"/>
  <testcase name="getIRI_shouldReturnAnIRIThatStartsWithOWLRDFPrefix[10]" classname="org.semanticweb.owlapi.model.OWLRDFVocabularyTestCase" time="0"/>
  <testcase name="getPrefixedName_shouldStartWithOWLRDFPrefixName[11]" classname="org.semanticweb.owlapi.model.OWLRDFVocabularyTestCase" time="0"/>
  <testcase name="getIRI_shouldReturnAnIRIThatStartsWithOWLRDFPrefix[11]" classname="org.semanticweb.owlapi.model.OWLRDFVocabularyTestCase" time="0"/>
  <testcase name="getPrefixedName_shouldStartWithOWLRDFPrefixName[12]" classname="org.semanticweb.owlapi.model.OWLRDFVocabularyTestCase" time="0"/>
  <testcase name="getIRI_shouldReturnAnIRIThatStartsWithOWLRDFPrefix[12]" classname="org.semanticweb.owlapi.model.OWLRDFVocabularyTestCase" time="0"/>
  <testcase name="getPrefixedName_shouldStartWithOWLRDFPrefixName[13]" classname="org.semanticweb.owlapi.model.OWLRDFVocabularyTestCase" time="0"/>
  <testcase name="getIRI_shouldReturnAnIRIThatStartsWithOWLRDFPrefix[13]" classname="org.semanticweb.owlapi.model.OWLRDFVocabularyTestCase" time="0"/>
  <testcase name="getPrefixedName_shouldStartWithOWLRDFPrefixName[14]" classname="org.semanticweb.owlapi.model.OWLRDFVocabularyTestCase" time="0"/>
  <testcase name="getIRI_shouldReturnAnIRIThatStartsWithOWLRDFPrefix[14]" classname="org.semanticweb.owlapi.model.OWLRDFVocabularyTestCase" time="0"/>
  <testcase name="getPrefixedName_shouldStartWithOWLRDFPrefixName[15]" classname="org.semanticweb.owlapi.model.OWLRDFVocabularyTestCase" time="0"/>
  <testcase name="getIRI_shouldReturnAnIRIThatStartsWithOWLRDFPrefix[15]" classname="org.semanticweb.owlapi.model.OWLRDFVocabularyTestCase" time="0"/>
  <testcase name="getPrefixedName_shouldStartWithOWLRDFPrefixName[16]" classname="org.semanticweb.owlapi.model.OWLRDFVocabularyTestCase" time="0"/>
  <testcase name="getIRI_shouldReturnAnIRIThatStartsWithOWLRDFPrefix[16]" classname="org.semanticweb.owlapi.model.OWLRDFVocabularyTestCase" time="0"/>
  <testcase name="getPrefixedName_shouldStartWithOWLRDFPrefixName[17]" classname="org.semanticweb.owlapi.model.OWLRDFVocabularyTestCase" time="0"/>
  <testcase name="getIRI_shouldReturnAnIRIThatStartsWithOWLRDFPrefix[17]" classname="org.semanticweb.owlapi.model.OWLRDFVocabularyTestCase" time="0"/>
  <testcase name="getPrefixedName_shouldStartWithOWLRDFPrefixName[18]" classname="org.semanticweb.owlapi.model.OWLRDFVocabularyTestCase" time="0"/>
  <testcase name="getIRI_shouldReturnAnIRIThatStartsWithOWLRDFPrefix[18]" classname="org.semanticweb.owlapi.model.OWLRDFVocabularyTestCase" time="0"/>
  <testcase name="getPrefixedName_shouldStartWithOWLRDFPrefixName[19]" classname="org.semanticweb.owlapi.model.OWLRDFVocabularyTestCase" time="0"/>
  <testcase name="getIRI_shouldReturnAnIRIThatStartsWithOWLRDFPrefix[19]" classname="org.semanticweb.owlapi.model.OWLRDFVocabularyTestCase" time="0"/>
  <testcase name="getPrefixedName_shouldStartWithOWLRDFPrefixName[20]" classname="org.semanticweb.owlapi.model.OWLRDFVocabularyTestCase" time="0"/>
  <testcase name="getIRI_shouldReturnAnIRIThatStartsWithOWLRDFPrefix[20]" classname="org.semanticweb.owlapi.model.OWLRDFVocabularyTestCase" time="0"/>
  <testcase name="getPrefixedName_shouldStartWithOWLRDFPrefixName[21]" classname="org.semanticweb.owlapi.model.OWLRDFVocabularyTestCase" time="0"/>
  <testcase name="getIRI_shouldReturnAnIRIThatStartsWithOWLRDFPrefix[21]" classname="org.semanticweb.owlapi.model.OWLRDFVocabularyTestCase" time="0"/>
  <testcase name="getPrefixedName_shouldStartWithOWLRDFPrefixName[22]" classname="org.semanticweb.owlapi.model.OWLRDFVocabularyTestCase" time="0"/>
  <testcase name="getIRI_shouldReturnAnIRIThatStartsWithOWLRDFPrefix[22]" classname="org.semanticweb.owlapi.model.OWLRDFVocabularyTestCase" time="0"/>
  <testcase name="getPrefixedName_shouldStartWithOWLRDFPrefixName[23]" classname="org.semanticweb.owlapi.model.OWLRDFVocabularyTestCase" time="0"/>
  <testcase name="getIRI_shouldReturnAnIRIThatStartsWithOWLRDFPrefix[23]" classname="org.semanticweb.owlapi.model.OWLRDFVocabularyTestCase" time="0"/>
  <testcase name="getPrefixedName_shouldStartWithOWLRDFPrefixName[24]" classname="org.semanticweb.owlapi.model.OWLRDFVocabularyTestCase" time="0"/>
  <testcase name="getIRI_shouldReturnAnIRIThatStartsWithOWLRDFPrefix[24]" classname="org.semanticweb.owlapi.model.OWLRDFVocabularyTestCase" time="0"/>
  <testcase name="getPrefixedName_shouldStartWithOWLRDFPrefixName[25]" classname="org.semanticweb.owlapi.model.OWLRDFVocabularyTestCase" time="0"/>
  <testcase name="getIRI_shouldReturnAnIRIThatStartsWithOWLRDFPrefix[25]" classname="org.semanticweb.owlapi.model.OWLRDFVocabularyTestCase" time="0"/>
  <testcase name="getPrefixedName_shouldStartWithOWLRDFPrefixName[26]" classname="org.semanticweb.owlapi.model.OWLRDFVocabularyTestCase" time="0"/>
  <testcase name="getIRI_shouldReturnAnIRIThatStartsWithOWLRDFPrefix[26]" classname="org.semanticweb.owlapi.model.OWLRDFVocabularyTestCase" time="0"/>
  <testcase name="getPrefixedName_shouldStartWithOWLRDFPrefixName[27]" classname="org.semanticweb.owlapi.model.OWLRDFVocabularyTestCase" time="0"/>
  <testcase name="getIRI_shouldReturnAnIRIThatStartsWithOWLRDFPrefix[27]" classname="org.semanticweb.owlapi.model.OWLRDFVocabularyTestCase" time="0"/>
  <testcase name="getPrefixedName_shouldStartWithOWLRDFPrefixName[28]" classname="org.semanticweb.owlapi.model.OWLRDFVocabularyTestCase" time="0"/>
  <testcase name="getIRI_shouldReturnAnIRIThatStartsWithOWLRDFPrefix[28]" classname="org.semanticweb.owlapi.model.OWLRDFVocabularyTestCase" time="0"/>
  <testcase name="getPrefixedName_shouldStartWithOWLRDFPrefixName[29]" classname="org.semanticweb.owlapi.model.OWLRDFVocabularyTestCase" time="0"/>
  <testcase name="getIRI_shouldReturnAnIRIThatStartsWithOWLRDFPrefix[29]" classname="org.semanticweb.owlapi.model.OWLRDFVocabularyTestCase" time="0"/>
  <testcase name="getPrefixedName_shouldStartWithOWLRDFPrefixName[30]" classname="org.semanticweb.owlapi.model.OWLRDFVocabularyTestCase" time="0"/>
  <testcase name="getIRI_shouldReturnAnIRIThatStartsWithOWLRDFPrefix[30]" classname="org.semanticweb.owlapi.model.OWLRDFVocabularyTestCase" time="0"/>
  <testcase name="getPrefixedName_shouldStartWithOWLRDFPrefixName[31]" classname="org.semanticweb.owlapi.model.OWLRDFVocabularyTestCase" time="0"/>
  <testcase name="getIRI_shouldReturnAnIRIThatStartsWithOWLRDFPrefix[31]" classname="org.semanticweb.owlapi.model.OWLRDFVocabularyTestCase" time="0"/>
  <testcase name="getPrefixedName_shouldStartWithOWLRDFPrefixName[32]" classname="org.semanticweb.owlapi.model.OWLRDFVocabularyTestCase" time="0"/>
  <testcase name="getIRI_shouldReturnAnIRIThatStartsWithOWLRDFPrefix[32]" classname="org.semanticweb.owlapi.model.OWLRDFVocabularyTestCase" time="0"/>
  <testcase name="getPrefixedName_shouldStartWithOWLRDFPrefixName[33]" classname="org.semanticweb.owlapi.model.OWLRDFVocabularyTestCase" time="0"/>
  <testcase name="getIRI_shouldReturnAnIRIThatStartsWithOWLRDFPrefix[33]" classname="org.semanticweb.owlapi.model.OWLRDFVocabularyTestCase" time="0"/>
  <testcase name="getPrefixedName_shouldStartWithOWLRDFPrefixName[34]" classname="org.semanticweb.owlapi.model.OWLRDFVocabularyTestCase" time="0"/>
  <testcase name="getIRI_shouldReturnAnIRIThatStartsWithOWLRDFPrefix[34]" classname="org.semanticweb.owlapi.model.OWLRDFVocabularyTestCase" time="0"/>
  <testcase name="getPrefixedName_shouldStartWithOWLRDFPrefixName[35]" classname="org.semanticweb.owlapi.model.OWLRDFVocabularyTestCase" time="0"/>
  <testcase name="getIRI_shouldReturnAnIRIThatStartsWithOWLRDFPrefix[35]" classname="org.semanticweb.owlapi.model.OWLRDFVocabularyTestCase" time="0"/>
  <testcase name="getPrefixedName_shouldStartWithOWLRDFPrefixName[36]" classname="org.semanticweb.owlapi.model.OWLRDFVocabularyTestCase" time="0"/>
  <testcase name="getIRI_shouldReturnAnIRIThatStartsWithOWLRDFPrefix[36]" classname="org.semanticweb.owlapi.model.OWLRDFVocabularyTestCase" time="0"/>
  <testcase name="getPrefixedName_shouldStartWithOWLRDFPrefixName[37]" classname="org.semanticweb.owlapi.model.OWLRDFVocabularyTestCase" time="0"/>
  <testcase name="getIRI_shouldReturnAnIRIThatStartsWithOWLRDFPrefix[37]" classname="org.semanticweb.owlapi.model.OWLRDFVocabularyTestCase" time="0"/>
  <testcase name="getPrefixedName_shouldStartWithOWLRDFPrefixName[38]" classname="org.semanticweb.owlapi.model.OWLRDFVocabularyTestCase" time="0"/>
  <testcase name="getIRI_shouldReturnAnIRIThatStartsWithOWLRDFPrefix[38]" classname="org.semanticweb.owlapi.model.OWLRDFVocabularyTestCase" time="0"/>
  <testcase name="getPrefixedName_shouldStartWithOWLRDFPrefixName[39]" classname="org.semanticweb.owlapi.model.OWLRDFVocabularyTestCase" time="0"/>
  <testcase name="getIRI_shouldReturnAnIRIThatStartsWithOWLRDFPrefix[39]" classname="org.semanticweb.owlapi.model.OWLRDFVocabularyTestCase" time="0"/>
  <testcase name="getPrefixedName_shouldStartWithOWLRDFPrefixName[40]" classname="org.semanticweb.owlapi.model.OWLRDFVocabularyTestCase" time="0"/>
  <testcase name="getIRI_shouldReturnAnIRIThatStartsWithOWLRDFPrefix[40]" classname="org.semanticweb.owlapi.model.OWLRDFVocabularyTestCase" time="0"/>
  <testcase name="getPrefixedName_shouldStartWithOWLRDFPrefixName[41]" classname="org.semanticweb.owlapi.model.OWLRDFVocabularyTestCase" time="0"/>
  <testcase name="getIRI_shouldReturnAnIRIThatStartsWithOWLRDFPrefix[41]" classname="org.semanticweb.owlapi.model.OWLRDFVocabularyTestCase" time="0"/>
  <testcase name="getPrefixedName_shouldStartWithOWLRDFPrefixName[42]" classname="org.semanticweb.owlapi.model.OWLRDFVocabularyTestCase" time="0"/>
  <testcase name="getIRI_shouldReturnAnIRIThatStartsWithOWLRDFPrefix[42]" classname="org.semanticweb.owlapi.model.OWLRDFVocabularyTestCase" time="0"/>
  <testcase name="getPrefixedName_shouldStartWithOWLRDFPrefixName[43]" classname="org.semanticweb.owlapi.model.OWLRDFVocabularyTestCase" time="0"/>
  <testcase name="getIRI_shouldReturnAnIRIThatStartsWithOWLRDFPrefix[43]" classname="org.semanticweb.owlapi.model.OWLRDFVocabularyTestCase" time="0"/>
  <testcase name="getPrefixedName_shouldStartWithOWLRDFPrefixName[44]" classname="org.semanticweb.owlapi.model.OWLRDFVocabularyTestCase" time="0"/>
  <testcase name="getIRI_shouldReturnAnIRIThatStartsWithOWLRDFPrefix[44]" classname="org.semanticweb.owlapi.model.OWLRDFVocabularyTestCase" time="0"/>
  <testcase name="getPrefixedName_shouldStartWithOWLRDFPrefixName[45]" classname="org.semanticweb.owlapi.model.OWLRDFVocabularyTestCase" time="0"/>
  <testcase name="getIRI_shouldReturnAnIRIThatStartsWithOWLRDFPrefix[45]" classname="org.semanticweb.owlapi.model.OWLRDFVocabularyTestCase" time="0"/>
  <testcase name="getPrefixedName_shouldStartWithOWLRDFPrefixName[46]" classname="org.semanticweb.owlapi.model.OWLRDFVocabularyTestCase" time="0"/>
  <testcase name="getIRI_shouldReturnAnIRIThatStartsWithOWLRDFPrefix[46]" classname="org.semanticweb.owlapi.model.OWLRDFVocabularyTestCase" time="0"/>
  <testcase name="getPrefixedName_shouldStartWithOWLRDFPrefixName[47]" classname="org.semanticweb.owlapi.model.OWLRDFVocabularyTestCase" time="0"/>
  <testcase name="getIRI_shouldReturnAnIRIThatStartsWithOWLRDFPrefix[47]" classname="org.semanticweb.owlapi.model.OWLRDFVocabularyTestCase" time="0"/>
  <testcase name="getPrefixedName_shouldStartWithOWLRDFPrefixName[48]" classname="org.semanticweb.owlapi.model.OWLRDFVocabularyTestCase" time="0"/>
  <testcase name="getIRI_shouldReturnAnIRIThatStartsWithOWLRDFPrefix[48]" classname="org.semanticweb.owlapi.model.OWLRDFVocabularyTestCase" time="0"/>
  <testcase name="getPrefixedName_shouldStartWithOWLRDFPrefixName[49]" classname="org.semanticweb.owlapi.model.OWLRDFVocabularyTestCase" time="0"/>
  <testcase name="getIRI_shouldReturnAnIRIThatStartsWithOWLRDFPrefix[49]" classname="org.semanticweb.owlapi.model.OWLRDFVocabularyTestCase" time="0"/>
  <testcase name="getPrefixedName_shouldStartWithOWLRDFPrefixName[50]" classname="org.semanticweb.owlapi.model.OWLRDFVocabularyTestCase" time="0"/>
  <testcase name="getIRI_shouldReturnAnIRIThatStartsWithOWLRDFPrefix[50]" classname="org.semanticweb.owlapi.model.OWLRDFVocabularyTestCase" time="0"/>
  <testcase name="getPrefixedName_shouldStartWithOWLRDFPrefixName[51]" classname="org.semanticweb.owlapi.model.OWLRDFVocabularyTestCase" time="0"/>
  <testcase name="getIRI_shouldReturnAnIRIThatStartsWithOWLRDFPrefix[51]" classname="org.semanticweb.owlapi.model.OWLRDFVocabularyTestCase" time="0"/>
  <testcase name="getPrefixedName_shouldStartWithOWLRDFPrefixName[52]" classname="org.semanticweb.owlapi.model.OWLRDFVocabularyTestCase" time="0"/>
  <testcase name="getIRI_shouldReturnAnIRIThatStartsWithOWLRDFPrefix[52]" classname="org.semanticweb.owlapi.model.OWLRDFVocabularyTestCase" time="0"/>
  <testcase name="getPrefixedName_shouldStartWithOWLRDFPrefixName[53]" classname="org.semanticweb.owlapi.model.OWLRDFVocabularyTestCase" time="0"/>
  <testcase name="getIRI_shouldReturnAnIRIThatStartsWithOWLRDFPrefix[53]" classname="org.semanticweb.owlapi.model.OWLRDFVocabularyTestCase" time="0"/>
  <testcase name="getPrefixedName_shouldStartWithOWLRDFPrefixName[54]" classname="org.semanticweb.owlapi.model.OWLRDFVocabularyTestCase" time="0"/>
  <testcase name="getIRI_shouldReturnAnIRIThatStartsWithOWLRDFPrefix[54]" classname="org.semanticweb.owlapi.model.OWLRDFVocabularyTestCase" time="0"/>
  <testcase name="getPrefixedName_shouldStartWithOWLRDFPrefixName[55]" classname="org.semanticweb.owlapi.model.OWLRDFVocabularyTestCase" time="0"/>
  <testcase name="getIRI_shouldReturnAnIRIThatStartsWithOWLRDFPrefix[55]" classname="org.semanticweb.owlapi.model.OWLRDFVocabularyTestCase" time="0"/>
  <testcase name="getPrefixedName_shouldStartWithOWLRDFPrefixName[56]" classname="org.semanticweb.owlapi.model.OWLRDFVocabularyTestCase" time="0"/>
  <testcase name="getIRI_shouldReturnAnIRIThatStartsWithOWLRDFPrefix[56]" classname="org.semanticweb.owlapi.model.OWLRDFVocabularyTestCase" time="0"/>
  <testcase name="getPrefixedName_shouldStartWithOWLRDFPrefixName[57]" classname="org.semanticweb.owlapi.model.OWLRDFVocabularyTestCase" time="0"/>
  <testcase name="getIRI_shouldReturnAnIRIThatStartsWithOWLRDFPrefix[57]" classname="org.semanticweb.owlapi.model.OWLRDFVocabularyTestCase" time="0"/>
  <testcase name="getPrefixedName_shouldStartWithOWLRDFPrefixName[58]" classname="org.semanticweb.owlapi.model.OWLRDFVocabularyTestCase" time="0"/>
  <testcase name="getIRI_shouldReturnAnIRIThatStartsWithOWLRDFPrefix[58]" classname="org.semanticweb.owlapi.model.OWLRDFVocabularyTestCase" time="0"/>
  <testcase name="getPrefixedName_shouldStartWithOWLRDFPrefixName[59]" classname="org.semanticweb.owlapi.model.OWLRDFVocabularyTestCase" time="0"/>
  <testcase name="getIRI_shouldReturnAnIRIThatStartsWithOWLRDFPrefix[59]" classname="org.semanticweb.owlapi.model.OWLRDFVocabularyTestCase" time="0"/>
  <testcase name="getPrefixedName_shouldStartWithOWLRDFPrefixName[60]" classname="org.semanticweb.owlapi.model.OWLRDFVocabularyTestCase" time="0"/>
  <testcase name="getIRI_shouldReturnAnIRIThatStartsWithOWLRDFPrefix[60]" classname="org.semanticweb.owlapi.model.OWLRDFVocabularyTestCase" time="0"/>
  <testcase name="getPrefixedName_shouldStartWithOWLRDFPrefixName[61]" classname="org.semanticweb.owlapi.model.OWLRDFVocabularyTestCase" time="0"/>
  <testcase name="getIRI_shouldReturnAnIRIThatStartsWithOWLRDFPrefix[61]" classname="org.semanticweb.owlapi.model.OWLRDFVocabularyTestCase" time="0"/>
  <testcase name="getPrefixedName_shouldStartWithOWLRDFPrefixName[62]" classname="org.semanticweb.owlapi.model.OWLRDFVocabularyTestCase" time="0"/>
  <testcase name="getIRI_shouldReturnAnIRIThatStartsWithOWLRDFPrefix[62]" classname="org.semanticweb.owlapi.model.OWLRDFVocabularyTestCase" time="0"/>
  <testcase name="getPrefixedName_shouldStartWithOWLRDFPrefixName[63]" classname="org.semanticweb.owlapi.model.OWLRDFVocabularyTestCase" time="0"/>
  <testcase name="getIRI_shouldReturnAnIRIThatStartsWithOWLRDFPrefix[63]" classname="org.semanticweb.owlapi.model.OWLRDFVocabularyTestCase" time="0"/>
  <testcase name="getPrefixedName_shouldStartWithOWLRDFPrefixName[64]" classname="org.semanticweb.owlapi.model.OWLRDFVocabularyTestCase" time="0"/>
  <testcase name="getIRI_shouldReturnAnIRIThatStartsWithOWLRDFPrefix[64]" classname="org.semanticweb.owlapi.model.OWLRDFVocabularyTestCase" time="0"/>
  <testcase name="getPrefixedName_shouldStartWithOWLRDFPrefixName[65]" classname="org.semanticweb.owlapi.model.OWLRDFVocabularyTestCase" time="0"/>
  <testcase name="getIRI_shouldReturnAnIRIThatStartsWithOWLRDFPrefix[65]" classname="org.semanticweb.owlapi.model.OWLRDFVocabularyTestCase" time="0"/>
  <testcase name="getPrefixedName_shouldStartWithOWLRDFPrefixName[66]" classname="org.semanticweb.owlapi.model.OWLRDFVocabularyTestCase" time="0"/>
  <testcase name="getIRI_shouldReturnAnIRIThatStartsWithOWLRDFPrefix[66]" classname="org.semanticweb.owlapi.model.OWLRDFVocabularyTestCase" time="0"/>
  <testcase name="getPrefixedName_shouldStartWithOWLRDFPrefixName[67]" classname="org.semanticweb.owlapi.model.OWLRDFVocabularyTestCase" time="0"/>
  <testcase name="getIRI_shouldReturnAnIRIThatStartsWithOWLRDFPrefix[67]" classname="org.semanticweb.owlapi.model.OWLRDFVocabularyTestCase" time="0"/>
  <testcase name="getPrefixedName_shouldStartWithOWLRDFPrefixName[68]" classname="org.semanticweb.owlapi.model.OWLRDFVocabularyTestCase" time="0"/>
  <testcase name="getIRI_shouldReturnAnIRIThatStartsWithOWLRDFPrefix[68]" classname="org.semanticweb.owlapi.model.OWLRDFVocabularyTestCase" time="0"/>
  <testcase name="getPrefixedName_shouldStartWithOWLRDFPrefixName[69]" classname="org.semanticweb.owlapi.model.OWLRDFVocabularyTestCase" time="0"/>
  <testcase name="getIRI_shouldReturnAnIRIThatStartsWithOWLRDFPrefix[69]" classname="org.semanticweb.owlapi.model.OWLRDFVocabularyTestCase" time="0"/>
  <testcase name="getPrefixedName_shouldStartWithOWLRDFPrefixName[70]" classname="org.semanticweb.owlapi.model.OWLRDFVocabularyTestCase" time="0"/>
  <testcase name="getIRI_shouldReturnAnIRIThatStartsWithOWLRDFPrefix[70]" classname="org.semanticweb.owlapi.model.OWLRDFVocabularyTestCase" time="0"/>
  <testcase name="getPrefixedName_shouldStartWithOWLRDFPrefixName[71]" classname="org.semanticweb.owlapi.model.OWLRDFVocabularyTestCase" time="0"/>
  <testcase name="getIRI_shouldReturnAnIRIThatStartsWithOWLRDFPrefix[71]" classname="org.semanticweb.owlapi.model.OWLRDFVocabularyTestCase" time="0"/>
  <testcase name="getPrefixedName_shouldStartWithOWLRDFPrefixName[72]" classname="org.semanticweb.owlapi.model.OWLRDFVocabularyTestCase" time="0"/>
  <testcase name="getIRI_shouldReturnAnIRIThatStartsWithOWLRDFPrefix[72]" classname="org.semanticweb.owlapi.model.OWLRDFVocabularyTestCase" time="0"/>
  <testcase name="getPrefixedName_shouldStartWithOWLRDFPrefixName[73]" classname="org.semanticweb.owlapi.model.OWLRDFVocabularyTestCase" time="0"/>
  <testcase name="getIRI_shouldReturnAnIRIThatStartsWithOWLRDFPrefix[73]" classname="org.semanticweb.owlapi.model.OWLRDFVocabularyTestCase" time="0"/>
  <testcase name="getPrefixedName_shouldStartWithOWLRDFPrefixName[74]" classname="org.semanticweb.owlapi.model.OWLRDFVocabularyTestCase" time="0"/>
  <testcase name="getIRI_shouldReturnAnIRIThatStartsWithOWLRDFPrefix[74]" classname="org.semanticweb.owlapi.model.OWLRDFVocabularyTestCase" time="0.001"/>
  <testcase name="getPrefixedName_shouldStartWithOWLRDFPrefixName[75]" classname="org.semanticweb.owlapi.model.OWLRDFVocabularyTestCase" time="0"/>
  <testcase name="getIRI_shouldReturnAnIRIThatStartsWithOWLRDFPrefix[75]" classname="org.semanticweb.owlapi.model.OWLRDFVocabularyTestCase" time="0"/>
  <testcase name="getPrefixedName_shouldStartWithOWLRDFPrefixName[76]" classname="org.semanticweb.owlapi.model.OWLRDFVocabularyTestCase" time="0"/>
  <testcase name="getIRI_shouldReturnAnIRIThatStartsWithOWLRDFPrefix[76]" classname="org.semanticweb.owlapi.model.OWLRDFVocabularyTestCase" time="0"/>
  <testcase name="getPrefixedName_shouldStartWithOWLRDFPrefixName[77]" classname="org.semanticweb.owlapi.model.OWLRDFVocabularyTestCase" time="0"/>
  <testcase name="getIRI_shouldReturnAnIRIThatStartsWithOWLRDFPrefix[77]" classname="org.semanticweb.owlapi.model.OWLRDFVocabularyTestCase" time="0"/>
  <testcase name="getPrefixedName_shouldStartWithOWLRDFPrefixName[78]" classname="org.semanticweb.owlapi.model.OWLRDFVocabularyTestCase" time="0"/>
  <testcase name="getIRI_shouldReturnAnIRIThatStartsWithOWLRDFPrefix[78]" classname="org.semanticweb.owlapi.model.OWLRDFVocabularyTestCase" time="0.001"/>
  <testcase name="getPrefixedName_shouldStartWithOWLRDFPrefixName[79]" classname="org.semanticweb.owlapi.model.OWLRDFVocabularyTestCase" time="0"/>
  <testcase name="getIRI_shouldReturnAnIRIThatStartsWithOWLRDFPrefix[79]" classname="org.semanticweb.owlapi.model.OWLRDFVocabularyTestCase" time="0"/>
  <testcase name="getPrefixedName_shouldStartWithOWLRDFPrefixName[80]" classname="org.semanticweb.owlapi.model.OWLRDFVocabularyTestCase" time="0"/>
  <testcase name="getIRI_shouldReturnAnIRIThatStartsWithOWLRDFPrefix[80]" classname="org.semanticweb.owlapi.model.OWLRDFVocabularyTestCase" time="0"/>
  <testcase name="getPrefixedName_shouldStartWithOWLRDFPrefixName[81]" classname="org.semanticweb.owlapi.model.OWLRDFVocabularyTestCase" time="0"/>
  <testcase name="getIRI_shouldReturnAnIRIThatStartsWithOWLRDFPrefix[81]" classname="org.semanticweb.owlapi.model.OWLRDFVocabularyTestCase" time="0"/>
  <testcase name="getPrefixedName_shouldStartWithOWLRDFPrefixName[82]" classname="org.semanticweb.owlapi.model.OWLRDFVocabularyTestCase" time="0"/>
  <testcase name="getIRI_shouldReturnAnIRIThatStartsWithOWLRDFPrefix[82]" classname="org.semanticweb.owlapi.model.OWLRDFVocabularyTestCase" time="0"/>
  <testcase name="getPrefixedName_shouldStartWithOWLRDFPrefixName[83]" classname="org.semanticweb.owlapi.model.OWLRDFVocabularyTestCase" time="0.001"/>
  <testcase name="getIRI_shouldReturnAnIRIThatStartsWithOWLRDFPrefix[83]" classname="org.semanticweb.owlapi.model.OWLRDFVocabularyTestCase" time="0"/>
  <testcase name="getPrefixedName_shouldStartWithOWLRDFPrefixName[84]" classname="org.semanticweb.owlapi.model.OWLRDFVocabularyTestCase" time="0"/>
  <testcase name="getIRI_shouldReturnAnIRIThatStartsWithOWLRDFPrefix[84]" classname="org.semanticweb.owlapi.model.OWLRDFVocabularyTestCase" time="0"/>
  <testcase name="getPrefixedName_shouldStartWithOWLRDFPrefixName[85]" classname="org.semanticweb.owlapi.model.OWLRDFVocabularyTestCase" time="0.001"/>
  <testcase name="getIRI_shouldReturnAnIRIThatStartsWithOWLRDFPrefix[85]" classname="org.semanticweb.owlapi.model.OWLRDFVocabularyTestCase" time="0"/>
  <testcase name="getPrefixedName_shouldStartWithOWLRDFPrefixName[86]" classname="org.semanticweb.owlapi.model.OWLRDFVocabularyTestCase" time="0"/>
  <testcase name="getIRI_shouldReturnAnIRIThatStartsWithOWLRDFPrefix[86]" classname="org.semanticweb.owlapi.model.OWLRDFVocabularyTestCase" time="0"/>
  <testcase name="getPrefixedName_shouldStartWithOWLRDFPrefixName[87]" classname="org.semanticweb.owlapi.model.OWLRDFVocabularyTestCase" time="0"/>
  <testcase name="getIRI_shouldReturnAnIRIThatStartsWithOWLRDFPrefix[87]" classname="org.semanticweb.owlapi.model.OWLRDFVocabularyTestCase" time="0"/>
  <testcase name="getPrefixedName_shouldStartWithOWLRDFPrefixName[88]" classname="org.semanticweb.owlapi.model.OWLRDFVocabularyTestCase" time="0.001"/>
  <testcase name="getIRI_shouldReturnAnIRIThatStartsWithOWLRDFPrefix[88]" classname="org.semanticweb.owlapi.model.OWLRDFVocabularyTestCase" time="0"/>
  <testcase name="getPrefixedName_shouldStartWithOWLRDFPrefixName[89]" classname="org.semanticweb.owlapi.model.OWLRDFVocabularyTestCase" time="0"/>
  <testcase name="getIRI_shouldReturnAnIRIThatStartsWithOWLRDFPrefix[89]" classname="org.semanticweb.owlapi.model.OWLRDFVocabularyTestCase" time="0"/>
  <testcase name="getPrefixedName_shouldStartWithOWLRDFPrefixName[90]" classname="org.semanticweb.owlapi.model.OWLRDFVocabularyTestCase" time="0"/>
  <testcase name="getIRI_shouldReturnAnIRIThatStartsWithOWLRDFPrefix[90]" classname="org.semanticweb.owlapi.model.OWLRDFVocabularyTestCase" time="0"/>
  <testcase name="getPrefixedName_shouldStartWithOWLRDFPrefixName[91]" classname="org.semanticweb.owlapi.model.OWLRDFVocabularyTestCase" time="0"/>
  <testcase name="getIRI_shouldReturnAnIRIThatStartsWithOWLRDFPrefix[91]" classname="org.semanticweb.owlapi.model.OWLRDFVocabularyTestCase" time="0"/>
  <testcase name="getPrefixedName_shouldStartWithOWLRDFPrefixName[92]" classname="org.semanticweb.owlapi.model.OWLRDFVocabularyTestCase" time="0"/>
  <testcase name="getIRI_shouldReturnAnIRIThatStartsWithOWLRDFPrefix[92]" classname="org.semanticweb.owlapi.model.OWLRDFVocabularyTestCase" time="0"/>
  <testcase name="getPrefixedName_shouldStartWithOWLRDFPrefixName[93]" classname="org.semanticweb.owlapi.model.OWLRDFVocabularyTestCase" time="0"/>
  <testcase name="getIRI_shouldReturnAnIRIThatStartsWithOWLRDFPrefix[93]" classname="org.semanticweb.owlapi.model.OWLRDFVocabularyTestCase" time="0"/>
  <testcase name="getPrefixedName_shouldStartWithOWLRDFPrefixName[94]" classname="org.semanticweb.owlapi.model.OWLRDFVocabularyTestCase" time="0.001"/>
  <testcase name="getIRI_shouldReturnAnIRIThatStartsWithOWLRDFPrefix[94]" classname="org.semanticweb.owlapi.model.OWLRDFVocabularyTestCase" time="0"/>
  <testcase name="getPrefixedName_shouldStartWithOWLRDFPrefixName[95]" classname="org.semanticweb.owlapi.model.OWLRDFVocabularyTestCase" time="0"/>
  <testcase name="getIRI_shouldReturnAnIRIThatStartsWithOWLRDFPrefix[95]" classname="org.semanticweb.owlapi.model.OWLRDFVocabularyTestCase" time="0"/>
  <testcase name="getPrefixedName_shouldStartWithOWLRDFPrefixName[96]" classname="org.semanticweb.owlapi.model.OWLRDFVocabularyTestCase" time="0"/>
  <testcase name="getIRI_shouldReturnAnIRIThatStartsWithOWLRDFPrefix[96]" classname="org.semanticweb.owlapi.model.OWLRDFVocabularyTestCase" time="0.001"/>
  <testcase name="getPrefixedName_shouldStartWithOWLRDFPrefixName[97]" classname="org.semanticweb.owlapi.model.OWLRDFVocabularyTestCase" time="0"/>
  <testcase name="getIRI_shouldReturnAnIRIThatStartsWithOWLRDFPrefix[97]" classname="org.semanticweb.owlapi.model.OWLRDFVocabularyTestCase" time="0"/>
  <testcase name="getPrefixedName_shouldStartWithOWLRDFPrefixName[98]" classname="org.semanticweb.owlapi.model.OWLRDFVocabularyTestCase" time="0"/>
  <testcase name="getIRI_shouldReturnAnIRIThatStartsWithOWLRDFPrefix[98]" classname="org.semanticweb.owlapi.model.OWLRDFVocabularyTestCase" time="0"/>
  <testcase name="getPrefixedName_shouldStartWithOWLRDFPrefixName[99]" classname="org.semanticweb.owlapi.model.OWLRDFVocabularyTestCase" time="0"/>
  <testcase name="getIRI_shouldReturnAnIRIThatStartsWithOWLRDFPrefix[99]" classname="org.semanticweb.owlapi.model.OWLRDFVocabularyTestCase" time="0"/>
  <testcase name="getPrefixedName_shouldStartWithOWLRDFPrefixName[100]" classname="org.semanticweb.owlapi.model.OWLRDFVocabularyTestCase" time="0"/>
  <testcase name="getIRI_shouldReturnAnIRIThatStartsWithOWLRDFPrefix[100]" classname="org.semanticweb.owlapi.model.OWLRDFVocabularyTestCase" time="0"/>
  <testcase name="getPrefixedName_shouldStartWithOWLRDFPrefixName[101]" classname="org.semanticweb.owlapi.model.OWLRDFVocabularyTestCase" time="0"/>
  <testcase name="getIRI_shouldReturnAnIRIThatStartsWithOWLRDFPrefix[101]" classname="org.semanticweb.owlapi.model.OWLRDFVocabularyTestCase" time="0"/>
  <testcase name="getPrefixedName_shouldStartWithOWLRDFPrefixName[102]" classname="org.semanticweb.owlapi.model.OWLRDFVocabularyTestCase" time="0"/>
  <testcase name="getIRI_shouldReturnAnIRIThatStartsWithOWLRDFPrefix[102]" classname="org.semanticweb.owlapi.model.OWLRDFVocabularyTestCase" time="0"/>
  <testcase name="getPrefixedName_shouldStartWithOWLRDFPrefixName[103]" classname="org.semanticweb.owlapi.model.OWLRDFVocabularyTestCase" time="0"/>
  <testcase name="getIRI_shouldReturnAnIRIThatStartsWithOWLRDFPrefix[103]" classname="org.semanticweb.owlapi.model.OWLRDFVocabularyTestCase" time="0"/>
  <testcase name="getPrefixedName_shouldStartWithOWLRDFPrefixName[104]" classname="org.semanticweb.owlapi.model.OWLRDFVocabularyTestCase" time="0"/>
  <testcase name="getIRI_shouldReturnAnIRIThatStartsWithOWLRDFPrefix[104]" classname="org.semanticweb.owlapi.model.OWLRDFVocabularyTestCase" time="0"/>
  <testcase name="getPrefixedName_shouldStartWithOWLRDFPrefixName[105]" classname="org.semanticweb.owlapi.model.OWLRDFVocabularyTestCase" time="0"/>
  <testcase name="getIRI_shouldReturnAnIRIThatStartsWithOWLRDFPrefix[105]" classname="org.semanticweb.owlapi.model.OWLRDFVocabularyTestCase" time="0"/>
  <testcase name="getPrefixedName_shouldStartWithOWLRDFPrefixName[106]" classname="org.semanticweb.owlapi.model.OWLRDFVocabularyTestCase" time="0"/>
  <testcase name="getIRI_shouldReturnAnIRIThatStartsWithOWLRDFPrefix[106]" classname="org.semanticweb.owlapi.model.OWLRDFVocabularyTestCase" time="0"/>
  <testcase name="getPrefixedName_shouldStartWithOWLRDFPrefixName[107]" classname="org.semanticweb.owlapi.model.OWLRDFVocabularyTestCase" time="0"/>
  <testcase name="getIRI_shouldReturnAnIRIThatStartsWithOWLRDFPrefix[107]" classname="org.semanticweb.owlapi.model.OWLRDFVocabularyTestCase" time="0"/>
  <testcase name="getPrefixedName_shouldStartWithOWLRDFPrefixName[108]" classname="org.semanticweb.owlapi.model.OWLRDFVocabularyTestCase" time="0"/>
  <testcase name="getIRI_shouldReturnAnIRIThatStartsWithOWLRDFPrefix[108]" classname="org.semanticweb.owlapi.model.OWLRDFVocabularyTestCase" time="0"/>
  <testcase name="getPrefixedName_shouldStartWithOWLRDFPrefixName[109]" classname="org.semanticweb.owlapi.model.OWLRDFVocabularyTestCase" time="0.001"/>
  <testcase name="getIRI_shouldReturnAnIRIThatStartsWithOWLRDFPrefix[109]" classname="org.semanticweb.owlapi.model.OWLRDFVocabularyTestCase" time="0"/>
  <testcase name="getPrefixedName_shouldStartWithOWLRDFPrefixName[110]" classname="org.semanticweb.owlapi.model.OWLRDFVocabularyTestCase" time="0"/>
  <testcase name="getIRI_shouldReturnAnIRIThatStartsWithOWLRDFPrefix[110]" classname="org.semanticweb.owlapi.model.OWLRDFVocabularyTestCase" time="0"/>
  <testcase name="getPrefixedName_shouldStartWithOWLRDFPrefixName[111]" classname="org.semanticweb.owlapi.model.OWLRDFVocabularyTestCase" time="0"/>
  <testcase name="getIRI_shouldReturnAnIRIThatStartsWithOWLRDFPrefix[111]" classname="org.semanticweb.owlapi.model.OWLRDFVocabularyTestCase" time="0"/>
  <testcase name="getPrefixedName_shouldStartWithOWLRDFPrefixName[112]" classname="org.semanticweb.owlapi.model.OWLRDFVocabularyTestCase" time="0"/>
  <testcase name="getIRI_shouldReturnAnIRIThatStartsWithOWLRDFPrefix[112]" classname="org.semanticweb.owlapi.model.OWLRDFVocabularyTestCase" time="0"/>
  <testcase name="getPrefixedName_shouldStartWithOWLRDFPrefixName[113]" classname="org.semanticweb.owlapi.model.OWLRDFVocabularyTestCase" time="0"/>
  <testcase name="getIRI_shouldReturnAnIRIThatStartsWithOWLRDFPrefix[113]" classname="org.semanticweb.owlapi.model.OWLRDFVocabularyTestCase" time="0"/>
  <testcase name="getPrefixedName_shouldStartWithOWLRDFPrefixName[114]" classname="org.semanticweb.owlapi.model.OWLRDFVocabularyTestCase" time="0"/>
  <testcase name="getIRI_shouldReturnAnIRIThatStartsWithOWLRDFPrefix[114]" classname="org.semanticweb.owlapi.model.OWLRDFVocabularyTestCase" time="0"/>
  <testcase name="getPrefixedName_shouldStartWithOWLRDFPrefixName[115]" classname="org.semanticweb.owlapi.model.OWLRDFVocabularyTestCase" time="0"/>
  <testcase name="getIRI_shouldReturnAnIRIThatStartsWithOWLRDFPrefix[115]" classname="org.semanticweb.owlapi.model.OWLRDFVocabularyTestCase" time="0.001"/>
  <testcase name="getPrefixedName_shouldStartWithOWLRDFPrefixName[116]" classname="org.semanticweb.owlapi.model.OWLRDFVocabularyTestCase" time="0"/>
  <testcase name="getIRI_shouldReturnAnIRIThatStartsWithOWLRDFPrefix[116]" classname="org.semanticweb.owlapi.model.OWLRDFVocabularyTestCase" time="0"/>
  <testcase name="getPrefixedName_shouldStartWithOWLRDFPrefixName[117]" classname="org.semanticweb.owlapi.model.OWLRDFVocabularyTestCase" time="0"/>
  <testcase name="getIRI_shouldReturnAnIRIThatStartsWithOWLRDFPrefix[117]" classname="org.semanticweb.owlapi.model.OWLRDFVocabularyTestCase" time="0"/>
  <testcase name="getPrefixedName_shouldStartWithOWLRDFPrefixName[118]" classname="org.semanticweb.owlapi.model.OWLRDFVocabularyTestCase" time="0"/>
  <testcase name="getIRI_shouldReturnAnIRIThatStartsWithOWLRDFPrefix[118]" classname="org.semanticweb.owlapi.model.OWLRDFVocabularyTestCase" time="0"/>
  <testcase name="getPrefixedName_shouldStartWithOWLRDFPrefixName[119]" classname="org.semanticweb.owlapi.model.OWLRDFVocabularyTestCase" time="0"/>
  <testcase name="getIRI_shouldReturnAnIRIThatStartsWithOWLRDFPrefix[119]" classname="org.semanticweb.owlapi.model.OWLRDFVocabularyTestCase" time="0"/>
  <testcase name="getPrefixedName_shouldStartWithOWLRDFPrefixName[120]" classname="org.semanticweb.owlapi.model.OWLRDFVocabularyTestCase" time="0"/>
  <testcase name="getIRI_shouldReturnAnIRIThatStartsWithOWLRDFPrefix[120]" classname="org.semanticweb.owlapi.model.OWLRDFVocabularyTestCase" time="0"/>
  <testcase name="getPrefixedName_shouldStartWithOWLRDFPrefixName[121]" classname="org.semanticweb.owlapi.model.OWLRDFVocabularyTestCase" time="0"/>
  <testcase name="getIRI_shouldReturnAnIRIThatStartsWithOWLRDFPrefix[121]" classname="org.semanticweb.owlapi.model.OWLRDFVocabularyTestCase" time="0"/>
  <testcase name="getPrefixedName_shouldStartWithOWLRDFPrefixName[122]" classname="org.semanticweb.owlapi.model.OWLRDFVocabularyTestCase" time="0"/>
  <testcase name="getIRI_shouldReturnAnIRIThatStartsWithOWLRDFPrefix[122]" classname="org.semanticweb.owlapi.model.OWLRDFVocabularyTestCase" time="0"/>
  <testcase name="getPrefixedName_shouldStartWithOWLRDFPrefixName[123]" classname="org.semanticweb.owlapi.model.OWLRDFVocabularyTestCase" time="0"/>
  <testcase name="getIRI_shouldReturnAnIRIThatStartsWithOWLRDFPrefix[123]" classname="org.semanticweb.owlapi.model.OWLRDFVocabularyTestCase" time="0"/>
  <testcase name="getPrefixedName_shouldStartWithOWLRDFPrefixName[124]" classname="org.semanticweb.owlapi.model.OWLRDFVocabularyTestCase" time="0"/>
  <testcase name="getIRI_shouldReturnAnIRIThatStartsWithOWLRDFPrefix[124]" classname="org.semanticweb.owlapi.model.OWLRDFVocabularyTestCase" time="0"/>
  <testcase name="getPrefixedName_shouldStartWithOWLRDFPrefixName[125]" classname="org.semanticweb.owlapi.model.OWLRDFVocabularyTestCase" time="0"/>
  <testcase name="getIRI_shouldReturnAnIRIThatStartsWithOWLRDFPrefix[125]" classname="org.semanticweb.owlapi.model.OWLRDFVocabularyTestCase" time="0"/>
</testsuite>